Playing demo from 3.mvd


_____________________________________

_Claustrophobopolis
splif is ready [+er+]
All players ready
Timer started
QiZmo: timer lag point disabled
Server starts recording (memory): 4on4_s_vs_+er+[dm2]220120-2116.mvd
Wimdowlicker: we wanna have bps removed from qtv too
eb: hfgl
rio: [>] &c990l&r&c628AA&r&c518KA&r&c247D&r &c990m&r&c084ATAT&r&c347AAAA&r&c200G&r&c320!&r&caaa normalin normalin..&r
matchdate: 2022-01-20 21:16:58 UTC
trigger "onmatchstart" has no matching alias
The match has begun!
(andeh): >&cd37and:&cfff 0/100 [tele] 
(goblin): >&c599gob:&cfff coming [ng] need armor weapon
(lethalwiz): >&c599lwz:&cfff 0/100 [low-rl] 
(andeh): >&cd37and:&cfff 0/100 [tele] 
(goblin): >&c599gob:&cfff 0/100 ng [ng] 
(rio): >  &c353rio&r [water] &cfff0&r/&cfff100&r sg &caaa
(lethalwiz): >&c599lwz:&cfff 0/68 &cf60rl&cfff&cf31:5&cfff [low-rl] 
(andeh): >&cd37and:&cfff 0/28 sg [tele] r:10 
(goblin): >&c599gob:&cfff took &cff0ya&cfff [tele-ya]
(rio): >&cfffrio &caaa[&c666high-rl&caaa] took&r &cf31rl&cfff
(goblin): >&c599gob:&cfff &c991y&cfff112/23 ng [tele-high] 
(andeh): >&cd37and:&cfff 0/28 sg [quad-way] r:10 
(lethalwiz): >&c599lwz:&cfff &cf00lost&cfff [secret] 2
(lethalwiz): >&c599lwz:&cfff &cf00lost&cfff [secret] 2
(andeh): >&cd37and:&cfff &cf00lost&cfff [ng] 2
(eb): >eb: &cf00lost&cfff &cf00[&cfffhigh-rl&cf00]&cfff 3
(eb): >eb: &cf00lost&cfff &cf00[&cfffhigh-rl&cf00]&cfff 3
(eb): >eb: &cf00lost&cfff &cf00[&cfffhigh-rl&cf00]&cfff 3
(hangtime): >&c599han&cfff: &ce00196&cfff/100 [RA.SECRET] &cf13r&cfff:10
(Wimdowlicker): >wim: &ce00117&cfff/157 &cf13rl&cfff:10 [low.stairs] 
(hangtime): >&c599han&cfff: &ce00196&cfff/100 [RA.SECRET] &cf13r&cfff:10
(Wimdowlicker): >wim: &ce00117&cfff/154 &cf13rl&cfff:10 [ra.mega] 
(Wimdowlicker): >wim: &cf00ra&cfff at [ra.mega]
(hangtime): > &c599han&cfff __ &cf00ra&cfff at [RA.SECRET]
(hangtime): > &c599han&cfff __ &cf00ra&cfff at [RA.SECRET]
(hangtime): > &c599han&cfff __ &cf00ra&cfff at [RA.SECRET]
(Wimdowlicker): >wim: &ce00200&cfff/149 &cf13rl&cfff:20 [ra.mega/rox] 
(hangtime): > &c599han&cfff __ &cf00ra&cfff at [RA.SECRET]
(hangtime): >&c599han&cfff: &ce00196&cfff/100 [RA.SECRET] &cf13r&cfff:10
(Wimdowlicker): >wim: &c0b0safe&cfff &c0b0[&cffftele.high&c0b0]&cfff &ce00158&cfff / &cf13rl&cfff
(Wimdowlicker): >wim: &ce00158&cfff/135 &cf13rl&cfff:19 [high.rl] 
(hangtime): >&c599han&cfff took &cf00ra&cfff [RA.SECRET]
(eb): >eb: &cf00lost&cfff &cf00[&cfffgl&cf00]&cfff 1
(eb): >eb: &cf00lost&cfff &cf00[&cfffgl&cf00]&cfff 1
(eb): >eb: &cf00lost&cfff &cf00[&cfffgl&cf00]&cfff 1
(Wimdowlicker): >wim: &ce0085&cfff/116 &cf13rl&cfff:16 [tele.high] 
[19] minutes remaining
Team [=s=] leads by 8 frags
(hangtime): >&c599han&cfff: &ce00200&cfff/100 [LOW.RL] &cf13r&cfff:10
(splif): >spl: __ 0/72 [low-rl]
(hangtime): >&c599han&cfff: &ce00200&cfff/100 [LOW.RL] &cf13r&cfff:10
(splif): >spl: __ lost [ng] e:0
(lethalwiz): >&c599lwz:&cfff &c991y&cfff22/68 &cf60rl&cfff&cf31:1&cfff [quad] &c05fquad&cfff
(lethalwiz): >&c599lwz:&cfff &c991y&cfff22/68 &cf60rl&cfff&cf31:1&cfff [quad] &c05fquad&cfff
(rio): >  &c353rio&r [tele-entry] &cf660&r/&cfff100&r sg &caaa
(andeh): >&cd37and:&cfff &cf00lost&cfff [ra-mega] 2
(andeh): >&cd37and:&cfff &cf00lost&cfff [ra-mega] 2
(andeh): >&cd37and:&cfff 0/100 [tele] 
(lethalwiz): >&c599lwz:&cfff &c991y&cfff22/68 &cf60rl&cfff&cf31:1&cfff [tele] &c05fquad&cfff
(andeh): >&cd37and:&cfff 0/100 [tele] 
(goblin): >&c599gob:&cfff &c991y&cfff150/100 &cf31rl&cfff&cf31:10&cfff [quad] 
(andeh): >&cd37and:&cfff 0/50 sg [tele-high] r:10 
(goblin): >&c599gob:&cfff &c991y&cfff150/100 &cf31rl&cfff&cf31:10&cfff [quad-low] 
(goblin): >&c599gob:&cfff &c0b0safe&cfff [tele-entry]
(goblin): >&c599gob:&cfff &c0b0safe&cfff [tele-entry]
(goblin): >&c599gob:&cfff &c991y&cfff150/100 &cf31rl&cfff&cf31:10&cfff [quad-low] 
(lethalwiz): >&c599lwz:&cfff 0/59 &cf60rl&cfff&cf31:32&cfff [tele] &c05fquad&cfff
Quad Damage is wearing off
(andeh): >&cd37and:&cfff &cf00lost&cfff [low-stairs] 3
(goblin): >&c599gob:&cfff &c991y&cfff150/100 &cf31rl&cfff&cf31:10&cfff [tele-entry] 
(rio): >&cf00rio &cf55[&cf99low-rl&cf55] lost&r 
(andeh): >&cd37and:&cfff 0/100 ng [ng] 
(andeh): >&cd37and:&cfff 0/100 ng [tele-ya] 
(andeh): >&cd37and:&cfff 0/100 &cf60rl&cfff&cf60:5&cfff [high-rl] 
(andeh): >&cd37and:&cfff 0/100 &cf60rl&cfff&cf60:5&cfff [high-rl] 
(andeh): >&cd37and:&cfff took rox [high-rl]
(andeh): >&cd37and:&cfff took rox [high-rl]
(rio): >  &c353rio&r [low-rl] &cfff0&r/&cfff-24&r sg &caaa
(andeh): >&cd37and:&cfff 0/100 &cf60rl&cfff&cf60:10&cfff [quad-way] 
(goblin): >&c599gob:&cfff took &ce00ra&cfff [secret]
(goblin): >&c599gob:&cfff &c931r&cfff163/93 &cf31rl&cfff&cf31:8&cfff [quad-low] 
(andeh): >&cd37and:&cfff 0/100 &cf60rl&cfff&cf60:9&cfff [tele-entry] 
lethalwiz: qpkfrmfqwer
(andeh): >&cd37and:&cfff 0/100 &cf60rl&cfff&cf60:9&cfff [tele] 
(Wimdowlicker): >wim: &c0b0safe&cfff &c0b0[&cffflow.rl&c0b0]&cfff &ce00177&cfff / &cf13rl&cfff
(Wimdowlicker): >wim: &c0b0safe&cfff &c0b0[&cffflow.rl&c0b0]&cfff &ce00177&cfff / &cf13rl&cfff
(hangtime): >&c599han&cfff &cf00dropped&cfff &cf31rl&cfff [QUAD] 1
(hangtime): >&c599han&cfff &cf2aBOREPACKS&cfff [QUAD] 1
(Wimdowlicker): >wim: &c0b0safe&cfff &c0b0[&cffflow.rl&c0b0]&cfff &ce00177&cfff / &cf13rl&cfff
[18] minutes remaining
Team [=s=] leads by 4 frags
(Wimdowlicker): >wim: &cf2apack&cfff at [low.rl]
(splif): >spl: __ &cff0y&cfff150/100 &cf13rl&cfff:4 [quad-low]
(splif): >spl: __ &cff0y&cfff72/47 &cf13rl&cfff:45 [quad-low]
(hangtime): >&c599han&cfff &cf00lost&cfff [QUAD.LOW] 2
(eb): >eb: 0/84 &cf13rl&cfff:19 [low-stairs]
(Wimdowlicker): >wim: &ce00148&cfff/93 &cf13rl&cfff:22 [ng] 
(goblin): >&c599gob:&cfff 0/100 [low-rl] 
(andeh): >&cd37and:&cfff &c0b0team&cfff &c05fquad&cfff
(andeh): >&cd37and:&cfff &c0b0team&cfff &c05fquad&cfff
(lethalwiz): >&c599lwz:&cfff 0/100 [tele-high] 
(rio): >  &c353rio&r [low-rl] &cfff0&r/&cfff100&r sg &caaa
(lethalwiz): >&c599lwz:&cfff &c0ffmega&cfff at [gl]
(lethalwiz): >&c599lwz:&cfff &c0ffmega&cfff at [gl]
(lethalwiz): >&c599lwz:&cfff &c0ffmega&cfff at [gl]
(andeh): >&cd37and:&cfff &c991y&cfff33/67 &cf60rl&cfff&cf60:15&cfff [big] &c05fquad&cfff
(lethalwiz): >&c599lwz:&cfff 0/200 gl [floating] rox:15 
(lethalwiz): >&c599lwz:&cfff 0/200 gl [floating] rox:15 
(rio): >&cfffrio &caaa[&c666secret&caaa] took&r &ce00ra&cfff
(lethalwiz): >&c599lwz:&cfff &cf00enemy&cfff at [tele-high]
(goblin): >&c599gob:&cfff 0/51 ssg [ra-mega] 
(lethalwiz): >&c599lwz:&cfff 0/51 &cf60rl&cfff&cf31:22&cfff [high-rl] 
(lethalwiz): >&c599lwz:&cfff 0/51 &cf60rl&cfff&cf31:22&cfff [quad-way] 
(goblin): >&c599gob:&cfff 0/100 ng [tele-entry] 
(lethalwiz): >&c599lwz:&cfff &cf00lost&cfff [quad-way] 1
(lethalwiz): >&c599lwz:&cfff &cf00lost&cfff [quad-way] 1
(lethalwiz): >&c599lwz:&cfff &cf00lost&cfff [quad-way] 1
(lethalwiz): >&c599lwz:&cfff &cf00lost&cfff [quad-way] 1
(lethalwiz): >&c599lwz:&cfff &cf00lost&cfff [quad-way] 1
(rio): >&cf00rio &cf55[&cf99tele&cf55] lost&r 
(rio): >&cf00rio &cf55[&cf99tele&cf55] lost&r 
(rio): >&cf00rio &cf55[&cf99tele&cf55] lost&r 
(rio): >  &c353rio&r [water] &cfff0&r/&cfff100&r sg &caaa
(lethalwiz): >&c599lwz:&cfff &cf00lost&cfff [tele] 1
Quad Damage is wearing off
(lethalwiz): >&c599lwz:&cfff &c931r&cfff200/100 [ra-mega] 
(rio): >&c1ff>&r &cfffenemy&cfff &c777at&r [low-rl]
(andeh): >&cd37and:&cfff 0/13 &cf60rl&cfff&cf60:6&cfff [tele] 
(lethalwiz): >&c599lwz:&cfff &c931r&cfff83/70 [low-rl] 
(lethalwiz): >&c599lwz:&cfff &cf00lost&cfff [low-rl] 2
(lethalwiz): >&c599lwz:&cfff &cf00lost&cfff [low-rl] 2
(andeh): >&cd37and:&cfff &cf00lost&cfff [tele-high] 2
(andeh): >&cd37and:&cfff &cf00lost&cfff [tele-high] 2
(andeh): >&cd37and:&cfff &cf00lost&cfff [tele-high] 2
(andeh): >&cd37and:&cfff &cf00lost&cfff [tele-high] 2
(andeh): >&cd37and:&cfff &cf00lost&cfff [tele-high] 2
(Wimdowlicker): >wim: &cff0135&cfff/125 &cf13rl&cfff:23 [gl] 
(hangtime): >&c599han&cfff &cf00lost&cfff [RA.MEGA] 2
(Wimdowlicker): >wim: &c0b0safe&cfff &c0b0[&cffffloating&c0b0]&cfff &cff0135&cfff / &cf13rl&cfff
(hangtime): >&c599han&cfff &cf00lost&cfff [RA.MEGA] 2
(hangtime): >&c599han&cfff &cf00lost&cfff [RA.MEGA] 2
(hangtime): >&c599han&cfff &cf00lost&cfff [RA.MEGA] 2
(splif): >spl: __ &cff0y&cfff116/69 &cf13rl&cfff:52 [high-rl]
(Wimdowlicker): >wim: &cff0135&cfff/125 &cf13rl&cfff:23 [tele.high] 
(splif): >spl: __ lost [quad-low] e:1
(splif): >spl: __ &cff0y&cfff95/58 &cf13rl&cfff:49 [quad-way]
(eb): >eb: took &cf00ra&cfff [secret]
(Wimdowlicker): >wim: &cff0135&cfff/123 &cf13rl&cfff:23 [tele.high] 
(hangtime): >&c599han&cfff: 0/44 [TELE.HIGH]
(hangtime): >&c599han&cfff took &cf31rox&cfff [HIGH.RL]
(Wimdowlicker): >wim: &cff0135&cfff/120 &cf13rl&cfff:23 [high.rl] 
[17] minutes remaining
Team [+er+] leads by 9 frags
(splif): >spl: __ &cff0y&cfff95/58 &cf13rl&cfff:48 [quad-way]
(hangtime): >&c599han&cfff: 0/44 &cf31rl&cfff:10 [QUAD.WAY]
(hangtime): >&c599han&cfff: 0/44 &cf31rl&cfff:10 [QUAD.WAY]
(Wimdowlicker): >wim: &cff034&cfff/56 &cf13rl&cfff:20 [high.rl] 
(splif): >spl: __ &cff0y&cfff95/58 &cf13rl&cfff:48 [quad-way]
(hangtime): >&c599han&cfff: 0/69 &cf31rl&cfff:10 [QUAD.WAY]
(Wimdowlicker): >wim: &cf2apack&cfff at [quad.low]
(hangtime): >&c599han&cfff: 0/69 &cf31rl&cfff:10 [QUAD.WAY]
(hangtime): >&c599han&cfff: 0/94 &cf31rl&cfff:10 [QUAD]
(Wimdowlicker): >wim: &cff034&cfff/56 &cf13rl&cfff:18 [high.rl] 
(Wimdowlicker): >wim: &cff034&cfff/56 &cf13rl&cfff:15 [high.rl] 
(eb): >eb: &ce00168&cfff/93 &cf13rl&cfff:24 [quad-way]
(Wimdowlicker): >wim: &cff034&cfff/56 &cf13rl&cfff:15 [quad.way] 
(splif): >spl: __ [q] &cff0y&cfff90/100 &cf13rl&cfff:46 [quad-low]
(hangtime): >&c599han&cfff: 0/94 &cf31rl&cfff:20 [QUAD.LOW]
(splif): >spl: __ [q] &cff0y&cfff65/85 &cf13rl&cfff:42 [tele]
(Wimdowlicker): >wim: &cff034&cfff/56 &cf13rl&cfff:12 [quad.low] 
(splif): >spl: __ [q] &cff0y&cfff50/76 &cf13rl&cfff:42 [tele-entry]
(Wimdowlicker): >wim: &cff034&cfff/81 &cf13rl&cfff:11 [ng] 
(hangtime): >&c599han&cfff took &cff0ya&cfff [TELE.YA]
(hangtime): >&c599han&cfff &c0b0safe&cfff [TELE] &cf31rl&cfff
(hangtime): >&c599han&cfff: &cff0150&cfff/100 &cf31rl&cfff:19 [TELE.STAIRS]
(Wimdowlicker): >wim: &cff034&cfff/81 &cf13rl&cfff:11 [tele.high] 
(splif): >spl: __ [q] &cff0y&cfff42/72 &cf13rl&cfff:38 [secret]
(Wimdowlicker): >wim: &cff031&cfff/79 &cf13rl&cfff:11 [big.stairs] 
(splif): >spl: __ [q] &cff0y&cfff42/72 &cf13rl&cfff:37 [secret]
(Wimdowlicker): >wim: &cff0150&cfff/79 &cf13rl&cfff:10 [quad.button] 
(splif): >spl: __ [q] &cff0y&cfff30/64 &cf13rl&cfff:36 [secret]
(hangtime): >&c599han&cfff: &cff0150&cfff/100 &cf31rl&cfff:19 [TELE.STAIRS]
(Wimdowlicker): >wim: &cff0127&cfff/86 &cf13rl&cfff:9 [quad] 
Quad Damage is wearing off
(splif): >spl: __ [q] &cf00r&cfff187/61 &cf13rl&cfff:35 [ng]
(Wimdowlicker): >wim: &c0b0safe&cfff &c0b0[&cfffquad.way&c0b0]&cfff &cff0127&cfff / &cf13rl&cfff
(hangtime): >&c599han&cfff: &cff095&cfff/66 &cf31rl&cfff:27 [TELE]
(Wimdowlicker): >wim: &cff0127&cfff/100 &cf13rl&cfff:14 [high.rl] 
(Wimdowlicker): >wim: &c0b0safe&cfff &c0b0[&cfffhigh.rl&c0b0]&cfff &cff0127&cfff / &cf13rl&cfff
(hangtime): >&c599han&cfff: &cff095&cfff/66 &cf31rl&cfff:27 [TELE.STAIRS]
(Wimdowlicker): >wim: &cff0127&cfff/100 &cf13rl&cfff:14 [floating] 
(Wimdowlicker): >wim: &c0b0safe&cfff &c0b0[&cffffloating&c0b0]&cfff &cff0127&cfff / &cf13rl&cfff
(hangtime): >&c599han&cfff: &cff095&cfff/91 &cf31rl&cfff:27 [TELE]
(splif): >spl: __ &cf00r&cfff180/99 &cf13rl&cfff:27 [ng]
(Wimdowlicker): >wim: &cff0127&cfff/200 &cf13rl&cfff:26 [gl] 
(Wimdowlicker): >wim: &cff0127&cfff/200 &cf13rl&cfff:25 [floating] 
(Wimdowlicker): >wim: &c0b0safe&cfff &c0b0[&cffftele.high&c0b0]&cfff &cff0127&cfff / &cf13rl&cfff
(hangtime): >&c599han&cfff: &cff065&cfff/73 &cf31rl&cfff:24 [TELE]
(Wimdowlicker): >wim: &c0b0safe&cfff &c0b0[&cffftele.high&c0b0]&cfff &cff0127&cfff / &cf13rl&cfff
(hangtime): >&c599han&cfff took &cff0ya&cfff [TELE.YA]
(Wimdowlicker): >wim: &cff0127&cfff/196 &cf13rl&cfff:24 [tele.high] 
(hangtime): >&c599han&cfff: &cff0150&cfff/73 &cf31rl&cfff:24 [TELE]
[16] minutes remaining
Team [+er+] leads by 22 frags
(splif): >spl: __ &cf00r&cfff88/77 &cf13rl&cfff:30 [secret]
(Wimdowlicker): >wim: &cff0127&cfff/189 &cf13rl&cfff:19 [quad.way] 
(hangtime): >&c599han&cfff: &cff0142&cfff/94 &cf31rl&cfff:21 [TELE.ENTRY]
(eb): >eb: &cf00lost&cfff &cf00[&cfffhigh-rl&cf00]&cfff 2
(eb): >eb: &cf00lost&cfff &cf00[&cfffhigh-rl&cf00]&cfff 2
(eb): >eb: &cf00lost&cfff &cf00[&cfffhigh-rl&cf00]&cfff 2
(eb): >eb: &cf00lost&cfff &cf00[&cfffhigh-rl&cf00]&cfff 2
(splif): >spl: __ &cf00r&cfff88/77 &cf13rl&cfff:30 [secret]
(Wimdowlicker): >wim: &cf2apack&cfff at [high.rl]
(splif): >spl: __ &cf00r&cfff88/77 &cf13rl&cfff:29 [secret]
(Wimdowlicker): >wim: &cff056&cfff/131 &cf13rl&cfff:11 [quad.way] &c05fquad&cfff
(hangtime): >&c599han&cfff: &cff0142&cfff/100 &cf31rl&cfff:21 [TELE.ENTRY]
(Wimdowlicker): >wim: &cff051&cfff/126 &cf13rl&cfff:10 [quad.low] &c05fquad&cfff
(hangtime): >&c599han&cfff &c0b0safe&cfff [TELE] &cf31rl&cfff
(Wimdowlicker): >wim: &cff051&cfff/123 &cf13rl&cfff:9 [big] &c05fquad&cfff
(hangtime): >&c599han&cfff: &cff0142&cfff/100 &cf31rl&cfff:21 [TELE.ENTRY]
(Wimdowlicker): >wim: &cff0150&cfff/119 &cf13rl&cfff:7 [big] &c05fquad&cfff
(Wimdowlicker): >wim: &cff0147&cfff/116 &cf13rl&cfff:6 [big] &c05fquad&cfff
(Wimdowlicker): >wim: &cff054&cfff/53 &cf13rl&cfff:4 [low.rl] &c05fquad&cfff
(Wimdowlicker): >wim: &cff054&cfff/53 &cf13rl&cfff:3 [low.rl] &c05fquad&cfff
(Wimdowlicker): >wim: &cff054&cfff/53 &cf13rl&cfff:3 [low.rl] &c05fquad&cfff
(hangtime): >&c599han&cfff &c0b0safe&cfff [TELE] &cf31rl&cfff
(Wimdowlicker): >wim: &cff054&cfff/53 &cf13rl&cfff:2 [low.rl] &c05fquad&cfff
Quad Damage is wearing off
(eb): >eb: &cf00lost&cfff &cf00[&cfffhigh-rl&cf00]&cfff 2
(Wimdowlicker): >wim: &cff054&cfff/100 &cf13rl&cfff:6 [low.rl] 
(hangtime): >&c599han&cfff: &cff0116&cfff/89 &cf31rl&cfff:22 [TELE]
(splif): >spl: __ 0/20 [tele]
(Wimdowlicker): >wim: &cff024&cfff/82 &cf13rl&cfff:3 [ra.mega] 
(hangtime): >&c599han&cfff: &cff0116&cfff/89 &cf31rl&cfff:21 [TELE]
(Wimdowlicker): >wim: &ce00200&cfff/182 &cf13rl&cfff:3 [ra.mega] 
(splif): >spl: __ &cff0y&cfff150/20 &cf13rl&cfff:15 [high-rl]
(hangtime): >&c599han&cfff: &cff0104&cfff/81 &cf31rl&cfff:17 [TELE]
(Wimdowlicker): >wim: &c0b0safe&cfff &c0b0[&cfffra.mega&c0b0]&cfff &ce00187&cfff / &cf13rl&cfff
(hangtime): >&c599han&cfff: &cff089&cfff/72 &cf31rl&cfff:15 [TELE.ENTRY]
(splif): >spl: __ [quad-way] &cf13rl&cfff:14
(hangtime): >&c599han&cfff: &cff089&cfff/72 &cf31rl&cfff:15 [TELE.ENTRY]
(splif): >spl: __ [quad-way] &cf13rl&cfff:14
(splif): >spl: __ &cff0y&cfff147/69 &cf13rl&cfff:19 [high-rl]
(hangtime): >&c599han&cfff: &cff089&cfff/97 &cf31rl&cfff:15 [TELE.ROX]
[15] minutes remaining
Team [+er+] leads by 42 frags
(splif): >spl: __ &cff0y&cfff147/69 &cf13rl&cfff:16 [quad-way]
(hangtime): >&c599han&cfff: &cff046&cfff/71 &cf31rl&cfff:13 [TELE.YA]
(eb): >eb: 0/74 &cf13rl&cfff:2 [quad]
(eb): >eb: 0/74 &cf13rl&cfff:2 [quad]
(eb): >eb: 0/74 &cf13rl&cfff:2 [quad]
(eb): >eb: 0/74 &cf13rl&cfff:2 [quad]
(hangtime): >&c599han&cfff &c0b0safe&cfff [TELE.YA] &cf31rl&cfff
(hangtime): >&c599han&cfff took &cff0ya&cfff [TELE.YA]
(splif): >spl: __ &cff0y&cfff147/69 &cf13rl&cfff:15 [high-rl]
(eb): >eb: 0/74 &cf13rl&cfff:0 [quad]
(eb): >eb: 0/74 &cf13rl&cfff:0 [quad]
(eb): >eb: 0/74 &cf13rl&cfff:0 [quad]
(splif): >spl: __ quad at [quad]
You got the Quad Damage
(splif): >spl: __ &cff0y&cfff147/69 &cf13rl&cfff:15 [high-rl]
(splif): >spl: __ &cff0y&cfff147/69 &cf13rl&cfff:15 [high-rl]
You get 48 shells, 7 rockets
You get 64 shells, 25 nails
(hangtime): >&c599han&cfff: &cff081&cfff/32 &cf31rl&cfff:7 [TELE.YA]
(Wimdowlicker): >wim: 0/89 &cf13rl&cfff:5 [ra.mega] 
(splif): >spl: __ [high-rl] &cf13rl&cfff:13
(hangtime): >&c599han&cfff: &cff081&cfff/32 &cf31rl&cfff:7 [TELE.YA]
You receive 15 health
You receive 25 health
(Wimdowlicker): >wim: &c0b0safe&cfff &c0b0[&cfffra.mega&c0b0]&cfff &ce00200&cfff / &cf13rl&cfff
(hangtime): >&c599han&cfff replace [TELE.YA] &cf31rl&cfff
(Wimdowlicker): >wim: &ce00200&cfff/89 &cf13rl&cfff:5 [ra.mega] 
(splif): >spl: __ &cff0y&cfff147/69 &cf13rl&cfff:13 [tele-high]
(hangtime): >&c599han&cfff: &cff081&cfff/32 &cf31rl&cfff:7 [TELE.YA]
(Wimdowlicker): >wim: &ce00200&cfff/89 &cf13rl&cfff:5 [ra.mega/rox] 
(Wimdowlicker): >wim: &ce00200&cfff/89 &cf13rl&cfff:3 [ra.mega] 
(hangtime): >&c599han&cfff replace [TELE.YA] &cf31rl&cfff
(Wimdowlicker): >wim: &c0b0safe&cfff &c0b0[&cfffra.mega&c0b0]&cfff &ce00200&cfff / &cf13rl&cfff
(hangtime): >&c599han&cfff: &cff081&cfff/32 &cf31rl&cfff:7 [TELE.YA]
(Wimdowlicker): >wim: &ce00200&cfff/89 &cf13rl&cfff:13 [ra.mega] 
(eb): >eb: &c05fquad&cfff 0/66 &cf13rl&cfff:5 [secret]
(eb): >eb: &c05fquad&cfff 0/66 &cf13rl&cfff:5 [secret]
(eb): >eb: &c05fquad&cfff 0/66 &cf13rl&cfff:5 [secret]
(Wimdowlicker): >wim: &c0b0safe&cfff &c0b0[&cfffra.mega&c0b0]&cfff &ce00200&cfff / &cf13rl&cfff
(hangtime): >&c599han&cfff: &cff0150&cfff/31 &cf31rl&cfff:6 [TELE.YA]
(splif): >spl: __ &cff0y&cfff32/100 &cf13rl&cfff:16 [quad-low]
(hangtime): >&c599han&cfff: &cff0145&cfff/53 &cf31rl&cfff:4 [TELE]
(Wimdowlicker): >wim: 0/1 &cf13rl&cfff:8 [ra.mega/rox] 
You got the Red Armor
(Wimdowlicker): >wim: 0/1 &cf13rl&cfff:8 [big.stairs] 
Quad Damage is wearing off
(Wimdowlicker): >wim: 0/1 &cf13rl&cfff:8 [big.stairs] 
(splif): >spl: __ 0/75 &cf13rl&cfff:13 [tele]
(hangtime): >&c599han&cfff: &cff0145&cfff/53 &cf31rl&cfff:14 [TELE]
(Wimdowlicker): >wim: 0/1 &cf13rl&cfff:8 [big] 
(splif): >spl: __ 0/75 &cf13rl&cfff:13 [tele]
(Wimdowlicker): >wim: 0/51 &cf13rl&cfff:8 [quad.low] 
You receive 15 health
You receive 25 health
You got the nailgun
(Wimdowlicker): >wim: 0/64 &cf13rl&cfff:8 [tele] 
(splif): >spl: __ &cff0y&cfff150/63 &cf13rl&cfff:12 [tele-ya]
You get 17 shells
(eb): >eb: &ce00157&cfff/97 &cf13rl&cfff:0 [ng]
(eb): >eb: &ce00157&cfff/97 &cf13rl&cfff:0 [tele-entry]
(Wimdowlicker): >wim: 0/59 &cf13rl&cfff:7 [big.stairs] 
(splif): >spl: __ &cff0y&cfff150/63 &cf13rl&cfff:12 [tele]
(Wimdowlicker): >wim: 0/59 &cf13rl&cfff:7 [big.stairs] 
You get 23 shells
(hangtime): >&c599han&cfff: &cff0116&cfff/38 &cf31rl&cfff:8 [TELE.ENTRY]
(Wimdowlicker): >wim: &cff0136&cfff/100 &cf13rl&cfff:6 [quad] 
(Wimdowlicker): >wim: &cff0136&cfff/100 &cf13rl&cfff:6 [quad.way] 
(splif): >spl: __ &cff0y&cfff138/55 &cf13rl&cfff:9 [tele-entry]
(Wimdowlicker): >wim: &cff0136&cfff/100 &cf13rl&cfff:16 [high.rl] 
[14] minutes remaining
Team [+er+] leads by 71 frags
(hangtime): >&c599han&cfff &c0b0safe&cfff [TELE] &cf31rl&cfff
(Wimdowlicker): >wim: &cff0136&cfff/100 &cf13rl&cfff:15 [high.rl] 
You receive 100 health
You got the rockets
You got the Grenade Launcher
(hangtime): >&c599han&cfff: &cff088&cfff/45 &cf31rl&cfff:6 [TELE]
(Wimdowlicker): >wim: &cff0136&cfff/100 &cf13rl&cfff:14 [quad] 
(splif): >spl: __ &cf00r&cfff200/100 ssg:29 [ra-mega]
(Wimdowlicker): >wim: &cf00lost&cfff &cf00[&cfffquad.low&cf00]&cfff 2
(hangtime): >&c599han&cfff: &cff041&cfff/13 &cf31rl&cfff:4 [TELE]
(Wimdowlicker): >wim: &cf00lost&cfff &cf00[&cfffquad.low&cf00]&cfff 2
(Wimdowlicker): >wim: &cf00lost&cfff &cf00[&cfffng&cf00]&cfff 3
You got the Quad Damage
(hangtime): >&c599han&cfff took &cff0ya&cfff [TELE.YA]
You get 25 shells
(hangtime): >&c599han&cfff: &cff0150&cfff/13 &cf31rl&cfff:14 [TELE.HIGH]
(hangtime): >&c599han&cfff: &cff0150&cfff/13 &cf31rl&cfff:14 [QUAD.WAY]
(hangtime): >&c599han&cfff: &cff0150&cfff/63 &cf31rl&cfff:14 [QUAD.WAY]
(hangtime): >&c599han&cfff: &cff0150&cfff/63 &cf31rl&cfff:14 [QUAD.WAY]
(Wimdowlicker): >wim: 0/28 sg [tele.ya] 
(Wimdowlicker): >wim: 0/28 sg [tele.ya] 
(hangtime): >&c599han&cfff &c0b0safe&cfff [HIGH.RL] &cf31rl&cfff
(Wimdowlicker): >wim: &cf00enemy&cfff at [tele.ya]
(Wimdowlicker): >wim: 0/28 sg [tele.ya] 
(hangtime): >&c599han&cfff &c0b0safe&cfff [TELE.HIGH] &cf31rl&cfff
(Wimdowlicker): >      &cf2aenemy slipped [&cffftele&cf2a]&cfff
(splif): >spl: __ 0/100 [low-rl]
You get 21 shells
(hangtime): >&c599han&cfff: &cff0116&cfff/41 &cf31rl&cfff:12 [HIGH.RL]
You get 68 shells, 50 nails, 1 rockets
(hangtime): >&c599han&cfff took &cf31rox&cfff [HIGH.RL]
(splif): >spl: __ 0/100 [low-rl]
(eb): >eb: &cf00lost&cfff &cf00[&cfffng&cf00]&cfff 1
(eb): >eb: &cf00lost&cfff &cf00[&cfffng&cf00]&cfff 1
(eb): >eb: &cf00lost&cfff &cf00[&cfffng&cf00]&cfff 1
(eb): >eb: &cf00lost&cfff &cf00[&cfffng&cf00]&cfff 1
(splif): >spl: __ 0/72 [low-rl]
(Wimdowlicker): >wim: &ce00200&cfff/100 ssg [ra.mega] 
(Wimdowlicker): >wim: &ce00200&cfff/200 ssg [ra.mega] 
(Wimdowlicker): >wim: &cf13rl&cfff at [low.rl]
(Wimdowlicker): >wim: &ce00200&cfff/200 &cf13rl&cfff:5 [low.rl] 
(hangtime): >&c599han&cfff: &cff036&cfff/39 &cf31rl&cfff:16 [TELE.HIGH]
(splif): >spl: __ took &cf00ra&cfff [secret]
(Wimdowlicker): >wim: &ce00200&cfff/197 &cf13rl&cfff:15 [ra.mega/rox] 
(Wimdowlicker): >wim: &ce00110&cfff/172 &cf13rl&cfff:13 [big.stairs] 
(hangtime): >&c599han&cfff: &cff021&cfff/30 &cf31rl&cfff:14 [QUAD]
(Wimdowlicker): >wim: &cff0150&cfff/168 &cf13rl&cfff:52 [big] 
(hangtime): >&c599han&cfff: &cff013&cfff/26 &cf31rl&cfff:7 [QUAD]
(hangtime): >&c599han&cfff &cff0help&cfff [QUAD] 0e
(splif): >spl: __ &cf00r&cfff84/76 [high-rl]
(Wimdowlicker): >wim: &cff0118&cfff/142 &cf13rl&cfff:50 [quad.low] 
(hangtime): >&c599han&cfff: &cff013&cfff/76 &cf31rl&cfff:6 [QUAD]
(Wimdowlicker): >wim: &c0b0safe&cfff &c0b0[&cfffng&c0b0]&cfff &cff0118&cfff / &cf13rl&cfff
(Wimdowlicker): >wim: &cff091&cfff/123 &cf13rl&cfff:49 [ng] 
[13] minutes remaining
Team [+er+] leads by 83 frags
(hangtime): >&c599han&cfff: &cff013&cfff/76 &cf31rl&cfff:6 [QUAD]
(splif): >spl: __ &cf00r&cfff84/76 &cf13rl&cfff:10 [high-rl]
(Wimdowlicker): >wim: &cff091&cfff/120 &cf13rl&cfff:47 [tele] 
(hangtime): >&c599han&cfff: &cff013&cfff/76 &cf31rl&cfff:6 [QUAD]
(splif): >spl: __ &cf00r&cfff84/76 &cf13rl&cfff:10 [high-rl]
(splif): >spl: __ lost [tele-high] e:1
(splif): >spl: __ lost [tele-high] e:1
(eb): >eb: replace [tele-ya]
(eb): >eb: replace [tele-ya]
(eb): >eb: replace [tele-ya]
(hangtime): >&c599han&cfff: &cff03&cfff/100 &cf31rl&cfff:1 [WATER.STAIRS]
(Wimdowlicker): >wim: &cf00dropped&cfff &cf13rl&cfff &cf40[&cfffbig&cf40]&cfff 2
(Wimdowlicker): >wim: &cf00dropped&cfff &cf13rl&cfff &cf40[&cfffbig&cf40]&cfff 2
(Wimdowlicker): >wim: &cf00dropped&cfff &cf13rl&cfff &cf40[&cfffbig&cf40]&cfff 2
(Wimdowlicker): >wim: &cf00dropped&cfff &cf13rl&cfff &cf40[&cfffbig&cf40]&cfff 2
(splif): >spl: __ 0/8 [tele]
(hangtime): >&c599han&cfff: 0/75 &cf31rl&cfff:14 [TELE]
(Wimdowlicker): >wim: &cf00lost&cfff &cf00[&cfffquad.low&cf00]&cfff 3
(andeh): >&cd37and:&cfff &c931r&cfff80/76 [quad-low] 
(goblin): >&c599gob:&cfff 0/55 [quad-low] 
(rio): >  &c353rio&r &c00fq&cfff [big] &c931r&cfff&cfff102&r/&cfff87&r &cf31rl&cfff&cf31:0&r &caaarox
(goblin): >&c599gob:&cfff &cf00lost&cfff [tele] 1
(goblin): >&c599gob:&cfff &cf00lost&cfff [tele] 1
(goblin): >&c599gob:&cfff &cf00lost&cfff [tele] 1
(goblin): >&c599gob:&cfff &cf00lost&cfff [tele] 1
(lethalwiz): >&c599lwz:&cfff: &ce00196&cfff/161 &cf60rl&cfff:34 [ra-mega]
(lethalwiz): >&c599lwz:&cfff &c931r&cfff196/161 &cf60rl&cfff&cf31:34&cfff [low-button] 
(goblin): >&c599gob:&cfff 0/100 sg [tele] rox:10 
(lethalwiz): >&c599lwz:&cfff &cf2apack&cfff at [low-rl]
(lethalwiz): >&c599lwz:&cfff &cf2apack&cfff at [low-rl]
(lethalwiz): >&c599lwz:&cfff &cf2apack&cfff at [low-rl]
(lethalwiz): >&c599lwz:&cfff &cf2apack&cfff at [low-rl]
(goblin): >&c599gob:&cfff 0/80 sg [tele-high] rox:10 
(andeh): >&cd37and:&cfff &cf00lost&cfff [ng] 2
(goblin): >&c599gob:&cfff lethalwiz at [low-rl]
(rio): >&cfffrio &caaa[&c666secret&caaa] took&r &ce00ra&cfff
(goblin): >&c599gob:&cfff 0/100 &cf31rl&cfff&cf31:5&cfff [low-rl] 
(andeh): >&cd37and:&cfff 0/100 [path] 
(andeh): >&cd37and:&cfff 0/100 [path] 
(goblin): >&c599gob:&cfff 0/100 &cf31rl&cfff&cf31:5&cfff [ra-mega] 
(goblin): >&c599gob:&cfff lethalwiz at [low-button]
Quad Damage is wearing off
(andeh): >&cd37and:&cfff 0/100 [tele] 
(goblin): >&c599gob:&cfff took &ce00ra&cfff [ra-mega]
(andeh): >&cd37and:&cfff &cf00lost&cfff [tele-high] 2
(andeh): >&cd37and:&cfff &cf00lost&cfff [tele-high] 2
(andeh): >&cd37and:&cfff &cf00lost&cfff [tele-high] 2
(andeh): >&cd37and:&cfff &cf00lost&cfff [tele-high] 2
(rio): >&cf00rio &cf55[&cf99tele-high&cf55] lost&r 
(rio): >&cf00rio &cf55[&cf99tele-high&cf55] lost&r 
(hangtime): >&c599han&cfff: &cff0128&cfff/86 &cf31rl&cfff:31 [TELE.HIGH]
(Wimdowlicker): >wim: &cff0145&cfff/41 sg [high.rl] 
(Wimdowlicker): >wim: &cff0145&cfff/41 sg [high.rl] 
[12] minutes remaining
Team [+er+] leads by 79 frags
(Wimdowlicker): >wim: &cff0145&cfff/41 sg [high.rl] 
(hangtime): >&c599han&cfff: &cff0128&cfff/86 &cf31rl&cfff:31 [QUAD.WAY]
(eb): >eb: &cf00lost&cfff &cf00[&cfffquad-low&cf00]&cfff 2
(eb): >eb: &cf00lost&cfff &cf00[&cfffquad-low&cf00]&cfff 2
(eb): >eb: &cf00lost&cfff &cf00[&cfffquad-low&cf00]&cfff 2
(eb): >eb: &cf00lost&cfff &cf00[&cfffquad-low&cf00]&cfff 2
(eb): >eb: &cf00lost&cfff &cf00[&cfffquad-low&cf00]&cfff 2
(splif): >spl: __ &cff0y&cfff150/69 [tele-high]
(splif): >spl: __ &cff0y&cfff150/69 [tele-high]
(Wimdowlicker): >wim: &cff0145&cfff/41 &cf13rl&cfff:10 [high.rl] 
(Wimdowlicker): >wim: &cff0145&cfff/41 &cf13rl&cfff:10 [high.rl] 
(hangtime): >&c599han&cfff: &cff035&cfff/39 &cf31rl&cfff:55 [QUAD]
(Wimdowlicker): >wim: &cff0145&cfff/41 &cf13rl&cfff:10 [tele.high] 
(hangtime): >&c599han&cfff: &cff012&cfff/51 &cf31rl&cfff:53 [QUAD]
(Wimdowlicker): >wim: &cff0145&cfff/41 &cf13rl&cfff:10 [tele.high] 
(splif): >spl: __ &cff0y&cfff150/94 [ng]
(Wimdowlicker): >wim: &cff0145&cfff/141 &cf13rl&cfff:8 [tele.high] 
(splif): >spl: __ &cff0ya&cfff at [tele-ya]
(eb): >eb: &cff0help&cfff &cff0[&cfffhigh-rl&cff0]&cfff 0
(Wimdowlicker): >wim: &cff0145&cfff/140 &cf13rl&cfff:6 [quad.way] 
(hangtime): >&c599han&cfff &cf00lost&cfff [QUAD] 2
no weapon
(splif): >spl: __ &cff0y&cfff150/94 [tele-high]
(hangtime): >&c599han&cfff &cf00lost&cfff [PATH.LIFT] 1
(Wimdowlicker): >wim: &cf00lost&cfff &cf00[&cffftele&cf00]&cfff 1
(Wimdowlicker): >wim: &cf00lost&cfff &cf00[&cffftele&cf00]&cfff 1
(Wimdowlicker): >wim: 0/100 sg [low.rl] 
(hangtime): >&c599han&cfff &cf00lost&cfff [TELE] 1
(hangtime): >&c599han&cfff took &cf00ra&cfff [RA.SECRET]
no weapon
(eb): >eb: &cf00DROPPED &cf13rl&cfff &cf00[&cfffhigh-rl&cf00]&cfff 2
(eb): >eb: &cf00DROPPED &cf13rl&cfff &cf00[&cfffhigh-rl&cf00]&cfff 2
(eb): >eb: &cf00DROPPED &cf13rl&cfff &cf00[&cfffhigh-rl&cf00]&cfff 2
(Wimdowlicker): >wim: &ce00200&cfff/200 sg [low.button] 
(eb): >eb: &cf00DROPPED &cf13rl&cfff &cf00[&cfffhigh-rl&cf00]&cfff 2
(eb): >eb: &cf00DROPPED &cf13rl&cfff &cf00[&cfffhigh-rl&cf00]&cfff 2
(eb): >eb: &cf00DROPPED &cf13rl&cfff &cf00[&cfffhigh-rl&cf00]&cfff 2
(eb): >eb: &cf00DROPPED &cf13rl&cfff &cf00[&cfffhigh-rl&cf00]&cfff 2
(Wimdowlicker): >wim: &ce00200&cfff/200 sg [low.rl] 
(splif): >spl: __ 0/76 [quad-low]
(goblin): >&c599gob:&cfff 0/12 &c299gl&cfff [big] rox:25 
(goblin): >&c599gob:&cfff lethalwiz at [big-stairs]
(rio): >  &c353rio&r [quad-way] &cf5f7hp &cf0fkill me!!&r &cf31rl&cfff&cf31:8&r
(rio): >  &c353rio&r [quad-way] &cf5f7hp &cf0fkill me!!&r &cf31rl&cfff&cf31:8&r
(rio): >  &c353rio&r [quad-way] &cf5f7hp &cf0fkill me!!&r &cf31rl&cfff&cf31:8&r
(rio): >&cf00rio &cf55[&cf99quad-low&cf55] lost&r &cf00(dropped rl-pack)&r
(rio): >  &c353rio&r [quad-way] &c991y&cfff&cf668&r/&cf667&r &cf31rl&cfff&cf31:8&r &caaahealth armor
(lethalwiz): >&c599lwz:&cfff &c991y&cfff101/-10 sg [low-stairs] rox:25 
(goblin): >&c599gob:&cfff 0/100 [low-rl] 
(andeh): >&cd37and:&cfff &cf00lost&cfff [ra-mega] 1
(andeh): >&cd37and:&cfff &cf00lost&cfff [ra-mega] 1
(goblin): >&c599gob:&cfff took &ce00ra&cfff [secret]
(rio): >  &c353rio&r [tele-entry] &cf660&r/&cfff74&r &cf31rl&cfff&cf31:5&r &caaaneed armor
(goblin): >&c599gob:&cfff &c931r&cfff200/100 sg [tele] rox:25 
[11] minutes remaining
Team [+er+] leads by 82 frags
(lethalwiz): >&c599lwz:&cfff 0/-14 [high-rl] 
(lethalwiz): >&c599lwz:&cfff 0/100 [low-rl] 
(goblin): >&c599gob:&cfff &c931r&cfff200/100 sg [tele-high] rox:25 
(lethalwiz): >&c599lwz:&cfff &cf00lost&cfff [low-rl] 2
(goblin): >&c599gob:&cfff &cf2apack&cfff at [quad-way]
(goblin): >&c599gob:&cfff &c931r&cfff133/87 sg [high-rl] rox:35 
(lethalwiz): >&c599lwz:&cfff &cf00lost&cfff [low-rl] 2
(rio): >&cf00rio &cf55[&cf99tele-ya&cf55] lost&r 
(rio): >&cf00rio &cf55[&cf99tele-ya&cf55] lost&r 
(hangtime): >&c599han&cfff: 0/100 [RA.SECRET]
(splif): >spl: __ 0/92 [tele]
(hangtime): >&c599han&cfff &c0b0safe&cfff [RA.SECRET] &c2aang&cfff
(hangtime): >&c599han&cfff took &cf00ra&cfff [RA.SECRET]
(eb): >eb: &cf00lost&cfff &cf00[&cffflow-rl&cf00]&cfff 1
(eb): >eb: &cf00lost&cfff &cf00[&cffflow-rl&cf00]&cfff 1
(eb): >eb: &cf00lost&cfff &cf00[&cffflow-rl&cf00]&cfff 1
(splif): >spl: __ &cff0y&cfff150/92 [tele-high]
(eb): >eb: &cf00lost&cfff &cf00[&cffflow-rl&cf00]&cfff 1
(eb): >eb: &cf00lost&cfff &cf00[&cffflow-rl&cf00]&cfff 1
(Wimdowlicker): >wim: &ce00168&cfff/113 &cf13rl&cfff:18 [high.rl] 
(splif): >spl: __ &cff0y&cfff150/92 [high-rl]
(Wimdowlicker): >wim: &ce00168&cfff/111 &cf13rl&cfff:18 [quad.way] 
(hangtime): >&c599han&cfff: &ce00200&cfff/100 [TELE]
(hangtime): >&c599han&cfff: &ce00200&cfff/100 [TELE.HIGH]
(Wimdowlicker): >wim: &ce00168&cfff/106 &cf13rl&cfff:15 [quad] 
(hangtime): >&c599han&cfff: &ce00200&cfff/100 [HIGH.RL]
(hangtime): >&c599han&cfff: &ce00200&cfff/100 [HIGH.RL]
(Wimdowlicker): >wim: &ce00168&cfff/103 &cf13rl&cfff:13 [tele.entry] &c05fquad&cfff
(splif): >spl: __ &cff0y&cfff150/92 [quad-way]
(Wimdowlicker): >wim: &ce00168&cfff/101 &cf13rl&cfff:12 [tele.entry] &c05fquad&cfff
(splif): >spl: __ &cff0y&cfff150/92 [floating]
(Wimdowlicker): >wim: &ce0034&cfff/82 &cf13rl&cfff:11 [ng] &c05fquad&cfff
(hangtime): >&c599han&cfff took &cf31rl&cfff [HIGH.RL]
(hangtime): >&c599han&cfff: &ce00200&cfff/100 &cf31rl&cfff:10 [HIGH.RL]
(hangtime): >&c599han&cfff: &ce00200&cfff/100 &cf31rl&cfff:10 [HIGH.RL]
(Wimdowlicker): >wim: &ce0034&cfff/82 &cf13rl&cfff:11 [tele] &c05fquad&cfff
(Wimdowlicker): >wim: &ce0034&cfff/82 &cf13rl&cfff:11 [tele] &c05fquad&cfff
(Wimdowlicker): >wim: &ce0034&cfff/82 &cf13rl&cfff:11 [tele] &c05fquad&cfff
(Wimdowlicker): >wim: &ce0034&cfff/82 &cf13rl&cfff:11 [tele] &c05fquad&cfff
(splif): >spl: __ &cff0y&cfff145/189 gl:82 [tele-high]
(splif): >spl: __ &cff0y&cfff145/187 gl:82 [tele-high]
(Wimdowlicker): >wim: &ce0030&cfff/81 &cf13rl&cfff:11 [big.stairs] &c05fquad&cfff
(splif): >spl: __ &cff0y&cfff145/185 gl:82 [high-rl]
(hangtime): >&c599han&cfff &c0b0safe&cfff [TELE] &cf31rl&cfff
(Wimdowlicker): >wim: &cff0150&cfff/81 &cf13rl&cfff:15 [low.rl] &c05fquad&cfff
Quad Damage is wearing off
(Wimdowlicker): >wim: &cff0138&cfff/73 &cf13rl&cfff:10 [low.rl] 
(splif): >spl: __ &cff0y&cfff145/173 gl:77 [high-rl]
(hangtime): >&c599han&cfff: &ce00118&cfff/81 &cf31rl&cfff:2 [TELE]
(hangtime): >&c599han&cfff: &ce0085&cfff/93 &cf31rl&cfff:0 [TELE]
(hangtime): >&c599han&cfff: &ce0085&cfff/93 &cf31rl&cfff:0 [TELE]
(hangtime): >&c599han&cfff: &ce0085&cfff/93 &cf31rl&cfff:0 [TELE]
(hangtime): >&c599han&cfff: &ce0085&cfff/93 &cf31rl&cfff:0 [TELE]
(splif): >spl: __ &cff0y&cfff145/168 gl:71 [high-rl]
[10] minutes remaining
Team [+er+] leads by 92 frags
(Wimdowlicker): >wim: &cff0112&cfff/57 &cf13rl&cfff:5 [path.lift] 
(hangtime): >&c599han&cfff &cff0help&cfff [TELE] 1e
(hangtime): >&c599han&cfff &cff0help&cfff [TELE.ROX] 1e
(hangtime): >&c599han&cfff &cff0help&cfff [TELE.ROX] 1e
(Wimdowlicker): >wim: &cff059&cfff/22 &cf13rl&cfff:3 [ng] 
(hangtime): >&c599han&cfff &cff0help&cfff [TELE.ROX] 1e
(splif): >spl: __ &cff0y&cfff145/163 &cf13rl&cfff:71 [high-rl]
(Wimdowlicker): >wim: &cff040&cfff/100 &cf13rl&cfff:2 [quad] 
(Wimdowlicker): >wim: &cff040&cfff/100 &cf13rl&cfff:2 [quad.way] 
(Wimdowlicker): >wim: &cff040&cfff/100 &cf13rl&cfff:7 [high.rl] 
(splif): >spl: __ &cff0y&cfff145/155 &cf13rl&cfff:69 [tele]
(hangtime): >&c599han&cfff: &cff0150&cfff/56 &cf31rl&cfff:7 [TELE.HIGH]
(hangtime): >&c599han&cfff: &cff0137&cfff/49 &cf31rl&cfff:6 [TELE.HIGH]
(splif): >spl: __ &cff0y&cfff145/152 &cf13rl&cfff:69 [tele]
(eb): >eb: &cff0help&cfff &cff0[&cffftele&cff0]&cfff 0
(hangtime): >&c599han&cfff: &cff0137&cfff/49 &cf31rl&cfff:6 [QUAD.WAY]
(Wimdowlicker): >wim: &cff040&cfff/100 &cf13rl&cfff:7 [high.rl] 
(hangtime): >&c599han&cfff: &cff0137&cfff/49 &cf31rl&cfff:6 [QUAD]
(Wimdowlicker): >wim: &cff040&cfff/100 &cf13rl&cfff:7 [high.rl] 
(Wimdowlicker): >wim: &cff040&cfff/100 &cf13rl&cfff:7 [high.rl] 
(hangtime): >&c599han&cfff &c05fquad&cfff over
(splif): >spl: __ &cff0y&cfff145/139 &cf13rl&cfff:64 [ng]
(Wimdowlicker): >wim: 0/27 &cf13rl&cfff:4 [quad.button] 
(splif): >spl: __ &cff0y&cfff145/137 &cf13rl&cfff:64 [ng]
(Wimdowlicker): >wim: 0/100 &cf13rl&cfff:4 [tele] 
(hangtime): >&c599han&cfff: 0/40 [LOW.RL]
(Wimdowlicker): >wim: &cff0ya&cfff at [tele.ya]
(Wimdowlicker): >wim: &cff0150&cfff/76 &cf13rl&cfff:4 [tele.high] 
(hangtime): >&c599han&cfff: 0/40 [LOW.RL]
(hangtime): >&c599han&cfff replace [LOW.RL] &c2aasg&cfff
(Wimdowlicker): >wim: &cff0105&cfff/46 &cf13rl&cfff:2 [tele.high] 
(splif): >spl: __ &cff0y&cfff145/127 &cf13rl&cfff:61 [ng]
(hangtime): >&c599han&cfff &cf00lost&cfff [LOW.RL] 2
(Wimdowlicker): >wim: &cff0105&cfff/46 &cf13rl&cfff:1 [floating] 
(Wimdowlicker): >wim: &cff0105&cfff/46 &cf13rl&cfff:16 [floating] 
(eb): >eb: &cf00lost&cfff &cf00[&cffflow-rl&cf00]&cfff 3
(Wimdowlicker): >wim: &cff0105&cfff/46 &cf13rl&cfff:16 [floating] 
(Wimdowlicker): >wim: &c0b0safe&cfff &c0b0[&cffftele.high&c0b0]&cfff &cff0105&cfff / &cf13rl&cfff
(splif): >spl: __ &cff0y&cfff124/107 &cf13rl&cfff:55 [tele]
(Wimdowlicker): >wim: &cff0105&cfff/46 &cf13rl&cfff:16 [tele.high] 
(hangtime): >&c599han&cfff: 0/100 [RA.MEGA]
(Wimdowlicker): >wim: &cff0105&cfff/96 &cf13rl&cfff:15 [high.rl] 
(hangtime): > &c599han&cfff __ &c0ffmega&cfff at [RA.MEGA]
no weapon
(Wimdowlicker): >wim: &c0b0safe&cfff &c0b0[&cffftele.high&c0b0]&cfff &cff0105&cfff / &cf13rl&cfff
[9] minutes remaining
Team [+er+] leads by 98 frags
(Wimdowlicker): >wim: &c0b0safe&cfff &c0b0[&cffftele.high&c0b0]&cfff &cff0105&cfff / &cf13rl&cfff
(Wimdowlicker): >wim: &cff084&cfff/82 &cf13rl&cfff:100 [tele.high] 
(hangtime): >&c599han&cfff took &c0ffmega&cfff [RA.MEGA]
(Wimdowlicker): >wim: &c0b0safe&cfff &c0b0[&cffftele.high&c0b0]&cfff &cff046&cfff / &cf13rl&cfff
(eb): >eb: &cf00DROPPED &cf13rl&cfff &cf00[&cfffquad-low&cf00]&cfff 1
(hangtime): >&c599han&cfff: &ce00200&cfff/200 &c2aass&cfff:30 [LOW.RL/BUTTON]
(eb): >eb: &cf00DROPPED &cf13rl&cfff &cf00[&cfffquad-low&cf00]&cfff 1
(eb): >eb: &cf00DROPPED &cf13rl&cfff &cf00[&cfffquad-low&cf00]&cfff 1
(eb): >eb: &cf00DROPPED &cf13rl&cfff &cf00[&cfffquad-low&cf00]&cfff 1
(eb): >eb: &cf00DROPPED &cf13rl&cfff &cf00[&cfffquad-low&cf00]&cfff 1
(eb): >eb: &cf00DROPPED &cf13rl&cfff &cf00[&cfffquad-low&cf00]&cfff 1
(eb): >eb: &cf00DROPPED &cf13rl&cfff &cf00[&cfffquad-low&cf00]&cfff 1
(Wimdowlicker): >wim: &cff046&cfff/58 &cf13rl&cfff:97 [tele.high] 
(hangtime): >&c599han&cfff: &ce00180&cfff/194 &c2aass&cfff:26 [LOW.RL]
(splif): >spl: __ 0/80 [ra-mega]
(Wimdowlicker): >wim: 0/27 &cf13rl&cfff:94 [tele.high] 
(hangtime): >&c599han&cfff took &cf31rl&cfff [LOW.RL]
(hangtime): >&c599han&cfff: &ce00124&cfff/176 &cf31rl&cfff:4 [LOW.RL]
(Wimdowlicker): >wim: &cf00lost&cfff &cf00[&cfffquad.way&cf00]&cfff 1
(Wimdowlicker): >wim: &cf00lost&cfff &cf00[&cfffquad.way&cf00]&cfff 1
(Wimdowlicker): >wim: &cf00lost&cfff &cf00[&cfffquad.way&cf00]&cfff 1
(hangtime): >&c599han&cfff took &cf00ra&cfff [RA.SECRET]
(eb): >eb: &cf00lost&cfff &cf00[&cfffquad-low&cf00]&cfff 1
(eb): >eb: &cf00lost&cfff &cf00[&cfffquad-low&cf00]&cfff 1
(goblin): >&c599gob:&cfff 0/52 [ra-mega] 
(rio): >  &c353rio&r [tele] &cfff0&r/&cfff100&r sg &caaa
(goblin): >&c599gob:&cfff &c931r&cfff200/52 sg [ra-mega] rox:10 
(rio): >&cf00rio &cf55[&cf99tele-high&cf55] lost&r 
(rio): >&cf00rio &cf55[&cf99tele-high&cf55] lost&r 
(andeh): >&cd37and:&cfff took &cf2apack&cfff [quad-low]
(andeh): >&cd37and:&cfff &c991y&cfff150/100 &cf60rl&cfff&cf60:0&cfff [tele-entry] 
(andeh): >&cd37and:&cfff &c991y&cfff90/64 &cf60rl&cfff&cf60:0&cfff [tele-ya] 
(goblin): >&c599gob:&cfff &c931r&cfff1/15 ssg [ra-mega] rox:17 
(lethalwiz): >&c599lwz:&cfff 0/92 &cf60rl&cfff&cf31:83&cfff [secret] &c05fquad&cfff
(lethalwiz): >&c599lwz:&cfff 0/92 &cf60rl&cfff&cf31:83&cfff [secret] &c05fquad&cfff
(lethalwiz): >&c599lwz:&cfff 0/92 &cf60rl&cfff&cf31:83&cfff [secret] &c05fquad&cfff
(goblin): >&c599gob:&cfff &c931r&cfff1/15 ssg [ra-mega] rox:17 
(andeh): >&cd37and:&cfff &c991y&cfff13/19 &cf60rl&cfff&cf60:0&cfff [tele] 
(goblin): >&c599gob:&cfff 0/100 [tele] 
(andeh): >&cd37and:&cfff took &cff0ya&cfff [tele-ya]
(goblin): >&c599gob:&cfff 0/100 [tele-high] 
(lethalwiz): >&c599lwz:&cfff 0/100 [tele] 
(Wimdowlicker): >wim: &ce00200&cfff/100 sg [ra.mega] 
(hangtime): >&c599han&cfff: 0/100 &cf31rl&cfff:22 [RA.SECRET]
(Wimdowlicker): >wim: &ce00200&cfff/200 sg [ra.mega] 
(splif): >spl: __ &cff0y&cfff150/52 &cf13rl&cfff:79 [quad-low]
(hangtime): >&c599han&cfff &c0b0safe&cfff [RA.SECRET] &cf31rl&cfff
(hangtime): >&c599han&cfff &c0b0safe&cfff [RA.SECRET] &cf31rl&cfff
(eb): >eb: 0/32 &cf13rl&cfff:19 [quad-low]
(hangtime): >&c599han&cfff &c0b0safe&cfff [RA.SECRET] &cf31rl&cfff
(eb): >eb: 0/32 &cf13rl&cfff:19 [quad-low]
(eb): >eb: 0/32 &cf13rl&cfff:19 [quad-low]
(Wimdowlicker): >wim: &ce00200&cfff/200 sg [ra.mega] 
(hangtime): >&c599han&cfff &c0b0safe&cfff [RA.SECRET] &cf31rl&cfff
(splif): >spl: __ &cff0y&cfff150/77 &cf13rl&cfff:79 [ng]
(hangtime): >&c599han&cfff &c0b0safe&cfff [RA.SECRET] &cf31rl&cfff
(hangtime): >&c599han&cfff &c0b0safe&cfff [RA.SECRET] &cf31rl&cfff
(hangtime): >&c599han&cfff &c0b0safe&cfff [RA.SECRET] &cf31rl&cfff
You receive 15 health
You receive 25 health
(eb): >eb: 0/72 &cf13rl&cfff:19 [ng]
(eb): >eb: 0/72 &cf13rl&cfff:19 [ng]
(eb): >eb: 0/72 &cf13rl&cfff:19 [ng]
(splif): >spl: __ &cff0y&cfff150/77 &cf13rl&cfff:77 [tele-entry]
(hangtime): >&c599han&cfff &c0b0safe&cfff [RA.SECRET] &cf31rl&cfff
(hangtime): >&c599han&cfff &c0b0safe&cfff [RA.SECRET] &cf31rl&cfff
(hangtime): >&c599han&cfff &c0b0safe&cfff [RA.SECRET] &cf31rl&cfff
(hangtime): >&c599han&cfff &c0b0safe&cfff [RA.SECRET] &cf31rl&cfff
(hangtime): >&c599han&cfff: 0/100 &cf31rl&cfff:22 [RA.SECRET]
(Wimdowlicker): >wim: &ce00200&cfff/196 sg [low.rl] &cf13r&cfff:10 
[8] minutes remaining
Team [+er+] leads by 98 frags
(Wimdowlicker): >wim: &ce00200&cfff/194 sg [low.rl] &cf13r&cfff:10 
(hangtime): >&c599han&cfff took &cf00ra&cfff [RA.SECRET]
You receive 25 health
(splif): >spl: __ &cff0y&cfff106/48 &cf13rl&cfff:74 [quad-low]
You got the Yellow Armor
(splif): >spl: __ &cff0y&cfff106/48 &cf13rl&cfff:73 [path]
(hangtime): >&c599han&cfff &cf00dropped&cfff &cf31rl&cfff [QUAD] 1
You got the rockets
You receive 100 health
You got the Grenade Launcher
(splif): >spl: __ &cff0y&cfff106/48 &cf13rl&cfff:72 [path]
(hangtime): >&c599han&cfff took &cf31rl&cfff [LOW.RL]
(eb): >eb: &cff0135&cfff/181 &cf13rl&cfff:31 [quad-way]
(splif): >spl: __ &cff0y&cfff82/58 &cf13rl&cfff:70 [tele-high]
(splif): >spl: __ &cff0y&cfff82/58 &cf13rl&cfff:70 [tele-high]
(Wimdowlicker): >wim: 0/100 sg [tele] 
You got the Quad Damage
(eb): >eb: &c05fquad&cfff &cff010&cfff/95 &cf13rl&cfff:28 [quad-low]
(eb): >eb: &c05fquad&cfff &cff010&cfff/95 &cf13rl&cfff:28 [quad-low]
(splif): >spl: __ &cff0y&cfff82/58 &cf13rl&cfff:69 [quad-way]
(Wimdowlicker): >wim: &cff0150&cfff/100 sg [tele.high] &cf13r&cfff:10 
(Wimdowlicker): >wim: &cff0150&cfff/100 sg [high.rl] &cf13r&cfff:10 
You receive 25 health
(splif): >spl: __ [tele] &cf13rl&cfff:69
(Wimdowlicker): >wim: &cff0150&cfff/100 sg [high.rl] &cf13r&cfff:10 
(Wimdowlicker): >wim: &cff0150&cfff/100 sg [high.rl] &cf13r&cfff:10 
(hangtime): >&c599han&cfff &cf00lost&cfff [LOW.RL] 2
(Wimdowlicker): >wim: &cff0150&cfff/100 sg [high.rl] &cf13r&cfff:10 
(Wimdowlicker): >wim: &cff0150&cfff/100 sg [high.rl] &cf13r&cfff:10 
(Wimdowlicker): >wim: &cff0150&cfff/100 sg [high.rl] &cf13r&cfff:10 
(Wimdowlicker): >wim: &c0b0safe&cfff &c0b0[&cfffhigh.rl&c0b0]&cfff &cff0150&cfff / sg
(Wimdowlicker): >wim: &c0b0safe&cfff &c0b0[&cfffhigh.rl&c0b0]&cfff &cff0150&cfff / sg
(hangtime): >&c599han&cfff &cf00lost&cfff [LOW.RL] 2
(hangtime): >&c599han&cfff &cf00lost&cfff [LOW.RL] 2
(Wimdowlicker): >wim: &cff0150&cfff/100 sg [high.rl] &cf13r&cfff:10 
(Wimdowlicker): >wim: &c0b0safe&cfff &c0b0[&cfffhigh.rl&c0b0]&cfff &cff0150&cfff / sg
(hangtime): >&c599han&cfff &cf00lost&cfff [TELE] 2
Quad Damage is wearing off
(hangtime): >&c599han&cfff &cf00lost&cfff [TELE] 1
(Wimdowlicker): >wim: &cff0150&cfff/100 &cf13rl&cfff:20 [high.rl] 
You get 100 shells, 200 nails, 60 rockets
(Wimdowlicker): >wim: &cff0150&cfff/100 &cf13rl&cfff:20 [high.rl] 
You got the Yellow Armor
[7] minutes remaining
Team [+er+] leads by 97 frags
(goblin): >&c599gob:&cfff 0/2 [ra-mega] 
(andeh): >&cd37and:&cfff &cf00lost&cfff [tele] 1
(lethalwiz): >&c599lwz:&cfff &c931r&cfff97/74 &cf60rl&cfff&cf31:15&cfff [quad-way] 
(rio): >  &c353rio&r [low-rl] &c931r&cfff&cfff164&r/&cfff168&r &cf31rl&cfff&cf31:37&r &caaa
(goblin): >&c599gob:&cfff took &cff0ya&cfff [tele-ya]
(goblin): >&c599gob:&cfff andeh at [high-rl]
(goblin): >&c599gob:&cfff &c991y&cfff150/19 [high-rl] 
(goblin): >&c599gob:&cfff lethalwiz at [quad]
(Wimdowlicker): >wim: 0/28 sg [quad.low] &cf13r&cfff:30 &c05fquad&cfff
(splif): >spl: __ &cff0y&cfff150/100 [quad-button]
(Wimdowlicker): >wim: 0/51 sg [tele] &cf13r&cfff:40 &c05fquad&cfff
(splif): >spl: __ &cff0y&cfff130/88 [tele]
(Wimdowlicker): >wim: 0/51 sg [tele.ya] &cf13r&cfff:40 &c05fquad&cfff
(hangtime): >&c599han&cfff &cf00lost&cfff [LOW.RL] 2
(Wimdowlicker): >wim: 0/51 sg [tele.high] &cf13r&cfff:40 &c05fquad&cfff
(Wimdowlicker): >wim: 0/51 &cf13rl&cfff:50 [quad] &c05fquad&cfff
(splif): >spl: __ &cff0y&cfff150/100 [tele-high]
(Wimdowlicker): >wim: 0/51 &cf13rl&cfff:50 [quad.low] &c05fquad&cfff
(splif): >spl: __ &cff0y&cfff150/100 [high-rl]
(Wimdowlicker): >wim: 0/43 &cf13rl&cfff:45 [tele.entry] &c05fquad&cfff
(Wimdowlicker): >wim: 0/43 &cf13rl&cfff:45 [tele] &c05fquad&cfff
(hangtime): >&c599han&cfff &cf00lost&cfff [LOW.RL/BUTTON] 3
(Wimdowlicker): >wim: 0/43 &cf13rl&cfff:45 [tele.ya] &c05fquad&cfff
(hangtime): >&c599han&cfff &cf00lost&cfff [WATER.MID] 1
(Wimdowlicker): >wim: 0/41 &cf13rl&cfff:45 [tele] &c05fquad&cfff
Quad Damage is wearing off
(hangtime): >&c599han&cfff &cf00lost&cfff [TELE.ENTRY] 2
(hangtime): >&c599han&cfff &cf00lost&cfff [TELE.ENTRY] 2
(hangtime): >&c599han&cfff &cf00lost&cfff [TELE.ENTRY] 2
(Wimdowlicker): >wim: 0/41 &cf13rl&cfff:44 [tele.ya] &c05fquad&cfff
(splif): >spl: __ &cff0y&cfff126/84 [high-rl]
(hangtime): >&c599han&cfff took &cff0ya&cfff [BIG]
(Wimdowlicker): >wim: 0/41 &cf13rl&cfff:43 [tele.ya] 
(Wimdowlicker): >wim: &cff0148&cfff/41 &cf13rl&cfff:43 [tele.high] 
[6] minutes remaining
Team [+er+] leads by 93 frags
(splif): >spl: __ &cff0y&cfff46/36 [high-rl]
(Wimdowlicker): >wim: &cff0148&cfff/41 &cf13rl&cfff:43 [high.rl] 
(hangtime): >&c599han&cfff &cf00lost&cfff [PATH] 3
(Wimdowlicker): >wim: &cff0148&cfff/66 &cf13rl&cfff:43 [quad] 
(splif): >spl: __ &cff0y&cfff46/36 &cf13rl&cfff:89 [high-rl]
(hangtime): >&c599han&cfff &cf00lost&cfff [TELE.HIGH] 2
(Wimdowlicker): >wim: &cff094&cfff/31 &cf13rl&cfff:98 [ng] 
(hangtime): >&c599han&cfff &cf00lost&cfff [LOW.RL] 2
(hangtime): >&c599han&cfff &cf00lost&cfff [LOW.RL] 2
(hangtime): >&c599han&cfff &cf00lost&cfff [LOW.RL] 2
(eb): >eb: &cff037&cfff/26 &cf13rl&cfff:5 [quad-way]
(eb): >eb: &cff037&cfff/26 &cf13rl&cfff:5 [quad-way]
(eb): >eb: &cff037&cfff/26 &cf13rl&cfff:5 [quad-way]
(Wimdowlicker): >wim: &ce0075&cfff/41 &cf13rl&cfff:99 [quad] &c05fquad&cfff
(rio): >&cfa1rio &cfa6[&cfa9secret&cfa6] do not enter&r &c931r&cfff&cfa667/83&r &cf31rl&cfff
(rio): >&cfa1rio &cfa6[&cfa9secret&cfa6] do not enter&r &c931r&cfff&cfa667/83&r &cf31rl&cfff
(andeh): >&cd37and:&cfff took &cf00ra&cfff [ra-mega]
(lethalwiz): >&c599lwz:&cfff 0/-40 sg [ng] rox:98 
(rio): >&cfa1rio &cfa6[&cfa9secret&cfa6] do not enter&r &c931r&cfff&cfa667/83&r &cf31rl&cfff
(rio): >&cfa1rio &cfa6[&cfa9secret&cfa6] do not enter&r &c931r&cfff&cfa667/83&r &cf31rl&cfff
(goblin): >&c599gob:&cfff 0/36 sg [tele] rox:10 
(lethalwiz): >&c599lwz:&cfff &c991y&cfff133/7 [tele-high] 
(andeh): >&cd37and:&cfff &c931r&cfff129/156 &cf60rl&cfff&cf60:9&cfff [low-stairs] 
(rio): >&cf00rio &cf55[&cf99quad-low&cf55] lost&r &cf00(dropped rl-pack)&r
(rio): >&cf00rio &cf55[&cf99quad-low&cf55] lost&r &cf00(dropped rl-pack)&r
no weapon
(lethalwiz): >&c599lwz:&cfff &cf00enemy&cfff at [tele-high]
(lethalwiz): >&c599lwz:&cfff &c991y&cfff96/85 gl [quad-low] rox:12 
(andeh): >&cd37and:&cfff &c0b0safe&cfff [path-lift]
Wimdowlicker: :x
[5] minutes remaining
Team [+er+] leads by 87 frags
(lethalwiz): >&c599lwz:&cfff &cf2apack&cfff at [tele]
(andeh): >&cd37and:&cfff &c931r&cfff129/144 &cf60rl&cfff&cf60:12&cfff [path-lift] 
(andeh): >&cd37and:&cfff &c931r&cfff129/143 &cf60rl&cfff&cf60:12&cfff [path-lift] 
(rio): >  &c353rio&r [big-button] &c991y&cfff&cfff150&r/&cf6633&r &cf31rl&cfff&cf31:87&r &caaahealth
(lethalwiz): >&c599lwz:&cfff &cf00enemy&cfff at [tele-high]
(goblin): >&c599gob:&cfff 0/100 ng [tele] 
(lethalwiz): >&c599lwz:&cfff &cf00enemy&cfff at [high-rl]
(goblin): >&c599gob:&cfff 0/100 ng [tele-ya] rox:10 
(lethalwiz): >&c599lwz:&cfff &cf2apack&cfff at [high-rl]
(goblin): >&c599gob:&cfff 0/100 ng [tele-ya] rox:10 
(lethalwiz): >&c599lwz:&cfff &c991y&cfff57/27 &cf60rl&cfff&cf31:10&cfff [quad-way] 
(rio): >&cf00rio &cf55[&cf99ra-mega&cf55] lost&r 
(rio): >&cf00rio &cf55[&cf99ra-mega&cf55] lost&r 
(lethalwiz): >&c599lwz:&cfff &c991y&cfff57/77 &cf60rl&cfff&cf31:10&cfff [quad] 
(goblin): >&c599gob:&cfff &c991y&cfff110/73 ng [high-rl] rox:10 
(andeh): >&cd37and:&cfff &c931r&cfff149/108 &cf60rl&cfff&cf60:4&cfff [tele-ya] 
(goblin): >&c599gob:&cfff &c991y&cfff110/73 ng [quad-way] rox:10 
(lethalwiz): >&c599lwz:&cfff 0/24 &cf60rl&cfff&cf31:9&cfff [quad] &c05fquad&cfff
(andeh): >&cd37and:&cfff &c931r&cfff149/205 &cf60rl&cfff&cf60:19&cfff [gl] 
(andeh): >&cd37and:&cfff &c931r&cfff149/204 &cf60rl&cfff&cf60:19&cfff [gl] 
(lethalwiz): >&c599lwz:&cfff 0/99 &cf60rl&cfff&cf31:8&cfff [ng] &c05fquad&cfff
(rio): >&cf00rio &cf55[&cf99secret&cf55] lost&r 
(rio): >&cf00rio &cf55[&cf99secret&cf55] lost&r 
(rio): >&cf00rio &cf55[&cf99secret&cf55] lost&r 
(rio): >  &c353rio&r [quad-button] &cf660&r/&cfff100&r sg &caaa
(andeh): >&cd37and:&cfff &c931r&cfff149/199 &cf60rl&cfff&cf60:15&cfff [floating] 
(andeh): >&cd37and:&cfff &c931r&cfff149/198 &cf60rl&cfff&cf60:15&cfff [floating] 
(andeh): >&cd37and:&cfff &c931r&cfff149/191 &cf60rl&cfff&cf60:15&cfff [quad-way] 
(goblin): >&c599gob:&cfff andeh at [quad]
(andeh): >&cd37and:&cfff &c931r&cfff149/177 &cf60rl&cfff&cf60:15&cfff [quad-low] 
(andeh): >&cd37and:&cfff &c0b0safe&cfff [ng]
(andeh): >&cd37and:&cfff &c0b0safe&cfff [ng]
(goblin): >&c599gob:&cfff &c991y&cfff110/73 &cf31rl&cfff&cf31:15&cfff [tele-high] 
not enough ammo
Quad Damage is wearing off
not enough ammo
(goblin): >&c599gob:&cfff &c991y&cfff110/100 &cf31rl&cfff&cf31:15&cfff [ng] 
not enough ammo
not enough ammo
(rio): >  &c353rio&r [big] &c991y&cfff&cfff150&r/&cfff100&r sg &caaa
(andeh): >&cd37and:&cfff &c0b0safe&cfff [ng]
[4] minutes remaining
Team [+er+] leads by 80 frags
(andeh): >&cd37and:&cfff &c931r&cfff136/138 &cf60rl&cfff&cf60:12&cfff [quad-low] 
not enough ammo
(goblin): >&c599gob:&cfff &c991y&cfff95/91 &cf31rl&cfff&cf31:23&cfff [gl] 
not enough ammo
not enough ammo
not enough ammo
not enough ammo
not enough ammo
not enough ammo
(rio): >  &c353rio&r [path] &cfff0&r/&cfff100&r sg &caaaweapon
(goblin): >&c599gob:&cfff &c991y&cfff15/42 &cf31rl&cfff&cf31:19&cfff [quad-button] 
(lethalwiz): >&c599lwz:&cfff &c991y&cfff48/73 &cf60rl&cfff&cf31:15&cfff [quad-way] 
(goblin): >&c599gob:&cfff &c991y&cfff15/100 &cf31rl&cfff&cf31:19&cfff [tele-entry] 
(lethalwiz): >&c599lwz:&cfff &c991y&cfff48/100 &cf60rl&cfff&cf31:15&cfff [quad] 
(goblin): >&c599gob:&cfff took &cff0ya&cfff [tele-ya]
(goblin): >&c599gob:&cfff &c991y&cfff150/29 &cf31rl&cfff&cf31:28&cfff [tele-high] 
(goblin): >&c599gob:&cfff lethalwiz at [quad-way]
(goblin): >&c599gob:&cfff &c991y&cfff150/29 &cf31rl&cfff&cf31:28&cfff [quad-way] 
(rio): >&cfffrio &caaa[&c666low-rl&caaa] took&r &cf2apack&cfff
(goblin): >&c599gob:&cfff &c0b0team&cfff &c05fquad&cfff
(goblin): >&c599gob:&cfff &c0b0team&cfff &c05fquad&cfff
(andeh): >&cd37and:&cfff &cf00lost&cfff [big] 1
(andeh): >&cd37and:&cfff &cf00lost&cfff [big] 1
(goblin): >&c599gob:&cfff &c991y&cfff150/29 &cf31rl&cfff&cf31:28&cfff [ng] &c05fquad&cfff
(lethalwiz): >&c599lwz:&cfff &c991y&cfff48/100 &cf60rl&cfff&cf31:14&cfff [quad-low] 
(andeh): >&cd37and:&cfff &cf00lost&cfff [path-lift] 3
(andeh): >&cd37and:&cfff &cf00lost&cfff [path-lift] 3
(rio): >  &c353rio&r [high-rl] &c931r&cfff&cfff200&r/&cfff71&r &cf31rl&cfff&cf31:13&r &caaa
(goblin): >&c599gob:&cfff &c991y&cfff100/100 &cf31rl&cfff&cf31:23&cfff [secret] &c05fquad&cfff
(lethalwiz): >&c599lwz:&cfff &cf00dropped&cfff &cf60rl&cfff [tele] 1
(lethalwiz): >&c599lwz:&cfff &cf00dropped&cfff &cf60rl&cfff [tele] 1
(lethalwiz): >&c599lwz:&cfff &cf00dropped&cfff &cf60rl&cfff [tele] 1
(andeh): >&cd37and:&cfff 0/100 [path] 
(goblin): >&c599gob:&cfff &c931r&cfff30/61 &cf31rl&cfff&cf31:21&cfff [tele-ya] &c05fquad&cfff
Quad Damage is wearing off
(goblin): >&c599gob:&cfff 0/38 &cf31rl&cfff&cf31:21&cfff [big] &c05fquad&cfff
(andeh): >&cd37and:&cfff 0/100 &cf60rl&cfff&cf60:89&cfff [tele] 
(goblin): >&c599gob:&cfff &c991y&cfff150/38 &cf31rl&cfff&cf31:20&cfff [big] 
(andeh): >&cd37and:&cfff 0/100 &cf60rl&cfff&cf60:89&cfff [tele-ya] 
(andeh): >&cd37and:&cfff 0/100 &cf60rl&cfff&cf60:89&cfff [tele-ya] 
(andeh): >&cd37and:&cfff &c0b0safe&cfff [tele-ya]
(andeh): >&cd37and:&cfff &c0b0safe&cfff [tele-ya]
(andeh): >&cd37and:&cfff &c0b0safe&cfff [tele-ya]
(goblin): >&c599gob:&cfff &c991y&cfff150/88 &cf31rl&cfff&cf31:20&cfff [quad-low] 
[3] minutes remaining
Team [+er+] leads by 77 frags
(andeh): >&cd37and:&cfff took &cff0ya&cfff [tele-ya]
(andeh): >&cd37and:&cfff &c0b0safe&cfff [tele-ya]
(andeh): >&cd37and:&cfff &c0b0safe&cfff [tele-ya]
(andeh): >&cd37and:&cfff &c0b0safe&cfff [tele-ya]
(lethalwiz): >&c599lwz:&cfff &c991y&cfff150/100 sg [quad-low] rox:5 
(goblin): >&c599gob:&cfff &c991y&cfff150/100 &cf31rl&cfff&cf31:20&cfff [low-rl] 
(andeh): >&cd37and:&cfff &c0b0safe&cfff [tele]
(andeh): >&cd37and:&cfff &c0b0safe&cfff [tele]
(rio): >&cf00rio &cf55[&cf99ng&cf55] lost&r &cf00(dropped rl-pack)&r
(rio): >&cf00rio &cf55[&cf99ng&cf55] lost&r &cf00(dropped rl-pack)&r
(andeh): >&cd37and:&cfff &c991y&cfff70/48 &cf60rl&cfff&cf60:86&cfff [tele] 
(goblin): >&c599gob:&cfff &cf2apack&cfff at [path-lift]
(goblin): >&c599gob:&cfff &cf2apack&cfff at [path-lift]
(goblin): >&c599gob:&cfff &cf2apack&cfff at [path-lift]
(goblin): >&c599gob:&cfff &cf2apack&cfff at [path-lift]
(lethalwiz): >&c599lwz:&cfff &c991y&cfff3/59 sg [low-lift] rox:5 
(rio): >&cfffrio &caaa[&c666tele-ya&caaa] took&r &cff0ya&cfff
(hangtime): > &c599han&cfff __ &cf00enemy&cfff at [LOW.RL]
(Wimdowlicker): >wim: &ce00159&cfff/100 &cf13rl&cfff:8 [quad] 
(hangtime): >&c599han&cfff: &cff074&cfff/50 &cf31rl&cfff:3 [LOW.RL/STAIRS]
(hangtime): >&c599han&cfff &c0b0safe&cfff [RA.MEGA] &cf31rl&cfff
(hangtime): >&c599han&cfff &c0b0safe&cfff [RA.MEGA] &cf31rl&cfff
(Wimdowlicker): >wim: 0/11 &cf13rl&cfff:88 [quad.button] &c05fquad&cfff
(Wimdowlicker): >wim: 0/11 &cf13rl&cfff:88 [big] &c05fquad&cfff
(Wimdowlicker): >wim: 0/11 &cf13rl&cfff:88 [platforms] &c05fquad&cfff
(hangtime): >&c599han&cfff: &cff074&cfff/50 &cf31rl&cfff:13 [RA.MEGA]
(Wimdowlicker): >wim: 0/11 &cf13rl&cfff:88 [low.rl] &c05fquad&cfff
(Wimdowlicker): >wim: 0/11 &cf13rl&cfff:88 [low.rl] &c05fquad&cfff
(hangtime): >&c599han&cfff: &cff074&cfff/50 &cf31rl&cfff:13 [RA.MEGA]
(splif): >spl: __ 0/96 [tele-entry]
(hangtime): >&c599han&cfff: &cff074&cfff/50 &cf31rl&cfff:13 [RA.MEGA]
Quad Damage is wearing off
(hangtime): >&c599han&cfff: &cff038&cfff/27 &cf31rl&cfff:12 [RA.MEGA]
(eb): >eb: &cf00DROPPED &cf13rl&cfff &cf00[&cffftele-ya&cf00]&cfff 3
(Wimdowlicker): >wim: &ce00200&cfff/61 &cf13rl&cfff:86 [path] 
(eb): >eb: &cf00DROPPED &cf13rl&cfff &cf00[&cffftele-ya&cf00]&cfff 3
(eb): >eb: &cf00DROPPED &cf13rl&cfff &cf00[&cffftele-ya&cf00]&cfff 3
(eb): >eb: &cf00DROPPED &cf13rl&cfff &cf00[&cffftele-ya&cf00]&cfff 3
(eb): >eb: &cf00DROPPED &cf13rl&cfff &cf00[&cffftele-ya&cf00]&cfff 3
(eb): >eb: &cf00DROPPED &cf13rl&cfff &cf00[&cffftele-ya&cf00]&cfff 3
(hangtime): >&c599han&cfff: &cff020&cfff/15 &cf31rl&cfff:11 [RA.MEGA]
[2] minutes remaining
Team [+er+] leads by 79 frags
(hangtime): >&c599han&cfff: &cff020&cfff/15 &cf31rl&cfff:11 [RA.MEGA]
no weapon
(Wimdowlicker): >wim: &cf2apack&cfff at [ra.mega]
(hangtime): >&c599han&cfff took &cf00ra&cfff [RA.MEGA]
(splif): >spl: __ &cf00ra&cfff at [secret]
(splif): >spl: __ &cf00ra&cfff at [secret]
(hangtime): >&c599han&cfff: &ce00200&cfff/61 &cf31rl&cfff:16 [LOW.RL]
(Wimdowlicker): >wim: &cff0150&cfff/100 sg [platforms] 
(hangtime): >&c599han&cfff took &c0ffmega&cfff [RA.MEGA]
(goblin): >&c599gob:&cfff 0/100 [high-rl] 
(andeh): >&cd37and:&cfff &c0b0safe&cfff [ng]
(lethalwiz): >&c599lwz:&cfff &c931r&cfff108/90 &cf60rl&cfff&cf31:21&cfff [quad] 
(andeh): >&cd37and:&cfff &c991y&cfff38/53 &cf60rl&cfff&cf60:14&cfff [ng] 
(andeh): >&cd37and:&cfff &c991y&cfff38/53 &cf60rl&cfff&cf60:14&cfff [tele-entry] 
(andeh): >&cd37and:&cfff &c991y&cfff38/78 &cf60rl&cfff&cf60:14&cfff [tele] 
(andeh): >&cd37and:&cfff &c991y&cfff38/78 &cf60rl&cfff&cf60:24&cfff [tele-ya] 
(andeh): >&cd37and:&cfff &c0b0safe&cfff [tele-ya]
(goblin): >&c599gob:&cfff 0/100 sg [high-rl] rox:5 
(andeh): >&cd37and:&cfff &c0b0safe&cfff [tele-ya]
(goblin): >&c599gob:&cfff &cf00lost&cfff [quad-low] 1
(goblin): >&c599gob:&cfff &cf00lost&cfff [quad-low] 1
(andeh): >&cd37and:&cfff took &cff0ya&cfff [tele-ya]
(goblin): >&c599gob:&cfff &cf00enemy&cfff at [floating]
Quad Damage is wearing off
(andeh): >&cd37and:&cfff &c991y&cfff102/74 &cf60rl&cfff&cf60:19&cfff [tele-high] 
(andeh): >&cd37and:&cfff &c991y&cfff102/74 &cf60rl&cfff&cf60:19&cfff [tele-high] 
(rio): >&cf00rio &cf55[&cf99quad-low&cf55] lost&r &cf00(dropped rl-pack)&r
(rio): >&cf00rio &cf55[&cf99quad-low&cf55] lost&r &cf00(dropped rl-pack)&r
[1] minute remaining
Team [+er+] leads by 75 frags
(lethalwiz): >&c599lwz:&cfff &cf2apack&cfff at [quad-low]
(lethalwiz): >&c599lwz:&cfff &cf2apack&cfff at [quad-low]
(lethalwiz): >&c599lwz:&cfff &cf2apack&cfff at [quad-low]
(lethalwiz): >&c599lwz:&cfff &cf2apack&cfff at [quad-low]
(lethalwiz): >&c599lwz:&cfff &cf2apack&cfff at [quad-low]
(andeh): >&cd37and:&cfff &c991y&cfff102/74 &cf60rl&cfff&cf60:18&cfff [quad-way] 
(goblin): >&c599gob:&cfff 0/73 &cf31rl&cfff&cf31:95&cfff [quad-low] 
(andeh): >&cd37and:&cfff &c991y&cfff102/100 &cf60rl&cfff&cf60:18&cfff [tele] 
(rio): >&cfffrio &caaa[&c666high-rl&caaa] took&r &cf31rl&cfff
(rio): >  &c353rio&r [high-rl] &c991y&cfff&cfff150&r/&cfff100&r &cf31rl&cfff&cf31:5&r &caaa
(rio): >  &c353rio&r [high-rl] &c991y&cfff&cfff150&r/&cfff100&r &cf31rl&cfff&cf31:5&r &caaa
(goblin): >&c599gob:&cfff 0/15 &cf31rl&cfff&cf31:92&cfff [secret] 
(goblin): >&c599gob:&cfff &c931r&cfff200/15 &cf31rl&cfff&cf31:91&cfff [secret] 
(goblin): >&c599gob:&cfff &c931r&cfff200/15 &cf31rl&cfff&cf31:90&cfff [ng] 
(rio): >  &c353rio&r [tele-high] &c991y&cfff&cfff150&r/&cfff100&r &cf31rl&cfff&cf31:5&r &caaa
Wimdowlicker: :x
(eb): >eb: &cf00DROPPED &cf13rl&cfff &cf00[&cffflow-button&cf00]&cfff 1
(eb): >eb: &cf00DROPPED &cf13rl&cfff &cf00[&cffflow-button&cf00]&cfff 1
(eb): >eb: &cf00DROPPED &cf13rl&cfff &cf00[&cffflow-button&cf00]&cfff 1
(goblin): >&c599gob:&cfff &c931r&cfff153/100 &cf31rl&cfff&cf31:88&cfff [quad] 
(andeh): >&cd37and:&cfff 0/100 [big-stairs] 
(goblin): >&c599gob:&cfff rio at [quad-way]
[30] seconds
(lethalwiz): >&c599lwz:&cfff &c991y&cfff150/100 [high-rl] 
(andeh): >&cd37and:&cfff took &cff0ya&cfff [big]
(rio): >  &c353rio&r &c00fq&cfff [platforms] &c991y&cfff&cfff150&r/&cfff192&r &cf31rl&cfff&cf31:14&r &caaa
(goblin): >&c599gob:&cfff lethalwiz at [high-rl]
(andeh): >&cd37and:&cfff &c991y&cfff123/83 [high-rl] 
[15] seconds
(andeh): >&cd37and:&cfff &c991y&cfff123/83 [high-rl] 
[10] seconds
[9] seconds
[8] seconds
(Wimdowlicker): >wim: &c0b0safe&cfff &c0b0[&cffflow.rl&c0b0]&cfff &ce00200&cfff / &cf13rl&cfff
(splif): >spl: __ &cff0y&cfff91/63 [high-rl]
(splif): >spl: __ &cff0y&cfff37/28 [high-rl]
[7] seconds
(Wimdowlicker): >wim: &ce00200&cfff/130 &cf13rl&cfff:6 [low.rl] 
[6] seconds
[5] seconds
(hangtime): >&c599han&cfff &cf00dropped&cfff &cf31rl&cfff [QUAD.LOW] 2
[4] seconds
[3] seconds
[2] seconds
[1] second
The match is over
trigger "onmatchover" has no matching alias

Player statistics:
______________________________________
Frags (rank) friendkills . efficiency
Team [=s=]:
__________
_ rio:
  38 (-28) 2 36.5%
Wp: rl45.1% sg43.9% ssg53.4%
RL skill: ad:84.2 dh:11
Armr&mhs: ga:0 ya:16 ra:12 mh:7
Powerups: Q:3 P:0 R:0
      RL: Took:11 Killed:6 Dropped:6 Xfer:1
      LG: Took:0 Killed:0 Dropped:0
  Damage: Tkn:11248 Gvn:8007 EWep:2775 Tm:363 Self:526 ToDie:170
    Time: Quad:76
 Streaks: Frags:17 QuadRun:4
  SpawnFrags: 4
__________
_ lethalwiz:
  51 (3) 3 51.5%
Wp: rl56.6% gl24.0% sg43.3%
RL skill: ad:95.7 dh:15
Armr&mhs: ga:0 ya:22 ra:18 mh:5
Powerups: Q:4 P:0 R:0
      RL: Took:15 Killed:18 Dropped:9 Xfer:1
      LG: Took:0 Killed:0 Dropped:0
  Damage: Tkn:9916 Gvn:9238 EWep:4409 Tm:476 Self:1360 ToDie:206
    Time: Quad:115
 Streaks: Frags:8 QuadRun:5
  SpawnFrags: 3
__________
_ andeh:
  38 (-33) 3 34.9%
Wp: rl53.4% gl80.0% sg47.5% ssg71.4%
RL skill: ad:96.2 dh:11
Armr&mhs: ga:0 ya:13 ra:10 mh:3
Powerups: Q:1 P:0 R:0
      RL: Took:11 Killed:6 Dropped:6 Xfer:1
      LG: Took:0 Killed:0 Dropped:0
  Damage: Tkn:10655 Gvn:8388 EWep:3203 Tm:343 Self:445 ToDie:150
    Time: Quad:30
 Streaks: Frags:8 QuadRun:4
  SpawnFrags: 5
__________
_ goblin:
  33 (-43) 1 30.3%
Wp: rl64.4% gl12.5% sg32.6% ssg35.7%
RL skill: ad:96.7 dh:13
Armr&mhs: ga:0 ya:8 ra:13 mh:3
Powerups: Q:1 P:0 R:0
      RL: Took:10 Killed:10 Dropped:7
      LG: Took:0 Killed:0 Dropped:0
  Damage: Tkn:10740 Gvn:7742 EWep:3483 Tm:484 Self:541 ToDie:141
    Time: Quad:30
 Streaks: Frags:9 QuadRun:2
  SpawnFrags: 3

Team [+er+]:
__________
_ splif:
  43 (-16) 1 42.2%
Wp: rl61.7% gl10.0% sg30.5% ssg37.1%
RL skill: ad:90.9 dh:21
Armr&mhs: ga:0 ya:18 ra:6 mh:2
Powerups: Q:1 P:0 R:0
      RL: Took:10 Killed:5 Dropped:8 Xfer:1
      LG: Took:0 Killed:0 Dropped:0
  Damage: Tkn:9100 Gvn:10513 EWep:2975 Tm:341 Self:346 ToDie:154
    Time: Quad:30
 Streaks: Frags:12 QuadRun:5
  SpawnFrags: 3
__________
_ hangtime:
  64 (8) 3 53.3%
Wp: rl58.9% sg46.0% ssg31.0%
RL skill: ad:87.5 dh:33
Armr&mhs: ga:0 ya:13 ra:10 mh:5
Powerups: Q:1 P:0 R:0
      RL: Took:13 Killed:9 Dropped:8 Xfer:1
      LG: Took:0 Killed:0 Dropped:0
  Damage: Tkn:9398 Gvn:9874 EWep:2884 Tm:414 Self:779 ToDie:167
    Time: Quad:0
 Streaks: Frags:35 QuadRun:0
  SpawnFrags: 13
__________
_ eb:
  53 (7) 1 53.5%
Wp: rl60.1% gl24.0% sg39.8% ssg29.4%
RL skill: ad:93.4 dh:23
Armr&mhs: ga:0 ya:10 ra:11 mh:6
Powerups: Q:3 P:0 R:0
      RL: Took:13 Killed:12 Dropped:7 Xfer:1
      LG: Took:0 Killed:0 Dropped:0
  Damage: Tkn:7771 Gvn:8043 EWep:2359 Tm:296 Self:783 ToDie:168
    Time: Quad:84
 Streaks: Frags:14 QuadRun:4
  SpawnFrags: 5
__________
_ Wimdowlicker:
  73 (46) 4 73.0%
Wp: rl60.7% gl6.7% sg43.3% ssg23.5%
RL skill: ad:105.9 dh:36
Armr&mhs: ga:0 ya:14 ra:17 mh:13
Powerups: Q:6 P:0 R:0
      RL: Took:11 Killed:16 Dropped:5 Xfer:1
      LG: Took:0 Killed:0 Dropped:0
  Damage: Tkn:7106 Gvn:14129 EWep:4358 Tm:703 Self:1835 ToDie:263
    Time: Quad:124
 Streaks: Frags:35 QuadRun:8
  SpawnFrags: 11

______________________________________
[=s=] vs [+er+] match statistics:
______________________________________

weapons, powerups, armors&mhs, damage
______________________________________
[=s=]: Wp: rl50 gl9 sg41% ssg53%
Powerups: Q:9 P:0 R:0
Armr&mhs: ga:0 ya:59 ra:53 mh:18
      RL: Took:47 Killed:40 Dropped:28 Xfer:3
      LG: Took:0 Killed:0 Dropped:0
  Damage: Tkn:42559 Gvn:33375 EWep:13870 Tm:1666
    Time: Quad:251
[+er+]: Wp: rl113 gl5 sg38% ssg29%
Powerups: Q:11 P:0 R:0
Armr&mhs: ga:0 ya:55 ra:44 mh:26
      RL: Took:47 Killed:42 Dropped:28 Xfer:4
      LG: Took:0 Killed:0 Dropped:0
  Damage: Tkn:33375 Gvn:42559 EWep:12576 Tm:1754
    Time: Quad:239
______________________________________
[dm2] top scorers:
______________________________________
      Frags: Wimdowlicker [73]
     Deaths: goblin [76]
Friendkills: Wimdowlicker [4]
 Efficiency: Wimdowlicker [73.0%]
 FragStreak: hangtime [35]
             Wimdowlicker [35]
    QuadRun: Wimdowlicker [8]
  RL Killer: lethalwiz [18]
Boomsticker: andeh [47.5%]
   Survivor: Wimdowlicker [263]
Annihilator: Wimdowlicker [14129]

______________________________________

Team scores: frags . percentage
______________________________________
[=s=]: 160 . 40.7%
[+er+]: 233 . 59.3%
______________________________________
Statistics stored (matchtag not recognised)
eb: gg
rio: gg
]log 4
