Playing demo from 4.mvd


_____________________________________

_Castle of the Damned
hangtime is ready [+er+]
All players ready
Timer started
QiZmo: timer lag point disabled
Server starts recording (memory): 4on4_+er+_vs_s_[e1m2]220120-2141.mvd
matchdate: 2022-01-20 21:41:14 UTC
trigger "onmatchstart" has no matching alias
The match has begun!
(Wimdowlicker): >wim: 0/100 sg [quad] 
(lethalwiz): >&c599lwz:&cfff 0/100 &cf60rl&cfff&cf31:5&cfff [rl] 
(lethalwiz): >&c599lwz:&cfff 0/100 &cf60rl&cfff&cf31:5&cfff [cross-water] 
(Wimdowlicker): >wim: 0/4 sg [quad.box] &c05fquad&cfff
(andeh): >&cd37and:&cfff &c693g&cfff71/24 ng [water-rl] 
(lethalwiz): >&c599lwz:&cfff 0/200 &cf60rl&cfff&cf31:2&cfff [mega] 
(andeh): >&cd37and:&cfff &cf00lost&cfff [quad] 3
(andeh): >&cd37and:&cfff &cf00lost&cfff [quad] 3
(andeh): >&cd37and:&cfff &cf00lost&cfff [quad] 3
(goblin): >&c599gob:&cfff mOlle at [gl-stairs]
(lethalwiz): >&c599lwz:&cfff 0/193 &cf60rl&cfff&cf31:7&cfff [cross] 
(andeh): >&cd37and:&cfff &cf00lost&cfff [ya-spikes] 3
(andeh): >&cd37and:&cfff &cf00lost&cfff [ya-spikes] 3
(goblin): >&c599gob:&cfff 0/100 [ssg] 
(mOlle): >&c59cmol:&cfff 0/100 [rl] 
(goblin): >&c599gob:&cfff &c693g&cfff100/100 ssg [water-ga] 
(goblin): >&c599gob:&cfff &c693g&cfff92/84 ssg [rl] 
(andeh): >&cd37and:&cfff &cf00lost&cfff [bridge-room] 2
(goblin): >&c599gob:&cfff mOlle at [rl]
[19] minutes remaining
The game is currently a tie
(Wimdowlicker): >wim: 0/53 sng [start.rl] 
(hangtime): >&c599han&cfff &cff0help&cfff [QUAD.STAIRS] 1e
(Wimdowlicker): >wim: 0/53 sng [start.stairs] 
(hangtime): >&c599han&cfff: &cff065&cfff/100 &cf31rl&cfff:0 [QUAD]
(hangtime): >&c599han&cfff &c0b0team&cfff &c05fquad&cfff
(hangtime): >&c599han&cfff &c0b0team&cfff &c05fquad&cfff
(Wimdowlicker): >wim: 0/53 sng [bridge.room] 
(hangtime): >&c599han&cfff: &c05fquad&cfff &cff065&cfff/100 &cf31rl&cfff:0 [QUAD]
(hangtime): >&c599han&cfff: &c05fquad&cfff &cff065&cfff/100 &cf31rl&cfff:0 [GL]
(hangtime): >&c599han&cfff: &c05fquad&cfff &cff065&cfff/100 &cf31rl&cfff:0 [GL]
(Wimdowlicker): >wim: 0/78 sng [ya] 
(hangtime): >&c599han&cfff: &c05fquad&cfff &cff035&cfff/82 &cf31rl&cfff:0 [YA.TOP]
(hangtime): >&c599han&cfff: &c05fquad&cfff &cff035&cfff/82 &cf31rl&cfff:0 [YA.TOP]
(Wimdowlicker): >wim: 0/78 sng [ya] 
(splif): >spl: __ 0/45 [ya-water]
(hangtime): >&c599han&cfff: &c05fquad&cfff &cff035&cfff/82 &cf31rl&cfff:0 [YA.TOP]
(Wimdowlicker): >wim: 0/78 sng [ya.tele] 
(hangtime): >&c599han&cfff took &cff0ya&cfff [YA.TOP]
(eb): >eb: &cf00lost&cfff &cf00[&cfffcross-water&cf00]&cfff 2
(eb): >eb: &cf00lost&cfff &cf00[&cfffcross-water&cf00]&cfff 2
(eb): >eb: &cf00lost&cfff &cf00[&cfffcross-water&cf00]&cfff 2
(eb): >eb: &cf00lost&cfff &cf00[&cfffcross-water&cf00]&cfff 2
(Wimdowlicker): >wim: 0/46 sng [rl] 
(splif): >spl: __ 0/82 [rl]
(Wimdowlicker): >wim: 0/46 &cf13rl&cfff:5 [rl] 
Quad Damage is wearing off
(eb): >eb: waiting [ya]
(eb): >eb: waiting [ya]
(eb): >eb: waiting [ya]
(splif): >spl: __ 0/43 [rl]
(hangtime): >&c599han&cfff took &cff0ya&cfff [YA.TOP]
(Wimdowlicker): >wim: 0/12 &cf13rl&cfff:11 [start.stairs] 
(Wimdowlicker): >wim: &c0b0100&cfff/37 &cf13rl&cfff:11 [door] 
(hangtime): >&c599han&cfff: &cff090&cfff/26 &cf31rl&cfff:0 [GL]
(hangtime): >&c599han&cfff: &cff090&cfff/26 &cf31rl&cfff:0 [GL]
(Wimdowlicker): >wim: &c0b0100&cfff/62 &cf13rl&cfff:11 [ya.spikes] 
(Wimdowlicker): >wim: &c0b0100&cfff/62 &cf13rl&cfff:11 [ya] 
(hangtime): >&c599han&cfff: &cff090&cfff/26 &cf31rl&cfff:0 [GL.ROX]
(Wimdowlicker): >wim: &c0b0100&cfff/62 &cf13rl&cfff:11 [ya] 
(Wimdowlicker): >wim: &c0b0100&cfff/62 &cf13rl&cfff:11 [ya] 
[18] minutes remaining
Team [+er+] leads by 4 frags
(Wimdowlicker): >wim: &c0b0100&cfff/62 &cf13rl&cfff:11 [ya] 
(hangtime): >&c599han&cfff: &cff090&cfff/71 &cf31rl&cfff:5 [GL]
(hangtime): >&c599han&cfff: &cff090&cfff/71 &cf31rl&cfff:5 [GL]
(splif): >spl: __ 0/100 sng:105 [mega-sng]
(hangtime): >&c599han&cfff &cff0help&cfff [GL/QUAD] 1e
(Wimdowlicker): >wim: &c0b0100&cfff/62 &cf13rl&cfff:11 [ya] 
(hangtime): >&c599han&cfff &cf00dropped&cfff &cf31rl&cfff [QUAD] 2
(mOlle): >&c59cmol:&cfff 0/49 &cf31rl&cfff&cf60:2&cfff [quad] 
(andeh): >&cd37and:&cfff 0/100 &cf60rl&cfff&cf60:4&cfff [mega-low] 
(andeh): >&cd37and:&cfff 0/100 &cf60rl&cfff&cf60:4&cfff [mega] 
(andeh): >&cd37and:&cfff 0/100 &cf60rl&cfff&cf60:4&cfff [mega] 
(goblin): >&c599gob:&cfff &c693g&cfff50/69 &cf31rl&cfff&cf31:10&cfff [gl-quad] &c05fquad&cfff
(andeh): >&cd37and:&cfff &c0b0safe&cfff [mega]
(andeh): >&cd37and:&cfff &c0b0safe&cfff [mega]
(andeh): >&cd37and:&cfff &c0b0safe&cfff [mega]
(lethalwiz): >&c599lwz:&cfff 0/-72 sng [ya] rox:5 
(goblin): >&c599gob:&cfff &c693g&cfff50/69 &cf31rl&cfff&cf31:10&cfff [quad-stairs] &c05fquad&cfff
(mOlle): >&c59cmol:&cfff 0/13 &cf31rl&cfff&cf60:2&cfff [quad-stairs] 
(goblin): >&c599gob:&cfff &c693g&cfff50/69 &cf31rl&cfff&cf31:10&cfff [mega-low] &c05fquad&cfff
(mOlle): >&c59cmol:&cfff &cf00lost&cfff [cross] 1
(andeh): >&cd37and:&cfff 0/80 &cf60rl&cfff&cf60:4&cfff [mega-sng] 
(andeh): >&cd37and:&cfff &c0ffmega&cfff at [mega]
no weapon
(Wimdowlicker): >wim: &cf00dropped&cfff &cf13rl&cfff &cf40[&cfffgl&cf40]&cfff 1
no weapon
(lethalwiz): >&c599lwz:&cfff 0/-4 &cf60rl&cfff&cf31:12&cfff [ya] 
(andeh): >&cd37and:&cfff 0/103 &cf60rl&cfff&cf60:7&cfff [quad] 
(andeh): >&cd37and:&cfff 0/102 &cf60rl&cfff&cf60:7&cfff [quad] 
(andeh): >&cd37and:&cfff 0/100 &cf60rl&cfff&cf60:7&cfff [quad] 
(goblin): >&c599gob:&cfff 0/50 &cf31rl&cfff&cf31:10&cfff [ya] 
(goblin): >&c599gob:&cfff &c991y&cfff150/26 &cf31rl&cfff&cf31:7&cfff [ya] 
(goblin): >&c599gob:&cfff &c991y&cfff150/26 &cf31rl&cfff&cf31:7&cfff [ya] 
(goblin): >&c599gob:&cfff took &cff0ya&cfff [ya]
(andeh): >&cd37and:&cfff 0/90 &cf60rl&cfff&cf60:14&cfff [gl] 
(andeh): >&cd37and:&cfff 0/90 &cf60rl&cfff&cf60:14&cfff [gl] 
(andeh): >&cd37and:&cfff 0/90 &cf60rl&cfff&cf60:14&cfff [gl] 
(andeh): >&cd37and:&cfff &c0b0safe&cfff [gl]
(goblin): >&c599gob:&cfff &c991y&cfff150/26 &cf31rl&cfff&cf31:7&cfff [gl] 
(goblin): >&c599gob:&cfff &c991y&cfff150/26 &cf31rl&cfff&cf31:7&cfff [gl] 
[17] minutes remaining
Team [=s=] leads by 1 frag
(goblin): >&c599gob:&cfff &c991y&cfff150/41 &cf31rl&cfff&cf31:7&cfff [quad] 
(andeh): >&cd37and:&cfff 0/86 &cf60rl&cfff&cf60:13&cfff [gl] 
(goblin): >&c599gob:&cfff &c991y&cfff120/23 &cf31rl&cfff&cf31:5&cfff [quad] 
(goblin): >&c599gob:&cfff &c991y&cfff120/23 &cf31rl&cfff&cf31:5&cfff [quad] 
(lethalwiz): >&c599lwz:&cfff &cf00lost&cfff [cross] 2
(lethalwiz): >&c599lwz:&cfff &cf00lost&cfff [cross] 2
(andeh): >&cd37and:&cfff &cf00dropped&cfff &cf60rl&cfff [gl] 1
(andeh): >&cd37and:&cfff &cf00dropped&cfff &cf60rl&cfff [gl] 1
(andeh): >&cd37and:&cfff &cf00dropped&cfff &cf60rl&cfff [gl] 1
(andeh): >&cd37and:&cfff &cf00dropped&cfff &cf60rl&cfff [gl] 1
(andeh): >&cd37and:&cfff &cf00dropped&cfff &cf60rl&cfff [gl] 1
(andeh): >&cd37and:&cfff &cf00lost&cfff [gl] 1
(goblin): >&c599gob:&cfff &c991y&cfff117/22 &cf31rl&cfff&cf31:8&cfff [gl] &c05fquad&cfff
(mOlle): >&c59cmol:&cfff &c693g&cfff46/10 &cf31rl&cfff&cf60:11&cfff [ya-water] 
(mOlle): >&c59cmol:&cfff &c693g&cfff46/10 &cf31rl&cfff&cf60:11&cfff [ya-water] 
(mOlle): >&c59cmol:&cfff &c693g&cfff46/10 &cf31rl&cfff&cf60:11&cfff [ya-water] 
(andeh): >&cd37and:&cfff &cf00lost&cfff [ya-spikes] 2
(andeh): >&cd37and:&cfff &cf00lost&cfff [ya-spikes] 2
(mOlle): >&c59cmol:&cfff &c693g&cfff46/10 &cf31rl&cfff&cf60:11&cfff [ya-tele] 
(mOlle): >&c59cmol:&cfff &c693g&cfff46/10 &cf31rl&cfff&cf60:11&cfff [ya-tele] 
(lethalwiz): >&c599lwz:&cfff &cf00lost&cfff [bridge] 2
(lethalwiz): >&c599lwz:&cfff &cf00lost&cfff [bridge] 2
(mOlle): >&c59cmol:&cfff &cf00lost&cfff [ga] 2
(mOlle): >&c59cmol:&cfff &cf00lost&cfff [ga] 2
(goblin): >&c599gob:&cfff &c991y&cfff117/72 &cf31rl&cfff&cf31:8&cfff [cross] &c05fquad&cfff
(goblin): >&c599gob:&cfff &c991y&cfff117/72 &cf31rl&cfff&cf31:8&cfff [quad] &c05fquad&cfff
(lethalwiz): >&c599lwz:&cfff &cf00lost&cfff [water-rl] 1
(Wimdowlicker): >wim: 0/16 &cf13rl&cfff:5 [gl.stairs] 
(Wimdowlicker): >wim: &cf00dropped&cfff &cf13rl&cfff &cf40[&cfffgl&cf40]&cfff 1
(Wimdowlicker): >wim: &cf00dropped&cfff &cf13rl&cfff &cf40[&cfffgl&cf40]&cfff 1
(Wimdowlicker): >wim: &cf00dropped&cfff &cf13rl&cfff &cf40[&cfffgl&cf40]&cfff 1
(splif): >spl: __ 0/100 [cross]
(hangtime): >&c599han&cfff &cf00lost&cfff [GA] 2
(goblin): >&c599gob:&cfff took &cff0ya&cfff [ya]
(goblin): >&c599gob:&cfff took &cff0ya&cfff [ya]
(lethalwiz): >&c599lwz:&cfff rox at [mega-rox]
(lethalwiz): >&c599lwz:&cfff rox at [mega-rox]
(goblin): >&c599gob:&cfff &c991y&cfff3/23 &cf31rl&cfff&cf31:9&cfff [gl] 
(goblin): >&c599gob:&cfff &c991y&cfff3/53 &cf31rl&cfff&cf31:14&cfff [gl-stairs] 
(goblin): >&c599gob:&cfff &c991y&cfff3/53 &cf31rl&cfff&cf31:14&cfff [gl-stairs] 
(andeh): >&cd37and:&cfff &cf00lost&cfff [ya-water] 0
(andeh): >&cd37and:&cfff &cf00lost&cfff [ya-water] 0
(andeh): >&cd37and:&cfff &cf00lost&cfff [ya-water] 0
(andeh): >&cd37and:&cfff &cf00lost&cfff [ya-water] 0
no weapon
(goblin): >&c599gob:&cfff &cf00lost&cfff [gl-stairs] 4
(goblin): >&c599gob:&cfff &cf00lost&cfff [gl-stairs] 4
(Wimdowlicker): >wim: &cf00lost&cfff &cf00[&cfffya&cf00]&cfff 1
(Wimdowlicker): >wim: 0/100 sg [start.water] 
(hangtime): >&c599han&cfff &cf00lost&cfff [YA] 2
(Wimdowlicker): >wim: 0/100 sg [start.rl] 
(Wimdowlicker): >wim: 0/100 sg [rl] 
[16] minutes remaining
The game is currently a tie
You receive 25 health
(andeh): >&cd37and:&cfff &c0b0team&cfff &c05fquad&cfff
(andeh): >&cd37and:&cfff &c0b0team&cfff &c05fquad&cfff
(andeh): >&cd37and:&cfff &c0b0team&cfff &c05fquad&cfff
(andeh): >&cd37and:&cfff &c0b0team&cfff &c05fquad&cfff
(andeh): >&cd37and:&cfff &c0b0team&cfff &c05fquad&cfff
(andeh): >&cd37and:&cfff &c0b0team&cfff &c05fquad&cfff
(goblin): >&c599gob:&cfff 0/16 [ya] 
(goblin): >&c599gob:&cfff 0/16 [ya] 
(goblin): >&c599gob:&cfff 0/16 [ya] 
(andeh): >&cd37and:&cfff 0/100 sg [gl-stairs] r:14 &c05fquad&cfff
(lethalwiz): >&c599lwz:&cfff &c693g&cfff48/21 &cf60rl&cfff&cf31:9&cfff [cross-water] 
(andeh): >&cd37and:&cfff took &cff0ya&cfff [ya]
(mOlle): >&c59cmol:&cfff 0/73 [ya] 
(goblin): >&c599gob:&cfff 0/16 &c299gl&cfff [gl] rox:5 
(goblin): >&c599gob:&cfff 0/46 &c299gl&cfff [quad] rox:5 
(andeh): >&cd37and:&cfff &c991y&cfff81/57 sg [rl] r:14 &c05fquad&cfff
(mOlle): >&c59cmol:&cfff 0/98 [water-rl] 
(lethalwiz): >&c599lwz:&cfff &c693g&cfff48/81 &cf60rl&cfff&cf31:8&cfff [ya] 
(goblin): >&c599gob:&cfff 0/30 &c299gl&cfff [quad] rox:4 
(lethalwiz): >&c599lwz:&cfff &c693g&cfff48/81 &cf60rl&cfff&cf31:8&cfff [ya] 
(andeh): >&cd37and:&cfff &cf00lost&cfff [rl] 1
(andeh): >&cd37and:&cfff &cf00lost&cfff [rl] 1
(andeh): >&cd37and:&cfff &cf00lost&cfff [rl] 1
(andeh): >&cd37and:&cfff &cf00lost&cfff [rl] 1
(andeh): >&cd37and:&cfff &cf00lost&cfff [rl] 1
(Wimdowlicker): >wim: 0/156 &cf13rl&cfff:19 [start.rl] 
(hangtime): >&c599han&cfff: 0/100 [CROSS]
(Wimdowlicker): >wim: 0/155 &cf13rl&cfff:19 [start.water] 
(hangtime): >&c599han&cfff &cf00lost&cfff [GL/QUAD] 2
(hangtime): >&c599han&cfff &cf00lost&cfff [GL/QUAD] 2
(Wimdowlicker): >wim: 0/151 &cf13rl&cfff:15 [start.stairs] 
(eb): >eb: 0/100 &cf13rl&cfff:20 [quad]
(Wimdowlicker): >wim: 0/149 &cf13rl&cfff:15 [bridge] 
(hangtime): >&c599han&cfff: 0/75 [GL] &cf13r&cfff:12
(hangtime): >&c599han&cfff &cf00lost&cfff [YA] 2
(hangtime): >&c599han&cfff &cf00lost&cfff [YA] 2
(hangtime): >&c599han&cfff &cf00lost&cfff [YA] 2
(eb): >eb: &cf00DROPPED &cf13rl&cfff &cf00[&cfffgl&cf00]&cfff 1
(eb): >eb: &cf00DROPPED &cf13rl&cfff &cf00[&cfffgl&cf00]&cfff 1
(eb): >eb: &cf00DROPPED &cf13rl&cfff &cf00[&cfffgl&cf00]&cfff 1
(hangtime): >&c599han&cfff took &cf39pack&cfff [GL]
(Wimdowlicker): >wim: &c0b046&cfff/21 &cf13rl&cfff:26 [ya.water] 
(hangtime): >&c599han&cfff: 0/32 &cf31rl&cfff:12 [GL]
(hangtime): >&c599han&cfff: 0/62 &cf31rl&cfff:12 [GL]
(hangtime): >&c599han&cfff: 0/62 &cf31rl&cfff:12 [GL]
(Wimdowlicker): >wim: &c0b046&cfff/71 &cf13rl&cfff:24 [door] 
[15] minutes remaining
Team [+er+] leads by 5 frags
(Wimdowlicker): >wim: &c0b046&cfff/100 &cf13rl&cfff:24 [spikes] 
(hangtime): >&c599han&cfff: &cff0150&cfff/87 &cf31rl&cfff:17 [YA.TOP]
(Wimdowlicker): >wim: &c0b046&cfff/100 &cf13rl&cfff:24 [ya.spikes] 
(Wimdowlicker): >wim: &c0b046&cfff/100 &cf13rl&cfff:24 [ya] 
(hangtime): >&c599han&cfff: &cff0102&cfff/71 &cf31rl&cfff:16 [GL]
(Wimdowlicker): >wim: &c0b035&cfff/79 &cf13rl&cfff:23 [gl.stairs] 
(andeh): >&cd37and:&cfff &cf00lost&cfff [quad] 2
(andeh): >&cd37and:&cfff &cf00lost&cfff [quad] 2
(hangtime): >&c599han&cfff &cf00dropped&cfff &cf31rl&cfff [QUAD] 2
(hangtime): >&c599han&cfff &cf00dropped&cfff &cf31rl&cfff [QUAD] 2
(goblin): >&c599gob:&cfff 0/8 &cf31rl&cfff&cf31:3&cfff [cross] 
(lethalwiz): >&c599lwz:&cfff: &c0b0safe&cfff &c0b0[&cfffgl-sng&c0b0]&cfff 
(mOlle): >&c59cmol:&cfff &cf00lost&cfff [cross] 1
no weapon
(andeh): >&cd37and:&cfff &cf00lost&cfff [ya] 1
(andeh): >&cd37and:&cfff &cf00lost&cfff [ya] 1
(andeh): >&cd37and:&cfff &cf00lost&cfff [ya] 1
(goblin): >&c599gob:&cfff 0/33 &cf31rl&cfff&cf31:2&cfff [ga] 
(goblin): >&c599gob:&cfff 0/88 &cf31rl&cfff&cf31:2&cfff [ssg] 
(goblin): >&c599gob:&cfff 0/88 &cf31rl&cfff&cf31:2&cfff [ssg-spikes] 
(goblin): >&c599gob:&cfff 0/88 &cf31rl&cfff&cf31:2&cfff [ssg-spikes] 
(andeh): >&cd37and:&cfff 0/18 gl [gl-stairs] r:5 
(lethalwiz): >&c599lwz:&cfff &c693g&cfff22/-6 sng [rl] 
(lethalwiz): >&c599lwz:&cfff &c693g&cfff22/-6 sng [rl] 
(goblin): >&c599gob:&cfff 0/82 &cf31rl&cfff&cf31:2&cfff [ya] 
(lethalwiz): >&c599lwz:&cfff &cf00lost&cfff [cross] 1
(andeh): >&cd37and:&cfff rox at [gl-rox]
(goblin): >&c599gob:&cfff 0/82 &cf31rl&cfff&cf31:1&cfff [ya] 
(goblin): >&c599gob:&cfff took &cff0ya&cfff [ya]
(andeh): >&cd37and:&cfff 0/35 gl [gl-quad] r:5 
(lethalwiz): >&c599lwz:&cfff 0/-12 ssg [water-ga] 
(lethalwiz): >&c599lwz:&cfff 0/100 [gl-quad] 
(goblin): >&c599gob:&cfff took &cf31rox&cfff [gl-rox]
(andeh): >&cd37and:&cfff 0/80 gl [quad-stairs] r:3 
(andeh): >&cd37and:&cfff 0/80 gl [quad-stairs] r:3 
(andeh): >&cd37and:&cfff 0/80 gl [quad-stairs] r:3 
[14] minutes remaining
Team [+er+] leads by 9 frags
(lethalwiz): >&c599lwz:&cfff &cf00lost&cfff [ya] 1
(lethalwiz): >&c599lwz:&cfff &cf00lost&cfff [ya] 1
(andeh): >&cd37and:&cfff &cf00lost&cfff [rl] 1
(goblin): >&c599gob:&cfff &c991y&cfff136/91 &cf31rl&cfff&cf31:55&cfff [quad-box] &c05fquad&cfff
(lethalwiz): >&c599lwz:&cfff 0/-9 sng [mega-low] 
(goblin): >&c599gob:&cfff took &cff0ya&cfff [ya]
(goblin): >&c599gob:&cfff replace [ya]
(goblin): >&c599gob:&cfff &c991y&cfff150/60 &cf31rl&cfff&cf31:54&cfff [gl-stairs] &c05fquad&cfff
(lethalwiz): >&c599lwz:&cfff &c693g&cfff87/73 ssg [water-rl] 
(andeh): >&cd37and:&cfff took sng [gl-sng]
(lethalwiz): >&c599lwz:&cfff &c693g&cfff59/43 &cf60rl&cfff&cf31:4&cfff [rl] 
Quad Damage is wearing off
(mOlle): >&c59cmol:&cfff &cf00lost&cfff [gl] 2
(mOlle): >&c59cmol:&cfff &cf00lost&cfff [gl] 2
(goblin): >&c599gob:&cfff &c991y&cfff125/95 &cf31rl&cfff&cf31:47&cfff [mega-low] &c05fquad&cfff
(lethalwiz): >&c599lwz:&cfff &c693g&cfff59/73 &cf60rl&cfff&cf31:4&cfff [start-stairs] 
(goblin): >&c599gob:&cfff &c991y&cfff125/100 &cf31rl&cfff&cf31:52&cfff [gl] 
(lethalwiz): >&c599lwz:&cfff &c693g&cfff15/-15 &cf60rl&cfff&cf31:3&cfff [start-stairs] 
(lethalwiz): >&c599lwz:&cfff 0/100 [mega-low] 
[13] minutes remaining
Team [=s=] leads by 2 frags
(goblin): >&c599gob:&cfff &c991y&cfff37/67 &cf31rl&cfff&cf31:44&cfff [gl-stairs] 
(mOlle): >&c59cmol:&cfff &cf00lost&cfff [rl] 1
(goblin): >&c599gob:&cfff andeh at [ya]
(andeh): >&cd37and:&cfff 0/100 sng [ya] r:3 
(goblin): >&c599gob:&cfff took &cff0ya&cfff [ya]
(goblin): >&c599gob:&cfff &c991y&cfff150/84 &cf31rl&cfff&cf31:44&cfff [ya] 
(andeh): >&cd37and:&cfff &cf00lost&cfff [quad] 3
(andeh): >&cd37and:&cfff &cf00lost&cfff [quad] 3
(lethalwiz): >&c599lwz:&cfff 0/-38 [quad-box] 
(andeh): >&cd37and:&cfff &cf00lost&cfff [quad] 3
(lethalwiz): >&c599lwz:&cfff 0/-38 [quad-box] 
You get 17 shells
(goblin): >&c599gob:&cfff &c991y&cfff135/100 &cf31rl&cfff&cf31:45&cfff [ya] 
(goblin): >&c599gob:&cfff &c0b0safe&cfff [ya]
(goblin): >&c599gob:&cfff &c0b0safe&cfff [ya]
(andeh): >&cd37and:&cfff 0/28 [gl-rox] 
(andeh): >&cd37and:&cfff took sng [gl-sng]
(goblin): >&c599gob:&cfff &c991y&cfff135/100 &cf31rl&cfff&cf31:45&cfff [ya] 
(goblin): >&c599gob:&cfff &c991y&cfff57/76 &cf31rl&cfff&cf31:38&cfff [ya] 
(goblin): >&c599gob:&cfff &c991y&cfff52/73 &cf31rl&cfff&cf31:36&cfff [ya] 
(goblin): >&c599gob:&cfff &c991y&cfff52/73 &cf31rl&cfff&cf31:36&cfff [ya] 
(lethalwiz): >&c599lwz:&cfff 0/-5 sg [ya] rox:5 
(goblin): >&c599gob:&cfff &cf00dropped&cfff &cf31rl&cfff [ya] 1
(goblin): >&c599gob:&cfff &cf00dropped&cfff &cf31rl&cfff [ya] 1
(goblin): >&c599gob:&cfff &cf00dropped&cfff &cf31rl&cfff [ya] 1
(goblin): >&c599gob:&cfff &cf00dropped&cfff &cf31rl&cfff [ya] 1
(splif): >spl: __ &cff0y&cfff150/65 &cf13rl&cfff:38 [ya]
(hangtime): >&c599han&cfff &c0b0safe&cfff [MEGA] &cf31rl&cfff
(Wimdowlicker): >wim: &c0b094&cfff/45 gl [water.ga] 
[12] minutes remaining
The game is currently a tie
no weapon
(hangtime): >&c599han&cfff took &c0ffmega&cfff [MEGA]
(Wimdowlicker): >wim: &c0b065&cfff/36 &cf13rl&cfff:3 [rl] 
(hangtime): >&c599han&cfff: &c0b082&cfff/200 &cf31rl&cfff:10 [CROSS]
(hangtime): >&c599han&cfff &cf2aBOREPACKS&cfff [QUAD] 3
(hangtime): >&c599han&cfff &cf2aBOREPACKS&cfff [QUAD] 3
(Wimdowlicker): >wim: &cf00dropped&cfff &cf13rl&cfff &cf40[&cfffrl&cf40]&cfff 1
(Wimdowlicker): >wim: &cf00dropped&cfff &cf13rl&cfff &cf40[&cfffrl&cf40]&cfff 1
(Wimdowlicker): >wim: &cf00dropped&cfff &cf13rl&cfff &cf40[&cfffrl&cf40]&cfff 1
no weapon
(hangtime): >&c599han&cfff &cf2aBOREPACKS&cfff [QUAD] 3
(hangtime): >&c599han&cfff &cf2aBOREPACKS&cfff [QUAD] 3
(eb): >eb: &cf00lost&cfff &cf00[&cfffquad&cf00]&cfff 2
(andeh): >&cd37and:&cfff 0/100 sng [mega] r:5 
(goblin): >&c599gob:&cfff coming [rl] need armor weapon
(goblin): >&c599gob:&cfff 0/100 [rl] 
(mOlle): >&c59cmol:&cfff &cf00lost&cfff [start-water] 1
(goblin): >&c599gob:&cfff 0/100 ng [rl] 
(andeh): >&cd37and:&cfff 0/100 sng [mega] r:5 
(andeh): >&cd37and:&cfff took &c0ffmega&cfff [mega]
(mOlle): >&c59cmol:&cfff &cf00lost&cfff [gl] 1
(goblin): >&c599gob:&cfff 0/100 [ga] 
(lethalwiz): >&c599lwz:&cfff &c991y&cfff107/73 &cf60rl&cfff&cf31:29&cfff [ya] 
(goblin): >&c599gob:&cfff 0/26 sg [cross-water] rox:1 
(lethalwiz): >&c599lwz:&cfff &c991y&cfff150/73 &cf60rl&cfff&cf31:29&cfff [ya] 
(lethalwiz): >&c599lwz:&cfff &c991y&cfff150/73 &cf60rl&cfff&cf31:29&cfff [ya] 
(goblin): >&c599gob:&cfff 0/76 sg [mega-sng] rox:1 
(andeh): >&cd37and:&cfff 0/101 sng [gl] r:14 
(andeh): >&cd37and:&cfff 0/100 sng [gl-stairs] r:14 
(goblin): >&c599gob:&cfff 0/100 sng [cross] rox:6 
(andeh): >&cd37and:&cfff 0/59 sng [ya] r:14 
(andeh): >&cd37and:&cfff &cf00lost&cfff [ya] 1
(andeh): >&cd37and:&cfff &cf00lost&cfff [ya] 1
(andeh): >&cd37and:&cfff &cf00lost&cfff [ya] 1
(andeh): >&cd37and:&cfff &cf00lost&cfff [ya] 1
(lethalwiz): >&c599lwz:&cfff &c991y&cfff57/73 &cf60rl&cfff&cf31:21&cfff [ssg] 
[11] minutes remaining
Team [=s=] leads by 4 frags
(goblin): >&c599gob:&cfff 0/100 ng [start-rl] 
(mOlle): >&c59cmol:&cfff &c693g&cfff100/56 [water-rl] 
(mOlle): >&c59cmol:&cfff &c693g&cfff100/56 [water-rl] 
(andeh): >&cd37and:&cfff took &cf60rl&cfff [rl]
(lethalwiz): >&c599lwz:&cfff &c991y&cfff51/70 &cf60rl&cfff&cf31:20&cfff [ya] 
(lethalwiz): >&c599lwz:&cfff &c991y&cfff51/70 &cf60rl&cfff&cf31:20&cfff [ya] 
(andeh): >&cd37and:&cfff 0/100 &cf60rl&cfff&cf60:5&cfff [cross-water] 
(Wimdowlicker): >wim: &cff0150&cfff/100 ssg [quad.box] &c05fquad&cfff
(splif): >spl: __ 0/100 gl:3 [gl-quad]
(hangtime): >&c599han&cfff &cf00lost&cfff [YA] 1
(Wimdowlicker): >wim: &cf2apack&cfff at [ya.water]
(hangtime): >&c599han&cfff took &cf39pack&cfff [YA.WATER]
(hangtime): >&c599han&cfff took &cf39pack&cfff [YA.WATER]
(hangtime): >&c599han&cfff took &c2aasn&cfff [GL.SNG]
(Wimdowlicker): >wim: &cff0150&cfff/40 gl [gl.stairs] &cf13r&cfff:1 &c05fquad&cfff
(splif): >spl: __ &c0b0g&cfff100/100 ssg:46 [rl]
(Wimdowlicker): >wim: &cff0105&cfff/13 gl [quad] &cf13r&cfff:1 &c05fquad&cfff
(hangtime): >&c599han&cfff: 0/100 &cf31rl&cfff:24 [WATER.MID]
(splif): >spl: __ &c0b0g&cfff76/84 ssg:100 [rl]
(Wimdowlicker): >wim: &cf00lost&cfff &cf00[&cfffquad&cf00]&cfff 2
(splif): >spl: __ &c0b0g&cfff76/84 ssg:100 [rl]
(splif): >spl: __ lost [ya] e:1
(Wimdowlicker): >wim: &cf00lost&cfff &cf00[&cfffquad&cf00]&cfff 2
(splif): >spl: __ &c0b0g&cfff76/84 &cf13rl&cfff:5 [rl]
(hangtime): >&c599han&cfff &cf00dropped&cfff &cf31rl&cfff [DOOR] 2
(hangtime): >&c599han&cfff &cf00dropped&cfff &cf31rl&cfff [DOOR] 2
(Wimdowlicker): >wim: &cf00lost&cfff &cf00[&cfffquad&cf00]&cfff 0
(splif): >spl: __ &c0b0g&cfff55/41 &cf13rl&cfff:2 [cross]
(splif): >spl: __ &c0b0g&cfff55/41 &cf13rl&cfff:2 [cross]
(hangtime): >&c599han&cfff &cf00lost&cfff [MEGA.LOW] 2
(Wimdowlicker): >wim: 0/53 gl [gl] &cf13r&cfff:12 
(splif): >spl: __ &c0b0g&cfff51/100 &cf13rl&cfff:1 [mega]
(eb): >eb: &cff0150&cfff/100 sng:130 [rl] &cf13r&cfff:6
(eb): >eb: &cff0150&cfff/100 sng:130 [rl] &cf13r&cfff:6
(Wimdowlicker): >wim: &cf00lost&cfff &cf00[&cfffya&cf00]&cfff 1
(Wimdowlicker): >wim: &cf00lost&cfff &cf00[&cfffya&cf00]&cfff 1
(Wimdowlicker): >wim: 0/100 sg [cross.water] 
[10] minutes remaining
Team [+er+] leads by 5 frags
(splif): >spl: __ &c0b0g&cfff12/68 &cf13rl&cfff:0 [gl-quad]
(hangtime): >&c599han&cfff: 0/100 [RL/CROSS]
(splif): >spl: __ 0/14 &cf13rl&cfff:0 [gl-stairs]
(splif): >spl: __ 0/14 &cf13rl&cfff:0 [gl-stairs]
(splif): >spl: __ 0/14 &cf13rl&cfff:0 [gl-stairs]
no weapon
(mOlle): >&c59cmol:&cfff 0/100 [spikes] 
(mOlle): >&c59cmol:&cfff 0/100 [spikes] 
(goblin): >&c599gob:&cfff &cf00lost&cfff [quad] 3
(goblin): >&c599gob:&cfff &cf00lost&cfff [quad] 3
(goblin): >&c599gob:&cfff &cf00lost&cfff [quad] 3
(Wimdowlicker): >wim: 0/52 sg [gl.quad] 
(Wimdowlicker): >wim: &cf00lost&cfff &cf00[&cfffgl.quad&cf00]&cfff 2
(Wimdowlicker): >wim: &cf00lost&cfff &cf00[&cfffgl.quad&cf00]&cfff 2
(hangtime): >&c599han&cfff &c0b0team&cfff &c05fquad&cfff
(hangtime): >&c599han&cfff &c0b0team&cfff &c05fquad&cfff
(hangtime): >&c599han&cfff took &c0ffmega&cfff [MEGA]
(splif): >spl: __ 0/100 [rl]
(Wimdowlicker): >wim: 0/100 sng [cross] 
(eb): >eb: &cf00DROPPED &cf13rl&cfff &cf00[&cfffya-water&cf00]&cfff 2
(hangtime): >&c599han&cfff: &c05fquad&cfff 0/188 [WATER.RL]
(eb): >eb: &cf00DROPPED &cf13rl&cfff &cf00[&cfffya-water&cf00]&cfff 2
(hangtime): > &c599han&cfff __ &cf39pack&cfff at [RL]
(splif): >spl: __ 0/100 [rl]
(eb): >eb: &cf00DROPPED &cf13rl&cfff &cf00[&cfffya-water&cf00]&cfff 2
(eb): >eb: &cf00DROPPED &cf13rl&cfff &cf00[&cfffya-water&cf00]&cfff 2
(eb): >eb: &cf00DROPPED &cf13rl&cfff &cf00[&cfffya-water&cf00]&cfff 2
(Wimdowlicker): >wim: &cf2apack&cfff at [rl]
(Wimdowlicker): >wim: 0/100 sng [water.rl] 
(hangtime): >&c599han&cfff: &c05fquad&cfff 0/185 [RL]
(Wimdowlicker): >wim: 0/100 sng [start.rl] 
(hangtime): >&c599han&cfff took &cf31rl&cfff [RL]
Quad Damage is wearing off
(splif): >spl: __ 0/60 [mega-low]
(hangtime): >&c599han&cfff: 0/172 &cf31rl&cfff:9 [MEGA]
(eb): >eb: you take [bridge]
(splif): >spl: __ 0/85 [door]
(hangtime): >&c599han&cfff: 0/170 &cf31rl&cfff:9 [MEGA.entry]
(Wimdowlicker): >wim: &cf00lost&cfff &cf00[&cfffssg&cf00]&cfff 1
(hangtime): >&c599han&cfff: 0/169 &cf31rl&cfff:9 [QUAD.STAIRS]
(splif): >spl: __ 0/85 &cf13rl&cfff:15 [bridge]
(splif): >spl: __ 0/100 &cf13rl&cfff:15 [bridge]
(hangtime): >&c599han&cfff &cf00dropped&cfff &cf31rl&cfff [GL/QUAD] 1
(hangtime): >&c599han&cfff &cf00dropped&cfff &cf31rl&cfff [GL/QUAD] 1
(andeh): >&cd37and:&cfff &c991y&cfff36/70 &cf60rl&cfff&cf60:12&cfff [gl] 
(goblin): >&c599gob:&cfff &cf00lost&cfff [rl] 2
(goblin): >&c599gob:&cfff &cf00lost&cfff [rl] 2
[9] minutes remaining
Team [=s=] leads by 2 frags
(andeh): >&cd37and:&cfff &c991y&cfff36/70 &cf60rl&cfff&cf60:22&cfff [gl] 
(lethalwiz): >&c599lwz:&cfff 0/-22 sg [rl] rox:14 
(goblin): >&c599gob:&cfff 0/100 [start-rl] 
(andeh): >&cd37and:&cfff took &cff0ya&cfff [ya]
(andeh): >&cd37and:&cfff &c991y&cfff139/52 &cf60rl&cfff&cf60:20&cfff [gl-stairs] 
(goblin): >&c599gob:&cfff 0/36 [cross] 
(andeh): >&cd37and:&cfff &cf00lost&cfff [gl] 2
(andeh): >&cd37and:&cfff &cf00lost&cfff [gl] 2
(andeh): >&cd37and:&cfff &cf00lost&cfff [gl] 2
(mOlle): >&c59cmol:&cfff &c991y&cfff93/100 &cf31rl&cfff&cf60:15&cfff [quad-box] &c05fquad&cfff
(andeh): >&cd37and:&cfff took &cf2apack&cfff [gl]
(lethalwiz): >&c599lwz:&cfff &cf00enemy&cfff at [door]
(andeh): >&cd37and:&cfff &c0b0safe&cfff [gl]
(andeh): >&cd37and:&cfff &c0b0safe&cfff [gl]
(goblin): >&c599gob:&cfff 0/64 ssg [cross] 
(mOlle): >&c59cmol:&cfff &cf00dropped&cfff &cf31rl&cfff [gl-stairs] 1
(mOlle): >&c59cmol:&cfff &cf00dropped&cfff &cf31rl&cfff [gl-stairs] 1
(mOlle): >&c59cmol:&cfff &cf00dropped&cfff &cf31rl&cfff [gl-stairs] 1
no weapon
(hangtime): >&c599han&cfff: &cff0142&cfff/96 &cf31rl&cfff:45 [GL.STAIRS]
(Wimdowlicker): >wim: 0/34 &cf13rl&cfff:5 [rl] 
(splif): >spl: __ lost [mega] e:2
(Wimdowlicker): >wim: 0/34 &cf13rl&cfff:5 [start.rl] 
(splif): >spl: __ 0/100 [start-stairs]
(Wimdowlicker): >wim: 0/64 &cf13rl&cfff:5 [start] 
(Wimdowlicker): >wim: 0/89 &cf13rl&cfff:5 [ssg] 
(hangtime): >&c599han&cfff &cf00lost&cfff [YA] 1
(Wimdowlicker): >wim: &cf00lost&cfff &cf00[&cfffya&cf00]&cfff 2
(mOlle): >&c59cmol:&cfff 0/100 [rl] 
(lethalwiz): >&c599lwz:&cfff &c991y&cfff47/83 gl [water-ga] rox:2 
(goblin): >&c599gob:&cfff 0/200 sng [quad-stairs] rox:5 
[8] minutes remaining
Team [=s=] leads by 5 frags
(andeh): >&cd37and:&cfff &cf00lost&cfff [quad] 2
(lethalwiz): >&c599lwz:&cfff &c991y&cfff47/100 &cf60rl&cfff&cf31:7&cfff [rl] 
(Wimdowlicker): >wim: 0/76 sg [rl] 
(goblin): >&c599gob:&cfff 0/83 sng [gl-sng] 
(andeh): >&cd37and:&cfff 0/100 [mega-low] 
(lethalwiz): >&c599lwz:&cfff &c991y&cfff6/100 &cf60rl&cfff&cf31:7&cfff [mega] 
(lethalwiz): >&c599lwz:&cfff &c991y&cfff6/100 &cf60rl&cfff&cf31:7&cfff [mega] 
(goblin): >&c599gob:&cfff &cff0ya&cfff at [ya]
(goblin): >&c599gob:&cfff &cff0ya&cfff at [ya]
(andeh): >&cd37and:&cfff 0/100 sng [mega-sng] 
(lethalwiz): >&c599lwz:&cfff &c991y&cfff6/194 &cf60rl&cfff&cf31:27&cfff [gl] 
(lethalwiz): >&c599lwz:&cfff &c991y&cfff6/192 &cf60rl&cfff&cf31:27&cfff [gl-stairs] 
(andeh): >&cd37and:&cfff 0/39 sng [gl] 
(andeh): >&cd37and:&cfff 0/39 sng [gl] 
(goblin): >&c599gob:&cfff &cf2apack&cfff at [bridge]
(andeh): >&cd37and:&cfff &cf00lost&cfff [gl] 1
[7] minutes remaining
Team [=s=] leads by 10 frags
(goblin): >&c599gob:&cfff 0/82 [quad] 
(andeh): >&cd37and:&cfff 0/100 gl [gl-stairs] r:42 
(goblin): >&c599gob:&cfff andeh at [ya]
(goblin): >&c599gob:&cfff 0/82 [gl-stairs] 
(goblin): >&c599gob:&cfff 0/82 [gl-stairs] 
(andeh): >&cd37and:&cfff 0/100 gl [ya] r:42 
(andeh): >&cd37and:&cfff took &cff0ya&cfff [ya]
(andeh): >&cd37and:&cfff took &cff0ya&cfff [ya]
(andeh): >&cd37and:&cfff took &cff0ya&cfff [ya]
(andeh): >&cd37and:&cfff took &cff0ya&cfff [ya]
(goblin): >&c599gob:&cfff 0/4 [quad] 
(lethalwiz): >&c599lwz:&cfff &c991y&cfff75/109 &cf60rl&cfff&cf31:12&cfff [quad-box] &c05fquad&cfff
(andeh): >&cd37and:&cfff &cf00lost&cfff [ya] 1
(andeh): >&cd37and:&cfff 0/100 [ssg-spikes] 
(andeh): >&cd37and:&cfff 0/100 [spikes] 
(goblin): >&c599gob:&cfff 0/100 [rl] 
(goblin): >&c599gob:&cfff 0/100 [rl] 
(goblin): >&c599gob:&cfff 0/100 [rl] 
(andeh): >&cd37and:&cfff took sng [gl-sng]
(lethalwiz): >&c599lwz:&cfff 0/-12 &cf60rl&cfff&cf31:7&cfff [cross] &c05fquad&cfff
no weapon
(hangtime): >&c599han&cfff &cf00lost&cfff [RL] 1
(eb): >eb: &cf2apack&cfff at [cross] 2
(eb): >eb: &cf2apack&cfff at [cross] 1
(eb): >eb: &cf2apack&cfff at [cross] 1
(eb): >eb: &cf2apack&cfff at [cross] 1
(eb): >eb: &cf2apack&cfff at [cross] 1
(eb): >eb: &cf2apack&cfff at [cross] 1
You get 100 shells, 167 nails, 7 rockets
(eb): >eb: you take [quad-stairs]
You receive 15 health
You receive 15 health
(Wimdowlicker): >wim: 0/200 &cf13rl&cfff:10 [mega] 
(Wimdowlicker): >wim: 0/176 &cf13rl&cfff:9 [mega.low] 
You got the rockets
(hangtime): >&c599han&cfff: 0/100 &c2aass&cfff:90 [GA]
(hangtime): >&c599han&cfff: 0/100 &c2aass&cfff:90 [GA]
(eb): >eb: &cf00DROPPED &cf13rl&cfff &cf00[&cfffya-tele&cf00]&cfff 1
(eb): >eb: &cf00DROPPED &cf13rl&cfff &cf00[&cfffya-tele&cf00]&cfff 1
(eb): >eb: &cf00DROPPED &cf13rl&cfff &cf00[&cfffya-tele&cf00]&cfff 1
(eb): >eb: &cf00DROPPED &cf13rl&cfff &cf00[&cfffya-tele&cf00]&cfff 1
[6] minutes remaining
Team [=s=] leads by 13 frags
(lethalwiz): >&c599lwz:&cfff 0/-56 [mega-above] 
(andeh): >&cd37and:&cfff &c693g&cfff100/66 &cf60rl&cfff&cf60:14&cfff [ga] 
(lethalwiz): >&c599lwz:&cfff &cf00enemy&cfff at [gl]
(lethalwiz): >&c599lwz:&cfff 0/-10 gl [gl] rox:4 
(andeh): >&cd37and:&cfff &c693g&cfff100/96 &cf60rl&cfff&cf60:14&cfff [ssg-spikes] 
(andeh): >&cd37and:&cfff coming [ssg-spikes]
(andeh): >&cd37and:&cfff coming [ssg-spikes]
(mOlle): >&c59cmol:&cfff &c693g&cfff27/100 &cf31rl&cfff&cf60:5&cfff [ya] 
(goblin): >&c599gob:&cfff 0/64 [gl-quad] 
(andeh): >&cd37and:&cfff &c693g&cfff100/100 &cf60rl&cfff&cf60:14&cfff [gl-quad] 
(andeh): >&cd37and:&cfff &c693g&cfff100/100 &cf60rl&cfff&cf60:14&cfff [gl-quad] 
(goblin): >&c599gob:&cfff lethalwiz at [quad-box]
(andeh): >&cd37and:&cfff &c0b0safe&cfff [gl-quad]
(andeh): >&cd37and:&cfff &c0b0safe&cfff [gl-quad]
(andeh): >&cd37and:&cfff &c0b0safe&cfff [gl-quad]
(andeh): >&cd37and:&cfff &c0b0safe&cfff [gl]
(andeh): >&cd37and:&cfff &c0b0safe&cfff [gl]
(goblin): >&c599gob:&cfff took &cf2apack&cfff [quad-stairs]
(goblin): >&c599gob:&cfff took &cf2apack&cfff [quad-stairs]
(goblin): >&c599gob:&cfff took &cf2apack&cfff [quad-stairs]
(lethalwiz): >&c599lwz:&cfff 0/100 [quad] 
(andeh): >&cd37and:&cfff &c0b0safe&cfff [gl]
(andeh): >&cd37and:&cfff &c0b0safe&cfff [gl]
(andeh): >&cd37and:&cfff &c0b0safe&cfff [gl]
(goblin): >&c599gob:&cfff 0/100 &cf31rl&cfff&cf31:4&cfff [door] 
(goblin): >&c599gob:&cfff &c693g&cfff100/100 &cf31rl&cfff&cf31:4&cfff [ga] 
(lethalwiz): >&c599lwz:&cfff &cf2apack&cfff at [ya-water]
(lethalwiz): >&c599lwz:&cfff &cf2apack&cfff at [ya-water]
(lethalwiz): >&c599lwz:&cfff &cf2apack&cfff at [ya-water]
(lethalwiz): >&c599lwz:&cfff 0/100 sng [ya-water] 
(goblin): >&c599gob:&cfff &c693g&cfff100/100 &cf31rl&cfff&cf31:4&cfff [ssg-spikes] 
(andeh): >&cd37and:&cfff &c0b0safe&cfff [gl]
(andeh): >&cd37and:&cfff &c0b0safe&cfff [gl]
(goblin): >&c599gob:&cfff &cf00dropped&cfff &cf31rl&cfff [ya] 1
(goblin): >&c599gob:&cfff &cf00dropped&cfff &cf31rl&cfff [ya] 1
(goblin): >&c599gob:&cfff &cf00dropped&cfff &cf31rl&cfff [ya] 1
(goblin): >&c599gob:&cfff &cf00dropped&cfff &cf31rl&cfff [ya] 1
(goblin): >&c599gob:&cfff &cf00dropped&cfff &cf31rl&cfff [ya] 1
(goblin): >&c599gob:&cfff &cf00dropped&cfff &cf31rl&cfff [ya] 1
(mOlle): >&c1ff>&r &cff0ya&cfff &c777at&r [ya]
(goblin): >&c599gob:&cfff &c991y&cfff150/73 [ya-water] 
(andeh): >&cd37and:&cfff &c693g&cfff73/62 &cf60rl&cfff&cf60:16&cfff [gl] 
(goblin): >&c599gob:&cfff &c991y&cfff108/45 [water-rl] 
(goblin): >&c599gob:&cfff &c991y&cfff108/45 [water-rl] 
(goblin): >&c599gob:&cfff &c991y&cfff108/45 [rl] 
(andeh): >&cd37and:&cfff &c693g&cfff63/44 &cf60rl&cfff&cf60:12&cfff [gl] 
(lethalwiz): >&c599lwz:&cfff &cf2apack&cfff at [mega-low]
(lethalwiz): >&c599lwz:&cfff &cf2apack&cfff at [mega-low]
(lethalwiz): >&c599lwz:&cfff &cf2apack&cfff at [mega-low]
(lethalwiz): >&c599lwz:&cfff &cf2apack&cfff at [mega-low]
(lethalwiz): >&c599lwz:&cfff 0/132 &cf60rl&cfff&cf31:27&cfff [mega-low] 
(lethalwiz): >&c599lwz:&cfff &cf2apack&cfff at [mega-low]
(lethalwiz): >&c599lwz:&cfff &cf2apack&cfff at [mega-low]
(lethalwiz): >&c599lwz:&cfff &cf2apack&cfff at [mega-low]
(goblin): >&c599gob:&cfff &c991y&cfff108/75 ng [start-hide] 
[5] minutes remaining
Team [=s=] leads by 27 frags
(andeh): >&cd37and:&cfff &c0b0safe&cfff [gl]
(andeh): >&cd37and:&cfff &c0b0safe&cfff [gl]
(lethalwiz): >&c599lwz:&cfff 0/110 &cf60rl&cfff&cf31:25&cfff [mega] 
(lethalwiz): >&c599lwz:&cfff 0/110 &cf60rl&cfff&cf31:25&cfff [mega] 
(andeh): >&cd37and:&cfff &c693g&cfff52/49 &cf60rl&cfff&cf60:13&cfff [gl] 
(andeh): >&cd37and:&cfff &c693g&cfff49/44 &cf60rl&cfff&cf60:13&cfff [gl-stairs] 
(goblin): >&c599gob:&cfff &cf00lost&cfff [rl] 2
(goblin): >&c599gob:&cfff &cf00lost&cfff [rl] 2
(andeh): >&cd37and:&cfff &c693g&cfff43/34 &cf60rl&cfff&cf60:9&cfff [ya] 
(lethalwiz): >&c599lwz:&cfff &cf2apack&cfff at [cross]
(mOlle): >&c59cmol:&cfff &c991y&cfff147/61 &cf31rl&cfff&cf60:12&cfff [quad] &c05fquad&cfff
(mOlle): >&c59cmol:&cfff &c991y&cfff147/61 &cf31rl&cfff&cf60:12&cfff [quad] &c05fquad&cfff
(mOlle): >&c59cmol:&cfff &c991y&cfff147/61 &cf31rl&cfff&cf60:12&cfff [quad] &c05fquad&cfff
(mOlle): >&c59cmol:&cfff &c991y&cfff147/61 &cf31rl&cfff&cf60:12&cfff [quad] &c05fquad&cfff
(goblin): >&c599gob:&cfff 0/100 [quad-stairs] 
(lethalwiz): >&c599lwz:&cfff 0/100 &cf60rl&cfff&cf31:20&cfff [mega] 
(andeh): >&cd37and:&cfff &c693g&cfff18/8 &cf60rl&cfff&cf60:5&cfff [ya] 
(andeh): >&cd37and:&cfff took &cff0ya&cfff [ya]
(andeh): >&cd37and:&cfff took &cff0ya&cfff [ya]
(andeh): >&cd37and:&cfff &c991y&cfff150/8 &cf60rl&cfff&cf60:5&cfff [ya] 
(andeh): >&cd37and:&cfff &c991y&cfff121/19 &cf60rl&cfff&cf60:3&cfff [gl] 
(andeh): >&cd37and:&cfff &c991y&cfff121/19 &cf60rl&cfff&cf60:7&cfff [gl] 
Quad Damage is wearing off
(lethalwiz): >&c599lwz:&cfff 0/159 &cf60rl&cfff&cf31:14&cfff [quad] 
(mOlle): >&c59cmol:&cfff &c991y&cfff4/19 &cf31rl&cfff&cf60:9&cfff [water-spikes] &c05fquad&cfff
(mOlle): >&c59cmol:&cfff &c991y&cfff4/19 &cf31rl&cfff&cf60:9&cfff [water-spikes] &c05fquad&cfff
(mOlle): >&c59cmol:&cfff &c991y&cfff4/19 &cf31rl&cfff&cf60:9&cfff [water-spikes] &c05fquad&cfff
(andeh): >&cd37and:&cfff took &cff0ya&cfff [ya]
(mOlle): >&c59cmol:&cfff &c991y&cfff4/44 &cf31rl&cfff&cf60:9&cfff [ya-tele] 
(mOlle): >&c59cmol:&cfff &c991y&cfff4/44 &cf31rl&cfff&cf60:9&cfff [ya-tele] 
(andeh): >&cd37and:&cfff &c0b0safe&cfff [gl-rox]
(andeh): >&cd37and:&cfff &c0b0safe&cfff [gl-rox]
(andeh): >&cd37and:&cfff &c0b0safe&cfff [gl]
(andeh): >&cd37and:&cfff &c0b0safe&cfff [gl]
[4] minutes remaining
Team [=s=] leads by 45 frags
(lethalwiz): >&c599lwz:&cfff &cf00dropped&cfff &cf60rl&cfff [ya] 2
(lethalwiz): >&c599lwz:&cfff &cf00dropped&cfff &cf60rl&cfff [ya] 2
(goblin): >&c599gob:&cfff 0/68 [quad-box] 
(andeh): >&cd37and:&cfff &cf00lost&cfff [gl] 1
(andeh): >&cd37and:&cfff &cf00lost&cfff [gl] 1
(goblin): >&c599gob:&cfff &c0b0team&cfff &c05fquad&cfff
(goblin): >&c599gob:&cfff &c0b0team&cfff &c05fquad&cfff
(goblin): >&c599gob:&cfff &c0b0team&cfff &c05fquad&cfff
(goblin): >&c599gob:&cfff &c0b0team&cfff &c05fquad&cfff
(goblin): >&c599gob:&cfff &c0b0team&cfff &c05fquad&cfff
(goblin): >&c599gob:&cfff &c0b0team&cfff &c05fquad&cfff
(Wimdowlicker): >wim: &cff089&cfff/87 &cf13rl&cfff:16 [ya] 
(Wimdowlicker): >wim: &cff089&cfff/87 &cf13rl&cfff:16 [ya] 
(hangtime): >&c599han&cfff &cf00lost&cfff [MEGA.entry] 2
(hangtime): >&c599han&cfff &cf00lost&cfff [MEGA] 3
(Wimdowlicker): >wim: &cff0150&cfff/78 &cf13rl&cfff:23 [ya] 
(splif): >spl: __ gl at [gl]
(hangtime): >&c599han&cfff &cf00lost&cfff [CROSS] 4
(Wimdowlicker): >wim: &cff0150&cfff/78 &cf13rl&cfff:26 [gl] 
(hangtime): >&c599han&cfff &cf00lost&cfff [QUAD] 2
(hangtime): >&c599han&cfff took &c2aasn&cfff [GL.SNG]
(Wimdowlicker): >wim: &cff088&cfff/100 &cf13rl&cfff:19 [ya] 
[3] minutes remaining
Team [=s=] leads by 41 frags
(Wimdowlicker): >wim: &cff088&cfff/100 &cf13rl&cfff:19 [ya] 
(hangtime): >&c599han&cfff took &c0b0ga&cfff [GA]
(Wimdowlicker): >wim: &cff088&cfff/100 &cf13rl&cfff:19 [ya] 
(eb): >eb: waiting [rl]
(eb): >eb: waiting [rl]
(eb): >eb: waiting [rl]
(hangtime): >&c599han&cfff: &c0b0100&cfff/100 &c2aasn&cfff:110 [START]
(hangtime): > &c599han&cfff __ &cf39pack&cfff at [START/RL]
(hangtime): >&c599han&cfff: &c0b0100&cfff/100 &c2aasn&cfff:110 [START/RL]
(Wimdowlicker): >wim: &cf00dropped&cfff &cf13rl&cfff &cf40[&cfffya&cf40]&cfff 1
(Wimdowlicker): >wim: &cf00dropped&cfff &cf13rl&cfff &cf40[&cfffya&cf40]&cfff 1
(Wimdowlicker): >wim: &cf00dropped&cfff &cf13rl&cfff &cf40[&cfffya&cf40]&cfff 1
(andeh): >&cd37and:&cfff &c0b0safe&cfff [mega]
(andeh): >&cd37and:&cfff &c0b0safe&cfff [mega]
no weapon
(splif): >spl: __ lost [ya] e:1
(splif): >spl: __ lost [ya] e:1
(lethalwiz): >&c599lwz:&cfff &c991y&cfff116/77 &cf60rl&cfff&cf31:18&cfff [quad] 
(andeh): >&cd37and:&cfff took &c0ffmega&cfff [mega]
(andeh): >&cd37and:&cfff &c693g&cfff88/200 &cf60rl&cfff&cf60:7&cfff [quad] 
(lethalwiz): >&c599lwz:&cfff &cf2apack&cfff at [ya]
(lethalwiz): >&c599lwz:&cfff &cf2apack&cfff at [ya]
(lethalwiz): >&c599lwz:&cfff &cf2apack&cfff at [ya]
(andeh): >&cd37and:&cfff &c693g&cfff88/194 &cf60rl&cfff&cf60:17&cfff [gl] 
(andeh): >&cd37and:&cfff &c693g&cfff88/194 &cf60rl&cfff&cf60:17&cfff [gl] 
(andeh): >&cd37and:&cfff &c0b0safe&cfff [gl]
(andeh): >&cd37and:&cfff &c0b0safe&cfff [gl]
(andeh): >&cd37and:&cfff &c0b0safe&cfff [gl]
(lethalwiz): >&c599lwz:&cfff &cf00dropped&cfff &cf60rl&cfff [bridge] 2
(lethalwiz): >&c599lwz:&cfff &cf00dropped&cfff &cf60rl&cfff [bridge] 2
(andeh): >&cd37and:&cfff &c693g&cfff88/188 &cf60rl&cfff&cf60:16&cfff [ya] 
(andeh): >&cd37and:&cfff &c693g&cfff88/188 &cf60rl&cfff&cf60:16&cfff [ya] 
(lethalwiz): >&c599lwz:&cfff 0/-1 [rl] 
(andeh): >&cd37and:&cfff &c693g&cfff88/184 &cf60rl&cfff&cf60:18&cfff [ya] 
(goblin): >&c599gob:&cfff 0/100 sng [mega-low] 
[2] minutes remaining
Team [=s=] leads by 41 frags
(andeh): >&cd37and:&cfff took &cff0ya&cfff [ya]
(goblin): >&c599gob:&cfff &c693g&cfff100/100 [ga] 
(andeh): >&cd37and:&cfff &c991y&cfff44/100 &cf60rl&cfff&cf60:14&cfff [gl] 
(splif): >spl: __ need A/W [gl-stairs]
(hangtime): >&c599han&cfff &cf00lost&cfff [YA] 2
(hangtime): >&c599han&cfff &cf00lost&cfff [GL.STAIRS] 2
(hangtime): >&c599han&cfff &cf00lost&cfff [YA] 2
(hangtime): >&c599han&cfff &cf00lost&cfff [START] 1
(eb): >eb: you take [gl]
(hangtime): >&c599han&cfff &cf00lost&cfff [BRIDGE] 2
You get the Grenade Launcher, 64 shells, 25 nails, 1 rockets
(Wimdowlicker): >wim: &cf00lost&cfff &cf00[&cfffstart&cf00]&cfff 1
You receive 15 health
You receive 15 health
(splif): >spl: __ 0/6 &cf13rl&cfff:5 [rl]
[1] minute remaining
Team [=s=] leads by 44 frags
(splif): >spl: __ 0/56 &cf13rl&cfff:5 [rl]
(Wimdowlicker): >wim: &cf00lost&cfff &cf00[&cfffssg&cf00]&cfff 2
(hangtime): > &c599han&cfff __ &c0ffmega&cfff at [MEGA]
(hangtime): > &c599han&cfff __ &c0ffmega&cfff at [MEGA]
(hangtime): > &c599han&cfff __ &c0ffmega&cfff at [MEGA]
(Wimdowlicker): >wim: 0/100 sg [spikes] 
You got the Grenade Launcher
You receive 15 health
(Wimdowlicker): >wim: &cff0150&cfff/100 sg [ya] 
(Wimdowlicker): >wim: &cff0150&cfff/100 sg [gl] 
(hangtime): >&c599han&cfff took &c0ffmega&cfff [MEGA]
(Wimdowlicker): >wim: &cff0150&cfff/100 sg [quad.box] 
(Wimdowlicker): >wim: &cff0150&cfff/100 sg [quad.box] 
You get 55 shells
(splif): >spl: __ 0/100 [gl]
(hangtime): >&c599han&cfff took &cf39pack&cfff [QUAD]
(eb): >eb: took &cff0ya&cfff [ya]
(Wimdowlicker): >wim: &cf00lost&cfff &cf00[&cfffmega&cf00]&cfff 2
(hangtime): >&c599han&cfff took &c2aasn&cfff [GL.SNG]
Wimdowlicker: :x
(Wimdowlicker): >wim: &c05fquad&cfff over
[30] seconds
You get 21 shells, 25 nails
You got the rockets
(Wimdowlicker): >wim: &cf00lost&cfff &cf00[&cfffcross&cf00]&cfff 2
(hangtime): >&c599han&cfff &cf00lost&cfff [GA] 1
You receive 15 health
(Wimdowlicker): >wim: 0/64 sg [ya] 
[15] seconds
You get 25 shells, 2 rockets
[10] seconds
(hangtime): >&c599han&cfff &cf00lost&cfff [START.WATER] 0
[9] seconds
[8] seconds
[7] seconds
[6] seconds
You get 100 shells, 200 nails, 7 rockets
[5] seconds
(Wimdowlicker): >wim: &cf00lost&cfff &cf00[&cfffgl.stairs&cf00]&cfff 1
[4] seconds
You get 99 shells
[3] seconds
[2] seconds
(hangtime): >&c599han&cfff &cf00lost&cfff [YA] 1
[1] second
The match is over
trigger "onmatchover" has no matching alias

Player statistics:
______________________________________
Frags (rank) friendkills . efficiency
Team [+er+]:
__________
_ Wimdowlicker:
  68 (13) 4 55.3%
Wp: rl67.4% gl25.0% sg44.5% ssg40.4%
RL skill: ad:81.1 dh:17
Armr&mhs: ga:8 ya:9 ra:0 mh:4
Powerups: Q:4 P:0 R:0
      RL: Took:10 Killed:11 Dropped:5
      LG: Took:0 Killed:0 Dropped:0
  Damage: Tkn:8352 Gvn:9644 EWep:2708 Tm:473 Self:407 ToDie:151
    Time: Quad:84
 Streaks: Frags:12 QuadRun:6
  SpawnFrags: 9
__________
_ splif:
  44 (-44) 3 33.3%
Wp: rl82.4% gl8.3% sg33.4% ssg40.4%
RL skill: ad:75.4 dh:2
Armr&mhs: ga:5 ya:5 ra:0 mh:0
Powerups: Q:1 P:0 R:0
      RL: Took:5 Killed:4 Dropped:0
      LG: Took:0 Killed:0 Dropped:0
  Damage: Tkn:10385 Gvn:7461 EWep:1374 Tm:407 Self:39 ToDie:118
    Time: Quad:2
 Streaks: Frags:8 QuadRun:1
  SpawnFrags: 1
__________
_ hangtime:
  61 (-15) 1 44.5%
Wp: rl75.0% gl14.3% sg45.9% ssg43.1%
RL skill: ad:93.1 dh:9
Armr&mhs: ga:8 ya:5 ra:0 mh:5
Powerups: Q:3 P:0 R:0
      RL: Took:11 Killed:7 Dropped:7
      LG: Took:0 Killed:0 Dropped:0
  Damage: Tkn:9760 Gvn:7966 EWep:2081 Tm:329 Self:367 ToDie:128
    Time: Quad:60
 Streaks: Frags:9 QuadRun:2
  SpawnFrags: 3
__________
_ eb:
  45 (-12) 1 44.1%
Wp: rl64.8% gl12.5% sg41.4% ssg32.9%
RL skill: ad:83.3 dh:13
Armr&mhs: ga:4 ya:10 ra:0 mh:2
Powerups: Q:1 P:0 R:0
      RL: Took:7 Killed:3 Dropped:4 Xfer:1
      LG: Took:0 Killed:0 Dropped:0
  Damage: Tkn:8323 Gvn:6929 EWep:1455 Tm:208 Self:363 ToDie:146
    Time: Quad:4
 Streaks: Frags:10 QuadRun:2
  SpawnFrags: 1

Team [=s=]:
__________
_ lethalwiz:
  81 (25) 3 59.1%
Wp: rl73.6% gl16.7% sg46.9% ssg46.7%
RL skill: ad:81.5 dh:25
Armr&mhs: ga:4 ya:8 ra:0 mh:8
Powerups: Q:2 P:0 R:0
      RL: Took:9 Killed:9 Dropped:6 Xfer:1
      LG: Took:0 Killed:0 Dropped:0
  Damage: Tkn:8362 Gvn:11353 EWep:1861 Tm:641 Self:623 ToDie:149
    Time: Quad:25
 Streaks: Frags:13 QuadRun:3
  SpawnFrags: 4
__________
_ andeh:
  74 (31) 2 63.2%
Wp: rl80.4% gl9.1% sg53.0% ssg63.6%
RL skill: ad:81.3 dh:14
Armr&mhs: ga:7 ya:8 ra:0 mh:4
Powerups: Q:1 P:0 R:0
      RL: Took:5 Killed:8 Dropped:3 Xfer:1
      LG: Took:0 Killed:0 Dropped:0
  Damage: Tkn:6720 Gvn:8932 EWep:1234 Tm:194 Self:404 ToDie:156
    Time: Quad:24
 Streaks: Frags:18 QuadRun:2
  SpawnFrags: 9
__________
_ goblin:
  64 (1) 1 50.4%
Wp: rl62.1% gl20.0% sg42.3% ssg48.6%
RL skill: ad:106.2 dh:7
Armr&mhs: ga:5 ya:7 ra:0 mh:2
Powerups: Q:4 P:0 R:0
      RL: Took:7 Killed:6 Dropped:4 Xfer:1
      LG: Took:0 Killed:0 Dropped:0
  Damage: Tkn:8518 Gvn:9705 EWep:1802 Tm:279 Self:232 ToDie:135
    Time: Quad:76
 Streaks: Frags:19 QuadRun:4
  SpawnFrags: 3
__________
_ mOlle:
  36 (-41) 0 31.9%
Wp: rl66.7% gl12.5% sg43.0% ssg33.9%
RL skill: ad:160.6 dh:3
Armr&mhs: ga:5 ya:3 ra:0 mh:1
Powerups: Q:4 P:0 R:0
      RL: Took:8 Killed:6 Dropped:1
      LG: Took:0 Killed:0 Dropped:0
  Damage: Tkn:8400 Gvn:6830 EWep:1236 Tm:242 Self:27 ToDie:109
    Time: Quad:50
 Streaks: Frags:13 QuadRun:6
  SpawnFrags: 5

______________________________________
[+er+] vs [=s=] match statistics:
______________________________________

weapons, powerups, armors&mhs, damage
______________________________________
[+er+]: Wp: rl41 gl5 sg40% ssg41%
Powerups: Q:9 P:0 R:0
Armr&mhs: ga:25 ya:29 ra:0 mh:11
      RL: Took:33 Killed:25 Dropped:16 Xfer:1
      LG: Took:0 Killed:0 Dropped:0
  Damage: Tkn:36820 Gvn:32000 EWep:7618 Tm:1417
    Time: Quad:152
[=s=]: Wp: rl49 gl5 sg45% ssg42%
Powerups: Q:11 P:0 R:0
Armr&mhs: ga:21 ya:26 ra:0 mh:15
      RL: Took:29 Killed:29 Dropped:14 Xfer:3
      LG: Took:0 Killed:0 Dropped:0
  Damage: Tkn:32000 Gvn:36820 EWep:6133 Tm:1356
    Time: Quad:177
______________________________________
[e1m2] top scorers:
______________________________________
      Frags: lethalwiz [81]
     Deaths: splif [88]
Friendkills: Wimdowlicker [4]
 Efficiency: andeh [63.2%]
 FragStreak: goblin [19]
    QuadRun: Wimdowlicker [6]
             mOlle [6]
  RL Killer: Wimdowlicker [11]
Boomsticker: andeh [53.0%]
   Survivor: andeh [156]
Annihilator: lethalwiz [11353]

______________________________________

Team scores: frags . percentage
______________________________________
[+er+]: 218 . 46.1%
[=s=]: 255 . 53.9%
______________________________________
Statistics stored (matchtag not recognised)
eb: gg
]log 5
