Server starts recording (disk): 4on4_[m]_vs_s_[dm3]100222-2106.mvd
matchdate: 2022-02-10 21:07:01 CET
trigger "onmatchstart" has no matching alias
The match has begun!
(xero): >&cf2fxer  &cfff 0/100 [sng-tele] 
(splash): >&c041spl  &cfff took &cf13rl&cfff [rl]
(goblin): >&c599gob:&cfff &c0b0team&cfff &cf00pent&cfff
(goblin): >&c599gob:&cfff &c0b0team&cfff &cf00pent&cfff
(lethalwiz): >&c599lwz:&cfff 0/95 [pent] 
(goblin): >&c599gob:&cfff &c991y&cfff147/200 [pent] &cf00pent&cfff
(goblin): >&c599gob:&cfff lethalwiz at [water]
(rio): >&cf00rio &cf55[&cf99lifts-below&cf55] lost&r &cf551&r
(goblin): >&c599gob:&cfff &c991y&cfff147/197 [bridge-low] &cf00pent&cfff
(lethalwiz): >&c599lwz:&cfff 0/95 &cf60lg&cfff&c29f:21&cfff [water] 
(rio): >&cf00rio &cf55[&cf99ra&cf55] lost&r &cf552&r
(lethalwiz): >&c599lwz:&cfff 0/77 &cf60lg&cfff&c29f:27&cfff [water] 
(rio): >&cf00rio &cf55[&cf99ra&cf55] lost&r &cf552&r
(lethalwiz): >&c599lwz:&cfff 0/77 &cf60lg&cfff&c29f:27&cfff [bridge-low] 
(lethalwiz): >&c599lwz:&cfff 0/77 &cf60lg&cfff&c29f:27&cfff [ya-entry] 
Protection is almost burned out
(rio): >  &c353rio&r [bridge-high] &cfff0&r/&cfff8&r sg &caaa
(goblin): >&c599gob:&cfff &c991y&cfff79/129 &cf31rl&cfff&cf31:7&cfff [ya] 
(rio): >&cf00rio &cf55[&cf99ra-low&cf55] lost&r &cf552&r
(goblin): >&c599gob:&cfff &c991y&cfff150/122 &cf31rl&cfff&cf31:7&cfff [window] 
(lethalwiz): >&c599lwz:&cfff 0/-11 &cf60lg&cfff&c29f:6&cfff [water] 
(lethalwiz): >&c599lwz:&cfff 0/-11 &cf60lg&cfff&c29f:6&cfff [water] 
(mOlle): >&c59cmol:&cfff coming [window]
(lethalwiz): >&c599lwz:&cfff 0/-11 &cf60lg&cfff&c29f:6&cfff [water] 
[19] minutes remaining
Team [=s=] leads by 6 frags
(rio): >  &c353rio&r [quad] &cfff0&r/&cfff100&r sg &caaa
no weapon
(xero): >&cf2fxer  &cfff &c0b0team&cfff &c05fquad&cfff
(xero): >&cf2fxer  &cfff &c0b0team&cfff &c05fquad&cfff
no weapon
no weapon
no weapon
no weapon
(splash): >&c041spl  &cfff &cf00lost [ra-tunnel] 2
(splash): >&c041spl  &cfff &cf00lost [ra-tunnel] 2
(splash): >&c041spl  &cfff &cf00lost [ra-tunnel] 2
(splash): >&c041spl  &cfff &cf00lost [ra-tunnel] 2
(xero): >&cf2fxer  &cfff 0/20 [quad] &c05fquad&cfff
no weapon
no weapon
(splash): >&c041spl  &cfff &cf00lost [ya-box] 1
(elguapo): >&c991gpo  &cfff took &c2aalg&cfff [water-lg]
no weapon
(elguapo): >&c991gpo  &cfff &cf00r&cfff176/111 &c2aalg&cfff&c29f:27&cfff [water-lg] 
(elguapo): >&c991gpo  &cfff &cf00r&cfff176/110 &c2aalg&cfff&c29f:27&cfff [water-rox] 
(xero): >&cf2fxer  &cfff 0/12 [lifts-below] &c05fquad&cfff
(xero): >&cf2fxer  &cfff coming [sng-tele] need armor weapon
(xero): >&cf2fxer  &cfff 0/77 sng [ra-low] &c05fquad&cfff
(xero): >&cf2fxer  &cfff coming [ra-low] need armor weapon
(elguapo): >&c991gpo  &cfff &cf00r&cfff45/79 &c2aalg&cfff&c29f:31&cfff [sng-tele] 
(elguapo): >&c991gpo  &cfff coming [sng-tele] need armor/&cf13rl&cfff
(elguapo): >&c991gpo  &cfff &cf00r&cfff45/79 &c2aalg&cfff&c29f:31&cfff [ra-low] 
Quad Damage is wearing off
(xero): >&cf2fxer  &cfff &cf00lost [window] 1
(lethalwiz): >&c599lwz:&cfff &cf00lost&cfff [ra] 1
(mOlle): >&c59cmol:&cfff &c991y&cfff60/18 &cf60rl&cfff&cf60:8&cfff [bridge-high] 
(lethalwiz): >&c599lwz:&cfff &cf00lost&cfff [ra] 1
(goblin): >&c599gob:&cfff 0/64 &cf31rl&cfff&cf31:5&cfff [ya-entry] 
(goblin): >&c599gob:&cfff 0/64 &cf31rl&cfff&cf31:5&cfff [ya-entry] 
(mOlle): >&c59cmol:&cfff &cf00lost&cfff [bridge-high] 2
(splash): >&c041spl  &cfff &cf00lost [water-tunnel] 1
(xero): >&cf2fxer  &cfff 0/24 [ra-low] 
(splash): >&c041spl  &cfff 0/100 ssg [window] rox:8 
(splash): >&c041spl  &cfff 0/100 ssg [window] rox:8 
(elguapo): >&c991gpo  &cfff &cf00lost [water] 1
(xero): >&cf2fxer  &cfff 0/24 [ra-low] 
(xero): >&cf2fxer  &cfff &cf00lost [ra] 1
(xero): >&cf2fxer  &cfff &cf00lost [ra] 1
[18] minutes remaining
Team [=s=] leads by 5 frags
(xero): >&cf2fxer  &cfff &cf00ra&cfff at [ra]
(xero): >&cf2fxer  &cfff &cf00ra&cfff at [ra]
(splash): >&c041spl  &cfff 0/100 ssg [ra] rox:8 
(splash): >&c041spl  &cfff took &cf00ra&cfff [ra]
(splash): >&c041spl  &cfff took &cf00ra&cfff [ra]
(xero): >&cf2fxer  &cfff &cf00lost [ya-box] 2
(xero): >&cf2fxer  &cfff &cf00lost [ya-box] 2
(elguapo): >&c991gpo  &cfff took &c0a0mega&cfff [pent]
(elguapo): >&c991gpo  &cfff 0/195 sng [water-tunnel] 
(elguapo): >&c991gpo  &cfff 0/195 sng [water-tunnel] 
(splash): >&c041spl  &cfff &cf00r&cfff92/74 ssg [window] rox:31 c:17 
(splash): >&c041spl  &cfff &cf00r&cfff92/74 ssg [bridge-high] rox:31 c:17 
(splash): >&c041spl  &cfff &cf00r&cfff92/74 ssg [bridge-low] rox:31 c:17 
(splash): >&c041spl  &cfff &cf00r&cfff92/74 ssg [bridge-low] rox:31 c:17 
(splash): >&c041spl  &cfff &cf00r&cfff92/74 ssg [rl] rox:31 c:17 
(xero): >&cf2fxer  &cfff 0/158 ssg [ya] 
(splash): >&c041spl  &cfff &cf00r&cfff92/74 ssg [rl] rox:31 c:17 
(splash): >&c041spl  &cfff &cf00r&cfff92/74 ssg [rl] rox:31 c:17 
(elguapo): >&c991gpo  &cfff 0/148 gl [ya-box] rox:7 c:27 
(splash): >&c041spl  &cfff &cf00r&cfff92/74 ssg [rl] rox:31 c:17 
(splash): >&c041spl  &cfff &cf00r&cfff92/74 ssg [rl] rox:31 c:17 
(splash): >&c041spl  &cfff &cf00r&cfff92/74 ssg [rl] rox:31 c:17 
(xero): >&cf2fxer  &cfff coming [ya-up] need armor weapon
Quad Damage is wearing off
(xero): >&cf2fxer  &cfff 0/147 ssg [ra-entry] 
(splash): >&c041spl  &cfff &cf00r&cfff12/58 &cf13rl&cfff&cf31:35&cfff [rl] 
(conan): >&c325con  &cfff &cff0y&cfff51/39 &c2aalg&cfff&c29f:10&cfff [ra] 
(elguapo): >&c991gpo  &cfff &cf00lost [bridge-stairs] 4
(xero): >&cf2fxer  &cfff 0/31 sng [ya] rox:32 c:44 
(elguapo): >&c991gpo  &cfff took &c0a0mega&cfff [sng-mega]
(xero): >&cf2fxer  &cfff 0/46 sng [ya-box] rox:32 c:44 
(xero): >&cf2fxer  &cfff 0/46 sng [ya-box] rox:32 c:44 
(splash): >&c041spl  &cfff &cf00lost [rl] 2
(splash): >&c041spl  &cfff &cf00lost [rl] 2
[17] minutes remaining
Team [[m]] leads by 3 frags
(splash): >&c041spl  &cfff &cf00lost [rl] 2
(elguapo): >&c991gpo  &cfff &cff0help [quad]
(xero): >&cf2fxer  &cfff took &cff0ya&cfff [ya-box]
(xero): >&cf2fxer  &cfff coming [window] need health weapon
(xero): >&cf2fxer  &cfff coming [window] need health weapon
(xero): >&cf2fxer  &cfff &c05fquad&cfff at [quad]
(elguapo): >&c991gpo  &cfff took &c0a0mega&cfff [hill]
(xero): >&cf2fxer  &cfff ya121/31 sng [water] rox:32 c:44 
(xero): >&cf2fxer  &cfff &cf0flg&cfff at [water-lg]
(elguapo): >&c991gpo  &cfff took &c2aalg&cfff [water-lg]
(xero): >&cf2fxer  &cfff ya121/31 sng [water-lg] rox:32 c:44 
(elguapo): >&c991gpo  &cfff 0/202 &c2aalg&cfff&c29f:21&cfff [water-lg] 
(splash): >&c041spl  &cfff 0/12 [rl] 
(elguapo): >&c991gpo  &cfff 0/192 &c2aalg&cfff&c29f:21&cfff [ra-tunnel] 
(xero): >&cf2fxer  &cfff &cf0fpack&cfff at [rl]
(xero): >&cf2fxer  &cfff ya121/31 sng [rl] rox:32 c:44 
(elguapo): >&c991gpo  &cfff 0/186 &c2aalg&cfff&c29f:21&cfff [ra-low] 
(xero): >&cf2fxer  &cfff took &cf0frl&cfff [rl]
(elguapo): >&c991gpo  &cfff &cf00lost [ra-low] 3
Quad Damage is wearing off
(xero): >&cf2fxer  &cfff ya106/22 &cf0frl&cfff&cf31:37&cfff [rl] 
(elguapo): >&c991gpo  &cfff &cf00lost [ra-entry] 2
(splash): >&c041spl  &cfff 0/100 sg [water] c:6 
(xero): >&cf2fxer  &cfff ya46/28 &cf0frl&cfff&cf31:33&cfff [ya] 
(elguapo): >&c991gpo  &cfff &cf00lost [ra] 2
(elguapo): >&c991gpo  &cfff &cf00lost [ra] 2
(xero): >&cf2fxer  &cfff ya46/28 &cf0frl&cfff&cf31:33&cfff [ya-box] 
(splash): >&c041spl  &cfff took &c2aalg&cfff [water-lg]
(xero): >&cf2fxer  &cfff ya46/28 &cf0frl&cfff&cf31:33&cfff [lifts] 
(elguapo): >&c991gpo  &cfff took &c0a0mega&cfff [pent]
(splash): >&c041spl  &cfff 0/88 &c2aalg&cfff&c29f:27&cfff [hill] 
(elguapo): >&c991gpo  &cfff 0/195 [pent] 
(xero): >&cf2fxer  &cfff ya46/28 &cf0frl&cfff&cf31:33&cfff [lifts] 
(xero): >&cf2fxer  &cfff ya46/28 &cf0frl&cfff&cf31:33&cfff [lifts] 
(elguapo): >&c991gpo  &cfff 0/195 [water-tunnel] 
(splash): >&c041spl  &cfff coming [hill] need armor/&cf13rl&cfff
(splash): >&c041spl  &cfff coming [ra-tunnel] need armor/&cf13rl&cfff
(splash): >&c041spl  &cfff coming [ra-tunnel] need armor/&cf13rl&cfff
(splash): >&c041spl  &cfff 0/188 &c2aalg&cfff&c29f:21&cfff [ra-tunnel] 
(splash): >&c041spl  &cfff 0/188 &c2aalg&cfff&c29f:21&cfff [ra-low] 
(xero): >&cf2fxer  &cfff ya46/68 &cf0frl&cfff&cf31:33&cfff [sng-lifts] 
[16] minutes remaining
Team [[m]] leads by 11 frags
(splash): >&c041spl  &cfff 0/182 &c2aalg&cfff&c29f:21&cfff [ra] 
(elguapo): >&c991gpo  &cfff &cf00lost [rl] 2
(xero): >&cf2fxer  &cfff ya46/168 &cf0frl&cfff&cf31:33&cfff [sng-mega] 
(splash): >&c041spl  &cfff 0/181 &c2aalg&cfff&c29f:21&cfff [ra] 
(splash): >&c041spl  &cfff 0/180 &c2aalg&cfff&c29f:21&cfff [ra] 
(xero): >&cf2fxer  &cfff ya46/168 &cf0frl&cfff&cf31:33&cfff [ring] 
(goblin): >&c599gob:&cfff &c0b0team&cfff &c05fquad&cfff
(goblin): >&c599gob:&cfff &c0b0team&cfff &c05fquad&cfff
(goblin): >&c599gob:&cfff &c0b0team&cfff &c05fquad&cfff
(goblin): >&c599gob:&cfff &c0b0team&cfff &c05fquad&cfff
(rio): >  &c353rio&r [bridge-high] &c991y&cfff&cf6668&r/&cf6647&r &cf31rl&cfff &caaaneed armor health
(goblin): >&c599gob:&cfff 0/64 [ya-up] &c05fquad&cfff
(goblin): >&c599gob:&cfff 0/64 sg [water-rox] c:6 &c05fquad&cfff
(goblin): >&c599gob:&cfff took &c29flg&cfff [water-lg]
(goblin): >&c599gob:&cfff 0/60 &c29flg&cfff&c29f:24&cfff [hill] &c05fquad&cfff
(lethalwiz): >&c599lwz:&cfff 0/17 [bridge-high] 
(lethalwiz): >&c599lwz:&cfff &cf00lost&cfff [bridge-high] 2
(lethalwiz): >&c599lwz:&cfff &cf00lost&cfff [bridge-high] 2
(lethalwiz): >&c599lwz:&cfff &cf00lost&cfff [bridge-high] 2
(lethalwiz): >&c599lwz:&cfff &cf00lost&cfff [ya-box] 1
(lethalwiz): >&c599lwz:&cfff &cf00lost&cfff [ya-box] 1
no weapon
(elguapo): >&c991gpo  &cfff 0/195 [pent] 
(elguapo): >&c991gpo  &cfff 0/195 [water-tunnel] 
(splash): >&c041spl  &cfff coming [window] need nothing
(xero): >&cf2fxer  &cfff &c0b0safe [ra]
(xero): >&cf2fxer  &cfff &c0b0safe [ra]
(xero): >&cf2fxer  &cfff &c0b0safe [ra]
(xero): >&cf2fxer  &cfff ra200/140 &cf0frl&cfff&cf31:29&cfff [ra] 
(splash): >&c041spl  &cfff &cff0y&cfff150/100 &cf13rl&cfff&cf31:28&cfff &c2aalg&cfff&c29f:2&cfff [ra-entry] 
(xero): >&cf2fxer  &cfff &c0b0safe [ra]
(splash): >&c041spl  &cfff &cff0y&cfff150/100 &cf13rl&cfff&cf31:28&cfff &c2aalg&cfff&c29f:2&cfff [ra] 
(splash): >&c041spl  &cfff &cff0y&cfff150/100 &cf13rl&cfff&cf31:28&cfff &c2aalg&cfff&c29f:2&cfff [ra] 
(splash): >&c041spl  &cfff &cff0y&cfff150/100 &cf13rl&cfff&cf31:28&cfff &c2aalg&cfff&c29f:2&cfff [ra] 
(xero): >&cf2fxer  &cfff ra160/122 &cf0frl&cfff&cf31:26&cfff [ya] 
(splash): >&c041spl  &cfff &cff0y&cfff150/100 &cf13rl&cfff&cf31:26&cfff &c2aalg&cfff&c29f:2&cfff [ra] 
(elguapo): >&c991gpo  &cfff took &c2aalg&cfff [water-lg]
(elguapo): >&c991gpo  &cfff &cf00lost [water] 1
(splash): >&c041spl  &cfff &cf00r&cfff183/97 &cf13rl&cfff&cf31:25&cfff &c2aalg&cfff&c29f:2&cfff [ring] 
(xero): >&cf2fxer  &cfff ra160/110 &cf0frl&cfff&cf31:29&cfff [pent] 
[15] minutes remaining
Team [[m]] leads by 14 frags
(elguapo): >&c991gpo  &cfff &cf00lost [rl] 0
(xero): >&cf2fxer  &cfff &c0b0team&cfff &cf00pent&cfff
(xero): >&cf2fxer  &cfff &c0b0team&cfff &cf00pent&cfff
(splash): >&c041spl  &cfff &cf00r&cfff131/85 &cf13rl&cfff&cf31:21&cfff &c2aalg&cfff&c29f:2&cfff [quad] &cff0ring&cfff
(splash): >&c041spl  &cfff &cf00r&cfff131/85 &cf13rl&cfff&cf31:21&cfff &c2aalg&cfff&c29f:2&cfff [quad] &cff0ring&cfff
(splash): >&c041spl  &cfff &cf00r&cfff131/85 &cf13rl&cfff&cf31:21&cfff &c2aalg&cfff&c29f:2&cfff [quad] &cff0ring&cfff
(xero): >&cf2fxer  &cfff coming [window] need armor
(splash): >&c041spl  &cfff &cf00r&cfff91/77 &cf13rl&cfff&cf31:19&cfff &c2aalg&cfff&c29f:2&cfff [quad] &c05fquad&cfff/&cff0ring&cfff
(splash): >&c041spl  &cfff took &cf00ra&cfff [ra]
(splash): >&c041spl  &cfff took &cf00ra&cfff [ra]
(elguapo): >&c991gpo  &cfff took &c0a0mega&cfff [hill]
(splash): >&c041spl  &cfff &cf00r&cfff200/77 &cf13rl&cfff&cf31:29&cfff &c2aalg&cfff&c29f:26&cfff [ra-tunnel] &c05fquad&cfff/&cff0ring&cfff
(xero): >&cf2fxer  &cfff 0/100 &cf0frl&cfff&cf31:27&cfff [water-lg] &cf00pent&cfff
(splash): >&c041spl  &cfff &cf00r&cfff200/77 &cf13rl&cfff&cf31:29&cfff &c2aalg&cfff&c29f:26&cfff [ra-low] &c05fquad&cfff/&cff0ring&cfff
(elguapo): >&c991gpo  &cfff &cf00lost [water] 0
(xero): >&cf2fxer  &cfff 0/100 &cf0frl&cfff&cf31:25&cfff [hill] &cf00pent&cfff
Protection is almost burned out
(xero): >&cf2fxer  &cfff 0/100 &cf0frl&cfff&cf31:25&cfff [ra-tunnel] &cf00pent&cfff
(xero): >&cf2fxer  &cfff 0/100 &cf0frl&cfff&cf31:25&cfff [ra-tunnel] &cf00pent&cfff
(splash): >&c041spl  &cfff &cf00r&cfff200/77 &cf13rl&cfff&cf31:29&cfff &c2aalg&cfff&c29f:23&cfff [ring] &c05fquad&cfff/&cff0ring&cfff
(xero): >&cf2fxer  &cfff 0/100 &cf0frl&cfff&cf31:25&cfff [ra-low] 
(splash): >&c041spl  &cfff &cf00r&cfff200/77 &cf13rl&cfff&cf31:28&cfff &c2aalg&cfff&c29f:23&cfff [ring] &c05fquad&cfff
(xero): >&cf2fxer  &cfff took &cf00ra&cfff [ra]
(xero): >&cf2fxer  &cfff &c0b0safe [ring]
(xero): >&cf2fxer  &cfff &c0b0safe [ring]
(xero): >&cf2fxer  &cfff took &c0a0mega&cfff [hill]
(elguapo): >&c991gpo  &cfff &cf00lost [water-lg] 1
(xero): >&cf2fxer  &cfff coming [ra-tunnel] need tjock
(xero): >&cf2fxer  &cfff coming [ra-tunnel] need tjock
(xero): >&cf2fxer  &cfff ra168/190 &cf0frl&cfff&cf31:22&cfff [ra-low] 
(elguapo): >&c991gpo  &cfff &cf00lost [water] 1
(splash): >&c041spl  &cfff &cf00r&cfff122/61 &cf13rl&cfff&cf31:28&cfff &c2aalg&cfff&c29f:12&cfff [lifts-below] 
(xero): >&cf2fxer  &cfff ra138/179 &cf0frl&cfff&cf31:20&cfff [ra-low] 
[14] minutes remaining
Team [[m]] leads by 28 frags
(splash): >&c041spl  &cfff &cf00r&cfff122/100 &cf13rl&cfff&cf31:28&cfff &c2aalg&cfff&c29f:12&cfff [sng-lifts] 
(elguapo): >&c991gpo  &cfff 0/100 ssg [ya-box] rox:5 
(xero): >&cf2fxer  &cfff &c0b0safe [quad]
(xero): >&cf2fxer  &cfff &c0b0team&cfff &c05fquad&cfff
(xero): >&cf2fxer  &cfff &c0b0team&cfff &c05fquad&cfff
(conan): >&c325con  &cfff 0/100 [ring] 
(splash): >&c041spl  &cfff &cf00r&cfff200/100 &cf13rl&cfff&cf31:25&cfff &c2aalg&cfff&c29f:12&cfff [ra] 
(xero): >&cf2fxer  &cfff coming [ra-tunnel] need tjock
(splash): >&c041spl  &cfff &cf00r&cfff200/100 &cf13rl&cfff&cf31:25&cfff &c2aalg&cfff&c29f:3&cfff [ra] 
(xero): >&cf2fxer  &cfff coming [ra-tunnel] need tjock
(elguapo): >&c991gpo  &cfff &cf00lost [rl] 1
(xero): >&cf2fxer  &cfff ra81/140 &cf0frl&cfff&cf31:43&cfff &cf0flg&cfff&c29f:94&cfff [ra-low] &c05fquad&cfff
(elguapo): >&c991gpo  &cfff &cf00lost [water-lg] 2
(elguapo): >&c991gpo  &cfff &cf00lost [lifts-below] 1
(splash): >&c041spl  &cfff &cf00r&cfff200/100 &cf13rl&cfff&cf31:30&cfff &c2aalg&cfff&c29f:15&cfff [sng] 
(splash): >&c041spl  &cfff took &c0a0mega&cfff [sng-mega]
Quad Damage is wearing off
(elguapo): >&c991gpo  &cfff 0/100 ssg [ya-box] rox:5 
(splash): >&c041spl  &cfff &cf00r&cfff200/199 &cf13rl&cfff&cf31:29&cfff &c2aalg&cfff&c29f:15&cfff [ra-entry] 
(splash): >&c041spl  &cfff &cf00r&cfff200/198 &cf13rl&cfff&cf31:29&cfff &c2aalg&cfff&c29f:15&cfff [ra-entry] 
(elguapo): >&c991gpo  &cfff 0/100 ssg [ya-box] rox:5 
(xero): >&cf2fxer  &cfff 0/95 &cf0frl&cfff&cf31:37&cfff &cf0flg&cfff&c29f:68&cfff [ya] 
(splash): >&c041spl  &cfff &cf00r&cfff200/197 &cf13rl&cfff&cf31:29&cfff &c2aalg&cfff&c29f:15&cfff [ring] 
(splash): >&c041spl  &cfff &cf00r&cfff200/197 &cf13rl&cfff&cf31:29&cfff &c2aalg&cfff&c29f:15&cfff [ring] 
(splash): >&c041spl  &cfff &cf00r&cfff200/193 &cf13rl&cfff&cf31:29&cfff &c2aalg&cfff&c29f:15&cfff [ra-entry] 
(xero): >&cf2fxer  &cfff 0/100 &cf0frl&cfff&cf31:32&cfff &cf0flg&cfff&c29f:68&cfff [ya-box] 
(splash): >&c041spl  &cfff &cf00r&cfff137/173 &cf13rl&cfff&cf31:25&cfff &c2aalg&cfff&c29f:15&cfff [ra-entry] 
(xero): >&cf2fxer  &cfff ya150/100 &cf0frl&cfff&cf31:30&cfff &cf0flg&cfff&c29f:68&cfff [window] 
(xero): >&cf2fxer  &cfff &c0b0safe [ring]
[13] minutes remaining
Team [[m]] leads by 46 frags
(splash): >&c041spl  &cfff &cf00r&cfff137/165 &cf13rl&cfff&cf31:28&cfff &c2aalg&cfff&c29f:10&cfff [ya-up] 
(elguapo): >&c991gpo  &cfff coming [hill] need armor/health/&cf13rl&cfff
(xero): >&cf2fxer  &cfff coming [sng-lifts] need tjock
(elguapo): >&c991gpo  &cfff took &c0a0mega&cfff [hill]
(elguapo): >&c991gpo  &cfff 0/112 &c2aalg&cfff&c29f:21&cfff [ra-tunnel] 
(elguapo): >&c991gpo  &cfff 0/112 &c2aalg&cfff&c29f:21&cfff [ra-tunnel] 
(elguapo): >&c991gpo  &cfff 0/106 &c2aalg&cfff&c29f:20&cfff [sng-tele] 
(xero): >&cf2fxer  &cfff ya66/146 &cf0frl&cfff&cf31:29&cfff &cf0flg&cfff&c29f:61&cfff [pent] 
(elguapo): >&c991gpo  &cfff 0/100 &c2aalg&cfff&c29f:20&cfff [lifts-below] 
(xero): >&cf2fxer  &cfff ya66/145 &cf0frl&cfff&cf31:29&cfff &cf0flg&cfff&c29f:61&cfff [pent] 
(splash): >&c041spl  &cfff &cf00r&cfff133/138 &cf13rl&cfff&cf31:26&cfff &c2aalg&cfff&c29f:6&cfff [pent] &c05fquad&cfff
(elguapo): >&c991gpo  &cfff &c0b0safe [lifts-below]
(splash): >&c041spl  &cfff &cf00r&cfff133/138 &cf13rl&cfff&cf31:26&cfff &c2aalg&cfff&c29f:6&cfff [pent] &c05fquad&cfff
(elguapo): >&c991gpo  &cfff 0/100 &c2aalg&cfff&c29f:14&cfff [sng-mega] 
Quad Damage is wearing off
(elguapo): >&c991gpo  &cfff 0/64 &c2aalg&cfff&c29f:5&cfff [ra] 
(xero): >&cf2fxer  &cfff coming [ring] need armor
(xero): >&cf2fxer  &cfff ya4/90 &cf0frl&cfff&cf31:28&cfff &cf0flg&cfff&c29f:52&cfff [ra-low] 
(elguapo): >&c991gpo  &cfff &cf00r&cfff200/64 &c2aalg&cfff&c29f:5&cfff [ra-low] 
(xero): >&cf2fxer  &cfff &c0b0safe [ra]
(splash): >&c041spl  &cfff &cf00r&cfff82/104 &cf13rl&cfff&cf31:19&cfff &c2aalg&cfff&c29f:1&cfff [ya-box] 
(splash): >&c041spl  &cfff took &cff0ya&cfff [ya-box]
(xero): >&cf2fxer  &cfff ya4/90 &cf0frl&cfff&cf31:28&cfff &cf0flg&cfff&c29f:52&cfff [ra] 
(xero): >&cf2fxer  &cfff &c0b0safe [ra]
(xero): >&cf2fxer  &cfff &c0b0safe [ra]
(xero): >&cf2fxer  &cfff ya4/90 &cf0frl&cfff&cf31:28&cfff &cf0flg&cfff&c29f:52&cfff [ra] 
(splash): >&c041spl  &cfff &cff0y&cfff38/29 &cf13rl&cfff&cf31:15&cfff &c2aalg&cfff&c29f:3&cfff [lifts-below] 
[12] minutes remaining
Team [[m]] leads by 51 frags
(splash): >&c041spl  &cfff &cff0y&cfff38/69 &cf13rl&cfff&cf31:15&cfff &c2aalg&cfff&c29f:3&cfff [sng-lifts] 
(xero): >&cf2fxer  &cfff took &cf00ra&cfff [ra]
(splash): >&c041spl  &cfff &cff0y&cfff38/69 &cf13rl&cfff&cf31:11&cfff &c2aalg&cfff&c29f:3&cfff [sng] 
(splash): >&c041spl  &cfff &cff0y&cfff38/69 &cf13rl&cfff&cf31:11&cfff &c2aalg&cfff&c29f:3&cfff [sng-mega] 
(xero): >&cf2fxer  &cfff &c0b0team&cfff &c05fquad&cfff
(xero): >&cf2fxer  &cfff &c0b0team&cfff &c05fquad&cfff
(elguapo): >&c991gpo  &cfff &c0a0mega&cfff at [hill]
(elguapo): >&c991gpo  &cfff took &c0a0mega&cfff [hill]
(splash): >&c041spl  &cfff coming [sng-tele] need armor
(splash): >&c041spl  &cfff coming [sng-tele] need armor
(splash): >&c041spl  &cfff &cff0y&cfff38/169 &cf13rl&cfff&cf31:11&cfff &c2aalg&cfff&c29f:3&cfff [sng-tele] 
(elguapo): >&c991gpo  &cfff &cf00r&cfff192/187 &c2aalg&cfff&c29f:10&cfff [ra-tunnel] 
(elguapo): >&c991gpo  &cfff &cf00r&cfff192/187 &c2aalg&cfff&c29f:10&cfff [ra-tunnel] 
(elguapo): >&c991gpo  &cfff &cf00r&cfff192/186 &c2aalg&cfff&c29f:10&cfff [sng-tele] 
(elguapo): >&c991gpo  &cfff &cf00r&cfff192/182 &c2aalg&cfff&c29f:22&cfff [ra-entry] 
(xero): >&cf2fxer  &cfff ra32/48 &cf0frl&cfff&cf31:25&cfff &cf0flg&cfff&c29f:28&cfff [window] &c05fquad&cfff
(splash): >&c041spl  &cfff &cff0y&cfff38/162 &cf13rl&cfff&cf31:11&cfff &c2aalg&cfff&c29f:3&cfff [ra] 
(splash): >&c041spl  &cfff took &cf00ra&cfff [ra]
(xero): >&cf2fxer  &cfff ra32/73 &cf0frl&cfff&cf31:35&cfff &cf0flg&cfff&c29f:31&cfff [ya-box] &c05fquad&cfff
(xero): >&cf2fxer  &cfff ra22/71 &cf0frl&cfff&cf31:34&cfff &cf0flg&cfff&c29f:28&cfff [ya-box] &c05fquad&cfff
(splash): >&c041spl  &cfff &cf00r&cfff134/134 &cf13rl&cfff&cf31:14&cfff &c2aalg&cfff&c29f:3&cfff [ra-low] 
Quad Damage is wearing off
(xero): >&cf2fxer  &cfff ra1/68 &cf0frl&cfff&cf31:31&cfff &cf0flg&cfff&c29f:25&cfff [ya-box] &c05fquad&cfff
(xero): >&cf2fxer  &cfff ra1/68 &cf0frl&cfff&cf31:31&cfff &cf0flg&cfff&c29f:25&cfff [ya] &c05fquad&cfff
(xero): >&cf2fxer  &cfff ya150/83 &cf0frl&cfff&cf31:30&cfff &cf0flg&cfff&c29f:25&cfff [ya-box] 
(elguapo): >&c991gpo  &cfff 0/42 &cf13rl&cfff&cf31:44&cfff &c2aalg&cfff&c29f:0&cfff [sng-tele] 
(elguapo): >&c991gpo  &cfff coming [ring] need armor
(elguapo): >&c991gpo  &cfff 0/59 &cf13rl&cfff&cf31:44&cfff &c2aalg&cfff&c29f:0&cfff [ring] 
(elguapo): >&c991gpo  &cfff 0/59 &cf13rl&cfff&cf31:44&cfff &c2aalg&cfff&c29f:0&cfff [ra-entry] 
(elguapo): >&c991gpo  &cfff took &cf00ra&cfff [ra]
(splash): >&c041spl  &cfff &cf00lost [ring] 3
(splash): >&c041spl  &cfff &cf00lost [ring] 3
(splash): >&c041spl  &cfff &cf00lost [ring] 3
(splash): >&c041spl  &cfff &cf00lost [ring] 3
(splash): >&c041spl  &cfff 0/100 [ya-box] 
(splash): >&c041spl  &cfff 0/100 [ya-box] 
[11] minutes remaining
Team [[m]] leads by 64 frags
(xero): >&cf2fxer  &cfff ya96/89 &cf0frl&cfff&cf31:31&cfff &cf0flg&cfff&c29f:27&cfff [ya] 
(xero): >&cf2fxer  &cfff coming [ya-up] need tjock
(splash): >&c041spl  &cfff took &cff0ya&cfff [ya-box]
(xero): >&cf2fxer  &cfff &c0b0safe [quad]
(elguapo): >&c991gpo  &cfff &cf00r&cfff151/100 &cf13rl&cfff&cf31:53&cfff &c2aalg&cfff&c29f:12&cfff [quad] 
(xero): >&cf2fxer  &cfff took &c0a0mega&cfff [hill]
(elguapo): >&c991gpo  &cfff &c0b0team&cfff quad
(elguapo): >&c991gpo  &cfff &c0b0team&cfff quad
(xero): >&cf2fxer  &cfff coming [ra-tunnel] need armor
(xero): >&cf2fxer  &cfff coming [ra-tunnel] need armor
(xero): >&cf2fxer  &cfff ya51/160 &cf0frl&cfff&cf31:34&cfff &cf0flg&cfff&c29f:20&cfff [ra-tunnel] 
(xero): >&cf2fxer  &cfff ya51/160 &cf0frl&cfff&cf31:34&cfff &cf0flg&cfff&c29f:20&cfff [ra-low] 
(splash): >&c041spl  &cfff &cf00lost [bridge-low] 4
(splash): >&c041spl  &cfff &cf00lost [bridge-low] 4
(xero): >&cf2fxer  &cfff &c0b0safe [ra]
(xero): >&cf2fxer  &cfff &c0b0safe [ra]
(xero): >&cf2fxer  &cfff ya51/151 &cf0frl&cfff&cf31:34&cfff &cf0flg&cfff&c29f:20&cfff [ra] 
(elguapo): >&c991gpo  &cfff coming [window] need nothing
(splash): >&c041spl  &cfff 0/12 sg [rl] rox:8 c:15 
(splash): >&c041spl  &cfff 0/12 sg [rl] rox:8 c:15 
(xero): >&cf2fxer  &cfff took &cf00ra&cfff [ra]
(elguapo): >&c991gpo  &cfff &cf00r&cfff66/79 &cf13rl&cfff&cf31:42&cfff &c2aalg&cfff&c29f:8&cfff [ra-entry] quad
(splash): >&c041spl  &cfff &cf00lost [rl] 1
(splash): >&c041spl  &cfff &cf00lost [rl] 1
(splash): >&c041spl  &cfff &cf00lost [rl] 1
(splash): >&c041spl  &cfff &cf00lost [rl] 1
Quad Damage is wearing off
(xero): >&cf2fxer  &cfff coming [ra-tunnel] need tjock
(xero): >&cf2fxer  &cfff ra152/123 &cf0frl&cfff&cf31:30&cfff &cf0flg&cfff&c29f:6&cfff [ra-low] 
(elguapo): >&c991gpo  &cfff &cf00r&cfff66/79 &cf13rl&cfff&cf31:41&cfff &c2aalg&cfff&c29f:8&cfff [ra] 
(splash): >&c041spl  &cfff 0/95 sg [pent] rox:5 
(elguapo): >&c991gpo  &cfff took &cf00ra&cfff [ra]
(xero): >&cf2fxer  &cfff ra152/114 &cf0frl&cfff&cf31:26&cfff &cf0flg&cfff&c29f:6&cfff [ya] 
(splash): >&c041spl  &cfff &cf00lost [pent] 2
(splash): >&c041spl  &cfff &cf00lost [pent] 2
(splash): >&c041spl  &cfff &cf00lost [pent] 2
(xero): >&cf2fxer  &cfff ra113/100 &cf0frl&cfff&cf31:25&cfff &cf0flg&cfff&c29f:6&cfff [ya-box] 
[10] minutes remaining
Team [[m]] leads by 69 frags
(mOlle): >&c59cmol:&cfff 0/65 &cf60rl&cfff&cf60:16&cfff [ring] &cff0ring&cfff
(xero): >&cf2fxer  &cfff ra71/99 &cf0frl&cfff&cf31:23&cfff &cf0flg&cfff&c29f:6&cfff [lifts] &cf00pent&cfff
(splash): >&c041spl  &cfff 0/44 sg [pent] rox:8 c:12 
elguapo: LOL
(xero): >&cf2fxer  &cfff coming [window] need armor
(xero): >&cf2fxer  &cfff 0/99 &cf0frl&cfff&cf31:20&cfff &cf0flg&cfff&c29f:6&cfff [quad] &cf00pent&cfff
(elguapo): >&c991gpo  &cfff &cf00lost [water] 1
(elguapo): >&c991gpo  &cfff &cf00lost [water] 2
(xero): >&cf2fxer  &cfff coming [window] need armor
(elguapo): >&c991gpo  &cfff 0/100 [ya-box] 
(splash): >&c041spl  &cfff 0/100 gl [water-tunnel] rox:20 c:42 
(xero): >&cf2fxer  &cfff coming [ra-tunnel] need armor
(xero): >&cf2fxer  &cfff 0/99 &cf0frl&cfff&cf31:19&cfff &cf0flg&cfff&c29f:3&cfff [ra-low] &c05fquad&cfff &cf00pent&cfff
Protection is almost burned out
(splash): >&c041spl  &cfff 0/100 gl [rl] rox:19 c:42 
(splash): >&c041spl  &cfff 0/100 gl [rl] rox:19 c:42 
(elguapo): >&c991gpo  &cfff &cf00lost [ya] 2
(elguapo): >&c991gpo  &cfff &cf00lost [ya] 2
(xero): >&cf2fxer  &cfff 0/99 &cf0frl&cfff&cf31:19&cfff &cf0flg&cfff&c29f:3&cfff [ra] &c05fquad&cfff
(xero): >&cf2fxer  &cfff took &cf00ra&cfff [ra]
Quad Damage is wearing off
(elguapo): >&c991gpo  &cfff &cf00lost [rl] 2
(xero): >&cf2fxer  &cfff ra158/89 &cf0frl&cfff&cf31:23&cfff &cf0flg&cfff&c29f:15&cfff [ra-low] 
(elguapo): >&c991gpo  &cfff took &cff0ya&cfff [ya-box]
(xero): >&cf2fxer  &cfff &c0b0safe [ra-low]
(elguapo): >&c991gpo  &cfff took &c0a0mega&cfff [pent]
(xero): >&cf2fxer  &cfff took &c0a0mega&cfff [hill]
(elguapo): >&c991gpo  &cfff &cff0y&cfff147/130 sg [pent] rox:5 
(elguapo): >&c991gpo  &cfff &cff0y&cfff147/130 sg [pent] rox:5 
(xero): >&cf2fxer  &cfff coming [ra-tunnel] need tjock
(xero): >&cf2fxer  &cfff ra158/188 &cf0frl&cfff&cf31:23&cfff &cf0flg&cfff&c29f:15&cfff [ra-low] 
[9] minutes remaining
Team [[m]] leads by 70 frags
splash: :)
(xero): >&cf2fxer  &cfff ra100/170 &cf0frl&cfff&cf31:19&cfff &cf0flg&cfff&c29f:13&cfff [quad] 
(elguapo): >&c991gpo  &cfff took &cf13rl&cfff [rl]
(elguapo): >&c991gpo  &cfff &cff0y&cfff71/79 &cf13rl&cfff&cf31:15&cfff [bridge-stairs] 
(xero): >&cf2fxer  &cfff 0/123 &cf0frl&cfff&cf31:15&cfff &cf0flg&cfff&c29f:0&cfff [quad] &c05fquad&cfff
(elguapo): >&c991gpo  &cfff &c0b0safe [ya]
(elguapo): >&c991gpo  &cfff took &cff0ya&cfff [ya-box]
(xero): >&cf2fxer  &cfff 0/105 &cf0frl&cfff&cf31:17&cfff &cf0flg&cfff&c29f:0&cfff [ra-low] &c05fquad&cfff
(xero): >&cf2fxer  &cfff 0/104 &cf0frl&cfff&cf31:17&cfff &cf0flg&cfff&c29f:0&cfff [ra-low] &c05fquad&cfff
(xero): >&cf2fxer  &cfff 0/100 &cf0frl&cfff&cf31:15&cfff &cf0flg&cfff&c29f:0&cfff [sng] &c05fquad&cfff
(splash): >&c041spl  &cfff 0/92 &c2aalg&cfff&c29f:5&cfff [bridge-low] 
(splash): >&c041spl  &cfff 0/92 &c2aalg&cfff&c29f:5&cfff [bridge-low] 
(splash): >&c041spl  &cfff 0/92 &c2aalg&cfff&c29f:5&cfff [hill] 
(splash): >&c041spl  &cfff coming [hill] need armor/&cf13rl&cfff
(splash): >&c041spl  &cfff coming [hill] need armor/&cf13rl&cfff
(xero): >&cf2fxer  &cfff 0/200 &cf0frl&cfff&cf31:15&cfff &cf0flg&cfff&c29f:0&cfff [sng-mega] &c05fquad&cfff
Quad Damage is wearing off
(elguapo): >&c991gpo  &cfff &c0b0safe [ya-box]
(xero): >&cf2fxer  &cfff 0/194 &cf0frl&cfff&cf31:12&cfff &cf0flg&cfff&c29f:12&cfff [ra-low] 
(splash): >&c041spl  &cfff 0/96 gl [ra-low] rox:1 
(xero): >&cf2fxer  &cfff took &cf00ra&cfff [ra]
(splash): >&c041spl  &cfff 0/96 gl [lifts-below] rox:6 
(elguapo): >&c991gpo  &cfff &c0b0safe [ya]
(xero): >&cf2fxer  &cfff ra178/176 &cf0frl&cfff&cf31:9&cfff &cf0flg&cfff&c29f:12&cfff [ra-low] 
(splash): >&c041spl  &cfff 0/96 gl [quad] rox:6 
[8] minutes remaining
Team [[m]] leads by 87 frags
(conan): >&c325con  &cfff 0/171 [ra-low] 
(xero): >&cf2fxer  &cfff __ get [quad]
(elguapo): >&c991gpo  &cfff &cff0y&cfff150/66 &cf13rl&cfff&cf31:0&cfff [window] 
(elguapo): >&c991gpo  &cfff &cff0y&cfff150/66 &cf13rl&cfff&cf31:0&cfff [window] 
(splash): >&c041spl  &cfff 0/13 gl [ya] rox:7 c:21 
(splash): >&c041spl  &cfff 0/13 gl [ya-up] rox:7 c:21 
(xero): >&cf2fxer  &cfff ra117/146 &cf0frl&cfff&cf31:5&cfff &cf0flg&cfff&c29f:9&cfff [quad] 
(splash): >&c041spl  &cfff 0/13 gl [ra-entry] rox:6 c:21 
(xero): >&cf2fxer  &cfff &cf0fpack&cfff at [ring]
(elguapo): >&c991gpo  &cfff coming [ra-tunnel] need rox
(elguapo): >&c991gpo  &cfff &cff0y&cfff147/64 &cf13rl&cfff&cf31:0&cfff [ra-tunnel] 
(elguapo): >&c991gpo  &cfff &cff0y&cfff147/64 &cf13rl&cfff&cf31:0&cfff [ra-tunnel] 
(splash): >&c041spl  &cfff 0/78 gl [sng-low] rox:6 c:21 
(xero): >&cf2fxer  &cfff ra80/130 &cf0frl&cfff&cf31:4&cfff &cf0flg&cfff&c29f:9&cfff [sng-ledge] &c05fquad&cfff
(splash): >&c041spl  &cfff 0/78 gl [sng-ledge] rox:6 c:21 
(elguapo): >&c991gpo  &cfff &cff0y&cfff147/64 &cf13rl&cfff&cf31:5&cfff [sng-tele] 
(splash): >&c041spl  &cfff 0/78 gl [sng-mega] rox:6 c:21 
(xero): >&cf2fxer  &cfff ra25/109 &cf0frl&cfff&cf31:0&cfff &cf0flg&cfff&c29f:9&cfff [bridge-high] &c05fquad&cfff
(elguapo): >&c991gpo  &cfff took &cf00ra&cfff [ra]
(xero): >&cf2fxer  &cfff ra12/100 &cf0frl&cfff&cf31:0&cfff &cf0flg&cfff&c29f:9&cfff [ya-box] &c05fquad&cfff
Quad Damage is wearing off
(xero): >&cf2fxer  &cfff ra12/100 &cf0frl&cfff&cf31:0&cfff &cf0flg&cfff&c29f:9&cfff [ya-box] &c05fquad&cfff
(xero): >&cf2fxer  &cfff took &cff0ya&cfff [ya-box]
(elguapo): >&c991gpo  &cfff took &c0a0mega&cfff [hill]
(splash): >&c041spl  &cfff &cf00lost [ra] 2
(splash): >&c041spl  &cfff &cf00lost [ra] 2
(splash): >&c041spl  &cfff &cf00lost [ra] 2
(elguapo): >&c991gpo  &cfff &cf00r&cfff129/121 &cf13rl&cfff&cf31:4&cfff [ra-tunnel] 
(splash): >&c041spl  &cfff took &c2aalg&cfff [water-lg]
(splash): >&c041spl  &cfff took &c2aalg&cfff [water-lg]
(elguapo): >&c991gpo  &cfff &cf00r&cfff89/108 &cf13rl&cfff&cf31:53&cfff [ra-low] 
(xero): >&cf2fxer  &cfff coming [hill] need rocks
(xero): >&cf2fxer  &cfff coming [hill] need rocks
(splash): >&c041spl  &cfff coming [hill] need armor/&cf13rl&cfff
(xero): >&cf2fxer  &cfff coming [ra-tunnel] need rocks
(splash): >&c041spl  &cfff 0/100 &c2aalg&cfff&c29f:15&cfff [ra-tunnel] 
[7] minutes remaining
Team [[m]] leads by 98 frags
(elguapo): >&c991gpo  &cfff took &cf00ra&cfff [ra]
(xero): >&cf2fxer  &cfff ya150/100 &cf0frl&cfff&cf31:3&cfff &cf0flg&cfff&c29f:5&cfff [ra-low] 
(splash): >&c041spl  &cfff 0/32 &cf13rl&cfff&cf31:15&cfff [sng-mega] 
(xero): >&cf2fxer  &cfff ya140/94 &cf0frl&cfff&cf31:4&cfff &cf0flg&cfff&c29f:5&cfff [ra] 
(xero): >&cf2fxer  &cfff ya140/94 &cf0frl&cfff&cf31:4&cfff &cf0flg&cfff&c29f:5&cfff [ra] 
(elguapo): >&c991gpo  &cfff &c0b0team&cfff quad
(elguapo): >&c991gpo  &cfff &c0b0team&cfff quad
(xero): >&cf2fxer  &cfff &c0b0safe [ra]
(splash): >&c041spl  &cfff 0/72 &cf13rl&cfff&cf31:15&cfff [sng-ledge] 
(splash): >&c041spl  &cfff 0/72 &cf13rl&cfff&cf31:15&cfff [sng] 
(splash): >&c041spl  &cfff 0/72 &cf13rl&cfff&cf31:15&cfff [sng-ledge] 
(splash): >&c041spl  &cfff 0/72 &cf13rl&cfff&cf31:15&cfff [sng-ledge] 
(splash): >&c041spl  &cfff 0/72 &cf13rl&cfff&cf31:15&cfff [sng-ledge] 
(splash): >&c041spl  &cfff 0/72 &cf13rl&cfff&cf31:15&cfff [sng-ledge] 
(elguapo): >&c991gpo  &cfff coming [ring] need armor
(elguapo): >&c991gpo  &cfff &cf00r&cfff45/63 &cf13rl&cfff&cf31:45&cfff [ra-entry] quad
(splash): >&c041spl  &cfff took &c0a0mega&cfff [sng-mega]
(splash): >&c041spl  &cfff took &c0a0mega&cfff [sng-mega]
(elguapo): >&c991gpo  &cfff took &cf00ra&cfff [ra]
(splash): >&c041spl  &cfff 0/171 &cf13rl&cfff&cf31:15&cfff [ra-rox] 
(splash): >&c041spl  &cfff 0/169 &cf13rl&cfff&cf31:15&cfff [ra-low] 
(splash): >&c041spl  &cfff 0/167 &cf13rl&cfff&cf31:15&cfff [ra-low] 
(xero): >&cf2fxer  &cfff ya140/94 &cf0frl&cfff&cf31:7&cfff &cf0flg&cfff&c29f:5&cfff [ya-quad] 
(splash): >&c041spl  &cfff 0/164 &cf13rl&cfff&cf31:15&cfff [ra] 
(elguapo): >&c991gpo  &cfff &cf2apack&cfff at [window]
(elguapo): >&c991gpo  &cfff &cf2apack&cfff at [window]
(splash): >&c041spl  &cfff 0/160 &cf13rl&cfff&cf31:15&cfff [ra] 
Quad Damage is wearing off
(splash): >&c041spl  &cfff 0/158 &cf13rl&cfff&cf31:15&cfff [ra] 
(xero): >&cf2fxer  &cfff ya109/74 &cf0frl&cfff&cf31:6&cfff &cf0flg&cfff&c29f:5&cfff [ra-entry] 
(splash): >&c041spl  &cfff 0/155 &cf13rl&cfff&cf31:15&cfff [ra] 
(splash): >&c041spl  &cfff 0/155 &cf13rl&cfff&cf31:15&cfff [ra] 
(splash): >&c041spl  &cfff 0/153 &cf13rl&cfff&cf31:15&cfff [ra] 
(elguapo): >&c991gpo  &cfff &cf00r&cfff48/26 &cf13rl&cfff&cf31:48&cfff [ra-low] 
(xero): >&cf2fxer  &cfff coming [sng-tele] need tjock
(splash): >&c041spl  &cfff 0/151 &cf13rl&cfff&cf31:15&cfff [ra] 
(splash): >&c041spl  &cfff 0/151 &cf13rl&cfff&cf31:15&cfff [ra] 
(splash): >&c041spl  &cfff took &cf00ra&cfff [ra]
(xero): >&cf2fxer  &cfff ya109/74 &cf0frl&cfff&cf31:6&cfff &cf0flg&cfff&c29f:17&cfff [sng-ledge] 
(elguapo): >&c991gpo  &cfff &cf00r&cfff48/51 &cf13rl&cfff&cf31:48&cfff [sng-ledge] 
(splash): >&c041spl  &cfff &cf00r&cfff176/138 &cf13rl&cfff&cf31:11&cfff [quad] 
[6] minutes remaining
Team [[m]] leads by 104 frags
(splash): >&c041spl  &cfff took &c0a0mega&cfff [hill]
(xero): >&cf2fxer  &cfff ya109/74 &cf0frl&cfff&cf31:6&cfff &cf0flg&cfff&c29f:17&cfff [ra-low] 
(xero): >&cf2fxer  &cfff &c0b0team&cfff &c05fquad&cfff
(xero): >&cf2fxer  &cfff &c0b0team&cfff &c05fquad&cfff
(splash): >&c041spl  &cfff &cf00r&cfff200/164 &cf13rl&cfff&cf31:12&cfff [ya] 
(xero): >&cf2fxer  &cfff ya92/63 &cf0frl&cfff&cf31:0&cfff &cf0flg&cfff&c29f:17&cfff [lifts-below] &c05fquad&cfff
(splash): >&c041spl  &cfff &cf00r&cfff200/161 &cf13rl&cfff&cf31:12&cfff [ya-up] 
(xero): >&cf2fxer  &cfff ya38/27 &cf0frl&cfff&cf31:0&cfff &cf0flg&cfff&c29f:19&cfff [lifts-below] &c05fquad&cfff
(xero): >&cf2fxer  &cfff ya35/26 &cf0frl&cfff&cf31:0&cfff &cf0flg&cfff&c29f:6&cfff [ring] &c05fquad&cfff
(xero): >&cf2fxer  &cfff ya23/18 &cf0frl&cfff&cf31:0&cfff &cf0flg&cfff&c29f:6&cfff [ra-low] &c05fquad&cfff
(elguapo): >&c991gpo  &cfff &cf00lost [water] 1
(splash): >&c041spl  &cfff &cf00r&cfff200/146 &cf13rl&cfff&cf31:10&cfff [ya] 
(xero): >&cf2fxer  &cfff ya23/18 &cf0frl&cfff&cf31:0&cfff &cf0flg&cfff&c29f:6&cfff [ra] &c05fquad&cfff
(xero): >&cf2fxer  &cfff ya23/18 &cf0frl&cfff&cf31:0&cfff &cf0flg&cfff&c29f:6&cfff [ra] &c05fquad&cfff
(xero): >&cf2fxer  &cfff took &cf00ra&cfff [ra]
(splash): >&c041spl  &cfff &cff0ya&cfff at [ya-box]
(splash): >&c041spl  &cfff &cff0ya&cfff at [ya-box]
(xero): >&cf2fxer  &cfff ra200/18 &cf0frl&cfff&cf31:5&cfff &cf0flg&cfff&c29f:4&cfff [sng-tele] &c05fquad&cfff
(elguapo): >&c991gpo  &cfff &cf00lost [water-gl] 2
Quad Damage is wearing off
(splash): >&c041spl  &cfff &cf00r&cfff109/100 &cf13rl&cfff&cf31:4&cfff [pent] 
(elguapo): >&c991gpo  &cfff &cf00lost [rl] 1
(splash): >&c041spl  &cfff &cf00r&cfff109/200 &cf13rl&cfff&cf31:4&cfff [pent] 
(splash): >&c041spl  &cfff &cf00r&cfff109/200 &cf13rl&cfff&cf31:4&cfff [pent] 
(splash): >&c041spl  &cfff 0/152 &cf13rl&cfff&cf31:1&cfff [pent] 
(splash): >&c041spl  &cfff 0/152 &cf13rl&cfff&cf31:1&cfff [pent] 
(splash): >&c041spl  &cfff 0/147 &cf13rl&cfff&cf31:1&cfff [lifts] 
(elguapo): >&c991gpo  &cfff &cf00lost [water-tunnel] 1
[5] minutes remaining
Team [[m]] leads by 114 frags
(xero): >&cf2fxer  &cfff &cf0fpack&cfff at [pent]
(xero): >&cf2fxer  &cfff ra116/23 &cf0frl&cfff&cf31:15&cfff &cf0flg&cfff&c29f:4&cfff [lifts] 
(elguapo): >&c991gpo  &cfff &cf00lost [rl] 1
(elguapo): >&c991gpo  &cfff &cf00lost [ring] 0
(splash): >&c041spl  &cfff 0/128 &cf13rl&cfff&cf31:10&cfff &c2aalg&cfff&c29f:57&cfff [water] &cf00pent&cfff
(splash): >&c041spl  &cfff 0/126 &cf13rl&cfff&cf31:10&cfff &c2aalg&cfff&c29f:57&cfff [bridge-low] &cf00pent&cfff
(xero): >&cf2fxer  &cfff ra116/63 &cf0frl&cfff&cf31:15&cfff &cf0flg&cfff&c29f:4&cfff [sng] 
(splash): >&c041spl  &cfff 0/119 &cf13rl&cfff&cf31:6&cfff &c2aalg&cfff&c29f:0&cfff [bridge-high] &cf00pent&cfff
(elguapo): >&c991gpo  &cfff &cf00lost [ya-box] 2
Satan's power deflects elguapo's telefrag
(elguapo): >&c991gpo  &cfff coming [ya-quad] need armor/health/rl
Protection is almost burned out
(splash): >&c041spl  &cfff 0/112 &cf13rl&cfff&cf31:3&cfff &c2aalg&cfff&c29f:0&cfff [ya] &cf00pent&cfff
(splash): >&c041spl  &cfff 0/111 &cf13rl&cfff&cf31:3&cfff &c2aalg&cfff&c29f:0&cfff [ya-box] &cf00pent&cfff
(xero): >&cf2fxer  &cfff coming [sng-tele] need tjock
(xero): >&cf2fxer  &cfff ra86/152 &cf0frl&cfff&cf31:20&cfff &cf0flg&cfff&c29f:16&cfff [ra-low] 
(xero): >&cf2fxer  &cfff ra86/152 &cf0frl&cfff&cf31:20&cfff &cf0flg&cfff&c29f:16&cfff [ra-low] 
no weapon
(elguapo): >&c991gpo  &cfff &cf00lost [rl] 2
(xero): >&cf2fxer  &cfff coming [ring] need tjock
(xero): >&cf2fxer  &cfff &cf0fpack&cfff at [ya]
(xero): >&cf2fxer  &cfff &cf0fpack&cfff at [ya]
(elguapo): >&c991gpo  &cfff 0/59 &cf13rl&cfff&cf31:8&cfff [ya] 
(elguapo): >&c991gpo  &cfff took &cff0ya&cfff [ya-box]
Quad Damage is wearing off
(xero): >&cf2fxer  &cfff coming [window] need armor
(elguapo): >&c991gpo  &cfff &c0b0safe [ya-box]
(splash): >&c041spl  &cfff &cf00lost [pent] 1
[4] minutes remaining
Team [[m]] leads by 125 frags
(xero): >&cf2fxer  &cfff 0/100 &cf0frl&cfff&cf31:18&cfff &cf0flg&cfff&c29f:12&cfff [sng-tele] 
(splash): >&c041spl  &cfff 0/100 [rl] 
(splash): >&c041spl  &cfff 0/100 [rl] 
(elguapo): >&c991gpo  &cfff took &cff0ya&cfff [ya-box]
(xero): >&cf2fxer  &cfff &cf00dropped &cf0frl&cfff [ra-low] 1
(xero): >&cf2fxer  &cfff &cf00dropped &cf0frl&cfff [ra-low] 1
(xero): >&cf2fxer  &cfff &cf00dropped &cf0frl&cfff [ra-low] 1
(splash): >&c041spl  &cfff 0/100 [rl] 
(splash): >&c041spl  &cfff 0/100 [rl] 
(elguapo): >&c991gpo  &cfff coming [window] need nothing
(elguapo): >&c991gpo  &cfff coming [window] need nothing
(elguapo): >&c991gpo  &cfff &c0b0safe [quad]
(xero): >&cf2fxer  &cfff &c0a0mega&cfff at [sng-mega]
(xero): >&cf2fxer  &cfff &c0a0mega&cfff at [sng-mega]
(elguapo): >&c991gpo  &cfff &c0b0safe [quad]
(elguapo): >&c991gpo  &cfff &c0b0team&cfff quad
(elguapo): >&c991gpo  &cfff &c0b0team&cfff quad
(xero): >&cf2fxer  &cfff &cf00lost [ra-entry] 1
(xero): >&cf2fxer  &cfff 0/100 [water] 
(xero): >&cf2fxer  &cfff took &cf0flg&cfff [water-lg]
(xero): >&cf2fxer  &cfff took &cf0flg&cfff [water-lg]
(xero): >&cf2fxer  &cfff 0/100 &cf0flg&cfff&c29f:15&cfff [water] 
(xero): >&cf2fxer  &cfff 0/100 &cf0flg&cfff&c29f:21&cfff [bridge-low] 
(splash): >&c041spl  &cfff 0/100 [rl] 
(xero): >&cf2fxer  &cfff 0/100 &cf0flg&cfff&c29f:21&cfff [water-tunnel] 
(xero): >&cf2fxer  &cfff 0/100 &cf0flg&cfff&c29f:21&cfff [pent] 
(xero): >&cf2fxer  &cfff coming [lifts] need armor &cf0frl&cfff
(xero): >&cf2fxer  &cfff coming [lifts] need armor &cf0frl&cfff
Quad Damage is wearing off
(xero): >&cf2fxer  &cfff 0/100 &cf0flg&cfff&c29f:21&cfff [lifts] 
(splash): >&c041spl  &cfff took &cf13rl&cfff [rl]
(xero): >&cf2fxer  &cfff 0/100 &cf0flg&cfff&c29f:21&cfff [lifts-below] 
(splash): >&c041spl  &cfff 0/96 &cf13rl&cfff&cf31:10&cfff [rl] 
(splash): >&c041spl  &cfff 0/96 &cf13rl&cfff&cf31:10&cfff [rl] 
(splash): >&c041spl  &cfff 0/96 &cf13rl&cfff&cf31:10&cfff [rl] 
(splash): >&c041spl  &cfff 0/96 &cf13rl&cfff&cf31:10&cfff [rl] 
(elguapo): >&c991gpo  &cfff took &cf00ra&cfff [ra]
(splash): >&c041spl  &cfff 0/96 &cf13rl&cfff&cf31:10&cfff [rl] 
(xero): >&cf2fxer  &cfff 0/200 &cf0flg&cfff&c29f:21&cfff [sng-ledge] 
(xero): >&cf2fxer  &cfff 0/200 &cf0flg&cfff&c29f:21&cfff [sng-ledge] 
(splash): >&c041spl  &cfff &cf00lost [rl] 3
[3] minutes remaining
Team [[m]] leads by 120 frags
(xero): >&cf2fxer  &cfff 0/156 &cf0flg&cfff&c29f:24&cfff [ra-low] 
(lethalwiz): >&c599lwz:&cfff &cf00enemy&cfff at [ra]
(rio): >  &c353rio&r [water-lg] &c991y&cfff&cfff150&r/&cfff100&r sg &caaa
(goblin): >&c599gob:&cfff 0/105 &cf31rl&cfff&cf31:68&cfff &c29flg&cfff&c29f:42&cfff [quad] &c05fquad&cfff
(lethalwiz): >&c599lwz:&cfff &cf00lost&cfff [ra-low] 2
(goblin): >&c599gob:&cfff 0/105 &cf31rl&cfff&cf31:68&cfff &c29flg&cfff&c29f:42&cfff [quad] &c05fquad&cfff
(lethalwiz): >&c599lwz:&cfff 0/-22 gl [ra-rox] rox:6 c:6 
(mOlle): >&c59cmol:&cfff &cf00lost&cfff [rl] 1
no weapon
(xero): >&cf2fxer  &cfff &cf00ra&cfff at [ra]
(xero): >&cf2fxer  &cfff &cf00ra&cfff at [ra]
(xero): >&cf2fxer  &cfff &cf00ra&cfff at [ra]
(xero): >&cf2fxer  &cfff &cf00ra&cfff at [ra]
(splash): >&c041spl  &cfff coming [bridge-low] need armor
(splash): >&c041spl  &cfff 0/76 &cf13rl&cfff&cf31:71&cfff [bridge-low] 
(elguapo): >&c991gpo  &cfff &c0b0safe [ya-box]
(xero): >&cf2fxer  &cfff &cf00ra&cfff at [ra]
(xero): >&cf2fxer  &cfff &cf00ra&cfff at [ra]
(xero): >&cf2fxer  &cfff &cf00ra&cfff at [ra]
(splash): >&c041spl  &cfff 0/100 &cf13rl&cfff&cf31:69&cfff [hill] 
[2] minutes remaining
Team [[m]] leads by 120 frags
(splash): >&c041spl  &cfff 0/60 &cf13rl&cfff&cf31:67&cfff [ra-tunnel] 
(splash): >&c041spl  &cfff 0/60 &cf13rl&cfff&cf31:67&cfff [ra-tunnel] 
(splash): >&c041spl  &cfff 0/60 &cf13rl&cfff&cf31:67&cfff [ra-low] 
(elguapo): >&c991gpo  &cfff coming [ya-box] need nothing
(xero): >&cf2fxer  &cfff &c0b0safe [quad]
(elguapo): >&c991gpo  &cfff coming [window-quad] need nothing
(splash): >&c041spl  &cfff &cf00lost [ra] 1
(splash): >&c041spl  &cfff &cf00lost [ra] 1
(splash): >&c041spl  &cfff &cf00lost [ra] 1
(xero): >&cf2fxer  &cfff &c0b0team&cfff &c05fquad&cfff
(xero): >&cf2fxer  &cfff &c0b0team&cfff &c05fquad&cfff
(elguapo): >&c991gpo  &cfff took &c0a0mega&cfff [pent]
(elguapo): >&c991gpo  &cfff &cff0y&cfff60/115 &cf13rl&cfff&cf31:4&cfff [pent] 
(elguapo): >&c991gpo  &cfff &cff0y&cfff60/115 &cf13rl&cfff&cf31:4&cfff [lifts] 
(elguapo): >&c991gpo  &cfff coming [lifts] need armor/rox
(xero): >&cf2fxer  &cfff coming [quad] need &cf0frl&cfff
(elguapo): >&c991gpo  &cfff took rox [sng]
(elguapo): >&c991gpo  &cfff took &c0a0mega&cfff [sng-mega]
(splash): >&c041spl  &cfff &cf00lost [rl] 2
(splash): >&c041spl  &cfff &cf00lost [rl] 2
(splash): >&c041spl  &cfff &cf00lost [rl] 2
Quad Damage is wearing off
(xero): >&cf2fxer  &cfff ra35/65 &cf0frl&cfff&cf31:17&cfff &cf0flg&cfff&c29f:3&cfff [ra-tunnel] 
(xero): >&cf2fxer  &cfff ra35/65 &cf0frl&cfff&cf31:16&cfff &cf0flg&cfff&c29f:3&cfff [ra-low] 
(elguapo): >&c991gpo  &cfff 0/108 &cf13rl&cfff&cf31:8&cfff [ra] 
[1] minute remaining
Team [[m]] leads by 132 frags
(xero): >&cf2fxer  &cfff &cf00ra&cfff at [ra]
(xero): >&cf2fxer  &cfff ra35/65 &cf0frl&cfff&cf31:78&cfff &cf0flg&cfff&c29f:32&cfff [ra] 
(splash): >&c041spl  &cfff 0/100 gl [water] rox:15 c:6 
(splash): >&c041spl  &cfff 0/72 gl [rl] rox:9 c:21 
(elguapo): >&c991gpo  &cfff &cf00dropped &cf13rl&cfff [quad] 3
(splash): >&c041spl  &cfff 0/72 gl [rl] rox:9 c:21 
(splash): >&c041spl  &cfff 0/72 gl [rl] rox:9 c:21 
(xero): >&cf2fxer  &cfff coming [window] need tjock
(splash): >&c041spl  &cfff 0/68 &cf13rl&cfff&cf31:7&cfff [rl] 
(splash): >&c041spl  &cfff 0/48 &cf13rl&cfff&cf31:7&cfff [bridge-high] 
[30] seconds
(splash): >&c041spl  &cfff took &cff0ya&cfff [ya-box]
(xero): >&cf2fxer  &cfff coming [window] need tjock
(splash): >&c041spl  &cfff &cff0y&cfff150/63 &cf13rl&cfff&cf31:7&cfff [window] 
(elguapo): >&c991gpo  &cfff &cf00lost [rl] 1
(splash): >&c041spl  &cfff &cff0y&cfff150/63 &cf13rl&cfff&cf31:12&cfff [ra-low] 
(elguapo): >&c991gpo  &cfff &cf00lost [rl] 1
(xero): >&cf2fxer  &cfff coming [sng-mega] need tjock
[15] seconds
(splash): >&c041spl  &cfff &cff0y&cfff132/53 &cf13rl&cfff&cf31:7&cfff [ring] 
Quad Damage is wearing off
[10] seconds
(xero): >&cf2fxer  &cfff &cf0fpack&cfff at [ra-low]
(xero): >&cf2fxer  &cfff &cf0fpack&cfff at [ra-low]
[9] seconds
[8] seconds
(xero): >&cf2fxer  &cfff &cf0fpack&cfff at [ra-low]
(xero): >&cf2fxer  &cfff &cf0fpack&cfff at [ra-low]
[7] seconds
(splash): >&c041spl  &cfff &cff0y&cfff132/93 &cf13rl&cfff&cf31:6&cfff [lifts-below] 
[6] seconds
[5] seconds
[4] seconds
(splash): >&c041spl  &cfff &cff0y&cfff132/93 &cf13rl&cfff&cf31:6&cfff [ring] 
[3] seconds
[2] seconds
(xero): >&cf2fxer  &cfff &c0b0safe [ra]
[1] second
The match is over
trigger "onmatchover" has no matching alias

Player statistics:
______________________________________
Frags (rank) friendkills . efficiency
Team [[m]]:
__________
_ splash:
  68 (23) 3 60.2%
Wp: lg45.2% (42/93) rl56.2% gl27.8% sg35.3% ssg37.6%
RL skill: ad:87.1 dh:16
Armr&mhs: ga:0 ya:4 ra:9 mh:6
Powerups: Q:2 P:1 R:1
      RL: Took:9 Killed:11 Dropped:2 Xfer:1
      LG: Took:8 Killed:6 Dropped:2
  Damage: Tkn:6082 Gvn:8710 EWep:2265 Tm:552 Self:573 ToDie:135
    Time: Quad:60
 Streaks: Frags:24 QuadRun:3
  SpawnFrags: 7
__________
_ conan:
  44 (-21) 4 40.4%
Wp: lg32.4% (11/34) rl71.4% sg43.1% ssg31.5%
RL skill: ad:91.0 dh:7
Armr&mhs: ga:0 ya:6 ra:8 mh:6
Powerups: Q:3 P:0 R:1
      RL: Took:8 Killed:3 Dropped:3
      LG: Took:1 Killed:1 Dropped:0
  Damage: Tkn:8863 Gvn:8198 EWep:1349 Tm:169 Self:333 ToDie:136
    Time: Quad:90
 Streaks: Frags:12 QuadRun:6
  SpawnFrags: 1
__________
_ elguapo:
  65 (26) 1 62.5%
Wp: lg22.3% (25/112) rl51.7% gl24.0% sg30.1% ssg46.4%
RL skill: ad:102.2 dh:15
Armr&mhs: ga:0 ya:10 ra:9 mh:13
Powerups: Q:4 P:0 R:1
      RL: Took:4 Killed:7 Dropped:1
      LG: Took:5 Killed:5 Dropped:1
  Damage: Tkn:6321 Gvn:9614 EWep:2130 Tm:244 Self:899 ToDie:162
    Time: Quad:120
 Streaks: Frags:25 QuadRun:5
  SpawnFrags: 10
__________
_ xero:
  92 (83) 4 91.1%
Wp: lg26.4% (77/292) rl47.4% gl10.0% sg45.1% ssg66.1%
RL skill: ad:120.6 dh:19
Armr&mhs: ga:0 ya:5 ra:11 mh:9
Powerups: Q:9 P:2 R:0
      RL: Took:2 Killed:8 Dropped:1
      LG: Took:3 Killed:9 Dropped:0
  Damage: Tkn:3516 Gvn:10272 EWep:1900 Tm:328 Self:614 ToDie:390
    Time: Quad:269
 Streaks: Frags:72 QuadRun:7
  SpawnFrags: 7

Team [=s=]:
__________
_ goblin:
  29 (-35) 1 31.2%
Wp: lg24.8% (29/117) rl51.8% sg31.2% ssg50.0%
RL skill: ad:83.3 dh:5
Armr&mhs: ga:0 ya:11 ra:4 mh:6
Powerups: Q:2 P:1 R:0
      RL: Took:9 Killed:3 Dropped:1
      LG: Took:6 Killed:4 Dropped:1
  Damage: Tkn:8780 Gvn:6008 EWep:2395 Tm:180 Self:356 ToDie:137
    Time: Quad:40
 Streaks: Frags:8 QuadRun:4
  SpawnFrags: 3
__________
_ rio:
  37 (-45) 4 31.1%
Wp: lg43.8% (21/48) rl81.0% sg42.3% ssg25.6%
RL skill: ad:86.5 dh:5
Armr&mhs: ga:0 ya:9 ra:1 mh:0
Powerups: Q:0 P:0 R:0
      RL: Took:9 Killed:5 Dropped:5 Xfer:2
      LG: Took:7 Killed:4 Dropped:2
  Damage: Tkn:9461 Gvn:5978 EWep:1856 Tm:324 Self:131 ToDie:115
    Time: Quad:0
 Streaks: Frags:3 QuadRun:0
  SpawnFrags: 2
__________
_ mOlle:
  37 (-39) 2 32.7%
Wp: lg40.0% (12/30) rl61.5% gl11.8% sg40.7% ssg49.6%
RL skill: ad:74.7 dh:5
Armr&mhs: ga:0 ya:2 ra:1 mh:6
Powerups: Q:0 P:0 R:1
      RL: Took:6 Killed:6 Dropped:2
      LG: Took:2 Killed:1 Dropped:1
  Damage: Tkn:8377 Gvn:6955 EWep:1973 Tm:221 Self:112 ToDie:110
    Time: Quad:0
 Streaks: Frags:9 QuadRun:0
  SpawnFrags: 3
__________
_ lethalwiz:
  25 (-51) 1 24.8%
Wp: lg44.8% (39/87) rl50.0% gl17.6% sg44.6% ssg36.4%
RL skill: ad:79.8 dh:5
Armr&mhs: ga:0 ya:6 ra:5 mh:8
Powerups: Q:0 P:0 R:0
      RL: Took:9 Killed:2 Dropped:5 Xfer:1
      LG: Took:8 Killed:5 Dropped:3
  Damage: Tkn:10176 Gvn:5841 EWep:2637 Tm:42 Self:109 ToDie:133
    Time: Quad:0
 Streaks: Frags:3 QuadRun:0
  SpawnFrags: 1

______________________________________
[[m]] vs [=s=] match statistics:
______________________________________

weapons, powerups, armors&mhs, damage
______________________________________
[[m]]: Wp: lg29% rl57 gl9 sg39% ssg41%
Powerups: Q:18 P:3 R:3
Armr&mhs: ga:0 ya:25 ra:37 mh:34
      RL: Took:23 Killed:29 Dropped:7 Xfer:1
      LG: Took:17 Killed:21 Dropped:3
  Damage: Tkn:24782 Gvn:36794 EWep:7644 Tm:1293
    Time: Quad:539
[=s=]: Wp: lg36% rl20 gl5 sg39% ssg37%
Powerups: Q:2 P:1 R:1
Armr&mhs: ga:0 ya:28 ra:11 mh:20
      RL: Took:33 Killed:16 Dropped:13 Xfer:3
      LG: Took:23 Killed:14 Dropped:7
  Damage: Tkn:36794 Gvn:24782 EWep:8861 Tm:767
    Time: Quad:40
______________________________________
[dm3] top scorers:
______________________________________
      Frags: xero [92]
     Deaths: rio [82]
Friendkills: conan [4]
             xero [4]
             rio [4]
 Efficiency: xero [91.1%]
 FragStreak: xero [72]
    QuadRun: xero [7]
  RL Killer: splash [11]
Boomsticker: xero [45.1%]
   Survivor: xero [390]
Annihilator: xero [10272]

______________________________________

Team scores: frags . percentage
______________________________________
[[m]]: 269 . 67.8%
[=s=]: 128 . 32.2%
______________________________________
]log 10
