Playing demo from 10.mvd


_____________________________________

_Claustrophobopolis
rio is ready [=s=]
All players ready
Timer started
QiZmo: timer lag point disabled
Server starts recording (disk): 4on4_[m]_vs_s_[dm2]100222-2128.mvd
matchdate: 2022-02-10 21:28:57 CET
trigger "onmatchstart" has no matching alias
The match has begun!
(elguapo): >&c991gpo  &cfff coming [low-rl] need armor/rl
(xero): >&cf2fxer  &cfff 0/100 [quad-low] 
(elguapo): >&c991gpo  &cfff took &cf13rl&cfff [low-rl]
(elguapo): >&c991gpo  &cfff took &cf00ra&cfff [secret]
(rio): >&cf00rio &cf55[&cf99quad&cf55] lost&r &cf552&r
(xero): >&cf2fxer  &cfff &cf00lost [quad-low] 2
(splash): >&c041spl  &cfff 0/191 gl [big-stairs] rox:25 
(splash): >&c041spl  &cfff took &cff0ya&cfff [big]
(splash): >&c041spl  &cfff &cff0y&cfff150/188 gl [platforms] rox:24 
(xero): >&cf2fxer  &cfff &cf00lost [path-lift] 2
(elguapo): >&c991gpo  &cfff &cf00r&cfff132/96 &cf13rl&cfff&cf31:0&cfff [tele-high] 
(xero): >&cf2fxer  &cfff 0/100 [big-stairs] 
(splash): >&c041spl  &cfff &cf00lost [low-rl] 2
(splash): >&c041spl  &cfff &cf00lost [low-rl] 2
(splash): >&c041spl  &cfff &cf00lost [low-rl] 2
(elguapo): >&c991gpo  &cfff &cf00r&cfff29/92 &cf13rl&cfff&cf31:0&cfff [tele] 
(splash): >&c041spl  &cfff 0/100 [tele-ya] 
(elguapo): >&c991gpo  &cfff &cf00r&cfff29/92 &cf13rl&cfff&cf31:0&cfff [floating] 
(xero): >&cf2fxer  &cfff took &cf0frl&cfff [low-rl]
(splash): >&c041spl  &cfff 0/100 [tele-ya] 
(xero): >&cf2fxer  &cfff 0/10 &cf0frl&cfff&cf31:4&cfff [low-button] 
(xero): >&cf2fxer  &cfff &cf00lost [low-button] 2
(goblin): >&c599gob:&cfff 0/100 ssg [low-button] rox:13 
(goblin): >&c599gob:&cfff 0/100 ssg [low-stairs] rox:13 
(lethalwiz): >&c599lwz:&cfff &c991y&cfff107/88 &cf60rl&cfff&cf31:5&cfff [tele-entry] 
(rio): >  &c353rio&r [tele-high] &c991y&cfff&cfff105&r/&cfff49&r ng &caaa
(rio): >  &c353rio&r [tele-high] &c991y&cfff&cfff105&r/&cfff49&r ng &caaa
(rio): >  &c353rio&r [tele-high] &c991y&cfff&cfff105&r/&cfff49&r ng &caaa
(goblin): >&c599gob:&cfff &c931r&cfff200/200 ssg [low-rl] rox:13 
(goblin): >&c599gob:&cfff &c931r&cfff200/200 ssg [low-rl] rox:13 
not enough ammo
not enough ammo
not enough ammo
not enough ammo
not enough ammo
[19] minutes remaining
Team [[m]] leads by 2 frags
not enough ammo
not enough ammo
(rio): >&cf00rio &cf55[&cf99quad-low&cf55] lost&r &cf552&r
(lethalwiz): >&c599lwz:&cfff &cf00lost&cfff [high-rl] 1
(lethalwiz): >&c599lwz:&cfff &cf00lost&cfff [high-rl] 1
(lethalwiz): >&c599lwz:&cfff &cf00lost&cfff [high-rl] 1
(splash): >&c041spl  &cfff 0/83 [quad-low] 
(xero): >&cf2fxer  &cfff ra67/71 [quad-way] 
(elguapo): >&c991gpo  &cfff &c0b0team&cfff quad
(elguapo): >&c991gpo  &cfff &c0b0team&cfff quad
(splash): >&c041spl  &cfff 0/17 [secret] 
(elguapo): >&c991gpo  &cfff &cff0y&cfff9/100 &cf13rl&cfff&cf31:1&cfff [ng] quad
(splash): >&c041spl  &cfff 0/17 [secret] 
(splash): >&c041spl  &cfff 0/17 [secret] 
(splash): >&c041spl  &cfff 0/17 [secret] 
(elguapo): >&c991gpo  &cfff &cff0y&cfff9/100 &cf13rl&cfff&cf31:1&cfff [tele] quad
(splash): >&c041spl  &cfff 0/17 [secret] 
(splash): >&c041spl  &cfff 0/17 [secret] 
(splash): >&c041spl  &cfff 0/17 [secret] 
(xero): >&cf2fxer  &cfff ra67/71 &cf0frl&cfff&cf31:9&cfff [secret] 
[18] minutes remaining
Team [[m]] leads by 10 frags
(xero): >&cf2fxer  &cfff 0/33 &cf0frl&cfff&cf31:9&cfff [quad-button] 
(splash): >&c041spl  &cfff &cff0y&cfff105/73 &cf13rl&cfff&cf31:20&cfff [high-rl] 
(elguapo): >&c991gpo  &cfff &c0b0team&cfff quad
(elguapo): >&c991gpo  &cfff &c0b0team&cfff quad
(elguapo): >&c991gpo  &cfff &cff0y&cfff111/78 &cf13rl&cfff&cf31:3&cfff [ng] quad
(splash): >&c041spl  &cfff &cff0y&cfff58/68 &cf13rl&cfff&cf31:34&cfff [tele] 
(splash): >&c041spl  &cfff &cff0y&cfff58/93 &cf13rl&cfff&cf31:34&cfff [tele] 
(conan): >&c325con  &cfff 0/100 sg [tele] rox:10 
(xero): >&cf2fxer  &cfff &cf00lost [low-button] 2
(splash): >&c041spl  &cfff took &cff0ya&cfff [tele-ya]
(xero): >&cf2fxer  &cfff coming [quad-button] need weapon
(elguapo): >&c991gpo  &cfff &cff0y&cfff91/100 &cf13rl&cfff&cf31:0&cfff [tele-entry] quad
(xero): >&cf2fxer  &cfff ya144/98 [tele] 
(elguapo): >&c991gpo  &cfff rox at [gl]
(xero): >&cf2fxer  &cfff ya144/98 [high-rl] 
(splash): >&c041spl  &cfff &cff0y&cfff150/93 &cf13rl&cfff&cf31:34&cfff [tele-entry] 
Quad Damage is wearing off
(splash): >&c041spl  &cfff &cff0y&cfff150/93 &cf13rl&cfff&cf31:32&cfff [tele-entry] 
(splash): >&c041spl  &cfff &cff0y&cfff150/93 &cf13rl&cfff&cf31:32&cfff [tele-entry] 
(splash): >&c041spl  &cfff &cff0y&cfff150/100 &cf13rl&cfff&cf31:32&cfff [tele-entry] 
(elguapo): >&c991gpo  &cfff &cf00lost [big-button] 2
no weapon
(elguapo): >&c991gpo  &cfff took &cff0ya&cfff [big]
(xero): >&cf2fxer  &cfff took &cf00ra&cfff [secret]
(splash): >&c041spl  &cfff &cff0ya&cfff at [tele-ya]
(elguapo): >&c991gpo  &cfff took &cff0ya&cfff [tele-ya]
(elguapo): >&c991gpo  &cfff &cff0y&cfff150/59 [high-rl] 
(xero): >&cf2fxer  &cfff ra89/85 &cf0frl&cfff&cf31:2&cfff [quad] 
(elguapo): >&c991gpo  &cfff &cff0y&cfff150/59 [high-rl] 
[17] minutes remaining
Team [[m]] leads by 13 frags
(xero): >&cf2fxer  &cfff ra89/100 &cf0frl&cfff&cf31:1&cfff [quad] 
(xero): >&cf2fxer  &cfff ra89/100 &cf0frl&cfff&cf31:1&cfff [quad] 
(splash): >&c041spl  &cfff &cf2apack&cfff at [tele]
(splash): >&c041spl  &cfff &cf2apack&cfff at [tele]
(splash): >&c041spl  &cfff &cf2apack&cfff at [tele]
(splash): >&c041spl  &cfff &cf2apack&cfff at [tele]
(splash): >&c041spl  &cfff &cf2apack&cfff at [tele]
(xero): >&cf2fxer  &cfff 0/78 &cf0frl&cfff&cf31:0&cfff [ng] &c05fquad&cfff
(elguapo): >&c991gpo  &cfff &cf00lost [path] 1
(splash): >&c041spl  &cfff took &cf2apack&cfff [tele]
(xero): >&cf2fxer  &cfff 0/78 &cf0frl&cfff&cf31:0&cfff [tele] &c05fquad&cfff
(xero): >&cf2fxer  &cfff 0/78 &cf0frl&cfff&cf31:0&cfff [tele] &c05fquad&cfff
(xero): >&cf2fxer  &cfff 0/78 &cf0frl&cfff&cf31:0&cfff [tele] &c05fquad&cfff
(splash): >&c041spl  &cfff &cff0y&cfff12/13 &cf13rl&cfff&cf31:33&cfff [tele-entry] 
(splash): >&c041spl  &cfff &cff0y&cfff12/13 &cf13rl&cfff&cf31:33&cfff [tele-entry] 
(splash): >&c041spl  &cfff &cff0y&cfff12/38 &cf13rl&cfff&cf31:32&cfff [tele] 
(xero): >&cf2fxer  &cfff &cf0fpack&cfff at [low-stairs]
(xero): >&cf2fxer  &cfff &cf0fpack&cfff at [low-stairs]
(xero): >&cf2fxer  &cfff &cf0fpack&cfff at [low-stairs]
(splash): >&c041spl  &cfff &cff0y&cfff12/38 &cf13rl&cfff&cf31:32&cfff [tele-entry] 
Quad Damage is wearing off
(splash): >&c041spl  &cfff &cff0y&cfff9/62 &cf13rl&cfff&cf31:29&cfff [tele] 
(splash): >&c041spl  &cfff &cff0y&cfff9/62 &cf13rl&cfff&cf31:29&cfff [tele] 
(splash): >&c041spl  &cfff took &cff0ya&cfff [tele-ya]
(elguapo): >&c991gpo  &cfff &cf00lost [path-lift] 1
(elguapo): >&c991gpo  &cfff &cf00lost [path-lift] 1
(xero): >&cf2fxer  &cfff ya62/45 &cf0frl&cfff&cf31:6&cfff [low-lift] 
(xero): >&cf2fxer  &cfff ya62/70 &cf0frl&cfff&cf31:6&cfff [low-stairs] 
(xero): >&cf2fxer  &cfff ya62/70 &cf0frl&cfff&cf31:6&cfff [low-stairs] 
(xero): >&cf2fxer  &cfff &c0b0safe [ra-mega]
(xero): >&cf2fxer  &cfff &c0b0safe [ra-mega]
(elguapo): >&c991gpo  &cfff &cf00lost [big] 1
(xero): >&cf2fxer  &cfff took &cf00ra&cfff [ra-mega]
(xero): >&cf2fxer  &cfff coming [ra-mega] need tjock
[16] minutes remaining
Team [[m]] leads by 18 frags
(xero): >&cf2fxer  &cfff &c0b0safe [ra-mega]
(xero): >&cf2fxer  &cfff &c0b0safe [ra-mega]
(elguapo): >&c991gpo  &cfff 0/100 &cf13rl&cfff&cf31:10&cfff [big-stairs] 
(rio): >  &c353rio&r [quad-way] &c931r&cfff&cfff113&r/&cfff85&r &cf31rl&cfff &caaa
(lethalwiz): >&c599lwz:&cfff &cf00lost&cfff [low-rl] 1
(lethalwiz): >&c599lwz:&cfff &cf00lost&cfff [low-rl] 1
(lethalwiz): >&c599lwz:&cfff &cf00lost&cfff [low-rl] 1
(lethalwiz): >&c599lwz:&cfff 0/76 sg [high-rl] rox:10 
(goblin): >&c599gob:&cfff &c931r&cfff200/100 &cf31rl&cfff&cf31:15&cfff [secret] 
(lethalwiz): >&c599lwz:&cfff &cf00lost&cfff [high-rl] 1
(lethalwiz): >&c599lwz:&cfff &cf00lost&cfff [high-rl] 1
(goblin): >&c599gob:&cfff &c931r&cfff200/100 &cf31rl&cfff&cf31:15&cfff [ng] 
(lethalwiz): >&c599lwz:&cfff 0/100 [platforms] 
(goblin): >&c599gob:&cfff &c0b0safe&cfff [tele-entry]
(mOlle): >&c59cmol:&cfff &cf00enemy&cfff at [quad-way]
(mOlle): >&c59cmol:&cfff &cf00enemy&cfff at [quad-way]
(lethalwiz): >&c599lwz:&cfff 0/100 sg [low-stairs] rox:5 
(lethalwiz): >&c599lwz:&cfff &cf00lost&cfff [ra-mega] 2
(lethalwiz): >&c599lwz:&cfff &cf00lost&cfff [ra-mega] 2
(rio): >  &c353rio&r &c05fquad&cfff [secret] &c931r&cfff&cf6612&r/&cfff100&r &cf31rl&cfff&cf66:0&r &caaaneed armor
(rio): >  &c353rio&r &c05fquad&cfff [secret] &c931r&cfff&cf6612&r/&cfff100&r &cf31rl&cfff&cf66:0&r &caaaneed armor
(goblin): >&c599gob:&cfff &c931r&cfff113/83 &cf31rl&cfff&cf31:8&cfff [tele] 
(goblin): >&c599gob:&cfff lethalwiz at [tele]
(lethalwiz): >&c599lwz:&cfff &c991y&cfff150/100 sg [tele-high] rox:10 
(lethalwiz): >&c599lwz:&cfff &c991y&cfff150/100 sg [tele-high] rox:10 
Quad Damage is wearing off
(rio): >&cf00rio &cf55[&cf99ng&cf55] lost&r &cf551&r
(lethalwiz): >&c599lwz:&cfff &c991y&cfff150/100 sg [high-rl] rox:10 
(rio): >&cf00rio &cf55[&cf99ng&cf55] lost&r &cf551&r
no weapon
(lethalwiz): >&c599lwz:&cfff &c991y&cfff150/100 sg [high-rl] rox:10 
(elguapo): >&c991gpo  &cfff took &cf00ra&cfff [ra-mega]
(splash): >&c041spl  &cfff 0/84 &cf13rl&cfff&cf31:11&cfff [secret] 
(splash): >&c041spl  &cfff 0/84 &cf13rl&cfff&cf31:11&cfff [secret] 
(splash): >&c041spl  &cfff 0/84 &cf13rl&cfff&cf31:11&cfff [secret] 
(splash): >&c041spl  &cfff 0/84 &cf13rl&cfff&cf31:11&cfff [secret] 
(splash): >&c041spl  &cfff 0/84 &cf13rl&cfff&cf31:11&cfff [secret] 
(xero): >&cf2fxer  &cfff ra140/141 &cf0frl&cfff&cf31:9&cfff [big] 
(conan): >&c325con  &cfff &cff0y&cfff150/16 &cf13rl&cfff&cf31:5&cfff [ra-mega] 
(splash): >&c041spl  &cfff 0/84 &cf13rl&cfff&cf31:11&cfff [secret] 
(splash): >&c041spl  &cfff 0/84 &cf13rl&cfff&cf31:11&cfff [secret] 
(splash): >&c041spl  &cfff 0/84 &cf13rl&cfff&cf31:11&cfff [secret] 
no weapon
(goblin): >&c599gob:&cfff &cf2apack&cfff at [secret]
(goblin): >&c599gob:&cfff &cf2apack&cfff at [secret]
(goblin): >&c599gob:&cfff &cf2apack&cfff at [secret]
You are a command flooder man!
3 warnings to kick
command floodprot (6 sec)
(goblin): >&c599gob:&cfff &cf2apack&cfff at [secret]
command floodprot (5 sec)
command floodprot (5 sec)
(goblin): >&c599gob:&cfff &cf2apack&cfff at [secret]
command floodprot (5 sec)
command floodprot (5 sec)
(goblin): >&c599gob:&cfff &cf2apack&cfff at [secret]
command floodprot (5 sec)
command floodprot (5 sec)
(goblin): >&c599gob:&cfff &cf2apack&cfff at [secret]
command floodprot (5 sec)
command floodprot (5 sec)
(goblin): >&c599gob:&cfff &cf2apack&cfff at [secret]
[15] minutes remaining
Team [[m]] leads by 28 frags
(mOlle): >&c59cmol:&cfff &cf00lost&cfff [path-lift] 3
(lethalwiz): >&c599lwz:&cfff &c991y&cfff150/100 &cf60rl&cfff&cf31:20&cfff [high-rl] 
(lethalwiz): >&c599lwz:&cfff &c991y&cfff150/100 &cf60rl&cfff&cf31:20&cfff [high-rl] 
(splash): >&c041spl  &cfff 0/76 &cf13rl&cfff&cf31:11&cfff [secret] 
(conan): >&c325con  &cfff 0/64 [secret] 
splash: :)
splash: :)
(splash): >&c041spl  &cfff 0/76 &cf13rl&cfff&cf31:11&cfff [secret] 
(xero): >&cf2fxer  &cfff 0/67 &cf0frl&cfff&cf31:3&cfff [big] 
(splash): >&c041spl  &cfff 0/76 &cf13rl&cfff&cf31:11&cfff [secret] 
(splash): >&c041spl  &cfff 0/76 &cf13rl&cfff&cf31:11&cfff [secret] 
(splash): >&c041spl  &cfff 0/76 &cf13rl&cfff&cf31:11&cfff [secret] 
(xero): >&cf2fxer  &cfff 0/67 &cf0frl&cfff&cf31:3&cfff [big-stairs] 
(splash): >&c041spl  &cfff 0/76 &cf13rl&cfff&cf31:11&cfff [secret] 
(splash): >&c041spl  &cfff 0/76 &cf13rl&cfff&cf31:11&cfff [secret] 
(splash): >&c041spl  &cfff 0/76 &cf13rl&cfff&cf31:11&cfff [secret] 
(xero): >&cf2fxer  &cfff ya150/67 &cf0frl&cfff&cf31:3&cfff [big] 
(xero): >&cf2fxer  &cfff &cf0frl&cfff at [low-rl]
(xero): >&cf2fxer  &cfff &cf0frl&cfff at [low-rl]
goblin: !
(xero): >&cf2fxer  &cfff &cf0frl&cfff at [low-rl]
(xero): >&cf2fxer  &cfff &cf0frl&cfff at [low-rl]
(splash): >&c041spl  &cfff &cf00r&cfff196/76 &cf13rl&cfff&cf31:9&cfff [ng] 
(elguapo): >&c991gpo  &cfff 0/45 &cf13rl&cfff&cf31:13&cfff [tele] quad
(elguapo): >&c991gpo  &cfff 0/45 &cf13rl&cfff&cf31:13&cfff [tele] quad
(splash): >&c041spl  &cfff &cf00r&cfff196/76 &cf13rl&cfff&cf31:9&cfff [tele] 
(splash): >&c041spl  &cfff &cf00r&cfff156/68 &cf13rl&cfff&cf31:7&cfff [tele-entry] 
(elguapo): >&c991gpo  &cfff took &cff0ya&cfff [tele-ya]
(splash): >&c041spl  &cfff &cf00r&cfff156/68 &cf13rl&cfff&cf31:7&cfff [tele-entry] 
(xero): >&cf2fxer  &cfff 0/100 [tele] 
Quad Damage is wearing off
(splash): >&c041spl  &cfff took &cf00ra&cfff [secret]
(xero): >&cf2fxer  &cfff coming [quad-button] need weapon
(xero): >&cf2fxer  &cfff &cf00lost [low-rl] 3
(xero): >&cf2fxer  &cfff &cf00lost [low-rl] 3
(elguapo): >&c991gpo  &cfff took &cff0ya&cfff [big]
[14] minutes remaining
Team [[m]] leads by 35 frags
(xero): >&cf2fxer  &cfff took &cff0ya&cfff [tele-ya]
(elguapo): >&c991gpo  &cfff &cff0y&cfff135/100 &cf13rl&cfff&cf31:5&cfff [quad-low] 
(xero): >&cf2fxer  &cfff ya150/84 &cf0frl&cfff&cf31:10&cfff [quad-way] 
(xero): >&cf2fxer  &cfff ya150/100 &cf0frl&cfff&cf31:6&cfff [quad] 
(xero): >&cf2fxer  &cfff ya150/100 &cf0frl&cfff&cf31:6&cfff [quad] 
(xero): >&cf2fxer  &cfff ya150/100 &cf0frl&cfff&cf31:5&cfff [ng] &c05fquad&cfff
(splash): >&c041spl  &cfff &cf00r&cfff132/100 &cf13rl&cfff&cf31:15&cfff [quad-low] 
(elguapo): >&c991gpo  &cfff took &cff0ya&cfff [tele-ya]
(xero): >&cf2fxer  &cfff ya5/49 &cf0frl&cfff&cf31:5&cfff [low-rl] &c05fquad&cfff
(splash): >&c041spl  &cfff &cf00r&cfff132/100 &cf13rl&cfff&cf31:12&cfff [quad-low] 
(xero): >&cf2fxer  &cfff ya5/49 &cf0frl&cfff&cf31:4&cfff [secret] &c05fquad&cfff
(xero): >&cf2fxer  &cfff ya5/49 &cf0frl&cfff&cf31:4&cfff [secret] &c05fquad&cfff
(xero): >&cf2fxer  &cfff ra163/42 &cf0frl&cfff&cf31:4&cfff [ng] &c05fquad&cfff
Quad Damage is wearing off
(xero): >&cf2fxer  &cfff ra11/31 &cf0frl&cfff&cf31:1&cfff [path] &c05fquad&cfff
(splash): >&c041spl  &cfff &cf00r&cfff103/100 &cf13rl&cfff&cf31:9&cfff [quad-low] 
(xero): >&cf2fxer  &cfff ra7/46 &cf0frl&cfff&cf31:1&cfff [ng] 
(elguapo): >&c991gpo  &cfff &cff0ya&cfff at [tele-ya]
(xero): >&cf2fxer  &cfff ya150/46 &cf0frl&cfff&cf31:1&cfff [quad-way] 
(xero): >&cf2fxer  &cfff ya150/46 &cf0frl&cfff&cf31:1&cfff [quad-way] 
(splash): >&c041spl  &cfff &cf00r&cfff103/100 &cf13rl&cfff&cf31:9&cfff [high-rl] 
[13] minutes remaining
Team [[m]] leads by 45 frags
(elguapo): >&c991gpo  &cfff &cff0y&cfff41/54 &cf13rl&cfff&cf31:13&cfff [tele] 
(xero): >&cf2fxer  &cfff took rocks [high-rl]
(elguapo): >&c991gpo  &cfff took &cff0ya&cfff [tele-ya]
(elguapo): >&c991gpo  &cfff &c0b0safe [tele]
(conan): >&c325con  &cfff &cf00r&cfff200/100 &cf13rl&cfff&cf31:24&cfff [quad] 
(splash): >&c041spl  &cfff 0/8 &cf13rl&cfff&cf31:10&cfff [path] 
(splash): >&c041spl  &cfff 0/8 &cf13rl&cfff&cf31:10&cfff [path] 
(splash): >&c041spl  &cfff 0/8 &cf13rl&cfff&cf31:10&cfff [tele] 
(elguapo): >&c991gpo  &cfff &cf2apack&cfff at [tele]
(splash): >&c041spl  &cfff 0/8 &cf13rl&cfff&cf31:20&cfff [tele] 
(xero): >&cf2fxer  &cfff &cf00lost [path-lift] 4
(xero): >&cf2fxer  &cfff &cf00lost [path-lift] 4
(xero): >&cf2fxer  &cfff &cf00lost [path-lift] 4
(splash): >&c041spl  &cfff 0/8 &cf13rl&cfff&cf31:20&cfff [tele-high] 
(xero): >&cf2fxer  &cfff 0/100 [big-stairs] 
(splash): >&c041spl  &cfff 0/100 &cf13rl&cfff&cf31:20&cfff [quad-low] 
(elguapo): >&c991gpo  &cfff enemy at [tele-entry]
no weapon
(xero): >&cf2fxer  &cfff &cf00ra&cfff at [secret]
(xero): >&cf2fxer  &cfff &cf00ra&cfff at [secret]
(xero): >&cf2fxer  &cfff took &cf00ra&cfff [secret]
(xero): >&cf2fxer  &cfff ra200/89 [tele] 
(xero): >&cf2fxer  &cfff ra200/89 &cf0frl&cfff&cf31:10&cfff [quad] 
(elguapo): >&c991gpo  &cfff &cff0y&cfff150/69 &cf13rl&cfff&cf31:28&cfff [tele] 
(splash): >&c041spl  &cfff 0/100 sg [tele-ya] rox:10 
[12] minutes remaining
Team [[m]] leads by 51 frags
(xero): >&cf2fxer  &cfff &cf00dropped &cf0frl&cfff [low-rl] 2
(xero): >&cf2fxer  &cfff &cf00dropped &cf0frl&cfff [low-rl] 2
(xero): >&cf2fxer  &cfff &cf00dropped &cf0frl&cfff [low-rl] 2
(splash): >&c041spl  &cfff 0/27 gl [quad-low] rox:13 
(splash): >&c041spl  &cfff 0/77 gl [quad-low] rox:9 
(xero): >&cf2fxer  &cfff &cf00lost [ra-mega] 2
(xero): >&cf2fxer  &cfff coming [tele] need armor weapon
(xero): >&cf2fxer  &cfff coming [tele-ya] need armor weapon
(elguapo): >&c991gpo  &cfff &c0b0safe [tele-ya]
(splash): >&c041spl  &cfff &cf00r&cfff200/50 gl [secret] rox:4 
(splash): >&c041spl  &cfff &cf00r&cfff200/50 gl [water] rox:4 
(splash): >&c041spl  &cfff &cf00r&cfff200/50 gl [quad-low] rox:4 
(splash): >&c041spl  &cfff &cf00r&cfff200/50 gl [quad-low] rox:4 
(splash): >&c041spl  &cfff &cf00r&cfff200/50 gl [quad-low] rox:4 
(splash): >&c041spl  &cfff &cf00r&cfff200/50 gl [quad-low] rox:4 
(splash): >&c041spl  &cfff &cf00r&cfff200/50 gl [quad-low] rox:4 
(splash): >&c041spl  &cfff &cf00r&cfff200/50 gl [quad-low] rox:4 
(elguapo): >&c991gpo  &cfff &c0b0safe [tele]
(splash): >&c041spl  &cfff &cf00r&cfff200/75 gl [tele-high] rox:4 
(xero): >&cf2fxer  &cfff &c05fquad&cfff at [quad]
(xero): >&cf2fxer  &cfff &c05fquad&cfff at [quad]
(splash): >&c041spl  &cfff &cf00r&cfff200/75 gl [high-rl] rox:4 
(splash): >&c041spl  &cfff &cf00r&cfff165/66 gl [high-rl] rox:3 
(elguapo): >&c991gpo  &cfff &cff0y&cfff87/140 &cf13rl&cfff&cf31:29&cfff [big] 
(splash): >&c041spl  &cfff &cf00r&cfff165/66 gl [high-rl] rox:3 
(splash): >&c041spl  &cfff &cf00r&cfff165/66 gl [high-rl] rox:3 
(splash): >&c041spl  &cfff &cf00r&cfff120/55 gl [high-rl] rox:2 
(splash): >&c041spl  &cfff &cf00r&cfff120/55 gl [high-rl] rox:2 
(xero): >&cf2fxer  &cfff coming [big] need weapon
(elguapo): >&c991gpo  &cfff took &cff0ya&cfff [big]
(splash): >&c041spl  &cfff &cf00r&cfff120/55 gl [high-rl] rox:2 
(splash): >&c041spl  &cfff &cf00r&cfff120/55 gl [high-rl] rox:2 
(xero): >&cf2fxer  &cfff ya27/18 &cf0frl&cfff&cf31:3&cfff [big-button] 
(elguapo): >&c991gpo  &cfff &c0b0safe [tele-entry]
(splash): >&c041spl  &cfff &cf00r&cfff120/55 &cf13rl&cfff&cf31:12&cfff [quad-way] 
(xero): >&cf2fxer  &cfff ya7/6 &cf0frl&cfff&cf31:2&cfff [quad-button] 
(xero): >&cf2fxer  &cfff ya7/6 &cf0frl&cfff&cf31:2&cfff [quad-button] 
(xero): >&cf2fxer  &cfff ya7/6 &cf0frl&cfff&cf31:2&cfff [quad-button] 
[11] minutes remaining
Team [[m]] leads by 60 frags
(xero): >&cf2fxer  &cfff ya7/100 &cf0frl&cfff&cf31:1&cfff [tele] 
(xero): >&cf2fxer  &cfff ya7/100 &cf0frl&cfff&cf31:1&cfff [tele] 
(xero): >&cf2fxer  &cfff ya7/100 &cf0frl&cfff&cf31:1&cfff [tele-high] 
(xero): >&cf2fxer  &cfff ya7/100 &cf0frl&cfff&cf31:0&cfff [high-rl] 
(splash): >&c041spl  &cfff 0/70 &cf13rl&cfff&cf31:20&cfff [tele] 
(splash): >&c041spl  &cfff 0/70 &cf13rl&cfff&cf31:20&cfff [tele-entry] 
(elguapo): >&c991gpo  &cfff &c0b0safe [tele-ya]
(elguapo): >&c991gpo  &cfff took &cff0ya&cfff [tele-ya]
(xero): >&cf2fxer  &cfff ya4/98 &cf0frl&cfff&cf31:15&cfff [big-stairs] 
(elguapo): >&c991gpo  &cfff &cf00dropped &cf13rl&cfff [tele-high] 1
(elguapo): >&c991gpo  &cfff &cf00dropped &cf13rl&cfff [tele-high] 1
no weapon
(xero): >&cf2fxer  &cfff 0/55 &cf0frl&cfff&cf31:14&cfff [big-stairs] 
(splash): >&c041spl  &cfff 0/70 &cf13rl&cfff&cf31:16&cfff [tele] 
(splash): >&c041spl  &cfff 0/95 &cf13rl&cfff&cf31:16&cfff [tele] 
(xero): >&cf2fxer  &cfff 0/55 &cf0frl&cfff&cf31:13&cfff [big-stairs] 
(splash): >&c041spl  &cfff 0/95 &cf13rl&cfff&cf31:16&cfff [tele-ya] 
(elguapo): >&c991gpo  &cfff &cf00dropped &cf13rl&cfff [high-rl] 1
(splash): >&c041spl  &cfff 0/95 &cf13rl&cfff&cf31:16&cfff [tele-ya] 
(elguapo): >&c991gpo  &cfff &cf00lost [ra-mega] 1
(xero): >&cf2fxer  &cfff &cf00dropped &cf0frl&cfff [big] 1
(xero): >&cf2fxer  &cfff &cf00dropped &cf0frl&cfff [big] 1
(xero): >&cf2fxer  &cfff &cf00dropped &cf0frl&cfff [big] 1
(splash): >&c041spl  &cfff 0/93 &cf13rl&cfff&cf31:16&cfff [tele-ya] 
(splash): >&c041spl  &cfff took &cff0ya&cfff [tele-ya]
(xero): >&cf2fxer  &cfff &cf00lost [big] 1
(xero): >&cf2fxer  &cfff 0/100 [tele] 
(elguapo): >&c991gpo  &cfff &cf00lost [low-rl] 1
(xero): >&cf2fxer  &cfff 0/52 &cf0frl&cfff&cf31:10&cfff [tele-high] 
(elguapo): >&c991gpo  &cfff coming [ra-mega] need health/rl
(elguapo): >&c991gpo  &cfff &cf00r&cfff119/6 [low-button] 
(splash): >&c041spl  &cfff &cff0y&cfff112/91 &cf13rl&cfff&cf31:7&cfff [tele-entry] 
(elguapo): >&c991gpo  &cfff &cf00lost [low-rl] 2
(elguapo): >&c991gpo  &cfff &cf00lost [low-rl] 2
(xero): >&cf2fxer  &cfff 0/152 &cf0frl&cfff&cf31:25&cfff [gl] 
(xero): >&cf2fxer  &cfff 0/149 &cf0frl&cfff&cf31:25&cfff [big-stairs] 
(xero): >&cf2fxer  &cfff 0/144 &cf0frl&cfff&cf31:25&cfff [big-stairs] 
(xero): >&cf2fxer  &cfff &cf0fpack&cfff at [big]
[10] minutes remaining
Team [[m]] leads by 72 frags
(elguapo): >&c991gpo  &cfff &cf00lost [low-stairs] 2
(xero): >&cf2fxer  &cfff 0/139 &cf0frl&cfff&cf31:25&cfff [big-stairs] 
no weapon
(splash): >&c041spl  &cfff 0/100 [low-button] 
(elguapo): >&c991gpo  &cfff &cf00lost [ra-mega] 0
(elguapo): >&c991gpo  &cfff &cf00lost [quad-low] 2
(elguapo): >&c991gpo  &cfff took &cff0ya&cfff [tele-ya]
(xero): >&cf2fxer  &cfff &cf00lost [quad-low] 1
(goblin): >&c599gob:&cfff &c931r&cfff86/143 &cf31rl&cfff&cf31:9&cfff [quad-way] 
no weapon
(lethalwiz): >&c599lwz:&cfff &cf00dropped&cfff &cf60rl&cfff [low-rl] 1
(lethalwiz): >&c599lwz:&cfff &cf00dropped&cfff &cf60rl&cfff [low-rl] 1
(lethalwiz): >&c599lwz:&cfff &cf00lost&cfff [low-rl] 1
(mOlle): >&c59cmol:&cfff 0/100 [tele-ya] 
(rio): >&cf00rio &cf55[&cf99quad-high&cf55] lost&r &cf00(dropped rl-pack)&r
(rio): >&cf00rio &cf55[&cf99quad-high&cf55] lost&r &cf00(dropped rl-pack)&r
(rio): >&cf00rio &cf55[&cf99quad-high&cf55] lost&r &cf00(dropped rl-pack)&r
(xero): >&cf2fxer  &cfff &cf00dropped &cf0frl&cfff [big] 1
(xero): >&cf2fxer  &cfff &cf00dropped &cf0frl&cfff [big] 1
(xero): >&cf2fxer  &cfff &cf00dropped &cf0frl&cfff [big] 1
(elguapo): >&c991gpo  &cfff &cf00lost [quad-low] 1
(elguapo): >&c991gpo  &cfff &cf00lost [quad-low] 1
(splash): >&c041spl  &cfff 0/100 [secret] 
(lethalwiz): >&c599lwz:&cfff &cf00lost&cfff [quad-low] 2
(goblin): >&c599gob:&cfff &c991y&cfff150/100 &cf31rl&cfff&cf31:26&cfff [quad-way] 
(lethalwiz): >&c599lwz:&cfff &cf00lost&cfff [tele] 1
(lethalwiz): >&c599lwz:&cfff &cf00lost&cfff [tele] 1
(lethalwiz): >&c599lwz:&cfff &cf00lost&cfff [tele] 1
(lethalwiz): >&c599lwz:&cfff 0/100 [tele] 
[9] minutes remaining
Team [[m]] leads by 63 frags
(rio): >  &c353rio&r [tele-high] &c991y&cfff&cfff150&r/&cfff100&r sg &caaa
(goblin): >&c599gob:&cfff took &ce00ra&cfff [secret]
Quad Damage is wearing off
(lethalwiz): >&c599lwz:&cfff 0/100 [high-rl] 
(lethalwiz): >&c599lwz:&cfff 0/100 [high-rl] 
(goblin): >&c599gob:&cfff &c931r&cfff200/54 &cf31rl&cfff&cf31:36&cfff [ng] 
(lethalwiz): >&c599lwz:&cfff 0/100 [high-rl] 
(lethalwiz): >&c599lwz:&cfff 0/100 [high-rl] 
(rio): >  &c353rio&r [tele-high] &c991y&cfff&cfff117&r/&cfff181&r sg &caaa
(goblin): >&c599gob:&cfff &c931r&cfff48/58 &cf31rl&cfff&cf31:33&cfff [ng] 
(lethalwiz): >&c599lwz:&cfff 0/100 [tele-high] 
(goblin): >&c599gob:&cfff 0/32 &cf31rl&cfff&cf31:31&cfff [quad-low] 
(lethalwiz): >&c599lwz:&cfff 0/100 [tele-high] 
(lethalwiz): >&c599lwz:&cfff &cf00enemy&cfff at [big-button]
(lethalwiz): >&c599lwz:&cfff 0/-17 gl [big] rox:13 
(lethalwiz): >&c599lwz:&cfff 0/-17 gl [big] rox:13 
(lethalwiz): >&c599lwz:&cfff 0/100 [ra-mega] 
(lethalwiz): >&c599lwz:&cfff 0/-33 ssg [ra-mega] 
(goblin): >&c599gob:&cfff took &cf2apack&cfff [big]
(goblin): >&c599gob:&cfff 0/84 &cf31rl&cfff&cf31:17&cfff [big] 
(rio): >&c1ff>&r &r__&cf2aPACK&r__&r &c777at&r [tele-entry]
(goblin): >&c599gob:&cfff 0/100 ng [ng] 
(goblin): >&c599gob:&cfff 0/100 ng [ng] 
(goblin): >&c599gob:&cfff took &cf2apack&cfff [tele-entry]
(goblin): >&c599gob:&cfff took &cf2apack&cfff [tele-entry]
(lethalwiz): >&c599lwz:&cfff &c991y&cfff135/100 &cf60rl&cfff&cf31:20&cfff [ng] 
(goblin): >&c599gob:&cfff 0/100 &cf31rl&cfff&cf31:7&cfff [tele] 
[8] minutes remaining
Team [[m]] leads by 68 frags
(goblin): >&c599gob:&cfff 0/17 &cf31rl&cfff&cf31:4&cfff [tele-ya] 
(goblin): >&c599gob:&cfff took &cff0ya&cfff [tele-ya]
Quad Damage is wearing off
(goblin): >&c599gob:&cfff &c991y&cfff150/17 &cf31rl&cfff&cf31:4&cfff [tele-high] 
(goblin): >&c599gob:&cfff &c991y&cfff150/17 &cf31rl&cfff&cf31:4&cfff [tele-high] 
(lethalwiz): >&c599lwz:&cfff &c991y&cfff120/100 &cf60rl&cfff&cf31:16&cfff [ng] 
(goblin): >&c599gob:&cfff &c991y&cfff150/117 &cf31rl&cfff&cf31:19&cfff [gl] 
(rio): >&cfffrio &caaa[&c666secret&caaa] took&r &ce00ra&cfff
(rio): >  &c353rio&r [water] &c931r&cfff&cfff200&r/&cfff74&r &cf31rl&cfff &caaa
(rio): >&c1ff>&r &r__&cf2aPACK&r__&r &c777at&r [quad-high]
(goblin): >&c599gob:&cfff &c991y&cfff150/113 &cf31rl&cfff&cf31:18&cfff [quad-way] 
(goblin): >&c599gob:&cfff &c991y&cfff150/113 &cf31rl&cfff&cf31:18&cfff [quad-way] 
(rio): >&c1ff>&r &r__&cf2aPACK&r__&r &c777at&r [quad-high]
(rio): >&c0f0rio &c5f5[&c9f9tele&c5f5] safe&r &cf31rl&cfff
(rio): >&c0f0rio &c5f5[&c9f9tele&c5f5] safe&r &cf31rl&cfff
(goblin): >&c599gob:&cfff &c991y&cfff150/108 &cf31rl&cfff&cf31:18&cfff [quad] 
(lethalwiz): >&c599lwz:&cfff &c991y&cfff13/100 &cf60rl&cfff&cf31:4&cfff [tele] 
(mOlle): >&c59cmol:&cfff &cf00lost&cfff [ng] 3
(mOlle): >&c59cmol:&cfff &cf00lost&cfff [ng] 3
(mOlle): >&c59cmol:&cfff &cf00lost&cfff [ng] 3
(goblin): >&c599gob:&cfff &c991y&cfff53/82 &cf31rl&cfff&cf31:30&cfff [quad] 
(goblin): >&c599gob:&cfff &c991y&cfff53/82 &cf31rl&cfff&cf31:30&cfff [quad] 
(goblin): >&c599gob:&cfff &cf00enemy&cfff at [tele-entry]
(goblin): >&c599gob:&cfff &c991y&cfff53/82 &cf31rl&cfff&cf31:24&cfff [quad-button] &c05fquad&cfff
(lethalwiz): >&c599lwz:&cfff 0/-99 &cf60rl&cfff&cf31:2&cfff [quad-low] 
(lethalwiz): >&c599lwz:&cfff 0/100 [low-rl] 
(lethalwiz): >&c599lwz:&cfff &cf00lost&cfff [low-lift] 2
(lethalwiz): >&c599lwz:&cfff &cf00lost&cfff [low-lift] 2
(goblin): >&c599gob:&cfff &cf2apack&cfff at [ng]
(goblin): >&c599gob:&cfff &cf2apack&cfff at [ng]
(lethalwiz): >&c599lwz:&cfff 0/100 &cf60rl&cfff&cf31:9&cfff [ng] 
(rio): >  &c353rio&r [tele] &cfff0&r/&cfff100&r sg &caaa
(rio): >&cfffrio &caaa[&c666tele-ya&caaa] took&r &cff0ya&cfff
(lethalwiz): >&c599lwz:&cfff 0/100 &cf60rl&cfff&cf31:8&cfff [tele] 
(mOlle): >&c59cmol:&cfff &cf00enemy&cfff at [floating]
(mOlle): >&c59cmol:&cfff &cf00enemy&cfff at [floating]
(lethalwiz): >&c599lwz:&cfff 0/100 &cf60rl&cfff&cf31:8&cfff [tele] 
[7] minutes remaining
Team [[m]] leads by 68 frags
(lethalwiz): >&c599lwz:&cfff 0/100 &cf60rl&cfff&cf31:8&cfff [tele] 
(goblin): >&c599gob:&cfff &c991y&cfff42/29 &cf31rl&cfff&cf31:37&cfff [path-lift] &c05fquad&cfff
Quad Damage is wearing off
(lethalwiz): >&c599lwz:&cfff 0/98 &cf60rl&cfff&cf31:8&cfff [tele-ya] 
(lethalwiz): >&c599lwz:&cfff 0/98 &cf60rl&cfff&cf31:8&cfff [tele-ya] 
(goblin): >&c599gob:&cfff &c931r&cfff200/28 &cf31rl&cfff&cf31:36&cfff [ng] 
(goblin): >&c599gob:&cfff &c931r&cfff200/53 &cf31rl&cfff&cf31:36&cfff [ng] 
(goblin): >&c599gob:&cfff &c931r&cfff200/53 &cf31rl&cfff&cf31:36&cfff [ng] 
(rio): >  &c353rio&r [path] &c991y&cfff&cfff150&r/&cfff100&r &cf31rl&cfff &caaa
(lethalwiz): >&c599lwz:&cfff &c991y&cfff150/100 &cf60rl&cfff&cf31:8&cfff [tele] 
(goblin): >&c599gob:&cfff &c931r&cfff56/34 &cf31rl&cfff&cf31:31&cfff [quad-low] 
(lethalwiz): >&c599lwz:&cfff &c991y&cfff150/100 &cf60rl&cfff&cf31:15&cfff [tele] 
(lethalwiz): >&c599lwz:&cfff &c991y&cfff150/100 &cf60rl&cfff&cf31:15&cfff [tele] 
(lethalwiz): >&c599lwz:&cfff &c991y&cfff118/80 &cf60rl&cfff&cf31:14&cfff [quad-high] 
(goblin): >&c599gob:&cfff get &c05fquad&cfff
(lethalwiz): >&c599lwz:&cfff &c991y&cfff118/80 &cf60rl&cfff&cf31:14&cfff [quad-high] 
(goblin): >&c599gob:&cfff get &c05fquad&cfff
(goblin): >&c599gob:&cfff get &c05fquad&cfff
(lethalwiz): >&c599lwz:&cfff &c991y&cfff118/80 &cf60rl&cfff&cf31:14&cfff [quad-high] 
(lethalwiz): >&c599lwz:&cfff &c991y&cfff118/80 &cf60rl&cfff&cf31:14&cfff [quad-high] 
(lethalwiz): >&c599lwz:&cfff &c991y&cfff118/80 &cf60rl&cfff&cf31:14&cfff [quad-high] 
(goblin): >&c599gob:&cfff &c931r&cfff56/34 &cf31rl&cfff&cf31:29&cfff [tele] 
(goblin): >&c599gob:&cfff rio at [tele]
(goblin): >&c599gob:&cfff &c931r&cfff56/34 &cf31rl&cfff&cf31:29&cfff [tele-ya] 
(lethalwiz): >&c599lwz:&cfff &c991y&cfff118/80 &cf60rl&cfff&cf31:13&cfff [quad-high] 
(rio): >  &c353rio&r [tele-high] &cfff0&r/&cfff100&r sg &caaa
(lethalwiz): >&c599lwz:&cfff &c991y&cfff12/100 &cf60rl&cfff&cf31:9&cfff [big-stairs] &c05fquad&cfff
(goblin): >&c599gob:&cfff 0/168 &c299gl&cfff [gl] rox:15 
(rio): >&cfffrio &caaa[&c666high-rl&caaa] took&r &cf31rl&cfff
(goblin): >&c599gob:&cfff 0/168 &c299gl&cfff [tele-high] rox:15 
(goblin): >&c599gob:&cfff rio at [quad-low]
[6] minutes remaining
Team [[m]] leads by 63 frags
(goblin): >&c599gob:&cfff mOlle at [ng]
(lethalwiz): >&c599lwz:&cfff &c991y&cfff150/80 &cf60rl&cfff&cf31:2&cfff [big] &c05fquad&cfff
Quad Damage is wearing off
(goblin): >&c599gob:&cfff 0/157 &c299gl&cfff [tele] rox:15 
(mOlle): >&c59cmol:&cfff &c991y&cfff150/100 &cf60rl&cfff&cf60:13&cfff [tele-entry] 
(mOlle): >&c59cmol:&cfff &c991y&cfff150/100 &cf60rl&cfff&cf60:13&cfff [tele-entry] 
(goblin): >&c599gob:&cfff &c991y&cfff150/149 &c299gl&cfff [tele-high] rox:15 
(lethalwiz): >&c599lwz:&cfff &cf00dropped&cfff &cf60rl&cfff [quad-low] 1
(lethalwiz): >&c599lwz:&cfff &cf00dropped&cfff &cf60rl&cfff [quad-low] 1
(lethalwiz): >&c599lwz:&cfff &cf00dropped&cfff &cf60rl&cfff [quad-low] 1
(xero): >&cf2fxer  &cfff ya8/51 &cf0frl&cfff&cf31:32&cfff [quad] 
(xero): >&cf2fxer  &cfff ya8/51 &cf0frl&cfff&cf31:32&cfff [quad] 
(splash): >&c041spl  &cfff took &cff0ya&cfff [tele-ya]
(splash): >&c041spl  &cfff took &cff0ya&cfff [tele-ya]
(splash): >&c041spl  &cfff coming [tele-high] need rl
(xero): >&cf2fxer  &cfff &cf0fpack&cfff at [quad-low]
(xero): >&cf2fxer  &cfff &cf0fpack&cfff at [quad-low]
(xero): >&cf2fxer  &cfff &cf00lost [quad] 2
(elguapo): >&c991gpo  &cfff &c0b0safe [ra-mega]
(xero): >&cf2fxer  &cfff 0/100 [big-stairs] 
(elguapo): >&c991gpo  &cfff &cf00r&cfff96/154 &cf13rl&cfff&cf31:7&cfff [ra-mega] 
(splash): >&c041spl  &cfff &cff0y&cfff107/100 &cf13rl&cfff&cf31:39&cfff [tele] 
(xero): >&cf2fxer  &cfff 0/100 [low-stairs] 
[5] minutes remaining
Team [[m]] leads by 72 frags
(elguapo): >&c991gpo  &cfff &cf13rl&cfff at [low-rl]
(elguapo): >&c991gpo  &cfff &cf13rl&cfff at [low-rl]
(elguapo): >&c991gpo  &cfff &cf13rl&cfff at [low-rl]
(xero): >&cf2fxer  &cfff &cf0frl&cfff at [low-rl]
(xero): >&cf2fxer  &cfff coming [low-lift] need armor weapon
(xero): >&cf2fxer  &cfff &cf00lost [secret] 1
(splash): >&c041spl  &cfff &cff0y&cfff84/87 &cf13rl&cfff&cf31:38&cfff [tele] 
(splash): >&c041spl  &cfff took &cff0ya&cfff [tele-ya]
(splash): >&c041spl  &cfff &cff0y&cfff150/158 &cf13rl&cfff&cf31:46&cfff [tele-high] 
(xero): >&cf2fxer  &cfff 0/100 [low-rl] 
(splash): >&c041spl  &cfff &cff0y&cfff150/156 &cf13rl&cfff&cf31:42&cfff [tele-high] 
(elguapo): >&c991gpo  &cfff &cf00r&cfff12/88 &cf13rl&cfff&cf31:11&cfff [ra-mega] 
(xero): >&cf2fxer  &cfff &cf00lost [low-rl] 1
(elguapo): >&c991gpo  &cfff took &c0a0mega&cfff [ra-mega]
(xero): >&cf2fxer  &cfff coming [ra-mega] need armor weapon
(elguapo): >&c991gpo  &cfff &cf00r&cfff200/107 &cf13rl&cfff&cf31:8&cfff [big] 
(elguapo): >&c991gpo  &cfff &c0b0team&cfff quad
(elguapo): >&c991gpo  &cfff &c0b0team&cfff quad
(splash): >&c041spl  &cfff &cff0y&cfff150/135 &cf13rl&cfff&cf31:26&cfff [high-rl] 
(xero): >&cf2fxer  &cfff &cf00lost [low-rl] 1
(splash): >&c041spl  &cfff &cff0y&cfff45/60 &cf13rl&cfff&cf31:25&cfff [quad-low] 
(splash): >&c041spl  &cfff &cff0y&cfff45/60 &cf13rl&cfff&cf31:25&cfff [quad-low] 
(xero): >&cf2fxer  &cfff 0/100 &cf0frl&cfff&cf31:0&cfff [tele] 
[4] minutes remaining
Team [[m]] leads by 89 frags
(xero): >&cf2fxer  &cfff 0/100 &cf0frl&cfff&cf31:0&cfff [tele] 
(xero): >&cf2fxer  &cfff ya150/100 &cf0frl&cfff&cf31:0&cfff [floating] 
(xero): >&cf2fxer  &cfff ya150/100 &cf0frl&cfff&cf31:0&cfff [floating] 
(splash): >&c041spl  &cfff &cff0y&cfff19/96 &cf13rl&cfff&cf31:18&cfff [tele-entry] 
(conan): >&c325con  &cfff 0/22 &cf13rl&cfff&cf31:2&cfff [low-rl] 
Quad Damage is wearing off
(splash): >&c041spl  &cfff 0/46 &cf13rl&cfff&cf31:11&cfff [tele] 
(xero): >&cf2fxer  &cfff &c0b0safe [quad-low]
(conan): >&c325con  &cfff 0/62 &cf13rl&cfff&cf31:12&cfff [tele] 
(splash): >&c041spl  &cfff 0/46 &cf13rl&cfff&cf31:11&cfff [tele-ya] 
(xero): >&cf2fxer  &cfff &c0b0safe [tele]
(splash): >&c041spl  &cfff 0/46 &cf13rl&cfff&cf31:11&cfff [tele-ya] 
(xero): >&cf2fxer  &cfff &c0b0safe [tele]
(xero): >&cf2fxer  &cfff &c0b0safe [tele]
(splash): >&c041spl  &cfff took &cff0ya&cfff [tele-ya]
(splash): >&c041spl  &cfff &cff0y&cfff150/71 &cf13rl&cfff&cf31:11&cfff [tele] 
(xero): >&cf2fxer  &cfff &c0b0safe [quad]
(xero): >&cf2fxer  &cfff ya102/72 &cf0frl&cfff&cf31:16&cfff [quad] 
(xero): >&cf2fxer  &cfff &c0b0safe [quad]
(xero): >&cf2fxer  &cfff &c0b0safe [quad]
(elguapo): >&c991gpo  &cfff took &cf00ra&cfff [secret]
(splash): >&c041spl  &cfff &cff0y&cfff150/71 &cf13rl&cfff&cf31:10&cfff [tele-entry] 
(splash): >&c041spl  &cfff &cff0y&cfff150/71 &cf13rl&cfff&cf31:10&cfff [tele-entry] 
(elguapo): >&c991gpo  &cfff &c0b0team&cfff quad
(elguapo): >&c991gpo  &cfff &c0b0team&cfff quad
(xero): >&cf2fxer  &cfff &c0b0safe [tele]
(xero): >&cf2fxer  &cfff &c0b0safe [tele]
(xero): >&cf2fxer  &cfff &c0b0safe [tele]
(xero): >&cf2fxer  &cfff ya102/100 &cf0frl&cfff&cf31:13&cfff [tele] 
(xero): >&cf2fxer  &cfff ya102/100 &cf0frl&cfff&cf31:13&cfff [tele-ya] 
[3] minutes remaining
Team [[m]] leads by 103 frags
no weapon
(xero): >&cf2fxer  &cfff ya29/85 &cf0frl&cfff&cf31:6&cfff [path] 
elguapo: ??
elguapo: .d
(xero): >&cf2fxer  &cfff took &cf00ra&cfff [secret]
(elguapo): >&c991gpo  &cfff 0/100 [high-rl] 
(xero): >&cf2fxer  &cfff ra183/79 &cf0frl&cfff&cf31:3&cfff [tele] 
(xero): >&cf2fxer  &cfff ra183/79 &cf0frl&cfff&cf31:3&cfff [tele] 
(xero): >&cf2fxer  &cfff ra183/79 &cf0frl&cfff&cf31:2&cfff [quad-way] 
(elguapo): >&c991gpo  &cfff 0/200 [high-rl] 
splash: :)
(elguapo): >&c991gpo  &cfff enemy at [quad-low]
(xero): >&cf2fxer  &cfff ra166/100 &cf0frl&cfff&cf31:10&cfff [quad-way] 
(elguapo): >&c991gpo  &cfff 0/181 &cf13rl&cfff&cf31:3&cfff [high-rl] 
(xero): >&cf2fxer  &cfff &cf0fpack&cfff at [path]
(splash): >&c041spl  &cfff &cff0y&cfff150/100 &cf13rl&cfff&cf31:16&cfff [tele] 
(xero): >&cf2fxer  &cfff ra37/93 &cf0frl&cfff&cf31:2&cfff [ng] &c05fquad&cfff
[2] minutes remaining
Team [[m]] leads by 117 frags
(xero): >&cf2fxer  &cfff ra37/93 &cf0frl&cfff&cf31:1&cfff [secret] &c05fquad&cfff
Quad Damage is wearing off
(elguapo): >&c991gpo  &cfff coming [big] need nothing
(xero): >&cf2fxer  &cfff ra187/63 &cf0frl&cfff&cf31:1&cfff [ng] &c05fquad&cfff
(xero): >&cf2fxer  &cfff ra187/100 &cf0frl&cfff&cf31:0&cfff [high-rl] 
(elguapo): >&c991gpo  &cfff &cf00dropped &cf13rl&cfff [path-lift] 1
(elguapo): >&c991gpo  &cfff &cf00lost [low-rl] 2
(splash): >&c041spl  &cfff &cff0y&cfff109/100 &cf13rl&cfff&cf31:20&cfff [tele] 
(xero): >&cf2fxer  &cfff ra150/93 &cf0frl&cfff&cf31:0&cfff [high-rl] 
(elguapo): >&c991gpo  &cfff &cf00lost [ra-mega/rox] 1
(elguapo): >&c991gpo  &cfff &cf00lost [ra-mega/rox] 1
(xero): >&cf2fxer  &cfff &c0b0safe [gl]
(elguapo): >&c991gpo  &cfff &cf00lost [water] 1
(xero): >&cf2fxer  &cfff ra82/77 &cf0frl&cfff&cf31:13&cfff [quad-button] 
(conan): >&c325con  &cfff &cff0y&cfff51/65 &cf13rl&cfff&cf31:1&cfff [tele] 
(elguapo): >&c991gpo  &cfff took &cff0ya&cfff [tele-ya]
(xero): >&cf2fxer  &cfff ra41/100 &cf0frl&cfff&cf31:14&cfff [quad] 
(splash): >&c041spl  &cfff &cff0y&cfff55/100 &cf13rl&cfff&cf31:13&cfff [secret] 
(elguapo): >&c991gpo  &cfff &cff0y&cfff150/100 [high-rl] 
(splash): >&c041spl  &cfff &cff0y&cfff55/100 &cf13rl&cfff&cf31:13&cfff [secret] 
(elguapo): >&c991gpo  &cfff took &cf13rl&cfff [high-rl]
(splash): >&c041spl  &cfff &cff0y&cfff55/100 &cf13rl&cfff&cf31:13&cfff [secret] 
(splash): >&c041spl  &cfff &cff0y&cfff55/100 &cf13rl&cfff&cf31:13&cfff [secret] 
(elguapo): >&c991gpo  &cfff &c0b0team&cfff quad
(elguapo): >&c991gpo  &cfff &c0b0team&cfff quad
(xero): >&cf2fxer  &cfff took &cf0frl&cfff [low-rl]
(xero): >&cf2fxer  &cfff &c0b0safe [low-rl]
(conan): >&c325con  &cfff &cff0y&cfff35/55 &cf13rl&cfff&cf31:9&cfff [tele] 
[1] minute remaining
Team [[m]] leads by 126 frags
(xero): >&cf2fxer  &cfff 0/46 &cf0frl&cfff&cf31:16&cfff [secret] 
(splash): >&c041spl  &cfff 0/100 &cf13rl&cfff&cf31:3&cfff [tele] 
(xero): >&cf2fxer  &cfff &c0b0safe [secret]
(xero): >&cf2fxer  &cfff &c0b0safe [secret]
(xero): >&cf2fxer  &cfff &c0b0safe [secret]
(elguapo): >&c991gpo  &cfff coming [big-button] need nothing
(splash): >&c041spl  &cfff 0/52 &cf13rl&cfff&cf31:1&cfff [tele] 
Quad Damage is wearing off
(xero): >&cf2fxer  &cfff &cf00lost [tele] 1
(xero): >&cf2fxer  &cfff &cf00lost [tele] 1
(xero): >&cf2fxer  &cfff &cf00lost [tele] 1
(splash): >&c041spl  &cfff 0/100 [ra-mega] 
(splash): >&c041spl  &cfff 0/100 [ra-mega] 
(splash): >&c041spl  &cfff 0/100 [ra-mega] 
(xero): >&cf2fxer  &cfff &cf00dropped &cf0frl&cfff [low-button] 1
(xero): >&cf2fxer  &cfff &cf00dropped &cf0frl&cfff [low-button] 1
[30] seconds
(xero): >&cf2fxer  &cfff ya80/55 &cf0frl&cfff&cf31:23&cfff [big-stairs] 
[15] seconds
(lethalwiz): >&c599lwz:&cfff &cf00lost&cfff [big-button] 2
[10] seconds
[9] seconds
[8] seconds
[7] seconds
[6] seconds
[5] seconds
[4] seconds
[3] seconds
[2] seconds
[1] second
The match is over
trigger "onmatchover" has no matching alias

Player statistics:
______________________________________
Frags (rank) friendkills . efficiency
Team [[m]]:
__________
_ splash:
  67 (34) 2 67.0%
Wp: rl57.1% gl17.5% sg37.2% ssg21.4%
RL skill: ad:82.4 dh:31
Armr&mhs: ga:0 ya:10 ra:9 mh:7
Powerups: Q:0 P:0 R:0
      RL: Took:6 Killed:8 Dropped:4 Xfer:1
      LG: Took:0 Killed:0 Dropped:0
  Damage: Tkn:6602 Gvn:11197 EWep:2896 Tm:217 Self:918 ToDie:200
    Time: Quad:0
 Streaks: Frags:28 QuadRun:0
  SpawnFrags: 18
__________
_ conan:
  43 (-3) 2 48.3%
Wp: rl53.2% sg42.8% ssg24.5%
RL skill: ad:100.9 dh:21
Armr&mhs: ga:0 ya:14 ra:9 mh:3
Powerups: Q:3 P:0 R:0
      RL: Took:15 Killed:6 Dropped:9
      LG: Took:0 Killed:0 Dropped:0
  Damage: Tkn:7772 Gvn:8927 EWep:2795 Tm:296 Self:671 ToDie:168
    Time: Quad:34
 Streaks: Frags:10 QuadRun:4
  SpawnFrags: 7
__________
_ elguapo:
  68 (41) 1 71.6%
Wp: rl55.1% gl16.7% sg25.4% ssg34.1%
RL skill: ad:110.4 dh:27
Armr&mhs: ga:0 ya:19 ra:15 mh:7
Powerups: Q:6 P:0 R:0
      RL: Took:10 Killed:13 Dropped:4 Xfer:1
      LG: Took:0 Killed:0 Dropped:0
  Damage: Tkn:6915 Gvn:11524 EWep:3094 Tm:496 Self:1431 ToDie:256
    Time: Quad:169
 Streaks: Frags:21 QuadRun:5
  SpawnFrags: 10
__________
_ xero:
  68 (32) 0 65.4%
Wp: rl57.3% sg41.5% ssg40.5%
RL skill: ad:106.1 dh:31
Armr&mhs: ga:0 ya:16 ra:14 mh:4
Powerups: Q:4 P:0 R:0
      RL: Took:13 Killed:14 Dropped:6
      LG: Took:0 Killed:0 Dropped:0
  Damage: Tkn:8002 Gvn:12667 EWep:4945 Tm:341 Self:1029 ToDie:222
    Time: Quad:91
 Streaks: Frags:17 QuadRun:5
  SpawnFrags: 8

Team [=s=]:
__________
_ goblin:
  23 (-43) 3 25.8%
Wp: rl48.6% gl6.7% sg24.8% ssg44.0%
RL skill: ad:108.8 dh:16
Armr&mhs: ga:0 ya:12 ra:18 mh:10
Powerups: Q:1 P:0 R:0
      RL: Took:14 Killed:11 Dropped:7 Xfer:1
      LG: Took:0 Killed:0 Dropped:0
  Damage: Tkn:11068 Gvn:7013 EWep:3882 Tm:746 Self:501 ToDie:167
    Time: Quad:30
 Streaks: Frags:7 QuadRun:3
  SpawnFrags: 3
__________
_ rio:
  40 (-16) 3 41.7%
Wp: rl51.6% gl20.0% sg43.4% ssg36.8%
RL skill: ad:93.3 dh:16
Armr&mhs: ga:0 ya:10 ra:21 mh:6
Powerups: Q:4 P:0 R:0
      RL: Took:15 Killed:13 Dropped:10 Xfer:3
      LG: Took:0 Killed:0 Dropped:0
  Damage: Tkn:10629 Gvn:8569 EWep:4989 Tm:845 Self:550 ToDie:189
    Time: Quad:71
 Streaks: Frags:8 QuadRun:4
  SpawnFrags: 3
__________
_ mOlle:
  27 (-40) 2 28.7%
Wp: rl43.1% gl5.3% sg40.9% ssg41.8%
RL skill: ad:89.4 dh:10
Armr&mhs: ga:0 ya:12 ra:7 mh:3
Powerups: Q:1 P:0 R:0
      RL: Took:8 Killed:7 Dropped:8 Xfer:4
      LG: Took:0 Killed:0 Dropped:0
  Damage: Tkn:9434 Gvn:6884 EWep:3276 Tm:442 Self:367 ToDie:140
    Time: Quad:30
 Streaks: Frags:6 QuadRun:3
  SpawnFrags: 3
__________
_ lethalwiz:
  22 (-65) 2 20.2%
Wp: rl47.3% gl50.0% sg43.3% ssg28.6%
RL skill: ad:88.1 dh:10
Armr&mhs: ga:0 ya:17 ra:11 mh:2
Powerups: Q:1 P:0 R:0
      RL: Took:13 Killed:5 Dropped:9 Xfer:1
      LG: Took:0 Killed:0 Dropped:0
  Damage: Tkn:13184 Gvn:6825 EWep:3540 Tm:324 Self:490 ToDie:151
    Time: Quad:30
 Streaks: Frags:4 QuadRun:1
  SpawnFrags: 1

______________________________________
[[m]] vs [=s=] match statistics:
______________________________________

weapons, powerups, armors&mhs, damage
______________________________________
[[m]]: Wp: rl110 gl11 sg38% ssg34%
Powerups: Q:13 P:0 R:0
Armr&mhs: ga:0 ya:59 ra:47 mh:21
      RL: Took:44 Killed:41 Dropped:23 Xfer:2
      LG: Took:0 Killed:0 Dropped:0
  Damage: Tkn:29291 Gvn:44315 EWep:13730 Tm:1350
    Time: Quad:295
[=s=]: Wp: rl52 gl5 sg37% ssg39%
Powerups: Q:7 P:0 R:0
Armr&mhs: ga:0 ya:51 ra:57 mh:21
      RL: Took:50 Killed:36 Dropped:34 Xfer:9
      LG: Took:0 Killed:0 Dropped:0
  Damage: Tkn:44315 Gvn:29291 EWep:15687 Tm:2357
    Time: Quad:161
______________________________________
[dm2] top scorers:
______________________________________
      Frags: elguapo [68]
             xero [68]
     Deaths: lethalwiz [87]
Friendkills: goblin [3]
             rio [3]
 Efficiency: elguapo [71.6%]
 FragStreak: splash [28]
    QuadRun: elguapo [5]
             xero [5]
  RL Killer: xero [14]
Boomsticker: rio [43.4%]
   Survivor: elguapo [256]
Annihilator: xero [12667]

______________________________________

Team scores: frags . percentage
______________________________________
[[m]]: 246 . 68.7%
[=s=]: 112 . 31.3%
______________________________________
splash: ggs
]log 11
