]playdemo 01
Playing demo from 01.mvd


_____________________________________

_Claustrophobopolis
Players not ready:
_______________________
_  []sr[] . zero

. zero is ready []sr[]
All players ready
Timer started
QiZmo: timer lag point disabled
Server starts recording (disk): 4on4_]sr[_vs_-s-[dm2]160122-2225.mvd
. niw: yeah 40 years old whining about ping :(
]/demo_setspeed 1000
matchdate: 2022-01-16 22:25:14 CET
trigger "onmatchstart" has no matching alias
The match has begun!
no weapon
(. zero): >000 0/100 sg:25 [low.rl] 
(bps): >&cc93bps:&cfff &c0b0team&cfff &c05fquad&cfff
(bps): >&cc93bps:&cfff &c0b0team&cfff &c05fquad&cfff
(carapace): >&c693car:&cfff 0/100 [quad-low] 
(bps): >&cc93bps:&cfff took &cf31rox&cfff [high-rl]
(bps): >&cc93bps:&cfff took &cf31rox&cfff [high-rl]
(carapace): >&c693car:&cfff &c991y&cfff138/92 [tele-high] 
(bps): >&cc93bps:&cfff 0/175 &cf31rl&cfff&cf31:22&cfff [big-stairs] &c05fquad&cfff
(carapace): >&c693car:&cfff &c991y&cfff138/92 [quad-button] 
(bps): >&cc93bps:&cfff 0/173 &cf31rl&cfff&cf31:21&cfff [big] &c05fquad&cfff
(bps): >&cc93bps:&cfff 0/170 &cf31rl&cfff&cf31:21&cfff [ng] &c05fquad&cfff
(rst): >&c777rst:&cfff &c991y&cfff150/100 sg [tele-high] rox:10 
(carapace): >&c693car:&cfff &c991y&cfff138/100 [tele-high] 
(bps): >&cc93bps:&cfff 0/141 &cf31rl&cfff&cf31:21&cfff [secret] &c05fquad&cfff
(bps): >&cc93bps:&cfff took &ce00ra&cfff [secret]
Quad Damage is wearing off
(carapace): >&c693car:&cfff &c991y&cfff138/100 &cf31rl&cfff&cf31:10&cfff [high-rl] 
(bps): >&cc93bps:&cfff 0/47 &cf31rl&cfff&cf31:14&cfff [low-stairs] 
(bps): >&cc93bps:&cfff 0/47 &cf31rl&cfff&cf31:8&cfff [low-lift] 
(carapace): >&c693car:&cfff &c991y&cfff25/33 &cf31rl&cfff&cf31:7&cfff [tele-high] 
(bps): >&cc93bps:&cfff 0/87 &cf31rl&cfff&cf31:8&cfff [path] 
(carapace): >&c693car:&cfff &c991y&cfff25/83 &cf31rl&cfff&cf31:7&cfff [quad-way] 
(ganon): >&c479gan:&cfff &c0b0safe&cfff [tele]
(ganon): >&c479gan:&cfff &c0b0safe&cfff [tele]
(bps): >&cc93bps:&cfff took &ce00ra&cfff [secret]
(rst): >&c777rst:&cfff &cf00lost&cfff [low-rl] 1
(rst): >&c777rst:&cfff &cf00lost&cfff [low-rl] 1
(rst): >&c777rst:&cfff &cf00lost&cfff [low-rl] 1
(bps): >&cc93bps:&cfff &c931r&cfff140/55 &cf31rl&cfff&cf31:7&cfff [tele] 
(ganon): >&c479gan:&cfff &cf2apack&cfff at [tele]
[19] minutes remaining
Team [-s-] leads by 9 frags
(carapace): >&c693car:&cfff &c0b0safe&cfff [quad-low]
]/demo_setspeed 
Usage: demo_setspeed [speed %]
(rst): >&c777rst:&cfff took &cff0ya&cfff [tele-ya]
(bps): >&cc93bps:&cfff &c931r&cfff140/80 &cf31rl&cfff&cf31:7&cfff [tele-high] 
(carapace): >&c693car:&cfff &c0b0team&cfff &c05fquad&cfff
(carapace): >&c693car:&cfff &c0b0team&cfff &c05fquad&cfff
(carapace): >&c693car:&cfff 0/149 &cf31rl&cfff&cf31:17&cfff [quad-low] &c05fquad&cfff
(rst): >&c777rst:&cfff &cf31rox&cfff at [high-rl]
(ganon): >&c479gan:&cfff &c0b0safe&cfff [tele]
(bps): >&cc93bps:&cfff &c05fquaded&cfff carapace at [quad-low]
(ganon): >&c479gan:&cfff &c0b0safe&cfff [tele]
(carapace): >&c693car:&cfff 0/147 &cf31rl&cfff&cf31:17&cfff [ng] &c05fquad&cfff
(rst): >&c777rst:&cfff &c0b0safe&cfff [quad-low]
(rst): >&c777rst:&cfff &c0b0safe&cfff [quad-low]
(carapace): >&c693car:&cfff &c991y&cfff150/136 &cf31rl&cfff&cf31:13&cfff [big] &c05fquad&cfff
(bps): >&cc93bps:&cfff took &ce00ra&cfff [secret]
(ganon): >&c479gan:&cfff &c0b0safe&cfff [tele]
(ganon): >&c479gan:&cfff &c0b0safe&cfff [tele]
(carapace): >&c693car:&cfff &c0b0safe&cfff [low-rl]
(rst): >&c777rst:&cfff &c0b0safe&cfff [tele-high]
(rst): >&c777rst:&cfff &c0b0safe&cfff [tele-high]
(rst): >&c777rst:&cfff &c0b0safe&cfff [tele-high]
(bps): >&cc93bps:&cfff &c931r&cfff200/92 &cf31rl&cfff&cf31:12&cfff [tele] 
(bps): >&cc93bps:&cfff &c931r&cfff200/100 &cf31rl&cfff&cf31:12&cfff [tele-entry] 
(bps): >&cc93bps:&cfff &c0b0safe&cfff [ng]
(carapace): >&c693car:&cfff &c991y&cfff139/120 &cf31rl&cfff&cf31:11&cfff [low-rl] &c05fquad&cfff
Quad Damage is wearing off
(bps): >&cc93bps:&cfff &c0b0safe&cfff [secret]
(rst): >&c777rst:&cfff &c0b0safe&cfff [high-rl]
(carapace): >&c693car:&cfff &cf00lost&cfff [quad-low] 1
(carapace): >&c693car:&cfff &cf00lost&cfff [quad-low] 1
(carapace): >&c693car:&cfff &cf00lost&cfff [quad-low] 1
(carapace): >&c693car:&cfff 0/100 [low-button] 
(ganon): >&c479gan:&cfff &c0b0safe&cfff [tele]
(ganon): >&c479gan:&cfff &c0b0safe&cfff [tele]
(rst): >&c777rst:&cfff &cf00dropped&cfff &cf31rl&cfff [quad-low] 1
(rst): >&c777rst:&cfff &cf00dropped&cfff &cf31rl&cfff [quad-low] 1
(rst): >&c777rst:&cfff &cf00dropped&cfff &cf31rl&cfff [quad-low] 1
(rst): >&c777rst:&cfff &cf00dropped&cfff &cf31rl&cfff [quad-low] 1
(rst): >&c777rst:&cfff &cf00dropped&cfff &cf31rl&cfff [quad-low] 1
(rst): >&c777rst:&cfff &cf00dropped&cfff &cf31rl&cfff [quad-low] 1
(rst): >&c777rst:&cfff &cf00dropped&cfff &cf31rl&cfff [quad-low] 1
(bps): >&cc93bps:&cfff took &ce00ra&cfff [secret]
(carapace): >&c693car:&cfff &cf00lost&cfff [ra-mega] 2
(rst): >&c777rst:&cfff took &cf2apack&cfff [quad-low]
(rst): >&c777rst:&cfff &cf00lost&cfff [quad-low] 1
(rst): >&c777rst:&cfff &cf00lost&cfff [quad-low] 1
(rst): >&c777rst:&cfff &cf00lost&cfff [quad-low] 1
(rst): >&c777rst:&cfff &cf00lost&cfff [quad-low] 1
[18] minutes remaining
Team [-s-] leads by 20 frags
[17] minutes remaining
Team [-s-] leads by 21 frags
(. niw): >&ce26 niw:&cfff &c0b0team&cfff &c05fquad&cfff [quad.way] need armor/rox 
(. niw): >&ce26 niw:&cfff &c0b0team&cfff &c05fquad&cfff [quad.way] need armor/rox 
(. mazer): >&ca20 maz:&cfff coming [big]
(. zero): >000 &cf00ra&cfff12/42 &c2aarl&cfff:7 [big.stairs] 
(. zero): >000 &cf00ra&cfff12/42 &c2aarl&cfff:7 [big.stairs] 
(. zero): >000 &cf00ra&cfff12/42 &c2aarl&cfff:7 [big.stairs] 
(. zero): >000 &cf00ra&cfff12/42 &c2aarl&cfff:7 [big.stairs] 
(. niw): >&ce26 niw:&cfff &cff053&cfff/121 &cf13rl&cfff:4 [big.stairs] &c05fquad&cfff
(. niw): >&ce26 niw:&cfff &cff053&cfff/121 &cf13rl&cfff:4 [big.stairs] &c05fquad&cfff
(. mazer): >      &cf2aenemy slipped [&cffftele&cf2a]&cfff
(. zero): >000 &cff0ya&cfff110/67 &c2aarl&cfff:6 [tele] 
(. zero): >000 &cff0ya&cfff110/67 &c2aarl&cfff:6 [tele] 
(. zero): >000 &cff0ya&cfff110/67 &c2aarl&cfff:6 [tele] 
(. mazer): >&ca20 maz:&cfff &cf00lost&cfff &cf00[&cfffhigh.rl&cf00]&cfff 1
(. mazer): >&ca20 maz:&cfff &cf2apack&cfff at [high.rl]
(. Gamer): >&c900 gmr:&cfff 0/100 sg [low.rl] 
(. Gamer): >&c900 gmr:&cfff 0/50 &cf13rl&cfff:4 [low.rl] 
Quad Damage is wearing off
(. Gamer): >&c900 gmr:&cfff 0/52 &cf13rl&cfff:1 [low.lift] 
(. mazer): >&ca20 maz:&cfff &cf00lost&cfff &cf00[&cfffra.mega&cf00]&cfff 1
(. niw): >&ce26 niw:&cfff &ce00200&cfff/84 &cf13rl&cfff:9 [tele] 
(. niw): >&ce26 niw:&cfff &ce00200&cfff/84 &cf13rl&cfff:9 [tele] 
(. Gamer): >&c900 gmr:&cfff 0/92 &cf13rl&cfff:1 [path] 
(. niw): >&ce26 niw:&cfff &ce00200&cfff/84 &cf13rl&cfff:9 [tele] 
(. niw): >&ce26 niw:&cfff &ce00200&cfff/84 &cf13rl&cfff:9 [tele] 
(. Gamer): >&c900 gmr:&cfff 0/92 &cf13rl&cfff:1 [tele.entry] 
(. mazer): >&ca20 maz:&cfff &cf00lost&cfff &cf00[&cffftele.high&cf00]&cfff 2
(. Gamer): >&c900 gmr:&cfff 0/152 &cf13rl&cfff:8 [gl] 
[16] minutes remaining
Team [-s-] leads by 16 frags
(. Gamer): >&c900 gmr:&cfff 0/152 &cf13rl&cfff:8 [floating] 
(. Gamer): >&c900 gmr:&cfff 0/145 &cf13rl&cfff:6 [big.stairs] 
(. mazer): >&ca20 maz:&cfff coming [tele.high]
(. Gamer): >&c900 gmr:&cfff took &cff0ya&cfff [big]
(. zero): >000 &cff0ya&cfff65/81 &c2aarl&cfff:19 [tele.high] 
(. zero): >000 &cff0ya&cfff65/81 &c2aarl&cfff:19 [tele.high] 
(. mazer): >&ca20 maz:&cfff &cff0120&cfff/82 sg [high.rl] 
(. zero): >000 &cff0ya&cfff65/81 &c2aarl&cfff:19 [tele.high] 
(. zero): >000 &cff0ya&cfff65/81 &c2aarl&cfff:19 [tele.high] 
(. Gamer): >&c900 gmr:&cfff &cff0121&cfff/120 &cf13rl&cfff:5 [high.rl] 
(. Gamer): >&c900 gmr:&cfff &c0b0safe&cfff &c0b0[&cfffquad.way&c0b0]&cfff &cff0121&cfff / &cf13rl&cfff
(. zero): >000 &cff0ya&cfff65/81 &c2aarl&cfff:19 [tele.high] 
(. zero): >000 &cff0ya&cfff65/81 &c2aarl&cfff:19 [tele.high] 
(. mazer): >&ca20 maz:&cfff &cff0120&cfff/82 sg [high.rl] &cf13r&cfff:5 
(. Gamer): >&c900 gmr:&cfff &cff0121&cfff/118 &cf13rl&cfff:5 [quad.way] 
(. zero): >000 &cff0ya&cfff65/81 &c2aarl&cfff:19 [tele.high] 
(. zero): >000 &cff0ya&cfff65/81 &c2aarl&cfff:19 [tele.high] 
(. niw): >&ce26 niw:&cfff &ce0095&cfff/100 &cf13rl&cfff:7 [quad] 
(. mazer): >&ca20 maz:&cfff took &cf13rl&cfff [high.rl]
(. Gamer): >&c900 gmr:&cfff &cff0121&cfff/113 &cf13rl&cfff:5 [quad] 
(. zero): >000 &cff0ya&cfff65/81 &c2aarl&cfff:19 [tele.high] 
(. zero): >000 &cff0ya&cfff65/81 &c2aarl&cfff:19 [tele.high] 
(. niw): >&ce26 niw:&cfff &ce0095&cfff/100 &cf13rl&cfff:7 [quad.way] 
(. niw): >&ce26 niw:&cfff &ce0095&cfff/100 &cf13rl&cfff:7 [quad.way] 
(. Gamer): >&c900 gmr:&cfff &cff0121&cfff/111 &cf13rl&cfff:5 [quad] &c05fquad&cfff
(. zero): >000 &cff0ya&cfff65/81 &c2aarl&cfff:19 [tele.high] 
(. zero): >000 &cff0ya&cfff65/81 &c2aarl&cfff:19 [tele.high] 
(. zero): >000 &cff0ya&cfff65/81 &c2aarl&cfff:19 [tele.high] 
(. zero): >000 &cff0ya&cfff65/81 &c2aarl&cfff:19 [tele.high] 
(. zero): >000 &cff0ya&cfff65/81 &c2aarl&cfff:19 [tele.high] 
(. niw): >&ce26 niw:&cfff &ce0095&cfff/100 &cf13rl&cfff:7 [tele.high] 
(. niw): >&ce26 niw:&cfff &ce0095&cfff/100 &cf13rl&cfff:7 [tele.high] 
(. zero): >000 &cff0ya&cfff65/81 &c2aarl&cfff:19 [tele.high] 
(. zero): >000 &cff0ya&cfff65/81 &c2aarl&cfff:19 [tele.high] 
(. niw): >&ce26 niw:&cfff &ce0095&cfff/100 &cf13rl&cfff:7 [quad.way] 
(. niw): >&ce26 niw:&cfff &ce0095&cfff/100 &cf13rl&cfff:7 [quad.way] 
(. mazer): >&ca20 maz:&cfff &c0b0safe&cfff &c0b0[&cffftele.entry&c0b0]&cfff &cff0120&cfff / &cf13rl&cfff
]/demo_setspeed 300000
(. niw): >&ce26 niw:&cfff &ce0046&cfff/100 &cf13rl&cfff:7 [path] 
(. niw): >&ce26 niw:&cfff &ce0046&cfff/100 &cf13rl&cfff:7 [ng] 
(. zero): >000 0/83 &c2aarl&cfff:26 [ng] 
(. zero): >000 0/83 &c2aarl&cfff:26 [ng] 
(. Gamer): >&c900 gmr:&cfff &cff03&cfff/46 &cf13rl&cfff:0 [path] &c05fquad&cfff
(. mazer): >&ca20 maz:&cfff &cf2apack&cfff at [tele]
(. zero): >000 0/83 &c2aarl&cfff:25 [tele.entry] 
(. niw): >&ce26 niw:&cfff &ce0042&cfff/100 &cf13rl&cfff:5 [path] 
(. niw): >&ce26 niw:&cfff &ce0042&cfff/100 &cf13rl&cfff:5 [path] 
(. niw): >&ce26 niw:&cfff &ce0042&cfff/100 &cf13rl&cfff:5 [ng] 
(. niw): >&ce26 niw:&cfff &ce0042&cfff/100 &cf13rl&cfff:5 [ng] 
(. zero): >000 &cff0ya&cfff150/100 &c2aarl&cfff:25 [tele.high] 
(. niw): >&ce26 niw:&cfff &ce0042&cfff/100 &cf13rl&cfff:5 [ng] 
(. Gamer): >&c900 gmr:&cfff &cff03&cfff/46 &cf13rl&cfff:0 [tele] &c05fquad&cfff
(. niw): >&ce26 niw:&cfff need armor/rox [tele.entry]
(. zero): >000 &cff0ya&cfff150/100 &c2aarl&cfff:25 [high.rl] 
(. zero): >000 &cff0ya&cfff150/100 &c2aarl&cfff:25 [high.rl] 
(. niw): >&ce26 niw:&cfff &ce0042&cfff/100 &cf13rl&cfff:5 [tele] 
(. niw): >&ce26 niw:&cfff &ce0042&cfff/100 &cf13rl&cfff:5 [tele] 
Quad Damage is wearing off
(. Gamer): >&c900 gmr:&cfff &cff03&cfff/46 &cf13rl&cfff:0 [tele] &c05fquad&cfff
(. zero): >000 &cf00LOST&cfff [quad.way] 1
(. zero): >000 &cf00LOST&cfff [quad.way] 1
(. zero): >000 &cf00LOST&cfff [quad.way] 1
(. zero): >000 &cf00LOST&cfff [quad.way] 1
(. zero): >000 &cf00LOST&cfff [quad.way] 1
(. Gamer): >&c900 gmr:&cfff replace [tele.ya]
(. Gamer): >&c900 gmr:&cfff replace [tele.ya]
(. Gamer): >&c900 gmr:&cfff 0/45 &cf13rl&cfff:0 [tele.ya] 
(. zero): >000 0/100 sg:21 [ng] 
(. zero): >000 0/100 sg:21 [ng] 
(. mazer): >&ca20 maz:&cfff &cff070&cfff/70 &cf13rl&cfff:14 [tele.stairs] 
(. Gamer): >&c900 gmr:&cfff 0/45 &cf13rl&cfff:0 [tele.ya] 
(. Gamer): >&c900 gmr:&cfff 0/45 &cf13rl&cfff:0 [tele.ya] 
(. zero): >000 0/92 sg:21 [high.rl] 
(. zero): >000 0/92 sg:21 [high.rl] 
[15] minutes remaining
Team [-s-] leads by 14 frags
(. niw): >&ce26 niw:&cfff 0/52 sg [tele] 
(. zero): >000 0/92 sg:21 [high.rl] 
(. zero): >000 0/92 sg:21 [high.rl] 
(. Gamer): >&c900 gmr:&cfff &cff0150&cfff/45 &cf13rl&cfff:15 [gl] 
(. zero): >000 0/92 sg:20 [high.rl] 
(. zero): >000 0/92 sg:20 [high.rl] 
(. niw): >&ce26 niw:&cfff 0/77 sg [tele.ya] 
(. Gamer): >&c900 gmr:&cfff &cff0150&cfff/45 &cf13rl&cfff:14 [gl] 
(. niw): >&ce26 niw:&cfff 0/77 sg [tele.ya] 
(. niw): >&ce26 niw:&cfff 0/77 sg [tele.ya] 
(. zero): >000 0/92 sg:20 [quad.way] 
(. zero): >000 0/92 sg:20 [quad.way] 
(. mazer): >&ca20 maz:&cfff &cf00lost&cfff &cf00[&cfffbig&cf00]&cfff 1
(. Gamer): >&c900 gmr:&cfff &cff0150&cfff/45 &cf13rl&cfff:12 [tele.high] 
(. mazer): >&ca20 maz:&cfff took &c0a0mega&cfff [ra.mega]
(. zero): >000 &cf00LOST&cfff [quad] 1
(. zero): >000 &cf00LOST&cfff [quad] 1
(. zero): >000 &cf00LOST&cfff [quad] 1
(. zero): >000 &cf00LOST&cfff [quad] 1
(. zero): >000 &cf00LOST&cfff [quad] 1
(bps): >&cc93bps:&cfff get &c05fquad&cfff
(rst): >&c777rst:&cfff &c0b0safe&cfff [ra-mega/rox]
(rst): >&c777rst:&cfff &c0b0safe&cfff [ra-mega/rox]
(rst): >&c777rst:&cfff &c0b0safe&cfff [ra-mega/rox]
(bps): >&cc93bps:&cfff &c991y&cfff150/100 &cf31rl&cfff&cf31:5&cfff [ng] 
(carapace): >&c693car:&cfff &c931r&cfff112/80 &cf31rl&cfff&cf31:0&cfff [quad] &c05fquad&cfff
(carapace): >&c693car:&cfff 0/100 [tele] 
[14] minutes remaining
Team [-s-] leads by 32 frags
(carapace): >&c693car:&cfff 0/95 [big] 
(rst): >&c777rst:&cfff &cf2apack&cfff at [tele]
(ganon): >&c479gan:&cfff &c0b0safe&cfff [tele-ya]
(ganon): >&c479gan:&cfff &c0b0safe&cfff [tele-ya]
(carapace): >&c693car:&cfff &c991y&cfff150/95 [big] 
(carapace): >&c693car:&cfff coming [big] need rl
(bps): >&cc93bps:&cfff 0/72 &cf31rl&cfff&cf31:45&cfff [secret] 
(bps): >&cc93bps:&cfff 0/72 &cf31rl&cfff&cf31:45&cfff [secret] 
(ganon): >&c479gan:&cfff &c0b0safe&cfff [tele-ya]
(ganon): >&c479gan:&cfff &c0b0safe&cfff [tele-ya]
(bps): >&cc93bps:&cfff took &ce00ra&cfff [secret]
(carapace): >&c693car:&cfff &cf00lost&cfff [low-rl] 2
(carapace): >&c693car:&cfff &cf00lost&cfff [low-rl] 2
(bps): >&cbb0>&cfff &c0b0weapon killed!&cfff &c9b0(at water)&cfff \&c0ff0&cfff/
(carapace): >&c693car:&cfff &cf00lost&cfff [low-rl] 2
(bps): >&cc93bps:&cfff &c931r&cfff112/50 &cf31rl&cfff&cf31:41&cfff [ng] 
(carapace): >&c693car:&cfff 0/100 [tele] 
(carapace): >&c693car:&cfff get &c05fquad&cfff
(carapace): >&c693car:&cfff get &c05fquad&cfff
(bps): >&cc93bps:&cfff ganon at [quad]
(bps): >&cc93bps:&cfff &c931r&cfff80/82 &cf31rl&cfff&cf31:40&cfff [quad] 
(bps): >&cc93bps:&cfff &c0b0team&cfff &c05fquad&cfff
(bps): >&cc93bps:&cfff &c0b0team&cfff &c05fquad&cfff
(bps): >&cc93bps:&cfff &c931r&cfff64/100 &cf31rl&cfff&cf31:40&cfff [ng] &c05fquad&cfff
(carapace): >&c693car:&cfff 0/100 [tele-ya] 
(bps): >&cc93bps:&cfff &c931r&cfff64/100 &cf31rl&cfff&cf31:40&cfff [tele] &c05fquad&cfff
(bps): >&cc93bps:&cfff &c931r&cfff64/100 &cf31rl&cfff&cf31:40&cfff [tele] &c05fquad&cfff
(rst): >&c777rst:&cfff &c931r&cfff106/92 &cf31rl&cfff&cf31:14&cfff [high-rl] 
(bps): >&cc93bps:&cfff &c931r&cfff28/91 &cf31rl&cfff&cf31:39&cfff [floating] &c05fquad&cfff
(bps): >&cc93bps:&cfff &c931r&cfff28/91 &cf31rl&cfff&cf31:38&cfff [floating] &c05fquad&cfff
(bps): >&cc93bps:&cfff &c931r&cfff28/191 &cf31rl&cfff&cf31:36&cfff [big-stairs] &c05fquad&cfff
(carapace): >&c693car:&cfff &c991y&cfff150/100 gl [floating] rox:15 
(ganon): >&c479gan:&cfff &c0b0safe&cfff [tele]
(ganon): >&c479gan:&cfff &c0b0safe&cfff [tele]
(bps): >&cc93bps:&cfff &cf00lost&cfff [platforms] 0
no weapon
(bps): >&cc93bps:&cfff carapace at [low-rl]
(bps): >&cc93bps:&cfff &cf00enemy&cfff at [secret]
(rst): >&c777rst:&cfff 0/-79 &cf31rl&cfff&cf31:8&cfff [path-lift] 
(rst): >&c777rst:&cfff &cf00lost&cfff [path-lift] 1
(rst): >&c777rst:&cfff &cf00lost&cfff [path-lift] 1
(rst): >&c777rst:&cfff &cf00lost&cfff [path-lift] 1
(rst): >&c777rst:&cfff &cf00lost&cfff [path-lift] 1
(rst): >&c777rst:&cfff &cf00lost&cfff [path-lift] 1
(rst): >&c777rst:&cfff &cf00lost&cfff [path-lift] 1
(carapace): >&c693car:&cfff &c991y&cfff22/18 gl [ng] rox:10 
[13] minutes remaining
Team [-s-] leads by 41 frags
(rst): >&c777rst:&cfff &cff0ya&cfff at [tele-ya]
(carapace): >&c693car:&cfff &cf00lost&cfff [ng] 2
(carapace): >&c693car:&cfff 0/100 [big-stairs] 
(carapace): >&c693car:&cfff took &cff0ya&cfff [big]
(rst): >&c777rst:&cfff took &cf31rox&cfff [high-rl]
(bps): >&cc93bps:&cfff 0/85 &c299gl&cfff [ng] rox:8 
(carapace): >&c693car:&cfff &cf00lost&cfff [low-rl] 3
(carapace): >&c693car:&cfff 0/100 [water] 
(rst): >&c777rst:&cfff 0/100 &cf31rl&cfff&cf31:14&cfff [tele] 
(rst): >&c777rst:&cfff 0/100 &cf31rl&cfff&cf31:14&cfff [tele-ya] 
(rst): >&c777rst:&cfff 0/100 &cf31rl&cfff&cf31:14&cfff [tele-ya] 
(bps): >&cc93bps:&cfff took &ce00ra&cfff [secret]
(bps): >&cc93bps:&cfff took &ce00ra&cfff [secret]
(bps): >&cc93bps:&cfff took &ce00ra&cfff [secret]
(rst): >&c777rst:&cfff get &c05fquad&cfff
(. Gamer): >&c900 gmr:&cfff coming [big]
(. mazer): >&ca20 maz:&cfff &ce00200&cfff/186 &cf13rl&cfff:5 [ra.mega/rox] 
(. Gamer): >&c900 gmr:&cfff 0/100 sg [platforms] 
(. zero): >000 &cff0ya&cfff150/100 sg:23 [low.stairs] 
(. zero): >000 &cff0ya&cfff150/100 sg:23 [low.stairs] 
(. niw): >&ce26 niw:&cfff &ce0060&cfff/65 ssg [big.stairs] &cf13r&cfff:10 
(. niw): >&ce26 niw:&cfff &ce0060&cfff/65 ssg [big.stairs] &cf13r&cfff:10 
(. Gamer): >&c900 gmr:&cfff 0/100 sg [secret] 
(. zero): >000 &cff0ya&cfff150/100 sg:23 [low.rl] 
(. Gamer): >&c900 gmr:&cfff 0/100 sg [secret] 
(. zero): >000 &cff0ya&cfff150/100 sg:23 [low.rl] 
(. niw): >&ce26 niw:&cfff &cff0150&cfff/65 ssg [platforms] &cf13r&cfff:10 
(. niw): >&ce26 niw:&cfff &cff0150&cfff/65 ssg [platforms] &cf13r&cfff:10 
(. mazer): >&ca20 maz:&cfff coming [ra.mega]
(. Gamer): >&c900 gmr:&cfff 0/100 sg [secret] 
(. Gamer): >&c900 gmr:&cfff took &cf00ra&cfff [secret]
(. zero): >000 &cff0ya&cfff85/60 sg:15 [low.rl] 
(. zero): >000 &cff0ya&cfff55/40 &c2aarl&cfff:5 [low.rl] 
(. zero): >000 &cff0ya&cfff55/40 &c2aarl&cfff:5 [low.rl] 
(. zero): >000 &cff0ya&cfff55/40 &c2aarl&cfff:5 [low.rl] 
(. zero): >000 &cff0ya&cfff55/40 &c2aarl&cfff:5 [low.rl] 
(. zero): >000 &cff0ya&cfff55/40 &c2aarl&cfff:5 [low.rl] 
(. Gamer): >&c900 gmr:&cfff 0/100 sg [big] 
(. zero): >000 &cff0ya&cfff55/40 &c2aarl&cfff:5 [low.rl] 
(. zero): >000 &cff0ya&cfff55/40 &c2aarl&cfff:5 [low.rl] 
(. Gamer): >&c900 gmr:&cfff took &cff0ya&cfff [big]
(. niw): >&ce26 niw:&cfff &cf00lost&cfff &cf00[&cffflow.stairs&cf00]&cfff 1
(. niw): >&ce26 niw:&cfff &cf00lost&cfff &cf00[&cffflow.stairs&cf00]&cfff 1
(. niw): >&ce26 niw:&cfff &cf00lost&cfff &cf00[&cffflow.stairs&cf00]&cfff 1
(. niw): >&ce26 niw:&cfff &cff0150&cfff/100 sg [big] 
(. zero): >000 &cff0ya&cfff13/64 &c2aarl&cfff:2 [low.rl] 
(. zero): >000 &cff0ya&cfff13/64 &c2aarl&cfff:2 [low.rl] 
(. zero): >000 &cff0ya&cfff13/64 &c2aarl&cfff:2 [ra.mega] 
[12] minutes remaining
Team [-s-] leads by 43 frags
(. zero): >000 &cff0ya&cfff13/64 &c2aarl&cfff:2 [ra.mega] 
(. zero): >000 &cff0ya&cfff13/64 &c2aarl&cfff:2 [ra.mega] 
(. niw): >&ce26 niw:&cfff &cff0150&cfff/100 sg [low.stairs] 
(. niw): >&ce26 niw:&cfff &cff0150&cfff/100 sg [ra.mega] 
(. niw): >&ce26 niw:&cfff &cff0150&cfff/100 ssg [ra.mega] 
(. Gamer): >&c900 gmr:&cfff &cf00lost&cfff &cf00[&cfffsecret&cf00]&cfff 2
(. niw): >&ce26 niw:&cfff &cff0150&cfff/100 ssg [low.stairs] 
(. niw): >&ce26 niw:&cfff &cff0150&cfff/100 ssg [low.stairs] 
(. zero): >000 &cf00ra&cfff200/64 &c2aarl&cfff:12 [ra.mega] 
(. niw): >&ce26 niw:&cfff &cff0150&cfff/100 ssg [low.rl] 
(. niw): >&ce26 niw:&cfff &cff0150&cfff/100 ssg [low.rl] 
(. mazer): >&ca20 maz:&cfff coming [path]
(. niw): >&ce26 niw:&cfff &cff0150&cfff/100 &cf13rl&cfff:5 [low.rl] 
(. Gamer): >&c900 gmr:&cfff 0/100 sg [low.rl] 
(rst): >&c777rst:&cfff &c991y&cfff138/149 &cf31rl&cfff&cf31:17&cfff [quad-way] 
(carapace): >&c693car:&cfff 0/25 &cf31rl&cfff&cf31:13&cfff [quad-way] 
(bps): >&cc93bps:&cfff &cf00lost&cfff [path-lift] 3
(bps): >&cc93bps:&cfff &cf00lost&cfff [path-lift] 3
(bps): >&cc93bps:&cfff &cff0ya&cfff at [tele-ya]
(bps): >&cc93bps:&cfff &cff0ya&cfff at [tele-ya]
(bps): >&cc93bps:&cfff carapace at [tele]
(carapace): >&c693car:&cfff took &cff0ya&cfff [tele-ya]
(carapace): >&c693car:&cfff &cf31rox&cfff at [tele]
(carapace): >&c693car:&cfff &cf31rox&cfff at [tele]
(carapace): >&c693car:&cfff &cf31rox&cfff at [tele]
(rst): >&c777rst:&cfff &c991y&cfff138/130 &cf31rl&cfff&cf31:12&cfff [ng] 
(carapace): >&c693car:&cfff &cf31rox&cfff at [tele]
(bps): >&cc93bps:&cfff 0/100 [high-rl] 
(carapace): >&c693car:&cfff &cf31rox&cfff at [tele]
(carapace): >&c693car:&cfff &cf31rox&cfff at [tele]
Quad Damage is wearing off
(carapace): >&c693car:&cfff &cf31rox&cfff at [tele]
(rst): >&c777rst:&cfff &c931r&cfff200/83 &cf31rl&cfff&cf31:8&cfff [ng] 
bps: &c910*&r8)
(rst): >&c777rst:&cfff &c0b0safe&cfff [tele-entry]
(rst): >&c777rst:&cfff &c0b0safe&cfff [tele-entry]
(ganon): >&c479gan:&cfff &c0b0safe&cfff [tele-ya]
(ganon): >&c479gan:&cfff &c0b0safe&cfff [tele-ya]
(rst): >&c777rst:&cfff &c0b0safe&cfff [ng]
(rst): >&c777rst:&cfff &c0b0safe&cfff [ng]
[11] minutes remaining
Team [-s-] leads by 42 frags
(bps): >&cc93bps:&cfff 0/12 sg [secret] rox:4 
(rst): >&c777rst:&cfff &c0b0safe&cfff [ng]
(carapace): >&c693car:&cfff &c991y&cfff43/30 &cf31rl&cfff&cf31:4&cfff [ng] 
(carapace): >&c693car:&cfff &c991y&cfff43/80 &cf31rl&cfff&cf31:3&cfff [ng] 
(rst): >&c777rst:&cfff &c0b0safe&cfff [quad]
(rst): >&c777rst:&cfff &c0b0safe&cfff [quad]
(rst): >&c777rst:&cfff &c0b0safe&cfff [quad]
(bps): >&cc93bps:&cfff 0/37 sg [tele-high] rox:4 
(bps): >&cc93bps:&cfff ganon at [quad-way]
(rst): >&c777rst:&cfff &c0b0team&cfff &c05fquad&cfff
(rst): >&c777rst:&cfff &c0b0team&cfff &c05fquad&cfff
(carapace): >&c693car:&cfff 0/20 &cf31rl&cfff&cf31:0&cfff [ng] 
(carapace): >&c693car:&cfff coming [tele] need armor &cf31rox&cfff
(bps): >&cc93bps:&cfff &cf00dropped&cfff &cf31rl&cfff [big-stairs] 1
(bps): >&cc93bps:&cfff &cf00dropped&cfff &cf31rl&cfff [big-stairs] 1
(carapace): >&c693car:&cfff 0/60 &cf31rl&cfff&cf31:0&cfff [high-rl] 
(rst): >&c777rst:&cfff &c991y&cfff150/90 &cf31rl&cfff&cf31:5&cfff [ng] &c05fquad&cfff
(carapace): >&c693car:&cfff 0/100 &cf31rl&cfff&cf31:0&cfff [quad-way] 
(bps): >&cc93bps:&cfff ganon at [quad-button]
(bps): >&cc93bps:&cfff &c991y&cfff150/49 ng [big] 
(carapace): >&c693car:&cfff 0/28 &cf31rl&cfff&cf31:10&cfff [high-rl] 
(rst): >&c777rst:&cfff &c0b0safe&cfff [low-rl]
(rst): >&c777rst:&cfff &c0b0safe&cfff [low-rl]
(bps): >&cc93bps:&cfff &c991y&cfff150/99 ng [low-rl] 
(bps): >&cc93bps:&cfff &c05fquaded&cfff rst at [low-rl]
(bps): >&cc93bps:&cfff took &cf31rl&cfff [low-rl]
Quad Damage is wearing off
(bps): >&cc93bps:&cfff took &cf31rl&cfff [low-rl]
(bps): >&cc93bps:&cfff &c05fquaded&cfff rst at [path-lift]
(carapace): >&c693car:&cfff &c931r&cfff200/93 &cf31rl&cfff&cf31:9&cfff [secret] 
(rst): >&c777rst:&cfff &c991y&cfff150/100 &cf31rl&cfff&cf31:2&cfff [path] 
(rst): >&c777rst:&cfff &c991y&cfff150/100 &cf31rl&cfff&cf31:2&cfff [tele-ya] 
(carapace): >&c693car:&cfff &c931r&cfff116/100 &cf31rl&cfff&cf31:6&cfff [tele] 
[10] minutes remaining
Team [-s-] leads by 47 frags
(rst): >&c777rst:&cfff &c991y&cfff146/100 &cf31rl&cfff&cf31:2&cfff [tele] 
(bps): >&cc93bps:&cfff &c991y&cfff150/100 [ng] 
(rst): >&c777rst:&cfff &c991y&cfff146/100 &cf31rl&cfff&cf31:12&cfff [tele] 
(carapace): >&c693car:&cfff &cf00dropped&cfff &cf31rl&cfff [big] 1
(ganon): >&c479gan:&cfff &cf00lost&cfff [quad-button] 3
(ganon): >&c479gan:&cfff &cf00lost&cfff [quad-button] 3
(rst): >&c777rst:&cfff &cf00dropped&cfff &cf31rl&cfff [quad-low] 1
(rst): >&c777rst:&cfff &cf00dropped&cfff &cf31rl&cfff [quad-low] 1
(rst): >&c777rst:&cfff &cf00dropped&cfff &cf31rl&cfff [quad-low] 1
(rst): >&c777rst:&cfff &cf00dropped&cfff &cf31rl&cfff [quad-low] 1
(rst): >&c777rst:&cfff &cf00dropped&cfff &cf31rl&cfff [quad-low] 1
(rst): >&c777rst:&cfff &cf00dropped&cfff &cf31rl&cfff [quad-low] 1
(rst): >&c777rst:&cfff 0/100 &cf31rl&cfff&cf31:5&cfff [quad-low] &c05fquad&cfff
(rst): >&c777rst:&cfff 0/76 &cf31rl&cfff&cf31:4&cfff [tele] &c05fquad&cfff
(carapace): >&c693car:&cfff 0/100 [tele] 
(bps): >&cc93bps:&cfff 0/100 [tele] 
(carapace): >&c693car:&cfff 0/100 &cf31rl&cfff&cf31:5&cfff [high-rl] 
(bps): >&cc93bps:&cfff carapace at [high-rl]
(carapace): >&c693car:&cfff &cf00dropped&cfff &cf31rl&cfff [ng] 1
(carapace): >&c693car:&cfff &cf00dropped&cfff &cf31rl&cfff [ng] 1
(carapace): >&c693car:&cfff &cf00dropped&cfff &cf31rl&cfff [ng] 1
(bps): >&cc93bps:&cfff 0/100 [quad-button] 
(carapace): >&c693car:&cfff 0/100 [ra-mega] 
Quad Damage is wearing off
(carapace): >&c693car:&cfff took &cf00ra&cfff [ra-mega]
(rst): >&c777rst:&cfff &c931r&cfff200/3 &cf31rl&cfff&cf31:44&cfff [quad-low] 
(carapace): >&c693car:&cfff &c931r&cfff153/20 sg [low-rl] rox:10 
[9] minutes remaining
Team [-s-] leads by 44 frags
(rst): >&c777rst:&cfff &c931r&cfff200/43 &cf31rl&cfff&cf31:43&cfff [ng] 
(carapace): >&c693car:&cfff &cf00lost&cfff [ra-mega] 2
(carapace): >&c693car:&cfff &cf00lost&cfff [ra-mega] 2
(bps): >&cc93bps:&cfff 0/100 [tele] 
(carapace): >&c693car:&cfff &cf00lost&cfff [ra-mega] 2
(rst): >&c777rst:&cfff 0/49 &cf31rl&cfff&cf31:38&cfff [ng] 
(rst): >&c777rst:&cfff 0/49 &cf31rl&cfff&cf31:38&cfff [ng] 
(bps): >&cc93bps:&cfff took &cf31rl&cfff [low-rl]
(bps): >&cc93bps:&cfff took &cf31rl&cfff [low-rl]
(bps): >&cc93bps:&cfff took &cf31rl&cfff [low-rl]
(carapace): >&c693car:&cfff &c991y&cfff150/100 [tele-high] 
(bps): >&cc93bps:&cfff 0/103 &cf31rl&cfff&cf31:18&cfff [path-lift] 
(bps): >&cc93bps:&cfff &c0b0safe&cfff [path-lift]
(bps): >&cc93bps:&cfff &c0b0safe&cfff [path-lift]
(bps): >&cc93bps:&cfff &c0b0safe&cfff [path-lift]
(bps): >&cc93bps:&cfff &c0b0safe&cfff [path-lift]
(. zero): >000 0/100 sg:24 [ng] 
(. zero): >000 0/100 sg:24 [ng] 
(. mazer): >&ca20 maz:&cfff &cf00lost&cfff &cf00[&cfffpath.lift&cf00]&cfff 1
(. mazer): >&ca20 maz:&cfff coming [low.rl/stairs]
(. Gamer): >&c900 gmr:&cfff &cff05&cfff/35 &cf13rl&cfff:4 [tele] &c05fquad&cfff
(. mazer): >&ca20 maz:&cfff &cf00lost&cfff &cf00[&cffflow.rl&cf00]&cfff 2
(. Gamer): >&c900 gmr:&cfff &cff05&cfff/60 &cf13rl&cfff:4 [tele] &c05fquad&cfff
(. mazer): >&ca20 maz:&cfff coming [tele.rox]
(. zero): >000 0/48 sg:30 [low.stairs] 
(. Gamer): >&c900 gmr:&cfff &cff05&cfff/60 &cf13rl&cfff:4 [tele] &c05fquad&cfff
(. niw): >&ce26 niw:&cfff &ce00139&cfff/66 &cf13rl&cfff:19 [low.rl] 
(. niw): >&ce26 niw:&cfff &ce00139&cfff/66 &cf13rl&cfff:19 [low.rl] 
(. zero): >000 0/48 sg:30 [low.rl] 
(. zero): >000 0/48 sg:30 [low.rl] 
(. Gamer): >&c900 gmr:&cfff &cff05&cfff/60 &cf13rl&cfff:4 [tele] &c05fquad&cfff
(. zero): >000 0/48 &c2aarl&cfff:14 [low.rl] 
(. mazer): >&ca20 maz:&cfff gl at [gl]
(. mazer): >&ca20 maz:&cfff took gl [gl]
(. mazer): >&ca20 maz:&cfff 0/163 gl [big.stairs] &cf13r&cfff:15 
(. zero): >000 0/48 &c2aarl&cfff:10 [ra.mega] 
(. zero): >000 &cf00ra&cfff200/48 &c2aarl&cfff:10 [ra.mega] 
(. niw): >&ce26 niw:&cfff &ce00121&cfff/35 &cf13rl&cfff:22 [secret] 
(. Gamer): >&c900 gmr:&cfff took &cff0ya&cfff [big]
[8] minutes remaining
Team [-s-] leads by 37 frags
(. zero): >000 &cf00ra&cfff200/98 &c2aarl&cfff:10 [path.lift] 
(. niw): >&ce26 niw:&cfff &ce0024&cfff/38 &cf13rl&cfff:28 [quad.way] 
(. niw): >&ce26 niw:&cfff &ce0024&cfff/38 &cf13rl&cfff:28 [quad.way] 
(. zero): >000 &cf00ra&cfff200/98 &c2aarl&cfff:9 [ng] 
(. niw): >&ce26 niw:&cfff &cf00dropped&cfff &cf13rl&cfff &cf40[&cfffhigh.rl&cf40]&cfff 2
(. niw): >&ce26 niw:&cfff &cf00dropped&cfff &cf13rl&cfff &cf40[&cfffhigh.rl&cf40]&cfff 2
(. niw): >&ce26 niw:&cfff &cf00dropped&cfff &cf13rl&cfff &cf40[&cfffhigh.rl&cf40]&cfff 2
(. niw): >&ce26 niw:&cfff &cf00dropped&cfff &cf13rl&cfff &cf40[&cfffhigh.rl&cf40]&cfff 2
(rst): >&c777rst:&cfff &cf00lost&cfff [tele] 2
(rst): >&c777rst:&cfff &cf00lost&cfff [tele] 2
(rst): >&c777rst:&cfff &cf00lost&cfff [tele] 2
(rst): >&c777rst:&cfff &cf00lost&cfff [tele] 2
(rst): >&c777rst:&cfff &cf00lost&cfff [tele] 2
(rst): >&c777rst:&cfff &cf00lost&cfff [tele] 2
(rst): >&c777rst:&cfff 0/-11 [tele] 
(carapace): >&c693car:&cfff &cf00lost&cfff [low-rl] 1
(carapace): >&c693car:&cfff 0/100 [ra-mega] 
(carapace): >&c693car:&cfff coming [ra-mega] need rl
(bps): >&cc93bps:&cfff 0/76 [low-rl] 
(carapace): >&c693car:&cfff &c931r&cfff200/200 [ra-mega] 
(carapace): >&c693car:&cfff took &cf31rl&cfff [low-rl]
(rst): >&c777rst:&cfff &cf00lost&cfff [tele-ya] 1
(rst): >&c777rst:&cfff &cf00lost&cfff [tele-ya] 1
(rst): >&c777rst:&cfff &cf00lost&cfff [tele-ya] 1
(rst): >&c777rst:&cfff &cf00lost&cfff [tele-ya] 1
(carapace): >&c693car:&cfff &c931r&cfff116/178 &cf31rl&cfff&cf31:3&cfff [low-stairs] 
(bps): >&cc93bps:&cfff &cf2apack&cfff at [low-rl]
(bps): >&cc93bps:&cfff &cf2apack&cfff at [low-rl]
(carapace): >&c693car:&cfff &c931r&cfff116/172 &cf31rl&cfff&cf31:12&cfff [ra-mega] 
(. zero): >000 &cff0ya&cfff150/100 sg:100 [high.rl] 
(. Gamer): >&c900 gmr:&cfff 0/100 sg [quad.way] &cf13r&cfff:30 &c05fquad&cfff
(. niw): >&ce26 niw:&cfff 0/65 gl [floating] &cf13r&cfff:5 
(. zero): >000 &cff0ya&cfff150/100 sg:100 [tele.high] 
(. Gamer): >&c900 gmr:&cfff 0/100 sg [quad.way] &cf13r&cfff:30 &c05fquad&cfff
(. niw): >&ce26 niw:&cfff 0/65 gl [tele.high] &cf13r&cfff:5 
(. niw): >&ce26 niw:&cfff 0/65 gl [quad.way] &cf13r&cfff:5 
(. niw): >&ce26 niw:&cfff 0/65 gl [quad.way] &cf13r&cfff:5 
(. niw): >&ce26 niw:&cfff 0/100 gl [quad.way] &cf13r&cfff:5 
(. niw): >&ce26 niw:&cfff 0/100 gl [quad.way] &cf13r&cfff:5 
(. zero): >000 &cff0ya&cfff142/193 &c2aarl&cfff:20 [quad.low] 
(. mazer): >&ca20 maz:&cfff &cff0150&cfff/100 sg [tele.high] &cf13r&cfff:10 
(. zero): >000 &cff0ya&cfff142/191 &c2aarl&cfff:20 [ng] 
(. zero): >000 &cff0ya&cfff142/191 &c2aarl&cfff:20 [ng] 
(. zero): >000 &cff0ya&cfff142/189 &c2aarl&cfff:20 [ng] 
(. mazer): >&ca20 maz:&cfff &cff0150&cfff/100 sg [high.rl] &cf13r&cfff:10 
(. Gamer): >&c900 gmr:&cfff &cf00lost&cfff &cf00[&cfffpath&cf00]&cfff 3
(rst): >&c777rst:&cfff &c991y&cfff102/94 &cf31rl&cfff&cf31:5&cfff [low-lift] 
(ganon): >&c479gan:&cfff &cf00lost&cfff [path] 1
(ganon): >&c479gan:&cfff &cf00lost&cfff [path] 1
(ganon): >&c479gan:&cfff &cf00lost&cfff [path] 1
(carapace): >&c693car:&cfff took &cf00ra&cfff [ra-mega]
[7] minutes remaining
Team [-s-] leads by 35 frags
(bps): >&cc93bps:&cfff 0/100 [low-rl] 
(bps): >&cc93bps:&cfff &ce00ra&cfff at [secret]
(bps): >&cc93bps:&cfff &ce00ra&cfff at [secret]
(bps): >&cc93bps:&cfff &ce00ra&cfff at [secret]
(bps): >&cc93bps:&cfff &ce00ra&cfff at [secret]
(rst): >&c777rst:&cfff &c931r&cfff200/43 &cf31rl&cfff&cf31:2&cfff [secret] 
(carapace): >&c693car:&cfff &c0b0safe&cfff [high-rl]
(carapace): >&c693car:&cfff &c0b0safe&cfff [tele-high]
(bps): >&cc93bps:&cfff ganon at [low-rl]
(rst): >&c777rst:&cfff &c0b0safe&cfff [tele]
(ganon): >&c479gan:&cfff &c991y&cfff84/76 &cf31rl&cfff&cf31:5&cfff [secret] 
(ganon): >&c479gan:&cfff &c0b0safe&cfff [secret]
(ganon): >&c479gan:&cfff &c0b0safe&cfff [secret]
(. zero): >000 &cf00LOST&cfff [quad] 2
(. zero): >000 &cf00LOST&cfff [quad] 2
(. zero): >000 &cf00LOST&cfff [quad] 2
(. zero): >000 &cf00LOST&cfff [quad] 2
(. zero): >000 &cf00LOST&cfff [quad] 2
no weapon
(. zero): >000 &cf00LOST&cfff [quad] 2
(carapace): >&c693car:&cfff 0/165 &cf31rl&cfff&cf31:58&cfff [ng] &c05fquad&cfff
(bps): >&cc93bps:&cfff 0/74 [ra-mega] 
(carapace): >&c693car:&cfff &c0b0safe&cfff [secret]
(rst): >&c777rst:&cfff &c0b0safe&cfff [tele]
(rst): >&c777rst:&cfff &c0b0safe&cfff [tele]
(rst): >&c777rst:&cfff &c0b0safe&cfff [tele]
(rst): >&c777rst:&cfff &c0b0safe&cfff [tele]
(carapace): >&c693car:&cfff 0/118 &cf31rl&cfff&cf31:58&cfff [secret] &c05fquad&cfff
(bps): >&cc93bps:&cfff 0/14 sg [ra-mega] rox:10 
(bps): >&cc93bps:&cfff took &ce00ra&cfff [ra-mega]
(carapace): >&c693car:&cfff 0/113 &cf31rl&cfff&cf31:58&cfff [secret] &c05fquad&cfff
(rst): >&c777rst:&cfff &c0b0safe&cfff [tele]
(rst): >&c777rst:&cfff &c0b0safe&cfff [tele]
(rst): >&c777rst:&cfff &c0b0safe&cfff [tele]
(ganon): >&c479gan:&cfff &cf31rox&cfff at [gl]
(bps): >&cc93bps:&cfff 0/71 &c299gl&cfff [big-stairs] rox:5 
Quad Damage is wearing off
(carapace): >&c693car:&cfff 0/4 &cf31rl&cfff&cf31:64&cfff [path] &c05fquad&cfff
[6] minutes remaining
Team [-s-] leads by 57 frags
(rst): >&c777rst:&cfff &cf2apack&cfff at [ng]
(carapace): >&c693car:&cfff coming [secret] need armor health
(bps): >&cc93bps:&cfff &c991y&cfff150/96 &c299gl&cfff [path] rox:5 
(carapace): >&c693car:&cfff 0/44 &cf31rl&cfff&cf31:59&cfff [secret] 
(carapace): >&c693car:&cfff 0/44 &cf31rl&cfff&cf31:58&cfff [secret] 
(rst): >&c777rst:&cfff &c0b0safe&cfff [ng]
(rst): >&c777rst:&cfff &c0b0safe&cfff [ng]
(carapace): >&c693car:&cfff &c0b0safe&cfff [quad-way]
(carapace): >&c693car:&cfff &c931r&cfff177/88 &cf31rl&cfff&cf31:55&cfff [quad-way] 
(ganon): >&c479gan:&cfff &cf31rl&cfff at [high-rl]
(carapace): >&c693car:&cfff &c931r&cfff177/88 &cf31rl&cfff&cf31:55&cfff [quad-way] 
(carapace): >&c693car:&cfff &c0b0safe&cfff [quad]
(bps): >&cc93bps:&cfff took &cf31rl&cfff [low-rl]
(bps): >&cc93bps:&cfff took &cf31rl&cfff [low-rl]
(bps): >&cc93bps:&cfff took &cf31rl&cfff [low-rl]
(carapace): >&c693car:&cfff &c0b0team&cfff &c05fquad&cfff
(carapace): >&c693car:&cfff &c0b0team&cfff &c05fquad&cfff
(rst): >&c777rst:&cfff &c0b0safe&cfff [ng]
(rst): >&c777rst:&cfff &c0b0safe&cfff [ng]
(carapace): >&c693car:&cfff &c931r&cfff177/100 &cf31rl&cfff&cf31:53&cfff [ng] &c05fquad&cfff
(bps): >&cc93bps:&cfff &cf00lost&cfff [ra-mega] 1
(bps): >&cc93bps:&cfff ganon at [big-button]
(bps): >&cc93bps:&cfff ganon at [big]
(bps): >&cc93bps:&cfff &c991y&cfff150/100 [big] 
(rst): >&c777rst:&cfff &cf00dropped&cfff &cf31rl&cfff [tele] 1
(rst): >&c777rst:&cfff &cf00dropped&cfff &cf31rl&cfff [tele] 1
(rst): >&c777rst:&cfff &cf00dropped&cfff &cf31rl&cfff [tele] 1
(rst): >&c777rst:&cfff &cf00dropped&cfff &cf31rl&cfff [tele] 1
(rst): >&c777rst:&cfff &cf00dropped&cfff &cf31rl&cfff [tele] 1
(rst): >&c777rst:&cfff &cf00dropped&cfff &cf31rl&cfff [tele] 1
(rst): >&c777rst:&cfff &c991y&cfff14/-2 &cf31rl&cfff&cf31:10&cfff [tele] 
(rst): >&c777rst:&cfff &c991y&cfff14/-2 &cf31rl&cfff&cf31:10&cfff [tele] 
(rst): >&c777rst:&cfff &c991y&cfff14/-2 &cf31rl&cfff&cf31:10&cfff [tele] 
(rst): >&c777rst:&cfff &c991y&cfff14/-2 &cf31rl&cfff&cf31:10&cfff [tele] 
(ganon): >&c479gan:&cfff &cf00lost&cfff [quad-low] 3
(ganon): >&c479gan:&cfff &cf00lost&cfff [quad-low] 3
(ganon): >&c479gan:&cfff &cf00lost&cfff [quad-low] 3
(rst): >&c777rst:&cfff &cf00lost&cfff [tele] 1
(rst): >&c777rst:&cfff &cf00lost&cfff [tele] 1
(rst): >&c777rst:&cfff &cf00lost&cfff [tele] 1
(rst): >&c777rst:&cfff &cf00lost&cfff [tele] 1
(rst): >&c777rst:&cfff &cf00lost&cfff [tele] 1
(bps): >&cc93bps:&cfff ganon at [low-rl]
Quad Damage is wearing off
(bps): >&cc93bps:&cfff &c991y&cfff150/100 [low-rl] 
(rst): >&c777rst:&cfff 0/100 [big] 
(rst): >&c777rst:&cfff 0/100 [big-stairs] 
[5] minutes remaining
Team [-s-] leads by 62 frags
(bps): >&cc93bps:&cfff &c0b0safe&cfff [ra-mega]
(bps): >&cbb0>&cfff &c0b0weapon killed!&cfff &c9b0(at quad-button)&cfff \&c0ff0&cfff/
(rst): >&c777rst:&cfff 0/-62 [quad-button] 
(carapace): >&c693car:&cfff &c0b0safe&cfff [quad-high]
(bps): >&cc93bps:&cfff &c991y&cfff62/41 ssg [quad-way] rox:15 
(rst): >&c777rst:&cfff &cf00lost&cfff [ng] 2
(rst): >&c777rst:&cfff &cf00lost&cfff [ng] 2
(rst): >&c777rst:&cfff &cf00lost&cfff [ng] 2
(ganon): >&c479gan:&cfff &cf00lost&cfff [ng] 2
(ganon): >&c479gan:&cfff &cf00lost&cfff [ng] 2
(ganon): >&c479gan:&cfff &cf00lost&cfff [ng] 2
(ganon): >&c479gan:&cfff &cf00lost&cfff [ng] 2
(rst): >&c777rst:&cfff 0/-10 [quad-low] 
(carapace): >&c693car:&cfff &cf00dropped&cfff &cf31rl&cfff [quad-high] 2
(carapace): >&c693car:&cfff &cf00dropped&cfff &cf31rl&cfff [quad-high] 2
(carapace): >&c693car:&cfff &cf00dropped&cfff &cf31rl&cfff [quad-high] 2
(rst): >&c777rst:&cfff 0/84 [tele-high] 
(. niw): >&ce26 niw:&cfff &cf00lost&cfff &cf00[&cfffquad.low&cf00]&cfff 2
(. niw): >&ce26 niw:&cfff &cf00lost&cfff &cf00[&cfffquad.low&cf00]&cfff 2
(. niw): >&ce26 niw:&cfff &cf00lost&cfff &cf00[&cfffquad.low&cf00]&cfff 2
(. zero): >000 &cf00LOST&cfff [quad.way] 2
(. zero): >000 &cf00LOST&cfff [quad.way] 2
(. zero): >000 &cf00LOST&cfff [quad.way] 2
(. zero): >000 &cf00LOST&cfff [quad.way] 2
(. zero): >000 &cf00LOST&cfff [quad.way] 2
(. zero): >000 &cf00LOST&cfff [quad.way] 2
(. Gamer): >&c900 gmr:&cfff 0/124 &cf13rl&cfff:8 [quad] 
(. Gamer): >&c900 gmr:&cfff &cf00dropped&cfff &cf13rl&cfff &cf40[&cfffquad.way&cf40]&cfff 1
(. mazer): >&ca20 maz:&cfff took &cf00ra&cfff [secret]
(. zero): >000 &cf00LOST&cfff [low.stairs] 2
(. zero): >000 &cf00LOST&cfff [low.stairs] 2
(rst): >&c777rst:&cfff 0/100 [tele-ya] 
(rst): >&c777rst:&cfff 0/100 [tele-ya] 
(carapace): >&c693car:&cfff &c991y&cfff73/38 &cf31rl&cfff&cf31:18&cfff [tele-high] 
(bps): >&cc93bps:&cfff 0/100 [path] 
(rst): >&c777rst:&cfff &c991y&cfff150/100 [tele-high] 
(rst): >&c777rst:&cfff &c991y&cfff150/100 [high-rl] 
(rst): >&c777rst:&cfff &c991y&cfff150/100 [high-rl] 
(carapace): >&c693car:&cfff &c991y&cfff58/129 &cf31rl&cfff&cf31:23&cfff [gl] 
(carapace): >&c693car:&cfff &c991y&cfff52/126 &cf31rl&cfff&cf31:22&cfff [quad-button] 
(bps): >&cc93bps:&cfff took &ce00ra&cfff [ra-mega]
(bps): >&cc93bps:&cfff took &ce00ra&cfff [ra-mega]
[4] minutes remaining
Team [-s-] leads by 56 frags
(rst): >&c777rst:&cfff took &cf31rl&cfff [high-rl]
(bps): >&cc93bps:&cfff ganon at [ra-mega]
(rst): >&c777rst:&cfff &c0b0safe&cfff [tele-high]
(rst): >&c777rst:&cfff &c0b0safe&cfff [tele-high]
(carapace): >&c693car:&cfff &c0b0safe&cfff [ng]
(bps): >&cc93bps:&cfff &c931r&cfff125/100 [tele] 
(rst): >&c777rst:&cfff &c0b0safe&cfff [quad-way]
(rst): >&c777rst:&cfff &c0b0safe&cfff [quad-way]
(carapace): >&c693car:&cfff &c991y&cfff30/85 &cf31rl&cfff&cf31:5&cfff [quad] 
(bps): >&cc93bps:&cfff &cff0ya&cfff at [tele-ya]
(bps): >&cc93bps:&cfff &cff0ya&cfff at [tele-ya]
(bps): >&cc93bps:&cfff &c931r&cfff125/100 sg [tele-high] rox:10 
(bps): >&cc93bps:&cfff &c931r&cfff125/100 sg [tele-high] rox:10 
(bps): >&cc93bps:&cfff rst at [high-rl]
(carapace): >&c693car:&cfff &cf00dropped&cfff &cf31rl&cfff [quad] 1
(carapace): >&c693car:&cfff 0/100 [tele] 
(carapace): >&c693car:&cfff took &cff0ya&cfff [tele-ya]
(carapace): >&c693car:&cfff &c991y&cfff150/100 [tele-high] 
(rst): >&c777rst:&cfff &c0b0safe&cfff [quad]
(rst): >&c777rst:&cfff &c0b0safe&cfff [quad]
(bps): >&cc93bps:&cfff &c931r&cfff125/100 sg [high-rl] rox:10 
(rst): >&c777rst:&cfff &c0b0team&cfff &c05fquad&cfff
(rst): >&c777rst:&cfff &c0b0team&cfff &c05fquad&cfff
(carapace): >&c693car:&cfff &c991y&cfff150/100 [floating] 
(rst): >&c777rst:&cfff &cf2apack&cfff at [quad-low]
(rst): >&c777rst:&cfff &cf2apack&cfff at [low-rl]
(rst): >&c777rst:&cfff &cf2apack&cfff at [low-rl]
(bps): >&cc93bps:&cfff &c931r&cfff92/100 &cf31rl&cfff&cf31:19&cfff [ng] 
(carapace): >&c693car:&cfff &c0b0safe&cfff [low-rl]
(rst): >&c777rst:&cfff &c991y&cfff11/35 &cf31rl&cfff&cf31:13&cfff [low-rl] &c05fquad&cfff
(ganon): >&c479gan:&cfff &cf00lost&cfff [high-rl] 1
(ganon): >&c479gan:&cfff &cf00lost&cfff [high-rl] 1
(ganon): >&c479gan:&cfff &cf00lost&cfff [high-rl] 1
(ganon): >&c479gan:&cfff &cf00lost&cfff [high-rl] 1
(bps): >&cc93bps:&cfff took &ce00ra&cfff [secret]
(bps): >&cc93bps:&cfff took &ce00ra&cfff [secret]
[3] minutes remaining
Team [-s-] leads by 58 frags
(rst): >&c777rst:&cfff &cf00dropped&cfff &cf31rl&cfff [tele-entry] 1
(rst): >&c777rst:&cfff &cf00dropped&cfff &cf31rl&cfff [tele-entry] 1
(rst): >&c777rst:&cfff &cf00dropped&cfff &cf31rl&cfff [tele-entry] 1
(rst): >&c777rst:&cfff &cf00dropped&cfff &cf31rl&cfff [tele-entry] 1
(rst): >&c777rst:&cfff &cf00dropped&cfff &cf31rl&cfff [tele-entry] 1
(rst): >&c777rst:&cfff &cf00dropped&cfff &cf31rl&cfff [tele-entry] 2
(rst): >&c777rst:&cfff &cf00dropped&cfff &cf31rl&cfff [tele-entry] 2
(rst): >&c777rst:&cfff &cf00dropped&cfff &cf31rl&cfff [tele-entry] 2
(rst): >&c777rst:&cfff &cf00dropped&cfff &cf31rl&cfff [tele-entry] 2
(rst): >&c777rst:&cfff &cf00dropped&cfff &cf31rl&cfff [tele-entry] 2
(rst): >&c777rst:&cfff &cf00dropped&cfff &cf31rl&cfff [tele-entry] 2
(bps): >&cc93bps:&cfff &cf31rox&cfff at [high-rl]
(rst): >&c777rst:&cfff &c991y&cfff122/-1 [tele-ya] 
(rst): >&c777rst:&cfff &cf00lost&cfff [tele-ya] 1
(rst): >&c777rst:&cfff &cf00lost&cfff [tele-ya] 1
(rst): >&c777rst:&cfff &cf00lost&cfff [tele-ya] 1
(carapace): >&c693car:&cfff &c991y&cfff51/110 &cf31rl&cfff&cf31:5&cfff [secret] 
(carapace): >&c693car:&cfff took &cf00ra&cfff [secret]
(bps): >&cbb0>&cfff &c0b0weapon killed!&cfff &c9b0(at high-rl)&cfff \&c0ff0&cfff/
(bps): >&cc93bps:&cfff &c931r&cfff71/72 &cf31rl&cfff&cf31:14&cfff [ng] 
(ganon): >&c479gan:&cfff 0/100 [tele-ya] 
(bps): >&cc93bps:&cfff &cf00dropped&cfff &cf31rl&cfff [path-lift] 2
(bps): >&cc93bps:&cfff &cf00dropped&cfff &cf31rl&cfff [path-lift] 2
(bps): >&cc93bps:&cfff &cf00dropped&cfff &cf31rl&cfff [path-lift] 2
(bps): >&cc93bps:&cfff 0/4 &cf31rl&cfff&cf31:11&cfff [path] 
(bps): >&cc93bps:&cfff 0/4 &cf31rl&cfff&cf31:11&cfff [path] 
(bps): >&cc93bps:&cfff 0/4 &cf31rl&cfff&cf31:11&cfff [path] 
(ganon): >&c479gan:&cfff &c991y&cfff150/100 [high-rl] 
(carapace): >&c693car:&cfff &c931r&cfff160/95 &cf31rl&cfff&cf31:17&cfff [high-rl] 
(carapace): >&c693car:&cfff &c0b0safe&cfff [quad]
(carapace): >&c693car:&cfff &c0b0team&cfff &c05fquad&cfff
(carapace): >&c693car:&cfff &c0b0team&cfff &c05fquad&cfff
(rst): >&c777rst:&cfff get &c05fquad&cfff
(rst): >&c777rst:&cfff get &c05fquad&cfff
(ganon): >&c479gan:&cfff &c991y&cfff150/100 [high-rl] 
(ganon): >&c479gan:&cfff &c991y&cfff150/100 [high-rl] 
(bps): >&cc93bps:&cfff &c0b0safe&cfff [tele-ya]
(bps): >&cc93bps:&cfff &c0b0safe&cfff [tele-ya]
(bps): >&cc93bps:&cfff &c0b0safe&cfff [tele-ya]
(carapace): >&c693car:&cfff &c0b0safe&cfff [low-rl]
(bps): >&cc93bps:&cfff &c991y&cfff150/92 &cf31rl&cfff&cf31:11&cfff [tele] 
(bps): >&cc93bps:&cfff &c0b0safe&cfff [tele-entry]
(rst): >&c777rst:&cfff &cf2apack&cfff at [low-rl]
(carapace): >&c693car:&cfff &c0b0safe&cfff [low-rl]
[2] minutes remaining
Team [-s-] leads by 65 frags
Quad Damage is wearing off
(carapace): >&c693car:&cfff &c931r&cfff200/84 &cf31rl&cfff&cf31:8&cfff [secret] &c05fquad&cfff
(rst): >&c777rst:&cfff &cf2apack&cfff at [ng]
(rst): >&c777rst:&cfff 0/100 &cf31rl&cfff&cf31:13&cfff [tele-entry] 
(carapace): >&c693car:&cfff &c931r&cfff200/100 &cf31rl&cfff&cf31:8&cfff [tele] 
(rst): >&c777rst:&cfff &c0b0safe&cfff [tele-entry]
(rst): >&c777rst:&cfff &c0b0safe&cfff [tele-entry]
(rst): >&c777rst:&cfff &c0b0safe&cfff [tele-entry]
(bps): >&cc93bps:&cfff &c991y&cfff98/100 &cf31rl&cfff&cf31:15&cfff [quad-low] 
(bps): >&cc93bps:&cfff &c991y&cfff98/100 &cf31rl&cfff&cf31:14&cfff [ng] 
(. zero): >000 0/100 sg:24 [low.rl] 
(. niw): >&ce26 niw:&cfff 0/104 &cf13rl&cfff:21 [big.stairs] 
(. niw): >&ce26 niw:&cfff 0/104 &cf13rl&cfff:21 [big.stairs] 
(. Gamer): >&c900 gmr:&cfff took &cf13rl&cfff [low.rl]
(carapace): >&c693car:&cfff &cf00lost&cfff [quad-low] 2
(bps): >&cc93bps:&cfff &cf00dropped&cfff &cf31rl&cfff [path] 1
no weapon
(rst): >&c777rst:&cfff 0/-15 &cf31rl&cfff&cf31:16&cfff [tele-entry] 
(rst): >&c777rst:&cfff &cf00lost&cfff [tele-entry] 2
(rst): >&c777rst:&cfff &cf00lost&cfff [tele-entry] 2
(carapace): >&c693car:&cfff awaits [tele-ya]
(carapace): >&c693car:&cfff 0/77 [tele-ya] 
(bps): >&cc93bps:&cfff 0/77 sg [tele] rox:16 
(rst): >&c777rst:&cfff &cf00lost&cfff [quad-low] 1
(rst): >&c777rst:&cfff &cf00lost&cfff [quad-low] 1
(rst): >&c777rst:&cfff &cf00lost&cfff [quad-low] 1
(carapace): >&c693car:&cfff &c991y&cfff150/77 [tele-high] 
(carapace): >&c693car:&cfff &c991y&cfff150/77 [high-rl] 
(carapace): >&c693car:&cfff &c991y&cfff150/77 [high-rl] 
(ganon): >&c479gan:&cfff &cf00enemy&cfff at [quad-button]
(bps): >&cc93bps:&cfff 0/165 &c299gl&cfff [tele-high] rox:30 
[1] minute remaining
Team [-s-] leads by 67 frags
(bps): >&cc93bps:&cfff carapace at [high-rl]
(ganon): >&c479gan:&cfff &cf00dropped&cfff &cf31rl&cfff [big] 1
(ganon): >&c479gan:&cfff &cf00dropped&cfff &cf31rl&cfff [big] 1
(ganon): >&c479gan:&cfff &cf00dropped&cfff &cf31rl&cfff [big] 1
(ganon): >&c479gan:&cfff &cf00dropped&cfff &cf31rl&cfff [big] 1
(. Gamer): >&c900 gmr:&cfff &ce00148&cfff/122 &cf13rl&cfff:15 [low.rl] 
(. zero): >000 &cf00ra&cfff97/79 &c2aarl&cfff:5 [ra.mega] 
(. Gamer): >&c900 gmr:&cfff &c0b0safe&cfff &c0b0[&cfffng&c0b0]&cfff &ce00148&cfff / &cf13rl&cfff
(. niw): >&ce26 niw:&cfff &cff0150&cfff/100 sg [high.rl] 
(. niw): >&ce26 niw:&cfff &cff0150&cfff/100 sg [high.rl] 
(. niw): >&ce26 niw:&cfff &cff0150&cfff/100 sg [high.rl] 
(. niw): >&ce26 niw:&cfff &cff0150&cfff/100 sg [high.rl] 
(. niw): >&ce26 niw:&cfff &cff0150&cfff/100 sg [high.rl] 
(. Gamer): >&c900 gmr:&cfff &cf00dropped&cfff &cf13rl&cfff &cf40[&cfffng&cf40]&cfff 2
(carapace): >&c693car:&cfff took &cf2apack&cfff [ng]
(bps): >&cc93bps:&cfff 0/31 &c299gl&cfff [ra-mega] rox:21 
(bps): >&cc93bps:&cfff took &ce00ra&cfff [ra-mega]
(bps): >&cc93bps:&cfff took &ce00ra&cfff [ra-mega]
(bps): >&cc93bps:&cfff &c931r&cfff157/22 &c299gl&cfff [low-stairs] rox:18 
(rst): >&c777rst:&cfff &c991y&cfff6/39 &cf31rl&cfff&cf31:1&cfff [high-rl] 
[30] seconds
(carapace): >&c693car:&cfff took &cf00ra&cfff [secret]
[15] seconds
(ganon): >&c479gan:&cfff &cf00lost&cfff [ng] 3
(ganon): >&c479gan:&cfff &cf00lost&cfff [ng] 3
(carapace): >&c693car:&cfff &cf31rox&cfff at [high-rl]
(carapace): >&c693car:&cfff &c0b0safe&cfff [quad-way]
[10] seconds
[9] seconds
[8] seconds
[7] seconds
[6] seconds
[5] seconds
[4] seconds
(rst): >&c777rst:&cfff &cf00lost&cfff [tele] 1
(rst): >&c777rst:&cfff &cf00lost&cfff [tele] 1
(rst): >&c777rst:&cfff &cf00lost&cfff [tele] 1
(rst): >&c777rst:&cfff &cf00lost&cfff [tele] 1
(rst): >&c777rst:&cfff &cf00lost&cfff [tele] 1
[3] seconds
[2] seconds
[1] second
The match is over
trigger "onmatchover" has no matching alias

Player statistics:
______________________________________
Frags (rank) friendkills . efficiency
Team []sr[]:
__________
_ . niw:
  38 (-1) 5 49.4%
Wp: rl59.9% sg42.9% ssg58.3%
RL skill: ad:84.3 dh:22
Armr&mhs: ga:0 ya:14 ra:15 mh:6
Powerups: Q:1 P:0 R:0
      RL: Took:7 Killed:12 Dropped:5
      LG: Took:0 Killed:0 Dropped:0
  Damage: Tkn:8186 Gvn:8122 EWep:3494 Tm:453 Self:751 ToDie:209
    Time: Quad:30
 Streaks: Frags:12 QuadRun:2
  SpawnFrags: 1
__________
_ . Gamer:
  39 (-15) 2 41.9%
Wp: rl50.9% gl12.5% sg34.1% ssg36.3%
RL skill: ad:92.4 dh:19
Armr&mhs: ga:0 ya:12 ra:14 mh:5
Powerups: Q:5 P:0 R:0
      RL: Took:12 Killed:12 Dropped:7 Xfer:1
      LG: Took:0 Killed:0 Dropped:0
  Damage: Tkn:9729 Gvn:9042 EWep:4234 Tm:401 Self:545 ToDie:180
    Time: Quad:81
 Streaks: Frags:9 QuadRun:5
  SpawnFrags: 11
__________
_ . mazer:
  24 (-64) 1 21.4%
Wp: rl52.6% gl25.9% sg35.2% ssg18.0%
RL skill: ad:77.0 dh:8
Armr&mhs: ga:0 ya:13 ra:11 mh:6
Powerups: Q:1 P:0 R:0
      RL: Took:10 Killed:7 Dropped:4
      LG: Took:0 Killed:0 Dropped:0
  Damage: Tkn:12374 Gvn:7294 EWep:3911 Tm:371 Self:372 ToDie:140
    Time: Quad:0
 Streaks: Frags:6 QuadRun:0
  SpawnFrags: 1
__________
_ . zero:
  25 (-24) 1 33.8%
Wp: rl40.4% gl14.3% sg35.2% ssg36.2%
RL skill: ad:77.3 dh:6
Armr&mhs: ga:0 ya:11 ra:14 mh:6
Powerups: Q:0 P:0 R:0
      RL: Took:6 Killed:5 Dropped:3 Xfer:1
      LG: Took:0 Killed:0 Dropped:0
  Damage: Tkn:9068 Gvn:6759 EWep:2652 Tm:143 Self:602 ToDie:185
    Time: Quad:0
 Streaks: Frags:6 QuadRun:0
  SpawnFrags: 2

Team [-s-]:
__________
_ bps:
  51 (8) 2 54.3%
Wp: rl57.9% gl17.7% sg35.8% ssg37.8%
RL skill: ad:108.8 dh:13
Armr&mhs: ga:0 ya:8 ra:15 mh:6
Powerups: Q:3 P:0 R:0
      RL: Took:10 Killed:6 Dropped:6 Xfer:1
      LG: Took:0 Killed:0 Dropped:0
  Damage: Tkn:7996 Gvn:8914 EWep:2495 Tm:472 Self:1118 ToDie:185
    Time: Quad:84
 Streaks: Frags:15 QuadRun:7
  SpawnFrags: 5
__________
_ carapace:
  56 (27) 2 65.9%
Wp: rl50.8% gl15.8% sg41.4% ssg48.9%
RL skill: ad:95.0 dh:21
Armr&mhs: ga:0 ya:15 ra:13 mh:8
Powerups: Q:5 P:0 R:0
      RL: Took:12 Killed:7 Dropped:8 Xfer:1
      LG: Took:0 Killed:0 Dropped:0
  Damage: Tkn:7974 Gvn:11599 EWep:2947 Tm:535 Self:730 ToDie:274
    Time: Quad:150
 Streaks: Frags:15 QuadRun:7
  SpawnFrags: 9
__________
_ ganon:
  52 (2) 0 51.0%
Wp: rl54.2% sg50.8% ssg46.4%
RL skill: ad:94.3 dh:21
Armr&mhs: ga:0 ya:22 ra:11 mh:5
Powerups: Q:2 P:0 R:0
      RL: Took:9 Killed:12 Dropped:4 Xfer:3
      LG: Took:0 Killed:0 Dropped:0
  Damage: Tkn:9389 Gvn:9741 EWep:3383 Tm:324 Self:931 ToDie:187
    Time: Quad:54
 Streaks: Frags:11 QuadRun:4
  SpawnFrags: 8
__________
_ rst:
  44 (13) 2 58.7%
Wp: rl60.6% sg38.2% ssg38.1%
RL skill: ad:93.1 dh:36
Armr&mhs: ga:0 ya:17 ra:6 mh:4
Powerups: Q:3 P:0 R:0
      RL: Took:13 Killed:9 Dropped:8 Xfer:4
      LG: Took:0 Killed:0 Dropped:0
  Damage: Tkn:5858 Gvn:9103 EWep:2527 Tm:929 Self:1015 ToDie:188
    Time: Quad:86
 Streaks: Frags:12 QuadRun:3
  SpawnFrags: 4

______________________________________
[]sr[] vs [-s-] match statistics:
______________________________________

weapons, powerups, armors&mhs, damage
______________________________________
[]sr[]: Wp: rl55 gl4 sg36% ssg39%
Powerups: Q:7 P:0 R:0
Armr&mhs: ga:0 ya:50 ra:54 mh:23
      RL: Took:35 Killed:36 Dropped:19 Xfer:2
      LG: Took:0 Killed:0 Dropped:0
  Damage: Tkn:39357 Gvn:31217 EWep:14291 Tm:1368
    Time: Quad:112
[-s-]: Wp: rl91 gl15 sg42% ssg45%
Powerups: Q:13 P:0 R:0
Armr&mhs: ga:0 ya:62 ra:45 mh:23
      RL: Took:44 Killed:34 Dropped:26 Xfer:9
      LG: Took:0 Killed:0 Dropped:0
  Damage: Tkn:31217 Gvn:39357 EWep:11352 Tm:2260
    Time: Quad:375
______________________________________
[dm2] top scorers:
______________________________________
      Frags: carapace [56]
     Deaths: . mazer [88]
Friendkills: . niw [5]
 Efficiency: carapace [65.9%]
 FragStreak: bps [15]
             carapace [15]
    QuadRun: bps [7]
             carapace [7]
  RL Killer: . niw [12]
             . Gamer [12]
             ganon [12]
Boomsticker: ganon [50.8%]
   Survivor: carapace [274]
Annihilator: carapace [11599]

______________________________________

Team scores: frags . percentage
______________________________________
[]sr[]: 126 . 38.3%
[-s-]: 203 . 61.7%
______________________________________
Spectator [ServeMe] left the game

&cff3Commands (6):&r
  &c8fflog&r
  &c8fflogerrors&r
  &c8fflogfile&r
  &c8fflogplayers&r
  &c8fflogrcon&r
  &c8fflogtelnet&r
&cff3Variables (2):&r
  &c8fflog_dir &cfff: &c2e2"&c2e2&c2e2"&r
  &c8fflog_readable &cfff: &c2e2"&c2e21&c2e2"&r
]/log 02
