]playdemo 02
Playing demo from 02.mvd


_____________________________________

_The Abandoned Base
. zero is ready []sr[]
All players ready
Timer started
QiZmo: timer lag point disabled
Server starts recording (disk): 4on4_]sr[_vs_-s-[dm3]160122-2248.mvd
bps: glhf
matchdate: 2022-01-16 22:48:51 CET
trigger "onmatchstart" has no matching alias
The match has begun!
(. zero): >000 1000/1000 &c2aarl&cfff:100 &c2aalg&cfff:100 [ra.tunnel] 
no weapon
(carapace): >&c693car:&cfff took &c29flg&cfff [water-lg]
(bps): >&cc93bps:&cfff 0/100 [ra] 
(bps): >&cc93bps:&cfff &cf00lost&cfff [ra] 1
(rst): >&c777rst:&cfff 0/76 &cf31rl&cfff&cf31:5&cfff [ra-tunnel] 
(rst): >&c777rst:&cfff 0/76 &cf31rl&cfff&cf31:5&cfff [ra-tunnel] 
(rst): >&c777rst:&cfff 0/76 &cf31rl&cfff&cf31:5&cfff [ra-tunnel] 
(rst): >&c777rst:&cfff 0/76 &cf31rl&cfff&cf31:5&cfff [ra-tunnel] 
(rst): >&c777rst:&cfff &cf2apack&cfff at [ra-tunnel]
(rst): >&c777rst:&cfff &cf00lost&cfff [ra-tunnel] 1
(rst): >&c777rst:&cfff &cf00lost&cfff [ra-tunnel] 1
(rst): >&c777rst:&cfff &cf00lost&cfff [ra-tunnel] 1
(rst): >&c777rst:&cfff &cf00lost&cfff [ra-tunnel] 1
(rst): >&c777rst:&cfff &cf00lost&cfff [ra-tunnel] 1
(bps): >&cc93bps:&cfff 0/100 [sng-tele] 
(carapace): >&c693car:&cfff 0/163 &c29flg&cfff&c29f:11&cfff [water] 
(rst): >&c777rst:&cfff took &cf2apack&cfff [rl]
(rst): >&c777rst:&cfff took &cff0ya&cfff [ya-box]
(carapace): >&c693car:&cfff coming [lifts] need armor &cf31rl&cfff &c29fcells&cfff
(bps): >&cc93bps:&cfff &cf00enemy&cfff &c05fquad&cfff &cff0eyes&cfff at [bridge-low]
Protection is almost burned out
(bps): >&cc93bps:&cfff 0/100 [sng-ledge] 
(bps): >&cc93bps:&cfff carapace at [sng-mega]
(carapace): >&c693car:&cfff 0/102 &c29flg&cfff&c29f:14&cfff [sng-mega] 
(rst): >&c777rst:&cfff 0/-14 [bridge-low] 
(rst): >&c777rst:&cfff &cf00lost&cfff [bridge-low] 1
(rst): >&c777rst:&cfff &cf00lost&cfff [bridge-low] 1
(rst): >&c777rst:&cfff &cf00lost&cfff [bridge-low] 1
(rst): >&c777rst:&cfff &cf00lost&cfff [bridge-low] 1
(rst): >&c777rst:&cfff &cf00lost&cfff [bridge-low] 1
(carapace): >&c693car:&cfff &cf00dropped&cfff &c29flg&cfff [sng-tele] 1
(. zero): >000 0/76 sg:13 [bridge.stairs] 
(. ParadokS): >&cfd2para:&cfff &ce0080&cfff/179 sng [sng.mega] &c2aac&cfff:15 
(. zero): >000 0/76 sg:13 [bridge.stairs] 
(. niw): >&ce26 niw:&cfff 0/52 &c2aalg&cfff:10 [ra.tunnel] &cf13r&cfff:10 
(. niw): >&ce26 niw:&cfff 0/52 &c2aalg&cfff:10 [ra.tunnel] &cf13r&cfff:10 
(. niw): >&ce26 niw:&cfff 0/52 &c2aalg&cfff:10 [ra.tunnel] &cf13r&cfff:10 
(. Gamer): >&c900 gmr:&cfff 0/100 sg [bridge.low] &cf13r&cfff:7 
(. niw): >&ce26 niw:&cfff 0/52 &c2aalg&cfff:10 [ra.tunnel] &cf13r&cfff:10 
(. niw): >&ce26 niw:&cfff 0/100 sg [ya] 
(. niw): >&ce26 niw:&cfff 0/100 sg [ya.entry] 
(. zero): >000 &cff0ya&cfff150/100 ssg:18 [ya] 
(. zero): >000 &cff0ya&cfff150/100 ssg:18 [ya] 
(. ParadokS): >&cfd2para:&cfff 0/47 sng [sng.tele] &c2aac&cfff:15 
(. zero): >000 &cff0ya&cfff150/100 ssg:18 [ya] 
(. ParadokS): >&cfd2para:&cfff 0/47 sng [sng.tele] &c2aac&cfff:15 
(. niw): >&ce26 niw:&cfff 0/100 sg [ring] 
(. niw): >&ce26 niw:&cfff 0/100 sg [ring] 
[19] minutes remaining
Team []sr[] leads by 6 frags
(. zero): >000 &cff0ya&cfff35/29 ssg:73 [quad] 
(. ParadokS): >&cfd2para:&cfff &cf00lost&cfff &cf00[&cfffwindow&cf00]&cfff 1
(. niw): >&ce26 niw:&cfff 0/100 sg [ya.quad] 
(. Gamer): >&c900 gmr:&cfff &cf00lost&cfff &cf00[&cfffbridge.high&cf00]&cfff 2
(. niw): >&ce26 niw:&cfff 0/45 sg [bridge.low] &c2aac&cfff:21 
(. ParadokS): >&cfd2para:&cfff 0/96 sg [ra.low] 
(. zero): >000 &cff0ya&cfff14/111 ssg:98 [ra] &c05fquad&cfff
(. zero): >000 &cff0ya&cfff14/111 ssg:98 [ra] &c05fquad&cfff
(. zero): >000 &cff0ya&cfff14/110 ssg:98 [ra] &c05fquad&cfff
(. zero): >000 took &cf2apack&cfff [ra.low]
(. zero): >000 &cf00ra&cfff200/109 ssg:100 [ra] &c05fquad&cfff
(. Gamer): >&c900 gmr:&cfff 0/100 sng [sng] 
(. niw): >&ce26 niw:&cfff 0/5 sg [bridge.high] &cf13r&cfff:10 &c2aac&cfff:21 
(. Gamer): >&c900 gmr:&cfff took &c0a0mega&cfff [sng.mega]
(. ParadokS): >&cfd2para:&cfff &cf00lost&cfff &cf00[&cfffya&cf00]&cfff 1
(. ParadokS): >&cfd2para:&cfff &cf00lost&cfff &cf00[&cfffya&cf00]&cfff 1
(. Gamer): >&c900 gmr:&cfff 0/200 sng [sng] 
(. niw): >&ce26 niw:&cfff 0/100 sg [hill] 
(. niw): >&ce26 niw:&cfff 0/100 sg [hill] 
Quad Damage is wearing off
(. Gamer): >&c900 gmr:&cfff 0/193 sng [bridge.low] 
(. Gamer): >&c900 gmr:&cfff 0/192 sng [water] 
(. zero): >000 &cf00ra&cfff22/75 &c2aarl&cfff:12 [bridge.low] 
(. zero): >000 &cf00ra&cfff22/75 &c2aarl&cfff:12 [bridge.stairs] 
(. Gamer): >&c900 gmr:&cfff 0/188 &c2aalg&cfff:15 [water.lg] 
(. ParadokS): >&cfd2para:&cfff 0/100 sg [ring] 
(. Gamer): >&c900 gmr:&cfff 0/114 &c2aalg&cfff:57 [water.lg] &cf13r&cfff:19 
(. niw): >&ce26 niw:&cfff 0/100 sg [ra.low] 
(. Gamer): >&c900 gmr:&cfff 0/111 &c2aalg&cfff:63 [water] &cf13r&cfff:19 
(. zero): >000 0/57 &c2aarl&cfff:18 [lifts] 
(. zero): >000 0/57 &c2aarl&cfff:18 [lifts] 
(. niw): >&ce26 niw:&cfff 0/100 sg [ra] 
(. Gamer): >&c900 gmr:&cfff coming [hill]
(. ParadokS): >&cfd2para:&cfff took &c0a0mega&cfff [pent]
(. ParadokS): >&cfd2para:&cfff 0/123 sg [water.tunnel] 
(. ParadokS): >&cfd2para:&cfff 0/123 sg [water.tunnel] 
(. Gamer): >&c900 gmr:&cfff coming [ra.tunnel]
(. Gamer): >&c900 gmr:&cfff 0/90 &c2aalg&cfff:58 [ra.rox] &cf13r&cfff:19 
(. niw): >&ce26 niw:&cfff &ce0030&cfff/34 sg [ra.entry] 
[18] minutes remaining
Team []sr[] leads by 20 frags
(. Gamer): >&c900 gmr:&cfff 0/90 &c2aalg&cfff:58 [ra.low] &cf13r&cfff:19 
(. zero): >000 0/49 &c2aarl&cfff:10 [sng.tele] 
(. zero): >000 0/49 &c2aarl&cfff:10 [ra.rox] 
(. Gamer): >&c900 gmr:&cfff 0/86 &c2aalg&cfff:58 [ra] &cf13r&cfff:19 
(. zero): >000 0/49 &c2aarl&cfff:8 [ra.low] 
(. zero): >000 0/49 &c2aarl&cfff:8 [ra.low] 
(. Gamer): >&c900 gmr:&cfff 0/86 &c2aalg&cfff:58 [ra] &cf13r&cfff:19 
(carapace): >&c693car:&cfff 0/28 &cf31rl&cfff&cf31:4&cfff [water-tunnel] 
(bps): >&cc93bps:&cfff &c05fquaded&cfff ganon at [ya]
(rst): >&c777rst:&cfff 0/100 ssg [ya-quad] 
(carapace): >&c693car:&cfff 0/28 &cf31rl&cfff&cf31:4&cfff [pent] 
(rst): >&c777rst:&cfff &cf2apack&cfff at [bridge-high]
(. niw): >&ce26 niw:&cfff 0/100 sg [ring] 
(. Gamer): >&c900 gmr:&cfff &ce00196&cfff/85 &c2aalg&cfff:58 [ra.entry] &cf13r&cfff:19 
(. ParadokS): >&cfd2para:&cfff 0/100 sg [lifts.below] 
(. zero): >000 0/49 &c2aarl&cfff:13 [sng] 
(. Gamer): >&c900 gmr:&cfff &ce00196&cfff/85 &c2aalg&cfff:58 [ra.low] &cf13r&cfff:19 
(. zero): >000 0/149 &c2aarl&cfff:13 [sng.mega] 
(. zero): >000 0/149 &c2aarl&cfff:13 [sng.mega] 
(. niw): >&ce26 niw:&cfff 0/100 sg [ya] 
(. niw): >&ce26 niw:&cfff 0/100 sg [ya] 
(. niw): >&ce26 niw:&cfff 0/100 sg [ya.box] 
(. niw): >&ce26 niw:&cfff &cff0ya&cfff at [ya.box]
(. niw): >&ce26 niw:&cfff &cff0ya&cfff at [ya.box]
(. niw): >&ce26 niw:&cfff &cff0ya&cfff at [ya.box]
(. niw): >&ce26 niw:&cfff 0/100 sg [ya.box] 
(. Gamer): >&c900 gmr:&cfff &ce00196&cfff/85 &c2aalg&cfff:47 [ra.low] &cf13r&cfff:19 
(. niw): >&ce26 niw:&cfff 0/100 sg [ya.box] 
[17:30] remaining
Team []sr[] = 39
Team [-s-] = 19
(. niw): >&ce26 niw:&cfff 0/100 sg [ya.box] 
(. zero): >000 &cf00ra&cfff200/144 &c2aarl&cfff:10 [ra] 
(. niw): >&ce26 niw:&cfff &cff0150&cfff/100 sg [ya.box] 
(. ParadokS): >&cfd2para:&cfff 0/100 sg [hill] 
(. ParadokS): >&cfd2para:&cfff 0/100 sg [hill] 
(. niw): >&ce26 niw:&cfff &cff0150&cfff/100 sg [ya.box] 
(. Gamer): >&c900 gmr:&cfff &ce00183&cfff/82 &c2aalg&cfff:47 [ya.quad] &cf13r&cfff:19 
(. zero): >000 &cf00ra&cfff200/143 &c2aarl&cfff:10 [ra] 
(. niw): >&ce26 niw:&cfff &cff0150&cfff/100 sg [ya] 
(. niw): >&ce26 niw:&cfff &cff0150&cfff/100 sg [ya] 
(. zero): >000 &cf00ra&cfff167/133 &c2aarl&cfff:7 [ra] 
(. ParadokS): >&cfd2para:&cfff 0/100 sg [lifts.below] 
(. zero): >000 &cf00ra&cfff167/129 &c2aarl&cfff:7 [ra] 
(. niw): >&ce26 niw:&cfff &cff0114&cfff/76 sg [ya.entry] &cf13r&cfff:7 
(. niw): >&ce26 niw:&cfff &cff0114&cfff/76 ssg [ya] &cf13r&cfff:7 
(. Gamer): >&c900 gmr:&cfff 0/35 &c2aalg&cfff:32 [ya.box] &cf13r&cfff:19 
(. ParadokS): >&cfd2para:&cfff &c0b0safe&cfff &c0b0[&cfffwater&c0b0]&cfff &c2aalg&cfff
(. zero): >000 &cf00ra&cfff167/123 &c2aarl&cfff:7 [ra] 
(. niw): >&ce26 niw:&cfff &cff0114&cfff/76 ssg [ya] &cf13r&cfff:7 
(. zero): >000 &cf00ra&cfff167/123 &c2aarl&cfff:7 [ra] 
(. niw): >&ce26 niw:&cfff &cff0114&cfff/76 ssg [ya.entry] &cf13r&cfff:7 
(. Gamer): >&c900 gmr:&cfff 0/35 &c2aalg&cfff:32 [ya.box] &cf13r&cfff:19 
(. Gamer): >&c900 gmr:&cfff 0/35 &c2aalg&cfff:32 [ya.box] &cf13r&cfff:19 
(. zero): >000 &cf00ra&cfff167/116 &c2aarl&cfff:7 [ra] 
(. Gamer): >&c900 gmr:&cfff took &cff0ya&cfff [ya.box]
(. zero): >000 &cf00ra&cfff200/112 &c2aarl&cfff:7 [ra] 
(. Gamer): >&c900 gmr:&cfff &cff0150&cfff/35 &c2aalg&cfff:32 [quad] &cf13r&cfff:19 
(. zero): >000 &cf00ra&cfff200/111 &c2aarl&cfff:7 [ra.entry] 
(. zero): >000 &cf00ra&cfff200/110 &c2aarl&cfff:7 [ring] 
(. zero): >000 &cf00ra&cfff200/110 &c2aarl&cfff:7 [ring] 
[17] minutes remaining
Team []sr[] leads by 22 frags
(. niw): >&ce26 niw:&cfff 0/100 sg [hill] 
(. niw): >&ce26 niw:&cfff 0/100 sg [hill] 
(. zero): >000 &cf00ra&cfff169/100 &c2aarl&cfff:16 [quad] 
(. Gamer): >&c900 gmr:&cfff &cff0150&cfff/35 &c2aalg&cfff:28 [quad] &cf13r&cfff:19 
(. niw): >&ce26 niw:&cfff &cf2apack&cfff at [bridge.high]
(. Gamer): >&c900 gmr:&cfff &cff0131&cfff/26 &c2aalg&cfff:22 [quad] &cf13r&cfff:19 
(. zero): >000 &cf00ra&cfff147/95 &c2aarl&cfff:12 [ring] &c05fquad&cfff
(. ParadokS): >&cfd2para:&cfff 0/100 sg [ya.box] 
(. ParadokS): >&cfd2para:&cfff 0/100 sg [ya.box] 
(. Gamer): >       &cf00enemy-rl&cfff [ra]
(. Gamer): >&c900 gmr:&cfff &c05fquad&cfff over
(. Gamer): >       &cf00enemy-rl&cfff [ra]
(. Gamer): >       &cf00enemy-rl&cfff [ra]
(. Gamer): >       &cf00enemy-rl&cfff [sng]
(. zero): >000 &cf00ra&cfff147/95 &c2aarl&cfff:9 [ra.low] &c05fquad&cfff
(. zero): >000 &cf00ra&cfff147/95 &c2aarl&cfff:9 [ra.low] &c05fquad&cfff
(. niw): >&ce26 niw:&cfff 0/200 sg [hill] 
(. niw): >&ce26 niw:&cfff 0/200 sg [bridge.low] 
(. niw): >&ce26 niw:&cfff 0/200 sg [bridge.high] 
(. niw): >&ce26 niw:&cfff 0/200 sg [water] 
(. ParadokS): >&cfd2para:&cfff &cf00lost&cfff &cf00[&cfffya.box&cf00]&cfff 1
(. ParadokS): >&cfd2para:&cfff &cf00lost&cfff &cf00[&cfffya.box&cf00]&cfff 1
(. niw): >&ce26 niw:&cfff 0/200 &c2aalg&cfff:0 [water] &cf13r&cfff:11 
(. ParadokS): >&cfd2para:&cfff 0/100 sg [sng.tele] 
(. Gamer): >&c900 gmr:&cfff 0/60 sg [rl] 
(. Gamer): >&c900 gmr:&cfff 0/60 sg [rl] 
(. niw): >&ce26 niw:&cfff 0/114 &c2aalg&cfff:3 [hill] &cf13r&cfff:11 
(. Gamer): >&c900 gmr:&cfff took &cf2apack&cfff [water]
(. niw): >&ce26 niw:&cfff 0/114 &c2aalg&cfff:3 [hill] &cf13r&cfff:11 
(. niw): >&ce26 niw:&cfff coming [hill]
(. niw): >&ce26 niw:&cfff coming [hill]
(. ParadokS): >&cfd2para:&cfff 0/100 sg [ra] &cf13r&cfff:19 &c2aac&cfff:22 
(. ParadokS): >&cfd2para:&cfff 0/100 sg [ra] &cf13r&cfff:19 &c2aac&cfff:22 
(. zero): >000 &cf2apack&cfff at [ra]
(. niw): >&ce26 niw:&cfff 0/112 &c2aalg&cfff:3 [ra.tunnel] &cf13r&cfff:11 
(. niw): >&ce26 niw:&cfff 0/112 &c2aalg&cfff:3 [ra.tunnel] &cf13r&cfff:11 
(. niw): >&ce26 niw:&cfff 0/112 &c2aalg&cfff:3 [ra.tunnel] &cf13r&cfff:11 
(. zero): >000 &cf2apack&cfff at [ra]
(. zero): >000 &cf2apack&cfff at [ra]
(. zero): >000 &cf2apack&cfff at [ra]
Quad Damage is wearing off
(. Gamer): >&c900 gmr:&cfff &cf00lost&cfff &cf00[&cfffbridge.high&cf00]&cfff 2
(. ParadokS): >&cfd2para:&cfff 0/100 &cf13rl&cfff:35 [ra] &c2aac&cfff:22 
(. ParadokS): >&cfd2para:&cfff 0/100 &cf13rl&cfff:35 [ra] &c2aac&cfff:22 
(. niw): >&ce26 niw:&cfff 0/108 &c2aalg&cfff:3 [ra.low] &cf13r&cfff:15 
(. ParadokS): >&cfd2para:&cfff 0/100 &cf13rl&cfff:35 [ra] &c2aac&cfff:22 
(. Gamer): >&c900 gmr:&cfff 0/100 sg [ya] 
(. zero): >000 &cf00ra&cfff167/62 &c2aarl&cfff:0 [ra] 
[16:22] remaining
Team []sr[] = 59
Team [-s-] = 29
(. ParadokS): >&cfd2para:&cfff 0/100 &cf13rl&cfff:35 [ra] &c2aac&cfff:22 
(. ParadokS): >&cfd2para:&cfff 0/100 &cf13rl&cfff:35 [ra] &c2aac&cfff:22 
(. ParadokS): >&cfd2para:&cfff 0/100 &cf13rl&cfff:35 [ra] &c2aac&cfff:22 
(. Gamer): >&c900 gmr:&cfff 0/100 sg [ya] 
(. ParadokS): >&cfd2para:&cfff 0/100 &cf13rl&cfff:35 [ra] &c2aac&cfff:22 
(. niw): >&ce26 niw:&cfff 0/77 &c2aalg&cfff:12 [sng.tele] &cf13r&cfff:15 
(. niw): >&ce26 niw:&cfff 0/77 &c2aalg&cfff:12 [sng.tele] &cf13r&cfff:15 
(. Gamer): >&c900 gmr:&cfff 0/100 sg [ya] &cf13r&cfff:5 
(. zero): >000 &cf00ra&cfff167/62 &c2aarl&cfff:4 [ring] 
[16:19] remaining
Team []sr[] = 60
Team [-s-] = 29
(. Gamer): >&c900 gmr:&cfff &c0b0safe&cfff &c0b0[&cfffya.box&c0b0]&cfff sg
(. niw): >&ce26 niw:&cfff 0/77 &c2aalg&cfff:12 [ring] &cf13r&cfff:15 
(. zero): >000 &cf00ra&cfff167/62 &c2aarl&cfff:3 [ring] 
(. niw): >&ce26 niw:&cfff 0/77 &c2aalg&cfff:12 [ring] &cf13r&cfff:15 
(. niw): >&ce26 niw:&cfff 0/53 &c2aalg&cfff:8 [ra.low] &cf13r&cfff:15 
(. niw): >&ce26 niw:&cfff 0/53 &c2aalg&cfff:8 [ra.low] &cf13r&cfff:15 
(. niw): >&ce26 niw:&cfff 0/53 &c2aalg&cfff:8 [ra.low] &cf13r&cfff:15 
[16:13] remaining
Team []sr[] = 61
Team [-s-] = 29
(. zero): >000 &cf00ra&cfff167/100 &c2aarl&cfff:3 [sng.lifts] 
(. zero): >000 &cf00ra&cfff167/100 &c2aarl&cfff:3 [sng.lifts] 
(. ParadokS): >&cfd2para:&cfff &ce00200&cfff/100 &cf13rl&cfff:35 [ra] &c2aac&cfff:22 
(. ParadokS): >&cfd2para:&cfff &ce00200&cfff/100 &cf13rl&cfff:35 [ra] &c2aac&cfff:22 
(. zero): >000 &cf00ra&cfff167/100 &c2aarl&cfff:13 [sng] 
(. niw): >&ce26 niw:&cfff &cb1akill me [&cfffra.rox&cf2a]&cfff &c2aalg&cfff:8 &cf13r&cfff:15
(. niw): >&ce26 niw:&cfff &cb1akill me [&cfffra.rox&cf2a]&cfff &c2aalg&cfff:8 &cf13r&cfff:15
(. niw): >&ce26 niw:&cfff &cb1akill me [&cfffra.rox&cf2a]&cfff &c2aalg&cfff:8 &cf13r&cfff:15
(. niw): >&ce26 niw:&cfff &cb1akill me [&cfffra.rox&cf2a]&cfff &c2aalg&cfff:8 &cf13r&cfff:15
(. niw): >&ce26 niw:&cfff &cb1akill me [&cfffra.rox&cf2a]&cfff &c2aalg&cfff:8 &cf13r&cfff:15
(. niw): >&ce26 niw:&cfff &cb1akill me [&cfffra.low&cf2a]&cfff &c2aalg&cfff:8 &cf13r&cfff:15
(. niw): >&ce26 niw:&cfff &cb1akill me [&cfffra.low&cf2a]&cfff &c2aalg&cfff:8 &cf13r&cfff:15
(. Gamer): >&c900 gmr:&cfff 0/24 sg [ya.box] &cf13r&cfff:5 
(. niw): >&ce26 niw:&cfff &cb1akill me [&cfffra.low&cf2a]&cfff &c2aalg&cfff:8 &cf13r&cfff:15
(. niw): >&ce26 niw:&cfff &cb1akill me [&cfffra.low&cf2a]&cfff &c2aalg&cfff:8 &cf13r&cfff:15
(. niw): >&ce26 niw:&cfff &cb1akill me [&cfffra.low&cf2a]&cfff &c2aalg&cfff:8 &cf13r&cfff:15
(. niw): >&ce26 niw:&cfff &cb1akill me [&cfffra.low&cf2a]&cfff &c2aalg&cfff:8 &cf13r&cfff:15
(. niw): >&ce26 niw:&cfff &cb1akill me [&cfffra.low&cf2a]&cfff &c2aalg&cfff:8 &cf13r&cfff:15
(. niw): >&ce26 niw:&cfff &cb1akill me [&cfffra.low&cf2a]&cfff &c2aalg&cfff:8 &cf13r&cfff:15
(. niw): >&ce26 niw:&cfff &cb1akill me [&cfffra.low&cf2a]&cfff &c2aalg&cfff:8 &cf13r&cfff:15
(. niw): >&ce26 niw:&cfff &cb1akill me [&cfffra.low&cf2a]&cfff &c2aalg&cfff:8 &cf13r&cfff:15
(. niw): >&ce26 niw:&cfff &cb1akill me [&cfffra.low&cf2a]&cfff &c2aalg&cfff:8 &cf13r&cfff:15
(. niw): >&ce26 niw:&cfff &cb1akill me [&cfffra.low&cf2a]&cfff &c2aalg&cfff:8 &cf13r&cfff:15
(. ParadokS): >&cfd2para:&cfff replace [ra.low]
(. zero): >000 &cf00ra&cfff167/200 &c2aarl&cfff:13 [sng.lifts] 
(. zero): >000 &cf00ra&cfff167/200 &c2aarl&cfff:13 [lifts.below] 
[16] minutes remaining
Team []sr[] leads by 33 frags
(. zero): >000 &cf00ra&cfff167/190 &c2aarl&cfff:10 [window] 
(. niw): >&ce26 niw:&cfff &cf00lost&cfff &cf00[&cfffra&cf00]&cfff 1
(. niw): >&ce26 niw:&cfff &cf00ra&cfff at [ra]
(. niw): >&ce26 niw:&cfff &cf00ra&cfff at [ra]
(. niw): >&ce26 niw:&cfff &cf00enemy&cfff at [ra.low]
(. niw): >&ce26 niw:&cfff &cf00lost&cfff &cf00[&cfffra&cf00]&cfff 1
(. niw): >&ce26 niw:&cfff &cf00lost&cfff &cf00[&cfffra&cf00]&cfff 1
(. zero): >000 &cf00ra&cfff124/176 &c2aarl&cfff:9 [window] 
(. zero): >000 &cf00ra&cfff124/176 &c2aarl&cfff:9 [window] 
(. niw): >&ce26 niw:&cfff 0/100 sg [ra.low] 
(. niw): >&ce26 niw:&cfff 0/100 sg [ring] 
(. niw): >&ce26 niw:&cfff 0/100 sg [ring] 
(. ParadokS): >&cfd2para:&cfff took &cf00ra&cfff [ra]
(. ParadokS): >&cfd2para:&cfff &ce00200&cfff/63 &cf13rl&cfff:55 &c2aalg&cfff:21 [ra.low] &c05fquad&cfff
(. ParadokS): >&cfd2para:&cfff &ce00200&cfff/63 &cf13rl&cfff:55 &c2aalg&cfff:21 [ra.entry] &c05fquad&cfff
(. zero): >000 0/63 &c2aarl&cfff:11 [sng] 
(. zero): >000 0/63 &c2aarl&cfff:11 [sng] 
(. niw): >&ce26 niw:&cfff 0/52 sg [ra.entry] 
(. niw): >&ce26 niw:&cfff 0/52 sg [ra.low] 
(. niw): >&ce26 niw:&cfff 0/52 sg [ra.low] 
(. ParadokS): >&cfd2para:&cfff &ce00171&cfff/56 &cf13rl&cfff:54 &c2aalg&cfff:7 [ra.low] &c05fquad&cfff
(. Gamer): >&c900 gmr:&cfff &cf00lost&cfff &cf00[&cfffya.box&cf00]&cfff 1
(. niw): >&ce26 niw:&cfff 0/52 sg [ra] 
(. niw): >&ce26 niw:&cfff 0/52 sg [ra] 
(. niw): >&ce26 niw:&cfff 0/52 sg [ra] 
(. niw): >&ce26 niw:&cfff 0/52 sg [ra] 
Quad Damage is wearing off
(. ParadokS): >&cfd2para:&cfff &ce00171&cfff/81 &cf13rl&cfff:53 &c2aalg&cfff:14 [sng.tele] &c05fquad&cfff
(. zero): >000 0/100 &c2aarl&cfff:11 [sng.mega] 
(. zero): >000 0/100 &c2aarl&cfff:11 [sng.mega] 
(. zero): >000 0/100 &c2aarl&cfff:11 [sng.tele] 
(. ParadokS): >&cfd2para:&cfff &ce00171&cfff/81 &cf13rl&cfff:53 &c2aalg&cfff:14 [ring] &c05fquad&cfff
(. zero): >000 0/100 &c2aarl&cfff:11 [ra.low] 
(. zero): >000 0/100 &c2aarl&cfff:11 [ra.low] 
(. zero): >000 0/100 &c2aarl&cfff:11 [ra.low] 
(. zero): >000 0/100 &c2aarl&cfff:11 [ra.low] 
(. ParadokS): >&cfd2para:&cfff &cf2apack&cfff at [ya]
(. ParadokS): >&cfd2para:&cfff &cf2apack&cfff at [ya]
(. ParadokS): >&cfd2para:&cfff &cf2apack&cfff at [ya]
(. zero): >000 0/100 &c2aarl&cfff:11 [ra] 
(. zero): >000 0/100 &c2aarl&cfff:11 [ra] 
(. niw): >&ce26 niw:&cfff &ce00200&cfff/52 sg [ra.low] 
(. niw): >&ce26 niw:&cfff &ce00200&cfff/52 sg [ra.low] 
(. niw): >&ce26 niw:&cfff &ce00200&cfff/52 sg [ra.entry] 
(. zero): >000 0/100 &c2aarl&cfff:11 [ra] 
(. zero): >000 0/100 &c2aarl&cfff:11 [ra.low] 
(. zero): >000 0/100 &c2aarl&cfff:11 [ra.low] 
(. Gamer): >&c900 gmr:&cfff took &cf2apack&cfff [ya]
(. Gamer): >&c900 gmr:&cfff 0/100 &cf13rl&cfff:8 [ya] 
(. niw): >&ce26 niw:&cfff &ce00167&cfff/45 sg [ya.up] 
(. niw): >&ce26 niw:&cfff &ce00167&cfff/45 sg [ya.up] 
(. zero): >000 0/100 &c2aarl&cfff:10 [ra.entry] 
(. ParadokS): >&cfd2para:&cfff &ce00171&cfff/81 &cf13rl&cfff:51 &c2aalg&cfff:5 [quad] 
(. niw): >&ce26 niw:&cfff &ce00167&cfff/45 sg [window] 
(. niw): >&ce26 niw:&cfff &ce00167&cfff/45 sg [window] 
(. niw): >&ce26 niw:&cfff &ce00167&cfff/45 sg [window] 
(. zero): >000 0/92 &c2aarl&cfff:8 [ra.low] 
(. Gamer): >&c900 gmr:&cfff 0/100 &cf13rl&cfff:8 [ya] 
(. ParadokS): >&cfd2para:&cfff &cf2apack&cfff at [window]
(. Gamer): >&c900 gmr:&cfff took &cff0ya&cfff [ya.box]
(. zero): >000 0/92 &c2aarl&cfff:8 [ra] 
(. zero): >000 0/92 &c2aarl&cfff:8 [ra] 
(. niw): >&ce26 niw:&cfff &cf2apack&cfff at [pent]
(. niw): >&ce26 niw:&cfff &cf2apack&cfff at [pent]
(. Gamer): >&c900 gmr:&cfff &cff096&cfff/66 &cf13rl&cfff:3 [window] 
[15] minutes remaining
Team []sr[] leads by 41 frags
(. zero): >000 &cf00ra&cfff200/92 &c2aarl&cfff:8 [ring] &cff0ring&cfff
(. Gamer): >&c900 gmr:&cfff &cf00dropped&cfff &cf13rl&cfff &cf40[&cfffpent&cf40]&cfff 3
(. niw): >&ce26 niw:&cfff &ce00133&cfff/38 &cf13rl&cfff:5 [pent] 
(. ParadokS): >&cfd2para:&cfff &ce0067&cfff/78 &cf13rl&cfff:40 &c2aalg&cfff:5 [window] &cf00pent&cfff
(. niw): >&ce26 niw:&cfff &ce00133&cfff/38 &cf13rl&cfff:5 [pent] 
(. niw): >&ce26 niw:&cfff &ce00133&cfff/38 &cf13rl&cfff:5 [pent] 
(. niw): >&ce26 niw:&cfff &ce00120&cfff/35 &cf13rl&cfff:5 [pent] 
(. ParadokS): >&cfd2para:&cfff 0/78 &cf13rl&cfff:36 &c2aalg&cfff:5 [lifts] &cf00pent&cfff
(. ParadokS): >&cfd2para:&cfff 0/78 &cf13rl&cfff:36 &c2aalg&cfff:5 [lifts] &cf00pent&cfff
(. Gamer): >&c900 gmr:&cfff coming [ra.tunnel]
(. niw): >&ce26 niw:&cfff &ce0072&cfff/127 &cf13rl&cfff:12 [pent] &c2aac&cfff:6 
(. niw): >&ce26 niw:&cfff &ce0072&cfff/127 &cf13rl&cfff:12 [pent] &c2aac&cfff:6 
(. niw): >&ce26 niw:&cfff coming [lifts]
(. niw): >&ce26 niw:&cfff coming [lifts]
(. zero): >000 &cf00ra&cfff89/159 &c2aarl&cfff:20 [ya] &c05fquad&cfff &cff0ring&cfff
(. zero): >000 &cf00ra&cfff89/159 &c2aarl&cfff:20 [ya] &c05fquad&cfff &cff0ring&cfff
(. niw): >&ce26 niw:&cfff &ce0072&cfff/125 &cf13rl&cfff:10 [lifts] &c2aac&cfff:6 
(. ParadokS): >&cfd2para:&cfff &c0b0safe&cfff &c0b0[&cfffra&c0b0]&cfff &cf13rl&cfff
(. ParadokS): >&cfd2para:&cfff &c0b0safe&cfff &c0b0[&cfffra&c0b0]&cfff &cf13rl&cfff
(. niw): >&ce26 niw:&cfff &ce0072&cfff/125 &cf13rl&cfff:10 [lifts] &c2aac&cfff:6 
(. niw): >&ce26 niw:&cfff coming [lifts]
(. niw): >&ce26 niw:&cfff coming [lifts]
(. niw): >&ce26 niw:&cfff coming [lifts]
(. niw): >&ce26 niw:&cfff &ce0072&cfff/124 &cf13rl&cfff:10 [lifts] &c2aac&cfff:6 
(. niw): >&ce26 niw:&cfff &ce0072&cfff/124 &cf13rl&cfff:10 [lifts] &c2aac&cfff:6 
(. ParadokS): >&cfd2para:&cfff &ce00200&cfff/78 &cf13rl&cfff:31 &c2aalg&cfff:5 [ring] &cf00pent&cfff
(. niw): >&ce26 niw:&cfff &ce0072&cfff/119 &cf13rl&cfff:15 [ra.low] &c2aac&cfff:6 
(. niw): >&ce26 niw:&cfff &ce0072&cfff/119 &cf13rl&cfff:15 [ra.low] &c2aac&cfff:6 
Protection is almost burned out
(. zero): >000 &cff0ya&cfff105/115 &c2aarl&cfff:17 [ring] &c05fquad&cfff &cff0ring&cfff
(. zero): >000 &cff0ya&cfff105/113 &c2aarl&cfff:17 [ring] &c05fquad&cfff &cff0ring&cfff
(. Gamer): >&c900 gmr:&cfff coming [sng.tele]
(. zero): >000 &cff0ya&cfff105/113 &c2aarl&cfff:17 [ring] &c05fquad&cfff &cff0ring&cfff
(. ParadokS): >&cfd2para:&cfff &ce00148&cfff/78 &cf13rl&cfff:33 &c2aalg&cfff:41 [ra.tunnel] 
(. ParadokS): >&cfd2para:&cfff &ce00148&cfff/78 &cf13rl&cfff:33 &c2aalg&cfff:41 [ra.tunnel] 
(. ParadokS): >&cfd2para:&cfff &c0b0safe&cfff &c0b0[&cfffra.entry&c0b0]&cfff &ce00148&cfff / &cf13rl&cfff
(. ParadokS): >&cfd2para:&cfff &c0b0safe&cfff &c0b0[&cfffra.entry&c0b0]&cfff &ce00148&cfff / &cf13rl&cfff
(. zero): >000 &cff0ya&cfff105/107 &c2aarl&cfff:17 [ya.quad] &c05fquad&cfff
(. zero): >000 &cff0ya&cfff105/107 &c2aarl&cfff:17 [ya.quad] &c05fquad&cfff
(. zero): >000 &cff0ya&cfff105/106 &c2aarl&cfff:17 [ya.up] 
(. zero): >000 &cff0ya&cfff105/106 &c2aarl&cfff:17 [ya.up] 
(. niw): >&ce26 niw:&cfff &ce00200&cfff/103 &cf13rl&cfff:15 [ra] &c2aac&cfff:6 
(. ParadokS): >&cfd2para:&cfff &c0b0safe&cfff &c0b0[&cfffring&c0b0]&cfff &ce00148&cfff / &cf13rl&cfff
(. niw): >&ce26 niw:&cfff &ce00200&cfff/100 &cf13rl&cfff:15 [ra.low] &c2aac&cfff:6 
(. niw): >&ce26 niw:&cfff &ce00200&cfff/100 &cf13rl&cfff:15 [ra.low] &c2aac&cfff:6 
(. zero): >000 &cff0ya&cfff105/100 &c2aarl&cfff:11 [bridge.high] 
(. zero): >000 &cff0ya&cfff105/100 &c2aarl&cfff:11 [ya.entry] 
(. zero): >000 &cff0ya&cfff105/100 &c2aarl&cfff:9 [ya] 
[14] minutes remaining
Team []sr[] leads by 51 frags
(. ParadokS): >&cfd2para:&cfff took &cf00ra&cfff [ra]
(. niw): >&ce26 niw:&cfff &ce00131&cfff/84 &cf13rl&cfff:17 [ra.rox] &c2aac&cfff:6 
(. zero): >000 &cff0ya&cfff150/100 &c2aarl&cfff:9 [bridge.high] 
(. zero): >000 &cff0ya&cfff150/100 &c2aarl&cfff:9 [bridge.high] 
(. Gamer): >&c900 gmr:&cfff 0/100 sg [ya.box] 
(. zero): >000 &cff0ya&cfff150/100 &c2aarl&cfff:8 [window] 
(. zero): >000 &cff0ya&cfff150/100 &c2aarl&cfff:8 [window] 
(. zero): >000 &cff0ya&cfff150/100 &c2aarl&cfff:8 [window] 
(. zero): >000 &cff0ya&cfff150/100 &c2aarl&cfff:8 [window] 
(. Gamer): >&c900 gmr:&cfff 0/100 sg [ya.box] 
(. zero): >000 &cff0ya&cfff150/100 &c2aarl&cfff:5 [bridge.high] 
(. Gamer): >&c900 gmr:&cfff &c0b0safe&cfff &c0b0[&cfffya.box&c0b0]&cfff sg
(. niw): >&ce26 niw:&cfff &ce0094&cfff/93 &cf13rl&cfff:14 [ra.low] &c2aac&cfff:6 
(. Gamer): >&c900 gmr:&cfff 0/100 sg [ya.box] 
(. niw): >&ce26 niw:&cfff &ce0094&cfff/93 &cf13rl&cfff:14 [ra.low] &c2aac&cfff:6 
(. zero): >000 &cff0ya&cfff150/100 &c2aarl&cfff:4 [ya] 
(. zero): >000 &cff0ya&cfff150/100 &c2aarl&cfff:4 [ya] 
(. ParadokS): >&cfd2para:&cfff &ce00141&cfff/148 &cf13rl&cfff:21 &c2aalg&cfff:27 [bridge.high] &c05fquad&cfff
(. zero): >000 &cff0ya&cfff150/100 &c2aarl&cfff:4 [ya] 
(. ParadokS): >&cfd2para:&cfff &ce00141&cfff/148 &cf13rl&cfff:21 &c2aalg&cfff:27 [window] &c05fquad&cfff
(. zero): >000 &cff0ya&cfff150/100 &c2aarl&cfff:4 [ya] 
(. Gamer): >&c900 gmr:&cfff took &cff0ya&cfff [ya.box]
(. zero): >000 &cff0ya&cfff150/100 &c2aarl&cfff:4 [bridge.high] 
(. zero): >000 &cff0ya&cfff150/100 &c2aarl&cfff:4 [bridge.high] 
(. zero): >000 &cff0ya&cfff150/100 &c2aarl&cfff:4 [ya.entry] 
(. Gamer): >&c900 gmr:&cfff &cff0150&cfff/100 sg [water.lg] 
(. Gamer): >&c900 gmr:&cfff &cff0150&cfff/100 &c2aalg&cfff:15 [water] 
(. ParadokS): >&cfd2para:&cfff coming [quad]
(. Gamer): >&c900 gmr:&cfff coming [bridge.low]
(. niw): >&ce26 niw:&cfff &ce00200&cfff/82 &cf13rl&cfff:5 [ra] &c2aac&cfff:6 
(. zero): >000 &cff0ya&cfff97/69 &c2aarl&cfff:6 [ya] 
(. Gamer): >&c900 gmr:&cfff &cff0150&cfff/100 &c2aalg&cfff:36 [hill] 
(. niw): >&ce26 niw:&cfff &ce00200&cfff/82 &cf13rl&cfff:5 [ra.rox] &c2aac&cfff:6 
(. niw): >&ce26 niw:&cfff &ce00200&cfff/82 &cf13rl&cfff:5 [ra.rox] &c2aac&cfff:6 
(. Gamer): >&c900 gmr:&cfff coming [hill]
(. ParadokS): >&cfd2para:&cfff &c0b0safe&cfff &c0b0[&cfffquad&c0b0]&cfff &ce00107&cfff / &cf13rl&cfff
(. niw): >&ce26 niw:&cfff &ce00200&cfff/100 &cf13rl&cfff:4 [sng.tele] &c2aac&cfff:18 
(. zero): >000 &cff0ya&cfff56/46 &c2aarl&cfff:3 [ya] 
(. Gamer): >&c900 gmr:&cfff &cff0135&cfff/91 &c2aalg&cfff:32 [bridge.low] 
(. zero): >000 &cff0ya&cfff56/46 &c2aarl&cfff:3 [ya.box] 
(. zero): >000 &cff0ya&cfff56/46 &c2aarl&cfff:3 [ya.box] 
(. zero): >000 &cff0ya&cfff56/46 &c2aarl&cfff:3 [ya.box] 
(. zero): >000 &cff0ya&cfff56/46 &c2aarl&cfff:3 [ya.box] 
(. zero): >000 &cff0ya&cfff56/46 &c2aarl&cfff:3 [ya.box] 
Quad Damage is wearing off
(. niw): >&ce26 niw:&cfff &ce00200&cfff/100 &cf13rl&cfff:9 [ring] &c2aac&cfff:18 
(. niw): >&ce26 niw:&cfff &ce00200&cfff/100 &cf13rl&cfff:9 [quad] &c2aac&cfff:18 
(. Gamer): >&c900 gmr:&cfff &c0b0safe&cfff &c0b0[&cfffrl&c0b0]&cfff &cff0109&cfff / &c2aalg&cfff
(. Gamer): >&c900 gmr:&cfff took &cf13rl&cfff [rl]
(. zero): >000 &cff0ya&cfff56/46 &c2aarl&cfff:3 [ya.box] 
(. zero): >000 &cff0ya&cfff150/46 &c2aarl&cfff:3 [ya.box] 
(. zero): >000 &cff0ya&cfff150/46 &c2aarl&cfff:3 [ya.box] 
(. zero): >000 &cff0ya&cfff150/46 &c2aarl&cfff:3 [window] 
(. zero): >000 &cff0ya&cfff150/46 &c2aarl&cfff:3 [window] 
(. ParadokS): >&cfd2para:&cfff &c0b0safe&cfff &c0b0[&cfffra&c0b0]&cfff &ce0044&cfff / &cf13rl&cfff
(. niw): >&ce26 niw:&cfff &ce00153&cfff/90 &cf13rl&cfff:5 [ya] &c2aac&cfff:18 
(. niw): >&ce26 niw:&cfff &ce00153&cfff/90 &cf13rl&cfff:5 [ya] &c2aac&cfff:18 
(. ParadokS): >&cfd2para:&cfff &c0b0safe&cfff &c0b0[&cfffra&c0b0]&cfff &ce0044&cfff / &cf13rl&cfff
(. Gamer): >&c900 gmr:&cfff coming [ra.tunnel]
(. Gamer): >&c900 gmr:&cfff &cff0109&cfff/77 &cf13rl&cfff:5 &c2aalg&cfff:27 [ra.tunnel] 
(. zero): >000 &cff0ya&cfff109/62 &c2aarl&cfff:4 [sng.lifts] 
(. ParadokS): >&cfd2para:&cfff &ce00147&cfff/47 &cf13rl&cfff:14 &c2aalg&cfff:10 [ring] 
(. zero): >000 &cff0ya&cfff109/62 &c2aarl&cfff:4 [sng.lifts] 
(. ParadokS): >&cfd2para:&cfff &ce00147&cfff/47 &cf13rl&cfff:14 &c2aalg&cfff:10 [ring] 
(. Gamer): >&c900 gmr:&cfff &c0b0safe&cfff &c0b0[&cfffra.low&c0b0]&cfff &cff0104&cfff / &cf13rl&cfff
(. Gamer): >&c900 gmr:&cfff &cff0104&cfff/74 &cf13rl&cfff:3 &c2aalg&cfff:20 [ra] 
(. niw): >&ce26 niw:&cfff &ce00113&cfff/92 &cf13rl&cfff:8 [ya] &c2aac&cfff:18 
(. niw): >&ce26 niw:&cfff &ce00113&cfff/92 &cf13rl&cfff:8 [ya] &c2aac&cfff:18 
[13] minutes remaining
Team []sr[] leads by 75 frags
(. ParadokS): >&cfd2para:&cfff &cf00dropped&cfff &cf13rl&cfff &cf40[&cfffquad&cf40]&cfff 1
(. ParadokS): >&cfd2para:&cfff &cf00dropped&cfff &cf13rl&cfff &cf40[&cfffquad&cf40]&cfff 1
(. ParadokS): >&cfd2para:&cfff &cf00dropped&cfff &cf13rl&cfff &cf40[&cfffquad&cf40]&cfff 1
(. ParadokS): >&cfd2para:&cfff &cf00dropped&cfff &cf13rl&cfff &cf40[&cfffquad&cf40]&cfff 1
no weapon
(. Gamer): >&c900 gmr:&cfff &cff0104&cfff/74 &cf13rl&cfff:3 &c2aalg&cfff:20 [ra] 
(. zero): >000 &cff0ya&cfff109/62 &c2aarl&cfff:10 [sng.lifts] 
(. niw): >&ce26 niw:&cfff &ce0033&cfff/76 &cf13rl&cfff:5 [window] &c2aac&cfff:18 
(. niw): >&ce26 niw:&cfff &ce0033&cfff/76 &cf13rl&cfff:5 [window] &c2aac&cfff:18 
(. niw): >&ce26 niw:&cfff need armor/rox [quad]
(. niw): >&ce26 niw:&cfff &c0b0team&cfff &c05fquad&cfff [quad] need armor/rox 
(. niw): >&ce26 niw:&cfff &c0b0team&cfff &c05fquad&cfff [quad] need armor/rox 
(. niw): >&ce26 niw:&cfff &c0b0team&cfff &c05fquad&cfff [quad] need armor/rox 
(. zero): >000 &cf2apack&cfff at [ring]
(. zero): >000 &cf2apack&cfff at [ring]
(. zero): >000 &cf2apack&cfff at [ring]
(. ParadokS): >&cfd2para:&cfff &cf00lost&cfff &cf00[&cfffrl&cf00]&cfff 1
(. ParadokS): >&cfd2para:&cfff &cf00lost&cfff &cf00[&cfffrl&cf00]&cfff 1
(. ParadokS): >&cfd2para:&cfff &cf00lost&cfff &cf00[&cfffrl&cf00]&cfff 1
(. ParadokS): >&cfd2para:&cfff took &cf2apack&cfff [hill]
(. ParadokS): >&cfd2para:&cfff took &cf2apack&cfff [hill]
(. niw): >&ce26 niw:&cfff &ce0019&cfff/74 &cf13rl&cfff:5 [ra.entry] &c2aac&cfff:18 &c05fquad&cfff
(. zero): >000 &cff0ya&cfff67/34 &c2aarl&cfff:7 [ring] 
(. ParadokS): >&cfd2para:&cfff 0/100 &cf13rl&cfff:15 [ra.tunnel] &c2aac&cfff:26 
(. zero): >000 &cff0ya&cfff67/34 &c2aarl&cfff:7 [ring] 
(. ParadokS): >&cfd2para:&cfff 0/100 &cf13rl&cfff:15 [ra.tunnel] &c2aac&cfff:26 
(. niw): >&ce26 niw:&cfff &ce0019&cfff/74 &cf13rl&cfff:5 [ra.low] &c2aac&cfff:18 &c05fquad&cfff
(. niw): >&ce26 niw:&cfff &ce0019&cfff/74 &cf13rl&cfff:5 [ra.low] &c2aac&cfff:18 &c05fquad&cfff
(. ParadokS): >&cfd2para:&cfff 0/100 &cf13rl&cfff:15 [ra.tunnel] &c2aac&cfff:26 
(. ParadokS): >&cfd2para:&cfff 0/-99 &cf13rl&cfff:15 [ra.tunnel] &c2aac&cfff:26 
(. zero): >000 &cff0ya&cfff67/34 &c2aarl&cfff:10 [ring] 
(. zero): >000 &cff0ya&cfff67/34 &c2aarl&cfff:10 [ring] 
(. niw): >&ce26 niw:&cfff 0/49 &cf13rl&cfff:3 [ra] &c2aac&cfff:18 &c05fquad&cfff
(. niw): >&ce26 niw:&cfff 0/49 &cf13rl&cfff:3 [ra] &c2aac&cfff:18 &c05fquad&cfff
(. ParadokS): >&cfd2para:&cfff 0/-99 &cf13rl&cfff:15 [ra.tunnel] &c2aac&cfff:26 
(. ParadokS): >&cfd2para:&cfff 0/-99 &cf13rl&cfff:15 [ra.tunnel] &c2aac&cfff:26 
(. ParadokS): >&cfd2para:&cfff took &cf2apack&cfff [hill]
(. ParadokS): >&cfd2para:&cfff took &cf2apack&cfff [hill]
(. ParadokS): >&cfd2para:&cfff took &cf2apack&cfff [hill]
(. niw): >&ce26 niw:&cfff &ce00200&cfff/49 &cf13rl&cfff:3 [ra] &c2aac&cfff:18 &c05fquad&cfff
(. niw): >&ce26 niw:&cfff &ce00200&cfff/49 &cf13rl&cfff:3 [ra] &c2aac&cfff:18 &c05fquad&cfff
(. Gamer): >&c900 gmr:&cfff 0/100 sg [ring] 
(. ParadokS): >&cfd2para:&cfff 0/30 sg [lifts.below] 
(. niw): >&ce26 niw:&cfff &ce00200&cfff/49 &cf13rl&cfff:8 [ra.rox] &c2aac&cfff:18 &c05fquad&cfff
(. zero): >000 &cff0ya&cfff67/74 &c2aarl&cfff:9 [sng.lifts] 
(. zero): >000 &cff0ya&cfff67/74 &c2aarl&cfff:9 [sng.lifts] 
(. ParadokS): >&cfd2para:&cfff 0/25 sg [hill] 
(. ParadokS): >&cfd2para:&cfff 0/25 sg [hill] 
(. niw): >&ce26 niw:&cfff &ce00200&cfff/49 &cf13rl&cfff:8 [sng.tele] &c2aac&cfff:18 &c05fquad&cfff
(. niw): >&ce26 niw:&cfff &ce00200&cfff/49 &cf13rl&cfff:8 [sng.tele] &c2aac&cfff:18 &c05fquad&cfff
(. niw): >&ce26 niw:&cfff &ce00200&cfff/74 &cf13rl&cfff:8 [ring] &c2aac&cfff:18 &c05fquad&cfff
(. niw): >&ce26 niw:&cfff &ce00200&cfff/74 &cf13rl&cfff:8 [ring] &c2aac&cfff:18 &c05fquad&cfff
(. ParadokS): >&cfd2para:&cfff &cf00lost&cfff &cf00[&cfffbridge.low&cf00]&cfff 3
(. ParadokS): >&cfd2para:&cfff &cf00lost&cfff &cf00[&cfffbridge.low&cf00]&cfff 3
(. zero): >000 &cff0ya&cfff67/174 &c2aarl&cfff:9 [sng.mega] 
(. zero): >000 &cff0ya&cfff67/174 &c2aarl&cfff:9 [sng.mega] 
(. niw): >&ce26 niw:&cfff &ce00125&cfff/71 &cf13rl&cfff:11 [ya] &c2aac&cfff:18 &c05fquad&cfff
Quad Damage is wearing off
(. zero): >000 &cff0ya&cfff67/171 &c2aarl&cfff:7 [ring] 
(. niw): >&ce26 niw:&cfff &ce00125&cfff/71 &cf13rl&cfff:16 [ra.entry] &c2aac&cfff:18 &c05fquad&cfff
(. ParadokS): >&cfd2para:&cfff &cf00lost&cfff &cf00[&cfffhill&cf00]&cfff 1
(. ParadokS): >&cfd2para:&cfff &cf00lost&cfff &cf00[&cfffhill&cf00]&cfff 1
(. ParadokS): >&cfd2para:&cfff &cf00lost&cfff &cf00[&cfffhill&cf00]&cfff 1
(. niw): >&ce26 niw:&cfff &ce00125&cfff/71 &cf13rl&cfff:16 [ra.low] &c2aac&cfff:18 
(. niw): >&ce26 niw:&cfff &ce00125&cfff/71 &cf13rl&cfff:16 [ra.low] &c2aac&cfff:18 
(. ParadokS): >&cfd2para:&cfff 0/100 sg [ya] 
(. zero): >000 took &cf00ra&cfff [ra]
(. zero): >000 &cf00ra&cfff200/165 &c2aarl&cfff:7 [ra] 
(. ParadokS): >&cfd2para:&cfff &c0b0safe&cfff &c0b0[&cfffya.entry&c0b0]&cfff sg
(. ParadokS): >&cfd2para:&cfff &c0b0safe&cfff &c0b0[&cfffya&c0b0]&cfff sg
(. Gamer): >&c900 gmr:&cfff 0/32 sg [bridge.stairs] &cf13r&cfff:15 
(. ParadokS): >&cfd2para:&cfff took &cff0ya&cfff [ya.box]
(. ParadokS): >&cfd2para:&cfff took &cff0ya&cfff [ya.box]
(. ParadokS): >&cfd2para:&cfff took &cff0ya&cfff [ya.box]
(. ParadokS): >&cfd2para:&cfff took &cff0ya&cfff [ya.box]
(. niw): >&ce26 niw:&cfff &ce0057&cfff/56 &cf13rl&cfff:12 [ra.entry] &c2aac&cfff:18 
(. niw): >&ce26 niw:&cfff &ce0057&cfff/56 &cf13rl&cfff:12 [ra.low] &c2aac&cfff:18 
(. niw): >&ce26 niw:&cfff &ce0057&cfff/56 &cf13rl&cfff:12 [ra.low] &c2aac&cfff:18 
(. niw): >&ce26 niw:&cfff &ce0057&cfff/56 &cf13rl&cfff:12 [ra.low] &c2aac&cfff:18 
(. niw): >&ce26 niw:&cfff &ce0057&cfff/56 &cf13rl&cfff:8 [ra] &c2aac&cfff:18 
(. niw): >&ce26 niw:&cfff &ce0057&cfff/56 &cf13rl&cfff:8 [ra] &c2aac&cfff:18 
(. niw): >&ce26 niw:&cfff &ce0057&cfff/56 &cf13rl&cfff:8 [ra] &c2aac&cfff:18 
(. niw): >&ce26 niw:&cfff &ce0057&cfff/56 &cf13rl&cfff:8 [ra] &c2aac&cfff:18 
(. ParadokS): >&cfd2para:&cfff &cff0141&cfff/97 sg [rl] 
(. ParadokS): >&cfd2para:&cfff &cff0141&cfff/97 sg [rl] 
(. zero): >000 &cf00ra&cfff114/133 &c2aarl&cfff:9 [ra.rox] 
(. ParadokS): >&cfd2para:&cfff &cff0141&cfff/97 sg [rl] 
(. Gamer): >&c900 gmr:&cfff coming [ra.tunnel]
[12] minutes remaining
Team []sr[] leads by 77 frags
(. niw): >&ce26 niw:&cfff &ce0057&cfff/56 &cf13rl&cfff:8 [ra] &c2aac&cfff:18 
(. niw): >&ce26 niw:&cfff &ce0057&cfff/56 &cf13rl&cfff:8 [ra] &c2aac&cfff:18 
(. zero): >000 &cf00LOST&cfff [sng.tele] 1
(. zero): >000 &cf00LOST&cfff [sng.tele] 1
(. zero): >000 &cf00LOST&cfff [sng.tele] 1
(. zero): >000 &cf00LOST&cfff [sng.tele] 1
(. zero): >000 &cf00LOST&cfff [sng.tele] 1
(. Gamer): >&c900 gmr:&cfff 0/51 &cf13rl&cfff:21 [sng.tele] &c2aac&cfff:48 
(. zero): >000 &cf00LOST&cfff [sng.tele] 1
(. zero): >000 &cf00LOST&cfff [sng.tele] 1
(. Gamer): >&c900 gmr:&cfff &c0b0safe&cfff &c0b0[&cfffra.low&c0b0]&cfff &cf13rl&cfff
(. niw): >&ce26 niw:&cfff &ce00200&cfff/56 &cf13rl&cfff:8 [ra] &c2aac&cfff:18 
(. niw): >&ce26 niw:&cfff &ce00200&cfff/56 &cf13rl&cfff:8 [ra] &c2aac&cfff:18 
(. Gamer): >&c900 gmr:&cfff 0/51 &cf13rl&cfff:21 [ra] &c2aac&cfff:48 
(. ParadokS): >&cfd2para:&cfff &cff0133&cfff/93 sg [rl] 
(. ParadokS): >&cfd2para:&cfff &cff0133&cfff/93 sg [rl] 
(. Gamer): >&c900 gmr:&cfff &c0b0safe&cfff &c0b0[&cfffra&c0b0]&cfff &cf13rl&cfff
(. Gamer): >&c900 gmr:&cfff 0/51 &cf13rl&cfff:21 [ra] &c2aac&cfff:48 
(. zero): >000 &cf00LOST&cfff [sng.ledge] 1
(. zero): >000 &cf00LOST&cfff [sng.ledge] 1
(. zero): >000 &cf00LOST&cfff [sng.ledge] 1
(. zero): >000 &cf00LOST&cfff [sng.ledge] 1
(. zero): >000 &cf00LOST&cfff [sng.ledge] 1
(. ParadokS): >&cfd2para:&cfff &cff0133&cfff/93 &cf13rl&cfff:5 [rl] 
(. ParadokS): >&cfd2para:&cfff &cff0133&cfff/93 &cf13rl&cfff:5 [rl] 
(. ParadokS): >&cfd2para:&cfff &cff0133&cfff/93 &cf13rl&cfff:5 [rl] 
(. niw): >&ce26 niw:&cfff &c0b0team&cfff &c05fquad&cfff [quad] need health/rox 
(. Gamer): >&c900 gmr:&cfff &cf00lost&cfff &cf00[&cfffra&cf00]&cfff 2
(. ParadokS): >&cfd2para:&cfff &c0b0safe&cfff &c0b0[&cfffya.entry&c0b0]&cfff &cff0133&cfff / &cf13rl&cfff
(. niw): >&ce26 niw:&cfff &ce0090&cfff/34 &cf13rl&cfff:8 [ring] &c2aac&cfff:18 &c05fquad&cfff
(. niw): >&ce26 niw:&cfff &ce0090&cfff/34 &cf13rl&cfff:8 [ring] &c2aac&cfff:18 &c05fquad&cfff
(. ParadokS): >&cfd2para:&cfff coming [ya.up]
(. niw): >&ce26 niw:&cfff &ce0090&cfff/34 &cf13rl&cfff:8 [ring] &c2aac&cfff:18 &c05fquad&cfff
(. ParadokS): >&cfd2para:&cfff coming [ya.up]
(. niw): >&ce26 niw:&cfff &ce0090&cfff/34 &cf13rl&cfff:8 [sng.lifts] &c2aac&cfff:18 &c05fquad&cfff
(. niw): >&ce26 niw:&cfff &ce0090&cfff/34 &cf13rl&cfff:8 [sng.lifts] &c2aac&cfff:18 &c05fquad&cfff
(. niw): >&ce26 niw:&cfff &ce0090&cfff/34 &cf13rl&cfff:8 [sng.ledge] &c2aac&cfff:18 &c05fquad&cfff
(. zero): >000 0/40 sg:73 [water] 
(. zero): >000 0/40 sg:73 [water] 
(. zero): >000 0/40 sg:73 [bridge.low] 
(. niw): >&ce26 niw:&cfff &ce0090&cfff/34 &cf13rl&cfff:4 [sng.ledge] &c2aac&cfff:18 &c05fquad&cfff
(. niw): >&ce26 niw:&cfff &ce0090&cfff/34 &cf13rl&cfff:4 [sng.ledge] &c2aac&cfff:18 &c05fquad&cfff
(. niw): >&ce26 niw:&cfff &ce0090&cfff/34 &cf13rl&cfff:4 [sng.ledge] &c2aac&cfff:18 &c05fquad&cfff
(. ParadokS): >&cfd2para:&cfff &cff061&cfff/52 &cf13rl&cfff:11 [ring] 
(. ParadokS): >&cfd2para:&cfff &cff061&cfff/52 &cf13rl&cfff:11 [ring] 
(. zero): >000 0/8 sg:70 [bridge.low] 
(. zero): >000 &cf00LOST&cfff [water] 1
(. zero): >000 &cf00LOST&cfff [water] 1
(. zero): >000 &cf00LOST&cfff [water] 1
(. zero): >000 &cf00LOST&cfff [water] 1
(. zero): >000 &cf00LOST&cfff [water] 1
Quad Damage is wearing off
(. Gamer): >&c900 gmr:&cfff coming [bridge.high]
(. ParadokS): >&cfd2para:&cfff took &cff0ya&cfff [ya.box]
(. zero): >000 0/20 &c2aagl&cfff:10 [water.gl] 
(. zero): >000 0/20 &c2aagl&cfff:10 [water.gl] 
(. niw): >&ce26 niw:&cfff &ce0053&cfff/67 &cf13rl&cfff:12 [ya.up] &c2aac&cfff:18 
(. niw): >&ce26 niw:&cfff &ce0053&cfff/67 &cf13rl&cfff:12 [ya.up] &c2aac&cfff:18 
(. niw): >&ce26 niw:&cfff &ce0053&cfff/67 &cf13rl&cfff:12 [ya.up] &c2aac&cfff:18 
(. niw): >&ce26 niw:&cfff &ce0053&cfff/67 &cf13rl&cfff:12 [ya.up] &c2aac&cfff:18 
(. ParadokS): >&cfd2para:&cfff &cff0150&cfff/67 &cf13rl&cfff:7 [ya] 
(. ParadokS): >&cfd2para:&cfff &cff0150&cfff/67 &cf13rl&cfff:7 [ya] 
(. ParadokS): >&cfd2para:&cfff &cff0150&cfff/67 &cf13rl&cfff:7 [ya.up] 
(. ParadokS): >&cfd2para:&cfff &cff0150&cfff/67 &cf13rl&cfff:7 [ya.up] 
(. niw): >&ce26 niw:&cfff &c0b0safe&cfff &c0b0[&cfffya.box&c0b0]&cfff &ce0053&cfff / &cf13rl&cfff
(. niw): >&ce26 niw:&cfff &c0b0safe&cfff &c0b0[&cfffya.box&c0b0]&cfff &ce0053&cfff / &cf13rl&cfff
(. zero): >000 &cf00LOST&cfff [water] 2
(. zero): >000 &cf00LOST&cfff [ra.low] 3
(. zero): >000 &cf00LOST&cfff [ra.low] 3
(. zero): >000 &cf00LOST&cfff [ra.low] 3
(. zero): >000 &cf00LOST&cfff [ra.low] 3
(. zero): >000 &cf00LOST&cfff [ra.low] 3
[11] minutes remaining
Team []sr[] leads by 80 frags
(. ParadokS): >&cfd2para:&cfff &cff0142&cfff/63 &cf13rl&cfff:5 [sng.lifts] 
(. ParadokS): >&cfd2para:&cfff &cff0142&cfff/63 &cf13rl&cfff:5 [sng.lifts] 
(. Gamer): >&c900 gmr:&cfff 0/92 sg [bridge.low] 
(. niw): >&ce26 niw:&cfff &ce0053&cfff/92 &cf13rl&cfff:11 [ya.box] &c2aac&cfff:18 
(. niw): >&ce26 niw:&cfff &ce0053&cfff/92 &cf13rl&cfff:11 [ya.box] &c2aac&cfff:18 
(. niw): >&ce26 niw:&cfff &ce0053&cfff/92 &cf13rl&cfff:11 [ya.box] &c2aac&cfff:18 
(. ParadokS): >&cfd2para:&cfff &cf00lost&cfff &cf00[&cfffsng.lifts&cf00]&cfff 1
(. ParadokS): >&cfd2para:&cfff &cf00lost&cfff &cf00[&cfffsng.lifts&cf00]&cfff 1
(. ParadokS): >&cfd2para:&cfff &cf00lost&cfff &cf00[&cfffsng.lifts&cf00]&cfff 1
(. zero): >000 0/76 &c2aarl&cfff:9 &c2aalg&cfff:0 [bridge.low] 
(. zero): >000 0/76 &c2aarl&cfff:9 &c2aalg&cfff:0 [bridge.low] 
(. zero): >000 0/76 &c2aarl&cfff:9 &c2aalg&cfff:0 [bridge.high] 
(. zero): >000 0/76 &c2aarl&cfff:9 &c2aalg&cfff:0 [bridge.high] 
(. niw): >&ce26 niw:&cfff &cff068&cfff/40 &cf13rl&cfff:49 &c2aalg&cfff:52 [ring] &c05fquad&cfff
(. Gamer): >&c900 gmr:&cfff 0/4 sg [water.lg] 
(. zero): >000 0/100 &c2aarl&cfff:12 &c2aalg&cfff:0 [ya] 
(. zero): >000 0/100 &c2aarl&cfff:12 &c2aalg&cfff:0 [ya] 
(. Gamer): >&c900 gmr:&cfff 0/4 sg [water.lg] 
(. zero): >000 took &cff0ya&cfff [ya.box]
(. Gamer): >&c900 gmr:&cfff 0/4 &c2aalg&cfff:15 [water.lg] 
(. zero): >000 &cff0ya&cfff130/88 &c2aarl&cfff:9 &c2aalg&cfff:0 [bridge.high] 
(. zero): >000 &cff0ya&cfff130/88 &c2aarl&cfff:9 &c2aalg&cfff:0 [bridge.high] 
(. Gamer): >&c900 gmr:&cfff 0/4 &c2aalg&cfff:21 [water.tunnel] 
(. ParadokS): >&cfd2para:&cfff 0/28 &cf13rl&cfff:6 [ra] &c2aac&cfff:24 
(. ParadokS): >&cfd2para:&cfff 0/28 &cf13rl&cfff:6 [ra] &c2aac&cfff:24 
(. ParadokS): >&cfd2para:&cfff 0/28 &cf13rl&cfff:6 [ra] &c2aac&cfff:24 
(. ParadokS): >&cfd2para:&cfff 0/28 &cf13rl&cfff:6 [ra] &c2aac&cfff:24 
(. zero): >000 &cff0ya&cfff110/76 &c2aarl&cfff:6 &c2aalg&cfff:0 [bridge.high] 
(. zero): >000 &cff0ya&cfff110/76 &c2aarl&cfff:6 &c2aalg&cfff:0 [bridge.high] 
Quad Damage is wearing off
(. Gamer): >&c900 gmr:&cfff 0/-1 &c2aalg&cfff:21 [water.tunnel] 
(. zero): >000 &cff0ya&cfff110/76 &c2aarl&cfff:6 &c2aalg&cfff:0 [bridge.high] 
(. zero): >000 &cff0ya&cfff110/76 &c2aarl&cfff:6 &c2aalg&cfff:0 [bridge.high] 
(. zero): >000 &cff0ya&cfff110/76 &c2aarl&cfff:6 &c2aalg&cfff:0 [bridge.high] 
(. ParadokS): >&cfd2para:&cfff 0/28 &cf13rl&cfff:6 [ra] &c2aac&cfff:24 
(. ParadokS): >&cfd2para:&cfff 0/28 &cf13rl&cfff:6 [ra] &c2aac&cfff:24 
(. ParadokS): >&cfd2para:&cfff 0/28 &cf13rl&cfff:6 [ra] &c2aac&cfff:24 
(. Gamer): >&c900 gmr:&cfff took &cf13rl&cfff [rl]
(. ParadokS): >&cfd2para:&cfff 0/28 &cf13rl&cfff:6 [ra] &c2aac&cfff:24 
(. niw): >&ce26 niw:&cfff &ce0086&cfff/69 &cf13rl&cfff:49 &c2aalg&cfff:8 [sng.ledge] 
(. niw): >&ce26 niw:&cfff &ce0086&cfff/69 &cf13rl&cfff:49 &c2aalg&cfff:8 [sng.ledge] 
(. ParadokS): >&cfd2para:&cfff &c0b0safe&cfff &c0b0[&cfffra&c0b0]&cfff &cf13rl&cfff
(. ParadokS): >&cfd2para:&cfff &c0b0safe&cfff &c0b0[&cfffra&c0b0]&cfff &cf13rl&cfff
(. ParadokS): >&cfd2para:&cfff took &cf00ra&cfff [ra]
(. ParadokS): >&cfd2para:&cfff took &cf00ra&cfff [ra]
(. niw): >&ce26 niw:&cfff &ce0086&cfff/169 &cf13rl&cfff:59 &c2aalg&cfff:8 [sng.mega] 
(. niw): >&ce26 niw:&cfff &ce0086&cfff/169 &cf13rl&cfff:59 &c2aalg&cfff:20 [sng.tele] 
(. niw): >&ce26 niw:&cfff &ce0086&cfff/169 &cf13rl&cfff:59 &c2aalg&cfff:20 [sng.tele] 
(. zero): >000 &cff0ya&cfff20/22 &c2aarl&cfff:0 &c2aalg&cfff:0 [ra.tunnel] 
(. zero): >000 &cff0ya&cfff20/22 &c2aarl&cfff:0 &c2aalg&cfff:0 [ra.tunnel] 
(. zero): >000 &cff0ya&cfff20/22 &c2aarl&cfff:0 &c2aalg&cfff:0 [ra.tunnel] 
(. zero): >000 &cff0ya&cfff20/22 &c2aarl&cfff:0 &c2aalg&cfff:0 [ra.tunnel] 
(. zero): >000 &cff0ya&cfff20/22 &c2aarl&cfff:0 &c2aalg&cfff:0 [ra.tunnel] 
(. zero): >000 &cff0ya&cfff20/22 &c2aarl&cfff:0 &c2aalg&cfff:0 [ra.tunnel] 
(. zero): >000 &cff0ya&cfff20/22 &c2aarl&cfff:4 &c2aalg&cfff:0 [sng.tele] 
(. zero): >000 &cff0ya&cfff20/47 &c2aarl&cfff:4 &c2aalg&cfff:0 [sng.tele] 
[10] minutes remaining
Team []sr[] leads by 95 frags
(. zero): >000 &cff0ya&cfff20/47 &c2aarl&cfff:4 &c2aalg&cfff:0 [ring] 
(. zero): >000 &cff0ya&cfff20/47 &c2aarl&cfff:4 &c2aalg&cfff:0 [ring] 
(. zero): >000 &cff0ya&cfff20/47 &c2aarl&cfff:4 &c2aalg&cfff:0 [sng] 
(. niw): >&ce26 niw:&cfff &c0b0team&cfff &c05fquad&cfff/&cf00pent&cfff [quad] need armor 
(. Gamer): >&c900 gmr:&cfff coming [pent]
(. niw): >&ce26 niw:&cfff 0/146 &cf13rl&cfff:56 &c2aalg&cfff:29 [quad] &c05fquad&cfff/&cf00pent&cfff
(. Gamer): >&c900 gmr:&cfff 0/48 sg [water.tunnel] 
(. niw): >&ce26 niw:&cfff 0/142 &cf13rl&cfff:56 &c2aalg&cfff:24 [hill] &c05fquad&cfff/&cf00pent&cfff
(. niw): >&ce26 niw:&cfff 0/142 &cf13rl&cfff:56 &c2aalg&cfff:24 [hill] &c05fquad&cfff/&cf00pent&cfff
(. Gamer): >&c900 gmr:&cfff 0/48 gl [water.gl] &cf13r&cfff:5 
(. ParadokS): >&cfd2para:&cfff &ce0042&cfff/34 &cf13rl&cfff:5 [ra.rox] &c2aac&cfff:24 &cff0ring&cfff
(. ParadokS): >&cfd2para:&cfff &ce0022&cfff/55 &cf13rl&cfff:4 [ring] &c2aac&cfff:24 &cff0ring&cfff
(. ParadokS): >&cfd2para:&cfff &ce0022&cfff/55 &cf13rl&cfff:4 [ring] &c2aac&cfff:24 &cff0ring&cfff
(. zero): >000 0/71 &c2aarl&cfff:10 &c2aalg&cfff:0 [sng] 
(. zero): >000 0/71 &c2aarl&cfff:10 &c2aalg&cfff:0 [sng] 
(. ParadokS): >&cfd2para:&cfff &c0b0safe&cfff &c0b0[&cfffra&c0b0]&cfff &ce0022&cfff / &cf13rl&cfff
(. ParadokS): >&cfd2para:&cfff &c0b0safe&cfff &c0b0[&cfffra&c0b0]&cfff &ce0022&cfff / &cf13rl&cfff
(. zero): >000 0/71 &c2aarl&cfff:10 &c2aalg&cfff:0 [sng] 
(. zero): >000 0/71 &c2aarl&cfff:10 &c2aalg&cfff:0 [sng] 
(. niw): >&ce26 niw:&cfff 0/134 &cf13rl&cfff:59 &c2aalg&cfff:17 [bridge.high] &c05fquad&cfff/&cf00pent&cfff
(. niw): >&ce26 niw:&cfff 0/134 &cf13rl&cfff:59 &c2aalg&cfff:17 [bridge.high] &c05fquad&cfff/&cf00pent&cfff
(. Gamer): >&c900 gmr:&cfff coming [bridge.high]
Protection is almost burned out
(. niw): >&ce26 niw:&cfff &cff0150&cfff/132 &cf13rl&cfff:59 &c2aalg&cfff:17 [ya.box] &c05fquad&cfff/&cf00pent&cfff
(. Gamer): >&c900 gmr:&cfff 0/3 gl [bridge.high] &cf13r&cfff:3 
(. niw): >&ce26 niw:&cfff &cff0150&cfff/132 &cf13rl&cfff:59 &c2aalg&cfff:17 [ya.box] &c05fquad&cfff/&cf00pent&cfff
(. zero): >000 0/100 &c2aarl&cfff:10 &c2aalg&cfff:0 [sng.lifts] 
(. zero): >000 0/100 &c2aarl&cfff:10 &c2aalg&cfff:0 [sng.lifts] 
(. niw): >&ce26 niw:&cfff &cff0150&cfff/130 &cf13rl&cfff:59 &c2aalg&cfff:17 [window] &c05fquad&cfff/&cf00pent&cfff
(. niw): >&ce26 niw:&cfff &cff0150&cfff/130 &cf13rl&cfff:59 &c2aalg&cfff:17 [window] &c05fquad&cfff/&cf00pent&cfff
(. ParadokS): >&cfd2para:&cfff took &cf00ra&cfff [ra]
(. ParadokS): >&cfd2para:&cfff took &cf00ra&cfff [ra]
(. ParadokS): >&cfd2para:&cfff took &cf00ra&cfff [ra]
(. ParadokS): >&cfd2para:&cfff took &cf00ra&cfff [ra]
(. zero): >000 0/100 &c2aarl&cfff:7 &c2aalg&cfff:0 [sng.ledge] 
(. niw): >&ce26 niw:&cfff &cff0139&cfff/119 &cf13rl&cfff:59 &c2aalg&cfff:13 [ra.tunnel] &c05fquad&cfff
(. niw): >&ce26 niw:&cfff &cff0139&cfff/119 &cf13rl&cfff:59 &c2aalg&cfff:13 [ra.tunnel] &c05fquad&cfff
(. zero): >000 0/100 &c2aarl&cfff:7 &c2aalg&cfff:0 [sng.ledge] 
(. niw): >&ce26 niw:&cfff &cff0139&cfff/119 &cf13rl&cfff:59 &c2aalg&cfff:13 [ra.tunnel] &c05fquad&cfff
(. zero): >000 0/100 &c2aarl&cfff:7 &c2aalg&cfff:0 [sng.ledge] 
(. niw): >&ce26 niw:&cfff &cff0139&cfff/119 &cf13rl&cfff:59 &c2aalg&cfff:13 [ra.tunnel] &c05fquad&cfff
(. zero): >000 0/100 &c2aarl&cfff:7 &c2aalg&cfff:12 [sng.tele] 
(. ParadokS): >&cfd2para:&cfff &ce00196&cfff/24 &cf13rl&cfff:6 [sng.mega] &c2aac&cfff:24 
(. ParadokS): >&cfd2para:&cfff &ce00196&cfff/24 &cf13rl&cfff:6 [sng.mega] &c2aac&cfff:24 
(. zero): >000 0/100 &c2aarl&cfff:7 &c2aalg&cfff:12 [sng.tele] 
(. zero): >000 0/100 &c2aarl&cfff:7 &c2aalg&cfff:12 [sng.tele] 
Quad Damage is wearing off
(. niw): >&ce26 niw:&cfff &cff0139&cfff/114 &cf13rl&cfff:59 &c2aalg&cfff:13 [ring] &c05fquad&cfff
(. niw): >&ce26 niw:&cfff &cff0139&cfff/114 &cf13rl&cfff:59 &c2aalg&cfff:13 [quad] &c05fquad&cfff
(. zero): >000 0/100 &c2aarl&cfff:7 &c2aalg&cfff:12 [ra.low] 
(. ParadokS): >&cfd2para:&cfff &ce00196&cfff/64 &cf13rl&cfff:16 [sng.lifts] &c2aac&cfff:24 
(. ParadokS): >&cfd2para:&cfff &ce00196&cfff/64 &cf13rl&cfff:16 [sng.lifts] &c2aac&cfff:24 
(. zero): >000 0/100 &c2aarl&cfff:7 &c2aalg&cfff:12 [ra] 
(. zero): >000 &cf00ra&cfff200/100 &c2aarl&cfff:7 &c2aalg&cfff:12 [ra] 
(. zero): >000 took &cf00ra&cfff [ra]
(. zero): >000 &cf00ra&cfff200/100 &c2aarl&cfff:7 &c2aalg&cfff:12 [ra] 
(. ParadokS): >&cfd2para:&cfff &cf2apack&cfff at [ra.low]
(. zero): >000 &cf00ra&cfff200/100 &c2aarl&cfff:7 &c2aalg&cfff:12 [ra.rox] 
[9] minutes remaining
Team []sr[] leads by 113 frags
(. Gamer): >&c900 gmr:&cfff 0/36 sg [water] &c2aac&cfff:3 
(. zero): >000 &cf00ra&cfff200/100 &c2aarl&cfff:7 &c2aalg&cfff:12 [ring] 
(. zero): >000 &cf00ra&cfff200/100 &c2aarl&cfff:7 &c2aalg&cfff:12 [ring] 
(. ParadokS): >&cfd2para:&cfff &ce00181&cfff/63 &cf13rl&cfff:14 [sng.lifts] &c2aac&cfff:24 
(. ParadokS): >&cfd2para:&cfff &ce00181&cfff/63 &cf13rl&cfff:14 [sng.lifts] &c2aac&cfff:24 
(. ParadokS): >&cfd2para:&cfff &cff0help&cfff &cff0[&cfffquad&cff0]&cfff
(. ParadokS): >&cfd2para:&cfff &cff0help&cfff &cff0[&cfffquad&cff0]&cfff
(. ParadokS): >&cfd2para:&cfff &cff0help&cfff &cff0[&cfffquad&cff0]&cfff
(. ParadokS): >&cfd2para:&cfff &cff0help&cfff &cff0[&cfffquad&cff0]&cfff
(. zero): >000 &cf00ra&cfff30/63 &c2aarl&cfff:71 &c2aalg&cfff:5 [ya.up] 
(. zero): >000 &cf00ra&cfff30/63 &c2aarl&cfff:71 &c2aalg&cfff:5 [ya] 
(. zero): >000 &cf00ra&cfff30/63 &c2aarl&cfff:71 &c2aalg&cfff:5 [ya] 
(. niw): >&ce26 niw:&cfff 0/93 sg [ya] &c2aac&cfff:3 
(. niw): >&ce26 niw:&cfff 0/93 sg [ya] &c2aac&cfff:3 
(. zero): >000 &cff0ya&cfff150/63 &c2aarl&cfff:71 &c2aalg&cfff:5 [window] 
(. zero): >000 &cff0ya&cfff150/63 &c2aarl&cfff:71 &c2aalg&cfff:5 [window] 
(. zero): >000 &cff0ya&cfff150/63 &c2aarl&cfff:71 &c2aalg&cfff:5 [window.quad] 
(. niw): >&ce26 niw:&cfff 0/73 sg [window] &c2aac&cfff:3 
(. niw): >&ce26 niw:&cfff 0/73 sg [window] &c2aac&cfff:3 
(. ParadokS): >&cfd2para:&cfff &cf00dropped&cfff &cf13rl&cfff &cf40[&cfffhill&cf40]&cfff 1
(. ParadokS): >&cfd2para:&cfff &cf00dropped&cfff &cf13rl&cfff &cf40[&cfffhill&cf40]&cfff 1
(. ParadokS): >&cfd2para:&cfff &cf00dropped&cfff &cf13rl&cfff &cf40[&cfffhill&cf40]&cfff 1
(. niw): >&ce26 niw:&cfff 0/51 &cf13rl&cfff:6 [ra.tunnel] &c2aac&cfff:27 
(. niw): >&ce26 niw:&cfff 0/51 &cf13rl&cfff:6 [ra.tunnel] &c2aac&cfff:27 
(. niw): >&ce26 niw:&cfff 0/51 &cf13rl&cfff:6 [ra.tunnel] &c2aac&cfff:27 
(. niw): >&ce26 niw:&cfff 0/51 &cf13rl&cfff:6 [ra.tunnel] &c2aac&cfff:27 
(. niw): >&ce26 niw:&cfff 0/51 &cf13rl&cfff:6 [ra.tunnel] &c2aac&cfff:27 
(. niw): >&ce26 niw:&cfff 0/51 &cf13rl&cfff:6 [ra.low] &c2aac&cfff:27 
(. niw): >&ce26 niw:&cfff 0/51 &cf13rl&cfff:6 [ra.low] &c2aac&cfff:27 
(. Gamer): >&c900 gmr:&cfff 0/100 sg [ya] 
(. niw): >&ce26 niw:&cfff 0/51 &cf13rl&cfff:6 [ra.low] &c2aac&cfff:27 
(. niw): >&ce26 niw:&cfff 0/51 &cf13rl&cfff:6 [ra.low] &c2aac&cfff:27 
(. zero): >000 &cff0ya&cfff115/57 &c2aarl&cfff:68 &c2aalg&cfff:5 [ya.entry] 
(. niw): >&ce26 niw:&cfff 0/39 &cf13rl&cfff:4 [ra] &c2aac&cfff:27 
(. Gamer): >&c900 gmr:&cfff took &cff0ya&cfff [ya.box]
(. niw): >&ce26 niw:&cfff &ce00200&cfff/39 &cf13rl&cfff:4 [ra] &c2aac&cfff:27 
(. zero): >000 &cff0ya&cfff115/82 &c2aarl&cfff:68 &c2aalg&cfff:5 [ya] 
(. ParadokS): >&cfd2para:&cfff 0/100 sg [ra.low] 
(. niw): >&ce26 niw:&cfff &ce00196&cfff/39 &cf13rl&cfff:9 [ra.rox] &c2aac&cfff:27 
(. ParadokS): >&cfd2para:&cfff &cf00lost&cfff &cf00[&cfffra.low&cf00]&cfff 2
(. Gamer): >&c900 gmr:&cfff &cff0150&cfff/100 sg [rl] 
(. ParadokS): >&cfd2para:&cfff &cf00lost&cfff &cf00[&cfffra.low&cf00]&cfff 2
(. zero): >000 &cff0ya&cfff115/82 &c2aarl&cfff:66 &c2aalg&cfff:5 [bridge.high] 
(. zero): >000 &cff0ya&cfff115/82 &c2aarl&cfff:66 &c2aalg&cfff:5 [window] 
(. zero): >000 &cff0ya&cfff115/82 &c2aarl&cfff:66 &c2aalg&cfff:5 [window] 
(. Gamer): >&c900 gmr:&cfff &cff079&cfff/59 sg [rl] &c2aac&cfff:6 
(. ParadokS): >&cfd2para:&cfff &c0a0mega&cfff at [hill]
(. Gamer): >&c900 gmr:&cfff took &cf13rl&cfff [rl]
(. Gamer): >&c900 gmr:&cfff &cff04&cfff/14 &cf13rl&cfff:5 [rl] &c2aac&cfff:6 
(. zero): >000 &cff0ya&cfff107/178 &c2aarl&cfff:67 &c2aalg&cfff:5 [bridge.stairs] 
(. niw): >&ce26 niw:&cfff &ce0030&cfff/61 &cf13rl&cfff:14 [sng.low] &c2aac&cfff:27 
(. niw): >&ce26 niw:&cfff &ce0030&cfff/61 &cf13rl&cfff:14 [sng.low] &c2aac&cfff:27 
(. niw): >&ce26 niw:&cfff &ce0010&cfff/57 &cf13rl&cfff:14 [sng.mega] &c2aac&cfff:27 
[8] minutes remaining
Team []sr[] leads by 124 frags
(. niw): >&ce26 niw:&cfff 0/23 &cf13rl&cfff:12 [sng] &c2aac&cfff:27 
(. niw): >&ce26 niw:&cfff 0/63 &cf13rl&cfff:12 [sng.lifts] &c2aac&cfff:27 
(. niw): >&ce26 niw:&cfff 0/63 &cf13rl&cfff:12 [sng.lifts] &c2aac&cfff:27 
(. niw): >&ce26 niw:&cfff 0/63 &cf13rl&cfff:12 [sng.lifts] &c2aac&cfff:27 
(. niw): >&ce26 niw:&cfff 0/63 &cf13rl&cfff:12 [sng.lifts] &c2aac&cfff:27 
(. niw): >&ce26 niw:&cfff 0/63 &cf13rl&cfff:12 [sng.lifts] &c2aac&cfff:27 
(. zero): >000 &cff0ya&cfff88/71 &c2aarl&cfff:60 &c2aalg&cfff:0 [window.quad] 
(. zero): >000 &cff0ya&cfff88/71 &c2aarl&cfff:60 &c2aalg&cfff:0 [window.quad] 
(. niw): >&ce26 niw:&cfff 0/63 &cf13rl&cfff:12 [sng.ledge] &c2aac&cfff:27 
(. ParadokS): >&cfd2para:&cfff 0/100 &cf13rl&cfff:9 [ya.box] &c2aac&cfff:6 
(. niw): >&ce26 niw:&cfff 0/63 &cf13rl&cfff:12 [sng.ledge] &c2aac&cfff:27 
(. ParadokS): >&cfd2para:&cfff 0/100 &cf13rl&cfff:9 [ya.box] &c2aac&cfff:6 
(. ParadokS): >&cfd2para:&cfff 0/100 &cf13rl&cfff:9 [ya.box] &c2aac&cfff:6 
(. zero): >000 &cff0ya&cfff88/71 &c2aarl&cfff:60 &c2aalg&cfff:0 [window.quad] 
(. zero): >000 &cff0ya&cfff88/71 &c2aarl&cfff:60 &c2aalg&cfff:0 [window.quad] 
(. niw): >&ce26 niw:&cfff 0/163 &cf13rl&cfff:12 [sng.mega] &c2aac&cfff:27 
(. ParadokS): >&cfd2para:&cfff &c0b0safe&cfff &c0b0[&cfffya.box&c0b0]&cfff &cf13rl&cfff
(. ParadokS): >&cfd2para:&cfff &c0b0safe&cfff &c0b0[&cfffya.box&c0b0]&cfff &cf13rl&cfff
(. niw): >&ce26 niw:&cfff 0/163 &cf13rl&cfff:12 [ring] &c2aac&cfff:27 
(. zero): >000 &cff0ya&cfff11/24 &c2aarl&cfff:62 &c2aalg&cfff:0 [window.quad] 
(. niw): >&ce26 niw:&cfff 0/163 &cf13rl&cfff:12 [ring] &c2aac&cfff:27 
(. ParadokS): >&cfd2para:&cfff &c0b0safe&cfff &c0b0[&cfffya.box&c0b0]&cfff &cf13rl&cfff
(. ParadokS): >&cfd2para:&cfff &c0b0safe&cfff &c0b0[&cfffya.box&c0b0]&cfff &cf13rl&cfff
(. niw): >&ce26 niw:&cfff &c0b0team&cfff &c05fquad&cfff [quad] need armor 
(. niw): >&ce26 niw:&cfff &c0b0team&cfff &c05fquad&cfff [quad] need armor 
(. zero): >000 &cff0ya&cfff8/22 &c2aarl&cfff:62 &c2aalg&cfff:0 [pent] 
(. niw): >&ce26 niw:&cfff &c0b0team&cfff &c05fquad&cfff [quad] need armor 
(. niw): >&ce26 niw:&cfff &c0b0team&cfff &c05fquad&cfff [quad] need armor 
(. niw): >&ce26 niw:&cfff &c0b0team&cfff &c05fquad&cfff [quad] need armor 
(. ParadokS): >&cfd2para:&cfff &c0b0safe&cfff &c0b0[&cfffya.box&c0b0]&cfff &cf13rl&cfff
(. ParadokS): >&cfd2para:&cfff &c0b0safe&cfff &c0b0[&cfffya.box&c0b0]&cfff &cf13rl&cfff
(. ParadokS): >&cfd2para:&cfff took &cff0ya&cfff [ya.box]
(. zero): >000 &cff0ya&cfff8/122 &c2aarl&cfff:62 &c2aalg&cfff:0 [lifts] 
(. zero): >000 &cff0ya&cfff8/122 &c2aarl&cfff:62 &c2aalg&cfff:0 [lifts] 
[07:37] remaining
Team []sr[] = 200
Team [-s-] = 71
(. zero): >000 &cff0ya&cfff8/122 &c2aarl&cfff:62 &c2aalg&cfff:0 [lifts] 
(. zero): >000 &cff0ya&cfff8/121 &c2aarl&cfff:62 &c2aalg&cfff:0 [lifts] 
. ParadokS: !!|
(. niw): >      &cf2aenemy going [&cfffra.tunnel&cf2a]&cfff
(. niw): >      &cf2aenemy going [&cfffra.tunnel&cf2a]&cfff
(. niw): >      &cf2aenemy going [&cfffra.tunnel&cf2a]&cfff
(. niw): >      &cf2aenemy going [&cfffra.tunnel&cf2a]&cfff
(. niw): >&ce26 niw:&cfff 0/100 sg [ra.low] 
(. zero): >000 0/100 &c2aarl&cfff:49 &c2aalg&cfff:12 [sng.ledge] 
(. niw): >&ce26 niw:&cfff 0/100 sg [ra] 
(. niw): >&ce26 niw:&cfff 0/100 sg [ra] 
(. zero): >000 0/100 &c2aarl&cfff:49 &c2aalg&cfff:12 [sng.mega] 
(. ParadokS): >&cfd2para:&cfff &cff099&cfff/47 ssg [water.tunnel] &cf13r&cfff:6 &c2aac&cfff:27 
(. ParadokS): >&cfd2para:&cfff &cff099&cfff/47 ssg [water.tunnel] &cf13r&cfff:6 &c2aac&cfff:27 
(. niw): >&ce26 niw:&cfff 0/100 sg [ra] 
(. niw): >&ce26 niw:&cfff 0/100 sg [ra] 
(. zero): >000 0/100 &c2aarl&cfff:49 &c2aalg&cfff:12 [sng.tele] 
(. zero): >000 0/36 &c2aarl&cfff:45 &c2aalg&cfff:12 [ra] 
(. ParadokS): >&cfd2para:&cfff took &c0a0mega&cfff [pent]
(. ParadokS): >&cfd2para:&cfff took &c0a0mega&cfff [pent]
(. ParadokS): >&cfd2para:&cfff &cff099&cfff/147 ssg [water.tunnel] &cf13r&cfff:6 &c2aac&cfff:27 
(. ParadokS): >&cfd2para:&cfff &cff099&cfff/147 ssg [water.tunnel] &cf13r&cfff:6 &c2aac&cfff:27 
(. ParadokS): >&cfd2para:&cfff &cff099&cfff/147 ssg [water.tunnel] &cf13r&cfff:6 &c2aac&cfff:27 
(. niw): >&ce26 niw:&cfff &ce00200&cfff/100 sg [ra] 
(. niw): >&ce26 niw:&cfff &ce00200&cfff/100 sg [ra] 
(. niw): >&ce26 niw:&cfff &ce00200&cfff/100 sg [ra] 
[7] minutes remaining
Team []sr[] leads by 127 frags
no weapon
(carapace): >&c693car:&cfff coming [bridge-high] need armor health &cf31rox&cfff
(ganon): >&c479gan:&cfff &cff0ya&cfff at [ya-box]
(carapace): >&c693car:&cfff took &cff0ya&cfff [ya-box]
(bps): >&cc93bps:&cfff 0/100 [rl] 
(. Gamer): >&c900 gmr:&cfff 0/171 sg [bridge.stairs] 
(carapace): >&c693car:&cfff &c991y&cfff138/36 &cf31rl&cfff&cf31:3&cfff [quad] &c05fquad&cfff
(carapace): >&c693car:&cfff coming [quad] need health &cf31rox&cfff
(rst): >&c777rst:&cfff &c0b0safe&cfff [sng-ledge]
(rst): >&c777rst:&cfff &c0b0safe&cfff [sng-ledge]
(rst): >&c777rst:&cfff &c0b0safe&cfff [sng-ledge]
(bps): >&cc93bps:&cfff 0/100 [lifts] 
(carapace): >&c693car:&cfff &c991y&cfff2/9 &cf31rl&cfff&cf31:12&cfff [ra-rox] &c05fquad&cfff
(bps): >&cc93bps:&cfff &cf00enemy&cfff &c05fquad&cfff
(carapace): >&c693car:&cfff &cf00dropped&cfff &cf31rl&cfff [sng-tele] 1
(carapace): >&c693car:&cfff &cf00dropped&cfff &cf31rl&cfff [sng-tele] 1
(carapace): >&c693car:&cfff &cf00dropped&cfff &cf31rl&cfff [sng-tele] 1
(carapace): >&c693car:&cfff &cf00dropped&cfff &cf31rl&cfff [sng-tele] 1
(. niw): >&ce26 niw:&cfff &cff0127&cfff/98 &cf13rl&cfff:27 [ya] &c2aac&cfff:12 
(. Gamer): >&c900 gmr:&cfff coming [bridge.high]
(. Gamer): >&c900 gmr:&cfff 0/42 &cf13rl&cfff:2 [ya.entry] 
(. zero): >000 0/31 &c2aarl&cfff:28 [sng.low] 
(. zero): >000 0/31 &c2aarl&cfff:28 [sng.low] 
(. zero): >000 0/31 &c2aarl&cfff:28 [sng.low] 
(. Gamer): >&c900 gmr:&cfff 0/42 &cf13rl&cfff:7 [ya] 
(. niw): >&ce26 niw:&cfff &cff0127&cfff/98 &cf13rl&cfff:26 [ya] &c2aac&cfff:12 
(. niw): >&ce26 niw:&cfff &cff0127&cfff/98 &cf13rl&cfff:26 [ya] &c2aac&cfff:12 
(. ParadokS): >&cfd2para:&cfff &cf00lost&cfff &cf00[&cfffwater.lg&cf00]&cfff 1
(. Gamer): >&c900 gmr:&cfff &cff0150&cfff/42 &cf13rl&cfff:7 [ya.box] 
(. Gamer): >&c900 gmr:&cfff took &cff0ya&cfff [ya.box]
(. niw): >&ce26 niw:&cfff &cff0127&cfff/98 &cf13rl&cfff:24 [window] &c2aac&cfff:12 
(. zero): >000 0/71 &c2aarl&cfff:27 [sng] 
(. ParadokS): >&cfd2para:&cfff 0/40 sg [water] 
(. ParadokS): >&cfd2para:&cfff 0/40 sg [water] 
[6] minutes remaining
Team []sr[] leads by 137 frags
(. Gamer): >&c900 gmr:&cfff &cff0150&cfff/67 &cf13rl&cfff:5 [ya.entry] 
(. zero): >000 0/171 &c2aarl&cfff:27 [sng.mega] 
(. zero): >000 0/171 &c2aarl&cfff:27 [sng.mega] 
(. zero): >000 0/171 &c2aarl&cfff:27 [sng.tele] 
(. zero): >000 0/171 &c2aarl&cfff:27 [sng.tele] 
(. Gamer): >&c900 gmr:&cfff &cff081&cfff/36 &cf13rl&cfff:20 &c2aalg&cfff:28 [ya.up] 
(. Gamer): >&c900 gmr:&cfff &cff041&cfff/10 &cf13rl&cfff:20 &c2aalg&cfff:28 [ya.quad] 
(. niw): >&ce26 niw:&cfff &cff096&cfff/81 &cf13rl&cfff:8 [quad] &c2aac&cfff:12 
(. niw): >&ce26 niw:&cfff &cff096&cfff/81 &cf13rl&cfff:8 [quad] &c2aac&cfff:12 
(. zero): >000 0/166 &c2aarl&cfff:24 [ra.low] 
(. ParadokS): >&cfd2para:&cfff &cf00lost&cfff &cf00[&cfffrl&cf00]&cfff 4
(. ParadokS): >&cfd2para:&cfff &cf00lost&cfff &cf00[&cfffrl&cf00]&cfff 4
(. niw): >&ce26 niw:&cfff &c0b0team&cfff &c05fquad&cfff
(. ParadokS): >&cfd2para:&cfff took &c0a0mega&cfff [hill]
(. niw): >&ce26 niw:&cfff &c0b0team&cfff &c05fquad&cfff
(. ParadokS): >&cfd2para:&cfff took &c0a0mega&cfff [hill]
(. zero): >000 took &cf00ra&cfff [ra]
(. zero): >000 &cf00ra&cfff200/124 &c2aarl&cfff:23 [ra] 
(. zero): >000 &cf00ra&cfff200/124 &c2aarl&cfff:23 [ra.low] 
(. zero): >000 &cf00ra&cfff200/124 &c2aarl&cfff:23 [ra.low] 
(. Gamer): >&c900 gmr:&cfff &cff036&cfff/7 &cf13rl&cfff:18 &c2aalg&cfff:28 [hill] 
(. zero): >000 &c0b0SAFE&cfff [ra.low] &c2aarl&cfff:23
(. zero): >000 &c0b0SAFE&cfff [ra.low] &c2aarl&cfff:23
(. zero): >000 &cf00ra&cfff200/123 &c2aarl&cfff:23 [ra.low] 
(. zero): >000 &cf00ra&cfff200/123 &c2aarl&cfff:23 [ra] 
(. Gamer): >&c900 gmr:&cfff coming [ra.tunnel]
(. Gamer): >&c900 gmr:&cfff coming [ra.tunnel]
(. Gamer): >&c900 gmr:&cfff &cff036&cfff/7 &cf13rl&cfff:18 &c2aalg&cfff:28 [ra.tunnel] 
(. niw): >&ce26 niw:&cfff &cff096&cfff/81 &cf13rl&cfff:7 [quad] &c2aac&cfff:12 &c05fquad&cfff
(. niw): >&ce26 niw:&cfff &cff096&cfff/81 &cf13rl&cfff:12 [ring] &c2aac&cfff:12 &c05fquad&cfff
(. zero): >000 &cf00ra&cfff200/120 &c2aarl&cfff:23 [ra] 
(. niw): >&ce26 niw:&cfff &cff096&cfff/81 &cf13rl&cfff:12 [ring] &c2aac&cfff:12 &c05fquad&cfff
(. zero): >000 &cf00ra&cfff200/120 &c2aarl&cfff:23 [ra] 
(. zero): >000 &c0b0SAFE&cfff [ra] &c2aarl&cfff:23
(. zero): >000 &c0b0SAFE&cfff [ra] &c2aarl&cfff:23
(. zero): >000 &cf00ra&cfff200/118 &c2aarl&cfff:23 [ra] 
(. ParadokS): >&cfd2para:&cfff &cf00lost&cfff &cf00[&cfffwater.lg&cf00]&cfff 1
(. ParadokS): >&cfd2para:&cfff &cf00lost&cfff &cf00[&cfffwater.lg&cf00]&cfff 1
(. Gamer): >&c900 gmr:&cfff &cff036&cfff/32 &cf13rl&cfff:18 &c2aalg&cfff:28 [sng.low] 
(. zero): >000 &cf00ra&cfff200/114 &c2aarl&cfff:23 [ra.entry] 
(. zero): >000 &cf00ra&cfff200/111 &c2aarl&cfff:23 [ring] 
(. Gamer): >&c900 gmr:&cfff coming [sng.tele]
(. niw): >&ce26 niw:&cfff &cff034&cfff/47 &cf13rl&cfff:4 [ring] &c2aac&cfff:12 &c05fquad&cfff
(. niw): >&ce26 niw:&cfff &cff034&cfff/47 &cf13rl&cfff:4 [ring] &c2aac&cfff:12 &c05fquad&cfff
(. niw): >&ce26 niw:&cfff &cff034&cfff/47 &cf13rl&cfff:4 [ring] &c2aac&cfff:12 &c05fquad&cfff
(. zero): >000 &cf00ra&cfff200/104 &c2aarl&cfff:21 [ring] 
(. niw): >&ce26 niw:&cfff &cff034&cfff/47 &cf13rl&cfff:3 [ra.entry] &c2aac&cfff:12 &c05fquad&cfff
(. niw): >&ce26 niw:&cfff &cff034&cfff/47 &cf13rl&cfff:3 [ra.entry] &c2aac&cfff:12 &c05fquad&cfff
Quad Damage is wearing off
(. Gamer): >&c900 gmr:&cfff 0/100 &cf13rl&cfff:12 [ra.low] &c2aac&cfff:22 
(. niw): >&ce26 niw:&cfff &cff034&cfff/47 &cf13rl&cfff:3 [ra.low] &c2aac&cfff:12 &c05fquad&cfff
(. niw): >&ce26 niw:&cfff &cff034&cfff/47 &cf13rl&cfff:3 [ra.low] &c2aac&cfff:12 &c05fquad&cfff
(. niw): >&ce26 niw:&cfff &cff034&cfff/47 &cf13rl&cfff:3 [ra] &c2aac&cfff:12 
(. niw): >&ce26 niw:&cfff &cff034&cfff/47 &cf13rl&cfff:3 [ra] &c2aac&cfff:12 
(. Gamer): >&c900 gmr:&cfff 0/100 &cf13rl&cfff:9 [ra.entry] &c2aac&cfff:22 
(. niw): >&ce26 niw:&cfff &ce00200&cfff/47 &cf13rl&cfff:3 [ra] &c2aac&cfff:12 
(. Gamer): >&c900 gmr:&cfff 0/100 &cf13rl&cfff:14 [ring] &c2aac&cfff:22 
(. Gamer): >&c900 gmr:&cfff 0/100 &cf13rl&cfff:14 [ring] &c2aac&cfff:22 
(. zero): >000 &cf00ra&cfff3/81 &c2aarl&cfff:17 [window] 
(. zero): >000 &cf00ra&cfff3/81 &c2aarl&cfff:17 [window] 
(. ParadokS): >&cfd2para:&cfff &cf00lost&cfff &cf00[&cfffwater.tunnel&cf00]&cfff 1
(. ParadokS): >&cfd2para:&cfff &cf00lost&cfff &cf00[&cfffwater.tunnel&cf00]&cfff 1
(. Gamer): >&c900 gmr:&cfff 0/100 &cf13rl&cfff:14 [window] &c2aac&cfff:22 
[5] minutes remaining
Team []sr[] leads by 144 frags
(. zero): >000 &cf00ra&cfff3/81 &c2aarl&cfff:9 [window] 
(. zero): >000 &cf00ra&cfff3/81 &c2aarl&cfff:9 [window] 
(. zero): >000 &cf00ra&cfff3/81 &c2aarl&cfff:9 [window] 
(. zero): >000 0/7 &c2aarl&cfff:8 [ra.tunnel] 
(. Gamer): >&c900 gmr:&cfff took &c0a0mega&cfff [pent]
(. ParadokS): >&cfd2para:&cfff &cf00lost&cfff &cf00[&cfffya&cf00]&cfff 2
(. ParadokS): >&cfd2para:&cfff &cf00lost&cfff &cf00[&cfffya&cf00]&cfff 2
(. zero): >000 &cf00LOST&cfff [ra.low] 1
(. zero): >000 &cf00LOST&cfff [ra.low] 1
(. zero): >000 &cf00LOST&cfff [ra.low] 1
(. zero): >000 &cf00LOST&cfff [ra.low] 1
(. Gamer): >&c900 gmr:&cfff 0/194 &cf13rl&cfff:12 [lifts] &c2aac&cfff:22 
(. Gamer): >&c900 gmr:&cfff coming [lifts]
(. ParadokS): >&cfd2para:&cfff 0/100 sg [quad] 
(. ParadokS): >&cfd2para:&cfff 0/100 sg [quad] 
(. niw): >&ce26 niw:&cfff 0/71 &cf13rl&cfff:2 [ring] &c2aac&cfff:12 &cf00pent&cfff
(. niw): >&ce26 niw:&cfff 0/71 &cf13rl&cfff:2 [ring] &c2aac&cfff:12 &cf00pent&cfff
(. zero): >000 0/100 sg:24 [sng.lifts] 
(. zero): >000 0/100 sg:24 [sng.lifts] 
(. Gamer): >&c900 gmr:&cfff &c0b0safe&cfff &c0b0[&cfffra.low&c0b0]&cfff &cf13rl&cfff
(. niw): >&ce26 niw:&cfff 0/171 &cf13rl&cfff:7 [hill] &c2aac&cfff:12 &c05fquad&cfff/&cf00pent&cfff
(. ParadokS): >&cfd2para:&cfff &cf00lost&cfff &cf00[&cfffwater.lg&cf00]&cfff 1
(. niw): >&ce26 niw:&cfff 0/171 &cf13rl&cfff:7 [ra.tunnel] &c2aac&cfff:12 &c05fquad&cfff/&cf00pent&cfff
(. niw): >&ce26 niw:&cfff 0/171 &cf13rl&cfff:7 [ra.tunnel] &c2aac&cfff:12 &c05fquad&cfff/&cf00pent&cfff
(. Gamer): >&c900 gmr:&cfff &c0b0safe&cfff &c0b0[&cfffra&c0b0]&cfff &cf13rl&cfff
(. niw): >&ce26 niw:&cfff 0/171 &cf13rl&cfff:7 [ra.tunnel] &c2aac&cfff:12 &c05fquad&cfff/&cf00pent&cfff
(. niw): >&ce26 niw:&cfff 0/171 &cf13rl&cfff:7 [ra.tunnel] &c2aac&cfff:12 &c05fquad&cfff/&cf00pent&cfff
(. zero): >000 0/100 sg:24 [water.tunnel] 
(. zero): >000 0/100 sg:24 [water.tunnel] 
(. ParadokS): >&cfd2para:&cfff 0/100 sg [ring] 
(. Gamer): >&c900 gmr:&cfff 0/167 &cf13rl&cfff:12 [ra] &c2aac&cfff:22 
(. zero): >000 &cf00LOST&cfff [water] 1
(. zero): >000 &cf00LOST&cfff [water] 1
Protection is almost burned out
(. zero): >000 &cf00LOST&cfff [water] 1
(. Gamer): >&c900 gmr:&cfff took &cf00ra&cfff [ra]
(. niw): >&ce26 niw:&cfff 0/250 &cf13rl&cfff:15 [sng.mega] &c2aac&cfff:84 &c05fquad&cfff
(. Gamer): >&c900 gmr:&cfff &c0b0safe&cfff &c0b0[&cfffra&c0b0]&cfff &ce00200&cfff / &cf13rl&cfff
(. niw): >&ce26 niw:&cfff 0/249 &cf13rl&cfff:15 [sng.tele] &c2aac&cfff:84 &c05fquad&cfff
(. niw): >&ce26 niw:&cfff 0/249 &cf13rl&cfff:15 [sng.tele] &c2aac&cfff:84 &c05fquad&cfff
(. Gamer): >&c900 gmr:&cfff &ce00200&cfff/156 &cf13rl&cfff:12 [ra] &c2aac&cfff:22 
(. ParadokS): >&cfd2para:&cfff 0/96 sg [rl] 
(. Gamer): >&c900 gmr:&cfff &c0b0safe&cfff &c0b0[&cfffra.low&c0b0]&cfff &ce00153&cfff / &cf13rl&cfff
Quad Damage is wearing off
(. zero): >000 0/96 sg:100 [bridge.low] 
(. zero): >000 0/96 sg:100 [bridge.stairs] 
(. zero): >000 0/96 sg:100 [bridge.stairs] 
(. niw): >&ce26 niw:&cfff 0/175 &cf13rl&cfff:12 [ra] &c2aac&cfff:84 
(. niw): >&ce26 niw:&cfff 0/174 &cf13rl&cfff:12 [ra] &c2aac&cfff:84 
(. zero): >000 0/100 sg:100 [window] 
(. zero): >000 0/100 &c2aalg&cfff:45 [water.lg] 
(. zero): >000 0/100 &c2aalg&cfff:45 [water.lg] 
(. ParadokS): >&cfd2para:&cfff took &cf13rl&cfff [rl]
(. ParadokS): >&cfd2para:&cfff took &cf13rl&cfff [rl]
(. ParadokS): >&cfd2para:&cfff took &cf13rl&cfff [rl]
[4] minutes remaining
Team []sr[] leads by 150 frags
(. zero): >000 0/100 &c2aalg&cfff:33 [bridge.low] 
(. zero): >000 took &cff0ya&cfff [ya.box]
(. zero): >000 &cff0ya&cfff150/100 &c2aalg&cfff:33 [window] 
(. zero): >000 &cff0ya&cfff150/100 &c2aalg&cfff:33 [window] 
(. ParadokS): >&cfd2para:&cfff &c0b0safe&cfff &c0b0[&cfffra&c0b0]&cfff sg
(. zero): >000 &cff0ya&cfff150/100 &c2aalg&cfff:33 [window] 
(. zero): >000 &cff0ya&cfff150/100 &c2aalg&cfff:33 [window] 
(. niw): >&ce26 niw:&cfff 0/82 &cf13rl&cfff:12 [lifts.below] &c2aac&cfff:100 
(. niw): >&ce26 niw:&cfff 0/82 &cf13rl&cfff:12 [lifts.below] &c2aac&cfff:100 
(. niw): >&ce26 niw:&cfff 0/82 &cf13rl&cfff:12 [lifts.below] &c2aac&cfff:100 
(. niw): >&ce26 niw:&cfff 0/82 &cf13rl&cfff:12 [lifts.below] &c2aac&cfff:100 
(. zero): >000 &cff0ya&cfff150/100 &c2aalg&cfff:33 [window] 
(. zero): >000 &cff0ya&cfff150/100 &c2aalg&cfff:33 [window] 
(. niw): >&ce26 niw:&cfff 0/82 &cf13rl&cfff:12 [sng.mega] &c2aac&cfff:100 
(. niw): >&ce26 niw:&cfff 0/82 &cf13rl&cfff:12 [sng.mega] &c2aac&cfff:100 
(. niw): >&ce26 niw:&cfff 0/82 &cf13rl&cfff:12 [sng.mega] &c2aac&cfff:100 
(. niw): >&ce26 niw:&cfff 0/82 &cf13rl&cfff:12 [sng.mega] &c2aac&cfff:100 
(. niw): >&ce26 niw:&cfff 0/82 &cf13rl&cfff:12 [sng.mega] &c2aac&cfff:100 
(. niw): >&ce26 niw:&cfff 0/82 &cf13rl&cfff:12 [sng.mega] &c2aac&cfff:100 
(. niw): >&ce26 niw:&cfff 0/82 &cf13rl&cfff:12 [sng.mega] &c2aac&cfff:100 
(. niw): >&ce26 niw:&cfff 0/82 &cf13rl&cfff:12 [sng.mega] &c2aac&cfff:100 
(. niw): >&ce26 niw:&cfff 0/82 &cf13rl&cfff:12 [sng.mega] &c2aac&cfff:100 
(. niw): >&ce26 niw:&cfff 0/82 &cf13rl&cfff:12 [sng.mega] &c2aac&cfff:100 
(. ParadokS): >&cfd2para:&cfff &cf00lost&cfff &cf00[&cfffwater&cf00]&cfff 1
(. niw): >&ce26 niw:&cfff 0/182 &cf13rl&cfff:12 [sng.tele] &c2aac&cfff:100 
(. niw): >&ce26 niw:&cfff 0/182 &cf13rl&cfff:12 [sng.tele] &c2aac&cfff:100 
(. zero): >000 &cff0ya&cfff47/36 &c2aarl&cfff:1 &c2aalg&cfff:42 [ra] &c05fquad&cfff
(. zero): >000 &cff0ya&cfff47/36 &c2aarl&cfff:1 &c2aalg&cfff:42 [ra] &c05fquad&cfff
(. zero): >000 &cff0ya&cfff47/36 &c2aarl&cfff:1 &c2aalg&cfff:42 [ra] &c05fquad&cfff
[03:30] remaining
Team []sr[] = 253
Team [-s-] = 93
(. niw): >&ce26 niw:&cfff 0/182 &cf13rl&cfff:12 [ra.entry] &c2aac&cfff:100 
(. niw): >&ce26 niw:&cfff 0/182 &cf13rl&cfff:12 [ra.entry] &c2aac&cfff:100 
(. ParadokS): >&cfd2para:&cfff &cf00lost&cfff &cf00[&cfffhill&cf00]&cfff 2
(. ParadokS): >&cfd2para:&cfff &cf00lost&cfff &cf00[&cfffhill&cf00]&cfff 2
(. niw): >&ce26 niw:&cfff 0/180 &cf13rl&cfff:12 [ra] &c2aac&cfff:100 
(. niw): >&ce26 niw:&cfff 0/180 &cf13rl&cfff:12 [ra] &c2aac&cfff:100 
(. niw): >&ce26 niw:&cfff 0/178 &cf13rl&cfff:12 [ra] &c2aac&cfff:100 
(. niw): >&ce26 niw:&cfff 0/178 &cf13rl&cfff:12 [ra] &c2aac&cfff:100 
(. niw): >&ce26 niw:&cfff &c0b0safe&cfff &c0b0[&cfffra&c0b0]&cfff &cf13rl&cfff
(. niw): >&ce26 niw:&cfff &c0b0safe&cfff &c0b0[&cfffra&c0b0]&cfff &cf13rl&cfff
(. ParadokS): >&cfd2para:&cfff 0/100 sg [ring] 
Quad Damage is wearing off
[03:10] remaining
Team []sr[] = 256
Team [-s-] = 98
(. niw): >&ce26 niw:&cfff &ce00200&cfff/160 &cf13rl&cfff:12 [ra] &c2aac&cfff:100 
(. zero): >000 &cf00ra&cfff23/62 &c2aarl&cfff:3 &c2aalg&cfff:36 [sng.lifts] 
(. ParadokS): >&cfd2para:&cfff coming [ra.tunnel]
(. ParadokS): >&cfd2para:&cfff coming [ra.tunnel]
[03:04] remaining
Team []sr[] = 256
Team [-s-] = 98
(. zero): >000 &cf00ra&cfff23/62 &c2aarl&cfff:13 &c2aalg&cfff:36 [sng] 
(. zero): >000 &cf00ra&cfff23/62 &c2aarl&cfff:13 &c2aalg&cfff:36 [sng.mega] 
(. zero): >000 &cf00ra&cfff23/62 &c2aarl&cfff:13 &c2aalg&cfff:36 [sng.mega] 
[3] minutes remaining
Team []sr[] leads by 158 frags
(. zero): >000 &cf00ra&cfff23/62 &c2aarl&cfff:13 &c2aalg&cfff:36 [sng.tele] 
(. niw): >&ce26 niw:&cfff &ce00200&cfff/150 &cf13rl&cfff:15 [ra.entry] &c2aac&cfff:100 
(. niw): >&ce26 niw:&cfff &ce00200&cfff/150 &cf13rl&cfff:15 [ra.low] &c2aac&cfff:100 
(. zero): >000 &cf00ra&cfff23/62 &c2aarl&cfff:13 &c2aalg&cfff:36 [ring] 
(. zero): >000 &cf00ra&cfff23/62 &c2aarl&cfff:13 &c2aalg&cfff:36 [ring] 
(. ParadokS): >&cfd2para:&cfff 0/100 sg [sng.ledge] &cf13r&cfff:5 &c2aac&cfff:12 
(. ParadokS): >&cfd2para:&cfff 0/100 sg [sng.ledge] &cf13r&cfff:5 &c2aac&cfff:12 
[02:55] remaining
Team []sr[] = 257
Team [-s-] = 99
(. ParadokS): >&cfd2para:&cfff 0/100 sg [sng] &cf13r&cfff:5 &c2aac&cfff:12 
(. niw): >&ce26 niw:&cfff &ce00200&cfff/147 &cf13rl&cfff:15 [ring] &c2aac&cfff:100 
[02:53] remaining
Team []sr[] = 258
Team [-s-] = 99
(. niw): >&ce26 niw:&cfff &ce00200&cfff/145 &cf13rl&cfff:15 [quad] &c2aac&cfff:100 
(. zero): >000 &cf00ra&cfff23/62 &c2aarl&cfff:13 &c2aalg&cfff:36 [ra] 
(. zero): >000 &cf00ra&cfff23/62 &c2aarl&cfff:13 &c2aalg&cfff:36 [ra] 
(. niw): >&ce26 niw:&cfff &ce00102&cfff/116 &cf13rl&cfff:13 [window] &c2aac&cfff:100 
(. zero): >000 took &cf00ra&cfff [ra]
(. zero): >000 took &cf00ra&cfff [ra]
[02:46] remaining
Team []sr[] = 258
Team [-s-] = 99
(bps): >&cc93bps:&cfff &c991y&cfff137/77 &cf31rl&cfff&cf31:17&cfff [ya-up] 
(. niw): >&ce26 niw:&cfff &c0b0team&cfff &c05fquad&cfff [quad] need armor 
(. ParadokS): >&cfd2para:&cfff 0/1 sg [pent] &cf13r&cfff:5 &c2aac&cfff:12 
(. zero): >000 &cf00ra&cfff200/62 &c2aarl&cfff:11 &c2aalg&cfff:36 [quad] 
(. zero): >000 &cf00ra&cfff184/58 &c2aarl&cfff:11 &c2aalg&cfff:36 [quad] 
(. zero): >000 &cf00ra&cfff184/58 &c2aarl&cfff:11 &c2aalg&cfff:36 [quad] 
(. niw): >&ce26 niw:&cfff 0/23 &cf13rl&cfff:9 [window.quad] &c2aac&cfff:100 &c05fquad&cfff
(. niw): >&ce26 niw:&cfff 0/23 &cf13rl&cfff:9 [window] &c2aac&cfff:100 &c05fquad&cfff
(. zero): >000 &cf00ra&cfff184/58 &c2aarl&cfff:11 &c2aalg&cfff:36 [quad] 
(. zero): >000 &cf00ra&cfff184/58 &c2aarl&cfff:11 &c2aalg&cfff:36 [quad] 
(. zero): >000 &cf00ra&cfff177/57 &c2aarl&cfff:11 &c2aalg&cfff:36 [quad] 
(. zero): >000 &cf00ra&cfff177/57 &c2aarl&cfff:11 &c2aalg&cfff:36 [quad] 
(. niw): >&ce26 niw:&cfff 0/18 &cf13rl&cfff:7 [pent] &c2aac&cfff:100 &c05fquad&cfff
(. niw): >&ce26 niw:&cfff 0/18 &cf13rl&cfff:7 [pent] &c2aac&cfff:100 &c05fquad&cfff
(. niw): >&ce26 niw:&cfff 0/18 &cf13rl&cfff:7 [pent] &c2aac&cfff:100 &c05fquad&cfff
(. niw): >&ce26 niw:&cfff 0/18 &cf13rl&cfff:7 [pent] &c2aac&cfff:100 &c05fquad&cfff
(. ParadokS): >&cfd2para:&cfff &cf00lost&cfff &cf00[&cfffsng&cf00]&cfff 1
(. ParadokS): >&cfd2para:&cfff &cf00lost&cfff &cf00[&cfffsng&cf00]&cfff 1
(. Gamer): >&c900 gmr:&cfff 0/56 sg [bridge.stairs] &cf13r&cfff:3 
(. ParadokS): >&cfd2para:&cfff &cf00lost&cfff &cf00[&cfffsng&cf00]&cfff 1
(. Gamer): >&c900 gmr:&cfff took &c2aalg&cfff [water.lg]
(. Gamer): >&c900 gmr:&cfff 0/56 &c2aalg&cfff:15 [water.lg] &cf13r&cfff:3 
(. ParadokS): >&cfd2para:&cfff took &cff0ya&cfff [ya.box]
(. ParadokS): >&cfd2para:&cfff took &cff0ya&cfff [ya.box]
(. niw): >&ce26 niw:&cfff 0/113 &cf13rl&cfff:5 [pent] &c2aac&cfff:100 &c05fquad&cfff
(. ParadokS): >&cfd2para:&cfff took &cff0ya&cfff [ya.box]
(. niw): >&ce26 niw:&cfff 0/113 &cf13rl&cfff:5 [pent] &c2aac&cfff:100 &c05fquad&cfff
(. zero): >000 &cf00ra&cfff13/25 &c2aarl&cfff:27 &c2aalg&cfff:15 [ya.up] 
(. zero): >000 &cf00ra&cfff13/25 &c2aarl&cfff:27 &c2aalg&cfff:15 [ya] 
(. niw): >&ce26 niw:&cfff 0/113 &cf13rl&cfff:5 [pent] &c2aac&cfff:100 &c05fquad&cfff
(. niw): >&ce26 niw:&cfff 0/113 &cf13rl&cfff:5 [pent] &c2aac&cfff:100 &c05fquad&cfff
(. niw): >&ce26 niw:&cfff 0/113 &cf13rl&cfff:5 [pent] &c2aac&cfff:100 &c05fquad&cfff
(. niw): >&ce26 niw:&cfff coming [lifts]
(. niw): >&ce26 niw:&cfff coming [lifts]
(. Gamer): >&c900 gmr:&cfff 0/52 &c2aalg&cfff:15 [pent] &cf13r&cfff:3 
(. ParadokS): >&cfd2para:&cfff &cff0150&cfff/100 ssg [rl] 
(. ParadokS): >&cfd2para:&cfff &cff0150&cfff/100 ssg [rl] 
(. ParadokS): >&cfd2para:&cfff &cff0150&cfff/100 ssg [rl] 
(. Gamer): >&c900 gmr:&cfff 0/40 &c2aalg&cfff:15 [pent] &cf13r&cfff:3 
(. niw): >&ce26 niw:&cfff 0/111 &cf13rl&cfff:5 [lifts] &c2aac&cfff:100 &c05fquad&cfff
(. niw): >&ce26 niw:&cfff 0/111 &cf13rl&cfff:5 [lifts] &c2aac&cfff:100 &c05fquad&cfff
Quad Damage is wearing off
(. Gamer): >&c900 gmr:&cfff coming [lifts]
(. Gamer): >&c900 gmr:&cfff 0/40 &c2aalg&cfff:15 [lifts] &cf13r&cfff:3 
(. zero): >000 0/30 &c2aarl&cfff:32 &c2aalg&cfff:1 [ya.box] 
(. zero): >000 0/30 &c2aarl&cfff:32 &c2aalg&cfff:1 [ya.box] 
(. ParadokS): >&cfd2para:&cfff &cff064&cfff/50 ssg [rl] &cf13r&cfff:10 &c2aac&cfff:11 
(. ParadokS): >&cfd2para:&cfff &cff064&cfff/50 ssg [rl] &cf13r&cfff:10 &c2aac&cfff:11 
(. ParadokS): >&cfd2para:&cfff &cff064&cfff/50 ssg [rl] &cf13r&cfff:10 &c2aac&cfff:11 
(. zero): >000 0/9 &c2aarl&cfff:30 &c2aalg&cfff:1 [ya.box] 
(. zero): >000 0/9 &c2aarl&cfff:30 &c2aalg&cfff:1 [ya.box] 
(. Gamer): >&c900 gmr:&cfff 0/80 &c2aalg&cfff:15 [sng.low] &cf13r&cfff:3 
(. zero): >000 &cf00LOST&cfff [ya.box] 1
(. zero): >000 &cf00LOST&cfff [ya.box] 1
(. niw): >&ce26 niw:&cfff 0/100 &cf13rl&cfff:15 [sng.mega] &c2aac&cfff:100 
(. zero): >000 &cf00LOST&cfff [ya.box] 1
(. niw): >&ce26 niw:&cfff 0/100 &cf13rl&cfff:15 [sng.mega] &c2aac&cfff:100 
(. Gamer): >&c900 gmr:&cfff 0/100 &c2aalg&cfff:15 [sng.tele] &cf13r&cfff:3 
[2] minutes remaining
Team []sr[] leads by 169 frags
(. ParadokS): >&cfd2para:&cfff 0/-1 &cf13rl&cfff:24 [hill] &c2aac&cfff:23 
(. ParadokS): >&cfd2para:&cfff 0/-1 &cf13rl&cfff:24 [hill] &c2aac&cfff:23 
(. ParadokS): >&cfd2para:&cfff &cf00lost&cfff &cf00[&cfffhill&cf00]&cfff 2
(. ParadokS): >&cfd2para:&cfff &cf00lost&cfff &cf00[&cfffhill&cf00]&cfff 2
(. Gamer): >&c900 gmr:&cfff 0/100 &c2aalg&cfff:27 [sng.tele] &cf13r&cfff:3 
(. ParadokS): >&cfd2para:&cfff &cf00lost&cfff &cf00[&cfffhill&cf00]&cfff 2
(. zero): >000 &cf00LOST&cfff [bridge.low] 2
(. zero): >000 &cf00LOST&cfff [bridge.low] 2
(. zero): >000 &cf00LOST&cfff [bridge.low] 2
(. zero): >000 &cf00LOST&cfff [bridge.low] 2
(. niw): >&ce26 niw:&cfff 0/100 &cf13rl&cfff:15 [sng.mega] &c2aac&cfff:100 
(. niw): >&ce26 niw:&cfff 0/100 &cf13rl&cfff:15 [sng.mega] &c2aac&cfff:100 
(. niw): >&ce26 niw:&cfff 0/100 &cf13rl&cfff:15 [sng.mega] &c2aac&cfff:100 
(. niw): >&ce26 niw:&cfff 0/100 &cf13rl&cfff:15 [sng.mega] &c2aac&cfff:100 
(. Gamer): >&c900 gmr:&cfff 0/100 &c2aalg&cfff:27 [ya.up] &cf13r&cfff:8 
(. zero): >000 &cf00LOST&cfff [window] 2
(. zero): >000 &cf00LOST&cfff [window] 2
(. zero): >000 &cf00LOST&cfff [window] 2
(. ParadokS): >&cfd2para:&cfff &cf00lost&cfff &cf00[&cfffquad&cf00]&cfff 3
(. ParadokS): >&cfd2para:&cfff &cf00lost&cfff &cf00[&cfffquad&cf00]&cfff 3
(. ParadokS): >&cfd2para:&cfff &cf00lost&cfff &cf00[&cfffquad&cf00]&cfff 3
(. Gamer): >&c900 gmr:&cfff 0/100 &c2aalg&cfff:27 [ya.up] &cf13r&cfff:8 
(. niw): >&ce26 niw:&cfff 0/100 &cf13rl&cfff:15 [sng.mega] &c2aac&cfff:100 
(. niw): >&ce26 niw:&cfff 0/100 &cf13rl&cfff:15 [sng.mega] &c2aac&cfff:100 
(. niw): >&ce26 niw:&cfff 0/100 &cf13rl&cfff:15 [sng.mega] &c2aac&cfff:100 
(. ParadokS): >&cfd2para:&cfff &cf00lost&cfff &cf00[&cfffring&cf00]&cfff 4
(. ParadokS): >&cfd2para:&cfff &cf00lost&cfff &cf00[&cfffring&cf00]&cfff 4
(bps): >&cc93bps:&cfff 0/36 &c29flg&cfff&c29f:16&cfff [hill] 
(carapace): >&c693car:&cfff &c0b0team&cfff &c05fquad&cfff
(carapace): >&c693car:&cfff &c0b0team&cfff &c05fquad&cfff
(bps): >&cc93bps:&cfff 0/36 &c29flg&cfff&c29f:13&cfff [hill] 
(bps): >&cc93bps:&cfff ganon at [ra-tunnel]
(rst): >&c777rst:&cfff 0/-8 ssg [ra-low] rox:5 
(carapace): >&c693car:&cfff &c931r&cfff76/101 &c29flg&cfff&c29f:5&cfff [ra-low] &c05fquad&cfff
(rst): >&c777rst:&cfff 0/-23 [sng-ledge] 
(rst): >&c777rst:&cfff 0/-25 [ya-box] 
(bps): >&cc93bps:&cfff took &ce00ra&cfff [ra]
(rst): >&c777rst:&cfff 0/-20 [ya-box] 
(carapace): >&c693car:&cfff took &c0ffmega&cfff [hill]
Quad Damage is wearing off
(rst): >&c777rst:&cfff 0/-23 [ya-entry] 
(carapace): >&c693car:&cfff &c931r&cfff76/200 &c29flg&cfff&c29f:17&cfff [ra-tunnel] &c05fquad&cfff
(rst): >&c777rst:&cfff 0/-2 [rl] 
[1] minute remaining
Team []sr[] leads by 166 frags
(rst): >&c777rst:&cfff 0/100 [ra] 
(bps): >&cc93bps:&cfff 0/44 &cf31rl&cfff&cf31:40&cfff &c29flg&cfff&c29f:87&cfff [ring] 
(rst): >&c777rst:&cfff you take [ra]
(carapace): >&c693car:&cfff 0/74 &cf31rl&cfff&cf31:37&cfff &c29flg&cfff&c29f:16&cfff [quad] 
(bps): >&cc93bps:&cfff took &ce00ra&cfff [ra]
(carapace): >&c693car:&cfff 0/74 &cf31rl&cfff&cf31:35&cfff &c29flg&cfff&c29f:16&cfff [ra] 
(. Gamer): >&c900 gmr:&cfff coming [window]
(. niw): >&ce26 niw:&cfff &cff025&cfff/18 &c2aalg&cfff:91 [quad] &cf13r&cfff:36 &c05fquad&cfff
(carapace): >&c693car:&cfff &c0b0safe&cfff [ra]
[30] seconds
(carapace): >&c693car:&cfff &c0b0safe&cfff [ra]
(bps): >&cc93bps:&cfff 0/147 &c29flg&cfff&c29f:64&cfff [bridge-low] 
(carapace): >&c693car:&cfff &c931r&cfff200/74 &cf31rl&cfff&cf31:34&cfff &c29flg&cfff&c29f:16&cfff [ra] 
[15] seconds
. niw: :)
(carapace): >&c693car:&cfff &c0b0safe&cfff [ring]
(rst): >&c777rst:&cfff &cf00lost&cfff [bridge-low] 2
(rst): >&c777rst:&cfff &cf00lost&cfff [bridge-low] 2
(rst): >&c777rst:&cfff &cf00lost&cfff [bridge-low] 2
(bps): >&cc93bps:&cfff carapace at [ring]
[10] seconds
(carapace): >&c693car:&cfff 0/20 &cf31rl&cfff&cf31:33&cfff &c29flg&cfff&c29f:28&cfff [ra-tunnel] 
[9] seconds
[8] seconds
(carapace): >&c693car:&cfff &cf00lost&cfff [ra-tunnel] 1
(carapace): >&c693car:&cfff &cf00lost&cfff [ra-tunnel] 1
(carapace): >&c693car:&cfff &cf00lost&cfff [ra-tunnel] 1
[7] seconds
[6] seconds
[5] seconds
[4] seconds
[3] seconds
[2] seconds
[1] second
The match is over
trigger "onmatchover" has no matching alias

Player statistics:
______________________________________
Frags (rank) friendkills . efficiency
Team []sr[]:
__________
_ . niw:
  84 (54) 2 73.7%
Wp: lg27.8% (35/126) rl49.4% sg39.4% ssg42.3%
RL skill: ad:110.5 dh:18
Armr&mhs: ga:0 ya:6 ra:13 mh:8
Powerups: Q:10 P:2 R:1
      RL: Took:3 Killed:11 Dropped:3
      LG: Took:5 Killed:4 Dropped:2
  Damage: Tkn:6189 Gvn:10793 EWep:2718 Tm:325 Self:720 ToDie:206
    Time: Quad:247
 Streaks: Frags:41 QuadRun:11
  SpawnFrags: 10
__________
_ . Gamer:
  50 (-11) 0 45.0%
Wp: lg45.7% (37/81) rl50.0% sg41.2% ssg37.5%
RL skill: ad:76.3 dh:6
Armr&mhs: ga:0 ya:7 ra:2 mh:6
Powerups: Q:0 P:0 R:0
      RL: Took:10 Killed:8 Dropped:3 Xfer:3
      LG: Took:7 Killed:4 Dropped:0
  Damage: Tkn:7896 Gvn:7816 EWep:2295 Tm:134 Self:208 ToDie:129
    Time: Quad:0
 Streaks: Frags:8 QuadRun:0
  SpawnFrags: 2
__________
_ . ParadokS:
  77 (22) 2 58.3%
Wp: lg27.3% (27/99) rl58.9% gl37.5% sg42.3% ssg63.2%
RL skill: ad:95.0 dh:18
Armr&mhs: ga:0 ya:8 ra:8 mh:8
Powerups: Q:3 P:1 R:1
      RL: Took:9 Killed:5 Dropped:3 Xfer:1
      LG: Took:7 Killed:11 Dropped:4
  Damage: Tkn:8366 Gvn:10769 EWep:2587 Tm:207 Self:589 ToDie:152
    Time: Quad:65
 Streaks: Frags:28 QuadRun:5
  SpawnFrags: 6
__________
_ . zero:
  75 (60) 1 83.3%
Wp: lg39.3% (57/145) rl39.7% gl25.0% sg48.5% ssg48.2%
RL skill: ad:102.7 dh:16
Armr&mhs: ga:0 ya:9 ra:11 mh:10
Powerups: Q:4 P:0 R:1
      RL: Took:5 Killed:7 Dropped:2 Xfer:2
      LG: Took:3 Killed:3 Dropped:0
  Damage: Tkn:5220 Gvn:9580 EWep:1615 Tm:238 Self:505 ToDie:348
    Time: Quad:120
 Streaks: Frags:35 QuadRun:10
  SpawnFrags: 4

Team [-s-]:
__________
_ bps:
  41 (-31) 2 36.3%
Wp: lg41.5% (54/130) rl39.3% gl66.7% sg39.4% ssg48.1%
RL skill: ad:87.4 dh:9
Armr&mhs: ga:0 ya:5 ra:5 mh:9
Powerups: Q:0 P:0 R:1
      RL: Took:8 Killed:11 Dropped:5 Xfer:3
      LG: Took:12 Killed:5 Dropped:4
  Damage: Tkn:9366 Gvn:8184 EWep:3655 Tm:406 Self:490 ToDie:130
    Time: Quad:0
 Streaks: Frags:5 QuadRun:0
  SpawnFrags: 1
__________
_ carapace:
  37 (-27) 6 36.6%
Wp: lg42.7% (61/143) rl37.3% gl15.0% sg47.0% ssg31.0%
RL skill: ad:113.6 dh:4
Armr&mhs: ga:0 ya:4 ra:4 mh:9
Powerups: Q:2 P:0 R:0
      RL: Took:9 Killed:6 Dropped:6 Xfer:3
      LG: Took:5 Killed:4 Dropped:2
  Damage: Tkn:8609 Gvn:7294 EWep:2692 Tm:512 Self:121 ToDie:134
    Time: Quad:47
 Streaks: Frags:12 QuadRun:2
  SpawnFrags: 0
__________
_ ganon:
  22 (-67) 2 19.8%
Wp: lg43.8% (35/80) rl29.0% gl16.7% sg47.5% ssg48.2%
RL skill: ad:78.0 dh:1
Armr&mhs: ga:0 ya:7 ra:3 mh:6
Powerups: Q:1 P:1 R:0
      RL: Took:11 Killed:1 Dropped:2
      LG: Took:7 Killed:2 Dropped:2
  Damage: Tkn:10543 Gvn:6623 EWep:3317 Tm:312 Self:260 ToDie:118
    Time: Quad:9
 Streaks: Frags:3 QuadRun:1
  SpawnFrags: 2
__________
_ rst:
  26 (-68) 5 21.7%
Wp: lg19.0% (12/63) rl48.8% sg36.5% ssg29.2%
RL skill: ad:76.9 dh:5
Armr&mhs: ga:0 ya:6 ra:1 mh:6
Powerups: Q:0 P:0 R:0
      RL: Took:9 Killed:2 Dropped:6 Xfer:3
      LG: Took:2 Killed:3 Dropped:0
  Damage: Tkn:10440 Gvn:5570 EWep:2397 Tm:326 Self:0 ToDie:111
    Time: Quad:0
 Streaks: Frags:3 QuadRun:0
  SpawnFrags: 2

______________________________________
[]sr[] vs [-s-] match statistics:
______________________________________

weapons, powerups, armors&mhs, damage
______________________________________
[]sr[]: Wp: lg35% rl58 gl4 sg42% ssg52%
Powerups: Q:17 P:3 R:3
Armr&mhs: ga:0 ya:30 ra:34 mh:32
      RL: Took:27 Killed:31 Dropped:11 Xfer:6
      LG: Took:22 Killed:22 Dropped:6
  Damage: Tkn:27671 Gvn:38958 EWep:9215 Tm:904
    Time: Quad:432
[-s-]: Wp: lg39% rl19 gl6 sg42% ssg38%
Powerups: Q:3 P:1 R:1
Armr&mhs: ga:0 ya:22 ra:13 mh:30
      RL: Took:37 Killed:20 Dropped:19 Xfer:9
      LG: Took:26 Killed:14 Dropped:8
  Damage: Tkn:38958 Gvn:27671 EWep:12061 Tm:1556
    Time: Quad:56
______________________________________
[dm3] top scorers:
______________________________________
      Frags: . niw [84]
     Deaths: rst [94]
Friendkills: carapace [6]
 Efficiency: . zero [83.3%]
 FragStreak: . niw [41]
    QuadRun: . niw [11]
  RL Killer: . niw [11]
             bps [11]
Boomsticker: . zero [48.5%]
   Survivor: . zero [348]
Annihilator: . niw [10793]

______________________________________

Team scores: frags . percentage
______________________________________
[]sr[]: 286 . 69.4%
[-s-]: 126 . 30.6%
______________________________________
Spectator [ServeMe] left the game
Spectator [ServeMe] entered the game
]log 03
