]/playdemo 03
Playing demo from 03.mvd


_____________________________________

_Castle of the Damned
rst is ready [-s-]
All players ready
Timer started
QiZmo: timer lag point disabled
Server starts recording (disk): 4on4_]sr[_vs_-s-[e1m2]160122-2312.mvd
matchdate: 2022-01-16 23:12:33 CET
trigger "onmatchstart" has no matching alias
The match has begun!
(. zero): >000 took &c2aarl&cfff [rl]
(. zero): >000 took &c2aarl&cfff [rl]
(. niw): >&ce26 niw:&cfff 0/76 sg [gl] 
(. ParadokS): >&cfd2para:&cfff &c0b0safe&cfff &c0b0[&cfffstart&c0b0]&cfff sg
(carapace): >&c693car:&cfff &c0b0team&cfff &c05fquad&cfff
(carapace): >&c693car:&cfff &c0b0team&cfff &c05fquad&cfff
(carapace): >&c693car:&cfff 0/100 [quad] &c05fquad&cfff
(carapace): >&c693car:&cfff &c991y&cfff140/66 [ya] &c05fquad&cfff
(rst): >&c777rst:&cfff &cf00lost&cfff [gl-quad] 1
(rst): >&c777rst:&cfff &cf00lost&cfff [gl-quad] 1
(rst): >&c777rst:&cfff &cf00lost&cfff [gl-quad] 1
(rst): >&c777rst:&cfff &cf00lost&cfff [gl-quad] 1
(rst): >&c777rst:&cfff &cf00lost&cfff [gl-quad] 1
(bps): >&cc93bps:&cfff 0/100 [door] 
(carapace): >&c693car:&cfff &c991y&cfff110/48 &cf31rl&cfff&cf31:5&cfff [rl] &c05fquad&cfff
(carapace): >&c693car:&cfff took &cf31rl&cfff [rl]
(rst): >&c777rst:&cfff &cf00lost&cfff [gl-quad] 1
(rst): >&c777rst:&cfff &cf00lost&cfff [gl-quad] 1
(rst): >&c777rst:&cfff &cf00lost&cfff [gl-quad] 1
(rst): >&c777rst:&cfff &cf00lost&cfff [gl-quad] 1
(bps): >&cc93bps:&cfff &c05fquaded&cfff carapace at [cross-water]
Quad Damage is wearing off
(rst): >&c777rst:&cfff &cf00lost&cfff [rl] 1
(rst): >&c777rst:&cfff &cf00lost&cfff [rl] 1
(rst): >&c777rst:&cfff &cf00lost&cfff [rl] 1
(bps): >&cc93bps:&cfff carapace at [mega]
(rst): >&c777rst:&cfff &cf00lost&cfff [ya] 2
(rst): >&c777rst:&cfff 0/-15 [ya] 
(rst): >&c777rst:&cfff &cf00lost&cfff [ya] 2
(rst): >&c777rst:&cfff &cf00lost&cfff [ya] 2
(rst): >&c777rst:&cfff &cf00lost&cfff [ya] 2
(carapace): >&c693car:&cfff &c991y&cfff39/82 &cf31rl&cfff&cf31:8&cfff [mega] 
(bps): >&cc93bps:&cfff 0/72 [door] 
(carapace): >&c693car:&cfff &c991y&cfff39/82 &cf31rl&cfff&cf31:8&cfff [mega] 
(rst): >&c777rst:&cfff &c05fquad&cfff over
(rst): >&c777rst:&cfff &cff0help&cfff [quad]
[19] minutes remaining
The game is currently a tie
(bps): >&cc93bps:&cfff &c0b0safe&cfff [cross]
(bps): >&cc93bps:&cfff &c0b0safe&cfff [cross]
(bps): >&cc93bps:&cfff &c0b0safe&cfff [cross]
(bps): >&cc93bps:&cfff 0/100 ssg [quad] 
(carapace): >&c693car:&cfff 0/100 &cf31rl&cfff&cf31:0&cfff [cross] 
(bps): >&cc93bps:&cfff 0/100 ssg [quad-box] 
(carapace): >&c693car:&cfff 0/88 &cf31rl&cfff&cf31:0&cfff [quad] 
(bps): >&cc93bps:&cfff &c0b0team&cfff &c05fquad&cfff
(bps): >&cc93bps:&cfff &c0b0team&cfff &c05fquad&cfff
(bps): >&cc93bps:&cfff &c0b0team&cfff &c05fquad&cfff
(bps): >&cc93bps:&cfff &c0b0team&cfff &c05fquad&cfff
(bps): >&cc93bps:&cfff 0/92 ssg [cross] &c05fquad&cfff
(rst): >&c777rst:&cfff 0/-19 [quad] 
(carapace): >&c693car:&cfff 0/61 &cf31rl&cfff&cf31:9&cfff [ga] 
(carapace): >&c693car:&cfff took &c0b0ga&cfff [ga]
(bps): >&cc93bps:&cfff 0/100 ssg [door] &c05fquad&cfff
(bps): >&cc93bps:&cfff 0/100 ssg [door] &c05fquad&cfff
(rst): >&c777rst:&cfff 0/100 sng [mega-sng] 
(ganon): >&c479gan:&cfff 0/94 &cf31rl&cfff&cf31:5&cfff [ssg-spikes] 
(carapace): >&c693car:&cfff &c0b0safe&cfff [mega-low]
(carapace): >&c693car:&cfff &c693g&cfff100/100 &cf31rl&cfff&cf31:14&cfff [mega] 
bps: ok?
no weapon
. niw: :)
(. niw): >&ce26 niw:&cfff &cff0150&cfff/100 sg [ya] 
(. niw): >&ce26 niw:&cfff &cff0150&cfff/100 sg [ya.tele] 
(. Gamer): >&c900 gmr:&cfff coming [water.ga]
(. zero): >000 &cff0ya&cfff150/100 &c2aarl&cfff:12 [gl.quad] 
(. zero): >000 &cff0ya&cfff150/100 &c2aarl&cfff:12 [gl.quad] 
(. niw): >&ce26 niw:&cfff &cff0150&cfff/100 sg [water.rl] 
(. niw): >&ce26 niw:&cfff &cff0150&cfff/100 sg [water.rl] 
(. zero): >000 &cff0ya&cfff150/100 &c2aarl&cfff:12 [gl.quad] 
(. zero): >000 &cff0ya&cfff150/100 &c2aarl&cfff:12 [gl.quad] 
(. Gamer): >&c900 gmr:&cfff coming [gl]
(. ParadokS): >&cfd2para:&cfff &cf00lost&cfff &cf00[&cfffdoor&cf00]&cfff 1
(. niw): >&ce26 niw:&cfff &cff0150&cfff/100 &cf13rl&cfff:5 [rl] 
(. niw): >&ce26 niw:&cfff &cff0150&cfff/100 &cf13rl&cfff:5 [rl] 
(. zero): >000 &cff0ya&cfff150/100 &c2aarl&cfff:10 [gl] 
(. zero): >000 &cff0ya&cfff150/100 &c2aarl&cfff:10 [gl] 
(. niw): >&ce26 niw:&cfff &cff018&cfff/87 &cf13rl&cfff:11 [mega] 
(. niw): >&ce26 niw:&cfff &cff018&cfff/87 &cf13rl&cfff:11 [mega] 
(. zero): >000 &cf2apack&cfff at [ya]
(. zero): >000 &cf2apack&cfff at [ya]
(. zero): >000 &cf2apack&cfff at [ya]
(. zero): >000 &cf2apack&cfff at [ya]
(. zero): >000 &cf2apack&cfff at [ya]
(. Gamer): >&c900 gmr:&cfff coming [quad]
(. zero): >000 &cf2apack&cfff at [ya]
(. niw): >&ce26 niw:&cfff &c0b0safe&cfff &c0b0[&cfffmega&c0b0]&cfff &cff018&cfff / &cf13rl&cfff
(. niw): >&ce26 niw:&cfff &c0b0safe&cfff &c0b0[&cfffmega&c0b0]&cfff &cff018&cfff / &cf13rl&cfff
(. niw): >&ce26 niw:&cfff &c0b0safe&cfff &c0b0[&cfffmega&c0b0]&cfff &cff018&cfff / &cf13rl&cfff
(. niw): >&ce26 niw:&cfff &cff018&cfff/100 &cf13rl&cfff:11 [mega] 
(. niw): >&ce26 niw:&cfff &cff018&cfff/100 &cf13rl&cfff:11 [mega] 
(. Gamer): >&c900 gmr:&cfff coming [gl]
(. ParadokS): >&cfd2para:&cfff &cf00lost&cfff &cf00[&cfffcross&cf00]&cfff 4
(. ParadokS): >&cfd2para:&cfff &cf00lost&cfff &cf00[&cfffcross&cf00]&cfff 4
(. ParadokS): >&cfd2para:&cfff &cf00lost&cfff &cf00[&cfffcross&cf00]&cfff 4
(. zero): >000 &cff0ya&cfff101/68 &c2aarl&cfff:13 [ya] 
(. niw): >&ce26 niw:&cfff 0/82 &cf13rl&cfff:9 [mega] 
(. niw): >&ce26 niw:&cfff 0/82 &cf13rl&cfff:9 [mega] 
(. Gamer): >&c900 gmr:&cfff &cff0105&cfff/13 &cf13rl&cfff:0 [ya.water] 
(. niw): >&ce26 niw:&cfff 0/82 &cf13rl&cfff:14 [mega.rox] 
(. niw): >&ce26 niw:&cfff 0/82 &cf13rl&cfff:14 [mega] 
(. zero): >000 &cff0ya&cfff98/67 &c2aarl&cfff:9 [ya] 
(. zero): >000 &cff0ya&cfff98/67 &c2aarl&cfff:9 [ya] 
(. Gamer): >&c900 gmr:&cfff coming [gl]
(. niw): >&ce26 niw:&cfff 0/182 &cf13rl&cfff:14 [mega.low] 
(. zero): >000 &cff0ya&cfff71/50 &c2aarl&cfff:8 [ya] 
(. niw): >&ce26 niw:&cfff 0/182 &cf13rl&cfff:14 [mega.entry] 
(. zero): >000 &cff0ya&cfff71/50 &c2aarl&cfff:8 [ya] 
[18] minutes remaining
Team []sr[] leads by 2 frags
(. Gamer): >&c900 gmr:&cfff 0/100 sg [gl.quad] 
carapace votes for stopping the match (4)
carapace withdraws his vote (5)
(. niw): >&ce26 niw:&cfff 0/182 &cf13rl&cfff:14 [quad] 
(. niw): >&ce26 niw:&cfff 0/182 &cf13rl&cfff:14 [quad] 
. niw: :)
(. zero): >000 &cff0ya&cfff71/95 &c2aarl&cfff:8 [quad] 
(. zero): >000 &cff0ya&cfff71/95 &c2aarl&cfff:8 [quad] 
(. zero): >000 &cff0ya&cfff48/100 &c2aarl&cfff:17 [gl] &c05fquad&cfff
(. zero): >000 &cff0ya&cfff48/100 &c2aarl&cfff:17 [ya] &c05fquad&cfff
(. niw): >&ce26 niw:&cfff &cff0108&cfff/99 &cf13rl&cfff:10 [ya] 
(. niw): >&ce26 niw:&cfff &cff093&cfff/100 &cf13rl&cfff:14 [gl] 
(. niw): >&ce26 niw:&cfff &cff093&cfff/100 &cf13rl&cfff:14 [gl] 
(. zero): >000 &cff0ya&cfff33/91 &c2aarl&cfff:16 [ya.water] &c05fquad&cfff
(. ParadokS): >&cfd2para:&cfff &cf00lost&cfff &cf00[&cfffga&cf00]&cfff 2
(. niw): >&ce26 niw:&cfff &cff093&cfff/100 &cf13rl&cfff:14 [gl] 
(. niw): >&ce26 niw:&cfff &cff093&cfff/100 &cf13rl&cfff:14 [gl] 
(. ParadokS): >&cfd2para:&cfff coming [gl.quad]
(. Gamer): >&c900 gmr:&cfff 0/100 sg [rl] 
(. ParadokS): >&cfd2para:&cfff 0/100 sg [gl] 
(. niw): >&ce26 niw:&cfff &cff078&cfff/100 &cf13rl&cfff:12 [ya] 
(. niw): >&ce26 niw:&cfff &cff078&cfff/100 &cf13rl&cfff:12 [ya] 
(. ParadokS): >&cfd2para:&cfff &cff0ya&cfff at [ya]
(. zero): >000 &cf00LOST&cfff [door] 1
(. zero): >000 &cf00LOST&cfff [door] 1
(. zero): >000 &cf00LOST&cfff [door] 1
(. niw): >&ce26 niw:&cfff &cff0150&cfff/100 &cf13rl&cfff:12 [ya] 
(. zero): >000 &cf00LOST&cfff [door] 1
[17:26] remaining
Team []sr[] = 35
Team [-s-] = 24
no weapon
(. Gamer): >&c900 gmr:&cfff took &cf13rl&cfff [rl]
(. niw): >&ce26 niw:&cfff &cff084&cfff/58 &cf13rl&cfff:10 [ya] 
(. niw): >&ce26 niw:&cfff &cff084&cfff/58 &cf13rl&cfff:10 [ya] 
(. Gamer): >&c900 gmr:&cfff coming [rl]
(. zero): >000 0/73 ssg:100 [quad.stairs] 
(. Gamer): >&c900 gmr:&cfff 0/100 &cf13rl&cfff:5 [quad.stairs] 
(. Gamer): >&c900 gmr:&cfff coming [quad]
(. Gamer): >&c900 gmr:&cfff 0/100 &cf13rl&cfff:5 [gl.rox] 
(. ParadokS): >&cfd2para:&cfff &c0b0safe&cfff &c0b0[&cfffya&c0b0]&cfff sng
(. ParadokS): >&cfd2para:&cfff &c0b0safe&cfff &c0b0[&cfffya&c0b0]&cfff sng
(. niw): >&ce26 niw:&cfff &c0b0100&cfff/83 &cf13rl&cfff:5 [ga] 
(. niw): >&ce26 niw:&cfff &c0b0100&cfff/83 &cf13rl&cfff:5 [ga] 
(. Gamer): >&c900 gmr:&cfff 0/60 &cf13rl&cfff:12 [gl.stairs] 
(. ParadokS): >&cfd2para:&cfff &c0b0safe&cfff &c0b0[&cfffya&c0b0]&cfff sng
(. ParadokS): >&cfd2para:&cfff &c0b0safe&cfff &c0b0[&cfffya&c0b0]&cfff sng
(. Gamer): >&c900 gmr:&cfff 0/60 &cf13rl&cfff:12 [ya] 
(. Gamer): >&c900 gmr:&cfff &c0b0safe&cfff &c0b0[&cfffya&c0b0]&cfff &cf13rl&cfff
(. zero): >000 0/4 &c2aagl&cfff:17 [gl] 
(. Gamer): >&c900 gmr:&cfff 0/60 &cf13rl&cfff:12 [ya] 
(. zero): >000 0/4 &c2aagl&cfff:17 [gl] 
(. ParadokS): >&cfd2para:&cfff &cf00lost&cfff &cf00[&cfffgl&cf00]&cfff 2
(. Gamer): >&c900 gmr:&cfff took &cff0ya&cfff [ya]
(. ParadokS): >&cfd2para:&cfff &cf00lost&cfff &cf00[&cfffgl&cf00]&cfff 2
(. niw): >&ce26 niw:&cfff &c0b072&cfff/67 &cf13rl&cfff:3 [ya.spikes] 
(. zero): >000 0/4 &c2aagl&cfff:17 [gl.stairs] 
(. niw): >&ce26 niw:&cfff &c0b072&cfff/67 &cf13rl&cfff:3 [ya.spikes] 
(. zero): >000 0/4 &c2aagl&cfff:17 [gl.stairs] 
[17] minutes remaining
Team []sr[] leads by 19 frags
(. niw): >&ce26 niw:&cfff &c0b072&cfff/67 &cf13rl&cfff:3 [ya] 
(. niw): >&ce26 niw:&cfff &c0b072&cfff/67 &cf13rl&cfff:3 [ya] 
(. zero): >000 &cf00LOST&cfff [gl] 3
(. zero): >000 &cf00LOST&cfff [gl] 3
(. ParadokS): >&cfd2para:&cfff &cf00lost&cfff &cf00[&cfffgl.quad&cf00]&cfff 2
(. ParadokS): >&cfd2para:&cfff &cf00lost&cfff &cf00[&cfffgl.quad&cf00]&cfff 2
(. Gamer): >&c900 gmr:&cfff &cff069&cfff/58 &cf13rl&cfff:24 [gl] 
(carapace): >&c693car:&cfff &c693g&cfff4/44 &cf31rl&cfff&cf31:9&cfff [quad] &c05fquad&cfff
(rst): >&c777rst:&cfff &cf2apack&cfff at [quad]
(carapace): >&c693car:&cfff &cf00dropped&cfff &cf31rl&cfff [quad] 1
(carapace): >&c693car:&cfff &cf00dropped&cfff &cf31rl&cfff [quad] 1
(carapace): >&c693car:&cfff &cf00dropped&cfff &cf31rl&cfff [quad] 1
(carapace): >&c693car:&cfff &cf00dropped&cfff &cf31rl&cfff [quad] 1
(. zero): >000 0/100 &c2aarl&cfff:5 [water.ga] 
(. zero): >000 0/100 &c2aarl&cfff:5 [water.ga] 
(. ParadokS): >&cfd2para:&cfff &cf00lost&cfff &cf00[&cfffquad.stairs&cf00]&cfff 1
(. ParadokS): >&cfd2para:&cfff &cf00lost&cfff &cf00[&cfffquad.stairs&cf00]&cfff 1
(. ParadokS): >&cfd2para:&cfff &cf00lost&cfff &cf00[&cfffcross&cf00]&cfff 2
(. ParadokS): >&cfd2para:&cfff &cf00lost&cfff &cf00[&cfffcross&cf00]&cfff 2
(. ParadokS): >&cfd2para:&cfff &cf00lost&cfff &cf00[&cfffcross&cf00]&cfff 2
(. niw): >&ce26 niw:&cfff &cf00lost&cfff &cf00[&cfffquad.stairs&cf00]&cfff 3
(. zero): >000 &cf00LOST&cfff [water.spikes] 1
(. niw): >&ce26 niw:&cfff &cf00lost&cfff &cf00[&cfffquad.stairs&cf00]&cfff 3
(. zero): >000 &cf00LOST&cfff [water.spikes] 1
(. zero): >000 &cf00LOST&cfff [water.spikes] 1
(. zero): >000 &cf00LOST&cfff [water.spikes] 1
(bps): >&cc93bps:&cfff &c693g&cfff73/47 ssg [quad-stairs] 
(bps): >&cc93bps:&cfff &c693g&cfff73/92 ssg [quad] 
(carapace): >&c693car:&cfff 0/156 &cf31rl&cfff&cf31:7&cfff [mega] 
. ParadokS: lol cara
(carapace): >&c693car:&cfff 0/156 &cf31rl&cfff&cf31:7&cfff [mega] 
(carapace): >&c693car:&cfff 0/156 &cf31rl&cfff&cf31:7&cfff [cross] 
(bps): >&cc93bps:&cfff &c693g&cfff73/100 ssg [gl-stairs] 
(carapace): >&c693car:&cfff 0/153 &cf31rl&cfff&cf31:15&cfff [gl] 
(rst): >&c777rst:&cfff you take [rl]
(rst): >&c777rst:&cfff you take [rl]
(rst): >&c777rst:&cfff you take [rl]
(rst): >&c777rst:&cfff you take [rl]
(rst): >&c777rst:&cfff &cf00lost&cfff [rl] 1
(rst): >&c777rst:&cfff &cf00lost&cfff [rl] 1
(rst): >&c777rst:&cfff &cf00lost&cfff [rl] 1
(rst): >&c777rst:&cfff &cf00lost&cfff [rl] 1
(rst): >&c777rst:&cfff coming [gl] need armor/weapon
(bps): >&cc93bps:&cfff 0/100 [cross] 
(bps): >&cc93bps:&cfff took &c0b0ga&cfff [ga]
(carapace): >&c693car:&cfff 0/81 &cf31rl&cfff&cf31:13&cfff [ya] 
(bps): >&cc93bps:&cfff &c693g&cfff100/100 ssg [ssg] 
(bps): >&cc93bps:&cfff &c693g&cfff100/100 ssg [ssg] 
(rst): >&c777rst:&cfff &cf00lost&cfff [start-stairs] 2
(rst): >&c777rst:&cfff &cf00lost&cfff [start-stairs] 2
(rst): >&c777rst:&cfff &cf00lost&cfff [start-stairs] 2
(rst): >&c777rst:&cfff &cf00lost&cfff [start-stairs] 2
(rst): >&c777rst:&cfff &cf00lost&cfff [start-stairs] 2
(carapace): >&c693car:&cfff &c991y&cfff150/100 &cf31rl&cfff&cf31:12&cfff [ya] 
[16] minutes remaining
Team []sr[] leads by 16 frags
(carapace): >&c693car:&cfff &cff0help&cfff [quad]
(bps): >&cc93bps:&cfff &c0b0safe&cfff [ya]
(bps): >&cc93bps:&cfff &c0b0safe&cfff [gl-stairs]
(bps): >&cc93bps:&cfff &c0b0safe&cfff [gl-stairs]
(bps): >&cc93bps:&cfff &c0b0safe&cfff [gl-stairs]
(carapace): >&c693car:&cfff &c0b0team&cfff &c05fquad&cfff
(carapace): >&c693car:&cfff &c0b0team&cfff &c05fquad&cfff
(bps): >&cc93bps:&cfff 0/100 [ya] 
(carapace): >&c693car:&cfff &cf2apack&cfff at [quad]
(bps): >&cc93bps:&cfff took &cff0ya&cfff [ya]
(carapace): >&c693car:&cfff &c991y&cfff61/195 &cf31rl&cfff&cf31:16&cfff [mega] &c05fquad&cfff
(carapace): >&c693car:&cfff coming [cross] need armor
(carapace): >&c693car:&cfff &c991y&cfff55/186 &cf31rl&cfff&cf31:16&cfff [ya-tele] &c05fquad&cfff
(rst): >&c777rst:&cfff 0/24 [ya] 
(bps): >&cc93bps:&cfff &c693g&cfff100/70 &cf31rl&cfff&cf31:24&cfff [ssg-spikes] 
(rst): >&c777rst:&cfff 0/24 [ya] 
(bps): >&cc93bps:&cfff &c693g&cfff100/70 &cf31rl&cfff&cf31:24&cfff [ssg-spikes] 
Quad Damage is wearing off
(rst): >&c777rst:&cfff you take [ya]
(rst): >&c777rst:&cfff you take [ya]
(rst): >&c777rst:&cfff you take [ya]
(bps): >&cc93bps:&cfff &c693g&cfff95/59 &cf31rl&cfff&cf31:23&cfff [ssg-spikes] 
(rst): >&c777rst:&cfff you take [ya]
(rst): >&c777rst:&cfff you take [ya]
(rst): >&c777rst:&cfff &c991y&cfff150/24 [ya-tele] 
(bps): >&cc93bps:&cfff &c693g&cfff91/76 &cf31rl&cfff&cf31:21&cfff [ya] 
(bps): >&cc93bps:&cfff &c693g&cfff77/86 &cf31rl&cfff&cf31:17&cfff [gl] 
(carapace): >&c693car:&cfff &c0b0safe&cfff [mega]
(bps): >&cc93bps:&cfff &c693g&cfff77/86 &cf31rl&cfff&cf31:16&cfff [gl-stairs] 
[15] minutes remaining
Team []sr[] leads by 8 frags
(carapace): >&c693car:&cfff &c0b0safe&cfff [mega]
(carapace): >&c693car:&cfff 0/100 &cf31rl&cfff&cf31:8&cfff [mega] 
(rst): >&c777rst:&cfff 0/-6 [ya] 
(ganon): >&c479gan:&cfff &c693g&cfff71/100 ng [rl] 
(carapace): >&c693car:&cfff 0/100 &cf31rl&cfff&cf31:8&cfff [mega] 
(bps): >&cc93bps:&cfff &c991y&cfff74/39 &cf31rl&cfff&cf31:11&cfff [gl] 
(bps): >&cc93bps:&cfff &c991y&cfff74/39 &cf31rl&cfff&cf31:11&cfff [gl] 
(rst): >&c777rst:&cfff &c0b0team&cfff &c05fquad&cfff
(rst): >&c777rst:&cfff &c0b0team&cfff &c05fquad&cfff
(rst): >&c777rst:&cfff 0/100 sg [quad] rox:2 &c05fquad&cfff
(carapace): >&c693car:&cfff 0/100 &cf31rl&cfff&cf31:8&cfff [mega] 
(ganon): >&c479gan:&cfff &c693g&cfff53/66 &cf31rl&cfff&cf31:5&cfff [start-rl] 
(carapace): >&c693car:&cfff 0/100 &cf31rl&cfff&cf31:8&cfff [mega] 
(bps): >&cc93bps:&cfff &c991y&cfff30/87 &cf31rl&cfff&cf31:10&cfff [cross] 
(rst): >&c777rst:&cfff 0/75 gl [gl] rox:4 &c05fquad&cfff
(bps): >&cc93bps:&cfff &c991y&cfff30/100 &cf31rl&cfff&cf31:10&cfff [bridge] 
(bps): >&cc93bps:&cfff took &c0b0ga&cfff [ga]
(rst): >&c777rst:&cfff &c05fquad&cfff over
(bps): >&cc93bps:&cfff ganon at [bridge]
(rst): >&c777rst:&cfff &cf00lost&cfff [gl-stairs] 2
(carapace): >&c693car:&cfff 0/200 &cf31rl&cfff&cf31:7&cfff [mega] 
(rst): >&c777rst:&cfff &cf00lost&cfff [gl-stairs] 2
(rst): >&c777rst:&cfff &cf00lost&cfff [gl-stairs] 2
(bps): >&cc93bps:&cfff &c693g&cfff100/100 &cf31rl&cfff&cf31:10&cfff [ssg] 
(bps): >&cc93bps:&cfff &c693g&cfff100/100 &cf31rl&cfff&cf31:10&cfff [ssg-spikes] 
(carapace): >&c693car:&cfff 0/200 &cf31rl&cfff&cf31:7&cfff [quad] 
(rst): >&c777rst:&cfff &cf00lost&cfff [ya-water] 2
(rst): >&c777rst:&cfff &cf00lost&cfff [ya-water] 2
(rst): >&c777rst:&cfff &cf00lost&cfff [ya-water] 2
(rst): >&c777rst:&cfff &cf00lost&cfff [ya-water] 2
(rst): >&c777rst:&cfff &cf00lost&cfff [ya-water] 2
(carapace): >&c693car:&cfff &c0b0safe&cfff [ya]
(bps): >&cc93bps:&cfff &c693g&cfff92/100 &cf31rl&cfff&cf31:17&cfff [ssg] 
(carapace): >&c693car:&cfff 0/108 &cf31rl&cfff&cf31:3&cfff [ya] 
(bps): >&cc93bps:&cfff &c0b0safe&cfff [rl]
(bps): >&cc93bps:&cfff &c0b0safe&cfff [rl]
(bps): >&cc93bps:&cfff &c0b0safe&cfff [rl]
(bps): >&cc93bps:&cfff &c0b0safe&cfff [rl]
(bps): >&cc93bps:&cfff &c0b0safe&cfff [rl]
(carapace): >&c693car:&cfff &cf00lost&cfff [ya] 1
(carapace): >&c693car:&cfff &cf00lost&cfff [ya] 1
(carapace): >&c693car:&cfff &cf00lost&cfff [ya] 1
(carapace): >&c693car:&cfff &cf00lost&cfff [ya] 1
(bps): >&cc93bps:&cfff &cf31rl&cfff at [rl]
(carapace): >&c693car:&cfff &cf00lost&cfff [ya] 2
(carapace): >&c693car:&cfff 0/100 [mega-low] 
(rst): >&c777rst:&cfff 0/-9 sng [ya] 
(rst): >&c777rst:&cfff &cf00lost&cfff [ya] 3
(rst): >&c777rst:&cfff &cf00lost&cfff [ya] 3
(rst): >&c777rst:&cfff &cf00lost&cfff [ya] 3
(rst): >&c777rst:&cfff &cf00lost&cfff [ya] 3
(bps): >&cc93bps:&cfff &c693g&cfff89/100 &cf31rl&cfff&cf31:15&cfff [mega-low] 
(rst): >&c777rst:&cfff 0/-1 [gl-rox] 
(bps): >&cc93bps:&cfff &c0b0safe&cfff [mega]
(carapace): >&c693car:&cfff 0/100 [quad] 
(rst): >&c777rst:&cfff 0/-20 sng [quad] rox:2 
(rst): >&c777rst:&cfff &cf00lost&cfff [quad] 1
(rst): >&c777rst:&cfff &cf00lost&cfff [quad] 1
(rst): >&c777rst:&cfff &cf00lost&cfff [quad] 1
(rst): >&c777rst:&cfff &cf00lost&cfff [quad] 1
[14] minutes remaining
Team [-s-] leads by 5 frags
(bps): >&cc93bps:&cfff took &c0ffmega&cfff [mega]
(carapace): >&c693car:&cfff &cf00lost&cfff [gl-quad] 1
(rst): >&c777rst:&cfff &cf00lost&cfff [quad] 1
(rst): >&c777rst:&cfff &cf00lost&cfff [quad] 1
(rst): >&c777rst:&cfff &cf00lost&cfff [quad] 1
(rst): >&c777rst:&cfff &cf00lost&cfff [quad] 1
no weapon
(. zero): >000 &cf00LOST&cfff [cross] 2
(. zero): >000 &cf00LOST&cfff [cross] 2
(. zero): >000 &cf00LOST&cfff [cross] 2
(. zero): >000 &cf00LOST&cfff [cross] 2
(. zero): >000 &cf00LOST&cfff [cross] 2
(. niw): >&ce26 niw:&cfff 0/100 sng [ya] &cf13r&cfff:15 &c05fquad&cfff
(. niw): >&ce26 niw:&cfff 0/100 sng [ya] &cf13r&cfff:15 &c05fquad&cfff
(. zero): >000 0/100 sg:24 [ya.water] 
(. zero): >000 0/100 sg:24 [ya.water] 
(. ParadokS): >&cfd2para:&cfff &c0b0safe&cfff &c0b0[&cfffquad&c0b0]&cfff gl
(. ParadokS): >&cfd2para:&cfff &c0b0safe&cfff &c0b0[&cfffquad&c0b0]&cfff gl
(. zero): >000 0/100 sg:22 [ga] 
(. zero): >000 0/100 sg:22 [ga] 
(. zero): >000 0/100 sg:22 [ga] 
(. zero): >000 0/100 sg:22 [ga] 
(. ParadokS): >&cfd2para:&cfff 0/149 gl [mega.rox] &cf13r&cfff:7 
(. ParadokS): >&cfd2para:&cfff 0/149 gl [mega.rox] &cf13r&cfff:7 
(. ParadokS): >&cfd2para:&cfff 0/149 gl [mega.rox] &cf13r&cfff:7 
(. Gamer): >&c900 gmr:&cfff 0/100 sg [gl] 
(. Gamer): >&c900 gmr:&cfff coming [gl.stairs]
(. zero): >000 &cf00LOST&cfff [ssg.spikes] 2
(. zero): >000 &cf00LOST&cfff [ssg.spikes] 2
(. ParadokS): >&cfd2para:&cfff coming [gl.quad]
(. Gamer): >&c900 gmr:&cfff &cff0150&cfff/100 sg [ya] 
(. Gamer): >&c900 gmr:&cfff &cff0150&cfff/100 sg [ya] 
Quad Damage is wearing off
(. niw): >&ce26 niw:&cfff 0/44 sng [door] &cf13r&cfff:17 
(. Gamer): >&c900 gmr:&cfff &cff0104&cfff/74 sg [ya.tele] 
(. Gamer): >&c900 gmr:&cfff coming [water.ga]
(. niw): >&ce26 niw:&cfff 0/100 &cf13rl&cfff:22 [rl] 
(. niw): >&ce26 niw:&cfff 0/100 &cf13rl&cfff:22 [rl] 
(. niw): >&ce26 niw:&cfff 0/100 &cf13rl&cfff:22 [rl] 
(. zero): >000 0/100 sg:24 [ga] 
(. zero): >000 &c0b0ga&cfff100/100 sg:24 [ga] 
(. ParadokS): >&cfd2para:&cfff &cf00lost&cfff &cf00[&cfffya&cf00]&cfff 2
(. ParadokS): >&cfd2para:&cfff &cf00lost&cfff &cf00[&cfffya&cf00]&cfff 2
(. ParadokS): >&cfd2para:&cfff &cf00lost&cfff &cf00[&cfffya&cf00]&cfff 2
(. ParadokS): >&cfd2para:&cfff &cf00lost&cfff &cf00[&cfffya&cf00]&cfff 2
no weapon
(. niw): >&ce26 niw:&cfff 0/100 &cf13rl&cfff:22 [cross.water] 
(. niw): >&ce26 niw:&cfff 0/100 &cf13rl&cfff:22 [cross.water] 
(. ParadokS): >&cfd2para:&cfff 0/100 sg [cross] 
(. Gamer): >&c900 gmr:&cfff 0/27 sg [rl] 
(. ParadokS): >&cfd2para:&cfff 0/100 sg [cross] 
(. zero): >000 &c0b0ga&cfff100/100 sg:24 [bridge] 
(. zero): >000 &c0b0ga&cfff100/100 sg:24 [ssg] 
(. niw): >&ce26 niw:&cfff 0/100 &cf13rl&cfff:22 [cross] 
(. niw): >&ce26 niw:&cfff 0/100 &cf13rl&cfff:22 [cross] 
(. Gamer): >&c900 gmr:&cfff coming [cross.water]
(. zero): >000 &c0b0ga&cfff100/100 sg:44 [ssg.spikes] 
(. zero): >000 &c0b0ga&cfff100/100 sg:44 [spikes] 
(. ParadokS): >&cfd2para:&cfff &cf00lost&cfff &cf00[&cfffgl&cf00]&cfff 1
(. niw): >&ce26 niw:&cfff 0/100 &cf13rl&cfff:22 [mega] 
(. niw): >&ce26 niw:&cfff 0/100 &cf13rl&cfff:22 [mega] 
(. zero): >000 &c0b0ga&cfff100/100 sg:44 [ya] 
(. niw): >&ce26 niw:&cfff 0/100 &cf13rl&cfff:22 [mega] 
(. niw): >&ce26 niw:&cfff 0/100 &cf13rl&cfff:22 [mega] 
(. Gamer): >&c900 gmr:&cfff 0/72 sg [gl.quad] 
[13] minutes remaining
Team [-s-] leads by 7 frags
(. niw): >&ce26 niw:&cfff 0/100 &cf13rl&cfff:22 [mega] 
(. niw): >&ce26 niw:&cfff 0/100 &cf13rl&cfff:22 [mega] 
(. zero): >000 &cf00LOST&cfff [quad] 2
(. zero): >000 &cf00LOST&cfff [quad] 2
(. zero): >000 &cf00LOST&cfff [quad] 2
(. niw): >&ce26 niw:&cfff 0/100 &cf13rl&cfff:19 [mega.low] 
(. zero): >000 &cf00LOST&cfff [quad] 2
(. niw): >&ce26 niw:&cfff 0/100 &cf13rl&cfff:19 [mega.low] 
(. niw): >&ce26 niw:&cfff 0/200 &cf13rl&cfff:24 [mega] 
(. niw): >&ce26 niw:&cfff 0/200 &cf13rl&cfff:24 [mega] 
(. niw): >&ce26 niw:&cfff 0/200 &cf13rl&cfff:24 [mega] 
(rst): >&c777rst:&cfff &c0b0team&cfff &c05fquad&cfff
(rst): >&c777rst:&cfff &c0b0team&cfff &c05fquad&cfff
(bps): >&cc93bps:&cfff 0/100 [start-stairs] 
(carapace): >&c693car:&cfff &cf00lost&cfff [gl-quad] 2
(carapace): >&c693car:&cfff 0/100 [start] 
(rst): >&c777rst:&cfff 0/46 [mega] &c05fquad&cfff
(carapace): >&c693car:&cfff &cf00lost&cfff [rl] 2
(bps): >&cc93bps:&cfff 0/100 &c299gl&cfff [gl] rox:1 
(bps): >&cc93bps:&cfff carapace at [ya]
(carapace): >&c693car:&cfff &cf00lost&cfff [ya] 3
(rst): >&c777rst:&cfff &c05fquad&cfff over
(. zero): >000 &c0b0ga&cfff100/100 sg:46 [rl] 
(. zero): >000 &c0b0ga&cfff98/98 sg:46 [rl] 
(. zero): >000 &c0b0ga&cfff98/98 sg:46 [rl] 
(. zero): >000 &c0b0ga&cfff98/98 sg:46 [rl] 
(. zero): >000 &c0b0ga&cfff98/98 sg:46 [rl] 
(. zero): >000 &c0b0ga&cfff98/98 sg:46 [rl] 
(. zero): >000 took &c2aarl&cfff [rl]
(. niw): >&ce26 niw:&cfff &cff064&cfff/100 &cf13rl&cfff:13 [spikes] 
(. niw): >&ce26 niw:&cfff &cff064&cfff/100 &cf13rl&cfff:13 [spikes] 
(. ParadokS): >&cfd2para:&cfff &c0b047&cfff/141 &cf13rl&cfff:3 [quad.stairs] 
(. ParadokS): >&cfd2para:&cfff &c0b047&cfff/141 &cf13rl&cfff:3 [quad] 
[12] minutes remaining
Team []sr[] leads by 3 frags
(. ParadokS): >&cfd2para:&cfff &c0b047&cfff/135 &cf13rl&cfff:13 [gl.rox] 
(. zero): >000 &c0b0ga&cfff98/100 &c2aarl&cfff:5 [mega] 
(. zero): >000 &c0b0ga&cfff98/100 &c2aarl&cfff:5 [mega] 
(. niw): >&ce26 niw:&cfff &cf00lost&cfff &cf00[&cfffbridge&cf00]&cfff 1
(. niw): >&ce26 niw:&cfff &cf00lost&cfff &cf00[&cfffbridge&cf00]&cfff 1
(. niw): >&ce26 niw:&cfff &cf00lost&cfff &cf00[&cfffbridge&cf00]&cfff 1
(. niw): >&ce26 niw:&cfff &cf00lost&cfff &cf00[&cfffbridge&cf00]&cfff 1
(. zero): >000 &c0b0ga&cfff98/100 &c2aarl&cfff:5 [mega] 
(. zero): >000 &c0b0ga&cfff98/100 &c2aarl&cfff:5 [mega] 
(. Gamer): >&c900 gmr:&cfff 0/100 sg [rl] 
(. zero): >000 &c0b0ga&cfff98/100 &c2aarl&cfff:5 [cross] 
(. zero): >000 &c0b0ga&cfff98/100 &c2aarl&cfff:5 [cross] 
(. zero): >000 &c0b0ga&cfff65/45 &c2aarl&cfff:2 [quad.box] &c05fquad&cfff
(. ParadokS): >&cfd2para:&cfff &c0b013&cfff/100 &cf13rl&cfff:12 [mega] 
(. zero): >000 &c0b0ga&cfff47/7 &c2aarl&cfff:1 [quad.stairs] &c05fquad&cfff
(. zero): >000 &c0b0ga&cfff47/7 &c2aarl&cfff:1 [quad.stairs] &c05fquad&cfff
(. Gamer): >&c900 gmr:&cfff 0/52 sg [gl.quad] 
(. zero): >000 &c0b0ga&cfff47/32 &c2aarl&cfff:1 [cross] &c05fquad&cfff
(. zero): >000 &c0b0ga&cfff47/32 &c2aarl&cfff:1 [mega.entry] &c05fquad&cfff
(. Gamer): >&c900 gmr:&cfff coming [gl]
(. zero): >000 &c0b0ga&cfff47/32 &c2aarl&cfff:1 [mega.low] &c05fquad&cfff
(. niw): >&ce26 niw:&cfff &cff0150&cfff/85 sg [ya] 
(. niw): >&ce26 niw:&cfff &cff0150&cfff/85 sg [ya] 
(. ParadokS): >&cfd2para:&cfff &c0a0mega&cfff at [mega]
(. zero): >000 &c0b0ga&cfff47/57 &c2aarl&cfff:1 [mega.entry] &c05fquad&cfff
(. zero): >000 &c0b0ga&cfff47/57 &c2aarl&cfff:1 [mega.entry] &c05fquad&cfff
(. ParadokS): >&cfd2para:&cfff took &c0a0mega&cfff [mega]
(. ParadokS): >&cfd2para:&cfff 0/179 &cf13rl&cfff:9 [mega] 
(. zero): >000 &c0b0ga&cfff37/39 &c2aarl&cfff:1 [cross] &c05fquad&cfff
(. Gamer): >&c900 gmr:&cfff 0/100 sng [mega.sng] 
(. zero): >000 &c0b0ga&cfff22/55 &c2aarl&cfff:1 [gl.stairs] &c05fquad&cfff
(. zero): >000 &c0b0ga&cfff22/55 &c2aarl&cfff:1 [gl.stairs] &c05fquad&cfff
Quad Damage is wearing off
(. zero): >000 &cff0ya&cfff139/48 &c2aarl&cfff:0 [ya] 
(. zero): >000 &cff0ya&cfff139/48 &c2aarl&cfff:0 [ya] 
(. ParadokS): >&cfd2para:&cfff 0/115 &cf13rl&cfff:11 [water.ga] 
(. ParadokS): >&cfd2para:&cfff 0/115 &cf13rl&cfff:11 [water.ga] 
(. niw): >&ce26 niw:&cfff 0/98 ng [ya] &cf13r&cfff:17 
(. niw): >&ce26 niw:&cfff 0/98 ng [ya] &cf13r&cfff:17 
(. niw): >&ce26 niw:&cfff 0/98 ng [ya] &cf13r&cfff:17 
(. niw): >&ce26 niw:&cfff 0/98 ng [ya] &cf13r&cfff:17 
(. niw): >&ce26 niw:&cfff 0/98 ng [ya] &cf13r&cfff:17 
(. niw): >&ce26 niw:&cfff 0/98 ng [gl.stairs] &cf13r&cfff:17 
(. niw): >&ce26 niw:&cfff 0/98 ng [gl.stairs] &cf13r&cfff:17 
(. niw): >&ce26 niw:&cfff 0/98 ng [gl.stairs] &cf13r&cfff:17 
(. niw): >&ce26 niw:&cfff 0/98 ng [gl.stairs] &cf13r&cfff:17 
(. niw): >&ce26 niw:&cfff 0/98 ng [gl] &cf13r&cfff:17 
(. niw): >&ce26 niw:&cfff 0/98 ng [gl] &cf13r&cfff:17 
(. ParadokS): >&cfd2para:&cfff &c0b0safe&cfff &c0b0[&cfffrl&c0b0]&cfff &cf13rl&cfff
(. ParadokS): >&cfd2para:&cfff &c0b0safe&cfff &c0b0[&cfffrl&c0b0]&cfff &cf13rl&cfff
(. ParadokS): >&cfd2para:&cfff &c0b0safe&cfff &c0b0[&cfffrl&c0b0]&cfff &cf13rl&cfff
(. niw): >&ce26 niw:&cfff 0/98 ng [gl] &cf13r&cfff:17 
(. ParadokS): >&cfd2para:&cfff &c0b0safe&cfff &c0b0[&cfffrl&c0b0]&cfff &cf13rl&cfff
(. niw): >&ce26 niw:&cfff 0/98 ng [gl] &cf13r&cfff:17 
(. niw): >&ce26 niw:&cfff 0/98 ng [gl] &cf13r&cfff:17 
(. ParadokS): >&cfd2para:&cfff &cf13rl&cfff at [rl]
(. ParadokS): >&cfd2para:&cfff &cf13rl&cfff at [rl]
(. ParadokS): >&cfd2para:&cfff &cf13rl&cfff at [rl]
(. Gamer): >&c900 gmr:&cfff coming [start.water]
(. Gamer): >&c900 gmr:&cfff coming [start.rl]
(. zero): >000 &cff0ya&cfff101/56 &c2aarl&cfff:17 [gl] 
(. Gamer): >&c900 gmr:&cfff 0/100 sg [start.rl] 
(. zero): >000 &cff0ya&cfff101/71 &c2aarl&cfff:17 [gl] 
(. zero): >000 &cff0ya&cfff101/71 &c2aarl&cfff:17 [gl] 
(. Gamer): >&c900 gmr:&cfff took &cf13rl&cfff [rl]
(. Gamer): >&c900 gmr:&cfff 0/100 &cf13rl&cfff:5 [rl] 
[11] minutes remaining
Team []sr[] leads by 16 frags
(. ParadokS): >&cfd2para:&cfff 0/52 &cf13rl&cfff:10 [mega] 
(. Gamer): >&c900 gmr:&cfff 0/88 &cf13rl&cfff:4 [cross] 
(. zero): >000 &cff0ya&cfff150/52 &c2aarl&cfff:10 [ya] 
(. zero): >000 &cff0ya&cfff150/52 &c2aarl&cfff:10 [ya] 
(. ParadokS): >&cfd2para:&cfff 0/52 &cf13rl&cfff:10 [mega.entry] 
(. ParadokS): >&cfd2para:&cfff 0/52 &cf13rl&cfff:10 [mega.entry] 
(. zero): >000 &cff0ya&cfff139/47 &c2aarl&cfff:13 [gl] 
(. zero): >000 &cff0ya&cfff139/47 &c2aarl&cfff:13 [gl] 
(. Gamer): >&c900 gmr:&cfff &cf00dropped&cfff &cf13rl&cfff &cf40[&cfffquad.stairs&cf40]&cfff 4
(bps): >&cc93bps:&cfff &c0b0team&cfff &c05fquad&cfff
(bps): >&cc93bps:&cfff &c0b0team&cfff &c05fquad&cfff
(rst): >&c777rst:&cfff &cf2apack&cfff at [quad]
(rst): >&c777rst:&cfff 0/-11 [quad] 
(rst): >&c777rst:&cfff &cf00lost&cfff [cross] 1
(rst): >&c777rst:&cfff &cf00lost&cfff [cross] 1
(rst): >&c777rst:&cfff &cf00lost&cfff [cross] 1
no weapon
(. zero): >000 &cf00LOST&cfff [ya] 1
(. zero): >000 &cf00LOST&cfff [ya] 1
(. zero): >000 &cf00LOST&cfff [ya] 1
(. zero): >000 &cf00LOST&cfff [ya] 1
(. zero): >000 &cf00LOST&cfff [ya] 1
no weapon
[10:36] remaining
Team []sr[] = 133
Team [-s-] = 110
(. Gamer): >&c900 gmr:&cfff coming [water.ga]
(. zero): >000 0/100 sg:24 [ga] 
(. zero): >000 0/100 sg:24 [ga] 
no weapon
(carapace): >&c693car:&cfff &cf00lost&cfff [rl] 1
(. Gamer): >&c900 gmr:&cfff 0/48 &cf13rl&cfff:7 [rl] 
(. ParadokS): >&cfd2para:&cfff took &cf2apack&cfff [rl]
(. ParadokS): >&cfd2para:&cfff took &cf2apack&cfff [rl]
(. Gamer): >&c900 gmr:&cfff 0/48 &cf13rl&cfff:7 [rl] 
(. ParadokS): >&cfd2para:&cfff 0/76 &cf13rl&cfff:6 [rl] 
(. ParadokS): >&cfd2para:&cfff 0/76 &cf13rl&cfff:6 [rl] 
(. niw): >&ce26 niw:&cfff 0/100 sg [mega.entry] &cf13r&cfff:5 
(. niw): >&ce26 niw:&cfff 0/100 sg [mega.entry] &cf13r&cfff:5 
(. niw): >&ce26 niw:&cfff 0/100 sg [mega.low] &cf13r&cfff:5 
(. niw): >&ce26 niw:&cfff 0/100 sg [mega.low] &cf13r&cfff:5 
(. zero): >000 &cf00LOST&cfff [gl] 3
(. zero): >000 &cf00LOST&cfff [gl] 3
(. Gamer): >&c900 gmr:&cfff 0/48 &cf13rl&cfff:7 [cross.water] 
(. zero): >000 &cf00LOST&cfff [gl] 3
(. niw): >&ce26 niw:&cfff 0/100 sg [cross] &cf13r&cfff:7 
(. niw): >&ce26 niw:&cfff 0/100 sg [cross] &cf13r&cfff:7 
(. niw): >&ce26 niw:&cfff 0/100 sg [cross] &cf13r&cfff:7 
(. niw): >&ce26 niw:&cfff 0/100 sg [mega.entry] &cf13r&cfff:7 
(. niw): >&ce26 niw:&cfff 0/100 sg [mega.entry] &cf13r&cfff:7 
(. ParadokS): >&cfd2para:&cfff 0/100 &cf13rl&cfff:6 [mega.sng] 
(. Gamer): >&c900 gmr:&cfff 0/98 &cf13rl&cfff:7 [mega] 
(. niw): >&ce26 niw:&cfff 0/100 sg [mega.low] &cf13r&cfff:7 
(. niw): >&ce26 niw:&cfff 0/100 sg [mega.low] &cf13r&cfff:7 
(. niw): >&ce26 niw:&cfff 0/100 sg [mega.low] &cf13r&cfff:7 
(. niw): >&ce26 niw:&cfff 0/100 sg [mega.low] &cf13r&cfff:7 
(. niw): >&ce26 niw:&cfff 0/100 sg [mega.low] &cf13r&cfff:7 
(. niw): >&ce26 niw:&cfff 0/100 sg [mega.low] &cf13r&cfff:7 
(. zero): >000 &cf00LOST&cfff [ya.water] 2
(. zero): >000 &cf00LOST&cfff [ya.water] 2
(. zero): >000 &cf00LOST&cfff [ya.water] 2
(. zero): >000 &cf00LOST&cfff [ya.water] 2
(. zero): >000 &cf00LOST&cfff [ya.water] 2
(. ParadokS): >&cfd2para:&cfff took &c0a0mega&cfff [mega]
(. niw): >&ce26 niw:&cfff 0/94 sg [mega.entry] &cf13r&cfff:7 
(. niw): >&ce26 niw:&cfff 0/94 sg [mega.entry] &cf13r&cfff:7 
(. Gamer): >&c900 gmr:&cfff 0/100 &cf13rl&cfff:7 [quad.stairs] 
(. niw): >&ce26 niw:&cfff 0/74 sg [cross] &cf13r&cfff:7 
(. Gamer): >&c900 gmr:&cfff &c0b0safe&cfff &c0b0[&cfffquad&c0b0]&cfff &cf13rl&cfff
(. zero): >000 &cf00LOST&cfff [cross] 2
(. zero): >000 &cf00LOST&cfff [cross] 2
(. Gamer): >&c900 gmr:&cfff 0/100 &cf13rl&cfff:7 [quad] 
(. zero): >000 &cf00LOST&cfff [cross] 2
(. ParadokS): >&cfd2para:&cfff 0/199 &cf13rl&cfff:6 [ga] 
(. ParadokS): >&cfd2para:&cfff 0/199 &cf13rl&cfff:6 [ga] 
(. zero): >000 &cf00LOST&cfff [cross] 2
[10] minutes remaining
Team []sr[] leads by 24 frags
(. niw): >&ce26 niw:&cfff &cf00lost&cfff &cf00[&cfffrl&cf00]&cfff 1
(. niw): >&ce26 niw:&cfff &cf00enemy&cfff at [rl]
(. zero): >000 0/97 sg:95 [quad] 
(. zero): >000 0/97 sg:95 [quad] 
(. zero): >000 0/20 sg:100 [quad] 
(. zero): >000 0/20 sg:100 [quad.stairs] 
(. Gamer): >&c900 gmr:&cfff 0/80 &cf13rl&cfff:2 [quad] 
(. Gamer): >&c900 gmr:&cfff 0/68 &cf13rl&cfff:1 [quad] 
(. niw): >&ce26 niw:&cfff 0/100 sg [quad.stairs] 
(. niw): >&ce26 niw:&cfff 0/100 sg [quad.stairs] 
(. zero): >000 0/20 &c2aagl&cfff:17 [gl.stairs] 
(. zero): >000 &c0b0SAFE&cfff [ya] &c2aagl&cfff:17
(. zero): >000 &c0b0SAFE&cfff [ya] &c2aagl&cfff:17
(. ParadokS): >&cfd2para:&cfff 0/147 &cf13rl&cfff:3 [gl] &c05fquad&cfff
(. zero): >000 0/20 &c2aagl&cfff:17 [ya] 
(. ParadokS): >&cfd2para:&cfff 0/147 &cf13rl&cfff:3 [gl] &c05fquad&cfff
(. zero): >000 0/20 &c2aagl&cfff:17 [ya] 
(. zero): >000 0/20 &c2aagl&cfff:17 [ya] 
(. zero): >000 0/20 &c2aagl&cfff:17 [ya] 
(. Gamer): >&c900 gmr:&cfff 0/68 &cf13rl&cfff:11 [gl.rox] 
(. niw): >&ce26 niw:&cfff 0/100 sg [ya] 
(. niw): >&ce26 niw:&cfff 0/100 sg [ya] 
(. zero): >000 0/20 &c2aagl&cfff:17 [ya] 
(. zero): >000 0/20 &c2aagl&cfff:17 [ya] 
(. Gamer): >&c900 gmr:&cfff 0/68 &cf13rl&cfff:11 [gl] 
(. ParadokS): >&cfd2para:&cfff 0/143 &cf13rl&cfff:3 [ya] &c05fquad&cfff
(. ParadokS): >&cfd2para:&cfff 0/143 &cf13rl&cfff:3 [ya] &c05fquad&cfff
(. ParadokS): >&cfd2para:&cfff 0/143 &cf13rl&cfff:3 [ya] &c05fquad&cfff
(. ParadokS): >&cfd2para:&cfff 0/143 &cf13rl&cfff:3 [ya] &c05fquad&cfff
(. niw): >&ce26 niw:&cfff 0/100 sg [gl] 
(. niw): >&ce26 niw:&cfff 0/100 sg [gl] 
(. zero): >000 0/20 &c2aagl&cfff:17 [ya] 
(. zero): >000 0/20 &c2aagl&cfff:17 [ya] 
(. zero): >000 0/20 &c2aagl&cfff:17 [gl.stairs] 
(. Gamer): >&c900 gmr:&cfff 0/68 &cf13rl&cfff:11 [gl.stairs] 
(. zero): >000 0/20 &c2aagl&cfff:17 [gl.stairs] 
(. ParadokS): >&cfd2para:&cfff 0/141 &cf13rl&cfff:3 [ya] &c05fquad&cfff
(. zero): >000 0/20 &c2aagl&cfff:17 [gl.stairs] 
(. zero): >000 0/20 &c2aagl&cfff:17 [gl.stairs] 
(. zero): >000 0/20 &c2aagl&cfff:17 [gl.stairs] 
(. zero): >000 0/20 &c2aagl&cfff:17 [gl] 
(. zero): >000 0/20 &c2aagl&cfff:17 [gl] 
(. niw): >&ce26 niw:&cfff 0/48 sg [gl] 
(. Gamer): >&c900 gmr:&cfff 0/98 &cf13rl&cfff:10 [gl] 
(. zero): >000 &cf00LOST&cfff [mega.low] 1
(. zero): >000 &cf00LOST&cfff [mega.low] 1
(. zero): >000 &cf00LOST&cfff [mega.low] 1
(. zero): >000 &cf00LOST&cfff [mega.low] 1
(. zero): >000 &cf00LOST&cfff [mega.low] 1
(. niw): >&ce26 niw:&cfff 0/73 sg [ya] 
(. Gamer): >&c900 gmr:&cfff 0/100 &cf13rl&cfff:10 [gl.stairs] 
(. niw): >&ce26 niw:&cfff 0/73 sg [gl] 
(. niw): >&ce26 niw:&cfff 0/73 sg [gl] 
Quad Damage is wearing off
(. Gamer): >&c900 gmr:&cfff 0/72 &cf13rl&cfff:5 [ya] 
(. niw): >&ce26 niw:&cfff &cf2apack&cfff at [ya.spikes]
(. niw): >&ce26 niw:&cfff 0/73 sg [ya] 
(. niw): >&ce26 niw:&cfff 0/73 sg [ya] 
(. Gamer): >&c900 gmr:&cfff &c0b0safe&cfff &c0b0[&cfffya&c0b0]&cfff &cf13rl&cfff
(. ParadokS): >&cfd2para:&cfff 0/39 &cf13rl&cfff:12 [gl] 
(. Gamer): >&c900 gmr:&cfff 0/72 &cf13rl&cfff:5 [ya] 
(. Gamer): >&c900 gmr:&cfff took &cff0ya&cfff [ya]
(. niw): >&ce26 niw:&cfff 0/73 sg [ya] 
(. zero): >000 &cf00LOST&cfff [quad] 1
(. niw): >&ce26 niw:&cfff 0/73 sg [ya] 
(. zero): >000 &cf00LOST&cfff [quad] 1
(. zero): >000 &cf00LOST&cfff [quad] 1
(. zero): >000 &cf00LOST&cfff [quad] 1
(. ParadokS): >&cfd2para:&cfff 0/39 &cf13rl&cfff:17 [ya] 
(. ParadokS): >&cfd2para:&cfff 0/39 &cf13rl&cfff:17 [ya] 
(. ParadokS): >&cfd2para:&cfff 0/39 &cf13rl&cfff:17 [ya] 
(. ParadokS): >&cfd2para:&cfff 0/39 &cf13rl&cfff:17 [ya] 
(. zero): >000 0/100 ssg:49 [ga] 
(. zero): >000 0/100 ssg:49 [ga] 
(. Gamer): >&c900 gmr:&cfff &c0b0safe&cfff &c0b0[&cfffgl&c0b0]&cfff &cff095&cfff / &cf13rl&cfff
[9] minutes remaining
Team []sr[] leads by 33 frags
(. niw): >&ce26 niw:&cfff &cf00lost&cfff &cf00[&cfffquad&cf00]&cfff 1
(. zero): >000 &c0b0ga&cfff100/100 &c2aarl&cfff:4 [rl] 
(. zero): >000 &c0b0ga&cfff100/100 &c2aarl&cfff:4 [rl] 
(. niw): >&ce26 niw:&cfff 0/100 sg [ssg.spikes] 
(. zero): >000 &c0b0ga&cfff84/100 &c2aarl&cfff:3 [rl] 
(. zero): >000 &c0b0ga&cfff84/100 &c2aarl&cfff:3 [rl] 
(. ParadokS): >&cfd2para:&cfff took &cff0ya&cfff [ya]
(. ParadokS): >&cfd2para:&cfff took &cff0ya&cfff [ya]
(. zero): >000 &c0b0ga&cfff84/100 &c2aarl&cfff:3 [rl] 
(. zero): >000 &c0b0ga&cfff84/100 &c2aarl&cfff:3 [rl] 
(. niw): >&ce26 niw:&cfff 0/48 sg [door] 
(. zero): >000 &c0b0ga&cfff77/87 &c2aarl&cfff:2 [water.ga] 
(. niw): >&ce26 niw:&cfff 0/48 sg [door] 
(. zero): >000 &c0b0ga&cfff77/87 &c2aarl&cfff:2 [water.ga] 
(. zero): >000 &c0b0ga&cfff77/87 &c2aarl&cfff:2 [water.ga] 
(bps): >&cc93bps:&cfff 0/100 [water-ga] 
(bps): >&cc93bps:&cfff 0/100 ssg [ssg-spikes] 
(bps): >&cbb0>&cfff &c0b0weapon killed!&cfff &c9b0(at spikes)&cfff \&c0ff0&cfff/
(rst): >&c777rst:&cfff 0/-3 &cf31rl&cfff&cf31:2&cfff [mega-sng] 
(bps): >&cc93bps:&cfff &c05fquaded&cfff carapace at [water-ga]
(bps): >&cc93bps:&cfff 0/100 [water-lift] 
(carapace): >&c693car:&cfff &c991y&cfff140/63 &cf31rl&cfff&cf31:7&cfff [water-rl] &c05fquad&cfff
Quad Damage is wearing off
(rst): >&c777rst:&cfff &cf00lost&cfff [spikes] 1
(rst): >&c777rst:&cfff &cf00lost&cfff [spikes] 1
(rst): >&c777rst:&cfff &cf00lost&cfff [spikes] 1
(carapace): >&c693car:&cfff &c991y&cfff140/100 &cf31rl&cfff&cf31:5&cfff [mega] 
(rst): >&c777rst:&cfff 0/-12 [ya] 
(rst): >&c777rst:&cfff &cf2apack&cfff at [spikes]
(ganon): >&c479gan:&cfff 0/70 &cf31rl&cfff&cf31:5&cfff [quad] 
(carapace): >&c693car:&cfff &c991y&cfff140/100 &cf31rl&cfff&cf31:10&cfff [quad-stairs] 
[8] minutes remaining
Team []sr[] leads by 36 frags
(ganon): >&c479gan:&cfff &c0b0safe&cfff [ya]
(ganon): >&c479gan:&cfff &c0b0safe&cfff [ya]
(bps): >&cc93bps:&cfff &cf00lost&cfff [cross] 4
(rst): >&c777rst:&cfff 0/-12 [quad] 
(carapace): >&c693car:&cfff &cf00lost&cfff [quad] 3
(carapace): >&c693car:&cfff &cf00lost&cfff [quad] 3
(carapace): >&c693car:&cfff &cf00lost&cfff [quad] 3
(carapace): >&c693car:&cfff &cf00lost&cfff [quad] 3
(rst): >&c777rst:&cfff &cf00lost&cfff [quad-stairs] 2
(rst): >&c777rst:&cfff &cf00lost&cfff [quad-stairs] 2
(rst): >&c777rst:&cfff &cf00lost&cfff [quad-stairs] 2
(carapace): >&c693car:&cfff took gl [gl]
(bps): >&cc93bps:&cfff carapace at [gl]
(carapace): >&c693car:&cfff 0/100 gl [gl] rox:5 
(bps): >&cc93bps:&cfff &cf00lost&cfff [quad] 2
(carapace): >&c693car:&cfff 0/77 gl [ya] rox:4 
(bps): >&cc93bps:&cfff &cf00rl nmy&cfff [mega-low]
(carapace): >&c693car:&cfff &c991y&cfff150/77 gl [ya] rox:4 
(bps): >&cc93bps:&cfff &cf00rl nmy&cfff [mega-low]
(rst): >&c777rst:&cfff &cf00lost&cfff [quad-stairs] 1
(bps): >&cc93bps:&cfff ganon at [gl]
(carapace): >&c693car:&cfff &c991y&cfff150/100 gl [water-rl] rox:10 
(bps): >&cc93bps:&cfff &c0b0safe&cfff [bridge]
(carapace): >&c693car:&cfff &c991y&cfff150/100 gl [rl] rox:10 
(bps): >&cc93bps:&cfff &c0b0ga&cfff at [ga]
(rst): >&c777rst:&cfff &c693g&cfff18/-1 ssg [quad] rox:5 
(rst): >&c777rst:&cfff &cf00lost&cfff [quad] 2
(rst): >&c777rst:&cfff &cf00lost&cfff [quad] 2
(rst): >&c777rst:&cfff &cf00lost&cfff [quad] 2
(rst): >&c777rst:&cfff &cf00lost&cfff [quad] 2
(carapace): >&c693car:&cfff &c991y&cfff150/100 gl [rl] rox:10 
(bps): >&cc93bps:&cfff took &c0b0ga&cfff [ga]
(carapace): >&c693car:&cfff &c991y&cfff150/100 gl [rl] rox:10 
(bps): >&cc93bps:&cfff &c693g&cfff71/33 [water-rl] 
(carapace): >&c693car:&cfff &c991y&cfff150/100 gl [rl] rox:10 
[7] minutes remaining
Team []sr[] leads by 32 frags
(rst): >&c777rst:&cfff &c0b0safe&cfff [quad-stairs]
(rst): >&c777rst:&cfff &c0b0safe&cfff [quad-stairs]
(carapace): >&c693car:&cfff &c991y&cfff135/91 &cf31rl&cfff&cf31:15&cfff [rl] 
(ganon): >&c479gan:&cfff &c991y&cfff19/100 &cf31rl&cfff&cf31:17&cfff [ya] 
(ganon): >&c479gan:&cfff &c991y&cfff19/100 &cf31rl&cfff&cf31:17&cfff [ya] 
(ganon): >&c479gan:&cfff &c991y&cfff19/100 &cf31rl&cfff&cf31:17&cfff [ya] 
(rst): >&c777rst:&cfff &cf00lost&cfff [quad-box] 1
(rst): >&c777rst:&cfff &cf00lost&cfff [quad-box] 1
(rst): >&c777rst:&cfff &cf00lost&cfff [quad-box] 1
(rst): >&c777rst:&cfff &cf00lost&cfff [quad-box] 1
(carapace): >&c693car:&cfff &c0b0team&cfff &c05fquad&cfff
(carapace): >&c693car:&cfff &c0b0team&cfff &c05fquad&cfff
(rst): >&c777rst:&cfff &c693g&cfff25/-24 ssg [cross] 
(rst): >&c777rst:&cfff &cf00lost&cfff [rl] 2
(rst): >&c777rst:&cfff &cf00lost&cfff [rl] 2
(rst): >&c777rst:&cfff &cf00lost&cfff [rl] 2
(rst): >&c777rst:&cfff &cf00lost&cfff [rl] 2
(rst): >&c777rst:&cfff &cf00lost&cfff [rl] 2
(carapace): >&c693car:&cfff coming [gl] need armor
(carapace): >&c693car:&cfff &c991y&cfff8/94 &cf31rl&cfff&cf31:10&cfff [ya] &c05fquad&cfff
(ganon): >&c479gan:&cfff &cf00lost&cfff [bridge] 3
(ganon): >&c479gan:&cfff &cf00lost&cfff [bridge] 3
(ganon): >&c479gan:&cfff &cf00lost&cfff [bridge] 3
Quad Damage is wearing off
(bps): >&cc93bps:&cfff &cf00lost&cfff [bridge-room] 3
(rst): >&c777rst:&cfff 0/-58 sng [bridge] rox:18 
(rst): >&c777rst:&cfff &cf00lost&cfff [bridge] 2
(rst): >&c777rst:&cfff &cf00lost&cfff [bridge] 2
(rst): >&c777rst:&cfff &cf00lost&cfff [bridge] 2
(rst): >&c777rst:&cfff &cf00lost&cfff [bridge] 2
(bps): >&cc93bps:&cfff 0/100 sng [mega-sng] 
(carapace): >&c693car:&cfff &c991y&cfff150/94 &cf31rl&cfff&cf31:10&cfff [ya] 
(bps): >&cc93bps:&cfff took &c0ffmega&cfff [mega]
[6] minutes remaining
Team []sr[] leads by 19 frags
(carapace): >&c693car:&cfff took gl [gl]
(bps): >&cc93bps:&cfff 0/107 sng [cross] 
(rst): >&c777rst:&cfff &c0b0safe&cfff [quad]
(rst): >&c777rst:&cfff &c0b0safe&cfff [quad-stairs]
(rst): >&c777rst:&cfff &c0b0safe&cfff [quad-stairs]
(bps): >&cc93bps:&cfff 0/54 [start-stairs] 
(bps): >&cc93bps:&cfff 0/100 [ssg] 
(rst): >&c777rst:&cfff 0/-8 [cross] 
(bps): >&cc93bps:&cfff 0/100 [gl] 
(carapace): >&c693car:&cfff &c991y&cfff150/100 &cf31rl&cfff&cf31:11&cfff [ya] &c05fquad&cfff
(bps): >&cc93bps:&cfff &cf00rl nmy&cfff [water-spikes]
(bps): >&cc93bps:&cfff &cf00rl nmy&cfff [water-spikes]
(bps): >&cbb0>&cfff &c0b0weapon killed!&cfff &c9b0(at water-spikes)&cfff \&c0ff0&cfff/
(bps): >&cbb0>&cfff &c0b0weapon killed!&cfff &c9b0(at water-spikes)&cfff \&c0ff0&cfff/
(bps): >&cbb0>&cfff &c0b0weapon killed!&cfff &c9b0(at water-spikes)&cfff \&c0ff0&cfff/
Quad Damage is wearing off
(carapace): >&c693car:&cfff &c991y&cfff119/100 &cf31rl&cfff&cf31:36&cfff [cross] 
(rst): >&c777rst:&cfff 0/92 sng [rl] 
(rst): >&c777rst:&cfff 0/92 sng [rl] 
(rst): >&c777rst:&cfff 0/92 sng [rl] 
(rst): >&c777rst:&cfff 0/92 sng [rl] 
(carapace): >&c693car:&cfff coming [gl-quad] need nothing
(bps): >&cc93bps:&cfff ganon at [ya]
[5] minutes remaining
Team []sr[] leads by 11 frags
(bps): >&cc93bps:&cfff 0/37 [ga] 
(rst): >&c777rst:&cfff &cf00lost&cfff [rl] 3
(rst): >&c777rst:&cfff &cf00lost&cfff [rl] 3
(rst): >&c777rst:&cfff &cf00lost&cfff [rl] 3
(rst): >&c777rst:&cfff &cf00lost&cfff [rl] 3
(rst): >&c777rst:&cfff &cf00lost&cfff [rl] 3
(carapace): >&c693car:&cfff took &cff0ya&cfff [ya]
(bps): >&cc93bps:&cfff rst at [mega-low]
(bps): >&cc93bps:&cfff get &c05fquad&cfff
(bps): >&cc93bps:&cfff get &c05fquad&cfff
(rst): >&c777rst:&cfff replace [mega]
(rst): >&c777rst:&cfff &cf00lost&cfff [mega] 2
(rst): >&c777rst:&cfff &cf00lost&cfff [mega] 2
(rst): >&c777rst:&cfff &cf00lost&cfff [mega] 2
(rst): >&c777rst:&cfff &cf00lost&cfff [mega] 2
(rst): >&c777rst:&cfff &cf00lost&cfff [mega] 2
(carapace): >&c693car:&cfff &c991y&cfff100/99 &cf31rl&cfff&cf31:26&cfff [quad] &c05fquad&cfff
(bps): >&cc93bps:&cfff 0/70 [ya] 
(bps): >&cc93bps:&cfff &cf00lost&cfff [ya] 2
(carapace): >&c693car:&cfff coming [quad] need armor
(rst): >&c777rst:&cfff &c0b0safe&cfff [cross]
(rst): >&c777rst:&cfff &c0b0safe&cfff [cross]
(carapace): >&c693car:&cfff &cf00lost&cfff [gl-stairs] 1
(carapace): >&c693car:&cfff &cf00lost&cfff [gl-stairs] 1
(carapace): >&c693car:&cfff &cf00lost&cfff [gl-stairs] 1
(carapace): >&c693car:&cfff &cf00lost&cfff [gl-stairs] 1
(. zero): >000 0/100 sg:24 [gl.quad] 
(. zero): >000 &cf00LOST&cfff [gl] 1
(. zero): >000 &cf00LOST&cfff [gl] 1
(. zero): >000 &cf00LOST&cfff [gl] 1
(. zero): >000 &cf00LOST&cfff [gl] 1
(. Gamer): >&c900 gmr:&cfff 0/100 ssg [ssg] 
(. zero): >000 0/88 sg:21 [ya] 
(. ParadokS): >&cfd2para:&cfff &cff0101&cfff/100 sg [water.rl] 
(. ParadokS): >&cfd2para:&cfff &cff0101&cfff/100 sg [water.rl] 
(. zero): >000 &cf00LOST&cfff [gl.stairs] 2
(. zero): >000 &cf00LOST&cfff [gl.stairs] 2
(. zero): >000 &cf00LOST&cfff [gl.stairs] 2
(. zero): >000 &cf00LOST&cfff [gl.stairs] 2
(. zero): >000 &cf00LOST&cfff [gl.stairs] 2
(. niw): >&ce26 niw:&cfff &cff075&cfff/91 &cf13rl&cfff:0 [ssg.spikes] 
(. niw): >&ce26 niw:&cfff &cff075&cfff/91 &cf13rl&cfff:0 [ssg.spikes] 
(. ParadokS): >&cfd2para:&cfff &cff0101&cfff/100 sg [rl] 
(. ParadokS): >&cfd2para:&cfff &cff0101&cfff/100 sg [rl] 
(. ParadokS): >&cfd2para:&cfff &cff0101&cfff/100 sg [rl] 
(. zero): >000 0/100 sg:24 [mega.low] 
(. zero): >000 0/100 sg:24 [mega.low] 
(. zero): >000 &c0b0SAFE&cfff [mega.sng] sg:24
(. zero): >000 &c0b0SAFE&cfff [mega.sng] sg:24
(. zero): >000 &c0b0SAFE&cfff [mega.sng] sg:24
[4] minutes remaining
Team []sr[] leads by 12 frags
(. niw): >&ce26 niw:&cfff &cff075&cfff/91 &cf13rl&cfff:0 [cross] 
(. niw): >&ce26 niw:&cfff &cff075&cfff/91 &cf13rl&cfff:0 [cross] 
(. niw): >&ce26 niw:&cfff &cff075&cfff/91 &cf13rl&cfff:0 [cross] 
(. ParadokS): >&cfd2para:&cfff &c0b0safe&cfff &c0b0[&cfffrl&c0b0]&cfff &cff068&cfff / sg
(. ParadokS): >&cfd2para:&cfff &c0b0safe&cfff &c0b0[&cfffrl&c0b0]&cfff &cff068&cfff / sg
(. Gamer): >&c900 gmr:&cfff coming [water.ga]
(. zero): >000 0/100 sng:80 [cross] 
(. zero): >000 0/100 sng:80 [cross] 
(. ParadokS): >&cfd2para:&cfff &cff068&cfff/81 sg [rl] 
(. Gamer): >&c900 gmr:&cfff &c0b0100&cfff/77 ssg [water.ga] 
(. niw): >&ce26 niw:&cfff &cff075&cfff/100 &cf13rl&cfff:5 [mega.rox] 
(. niw): >&ce26 niw:&cfff &cff075&cfff/100 &cf13rl&cfff:5 [mega] 
(. niw): >&ce26 niw:&cfff &cff075&cfff/200 &cf13rl&cfff:5 [mega.low] 
(. ParadokS): >&cfd2para:&cfff took &cf13rl&cfff [rl]
(. ParadokS): >&cfd2para:&cfff took &cf13rl&cfff [rl]
(. Gamer): >&c900 gmr:&cfff &c0b0100&cfff/77 ssg [cross.water] 
(. niw): >&ce26 niw:&cfff &cff075&cfff/200 &cf13rl&cfff:3 [quad.stairs] 
(. zero): >000 &cf00LOST&cfff [door] 1
(. zero): >000 &cf00LOST&cfff [door] 1
(. zero): >000 &cf00LOST&cfff [door] 1
(. niw): >&ce26 niw:&cfff &cff019&cfff/163 &cf13rl&cfff:32 [quad] 
(. zero): >000 &cf00LOST&cfff [door] 1
(. niw): >&ce26 niw:&cfff &cff019&cfff/163 &cf13rl&cfff:32 [quad] 
(. zero): >000 &cf00LOST&cfff [door] 1
(. zero): >000 0/100 sg:20 [bridge] 
(. Gamer): >&c900 gmr:&cfff &c0b0100&cfff/77 ssg [quad.stairs] 
(. zero): >000 &cf00LOST&cfff [cross] 2
(. zero): >000 &cf00LOST&cfff [cross] 2
(. zero): >000 &cf00LOST&cfff [cross] 2
(. zero): >000 &cf00LOST&cfff [cross] 2
(. zero): >000 0/100 sg:24 [start] 
(. ParadokS): >&cfd2para:&cfff &cf00lost&cfff &cf00[&cfffquad&cf00]&cfff 1
(. ParadokS): >&cfd2para:&cfff &cf2apack&cfff at [quad]
(. niw): >&ce26 niw:&cfff 0/95 &cf13rl&cfff:22 [quad] &c05fquad&cfff
(. niw): >&ce26 niw:&cfff 0/95 &cf13rl&cfff:22 [quad] &c05fquad&cfff
(. Gamer): >&c900 gmr:&cfff coming [water.ga]
(. Gamer): >&c900 gmr:&cfff 0/100 sg [water.rl] 
(. niw): >&ce26 niw:&cfff 0/100 &cf13rl&cfff:22 [mega.entry] &c05fquad&cfff
(. niw): >&ce26 niw:&cfff 0/100 &cf13rl&cfff:22 [mega.low] &c05fquad&cfff
(. zero): >000 &cf00LOST&cfff [rl] 2
(. zero): >000 &cf00LOST&cfff [rl] 2
(. zero): >000 &cf00LOST&cfff [rl] 2
(. niw): >&ce26 niw:&cfff &c0b0team&cfff &c05fquad&cfff [mega] need armor 
(. zero): >000 &cf00LOST&cfff [rl] 2
(. niw): >&ce26 niw:&cfff &c0b0team&cfff &c05fquad&cfff [mega] need armor 
(. zero): >000 &cf00LOST&cfff [rl] 2
(. niw): >&ce26 niw:&cfff &c0b0team&cfff &c05fquad&cfff [mega.rox] need armor 
(. niw): >&ce26 niw:&cfff &c0b0team&cfff &c05fquad&cfff [mega.rox] need armor 
(. niw): >&ce26 niw:&cfff &c0b0team&cfff &c05fquad&cfff [mega.rox] need armor 
(. niw): >&ce26 niw:&cfff &c0b0team&cfff &c05fquad&cfff [mega.rox] need armor 
(. ParadokS): >&cfd2para:&cfff &c0b0safe&cfff &c0b0[&cfffgl&c0b0]&cfff sg
(. ParadokS): >&cfd2para:&cfff &c0b0safe&cfff &c0b0[&cfffgl&c0b0]&cfff sg
(. Gamer): >&c900 gmr:&cfff 0/32 sg [rl] 
(. ParadokS): >&cfd2para:&cfff &c0b0safe&cfff &c0b0[&cfffgl&c0b0]&cfff sg
(. Gamer): >&c900 gmr:&cfff 0/32 &cf13rl&cfff:5 [rl] 
(. zero): >000 &cf00LOST&cfff [ya] 2
(. niw): >&ce26 niw:&cfff 0/100 &cf13rl&cfff:26 [mega.rox] &c05fquad&cfff
(. zero): >000 &cf00LOST&cfff [ya] 2
(. niw): >&ce26 niw:&cfff 0/100 &cf13rl&cfff:26 [mega.rox] &c05fquad&cfff
(. zero): >000 &cf00LOST&cfff [ya] 2
(. zero): >000 &cf00LOST&cfff [ya] 2
(. zero): >000 &cf00LOST&cfff [ya] 2
(. Gamer): >&c900 gmr:&cfff 0/32 &cf13rl&cfff:5 [rl] 
(. zero): >000 &cf00LOST&cfff [ya] 2
(. zero): >000 &cf00LOST&cfff [ya] 2
(. zero): >000 0/100 sg:24 [gl.quad] 
(. zero): >000 0/100 sg:24 [gl.quad] 
(. Gamer): >&c900 gmr:&cfff 0/32 &cf13rl&cfff:5 [start.rl] 
(. niw): >&ce26 niw:&cfff 0/100 &cf13rl&cfff:26 [mega] &c05fquad&cfff
(. niw): >&ce26 niw:&cfff 0/100 &cf13rl&cfff:26 [mega] &c05fquad&cfff
(. ParadokS): >&cfd2para:&cfff &cf00lost&cfff &cf00[&cfffgl&cf00]&cfff 1
(. ParadokS): >&cfd2para:&cfff &cf00lost&cfff &cf00[&cfffgl&cf00]&cfff 1
(. Gamer): >&c900 gmr:&cfff 0/62 &cf13rl&cfff:5 [start.hide] 
(. Gamer): >&c900 gmr:&cfff 0/62 &cf13rl&cfff:5 [start.stairs] 
(. niw): >&ce26 niw:&cfff 0/200 &cf13rl&cfff:26 [mega] &c05fquad&cfff
(. niw): >&ce26 niw:&cfff 0/200 &cf13rl&cfff:26 [mega] &c05fquad&cfff
(. Gamer): >&c900 gmr:&cfff 0/87 &cf13rl&cfff:5 [bridge.room] 
(. zero): >000 &cf00LOST&cfff [ya.spikes] 2
(. zero): >000 &cf00LOST&cfff [ya.spikes] 2
(. zero): >000 &cf00LOST&cfff [ya.spikes] 2
(. zero): >000 &cf00LOST&cfff [ya.spikes] 2
(. zero): >000 &cf00LOST&cfff [ya.spikes] 2
(. Gamer): >&c900 gmr:&cfff 0/87 &cf13rl&cfff:5 [door] 
(. zero): >000 &cf00LOST&cfff [ya] 2
Quad Damage is wearing off
(. zero): >000 &cf00LOST&cfff [ya] 2
(. zero): >000 &cf00LOST&cfff [ya] 2
(. Gamer): >&c900 gmr:&cfff coming [quad.stairs]
(. ParadokS): >&cfd2para:&cfff &cf00lost&cfff &cf00[&cfffgl.quad&cf00]&cfff 1
(. ParadokS): >&cfd2para:&cfff &cf00lost&cfff &cf00[&cfffgl.quad&cf00]&cfff 1
(. zero): >000 &cf00LOST&cfff [ya.spikes] 1
(. zero): >000 &cf00LOST&cfff [ya.spikes] 1
(. zero): >000 &cf00LOST&cfff [ya.spikes] 1
(. Gamer): >&c900 gmr:&cfff 0/56 &cf13rl&cfff:14 [gl.rox] 
[3] minutes remaining
Team []sr[] leads by 18 frags
(. Gamer): >&c900 gmr:&cfff 0/56 &cf13rl&cfff:14 [gl] 
(. zero): >000 0/100 sg:24 [ga] 
(. zero): >000 0/100 sg:24 [ga] 
(. Gamer): >&c900 gmr:&cfff &c0b0safe&cfff &c0b0[&cfffgl&c0b0]&cfff &cf13rl&cfff
(. niw): >&ce26 niw:&cfff 0/77 &cf13rl&cfff:21 [ya] 
(. zero): >000 &cf00LOST&cfff [ga] 2
(. niw): >&ce26 niw:&cfff 0/77 &cf13rl&cfff:21 [ya] 
(. zero): >000 &cf00LOST&cfff [ga] 2
(. zero): >000 &cf00LOST&cfff [ga] 2
(. zero): >000 &cf00LOST&cfff [ga] 2
(. zero): >000 &cf00LOST&cfff [ga] 2
(. Gamer): >&c900 gmr:&cfff 0/71 &cf13rl&cfff:14 [gl] 
(. zero): >000 0/76 sg:22 [rl] 
no weapon
(. zero): >000 0/76 sg:22 [rl] 
(. zero): >000 took &c2aarl&cfff [rl]
(. zero): >000 took &c2aarl&cfff [rl]
(. ParadokS): >&cfd2para:&cfff &cf00lost&cfff &cf00[&cfffcross.water&cf00]&cfff 2
(. ParadokS): >&cfd2para:&cfff &cf00lost&cfff &cf00[&cfffcross.water&cf00]&cfff 2
(. niw): >&ce26 niw:&cfff &cff0121&cfff/39 &cf13rl&cfff:32 [gl] 
(. niw): >&ce26 niw:&cfff &cff0121&cfff/39 &cf13rl&cfff:32 [gl.quad] 
(. niw): >&ce26 niw:&cfff &cff0121&cfff/39 &cf13rl&cfff:32 [gl.quad] 
(. niw): >&ce26 niw:&cfff &cff0121&cfff/39 &cf13rl&cfff:32 [gl.quad] 
(. niw): >&ce26 niw:&cfff &cff0121&cfff/84 &cf13rl&cfff:32 [quad] 
(. niw): >&ce26 niw:&cfff &cff0121&cfff/84 &cf13rl&cfff:32 [quad] 
(. zero): >000 0/92 &c2aarl&cfff:2 [ya.spikes] 
(. zero): >000 0/92 &c2aarl&cfff:2 [ya.spikes] 
(. zero): >000 0/100 &c2aarl&cfff:2 [ya] 
(. zero): >000 0/100 &c2aarl&cfff:2 [ya] 
(. ParadokS): >&cfd2para:&cfff 0/100 sg [gl.quad] 
(. niw): >&ce26 niw:&cfff &cff0121&cfff/84 &cf13rl&cfff:27 [gl.quad] &c05fquad&cfff
(. niw): >&ce26 niw:&cfff &cff0121&cfff/84 &cf13rl&cfff:27 [gl.quad] &c05fquad&cfff
(. zero): >000 0/100 &c2aarl&cfff:2 [gl] 
(. zero): >000 0/100 &c2aarl&cfff:2 [gl] 
(. zero): >000 0/100 &c2aarl&cfff:2 [gl.rox] 
(. zero): >000 0/100 &c2aarl&cfff:2 [gl.rox] 
(. zero): >000 0/91 &c2aarl&cfff:1 [gl] 
(. zero): >000 0/91 &c2aarl&cfff:1 [gl] 
(. zero): >000 0/91 &c2aarl&cfff:0 [ya.water] 
(. zero): >000 0/91 &c2aarl&cfff:0 [ya.water] 
(. zero): >000 0/91 &c2aarl&cfff:0 [ya.water] 
(. zero): >000 0/91 &c2aarl&cfff:0 [ya.water] 
(. zero): >000 0/91 &c2aarl&cfff:0 [ya.water] 
(. zero): >000 0/91 &c2aarl&cfff:0 [ya.water] 
(. zero): >000 0/91 &c2aarl&cfff:0 [ya.tele] 
(. zero): >000 0/91 &c2aarl&cfff:0 [ya.tele] 
(. zero): >000 0/91 &c2aarl&cfff:0 [ya.tele] 
(. zero): >000 0/91 &c2aarl&cfff:0 [ya.tele] 
(. Gamer): >&c900 gmr:&cfff coming [spikes]
(. Gamer): >&c900 gmr:&cfff coming [spikes]
(. zero): >000 0/97 &c2aarl&cfff:0 [door] 
(. Gamer): >&c900 gmr:&cfff took &cff0ya&cfff [ya]
(. zero): >000 0/97 &c2aarl&cfff:0 [spikes] 
(. zero): >000 0/97 &c2aarl&cfff:0 [spikes] 
(. zero): >000 0/100 &c2aarl&cfff:0 [spikes] 
(. zero): >000 0/100 &c2aarl&cfff:0 [spikes] 
(. zero): >000 0/100 &c2aarl&cfff:0 [spikes] 
(. zero): >000 0/100 &c2aarl&cfff:0 [ya.spikes] 
(. zero): >000 0/100 &c2aarl&cfff:0 [ya.spikes] 
(. Gamer): >&c900 gmr:&cfff &cff0150&cfff/100 ssg [ssg] 
Quad Damage is wearing off
(. Gamer): >&c900 gmr:&cfff &cff0150&cfff/100 ssg [water.ga] 
(. zero): >000 0/100 &c2aarl&cfff:0 [ya] 
(. zero): >000 0/100 &c2aarl&cfff:0 [ya] 
(. zero): >000 0/100 &c2aarl&cfff:0 [ya] 
(. Gamer): >&c900 gmr:&cfff &cff0150&cfff/100 ssg [rl] 
(. zero): >000 0/100 &c2aarl&cfff:0 [ya] 
(. zero): >000 0/100 &c2aarl&cfff:0 [ya.spikes] 
(. niw): >&ce26 niw:&cfff &cff0118&cfff/100 &cf13rl&cfff:15 [ya] 
(. zero): >000 0/100 &c2aarl&cfff:0 [ya] 
(. zero): >000 0/100 &c2aarl&cfff:0 [ya] 
(. Gamer): >&c900 gmr:&cfff &c0b0safe&cfff &c0b0[&cfffrl&c0b0]&cfff &cff0150&cfff / ssg
[2] minutes remaining
Team []sr[] leads by 21 frags
(. zero): >000 0/100 &c2aarl&cfff:0 [ya] 
(. niw): >&ce26 niw:&cfff &cff0118&cfff/100 &cf13rl&cfff:14 [ya] 
(. Gamer): >&c900 gmr:&cfff &cff0150&cfff/100 ssg [rl] 
(. niw): >&ce26 niw:&cfff &cff0118&cfff/100 &cf13rl&cfff:14 [ya] 
(. zero): >000 0/84 &c2aarl&cfff:0 [ya] 
(. zero): >000 0/84 &c2aarl&cfff:0 [ya] 
(. zero): >000 0/84 &c2aarl&cfff:0 [ya] 
(. Gamer): >&c900 gmr:&cfff &cff0150&cfff/100 ssg [rl] 
(. zero): >000 0/84 &c2aarl&cfff:0 [ya] 
(. zero): >000 0/84 &c2aarl&cfff:0 [ya] 
(. Gamer): >&c900 gmr:&cfff took &cf13rl&cfff [rl]
(. zero): >000 &cff0ya&cfff150/84 &c2aarl&cfff:0 [ya] 
(. zero): >000 &cff0ya&cfff150/84 &c2aarl&cfff:0 [ya] 
(. Gamer): >&c900 gmr:&cfff &cff0150&cfff/100 &cf13rl&cfff:5 [rl] 
(. zero): >000 &cff0ya&cfff150/84 &c2aarl&cfff:0 [ya] 
(. Gamer): >&c900 gmr:&cfff &cff0150&cfff/100 &cf13rl&cfff:5 [start.rl] 
(. niw): >&ce26 niw:&cfff &cff0118&cfff/100 &cf13rl&cfff:14 [gl.quad] 
(. zero): >000 &cff0ya&cfff150/100 &c2aarl&cfff:10 [gl.rox] 
(. zero): >000 &cff0ya&cfff150/100 &c2aarl&cfff:10 [gl.rox] 
(. zero): >000 &cff0ya&cfff150/100 &c2aarl&cfff:10 [gl.quad] 
(. zero): >000 &cff0ya&cfff150/100 &c2aarl&cfff:8 [quad] 
(. Gamer): >&c900 gmr:&cfff &cff0105&cfff/73 &cf13rl&cfff:3 [cross] 
(. zero): >000 &cff0ya&cfff150/100 &c2aarl&cfff:8 [quad] 
(. Gamer): >&c900 gmr:&cfff coming [door]
(. zero): >000 &cff0ya&cfff140/94 &c2aarl&cfff:8 [quad.box] 
(. zero): >000 &cff0ya&cfff140/94 &c2aarl&cfff:8 [quad.box] 
(. zero): >000 &cff0ya&cfff140/94 &c2aarl&cfff:8 [quad.box] &c05fquad&cfff
(. zero): >000 &cff0ya&cfff140/94 &c2aarl&cfff:8 [quad.box] &c05fquad&cfff
(. niw): >&ce26 niw:&cfff 0/100 &cf13rl&cfff:3 [quad] 
(. niw): >&ce26 niw:&cfff 0/100 &cf13rl&cfff:3 [quad] 
(. niw): >&ce26 niw:&cfff 0/100 &cf13rl&cfff:3 [gl.quad] 
(. niw): >&ce26 niw:&cfff 0/100 &cf13rl&cfff:3 [gl] 
(. zero): >000 &cff0ya&cfff140/94 &c2aarl&cfff:7 [ya] &c05fquad&cfff
(. ParadokS): >&cfd2para:&cfff coming [gl]
(. zero): >000 &cff0ya&cfff140/94 &c2aarl&cfff:7 [ya] &c05fquad&cfff
(. ParadokS): >&cfd2para:&cfff coming [gl]
(. ParadokS): >&cfd2para:&cfff &cff0ya&cfff at [ya]
(. zero): >000 &cff0ya&cfff140/94 &c2aarl&cfff:7 [gl.stairs] &c05fquad&cfff
(. Gamer): >&c900 gmr:&cfff coming [spikes]
(. niw): >&ce26 niw:&cfff &cff0135&cfff/91 &cf13rl&cfff:2 [ya.water] 
(. niw): >&ce26 niw:&cfff &cff0135&cfff/91 &cf13rl&cfff:2 [ya.water] 
[01:20] remaining
Team []sr[] = 233
Team [-s-] = 204
(. Gamer): >&c900 gmr:&cfff &c0b068&cfff/21 &cf13rl&cfff:0 [ya.spikes] 
(. zero): >000 &cf00LOST&cfff [ga] 1
(. zero): >000 &cf00LOST&cfff [ga] 0
(. zero): >000 &cff0ya&cfff39/79 &c2aarl&cfff:15 [quad.stairs] &c05fquad&cfff
(. Gamer): >&c900 gmr:&cfff took &c0b0ga&cfff [ga]
(. ParadokS): >&cfd2para:&cfff &cf00lost&cfff &cf00[&cfffya.spikes&cf00]&cfff 2
[01:08] remaining
Team []sr[] = 236
Team [-s-] = 206
Quad Damage is wearing off
[01:08] remaining
Team []sr[] = 236
Team [-s-] = 206
[01:05] remaining
Team []sr[] = 237
Team [-s-] = 206
(. zero): >000 &cff0ya&cfff39/100 &c2aarl&cfff:18 [mega] &c05fquad&cfff
(. zero): >000 &cff0ya&cfff39/100 &c2aarl&cfff:18 [mega] &c05fquad&cfff
(. Gamer): >&c900 gmr:&cfff coming [water.ga]
(. zero): >000 &cff0ya&cfff39/100 &c2aarl&cfff:16 [cross] 
[1] minute remaining
Team []sr[] leads by 31 frags
(. zero): >000 &cff0ya&cfff39/100 &c2aarl&cfff:13 [cross] 
(. zero): >000 &cff0ya&cfff39/100 &c2aarl&cfff:13 [mega.entry] 
(. zero): >000 &cff0ya&cfff39/100 &c2aarl&cfff:13 [mega.entry] 
(. ParadokS): >&cfd2para:&cfff &cf2apack&cfff at [rl]
(. Gamer): >&c900 gmr:&cfff &c0b060&cfff/20 sg [rl] 
(. zero): >000 &cff0ya&cfff39/100 &c2aarl&cfff:13 [mega] 
(. zero): >000 &cff0ya&cfff39/200 &c2aarl&cfff:13 [mega] 
(. zero): >000 &cff0ya&cfff39/200 &c2aarl&cfff:13 [mega] 
(. zero): >000 &cff0ya&cfff39/200 &c2aarl&cfff:13 [mega] 
(. niw): >&ce26 niw:&cfff 0/44 &cf13rl&cfff:7 [cross] 
(. ParadokS): >&cfd2para:&cfff took &cf13rl&cfff [rl]
(. zero): >000 &cff0ya&cfff39/200 &c2aarl&cfff:13 [cross] 
(. ParadokS): >&cfd2para:&cfff took &cf13rl&cfff [rl]
(. niw): >&ce26 niw:&cfff 0/94 &cf13rl&cfff:7 [mega.low] 
(. niw): >&ce26 niw:&cfff 0/94 &cf13rl&cfff:7 [mega.low] 
(. zero): >000 &c0b0SAFE&cfff [cross] &c2aarl&cfff:13
[00:50] remaining
Team []sr[] = 239
Team [-s-] = 205
(. zero): >000 &cf00LOST&cfff [cross] 3
(. zero): >000 &cf00LOST&cfff [cross] 3
(. zero): >000 &cf00LOST&cfff [cross] 3
no weapon
[00:41] remaining
Team []sr[] = 241
Team [-s-] = 205
(. niw): >&ce26 niw:&cfff 0/58 &cf13rl&cfff:8 [mega.rox] 
(. niw): >&ce26 niw:&cfff 0/58 &cf13rl&cfff:8 [mega.rox] 
(. niw): >&ce26 niw:&cfff 0/58 &cf13rl&cfff:8 [mega] 
(. zero): >000 &cf00LOST&cfff [cross] 1
(. zero): >000 &cf00LOST&cfff [cross] 1
(. zero): >000 0/100 sg:24 [quad.box] &c05fquad&cfff
(. zero): >000 0/100 sg:24 [quad.box] &c05fquad&cfff
(. zero): >000 0/100 sg:24 [quad] &c05fquad&cfff
(. zero): >000 0/100 sg:24 [quad] &c05fquad&cfff
[30] seconds
(. niw): >&ce26 niw:&cfff 0/58 &cf13rl&cfff:7 [mega] 
(. ParadokS): >&cfd2para:&cfff &c0b0safe&cfff &c0b0[&cfffcross&c0b0]&cfff &cf13rl&cfff
(. niw): >&ce26 niw:&cfff 0/200 &cf13rl&cfff:7 [mega] 
(. niw): >&ce26 niw:&cfff 0/200 &cf13rl&cfff:7 [mega] 
(. niw): >&ce26 niw:&cfff 0/200 &cf13rl&cfff:7 [cross] 
(. niw): >&ce26 niw:&cfff 0/200 &cf13rl&cfff:7 [cross] 
(. zero): >000 &cf00LOST&cfff [water.ga] 1
(. zero): >000 &cf00LOST&cfff [water.ga] 1
[00:19] remaining
Team []sr[] = 246
Team [-s-] = 208
(. niw): >&ce26 niw:&cfff 0/154 &cf13rl&cfff:16 [gl.quad] 
(. niw): >&ce26 niw:&cfff 0/154 &cf13rl&cfff:16 [gl] 
[15] seconds
. niw: all ping baby
(. Gamer): >&c900 gmr:&cfff &c0b0safe&cfff &c0b0[&cfffgl.stairs&c0b0]&cfff sg
[10] seconds
[9] seconds
[8] seconds
. niw: :)
(. ParadokS): >&cfd2para:&cfff &c0b056&cfff/1 &cf13rl&cfff:5 [ya.spikes] 
(. zero): >000 0/100 sg:24 [mega.low] 
[7] seconds
. niw: :)
. niw: :)
. niw: :)
[6] seconds
. niw: :)
. niw: :)
[5] seconds
[4] seconds
(. ParadokS): >&cfd2para:&cfff &c0b056&cfff/26 &cf13rl&cfff:4 [ya] 
(. ParadokS): >&cfd2para:&cfff &c0b056&cfff/26 &cf13rl&cfff:4 [ya] 
(. ParadokS): >&cfd2para:&cfff &c0b056&cfff/26 &cf13rl&cfff:4 [ya] 
[3] seconds
[2] seconds
[1] second
(. ParadokS): >&cfd2para:&cfff &cf2apack&cfff at [ya]
(. ParadokS): >&cfd2para:&cfff &cf2apack&cfff at [ya]
(. ParadokS): >&cfd2para:&cfff &cf2apack&cfff at [ya]
The match is over
trigger "onmatchover" has no matching alias

Player statistics:
______________________________________
Frags (rank) friendkills . efficiency
Team []sr[]:
__________
_ . niw:
  72 (16) 3 56.2%
Wp: rl67.3% gl20.8% sg44.3% ssg51.1%
RL skill: ad:84.2 dh:16
Armr&mhs: ga:2 ya:15 ra:0 mh:5
Powerups: Q:3 P:0 R:0
      RL: Took:5 Killed:1 Dropped:1 Xfer:1
      LG: Took:0 Killed:0 Dropped:0
  Damage: Tkn:8776 Gvn:9920 EWep:1358 Tm:277 Self:518 ToDie:156
    Time: Quad:90
 Streaks: Frags:17 QuadRun:4
  SpawnFrags: 7
__________
_ . Gamer:
  48 (-13) 0 44.0%
Wp: rl65.6% gl50.0% sg44.4% ssg53.6%
RL skill: ad:76.5 dh:5
Armr&mhs: ga:4 ya:6 ra:0 mh:0
Powerups: Q:0 P:0 R:0
      RL: Took:8 Killed:0 Dropped:2
      LG: Took:0 Killed:0 Dropped:0
  Damage: Tkn:7912 Gvn:7147 EWep:987 Tm:173 Self:164 ToDie:129
    Time: Quad:0
 Streaks: Frags:14 QuadRun:0
  SpawnFrags: 2
__________
_ . ParadokS:
  55 (5) 5 52.4%
Wp: rl72.1% gl20.0% sg40.4% ssg46.4%
RL skill: ad:85.6 dh:13
Armr&mhs: ga:9 ya:4 ra:0 mh:8
Powerups: Q:1 P:0 R:0
      RL: Took:10 Killed:10 Dropped:4 Xfer:2
      LG: Took:0 Killed:0 Dropped:0
  Damage: Tkn:7664 Gvn:8237 EWep:1866 Tm:453 Self:328 ToDie:153
    Time: Quad:30
 Streaks: Frags:10 QuadRun:2
  SpawnFrags: 3
__________
_ . zero:
  76 (9) 5 53.1%
Wp: rl64.8% gl30.0% sg46.5% ssg31.5%
RL skill: ad:106.2 dh:10
Armr&mhs: ga:9 ya:7 ra:0 mh:3
Powerups: Q:4 P:0 R:0
      RL: Took:9 Killed:8 Dropped:3
      LG: Took:0 Killed:0 Dropped:0
  Damage: Tkn:9027 Gvn:10770 EWep:1798 Tm:640 Self:347 ToDie:134
    Time: Quad:97
 Streaks: Frags:17 QuadRun:7
  SpawnFrags: 5

Team [-s-]:
__________
_ bps:
  50 (-38) 2 36.2%
Wp: rl74.4% gl15.4% sg39.1% ssg49.1%
RL skill: ad:79.7 dh:6
Armr&mhs: ga:9 ya:3 ra:0 mh:2
Powerups: Q:2 P:0 R:0
      RL: Took:2 Killed:7 Dropped:1 Xfer:1
      LG: Took:0 Killed:0 Dropped:0
  Damage: Tkn:11008 Gvn:8469 EWep:2314 Tm:259 Self:145 ToDie:125
    Time: Quad:16
 Streaks: Frags:22 QuadRun:2
  SpawnFrags: 4
__________
_ carapace:
  83 (49) 3 70.9%
Wp: rl63.0% gl23.1% sg52.0% ssg36.0%
RL skill: ad:102.4 dh:12
Armr&mhs: ga:4 ya:14 ra:0 mh:8
Powerups: Q:8 P:0 R:0
      RL: Took:8 Killed:10 Dropped:4 Xfer:1
      LG: Took:0 Killed:0 Dropped:0
  Damage: Tkn:6909 Gvn:11220 EWep:2644 Tm:517 Self:420 ToDie:203
    Time: Quad:178
 Streaks: Frags:26 QuadRun:6
  SpawnFrags: 12
__________
_ ganon:
  35 (-45) 2 30.4%
Wp: rl52.4% gl15.8% sg52.2% ssg38.6%
RL skill: ad:82.2 dh:5
Armr&mhs: ga:9 ya:2 ra:0 mh:0
Powerups: Q:0 P:0 R:0
      RL: Took:5 Killed:6 Dropped:2
      LG: Took:0 Killed:0 Dropped:0
  Damage: Tkn:9091 Gvn:6271 EWep:1704 Tm:409 Self:255 ToDie:113
    Time: Quad:0
 Streaks: Frags:12 QuadRun:0
  SpawnFrags: 1
__________
_ rst:
  41 (-33) 1 35.7%
Wp: rl69.2% gl12.5% sg44.9% ssg47.9%
RL skill: ad:75.5 dh:1
Armr&mhs: ga:4 ya:4 ra:0 mh:3
Powerups: Q:2 P:0 R:0
      RL: Took:5 Killed:4 Dropped:3 Xfer:1
      LG: Took:0 Killed:0 Dropped:0
  Damage: Tkn:9066 Gvn:7419 EWep:2135 Tm:272 Self:122 ToDie:122
    Time: Quad:40
 Streaks: Frags:8 QuadRun:3
  SpawnFrags: 3

______________________________________
[]sr[] vs [-s-] match statistics:
______________________________________

weapons, powerups, armors&mhs, damage
______________________________________
[]sr[]: Wp: rl44 gl7 sg44% ssg47%
Powerups: Q:8 P:0 R:0
Armr&mhs: ga:24 ya:32 ra:0 mh:16
      RL: Took:32 Killed:19 Dropped:10 Xfer:3
      LG: Took:0 Killed:0 Dropped:0
  Damage: Tkn:33379 Gvn:36074 EWep:6009 Tm:1543
    Time: Quad:217
[-s-]: Wp: rl24 gl9 sg45% ssg44%
Powerups: Q:12 P:0 R:0
Armr&mhs: ga:26 ya:23 ra:0 mh:13
      RL: Took:20 Killed:27 Dropped:10 Xfer:3
      LG: Took:0 Killed:0 Dropped:0
  Damage: Tkn:36074 Gvn:33379 EWep:8797 Tm:1457
    Time: Quad:235
______________________________________
[e1m2] top scorers:
______________________________________
      Frags: carapace [83]
     Deaths: bps [88]
Friendkills: . ParadokS [5]
             . zero [5]
 Efficiency: carapace [70.9%]
 FragStreak: carapace [26]
    QuadRun: . zero [7]
  RL Killer: carapace [10]
             . ParadokS [10]
Boomsticker: ganon [52.2%]
   Survivor: carapace [203]
Annihilator: carapace [11220]

______________________________________

Team scores: frags . percentage
______________________________________
[]sr[]: 251 . 54.6%
[-s-]: 209 . 45.4%
______________________________________
. niw: ggs
Spectator [ServeMe] left the game
. Gamer: ggs
. ParadokS: ggs
rst: GGS
. zero: ggs
]log 04
