]playdemo 04
Playing demo from 04.mvd


_____________________________________

_Castle of the Damned
rst is ready [-s-]
All players ready
Timer started
QiZmo: timer lag point disabled
Server starts recording (memory): 4on4_-s-_vs_[fs][e1m2]220123-2003.mvd
fix: GL HFHFH
blixem: hfgl
reppie: hf/gl!
bps: glhf!
matchdate: 2022-01-23 20:03:34 UTC
trigger "onmatchstart" has no matching alias
The match has begun!
(rst): >&c777rst:&cfff 0/100 [door] 
(carapace): >&c693car:&cfff 0/100 [ya] 
(fix): >_ fix: 0/100 {rl:5} [cross.water]
(reppie): >rep took &cff0ya&cfff [ya]
(reppie): >rep took &cff0ya&cfff [ya]
(razor): >&ccc6raz&cfff &c0b0team&cfff &c05fquad&cfff
(razor): >&ccc6raz&cfff &c0b0team&cfff &c05fquad&cfff
(reppie): >rep took &cff0ya&cfff [ya]
(razor): >&ccc6raz&cfff &c0b0team&cfff &c05fquad&cfff
(razor): >&ccc6raz&cfff &c0b0team&cfff &c05fquad&cfff
(blixem): >blx: 0/77 [ya]
no weapon
no weapon
no weapon
no weapon
no weapon
no weapon
no weapon
no weapon
no weapon
no weapon
no weapon
no weapon
(razor): >&ccc6raz&cfff &cf00lost&cfff [gl-stairs] 4
(razor): >&ccc6raz&cfff &cf00lost&cfff [gl-stairs] 4
(reppie): >rep &c991y&cfff147/100 gl [rl] r:15 
(reppie): >rep &c991y&cfff147/100 gl [rl] r:15 
(reppie): >rep &c991y&cfff147/100 gl [rl] r:15 
(blixem): >blx: &cf00lost&cfff [cross] 3
(razor): >&ccc6raz&cfff &cff0ya&cfff at [ya]
(razor): >&ccc6raz&cfff &cff0ya&cfff at [ya]
(fix): >_ fix: 0/58 {rl:3} [ga]
(blixem): >blx: &cf00lost&cfff [water-rl] 3
(reppie): >rep &c991y&cfff25/25 &cf60rl&cfff&cf60:18&cfff [cross-water] 
(reppie): >rep &c991y&cfff25/25 &cf60rl&cfff&cf60:18&cfff [cross] 
(reppie): >rep &c991y&cfff17/21 &cf60rl&cfff&cf60:18&cfff [cross] 
(razor): >&ccc6raz&cfff &c0b0safe&cfff [gl]
(razor): >&ccc6raz&cfff &c0b0safe&cfff [gl]
(razor): >&ccc6raz&cfff &c0b0safe&cfff [gl]
(blixem): >blx: 0/100 [water-ga] ssg:49
(fix): >_ fix: ga81/67 {rl:1} [mega.rox]
(blixem): >blx: 0/100 [ga] ssg:49
(razor): >&ccc6raz&cfff &cf00lost&cfff [gl-stairs] 2
(razor): >&ccc6raz&cfff &cf00lost&cfff [gl-stairs] 2
(razor): >&ccc6raz&cfff &cf00lost&cfff [gl-stairs] 2
(blixem): >blx: awaits [ga]
(reppie): >rep took &c0ffmega&cfff [mega]
(blixem): >blx: took &c0b0ga&cfff [ga]
(reppie): >rep 0/169 &cf60rl&cfff&cf60:17&cfff [mega-entry] 
(blixem): >blx: ga100/100 [water-rl] ssg:69
(blixem): >blx: ga100/100 [rl] ssg:69
(reppie): >rep 0/131 &cf60rl&cfff&cf60:14&cfff [quad-stairs] 
(reppie): >rep 0/130 &cf60rl&cfff&cf60:14&cfff [cross] 
[19] minutes remaining
Team [[fs]] leads by 12 frags
(razor): >&ccc6raz&cfff &cf00lost&cfff [rl] 1
(razor): >&ccc6raz&cfff &cf00lost&cfff [rl] 1
(razor): >&ccc6raz&cfff &cf00lost&cfff [rl] 1
(razor): >&ccc6raz&cfff &cf00lost&cfff [rl] 1
(fix): >_ fix: ga42/65 {rl:0} [quad]
(fix): >_ fix: ga34/49 {rl:5} {&c05fquad&cfff} [quad]
(reppie): >rep 0/85 &cf60rl&cfff&cf60:11&cfff [mega] 
(reppie): >rep 0/85 &cf60rl&cfff&cf60:11&cfff [mega] 
(fix): >_ fix: ga25/55 {rl:6} {&c05fquad&cfff} [ya]
(reppie): >rep took &c0ffmega&cfff [mega]
(reppie): >rep took &c0ffmega&cfff [mega]
(reppie): >rep took &c0ffmega&cfff [mega]
(fix): >_ fix: ga21/47 {rl:5} {&c05fquad&cfff} [ya]
(blixem): >blx: &cf00lost&cfff [rl] 2
(fix): >_ fix: ga21/47 {rl:5} {&c05fquad&cfff} [ya]
Quad Damage is wearing off
(reppie): >rep 0/119 &cf60rl&cfff&cf60:7&cfff [mega-low] 
(reppie): >rep 0/119 &cf60rl&cfff&cf60:7&cfff [mega-low] 
(reppie): >rep &c0b0safe&cfff [mega]
(reppie): >rep &c0b0safe&cfff [mega]
(reppie): >rep &c0b0safe&cfff [mega]
(blixem): >blx: &cf00lost&cfff [door] 2
(reppie): >rep coming [mega-entry]
(reppie): >rep coming [mega-entry]
(reppie): >rep coming [mega-entry]
(blixem): >blx: &cf00lost&cfff [ssg] 2
(reppie): >rep coming [gl]
(reppie): >rep took &cff0ya&cfff [ya]
(reppie): >rep took &cff0ya&cfff [ya]
(reppie): >rep took &cff0ya&cfff [ya]
(blixem): >blx: &cf00enemy&cfff at [ssg]
[18] minutes remaining
Team [[fs]] leads by 20 frags
(fix): >_ fix: ya105/98 {rl:8} [gl.quad]
(razor): >&ccc6raz&cfff &cf00dropped&cfff &cf60rl&cfff [rl] 1
(razor): >&ccc6raz&cfff &cf00dropped&cfff &cf60rl&cfff [rl] 1
(razor): >&ccc6raz&cfff &cf00dropped&cfff &cf60rl&cfff [rl] 1
(razor): >&ccc6raz&cfff &cf00dropped&cfff &cf60rl&cfff [rl] 1
(rst): >&c777rst:&cfff &cf00lost&cfff [quad] 3
(rst): >&c777rst:&cfff &cf00lost&cfff [quad] 3
(rst): >&c777rst:&cfff &cf00lost&cfff [quad] 3
(rst): >&c777rst:&cfff &cf00lost&cfff [quad] 3
(carapace): >&c693car:&cfff &cf00lost&cfff [quad-stairs] 3
(bps): >&cc93bps:&cfff &cf2apack&cfff at [rl]
(fix): >_ fix: ya63/72 {rl:6} {&c05fquad&cfff} [quad]
(reppie): >rep 0/78 &cf60rl&cfff&cf60:7&cfff [cross] 
(reppie): >rep took &c0ffmega&cfff [mega]
(reppie): >rep took &c0ffmega&cfff [mega]
(reppie): >rep took &c0ffmega&cfff [mega]
(blixem): >blx: 0/28 [water-ga]
(blixem): >blx: 0/100 [mega-sng] sng:80
(razor): >&ccc6raz&cfff &c0b0safe&cfff [rl]
(razor): >&ccc6raz&cfff &c0b0safe&cfff [rl]
(razor): >&ccc6raz&cfff &c0b0safe&cfff [rl]
(reppie): >rep 0/40 &cf60rl&cfff&cf60:7&cfff [gl] 
(reppie): >rep 0/55 &cf60rl&cfff&cf60:7&cfff [gl] 
(reppie): >rep 0/55 &cf60rl&cfff&cf60:7&cfff [gl] 
(fix): >_ fix: 0/72 {rl:1} {&c05fquad&cfff} [gl]
Quad Damage is wearing off
(fix): >_ fix: 0/72 {rl:0} [ya]
(reppie): >rep 0/55 &cf60rl&cfff&cf60:7&cfff [gl-stairs] 
(reppie): >rep 0/55 &cf60rl&cfff&cf60:7&cfff [gl-stairs] 
(blixem): >blx: 0/51 [gl-stairs] sng:80
(blixem): >blx: &cff0ya&cfff at [ya]
(reppie): >rep &cf00lost&cfff [gl] 3
(fix): >_ fix: ya150/72 {rl:0} [ya]
(reppie): >rep &cf00lost&cfff [gl] 3
(reppie): >rep &cf00lost&cfff [gl] 3
(reppie): >rep &cf00lost&cfff [gl] 3
(razor): >&ccc6raz&cfff &cf00lost&cfff [ssg] 1
(razor): >&ccc6raz&cfff &cf00lost&cfff [ssg] 1
(razor): >&ccc6raz&cfff &cf00lost&cfff [ssg] 1
fix: :(
(reppie): >rep took &c0ffmega&cfff [mega]
(reppie): >rep took &c0ffmega&cfff [mega]
fix: :(
(blixem): >blx: 0/100 [rl] sng:200
[17] minutes remaining
Team [[fs]] leads by 28 frags
(reppie): >rep &cf00lost&cfff [quad] 1
(reppie): >rep &cf00lost&cfff [quad] 1
(reppie): >rep &cf00lost&cfff [quad] 1
(reppie): >rep &cf00lost&cfff [quad] 1
(fix): >_ fix: quad lost 2
(reppie): >rep &cf00lost&cfff [quad] 2
(reppie): >rep &cf00lost&cfff [quad] 2
(bps): >&cc93bps:&cfff &c0b0team&cfff &c05fquad&cfff
(bps): >&cc93bps:&cfff &c0b0team&cfff &c05fquad&cfff
(bps): >&cc93bps:&cfff &c0b0team&cfff &c05fquad&cfff
(bps): >&cc93bps:&cfff &c0b0team&cfff &c05fquad&cfff
(bps): >&cc93bps:&cfff &c0b0team&cfff &c05fquad&cfff
(bps): >&cc93bps:&cfff &c0b0team&cfff &c05fquad&cfff
no weapon
(razor): >&ccc6raz&cfff &cf00lost&cfff [gl-quad] 1
(razor): >&ccc6raz&cfff &cf00lost&cfff [gl-quad] 1
(reppie): >rep 0/100 sg [gl] r:1 
(reppie): >rep 0/100 sg [gl] r:1 
(blixem): >blx: 0/72 [ga] sng:148
(fix): >_ fix: ya lost 2
(blixem): >blx: coming [ssg]
(reppie): >rep &cf00lost&cfff [ya-tele] 1
(blixem): >blx: ga100/100 [rl] sng:144
(fix): >_ fix: gl lost 2
(reppie): >rep 0/100 [water-rl] 
(reppie): >rep 0/100 [water-rl] 
(reppie): >rep 0/100 [water-rl] 
(blixem): >blx: ga100/100 [rl] sng:144
(blixem): >blx: ga100/100 [rl] sng:144
(blixem): >blx: ga100/100 [rl] sng:144
(razor): >&ccc6raz&cfff &c0b0safe&cfff [rl]
(razor): >&ccc6raz&cfff &c0b0safe&cfff [rl]
(blixem): >blx: took &cfffrl&cfff [rl]
(reppie): >rep &cf00lost&cfff [water-rl] 1
(reppie): >rep &cf00lost&cfff [water-rl] 1
(reppie): >rep &cf00lost&cfff [water-rl] 1
(fix): >_ fix: ya lost 2
(reppie): >rep &c0ffmega&cfff at [mega]
(reppie): >rep &c0ffmega&cfff at [mega]
(reppie): >rep &c0ffmega&cfff at [mega]
(blixem): >blx: coming [door]
(reppie): >rep &c0ffmega&cfff at [mega]
(reppie): >rep rox at [mega-rox]
(blixem): >blx: took &c0a0mega&cfff [mega]
(reppie): >rep &cf00lost&cfff [gl-quad] 2
(razor): >&ccc6raz&cfff &c0b0safe&cfff [ya]
(razor): >&ccc6raz&cfff &c0b0safe&cfff [ya]
(razor): >&ccc6raz&cfff &c0b0safe&cfff [ya]
(fix): >_ fix: bridge lost 1
(reppie): >rep &cf00lost&cfff [gl-quad] 2
(reppie): >rep &cf00lost&cfff [gl-quad] 2
[16] minutes remaining
Team [[fs]] leads by 26 frags
(carapace): >&c693car:&cfff &cf00lost&cfff [cross] 2
(rst): >&c777rst:&cfff took &cf31rl&cfff [rl]
(bps): >&cc93bps:&cfff &c991y&cfff88/100 &c299gl&cfff [quad] rox:9 
(bps): >&cc93bps:&cfff &c991y&cfff88/100 &c299gl&cfff [quad] rox:9 
(carapace): >&c693car:&cfff 0/100 [start-water] 
(carapace): >&c693car:&cfff 0/100 ssg [start-rl] 
(bps): >&cc93bps:&cfff &cf00enemy&cfff &c05fquad&cfff
(fix): >_ fix: mega.entry lost 1
(fix): >_ fix: nmy rl -> mega.entry
(fix): >_ fix: nmy rl -> mega.entry
(blixem): >blx: &cf00lost&cfff [gl] 2
(fix): >_ fix: rl lost 1
(reppie): >rep &cf00lost&cfff [gl] 1
(bps): >&cc93bps:&cfff ganon at [gl-sng]
(bps): >&cc93bps:&cfff ganon at [ya-water]
(rst): >&c777rst:&cfff &c0b0safe&cfff [ya]
(rst): >&c777rst:&cfff &c0b0safe&cfff [ya]
(rst): >&c777rst:&cfff &c0b0safe&cfff [ya]
(bps): >&cc93bps:&cfff &cf00enemy&cfff &c05fquad&cfff
(bps): >&cc93bps:&cfff &cf00enemy&cfff &c05fquad&cfff
(bps): >&cc93bps:&cfff &cf00enemy&cfff &c05fquad&cfff
(bps): >&cc93bps:&cfff rst at [ya]
(bps): >&cc93bps:&cfff &c299gl&cfff at [gl]
(bps): >&cc93bps:&cfff &c299gl&cfff at [gl]
(carapace): >&c693car:&cfff &cf00lost&cfff [mega-low] 1
(rst): >&c777rst:&cfff took &cff0ya&cfff [ya]
(carapace): >&c693car:&cfff 0/100 [mega] 
(bps): >&cc93bps:&cfff &cf00lost&cfff [gl] 2
(bps): >&cc93bps:&cfff ganon at [quad]
(carapace): >&c693car:&cfff &cf00lost&cfff [water-rl] 2
(bps): >&cc93bps:&cfff 0/100 sng [quad] 
(carapace): >&c693car:&cfff 0/100 [ya] 
(bps): >&cc93bps:&cfff 0/100 sng [gl] 
(bps): >&cc93bps:&cfff 0/100 sng [gl] 
(rst): >&c777rst:&cfff &c991y&cfff150/143 &cf31rl&cfff&cf31:18&cfff [gl-stairs] 
(rst): >&c777rst:&cfff &c991y&cfff150/143 &cf31rl&cfff&cf31:18&cfff [gl-stairs] 
[15] minutes remaining
Team [[fs]] leads by 24 frags
(bps): >&cc93bps:&cfff carapace at [ya]
(carapace): >&c693car:&cfff 0/100 sng [gl-sng] 
(bps): >&cc93bps:&cfff took &cff0ya&cfff [ya]
(bps): >&cc93bps:&cfff &c991y&cfff150/100 sng [gl] 
(carapace): >&c693car:&cfff took &c0b0ga&cfff [ga]
(bps): >&cc93bps:&cfff &c0b0team&cfff &c05fquad&cfff
(bps): >&cc93bps:&cfff &c0b0team&cfff &c05fquad&cfff
(rst): >&c777rst:&cfff &cf00dropped&cfff &cf31rl&cfff [gl-quad] 2
(rst): >&c777rst:&cfff &cf00dropped&cfff &cf31rl&cfff [gl-quad] 2
(rst): >&c777rst:&cfff &cf00dropped&cfff &cf31rl&cfff [gl-quad] 2
(rst): >&c777rst:&cfff &cf00dropped&cfff &cf31rl&cfff [gl-quad] 2
(rst): >&c777rst:&cfff &cf00dropped&cfff &cf31rl&cfff [gl-quad] 2
(rst): >&c777rst:&cfff &cf00dropped&cfff &cf31rl&cfff [gl-quad] 2
(rst): >&c777rst:&cfff &cf00dropped&cfff &cf31rl&cfff [gl-quad] 2
(rst): >&c777rst:&cfff &cf00dropped&cfff &cf31rl&cfff [gl-quad] 2
(rst): >&c777rst:&cfff &cf00dropped&cfff &cf31rl&cfff [gl-quad] 2
(bps): >&cc93bps:&cfff &cb1akill me&cfff [gl-quad] r:11
(carapace): >&c693car:&cfff &c693g&cfff100/100 sng [start-rl] 
(bps): >&cc93bps:&cfff 0/9 &cf31rl&cfff&cf31:26&cfff [gl-stairs] &c05fquad&cfff
(carapace): >&c693car:&cfff &c693g&cfff100/100 sng [rl] 
(bps): >&cc93bps:&cfff 0/34 &cf31rl&cfff&cf31:25&cfff [ya] &c05fquad&cfff
(bps): >&cc93bps:&cfff 0/34 &cf31rl&cfff&cf31:25&cfff [ya] &c05fquad&cfff
(bps): >&cc93bps:&cfff 0/34 &cf31rl&cfff&cf31:25&cfff [ya] &c05fquad&cfff
(bps): >&cc93bps:&cfff 0/34 &cf31rl&cfff&cf31:25&cfff [ya] &c05fquad&cfff
(carapace): >&c693car:&cfff &c693g&cfff100/100 sng [rl] 
(bps): >&cc93bps:&cfff &cf00lost&cfff [ya] 2
(bps): >&cc93bps:&cfff &cf00lost&cfff [ya] 2
(bps): >&cc93bps:&cfff &cf00lost&cfff [ya] 2
(bps): >&cc93bps:&cfff &cf00lost&cfff [ya] 2
no weapon
(blixem): >blx: &cf00lost&cfff [ga] 1
(reppie): >rep &cf00lost&cfff [rl] 2
(reppie): >rep &cf00lost&cfff [rl] 2
(reppie): >rep &cf00lost&cfff [rl] 2
(razor): >&ccc6raz&cfff &cf00lost&cfff [rl] 4
(fix): >_ fix: ga27/155 {rl:1} [mega]
(razor): >&ccc6raz&cfff &cf00lost&cfff [rl] 4
(razor): >&ccc6raz&cfff &cf00lost&cfff [rl] 4
(razor): >&ccc6raz&cfff &cf00lost&cfff [rl] 4
(blixem): >blx: coming [ssg-spikes]
(fix): >_ fix: ga25/146 {rl:6} [mega.rox]
(blixem): >blx: 0/100 [ya] sng:80
(reppie): >rep &cf00lost&cfff [bridge-room] 2
(reppie): >rep &cff0ya&cfff at [ya]
(razor): >&ccc6raz&cfff &cf00lost&cfff [ssg-spikes] 2
(razor): >&ccc6raz&cfff &cf00lost&cfff [ssg-spikes] 2
(razor): >&ccc6raz&cfff &cf00lost&cfff [ssg-spikes] 2
(fix): >_ fix: ya150/137 {rl:6} [ya]
[14] minutes remaining
Team [[fs]] leads by 17 frags
(razor): >&ccc6raz&cfff &cf00lost&cfff [ya] 2
(razor): >&ccc6raz&cfff &cf00lost&cfff [ya] 2
(razor): >&ccc6raz&cfff &cf00lost&cfff [ya] 2
(rst): >&c777rst:&cfff 0/64 sng [quad] rox:16 &c05fquad&cfff
(carapace): >&c693car:&cfff &c693g&cfff28/100 &cf31rl&cfff&cf31:5&cfff [mega] 
(carapace): >&c693car:&cfff &c0b0safe&cfff [mega]
(rst): >&c777rst:&cfff 0/29 sng [quad] rox:21 &c05fquad&cfff
(bps): >&cc93bps:&cfff &cf00lost&cfff [gl] 1
(rst): >&c777rst:&cfff &c05fquad&cfff over
(carapace): >&c693car:&cfff &c693g&cfff28/200 &cf31rl&cfff&cf31:4&cfff [mega] 
(carapace): >&c693car:&cfff &c693g&cfff16/174 &cf31rl&cfff&cf31:3&cfff [gl-rox] 
(rst): >&c777rst:&cfff 0/100 [rl] 
(rst): >&c777rst:&cfff took &cf31rl&cfff [rl]
(rst): >&c777rst:&cfff coming [cross-water] need armor/&cf31rox&cfff
(rst): >&c777rst:&cfff &c0b0safe&cfff [mega]
(rst): >&c777rst:&cfff &c0b0safe&cfff [mega]
(carapace): >&c693car:&cfff &cf00dropped&cfff &cf31rl&cfff [ya] 3
(carapace): >&c693car:&cfff &cf00dropped&cfff &cf31rl&cfff [ya] 3
(carapace): >&c693car:&cfff &cf00dropped&cfff &cf31rl&cfff [ya] 3
(carapace): >&c693car:&cfff &cf00dropped&cfff &cf31rl&cfff [ya] 3
(carapace): >&c693car:&cfff 0/100 [start] 
(carapace): >&c693car:&cfff &cf00lost&cfff [rl] 1
(carapace): >&c693car:&cfff &cf00lost&cfff [gl] 1
[13] minutes remaining
Team [[fs]] leads by 17 frags
(carapace): >&c693car:&cfff &cf00lost&cfff [rl] 2
(bps): >&cc93bps:&cfff 0/100 [ya] 
(carapace): >&c693car:&cfff 0/100 [quad] 
(blixem): >blx: &c0b0team&cfff &c05fquad&cfff
(reppie): >rep &c693g&cfff98/91 &cf60rl&cfff&cf60:4&cfff [bridge-room] 
(reppie): >rep &c693g&cfff98/91 &cf60rl&cfff&cf60:4&cfff [ssg] 
(fix): >_ fix: 0/100 [ga]
(blixem): >blx: &c05fq&cfff ya79/94 [ya] &cfffrl&cfff:39
(razor): >&ccc6raz&cfff 0/20 [rl] 
(razor): >&ccc6raz&cfff 0/20 [rl] 
(razor): >&ccc6raz&cfff 0/20 [rl] 
(razor): >&ccc6raz&cfff 0/20 [rl] 
(reppie): >rep &c693g&cfff98/100 &cf60rl&cfff&cf60:2&cfff [quad] 
(fix): >_ fix: 0/100 [water.rl]
(reppie): >rep &c0b0safe&cfff [gl]
(reppie): >rep &c0b0safe&cfff [gl]
(reppie): >rep &c0b0safe&cfff [gl]
(blixem): >blx: took &cff0ya&cfff [ya]
Quad Damage is wearing off
(fix): >_ fix: cross lost 3
(reppie): >rep &c693g&cfff78/74 &cf60rl&cfff&cf60:10&cfff [gl] 
(reppie): >rep &c693g&cfff78/74 &cf60rl&cfff&cf60:10&cfff [gl] 
(reppie): >rep &c693g&cfff78/74 &cf60rl&cfff&cf60:10&cfff [ya] 
(reppie): >rep &c693g&cfff78/74 &cf60rl&cfff&cf60:10&cfff [ya] 
(reppie): >rep &c693g&cfff53/19 &cf60rl&cfff&cf60:7&cfff [ya] 
(reppie): >rep &c693g&cfff53/19 &cf60rl&cfff&cf60:7&cfff [ya] 
(blixem): >blx: &c0b0safe&cfff [gl] &cfffrl&cfff:37
(blixem): >blx: &c0b0safe&cfff [gl] &cfffrl&cfff:37
(reppie): >rep coming [ya]
(reppie): >rep coming [ya]
(reppie): >rep coming [ya]
[12] minutes remaining
Team [[fs]] leads by 23 frags
(reppie): >rep &c991y&cfff150/89 &cf60rl&cfff&cf60:7&cfff [gl] 
(reppie): >rep &c991y&cfff150/89 &cf60rl&cfff&cf60:7&cfff [gl] 
(fix): >_ fix: rl lost 1
(blixem): >blx: &c0b0safe&cfff [quad] &cfffrl&cfff:34
(blixem): >blx: &c0b0safe&cfff [quad] &cfffrl&cfff:34
(reppie): >rep &cf2apack&cfff at [cross]
(reppie): >rep &cf2apack&cfff at [cross]
(reppie): >rep &cf2apack&cfff at [cross]
(blixem): >blx: &c0b0team&cfff &c05fquad&cfff - NEED armor
(blixem): >blx: &c0b0team&cfff &c05fquad&cfff - NEED armor
(reppie): >rep &c991y&cfff135/80 &cf60rl&cfff&cf60:11&cfff [quad-stairs] 
(reppie): >rep &c991y&cfff135/80 &cf60rl&cfff&cf60:11&cfff [quad-stairs] 
(reppie): >rep &c991y&cfff17/106 &cf60rl&cfff&cf60:7&cfff [mega-low] 
(reppie): >rep &c991y&cfff17/106 &cf60rl&cfff&cf60:7&cfff [mega-low] 
(reppie): >rep &c991y&cfff17/106 &cf60rl&cfff&cf60:7&cfff [mega-low] 
(fix): >_ fix: ga58/18 ssg:7 [rl]
(fix): >_ fix: ga58/68 ssg:7 [rl]
(fix): >_ fix: ga30/12 ssg:53 [water.rl]
(reppie): >rep &c0b0safe&cfff [gl]
(reppie): >rep &c0b0safe&cfff [gl]
(blixem): >blx: &c05fq&cfff ya9/80 [ya] &cfffrl&cfff:26
(blixem): >blx: &c05fq&cfff 0/71 [ya] &cfffrl&cfff:25
Quad Damage is wearing off
(blixem): >blx: took &cff0ya&cfff [ya]
(reppie): >rep 0/70 &cf60rl&cfff&cf60:17&cfff [gl] 
(reppie): >rep 0/70 &cf60rl&cfff&cf60:17&cfff [gl] 
(fix): >_ fix: rox > gl.rox
(fix): >_ fix: rox > gl.rox
(fix): >_ fix: rox > gl.rox
(reppie): >rep &c0b0safe&cfff [gl]
(reppie): >rep &c0b0safe&cfff [gl]
(reppie): >rep &c0b0safe&cfff [gl]
(reppie): >rep &c0b0safe&cfff [gl]
(razor): >&ccc6raz&cfff &cf00dropped&cfff &cf60rl&cfff [mega-entry] 0
(razor): >&ccc6raz&cfff &cf00dropped&cfff &cf60rl&cfff [mega-entry] 0
(razor): >&ccc6raz&cfff &cf00dropped&cfff &cf60rl&cfff [mega-entry] 0
(blixem): >blx: &c0b0safe&cfff [ya] &cfffrl&cfff:25
(razor): >&ccc6raz&cfff &cf00dropped&cfff &cf60rl&cfff [mega-entry] 0
(reppie): >rep 0/85 &cf60rl&cfff&cf60:17&cfff [gl-stairs] 
(reppie): >rep 0/85 &cf60rl&cfff&cf60:17&cfff [gl-stairs] 
(blixem): >blx: &c0b0safe&cfff [ya] &cfffrl&cfff:25
(blixem): >blx: &c0b0safe&cfff [ya] &cfffrl&cfff:25
(reppie): >rep 0/85 &cf60rl&cfff&cf60:18&cfff [gl-stairs] 
(reppie): >rep took &cff0ya&cfff [ya]
(reppie): >rep took &cff0ya&cfff [ya]
(reppie): >rep took &cff0ya&cfff [ya]
[11] minutes remaining
Team [[fs]] leads by 36 frags
(fix): >_ fix: nmy rl -> rl
(fix): >_ fix: nmy rl -> rl
(fix): >_ fix: nmy rl -> rl
(fix): >_ fix: nmy rl -> rl
(bps): >&cc93bps:&cfff &c0b0team&cfff &c05fquad&cfff
(bps): >&cc93bps:&cfff &c0b0team&cfff &c05fquad&cfff
(bps): >&cc93bps:&cfff &c0b0team&cfff &c05fquad&cfff
(bps): >&cc93bps:&cfff &c0b0team&cfff &c05fquad&cfff
(carapace): >&c693car:&cfff &cf00lost&cfff [ya] 1
(carapace): >&c693car:&cfff 0/100 [cross] 
(bps): >&cc93bps:&cfff 0/144 &cf31rl&cfff&cf31:2&cfff [quad] &c05fquad&cfff
(bps): >&cc93bps:&cfff 0/125 &cf31rl&cfff&cf31:2&cfff [quad] &c05fquad&cfff
(bps): >&cc93bps:&cfff 0/125 &cf31rl&cfff&cf31:2&cfff [quad] &c05fquad&cfff
(rst): >&c777rst:&cfff &c693g&cfff77/100 &cf31rl&cfff&cf31:4&cfff [quad] 
(carapace): >&c693car:&cfff &c0b0safe&cfff [ya]
(bps): >&cc93bps:&cfff 0/120 &cf31rl&cfff&cf31:12&cfff [gl-rox] &c05fquad&cfff
(rst): >&c777rst:&cfff &c0b0safe&cfff [gl]
(rst): >&c777rst:&cfff &c0b0safe&cfff [gl]
(bps): >&cc93bps:&cfff 0/118 &cf31rl&cfff&cf31:12&cfff [gl] &c05fquad&cfff
(rst): >&c777rst:&cfff &c0b0safe&cfff [gl]
(rst): >&c777rst:&cfff &c0b0safe&cfff [gl]
(rst): >&c777rst:&cfff &c0b0safe&cfff [gl]
(rst): >&c777rst:&cfff &c0b0safe&cfff [gl]
(bps): >&cc93bps:&cfff carapace at [ya]
(rst): >&c777rst:&cfff &c0b0safe&cfff [gl]
(bps): >&cc93bps:&cfff 0/67 &cf31rl&cfff&cf31:11&cfff [ya] &c05fquad&cfff
(carapace): >&c693car:&cfff 0/45 gl [ya] rox:10 
(rst): >&c777rst:&cfff &c0b0safe&cfff [gl]
(rst): >&c777rst:&cfff &c0b0safe&cfff [gl]
(rst): >&c777rst:&cfff &c0b0safe&cfff [gl]
(ganon): >&c479gan:&cfff &c0b0safe&cfff [rl]
(ganon): >&c479gan:&cfff &c0b0safe&cfff [rl]
Quad Damage is wearing off
(carapace): >&c693car:&cfff 0/45 gl [gl-quad] rox:8 
(bps): >&cc93bps:&cfff &c991y&cfff83/22 &cf31rl&cfff&cf31:10&cfff [gl] 
(carapace): >&c693car:&cfff 0/82 gl [quad] rox:5 
(rst): >&c777rst:&cfff &c693g&cfff41/67 &cf31rl&cfff&cf31:0&cfff [ya-tele] 
(carapace): >&c693car:&cfff gl at [gl]
(carapace): >&c693car:&cfff gl at [gl]
(carapace): >&c693car:&cfff 0/82 gl [gl] rox:10 
(bps): >&cc93bps:&cfff &cf2apack&cfff at [ya-water]
(bps): >&cc93bps:&cfff &c991y&cfff58/7 &cf31rl&cfff&cf31:8&cfff [ya-tele] 
(rst): >&c777rst:&cfff &c693g&cfff41/100 &cf31rl&cfff&cf31:0&cfff [ya] 
(rst): >&c777rst:&cfff &c693g&cfff41/100 &cf31rl&cfff&cf31:0&cfff [ya] 
(rst): >&c777rst:&cfff &c693g&cfff41/100 &cf31rl&cfff&cf31:0&cfff [ya] 
(rst): >&c777rst:&cfff &c693g&cfff41/100 &cf31rl&cfff&cf31:0&cfff [ya] 
(bps): >&cc93bps:&cfff &cb1akill me&cfff [ya-tele] &cf31rl&cfff:8
(bps): >&cc93bps:&cfff &cb1akill me&cfff [ya-tele] &cf31rl&cfff:8
[10] minutes remaining
Team [[fs]] leads by 30 frags
(ganon): >&c479gan:&cfff &c0b0ga&cfff at [ga]
(bps): >&cc93bps:&cfff carapace at [ya]
(bps): >&cc93bps:&cfff &cb1akill me&cfff [ya-tele] &cf31rl&cfff:7
(bps): >&cc93bps:&cfff &cb1akill me&cfff [ya-tele] &cf31rl&cfff:7
(carapace): >&c693car:&cfff &c991y&cfff145/73 &cf31rl&cfff&cf31:16&cfff [ga] 
(razor): >&ccc6raz&cfff took &cf60rl&cfff [rl]
(razor): >&ccc6raz&cfff took &cf60rl&cfff [rl]
(blixem): >blx: 0/100 [ya]
(blixem): >blx: 0/100 [ya]
(reppie): >rep &c991y&cfff15/176 &cf60rl&cfff&cf60:16&cfff [ya] 
(reppie): >rep &c991y&cfff15/176 &cf60rl&cfff&cf60:16&cfff [ya] 
(reppie): >rep &c991y&cfff15/176 &cf60rl&cfff&cf60:16&cfff [ya] 
(reppie): >rep &c991y&cfff15/176 &cf60rl&cfff&cf60:16&cfff [ya] 
(carapace): >&c693car:&cfff &c991y&cfff64/89 &cf31rl&cfff&cf31:8&cfff [ya] &c05fquad&cfff
(rst): >&c777rst:&cfff gl at [gl]
(rst): >&c777rst:&cfff &c693g&cfff90/82 &cf31rl&cfff&cf31:0&cfff [gl] 
(rst): >&c777rst:&cfff &c693g&cfff90/82 &cf31rl&cfff&cf31:0&cfff [gl] 
(rst): >&c777rst:&cfff &c693g&cfff90/82 &cf31rl&cfff&cf31:0&cfff [gl] 
(carapace): >&c693car:&cfff took gl [gl]
(rst): >&c777rst:&cfff &c693g&cfff90/82 &cf31rl&cfff&cf31:0&cfff [gl] 
(rst): >&c777rst:&cfff &c693g&cfff90/82 &cf31rl&cfff&cf31:0&cfff [gl] 
(rst): >&c777rst:&cfff &c693g&cfff90/82 &cf31rl&cfff&cf31:0&cfff [gl] 
(carapace): >&c693car:&cfff &cf2apack&cfff at [quad]
(bps): >&cc93bps:&cfff took &c0b0ga&cfff [ga]
(carapace): >&c693car:&cfff &cf2apack&cfff at [quad]
(ganon): >&c479gan:&cfff &cf2apack&cfff at [quad]
Quad Damage is wearing off
(bps): >&cc93bps:&cfff &c693g&cfff57/49 &cf31rl&cfff&cf31:4&cfff [water-ga] 
(bps): >&cc93bps:&cfff &c693g&cfff57/49 &cf31rl&cfff&cf31:4&cfff [water-ga] 
(carapace): >&c693car:&cfff &cf00dropped&cfff &cf31rl&cfff [mega-low] 2
(carapace): >&c693car:&cfff &cf00dropped&cfff &cf31rl&cfff [mega-low] 2
(carapace): >&c693car:&cfff &cf00dropped&cfff &cf31rl&cfff [mega-low] 2
(carapace): >&c693car:&cfff &cf00dropped&cfff &cf31rl&cfff [mega-low] 2
(carapace): >&c693car:&cfff &cf00lost&cfff [mega-above] 3
(bps): >&cc93bps:&cfff &c693g&cfff54/74 &cf31rl&cfff&cf31:4&cfff [ssg-spikes] 
(bps): >&cc93bps:&cfff &c693g&cfff54/74 &cf31rl&cfff&cf31:4&cfff [ssg-spikes] 
(rst): >&c777rst:&cfff &c0b0safe&cfff [ya]
(rst): >&c777rst:&cfff &c0b0safe&cfff [ya]
(rst): >&c777rst:&cfff &c0b0safe&cfff [ya]
(carapace): >&c693car:&cfff 0/100 [start] 
(carapace): >&c693car:&cfff 0/100 [start-rl] 
(bps): >&cc93bps:&cfff &c693g&cfff54/99 &cf31rl&cfff&cf31:4&cfff [ya] 
(carapace): >&c693car:&cfff &cf00lost&cfff [rl] 1
[9] minutes remaining
Team [[fs]] leads by 23 frags
(ganon): >&c479gan:&cfff took gl [gl]
(bps): >&cc93bps:&cfff &c693g&cfff54/99 &cf31rl&cfff&cf31:4&cfff [ya] 
(carapace): >&c693car:&cfff 0/100 ssg [quad-stairs] 
(rst): >&c777rst:&cfff &c0b0safe&cfff [quad-stairs]
(bps): >&cc93bps:&cfff took &cff0ya&cfff [ya]
(bps): >&cc93bps:&cfff took &cff0ya&cfff [ya]
(carapace): >&c693car:&cfff &cf00lost&cfff [quad] 4
(carapace): >&c693car:&cfff 0/100 [spikes] 
(carapace): >&c693car:&cfff 0/100 ssg [ya] 
(bps): >&cc93bps:&cfff &c991y&cfff65/91 &cf31rl&cfff&cf31:0&cfff [quad-stairs] &c05fquad&cfff
(carapace): >&c693car:&cfff &cf00lost&cfff [ya] 1
(bps): >&cc93bps:&cfff &c991y&cfff65/91 &cf31rl&cfff&cf31:0&cfff [gl-quad] &c05fquad&cfff
(bps): >&cc93bps:&cfff 0/46 &cf31rl&cfff&cf31:0&cfff [quad] &c05fquad&cfff
(bps): >&cc93bps:&cfff 0/46 &cf31rl&cfff&cf31:0&cfff [quad] &c05fquad&cfff
(ganon): >&c479gan:&cfff &c693g&cfff100/100 ssg [rl] 
(bps): >&cc93bps:&cfff 0/46 &cf31rl&cfff&cf31:0&cfff [gl] &c05fquad&cfff
(bps): >&cc93bps:&cfff 0/46 &cf31rl&cfff&cf31:0&cfff [gl] &c05fquad&cfff
(rst): >&c777rst:&cfff &c991y&cfff150/44 &cf31rl&cfff&cf31:9&cfff [ya] 
(rst): >&c777rst:&cfff &c991y&cfff150/44 &cf31rl&cfff&cf31:9&cfff [ya] 
(rst): >&c777rst:&cfff &c0b0safe&cfff [ya]
(rst): >&c777rst:&cfff &c0b0safe&cfff [ya]
(rst): >&c777rst:&cfff &c0b0safe&cfff [ya]
(ganon): >&c479gan:&cfff &c693g&cfff67/59 ssg [rl] 
(bps): >&cc93bps:&cfff 0/46 &cf31rl&cfff&cf31:0&cfff [gl] &c05fquad&cfff
(bps): >&cc93bps:&cfff 0/46 &cf31rl&cfff&cf31:0&cfff [gl] &c05fquad&cfff
(bps): >&cc93bps:&cfff 0/46 &cf31rl&cfff&cf31:5&cfff [gl] &c05fquad&cfff
(rst): >&c777rst:&cfff &c991y&cfff105/17 &cf31rl&cfff&cf31:6&cfff [gl-stairs] 
(carapace): >&c693car:&cfff &cf00lost&cfff [rl] 0
(rst): >&c777rst:&cfff &c991y&cfff95/11 &cf31rl&cfff&cf31:6&cfff [ya] 
(rst): >&c777rst:&cfff &c991y&cfff95/11 &cf31rl&cfff&cf31:6&cfff [ya] 
(rst): >&c777rst:&cfff &c991y&cfff95/11 &cf31rl&cfff&cf31:6&cfff [ya-tele] 
Quad Damage is wearing off
(rst): >&c777rst:&cfff &cb1akill me&cfff [ya-tele] &cf31rl&cfff:6
(rst): >&c777rst:&cfff &c991y&cfff95/11 &cf31rl&cfff&cf31:6&cfff [ya-tele] 
(rst): >&c777rst:&cfff &cb1akill me&cfff [ya-tele] &cf31rl&cfff:6
(rst): >&c777rst:&cfff &cb1akill me&cfff [ya-tele] &cf31rl&cfff:6
(rst): >&c777rst:&cfff &cb1akill me&cfff [ya-tele] &cf31rl&cfff:6
(rst): >&c777rst:&cfff &cb1akill me&cfff [ya-tele] &cf31rl&cfff:6
(rst): >&c777rst:&cfff &cb1akill me&cfff [ya-tele] &cf31rl&cfff:6
(rst): >&c777rst:&cfff &cb1akill me&cfff [ya-tele] &cf31rl&cfff:6
(rst): >&c777rst:&cfff &cb1akill me&cfff [ya-tele] &cf31rl&cfff:6
(bps): >&cc93bps:&cfff 0/97 &cf31rl&cfff&cf31:5&cfff [gl] 
(rst): >&c777rst:&cfff &cb1akill me&cfff [ya-tele] &cf31rl&cfff:6
(rst): >&c777rst:&cfff &cb1akill me&cfff [ya-tele] &cf31rl&cfff:6
(rst): >&c777rst:&cfff &cb1akill me&cfff [ya-tele] &cf31rl&cfff:6
(rst): >&c777rst:&cfff &cb1akill me&cfff [ya-tele] &cf31rl&cfff:6
(rst): >&c777rst:&cfff &cb1akill me&cfff [ya-tele] &cf31rl&cfff:6
(rst): >&c777rst:&cfff &cb1akill me&cfff [ya-tele] &cf31rl&cfff:6
(carapace): >&c693car:&cfff &cf00lost&cfff [door] 2
(bps): >&cc93bps:&cfff took &cff0ya&cfff [ya]
(rst): >&c777rst:&cfff &c991y&cfff62/14 &cf31rl&cfff&cf31:5&cfff [water-spikes] 
(carapace): >&c693car:&cfff took &cf2apack&cfff [gl-sng]
(bps): >&cc93bps:&cfff &c991y&cfff115/72 &cf31rl&cfff&cf31:4&cfff [gl] 
(carapace): >&c693car:&cfff 0/63 &cf31rl&cfff&cf31:7&cfff [mega-rox] 
(carapace): >&c693car:&cfff &c0b0safe&cfff [mega]
[8] minutes remaining
Team [[fs]] leads by 12 frags
(bps): >&cc93bps:&cfff &c991y&cfff80/66 &cf31rl&cfff&cf31:3&cfff [gl] 
(ganon): >&c479gan:&cfff &cf00lost&cfff [gl] 1
(ganon): >&c479gan:&cfff &cf00lost&cfff [gl] 1
(ganon): >&c479gan:&cfff &cf00lost&cfff [gl] 1
(ganon): >&c479gan:&cfff &cf2apack&cfff at [gl]
(carapace): >&c693car:&cfff 0/81 &cf31rl&cfff&cf31:6&cfff [mega-entry] 
(carapace): >&c693car:&cfff 0/81 &cf31rl&cfff&cf31:6&cfff [mega] 
(bps): >&cc93bps:&cfff &c991y&cfff50/63 &cf31rl&cfff&cf31:16&cfff [ya] 
(ganon): >&c479gan:&cfff &c0b0safe&cfff [quad]
(ganon): >&c479gan:&cfff &c0b0safe&cfff [quad]
(carapace): >&c693car:&cfff &c0b0safe&cfff [mega]
(bps): >&cc93bps:&cfff &c0b0safe&cfff [ya]
(bps): >&cc93bps:&cfff &c0b0safe&cfff [ya]
(carapace): >&c693car:&cfff 0/181 &cf31rl&cfff&cf31:4&cfff [mega] 
(bps): >&cc93bps:&cfff took &cff0ya&cfff [ya]
(bps): >&cc93bps:&cfff took &cff0ya&cfff [ya]
(bps): >&cc93bps:&cfff took &cff0ya&cfff [ya]
(ganon): >&c479gan:&cfff &c05fquad&cfff at [quad-box]
(bps): >&cc93bps:&cfff &c991y&cfff150/63 &cf31rl&cfff&cf31:16&cfff [gl] 
(carapace): >&c693car:&cfff 0/30 &cf31rl&cfff&cf31:2&cfff [cross] 
(bps): >&cc93bps:&cfff &c0b0team&cfff &c05fquad&cfff
(bps): >&cc93bps:&cfff &c0b0team&cfff &c05fquad&cfff
(bps): >&cc93bps:&cfff &c0b0team&cfff &c05fquad&cfff
(bps): >&cc93bps:&cfff &c0b0team&cfff &c05fquad&cfff
(carapace): >&c693car:&cfff 0/30 &cf31rl&cfff&cf31:5&cfff [cross] 
(bps): >&cc93bps:&cfff &c991y&cfff97/72 &cf31rl&cfff&cf31:15&cfff [ya] &c05fquad&cfff
(bps): >&cc93bps:&cfff &c991y&cfff97/72 &cf31rl&cfff&cf31:15&cfff [ya] &c05fquad&cfff
(carapace): >&c693car:&cfff 0/100 &cf31rl&cfff&cf31:4&cfff [mega] 
(carapace): >&c693car:&cfff &c0b0safe&cfff [mega]
(rst): >&c777rst:&cfff &cf00lost&cfff [gl-stairs] 2
(rst): >&c777rst:&cfff &cf00lost&cfff [gl-stairs] 2
(rst): >&c777rst:&cfff &cf00lost&cfff [gl-stairs] 2
(rst): >&c777rst:&cfff &cf00lost&cfff [gl-stairs] 2
(rst): >&c777rst:&cfff &cf00lost&cfff [gl-stairs] 2
(bps): >&cc93bps:&cfff &cff0ya&cfff at [ya]
(bps): >&cc93bps:&cfff &cff0ya&cfff at [ya]
(bps): >&cc93bps:&cfff &cff0ya&cfff at [ya]
(ganon): >&c479gan:&cfff &cf2apack&cfff at [ya]
(bps): >&cc93bps:&cfff rst at [ya]
(bps): >&cc93bps:&cfff rst at [ya]
(carapace): >&c693car:&cfff 0/100 &cf31rl&cfff&cf31:9&cfff [mega] 
(carapace): >&c693car:&cfff 0/200 &cf31rl&cfff&cf31:9&cfff [mega] 
(bps): >&cc93bps:&cfff &c991y&cfff40/66 &cf31rl&cfff&cf31:12&cfff [ga] &c05fquad&cfff
(carapace): >&c693car:&cfff 0/200 &cf31rl&cfff&cf31:9&cfff [quad-stairs] 
(bps): >&cc93bps:&cfff &c991y&cfff40/91 &cf31rl&cfff&cf31:12&cfff [bridge-room] &c05fquad&cfff
Quad Damage is wearing off
(bps): >&cc93bps:&cfff &c991y&cfff40/91 &cf31rl&cfff&cf31:11&cfff [ssg] &c05fquad&cfff
(bps): >&cc93bps:&cfff &c991y&cfff40/91 &cf31rl&cfff&cf31:11&cfff [ssg] 
(bps): >&cc93bps:&cfff &c991y&cfff40/100 &cf31rl&cfff&cf31:11&cfff [ssg] 
(bps): >&cc93bps:&cfff &c693g&cfff100/100 &cf31rl&cfff&cf31:11&cfff [bridge] 
(carapace): >&c693car:&cfff 0/165 &cf31rl&cfff&cf31:6&cfff [ya] 
[7] minutes remaining
Team [-s-] leads by 9 frags
(carapace): >&c693car:&cfff took &cff0ya&cfff [ya]
(carapace): >&c693car:&cfff &c991y&cfff150/142 &cf31rl&cfff&cf31:5&cfff [ya] 
(bps): >&cc93bps:&cfff &c693g&cfff89/79 &cf31rl&cfff&cf31:9&cfff [ssg-spikes] 
(bps): >&cc93bps:&cfff &c693g&cfff89/79 &cf31rl&cfff&cf31:9&cfff [ssg-spikes] 
(ganon): >&c479gan:&cfff &cf00lost&cfff [gl-quad] 3
(ganon): >&c479gan:&cfff &cf00lost&cfff [gl-quad] 3
(ganon): >&c479gan:&cfff &cf2apack&cfff at [ya]
(bps): >&cc93bps:&cfff ganon at [ya]
(rst): >&c777rst:&cfff &cf00lost&cfff [quad-stairs] 2
(rst): >&c777rst:&cfff &cf00lost&cfff [quad-stairs] 2
(rst): >&c777rst:&cfff &cf00lost&cfff [quad-stairs] 2
(rst): >&c777rst:&cfff &cf00lost&cfff [quad-stairs] 2
(carapace): >&c693car:&cfff &cf00dropped&cfff &cf31rl&cfff [quad] 1
(carapace): >&c693car:&cfff &cf00dropped&cfff &cf31rl&cfff [quad] 1
(carapace): >&c693car:&cfff &cf00dropped&cfff &cf31rl&cfff [quad] 1
(carapace): >&c693car:&cfff &cf00dropped&cfff &cf31rl&cfff [quad] 1
(carapace): >&c693car:&cfff 0/100 [spikes] 
(bps): >&cc93bps:&cfff &cf00lost&cfff [ya-tele] 1
(bps): >&cc93bps:&cfff &cf00lost&cfff [ya-tele] 1
no weapon
(fix): >_ fix: ga58/52 {rl:3} [quad]
(reppie): >rep 0/100 &cf60rl&cfff&cf60:13&cfff [gl-rox] 
(reppie): >rep 0/100 &cf60rl&cfff&cf60:13&cfff [gl-rox] 
(fix): >_ fix: ga42/20 {rl:0} {&c05fquad&cfff} [gl]
(razor): >&ccc6raz&cfff &cf00lost&cfff [start-stairs] 1
(razor): >&ccc6raz&cfff &cf00lost&cfff [start-stairs] 1
(razor): >&ccc6raz&cfff &cf00lost&cfff [start-stairs] 1
(reppie): >rep 0/28 &cf60rl&cfff&cf60:9&cfff [ya-water] 
(fix): >_ fix: ya150/35 {rl:0} {&c05fquad&cfff} [ya]
(reppie): >rep 0/28 &cf60rl&cfff&cf60:9&cfff [ya-water] 
(reppie): >rep 0/28 &cf60rl&cfff&cf60:9&cfff [ya-water] 
(fix): >_ fix: nmy rl -> ya
(fix): >_ fix: nmy rl -> ya
(fix): >_ fix: nmy rl -> ya
(fix): >_ fix: nmy rl -> ya
(fix): >_ fix: nmy rl -> ya
(fix): >_ fix: nmy rl -> ya
(fix): >_ fix: nmy rl -> ya
(fix): >_ fix: nmy rl -> ya
(reppie): >rep &cf00lost&cfff [ssg] 3
(reppie): >rep &cf00lost&cfff [ssg] 3
(carapace): >&c693car:&cfff 0/100 sg [ssg] rox:8 
(carapace): >&c693car:&cfff took &c0b0ga&cfff [ga]
(carapace): >&c693car:&cfff &c693g&cfff100/100 sg [bridge] rox:8 
(bps): >&cc93bps:&cfff ganon at [ya]
(bps): >&cc93bps:&cfff &c0b0safe&cfff [gl-stairs]
(bps): >&cc93bps:&cfff rst at [ya]
(carapace): >&c693car:&cfff took &cf31rl&cfff [rl]
(carapace): >&c693car:&cfff &c693g&cfff61/31 &cf31rl&cfff&cf31:13&cfff [rl] 
(ganon): >&c479gan:&cfff &c0b0safe&cfff [gl]
(ganon): >&c479gan:&cfff &c0b0safe&cfff [gl]
(rst): >&c777rst:&cfff &cf00lost&cfff [door] 4
(rst): >&c777rst:&cfff &cf00lost&cfff [door] 4
(rst): >&c777rst:&cfff &cf00lost&cfff [door] 4
(rst): >&c777rst:&cfff &cf00lost&cfff [door] 4
(bps): >&cc93bps:&cfff 0/76 [gl-quad] 
[6] minutes remaining
Team [-s-] leads by 10 frags
(bps): >&cc93bps:&cfff &c0b0safe&cfff [ya]
(bps): >&cc93bps:&cfff &c0b0safe&cfff [gl-stairs]
(bps): >&cc93bps:&cfff &c0b0safe&cfff [gl-stairs]
(carapace): >&c693car:&cfff &cf00lost&cfff [start] 3
(carapace): >&c693car:&cfff &cf00lost&cfff [start-rl] 1
(bps): >&cc93bps:&cfff 0/18 [gl] 
(bps): >&cc93bps:&cfff &cff0ya&cfff at [ya]
(bps): >&cc93bps:&cfff took &cff0ya&cfff [ya]
(bps): >&cc93bps:&cfff took &cff0ya&cfff [ya]
(carapace): >&c693car:&cfff 0/28 &cf31rl&cfff&cf31:24&cfff [rl] 
(carapace): >&c693car:&cfff 0/4 &cf31rl&cfff&cf31:23&cfff [cross-water] 
(carapace): >&c693car:&cfff &cf00lost&cfff [cross-water] 1
(carapace): >&c693car:&cfff &cf00lost&cfff [cross-water] 1
(carapace): >&c693car:&cfff &cf00lost&cfff [cross-water] 1
(carapace): >&c693car:&cfff 0/100 [spikes] 
(bps): >&cc93bps:&cfff 0/100 [ga] 
(carapace): >&c693car:&cfff &cf00lost&cfff [ya] 1
(rst): >&c777rst:&cfff &cf00lost&cfff [ssg] 1
(rst): >&c777rst:&cfff &cf00lost&cfff [ssg] 1
(rst): >&c777rst:&cfff &cf00lost&cfff [ssg] 1
(rst): >&c777rst:&cfff &cf00lost&cfff [ssg] 1
(carapace): >&c693car:&cfff 0/40 sg [gl] rox:23 
Quad Damage is wearing off
fix: lol
(carapace): >&c693car:&cfff 0/40 sg [ga] rox:23 
(bps): >&cc93bps:&cfff 0/1 sg [rl] rox:5 
(carapace): >&c693car:&cfff &cf00lost&cfff [water-rl] 2
(carapace): >&c693car:&cfff 0/100 [spikes] 
(carapace): >&c693car:&cfff &cf00lost&cfff [ya] 1
(rst): >&c777rst:&cfff &c0b0safe&cfff [ya]
(bps): >&cc93bps:&cfff 0/100 [ya] 
(bps): >&cc93bps:&cfff &c299gl&cfff at [gl]
(bps): >&cc93bps:&cfff &c299gl&cfff at [gl]
(rst): >&c777rst:&cfff took &cff0ya&cfff [ya]
[5] minutes remaining
Team [-s-] leads by 20 frags
(bps): >&cc93bps:&cfff &c299gl&cfff at [gl]
(bps): >&cc93bps:&cfff &c299gl&cfff at [gl]
(bps): >&cc93bps:&cfff &c299gl&cfff at [gl]
(bps): >&cc93bps:&cfff &c299gl&cfff at [gl]
(rst): >&c777rst:&cfff &c0b0safe&cfff [water-ga]
(bps): >&cc93bps:&cfff 0/82 &c299gl&cfff [quad] rox:4 
(carapace): >&c693car:&cfff &c693g&cfff100/84 [start-rl] 
(bps): >&cc93bps:&cfff &c05fquad&cfff at [quad-box]
(bps): >&cc93bps:&cfff &c05fquad&cfff at [quad-box]
(carapace): >&c693car:&cfff took &cf31rl&cfff [rl]
(carapace): >&c693car:&cfff &c693g&cfff90/66 &cf31rl&cfff&cf31:5&cfff [rl] 
(bps): >&cc93bps:&cfff &c0b0team&cfff &c05fquad&cfff
(bps): >&cc93bps:&cfff &c0b0team&cfff &c05fquad&cfff
(bps): >&cc93bps:&cfff &c05fquad&cfff over
(carapace): >&c693car:&cfff &c693g&cfff58/2 &cf31rl&cfff&cf31:4&cfff [rl] 
(ganon): >&c479gan:&cfff &c0b0safe&cfff [gl]
(ganon): >&c479gan:&cfff &c0b0safe&cfff [gl]
(rst): >&c777rst:&cfff &cf00lost&cfff [mega-entry] 3
(rst): >&c777rst:&cfff &cf00lost&cfff [mega-entry] 3
(rst): >&c777rst:&cfff &cf00lost&cfff [mega-entry] 3
(carapace): >&c693car:&cfff &cf00lost&cfff [cross-water] 2
(carapace): >&c693car:&cfff 0/100 [rl] 
(bps): >&cc93bps:&cfff 0/100 [ya] 
(carapace): >&c693car:&cfff 0/100 [rl] 
(carapace): >&c693car:&cfff &cf00lost&cfff [water-rl] 1
(bps): >&cc93bps:&cfff ganon at [ya]
(carapace): >&c693car:&cfff &cf00lost&cfff [quad-stairs] 1
(bps): >&cc93bps:&cfff took &cff0ya&cfff [ya]
(rst): >&c777rst:&cfff 0/100 sg [gl] rox:3 
(bps): >&cc93bps:&cfff &c991y&cfff150/100 [ya-tele] 
(carapace): >&c693car:&cfff 0/100 [gl-stairs] 
(rst): >&c777rst:&cfff &cf00lost&cfff [rl] 2
(rst): >&c777rst:&cfff &cf00lost&cfff [rl] 2
(rst): >&c777rst:&cfff &cf00lost&cfff [rl] 2
(rst): >&c777rst:&cfff &cf00lost&cfff [rl] 2
(carapace): >&c693car:&cfff 0/60 [ya] 
[4] minutes remaining
Team [-s-] leads by 22 frags
(carapace): >&c693car:&cfff &c991y&cfff150/85 [ya] 
(carapace): >&c693car:&cfff &c991y&cfff150/85 sng [ya-water] 
(rst): >&c777rst:&cfff &cf00lost&cfff [ssg-spikes] 3
(rst): >&c777rst:&cfff &cf00lost&cfff [ssg-spikes] 3
(rst): >&c777rst:&cfff &cf00lost&cfff [ssg-spikes] 3
(bps): >&cc93bps:&cfff ganon at [quad]
(carapace): >&c693car:&cfff coming [start-water] need rl
(rst): >&c777rst:&cfff you take [rl]
(rst): >&c777rst:&cfff you take [rl]
(rst): >&c777rst:&cfff you take [rl]
(rst): >&c777rst:&cfff you take [rl]
(carapace): >&c693car:&cfff &c991y&cfff140/79 &cf31rl&cfff&cf31:35&cfff [rl] 
(carapace): >&c693car:&cfff &c0b0safe&cfff [cross]
(carapace): >&c693car:&cfff &c991y&cfff140/79 &cf31rl&cfff&cf31:35&cfff [quad] 
(bps): >&cc93bps:&cfff &c0b0safe&cfff [ya]
(bps): >&cc93bps:&cfff carapace at [gl-stairs]
(rst): >&c777rst:&cfff &cf00lost&cfff [water-ga] 1
(rst): >&c777rst:&cfff &cf00lost&cfff [water-ga] 1
(rst): >&c777rst:&cfff &cf00lost&cfff [water-ga] 1
(rst): >&c777rst:&cfff &cf00lost&cfff [water-ga] 1
(rst): >&c777rst:&cfff 0/100 [ya] 
(bps): >&cc93bps:&cfff &cf00lost&cfff [water-ga] 1
(carapace): >&c693car:&cfff &c991y&cfff63/69 &cf31rl&cfff&cf31:31&cfff [quad-stairs] 
(rst): >&c777rst:&cfff &c0b0safe&cfff [ya]
(rst): >&c777rst:&cfff &c0b0safe&cfff [ya]
(rst): >&c777rst:&cfff &c0b0safe&cfff [ya]
Quad Damage is wearing off
(carapace): >&c693car:&cfff &c991y&cfff63/69 &cf31rl&cfff&cf31:31&cfff [gl-quad] 
(rst): >&c777rst:&cfff you take [ya]
(ganon): >&c479gan:&cfff &c0b0safe&cfff [gl]
(ganon): >&c479gan:&cfff &c0b0safe&cfff [gl]
(bps): >&cc93bps:&cfff 0/100 ng [start-stairs] 
[3] minutes remaining
Team [-s-] leads by 25 frags
(carapace): >&c693car:&cfff &c991y&cfff150/100 &cf31rl&cfff&cf31:31&cfff [ya] 
(bps): >&cc93bps:&cfff carapace at [ya]
(bps): >&cc93bps:&cfff &c0b0safe&cfff [ya]
(rst): >&c777rst:&cfff &cf00lost&cfff [quad] 3
(rst): >&c777rst:&cfff &cf00lost&cfff [quad] 3
(rst): >&c777rst:&cfff &cf00lost&cfff [quad] 3
(rst): >&c777rst:&cfff &cf00lost&cfff [quad] 3
(reppie): >rep &cf00lost&cfff [quad] 2
(carapace): >&c693car:&cfff &cf2apack&cfff at [gl]
(rst): >&c777rst:&cfff &cf00lost&cfff [gl-quad] 2
(rst): >&c777rst:&cfff &cf00lost&cfff [gl-quad] 2
(rst): >&c777rst:&cfff &cf00lost&cfff [gl-quad] 2
(rst): >&c777rst:&cfff &cf00lost&cfff [gl-quad] 2
(rst): >&c777rst:&cfff &cf00lost&cfff [gl-quad] 2
(rst): >&c777rst:&cfff &cf00lost&cfff [gl-quad] 2
(blixem): >blx: ga69/100 [mega] &cfffrl&cfff:0
(razor): >&ccc6raz&cfff &cf00dropped&cfff &cf60rl&cfff [gl] 2
(razor): >&ccc6raz&cfff &cf00dropped&cfff &cf60rl&cfff [gl] 2
(razor): >&ccc6raz&cfff &cf00dropped&cfff &cf60rl&cfff [gl] 2
(razor): >&ccc6raz&cfff &cf00dropped&cfff &cf60rl&cfff [gl] 2
(razor): >&ccc6raz&cfff &cf00dropped&cfff &cf60rl&cfff [gl] 2
(bps): >&cc93bps:&cfff &cf00dropped&cfff &cf2apack&cfff [gl] 1
(bps): >&cc93bps:&cfff &cf00dropped&cfff &cf2apack&cfff [gl] 1
no weapon
(bps): >&cc93bps:&cfff 0/100 [ya] 
(rst): >&c777rst:&cfff 0/100 ssg [gl-stairs] 
(bps): >&cc93bps:&cfff 0/100 &cf31rl&cfff&cf31:29&cfff [gl] 
(carapace): >&c693car:&cfff 0/50 [water-rl] 
(bps): >&cc93bps:&cfff rst at [ya]
(bps): >&cc93bps:&cfff took &cff0ya&cfff [ya]
(bps): >&cc93bps:&cfff took &cff0ya&cfff [ya]
(bps): >&cc93bps:&cfff took &cff0ya&cfff [ya]
(ganon): >&c479gan:&cfff &c0b0safe&cfff [gl]
(carapace): >&c693car:&cfff &cf00lost&cfff [rl] 1
(bps): >&cc93bps:&cfff ganon at [gl]
(carapace): >&c693car:&cfff took gl [gl]
[2] minutes remaining
Team [-s-] leads by 36 frags
(ganon): >&c479gan:&cfff 0/42 &cf31rl&cfff&cf31:3&cfff [ya] 
(carapace): >&c693car:&cfff &cf00lost&cfff [gl] 1
(rst): >&c777rst:&cfff &cf00lost&cfff [quad] 1
(rst): >&c777rst:&cfff &cf00lost&cfff [quad] 1
(rst): >&c777rst:&cfff &cf00lost&cfff [quad] 1
(rst): >&c777rst:&cfff &cf00lost&cfff [quad] 1
(carapace): >&c693car:&cfff 0/100 [rl] 
(bps): >&cc93bps:&cfff &cf00dropped&cfff &cf31rl&cfff [gl-quad] 1
(bps): >&cc93bps:&cfff carapace at [rl]
(rst): >&c777rst:&cfff you take [quad]
(carapace): >&c693car:&cfff 0/100 &cf31rl&cfff&cf31:5&cfff [rl] 
no weapon
no weapon
no weapon
no weapon
no weapon
no weapon
no weapon
no weapon
(razor): >&ccc6raz&cfff 0/60 [mega-low] &c05fquad&cfff
(razor): >&ccc6raz&cfff 0/60 [mega-low] &c05fquad&cfff
(reppie): >     &cf00attack&cfff [gl] 2
(blixem): >blx: &cf00enemy&cfff at [ssg]
no weapon
no weapon
(reppie): >rep &cf00lost&cfff [gl] 1
(fix): >_ fix: 0/200 sng:105 [mega]
(blixem): >blx: &cf00lost&cfff [water-ga] 1
(blixem): >blx: &cf00lost&cfff [water-ga] 1
Quad Damage is wearing off
(reppie): >rep took &cff0ya&cfff [ya]
(reppie): >rep took &cff0ya&cfff [ya]
(blixem): >blx: &cf00lost&cfff [ssg] 2
no weapon
[1] minute remaining
Team [-s-] leads by 39 frags
no weapon
no weapon
no weapon
no weapon
(fix): >_ fix: ga91/108 sng:49 [rl]
no weapon
(razor): >&ccc6raz&cfff &cf00lost&cfff [ssg] 2
(razor): >&ccc6raz&cfff &cf00lost&cfff [ssg] 2
(blixem): >blx: &cf00lost&cfff [mega-low] 1
(razor): >&ccc6raz&cfff &cf00lost&cfff [ssg] 2
no weapon
(bps): >&cc93bps:&cfff 0/52 sg [ssg-spikes] rox:8 
(carapace): >&c693car:&cfff &cf00lost&cfff [cross] 2
(carapace): >&c693car:&cfff 0/100 [cross] 
(carapace): >&c693car:&cfff 0/100 [quad] 
(carapace): >&c693car:&cfff &c0b0safe&cfff [quad]
(rst): >&c777rst:&cfff &c0b0safe&cfff [quad]
(rst): >&c777rst:&cfff &c0b0safe&cfff [quad]
(rst): >&c777rst:&cfff &c0b0safe&cfff [quad]
(rst): >&c777rst:&cfff &c991y&cfff147/99 &cf31rl&cfff&cf31:8&cfff [quad] 
(bps): >&cc93bps:&cfff &c0b0safe&cfff [gl]
(bps): >&cc93bps:&cfff &c0b0safe&cfff [gl]
(bps): >&cc93bps:&cfff &c0b0safe&cfff [ya]
(carapace): >&c693car:&cfff &cf00lost&cfff [cross] 3
[30] seconds
(rst): >&c777rst:&cfff &cf00dropped&cfff &cf31rl&cfff [quad] 2
(rst): >&c777rst:&cfff &cf00dropped&cfff &cf31rl&cfff [quad] 2
(rst): >&c777rst:&cfff &cf00dropped&cfff &cf31rl&cfff [quad] 2
(rst): >&c777rst:&cfff &cf00dropped&cfff &cf31rl&cfff [quad] 2
(rst): >&c777rst:&cfff &cf00dropped&cfff &cf31rl&cfff [quad] 2
(carapace): >&c693car:&cfff &cf00dropped&cfff &cf31rl&cfff [quad] 2
(blixem): >blx: ga92/84 [gl-quad] sng:189
[15] seconds
[10] seconds
(reppie): >rep &cf00lost&cfff [rl] 3
(blixem): >blx: ga41/14 [ya] sng:97
[9] seconds
[8] seconds
(fix): >_ fix: rl lost 3
(fix): >_ fix: rl lost 3
[7] seconds
[6] seconds
[5] seconds
[4] seconds
[3] seconds
[2] seconds
[1] second
The match is over
trigger "onmatchover" has no matching alias

____________________
:
___________________Frags (rank) friendkills . efficiency
Team [-s-]:
__________
_ ganon:
  68 (-4) 4 48.6%
Wp: rl65.1% gl18.2% sg59.2% ssg52.4%
RL skill: ad:81.4 dh:13
Armr&mhs: ga:2 ya:9 ra:0 mh:1
Powerups: Q:2 P:0 R:0
      RL: Took:8 Killed:7 Dropped:2 Xfer:1
  Damage: Tkn:8840 Gvn:10189 EWep:2098 Tm:457 Self:481 ToDie:122
    Time: Quad:60
 Streaks: Frags:27 QuadRun:9
  SpawnFrags: 5
__________
_ bps:
  66 (14) 3 55.9%
Wp: rl70.3% gl52.0% sg44.4% ssg32.1%
RL skill: ad:92.4 dh:3
Armr&mhs: ga:5 ya:13 ra:0 mh:1
Powerups: Q:6 P:0 R:0
      RL: Took:7 Killed:6 Dropped:3 Xfer:3
  Damage: Tkn:7956 Gvn:9231 EWep:1622 Tm:800 Self:159 ToDie:153
    Time: Quad:104
 Streaks: Frags:19 QuadRun:9
  SpawnFrags: 7
__________
_ carapace:
  69 (3) 1 51.1%
Wp: rl80.9% gl15.2% sg48.2% ssg48.4%
RL skill: ad:104.5 dh:14
Armr&mhs: ga:6 ya:8 ra:0 mh:3
Powerups: Q:1 P:0 R:0
      RL: Took:12 Killed:7 Dropped:7 Xfer:4
  Damage: Tkn:9416 Gvn:10749 EWep:1919 Tm:200 Self:194 ToDie:142
    Time: Quad:29
 Streaks: Frags:14 QuadRun:9
  SpawnFrags: 6
__________
_ rst:
  49 (-5) 3 47.6%
Wp: rl76.4% gl42.9% sg45.6% ssg27.2%
RL skill: ad:85.1 dh:12
Armr&mhs: ga:7 ya:6 ra:0 mh:3
Powerups: Q:3 P:0 R:0
      RL: Took:7 Killed:4 Dropped:5 Xfer:1
  Damage: Tkn:7302 Gvn:6817 EWep:1028 Tm:754 Self:326 ToDie:135
    Time: Quad:16
 Streaks: Frags:15 QuadRun:3
  SpawnFrags: 6

Team [[fs]]:
__________
_ reppie:
  66 (-1) 3 49.6%
Wp: rl82.8% sg44.7% ssg51.8%
RL skill: ad:75.1 dh:11
Armr&mhs: ga:3 ya:7 ra:0 mh:9
Powerups: Q:1 P:0 R:0
      RL: Took:5 Killed:8 Dropped:2 Xfer:1
  Damage: Tkn:9034 Gvn:8974 EWep:1903 Tm:205 Self:368 ToDie:134
    Time: Quad:11
 Streaks: Frags:18 QuadRun:0
  SpawnFrags: 8
__________
_ fix:
  57 (-11) 4 45.6%
Wp: rl78.9% sg34.3% ssg42.5%
RL skill: ad:110.3 dh:9
Armr&mhs: ga:11 ya:5 ra:0 mh:4
Powerups: Q:3 P:0 R:0
      RL: Took:5 Killed:7 Dropped:1
  Damage: Tkn:9344 Gvn:9339 EWep:1827 Tm:459 Self:209 ToDie:137
    Time: Quad:74
 Streaks: Frags:25 QuadRun:6
  SpawnFrags: 4
__________
_ blixem:
  57 (-2) 0 49.1%
Wp: rl55.7% sg42.5% ssg44.0%
RL skill: ad:116.2 dh:2
Armr&mhs: ga:7 ya:6 ra:0 mh:2
Powerups: Q:2 P:0 R:0
      RL: Took:5 Killed:6 Dropped:3
  Damage: Tkn:8118 Gvn:7066 EWep:1295 Tm:128 Self:135 ToDie:137
    Time: Quad:60
 Streaks: Frags:23 QuadRun:6
  SpawnFrags: 3
__________
_ razor:
  36 (-50) 2 29.5%
Wp: rl59.5% gl28.6% sg48.2% ssg38.6%
RL skill: ad:85.3 dh:5
Armr&mhs: ga:7 ya:2 ra:0 mh:3
Powerups: Q:2 P:0 R:0
      RL: Took:12 Killed:5 Dropped:6
  Damage: Tkn:10490 Gvn:8135 EWep:2292 Tm:289 Self:191 ToDie:121
    Time: Quad:41
 Streaks: Frags:4 QuadRun:2
  SpawnFrags: 0

___________________[-s-] vs [[fs]] match statistics:
___________________
weapons, powerups, armors&mhs, damage
___________________[-s-]: Wp: rl42 gl20 sg49% ssg44%
Powerups: Q:12 P:0 R:0
Armr&mhs: ga:20 ya:36 ra:0 mh:8
      RL: Took:34 Killed:24 Dropped:17 Xfer:9
  Damage: Tkn:33514 Gvn:36986 EWep:6667 Tm:2211
    Time: Quad:211
[[fs]]: Wp: rl27 gl2 sg42% ssg42%
Powerups: Q:8 P:0 R:0
Armr&mhs: ga:28 ya:20 ra:0 mh:18
      RL: Took:27 Killed:26 Dropped:12 Xfer:1
  Damage: Tkn:36986 Gvn:33514 EWep:7317 Tm:1081
    Time: Quad:188
___________________[e1m2] top scorers:
______________________________________
      Frags: carapace [69]
     Deaths: razor [86]
Friendkills: ganon [4]
             fix [4]
 Efficiency: bps [55.9%]
 FragStreak: ganon [27]
    QuadRun: ganon [9]
             bps [9]
             carapace [9]
  RL Killer: reppie [8]
Boomsticker: ganon [59.2%]
   Survivor: bps [153]
Annihilator: carapace [10749]

______________________________________

____________________
: Team scores
___________________[-s-]: 252 . 53.8%
[[fs]]: 216 . 46.2%
___________________fix: gg
rst: gg
bps: gg
]log 05
