]playdemo 05
Playing demo from 05.mvd


_____________________________________

_Claustrophobopolis
rst is ready [-s-]
All players ready
Timer started
QiZmo: timer lag point disabled
Server starts recording (memory): 4on4_-s-_vs_[fs][dm2]220123-2026.mvd
fix: glhf
reppie: hfgl!
blixem: hfgl
bps: glhf
matchdate: 2022-01-23 20:27:02 UTC
trigger "onmatchstart" has no matching alias
The match has begun!
(rst): >&c777rst:&cfff 0/100 [low-button] 
(bps): >&cc93bps:&cfff 0/100 ng [ng] 
(carapace): >&c693car:&cfff 0/100 [water] 
(blixem): >blx: &cf00lost&cfff [tele] 1
(razor): >&ccc6raz&cfff &c931r&cfff200/200 ssg [big] 
(reppie): >rep took &cf00ra&cfff [secret]
(razor): >&ccc6raz&cfff &c931r&cfff200/200 ssg [big] 
(carapace): >&c693car:&cfff &c0b0team&cfff &c05fquad&cfff
(carapace): >&c693car:&cfff &c0b0team&cfff &c05fquad&cfff
(carapace): >&c693car:&cfff 0/72 &cf31rl&cfff&cf31:9&cfff [quad-way] &c05fquad&cfff
(carapace): >&c693car:&cfff 0/72 &cf31rl&cfff&cf31:9&cfff [quad-way] &c05fquad&cfff
(bps): >&cc93bps:&cfff 0/100 [big-stairs] 
(carapace): >&c693car:&cfff 0/143 &cf31rl&cfff&cf31:33&cfff [big] &c05fquad&cfff
(bps): >&cc93bps:&cfff 0/100 [platforms] 
world squishes carapace
(reppie): >rep &c931r&cfff77/79 &cf60rl&cfff&cf60:0&cfff [ra-mega] 
(reppie): >rep &c931r&cfff77/79 &cf60rl&cfff&cf60:0&cfff [ra-mega] 
(reppie): >rep &c931r&cfff77/79 &cf60rl&cfff&cf60:0&cfff [ra-mega] 
(fix): >_ fix: ya150/87 [high.rl]
(blixem): >blx: 0/8 [tele-high]
(fix): >_ fix: ya150/87 [high.rl]
(razor): >&ccc6raz&cfff 0/88 &cf60rl&cfff&cf60:9&cfff [secret] 
(razor): >&ccc6raz&cfff 0/88 &cf60rl&cfff&cf60:9&cfff [secret] 
(razor): >&ccc6raz&cfff 0/88 &cf60rl&cfff&cf60:9&cfff [secret] 
(blixem): >blx: 0/8 [high-rl]
(reppie): >rep &c931r&cfff10/66 &cf60rl&cfff&cf60:0&cfff [ra-mega] 
(reppie): >rep &c931r&cfff10/66 &cf60rl&cfff&cf60:0&cfff [ra-mega] 
(reppie): >rep &c931r&cfff10/66 &cf60rl&cfff&cf60:0&cfff [ra-mega] 
(reppie): >rep &c931r&cfff10/66 &cf60rl&cfff&cf60:0&cfff [ra-mega] 
(razor): >&ccc6raz&cfff 0/64 &cf60rl&cfff&cf60:8&cfff [secret] 
(razor): >&ccc6raz&cfff 0/64 &cf60rl&cfff&cf60:8&cfff [secret] 
(razor): >&ccc6raz&cfff 0/64 &cf60rl&cfff&cf60:8&cfff [secret] 
(razor): >&ccc6raz&cfff 0/64 &cf60rl&cfff&cf60:8&cfff [secret] 
(razor): >&ccc6raz&cfff 0/64 &cf60rl&cfff&cf60:8&cfff [secret] 
(reppie): >rep took &cf00ra&cfff [ra-mega]
(reppie): >rep took &cf00ra&cfff [ra-mega]
(reppie): >rep took &cf00ra&cfff [ra-mega]
(blixem): >blx: &cf00lost&cfff [big] 1
(reppie): >rep &c931r&cfff200/66 &cf60rl&cfff&cf60:0&cfff [ra-mega/rox] 
(reppie): >rep &c931r&cfff200/66 &cf60rl&cfff&cf60:0&cfff [ra-mega/rox] 
(reppie): >rep &c931r&cfff200/66 &cf60rl&cfff&cf60:0&cfff [ra-mega/rox] 
(reppie): >rep &c931r&cfff200/66 &cf60rl&cfff&cf60:0&cfff [ra-mega/rox] 
(blixem): >blx: 0/68 [secret]
(reppie): >rep took &c0ffmega&cfff [ra-mega]
(razor): >&ccc6raz&cfff &c0b0safe&cfff [high-rl]
(razor): >&ccc6raz&cfff &c0b0safe&cfff [high-rl]
[19] minutes remaining
Team [[fs]] leads by 17 frags
(fix): >_ fix: ya71/108 {rl:20} [quad]
(razor): >&ccc6raz&cfff 0/13 &cf60rl&cfff&cf60:0&cfff [high-rl] 
(razor): >&ccc6raz&cfff 0/13 &cf60rl&cfff&cf60:0&cfff [high-rl] 
(razor): >&ccc6raz&cfff 0/13 &cf60rl&cfff&cf60:0&cfff [high-rl] 
(razor): >&ccc6raz&cfff 0/13 &cf60rl&cfff&cf60:0&cfff [high-rl] 
(razor): >&ccc6raz&cfff 0/13 &cf60rl&cfff&cf60:0&cfff [high-rl] 
(fix): >_ fix: ya71/107 {rl:20} [quad]
(fix): >_ fix: ya71/106 {rl:19} {&c05fquad&cfff} [quad]
(blixem): >blx: &cf00lost&cfff [low-stairs] 2
(razor): >&ccc6raz&cfff &cf00dropped&cfff &cf60rl&cfff [quad-low] 0
no weapon
(razor): >&ccc6raz&cfff &cf00dropped&cfff &cf60rl&cfff [ng] 1
(razor): >&ccc6raz&cfff &cf00dropped&cfff &cf60rl&cfff [ng] 1
(razor): >&ccc6raz&cfff &cf00dropped&cfff &cf60rl&cfff [ng] 1
(razor): >&ccc6raz&cfff &cf00dropped&cfff &cf60rl&cfff [ng] 1
(fix): >_ fix: 0/100 [tele.high]
(blixem): >blx: 0/80 [path-lift] &cfffrl&cfff:32
(reppie): >rep &c931r&cfff4/69 &cf60rl&cfff&cf60:11&cfff [ra-mega/rox] 
(reppie): >rep &c931r&cfff4/69 &cf60rl&cfff&cf60:11&cfff [ra-mega] 
(fix): >_ fix: high.rl lost 1
(fix): >_ fix: high.rl lost 1
(fix): >_ fix: high.rl lost 1
(blixem): >blx: awaits [secret]
(blixem): >blx: took &cf50ra&cfff [secret]
(reppie): >rep &cf60rl&cfff at [low-rl]
(fix): >_ fix: nmy rl -> big
(fix): >_ fix: nmy rl -> big
(razor): >&ccc6raz&cfff &c0b0safe&cfff [ra-mega]
(razor): >&ccc6raz&cfff &c0b0safe&cfff [ra-mega]
(razor): >&ccc6raz&cfff &c0b0safe&cfff [ra-mega]
(fix): >_ fix: quad.low lost 4
(fix): >_ fix: gl > gl
(reppie): >rep &c0b0safe&cfff [quad-way]
(reppie): >rep &c0b0safe&cfff [quad-way]
(reppie): >rep &c0b0safe&cfff [quad-way]
(blixem): >blx: &c0b0safe&cfff [tele-high] &cfffrl&cfff:32
(blixem): >blx: &c0b0safe&cfff [tele-high] &cfffrl&cfff:32
(blixem): >blx: &c0b0safe&cfff [tele-high] &cfffrl&cfff:32
(blixem): >blx: &c0b0safe&cfff [tele-high] &cfffrl&cfff:32
(blixem): >blx: &c0b0safe&cfff [tele-high] &cfffrl&cfff:32
(fix): >_ fix: nmy rl -> big
(fix): >_ fix: nmy rl -> big.stairs
(fix): >_ fix: nmy rl -> big.button
(fix): >_ fix: nmy rl -> big.button
[18] minutes remaining
Team [[fs]] leads by 26 frags
(blixem): >blx: ra15/72 [quad-way] &cfffrl&cfff:26
(razor): >&ccc6raz&cfff &c0b0safe&cfff [low-stairs]
(razor): >&ccc6raz&cfff &c0b0safe&cfff [low-stairs]
(reppie): >     &cfffrep &c05fquad&cfff
(blixem): >blx: &cfffrl&cfff at [high-rl]
(razor): >&ccc6raz&cfff &c0b0safe&cfff [ra-mega]
(fix): >_ fix: coming f tele.ya ya150
(razor): >&ccc6raz&cfff &c0b0safe&cfff [ra-mega]
(fix): >_ fix: coming f tele.high ya150
(razor): >&ccc6raz&cfff &c0b0safe&cfff [ra-mega]
(razor): >&ccc6raz&cfff &c0b0safe&cfff [ra-mega]
(fix): >_ fix: coming f tele.high ya150
(fix): >_ fix: ya150/100 [tele.high]
(blixem): >blx: ra15/72 [high-rl] &cfffrl&cfff:31
(razor): >&ccc6raz&cfff &c0b0safe&cfff [ra-mega]
(razor): >&ccc6raz&cfff &c0b0safe&cfff [ra-mega]
(razor): >&ccc6raz&cfff &c0b0safe&cfff [ra-mega]
(razor): >&ccc6raz&cfff &c0b0safe&cfff [ra-mega]
(razor): >&ccc6raz&cfff &c0b0safe&cfff [ra-mega]
(razor): >&ccc6raz&cfff &c0b0safe&cfff [ra-mega]
(fix): >_ fix: help @ gl
(fix): >_ fix: help @ gl
(blixem): >blx: took &cff0ya&cfff [tele-ya]
(blixem): >blx: &c0b0safe&cfff [tele] &cfffrl&cfff:39
(blixem): >blx: &c0b0safe&cfff [tele] &cfffrl&cfff:39
(razor): >&ccc6raz&cfff &cf00lost&cfff [low-rl] 2
(razor): >&ccc6raz&cfff &cf00lost&cfff [low-rl] 2
(razor): >&ccc6raz&cfff &cf00lost&cfff [low-rl] 2
Quad Damage is wearing off
(razor): >&ccc6raz&cfff &cf00lost&cfff [low-rl] 2
(fix): >_ fix: 0/100 {rl:5} [tele.entry]
(fix): >_ fix: 0/100 {rl:5} [tele]
(reppie): >rep &c931r&cfff104/100 &cf60rl&cfff&cf60:4&cfff [tele] 
(fix): >_ fix: 0/100 {rl:5} [tele]
(reppie): >rep &c931r&cfff104/100 &cf60rl&cfff&cf60:4&cfff [tele] 
(reppie): >rep &c931r&cfff104/100 &cf60rl&cfff&cf60:4&cfff [gl] 
(reppie): >rep &c931r&cfff104/100 &cf60rl&cfff&cf60:4&cfff [gl] 
(fix): >_ fix: 0/100 {rl:5} [tele.ya]
(blixem): >blx: ya36/16 [path] &cfffrl&cfff:32
(blixem): >blx: ya36/41 [tele] &cfffrl&cfff:32
[17] minutes remaining
Team [[fs]] leads by 39 frags
(razor): >&ccc6raz&cfff &cf00dropped&cfff &cf60rl&cfff [quad-low] 3
(razor): >&ccc6raz&cfff &cf00dropped&cfff &cf60rl&cfff [quad-low] 3
(razor): >&ccc6raz&cfff &cf00dropped&cfff &cf60rl&cfff [quad-low] 3
(carapace): >&c693car:&cfff &cf00dropped&cfff &cf31rl&cfff [quad] 2
(fix): >fix: __ packs @ quad __
(fix): >fix: __ packs @ quad __
(razor): >&ccc6raz&cfff &cf00lost&cfff [quad-low] 2
(razor): >&ccc6raz&cfff &cf00lost&cfff [quad-low] 2
(razor): >&ccc6raz&cfff &cf00lost&cfff [quad-low] 2
(reppie): >rep &cf00lost&cfff [platforms] 1
(reppie): >rep &cf00lost&cfff [platforms] 1
(reppie): >rep &cf00lost&cfff [platforms] 1
no weapon
(blixem): >blx: took &cff0ya&cfff [tele-ya]
no weapon
(carapace): >&c693car:&cfff &cf00lost&cfff [quad-low] 2
(rst): >&c777rst:&cfff 0/1 &cf31rl&cfff&cf31:1&cfff [tele-high] 
(bps): >&cc93bps:&cfff 0/100 [big] 
(carapace): >&c693car:&cfff 0/100 gl [floating] rox:15 
(bps): >&cc93bps:&cfff ganon at [low-rl]
(rst): >&c777rst:&cfff &cf00lost&cfff [quad-way] 1
(rst): >&c777rst:&cfff &cf00lost&cfff [quad-way] 1
(rst): >&c777rst:&cfff &cf00lost&cfff [quad-way] 1
(rst): >&c777rst:&cfff &cf00lost&cfff [quad-way] 1
(rst): >&c777rst:&cfff &cf00lost&cfff [quad-way] 1
(rst): >&c777rst:&cfff &cf00lost&cfff [quad-way] 1
(bps): >&cc93bps:&cfff 0/56 [low-rl] 
(bps): >&cc93bps:&cfff &ce00ra&cfff at [ra-mega]
(carapace): >&c693car:&cfff &cf00lost&cfff [tele-high] 3
(carapace): >&c693car:&cfff &cf00lost&cfff [tele-high] 3
(carapace): >&c693car:&cfff &cf00lost&cfff [tele-high] 3
(rst): >&c777rst:&cfff 0/100 ng [tele-ya] rox:41 
(carapace): >&c693car:&cfff &cf00lost&cfff [tele-high] 3
(carapace): >&c693car:&cfff 0/100 [water] 
(bps): >&cc93bps:&cfff &ce00ra&cfff at [secret]
(bps): >&cc93bps:&cfff &ce00ra&cfff at [secret]
(bps): >&cc93bps:&cfff &ce00ra&cfff at [secret]
(bps): >&cc93bps:&cfff took &ce00ra&cfff [secret]
(rst): >&c777rst:&cfff &cf00lost&cfff [tele-ya] 3
(rst): >&c777rst:&cfff &cf00lost&cfff [tele-ya] 3
(rst): >&c777rst:&cfff &cf00lost&cfff [tele-ya] 3
(rst): >&c777rst:&cfff &cf00lost&cfff [tele-ya] 3
(rst): >&c777rst:&cfff &cf00lost&cfff [tele-ya] 3
(rst): >&c777rst:&cfff &cf00lost&cfff [tele-ya] 3
[16] minutes remaining
Team [[fs]] leads by 37 frags
(bps): >&cc93bps:&cfff &c931r&cfff106/88 [low-rl] 
(bps): >&cc93bps:&cfff carapace at [low-rl]
(bps): >&cc93bps:&cfff carapace at [low-rl]
(bps): >&cc93bps:&cfff took &cf31rl&cfff [low-rl]
(bps): >&cc93bps:&cfff took &cf31rl&cfff [low-rl]
(bps): >&cc93bps:&cfff &c931r&cfff106/88 &cf31rl&cfff&cf31:5&cfff [low-lift] 
(reppie): >rep &cf00lost&cfff [quad-way] 1
(reppie): >rep &cf00lost&cfff [quad-way] 1
(blixem): >blx: took &cf50ra&cfff [secret]
(fix): >_ fix: waiting low.rl
(fix): >_ fix: ra200/198 ssg:20 [low.rl]
Quad Damage is wearing off
(reppie): >rep &cf00lost&cfff [tele-ya] 3
(fix): >_ fix: coming f path ra200
(fix): >_ fix: ra200/188 {rl:15} [path]
(fix): >_ fix: ra200/188 {rl:15} [path]
(razor): >&ccc6raz&cfff &c931r&cfff200/77 [ra-mega] 
(razor): >&ccc6raz&cfff &c931r&cfff200/77 [ra-mega] 
(fix): >_ fix: ng safe rl:15 
(blixem): >blx: &c0b0safe&cfff [tele] &cfffrl&cfff:61
(blixem): >blx: &c0b0safe&cfff [tele] &cfffrl&cfff:61
(razor): >&ccc6raz&cfff &c0b0safe&cfff [ra-mega]
(razor): >&ccc6raz&cfff &c0b0safe&cfff [ra-mega]
(reppie): >rep &c991y&cfff150/100 [low-rl] 
(reppie): >rep &c991y&cfff150/100 [low-rl] 
(reppie): >rep &c991y&cfff150/100 [low-rl] 
[15] minutes remaining
Team [[fs]] leads by 47 frags
(blixem): >blx: ya120/34 [tele-high] &cfffrl&cfff:56
(blixem): >blx: &c0b0safe&cfff [quad] &cfffrl&cfff:56
(reppie): >rep &cf00lost&cfff [low-rl] 1
(blixem): >blx: &c0b0safe&cfff [quad] &cfffrl&cfff:56
(reppie): >rep &cf00lost&cfff [low-rl] 1
(reppie): >rep &cf00lost&cfff [low-rl] 1
(blixem): >blx: &c0b0team&cfff &c05fquad&cfff
(razor): >&ccc6raz&cfff &cf00dropped&cfff &cf60rl&cfff [low-stairs] 0
(razor): >&ccc6raz&cfff &cf00dropped&cfff &cf60rl&cfff [low-stairs] 0
(razor): >&ccc6raz&cfff &cf00dropped&cfff &cf60rl&cfff [low-stairs] 0
(fix): >_ fix: &cf2apack&cfff > high.rl
(fix): >_ fix: &cf2apack&cfff > high.rl
(fix): >_ fix: rox > high.rl
(razor): >&ccc6raz&cfff &cf00lost&cfff [ra-mega] 2
(razor): >&ccc6raz&cfff &cf00lost&cfff [ra-mega] 2
(razor): >&ccc6raz&cfff &cf2apack&cfff at [ng]
(reppie): >rep &c991y&cfff150/100 [high-rl] 
(reppie): >rep &c991y&cfff150/100 [high-rl] 
(fix): >_ fix: &cf2apack&cfff > big
(fix): >_ fix: &cf2apack&cfff > big
(blixem): >blx: took &cf50ra&cfff [secret]
(fix): >_ fix: &cf2apack&cfff > big
(fix): >_ fix: &cf2apack&cfff > big
(fix): >_ fix: &cf2apack&cfff > big
(reppie): >rep coming [quad-way]
(blixem): >blx: &c0b0safe&cfff [tele] &cfffrl&cfff:48
(blixem): >blx: &c0b0safe&cfff [tele] &cfffrl&cfff:48
(fix): >_ fix: 0/87 {rl:35} [tele]
Quad Damage is wearing off
(fix): >_ fix: tele safe rl:31 
(fix): >_ fix: tele safe rl:31 
(razor): >&ccc6raz&cfff 0/40 [secret] 
(razor): >&ccc6raz&cfff 0/40 [secret] 
(razor): >&ccc6raz&cfff 0/40 [secret] 
(reppie): >rep &cf00lost&cfff [ra-mega] 1
(reppie): >rep &cf00lost&cfff [ra-mega] 1
(razor): >&ccc6raz&cfff &c0b0safe&cfff [quad]
[14] minutes remaining
Team [[fs]] leads by 64 frags
(razor): >&ccc6raz&cfff &c0b0safe&cfff [quad]
(razor): >&ccc6raz&cfff &c0b0safe&cfff [quad]
(razor): >&ccc6raz&cfff &c0b0safe&cfff [quad]
(razor): >&ccc6raz&cfff &c0b0safe&cfff [quad]
(reppie): >rep 0/100 [low-rl] 
(reppie): >rep 0/100 [low-rl] 
(fix): >fix: __ packs @ tele.high __
(reppie): >rep took &cf60rl&cfff [low-rl]
(reppie): >rep took &cf60rl&cfff [low-rl]
(reppie): >rep took &cf60rl&cfff [low-rl]
(blixem): >blx: coming [secret]
(blixem): >blx: took &cf50ra&cfff [secret]
(razor): >&ccc6raz&cfff &c0b0team&cfff &c05fquad&cfff
(razor): >&ccc6raz&cfff &c0b0team&cfff &c05fquad&cfff
(reppie): >rep 0/76 &cf60rl&cfff&cf60:2&cfff [path] 
(reppie): >rep 0/76 &cf60rl&cfff&cf60:2&cfff [path] 
(reppie): >rep 0/76 &cf60rl&cfff&cf60:2&cfff [path] 
(blixem): >blx: &c0b0safe&cfff [tele] &cfffrl&cfff:35
(blixem): >blx: &c0b0safe&cfff [tele] &cfffrl&cfff:35
(razor): >&ccc6raz&cfff &c931r&cfff69/87 &cf60rl&cfff&cf60:15&cfff [quad-low] &c05fquad&cfff
(razor): >&ccc6raz&cfff &c931r&cfff69/87 &cf60rl&cfff&cf60:15&cfff [ng] &c05fquad&cfff
(fix): >_ fix: waiting high.rl
(fix): >_ fix: waiting high.rl
(reppie): >rep 0/76 &cf60rl&cfff&cf60:2&cfff [tele-high] 
(reppie): >rep 0/76 &cf60rl&cfff&cf60:2&cfff [tele-high] 
(reppie): >rep 0/76 &cf60rl&cfff&cf60:2&cfff [tele-high] 
(blixem): >blx: &c0b0safe&cfff [tele-entry] &cfffrl&cfff:34
(blixem): >blx: &c0b0safe&cfff [tele-entry] &cfffrl&cfff:34
(fix): >_ fix: ya150/100 rox:43 [high.rl]
(fix): >_ fix: ya150/100 rox:43 [high.rl]
(razor): >&ccc6raz&cfff &c931r&cfff18/91 &cf60rl&cfff&cf60:6&cfff [secret] &c05fquad&cfff
(razor): >&ccc6raz&cfff &c931r&cfff18/91 &cf60rl&cfff&cf60:6&cfff [secret] &c05fquad&cfff
(fix): >_ fix: nmy @ ra
(fix): >fix: took rl > high.rl
(razor): >&ccc6raz&cfff &c931r&cfff18/91 &cf60rl&cfff&cf60:6&cfff [secret] &c05fquad&cfff
(blixem): >blx: &c0b0safe&cfff [tele] &cfffrl&cfff:32
(reppie): >rep need armor [quad-low]
(blixem): >blx: &c0b0safe&cfff [tele] &cfffrl&cfff:31
(blixem): >blx: &c0b0safe&cfff [tele] &cfffrl&cfff:31
(reppie): >rep 0/50 &cf60rl&cfff&cf60:10&cfff [ng] 
(razor): >&ccc6raz&cfff &c931r&cfff2/57 &cf60rl&cfff&cf60:5&cfff [ng] &c05fquad&cfff
(reppie): >rep 0/50 &cf60rl&cfff&cf60:10&cfff [tele-entry] 
(razor): >&ccc6raz&cfff &c931r&cfff2/57 &cf60rl&cfff&cf60:5&cfff [ng] &c05fquad&cfff
(reppie): >rep 0/50 &cf60rl&cfff&cf60:10&cfff [tele-entry] 
Quad Damage is wearing off
(reppie): >rep took &cff0ya&cfff [tele-ya]
(razor): >&ccc6raz&cfff &c931r&cfff2/72 &cf60rl&cfff&cf60:5&cfff [tele] 
(razor): >&ccc6raz&cfff &c931r&cfff2/72 &cf60rl&cfff&cf60:5&cfff [tele] 
(fix): >fix: __ packs @ quad.button __
(fix): >fix: __ packs @ quad.button __
(fix): >fix: __ packs @ quad.button __
(blixem): >blx: &c0b0safe&cfff [secret] &cfffrl&cfff:27
(reppie): >rep &cf00lost&cfff [platforms] 3
(reppie): >rep &cf00lost&cfff [platforms] 3
(blixem): >blx: took &cfffpack&cfff [secret]
(reppie): >rep &cf00lost&cfff [platforms] 4
(reppie): >rep &cf00lost&cfff [platforms] 4
(reppie): >rep &cf00lost&cfff [platforms] 4
(razor): >&ccc6raz&cfff &c931r&cfff2/72 &cf60rl&cfff&cf60:15&cfff [tele-ya] 
(razor): >&ccc6raz&cfff &c931r&cfff2/72 &cf60rl&cfff&cf60:15&cfff [tele-ya] 
(razor): >&ccc6raz&cfff &c931r&cfff2/72 &cf60rl&cfff&cf60:15&cfff [tele-ya] 
(razor): >&ccc6raz&cfff &c931r&cfff2/72 &cf60rl&cfff&cf60:15&cfff [tele-ya] 
(fix): >_ fix: nmy rl -> low.rl
(fix): >_ fix: nmy rl -> low.rl
(fix): >_ fix: nmy rl -> low.rl
[13] minutes remaining
Team [[fs]] leads by 71 frags
(fix): >_ fix: coming f tele
(fix): >_ fix: coming f tele.ya
(blixem): >blx: ra152/100 [quad] &cfffrl&cfff:27
(fix): >fix: took rl > high.rl
(fix): >_ fix: 0/76 {rl:3} [tele.high]
(blixem): >blx: &c0b0team&cfff &c05fquad&cfff
(blixem): >blx: &c0b0team&cfff &c05fquad&cfff
(reppie): >rep took &cf00ra&cfff [ra-mega]
(reppie): >rep took &cf00ra&cfff [ra-mega]
(fix): >_ fix: attacking [quad.low]
(razor): >&ccc6raz&cfff &cf2apack&cfff at [quad-low]
(reppie): >rep &c0b0safe&cfff [ra-mega]
(reppie): >rep &c0b0safe&cfff [ra-mega]
(reppie): >rep &c0b0safe&cfff [ra-mega]
(razor): >&ccc6raz&cfff &cf2apack&cfff at [quad-low]
(reppie): >rep &c0b0safe&cfff [ra-mega]
(reppie): >rep &c931r&cfff200/160 ssg [low-rl] r:13 
(reppie): >rep &c931r&cfff200/160 ssg [low-rl] r:13 
(reppie): >rep &c931r&cfff200/160 ssg [low-rl] r:13 
(razor): >&ccc6raz&cfff &c0b0safe&cfff [tele]
(razor): >&ccc6raz&cfff &c0b0safe&cfff [tele]
(razor): >&ccc6raz&cfff &c0b0safe&cfff [tele]
(razor): >&ccc6raz&cfff &c0b0safe&cfff [tele]
(razor): >&ccc6raz&cfff &c0b0safe&cfff [tele]
Quad Damage is wearing off
(razor): >&ccc6raz&cfff &c0b0safe&cfff [tele-entry]
(razor): >&ccc6raz&cfff &c0b0safe&cfff [tele]
(razor): >&ccc6raz&cfff &c0b0safe&cfff [tele]
(blixem): >blx: &c05fq&cfff ra9/100 [ng] &cfffrl&cfff:22
(blixem): >blx: awaits [secret]
(fix): >_ fix: high.rl lost 1
(blixem): >blx: awaits [secret]
(fix): >_ fix: high.rl lost 1
(blixem): >blx: awaits [secret]
(blixem): >blx: awaits [secret]
(blixem): >blx: coming [secret]
(razor): >&ccc6raz&cfff &c0b0safe&cfff [tele-entry]
(razor): >&ccc6raz&cfff &c0b0safe&cfff [tele-entry]
(fix): >_ fix: nmy rl -> quad.low
(fix): >_ fix: nmy rl -> quad.low
(fix): >_ fix: nmy rl -> quad.low
(fix): >_ fix: nmy rl -> quad.low
(fix): >_ fix: nmy rl -> ra.mega
[12] minutes remaining
Team [[fs]] leads by 89 frags
(razor): >&ccc6raz&cfff &cf00dropped&cfff &cf60rl&cfff [ng] 1
(razor): >&ccc6raz&cfff &cf00dropped&cfff &cf60rl&cfff [ng] 1
(razor): >&ccc6raz&cfff &cf00dropped&cfff &cf60rl&cfff [ng] 1
(razor): >         status ra / ya?
(razor): >&ccc6raz&cfff &cf00dropped&cfff &cf60rl&cfff [ng] 1
(razor): >&ccc6raz&cfff &cf00lost&cfff [quad-low] 2
(razor): >&ccc6raz&cfff &cf00lost&cfff [quad-low] 2
(razor): >&ccc6raz&cfff &cf00lost&cfff [quad-low] 2
(fix): >_ fix: nmy rl -> low.stairs
(blixem): >blx: &c0b0team&cfff &c05fquad&cfff
(blixem): >blx: &c0b0team&cfff &c05fquad&cfff
(reppie): >rep &c931r&cfff200/100 &cf60rl&cfff&cf60:10&cfff [high-rl] 
(reppie): >rep &c931r&cfff200/100 &cf60rl&cfff&cf60:10&cfff [high-rl] 
(reppie): >rep &c931r&cfff200/100 &cf60rl&cfff&cf60:10&cfff [high-rl] 
(reppie): >rep &c931r&cfff200/100 &cf60rl&cfff&cf60:10&cfff [high-rl] 
(reppie): >rep &c931r&cfff200/100 &cf60rl&cfff&cf60:10&cfff [high-rl] 
(reppie): >rep &c931r&cfff200/100 &cf60rl&cfff&cf60:10&cfff [high-rl] 
(reppie): >rep &c931r&cfff200/100 &cf60rl&cfff&cf60:10&cfff [high-rl] 
(fix): >_ fix: tele safe ssg:32 
(fix): >_ fix: waiting tele.ya
(fix): >_ fix: waiting tele.ya
(fix): >_ fix: waiting tele.ya
(fix): >_ fix: 0/57 ssg:32 [tele.ya]
(reppie): >rep &cf00ra&cfff at [secret]
(reppie): >rep &cf00ra&cfff at [secret]
(reppie): >rep &cf00ra&cfff at [secret]
(reppie): >rep &cf00ra&cfff at [secret]
(razor): >&ccc6raz&cfff &cf00lost&cfff [low-rl] 2
(razor): >&ccc6raz&cfff &cf00lost&cfff [low-rl] 2
(razor): >&ccc6raz&cfff &cf00lost&cfff [low-rl] 2
(reppie): >rep took &cf00ra&cfff [secret]
(reppie): >rep took &cf00ra&cfff [secret]
(reppie): >rep took &cf00ra&cfff [secret]
(fix): >_ fix: ya150/57 ssg:30 [tele.high]
(razor): >&ccc6raz&cfff &cf00lost&cfff [low-rl] 3
(razor): >&ccc6raz&cfff &cf00lost&cfff [low-rl] 3
(razor): >&ccc6raz&cfff &cf00lost&cfff [low-rl] 3
Quad Damage is wearing off
(reppie): >rep &c0b0safe&cfff [tele]
(reppie): >rep &c0b0safe&cfff [tele]
(fix): >_ fix: waiting high.rl
(fix): >_ fix: waiting high.rl
(fix): >fix: took rl > high.rl
(blixem): >blx: 0/70 [tele] &cfffrl&cfff:4
(blixem): >blx: took &cff0ya&cfff [tele-ya]
[11] minutes remaining
Team [[fs]] leads by 100 frags
(fix): >_ fix: rox > gl
(reppie): >rep &c931r&cfff113/87 &cf60rl&cfff&cf60:1&cfff [tele-high] 
(reppie): >rep &c931r&cfff113/87 &cf60rl&cfff&cf60:1&cfff [tele-high] 
(reppie): >rep &c931r&cfff113/87 &cf60rl&cfff&cf60:1&cfff [tele-high] 
(fix): >_ fix: quad.low lost 2
(fix): >_ fix: quad.low lost 2
(fix): >_ fix: quad.low lost 2
(fix): >fix: __ packs @ quad.low __
(fix): >fix: __ packs @ quad.low __
(fix): >fix: __ packs @ quad.low __
(blixem): >blx: &c0b0safe&cfff [quad] &cfffrl&cfff:12
(blixem): >blx: &c0b0safe&cfff [quad] &cfffrl&cfff:12
(blixem): >blx: &c0b0safe&cfff [quad] &cfffrl&cfff:12
no weapon
(reppie): >rep &c931r&cfff29/169 &cf60rl&cfff&cf60:0&cfff [gl] 
(reppie): >rep &c931r&cfff29/169 &cf60rl&cfff&cf60:0&cfff [gl] 
(reppie): >rep &c931r&cfff29/169 &cf60rl&cfff&cf60:0&cfff [gl] 
(blixem): >blx: &c05fq&cfff 0/21 [quad-way] &cfffrl&cfff:24
(razor): >&ccc6raz&cfff &c0b0safe&cfff [ra-mega]
(razor): >&ccc6raz&cfff &c0b0safe&cfff [ra-mega]
(razor): >&ccc6raz&cfff &c0b0safe&cfff [ra-mega]
(razor): >&ccc6raz&cfff &c0b0safe&cfff [ra-mega]
(reppie): >rep &c931r&cfff29/161 &cf60rl&cfff&cf60:0&cfff [gl] 
(reppie): >rep &c931r&cfff29/161 &cf60rl&cfff&cf60:0&cfff [gl] 
(fix): >_ fix: tele lost 3
(fix): >_ fix: tele lost 3
(fix): >_ fix: tele lost 3
(blixem): >blx: took &cf50ra&cfff [secret]
(reppie): >rep 0/134 &cf60rl&cfff&cf60:9&cfff [quad-way] 
(reppie): >rep 0/134 &cf60rl&cfff&cf60:9&cfff [quad-way] 
(fix): >_ fix: 0/100 {rl:5} [ra.mega]
(reppie): >rep &c991y&cfff120/102 &cf60rl&cfff&cf60:8&cfff [high-rl] 
(reppie): >rep &c991y&cfff120/102 &cf60rl&cfff&cf60:8&cfff [high-rl] 
(reppie): >rep &c991y&cfff120/102 &cf60rl&cfff&cf60:8&cfff [high-rl] 
(razor): >&ccc6raz&cfff 0/96 &cf60rl&cfff&cf60:9&cfff [ra-mega] 
(razor): >&ccc6raz&cfff 0/96 &cf60rl&cfff&cf60:9&cfff [ra-mega] 
(fix): >_ fix: ra200/100 {rl:5} [ra.mega/rox]
(razor): >&ccc6raz&cfff 0/96 &cf60rl&cfff&cf60:9&cfff [ra-mega] 
(razor): >&ccc6raz&cfff 0/96 &cf60rl&cfff&cf60:9&cfff [ra-mega] 
(razor): >&ccc6raz&cfff 0/96 &cf60rl&cfff&cf60:9&cfff [ra-mega] 
[10] minutes remaining
Team [[fs]] leads by 109 frags
(blixem): >blx: 0/40 [low-rl]
(blixem): >blx: 0/40 [low-rl]
(fix): >_ fix: ra200/100 {rl:15} [ra.mega]
(reppie): >rep &cf00dropped&cfff &cf60rl&cfff [quad-low] 1
(reppie): >rep &cf00dropped&cfff &cf60rl&cfff [quad-low] 1
(reppie): >rep &cf00dropped&cfff &cf60rl&cfff [quad-low] 1
(blixem): >blx: &cf00lost&cfff [low-rl] 1
(fix): >_ fix: 0/45 {rl:9} [ng]
(blixem): >blx: &cf00lost&cfff [platforms] 3
(reppie): >rep 0/100 gl [gl] r:15 
(reppie): >rep 0/100 gl [gl] r:15 
(reppie): >rep 0/100 gl [gl] r:15 
(fix): >_ fix: ya150/45 {rl:7} [tele.high]
(blixem): >blx: &cf00lost&cfff [low-rl] 2
(reppie): >rep &cf00lost&cfff [high-rl] 1
(reppie): >rep &cf00lost&cfff [high-rl] 1
(reppie): >rep &cf00lost&cfff [high-rl] 1
(reppie): >rep &cf00lost&cfff [high-rl] 1
(reppie): >rep &cf00lost&cfff [high-rl] 1
(rst): >&c777rst:&cfff &cf00lost&cfff [ng] 2
(rst): >&c777rst:&cfff &cf00lost&cfff [ng] 2
(rst): >&c777rst:&cfff &cf00lost&cfff [ng] 2
(rst): >&c777rst:&cfff &cf00lost&cfff [ng] 2
(carapace): >&c693car:&cfff &cf2apack&cfff at [quad-way]
(carapace): >&c693car:&cfff &cf2apack&cfff at [quad-way]
(carapace): >&c693car:&cfff &c931r&cfff26/100 &cf31rl&cfff&cf31:25&cfff [quad] &c05fquad&cfff
(bps): >&cc93bps:&cfff took &c0ffmega&cfff [gl]
(bps): >&cc93bps:&cfff took &c0ffmega&cfff [gl]
(bps): >&cc93bps:&cfff 0/173 &cf31rl&cfff&cf31:22&cfff [big-wall] 
(bps): >&cc93bps:&cfff 0/172 &cf31rl&cfff&cf31:22&cfff [big-wall] 
(carapace): >&c693car:&cfff 0/58 &cf31rl&cfff&cf31:37&cfff [tele] &c05fquad&cfff
(bps): >&cc93bps:&cfff 0/166 &cf31rl&cfff&cf31:22&cfff [big] 
(ganon): >&c479gan:&cfff &cf00enemy&cfff at [tele]
Quad Damage is wearing off
(rst): >&c777rst:&cfff &cf00lost&cfff [ng] 1
(rst): >&c777rst:&cfff &cf00lost&cfff [ng] 1
(rst): >&c777rst:&cfff &cf00lost&cfff [ng] 1
(rst): >&c777rst:&cfff &cf00lost&cfff [ng] 1
(rst): >&c777rst:&cfff &cf00lost&cfff [ng] 1
(carapace): >&c693car:&cfff 0/35 &cf31rl&cfff&cf31:44&cfff [tele-ya] 
(rst): >&c777rst:&cfff &cf00lost&cfff [tele] 2
(rst): >&c777rst:&cfff &cf00lost&cfff [tele] 2
(rst): >&c777rst:&cfff &cf00lost&cfff [tele] 2
(rst): >&c777rst:&cfff &cf00lost&cfff [tele] 2
(rst): >&c777rst:&cfff &cf00lost&cfff [tele] 2
(rst): >&c777rst:&cfff &cf00lost&cfff [tele] 2
(carapace): >&c693car:&cfff &c991y&cfff150/35 &cf31rl&cfff&cf31:44&cfff [tele-high] 
[9] minutes remaining
Team [[fs]] leads by 118 frags
(bps): >&cc93bps:&cfff ganon at [quad-low]
(carapace): >&c693car:&cfff &c991y&cfff101/54 &cf31rl&cfff&cf31:36&cfff [quad-way] 
(bps): >&cc93bps:&cfff carapace at [high-rl]
(bps): >&cc93bps:&cfff &c991y&cfff95/100 [ng] 
(ganon): >&c479gan:&cfff &cf2apack&cfff at [tele-high]
(carapace): >&c693car:&cfff &cf00lost&cfff [gl] 1
(carapace): >&c693car:&cfff &cf00lost&cfff [gl] 1
(blixem): >blx: 0/100 [ra-mega] &cfffrl&cfff:5
(rst): >&c777rst:&cfff 0/100 &cf31rl&cfff&cf31:7&cfff [tele-high] 
(rst): >&c777rst:&cfff 0/100 &cf31rl&cfff&cf31:6&cfff [tele-high] 
(rst): >&c777rst:&cfff 0/100 &cf31rl&cfff&cf31:6&cfff [tele-high] 
(rst): >&c777rst:&cfff 0/100 &cf31rl&cfff&cf31:6&cfff [tele-high] 
(bps): >&cc93bps:&cfff &c931r&cfff159/41 [tele] 
(bps): >&cc93bps:&cfff &c931r&cfff159/41 [tele] 
(carapace): >&c693car:&cfff 0/100 gl [tele] rox:33 
(rst): >&c777rst:&cfff &cf2apack&cfff at [big]
(carapace): >&c693car:&cfff &c991y&cfff150/100 gl [tele-high] rox:33 
(bps): >&cc93bps:&cfff carapace at [high-rl]
(carapace): >&c693car:&cfff &c991y&cfff150/100 &cf31rl&cfff&cf31:38&cfff [high-rl] 
(rst): >&c777rst:&cfff &c991y&cfff150/83 &cf31rl&cfff&cf31:4&cfff [quad-button] 
(carapace): >&c693car:&cfff &c991y&cfff150/100 &cf31rl&cfff&cf31:38&cfff [quad-way] 
(bps): >&cc93bps:&cfff carapace at [quad-low]
Quad Damage is wearing off
(carapace): >&c693car:&cfff &c991y&cfff35/23 &cf31rl&cfff&cf31:40&cfff [ng] 
(bps): >&cc93bps:&cfff 0/53 [ng] 
[8] minutes remaining
Team [[fs]] leads by 115 frags
(ganon): >&c479gan:&cfff &c991y&cfff23/71 &cf31rl&cfff&cf31:15&cfff [secret] 
(carapace): >&c693car:&cfff &c991y&cfff150/85 &cf31rl&cfff&cf31:49&cfff [tele-high] 
(ganon): >&c479gan:&cfff &cf00dropped&cfff &cf31rl&cfff [secret] 1
(ganon): >&c479gan:&cfff &cf00dropped&cfff &cf31rl&cfff [secret] 1
(ganon): >&c479gan:&cfff &cf00dropped&cfff &cf31rl&cfff [secret] 1
(blixem): >blx: took &cf50ra&cfff [secret]
(fix): >_ fix: 0/56 [low.rl]
(reppie): >rep 0/76 &cf60rl&cfff&cf60:12&cfff [platforms] 
(reppie): >rep 0/76 &cf60rl&cfff&cf60:12&cfff [low-rl] 
(reppie): >rep 0/76 &cf60rl&cfff&cf60:12&cfff [low-rl] 
(reppie): >rep 0/76 &cf60rl&cfff&cf60:12&cfff [low-stairs] 
(reppie): >rep 0/76 &cf60rl&cfff&cf60:12&cfff [low-stairs] 
(reppie): >rep 0/76 &cf60rl&cfff&cf60:11&cfff [ra-mega] 
(reppie): >rep awaits [ra-mega]
(reppie): >rep awaits [ra-mega]
(fix): >_ fix: 0/44 {rl:3} [low.stairs]
(fix): >_ fix: 0/44 {rl:3} [low.stairs]
(rst): >&c777rst:&cfff &c991y&cfff150/100 sg [high-rl] rox:10 
(carapace): >&c693car:&cfff &c0b0team&cfff &c05fquad&cfff
(carapace): >&c693car:&cfff &c0b0team&cfff &c05fquad&cfff
(carapace): >&c693car:&cfff &c991y&cfff33/47 &cf31rl&cfff&cf31:30&cfff [ng] &c05fquad&cfff
(bps): >&cc93bps:&cfff 0/100 &cf31rl&cfff&cf31:10&cfff [tele] 
(carapace): >&c693car:&cfff &c931r&cfff200/47 &cf31rl&cfff&cf31:34&cfff [secret] &c05fquad&cfff
(bps): >&cc93bps:&cfff 0/100 &cf31rl&cfff&cf31:10&cfff [tele-ya] 
(bps): >&cc93bps:&cfff 0/100 &cf31rl&cfff&cf31:10&cfff [tele-ya] 
(carapace): >&c693car:&cfff took &cf2apack&cfff [big]
(bps): >&cc93bps:&cfff &c0b0safe&cfff [tele]
(bps): >&cc93bps:&cfff &c0b0safe&cfff [tele]
(carapace): >&c693car:&cfff &cf00dropped&cfff &cf31rl&cfff [path-lift] 1
(carapace): >&c693car:&cfff &cf00dropped&cfff &cf31rl&cfff [path-lift] 1
(carapace): >&c693car:&cfff &cf00dropped&cfff &cf31rl&cfff [path-lift] 1
(bps): >&cc93bps:&cfff &c0b0safe&cfff [tele]
(bps): >&cc93bps:&cfff &c0b0safe&cfff [tele]
[7] minutes remaining
Team [[fs]] leads by 120 frags
(fix): >_ fix: ya95/10 {rl:9} [ra.mega]
(reppie): >rep 0/100 [ra-mega] 
(razor): >&ccc6raz&cfff &c991y&cfff150/32 [platforms] 
(razor): >&ccc6raz&cfff &c991y&cfff150/32 [platforms] 
(reppie): >rep took &cf60rl&cfff [low-rl]
(reppie): >rep took &cf60rl&cfff [low-rl]
(reppie): >rep took &cf60rl&cfff [low-rl]
(razor): >&ccc6raz&cfff &c991y&cfff79/35 &cf60rl&cfff&cf60:17&cfff [path-lift] 
(razor): >&ccc6raz&cfff &c991y&cfff79/35 &cf60rl&cfff&cf60:17&cfff [path-lift] 
(razor): >&ccc6raz&cfff &c991y&cfff79/35 &cf60rl&cfff&cf60:17&cfff [path-lift] 
(razor): >&ccc6raz&cfff &c991y&cfff79/35 &cf60rl&cfff&cf60:17&cfff [path-lift] 
(blixem): >blx: 0/62 [ra-mega] &cfffrl&cfff:7
(bps): >&cc93bps:&cfff &c0b0safe&cfff [tele]
(carapace): >&c693car:&cfff &c991y&cfff150/100 &cf31rl&cfff&cf31:9&cfff [tele-high] 
(ganon): >&c479gan:&cfff &cf2apack&cfff at [big-stairs]
(ganon): >&c479gan:&cfff &cf2apack&cfff at [big-stairs]
(ganon): >&c479gan:&cfff &cf2apack&cfff at [big-stairs]
(rst): >&c777rst:&cfff &cf00lost&cfff [secret] 1
(rst): >&c777rst:&cfff &cf00lost&cfff [secret] 1
(rst): >&c777rst:&cfff &cf00lost&cfff [secret] 1
(rst): >&c777rst:&cfff &cf00lost&cfff [secret] 1
(bps): >&cc93bps:&cfff &c991y&cfff123/100 &cf31rl&cfff&cf31:27&cfff [tele-entry] 
(carapace): >&c693car:&cfff &c991y&cfff150/200 &cf31rl&cfff&cf31:22&cfff [floating] 
(bps): >&cc93bps:&cfff &c991y&cfff123/100 &cf31rl&cfff&cf31:25&cfff [tele-entry] 
(carapace): >&c693car:&cfff &c991y&cfff150/200 &cf31rl&cfff&cf31:22&cfff [tele-high] 
(carapace): >&c693car:&cfff &c991y&cfff150/198 &cf31rl&cfff&cf31:22&cfff [ng] 
(rst): >&c777rst:&cfff &c991y&cfff150/100 [high-rl] 
fix: :)
fix: :)
(bps): >&cc93bps:&cfff &c991y&cfff123/100 &cf31rl&cfff&cf31:25&cfff [path] 
fix: :)
(rst): >&c777rst:&cfff took &cf31rox&cfff [high-rl]
(bps): >&cc93bps:&cfff &c991y&cfff123/100 &cf31rl&cfff&cf31:25&cfff [path] 
(carapace): >&c693car:&cfff &c991y&cfff84/140 &cf31rl&cfff&cf31:14&cfff [secret] 
[6] minutes remaining
Team [[fs]] leads by 122 frags
(carapace): >&c693car:&cfff &cf00lost&cfff [secret] 0
(fix): >_ fix: 0/16 {rl:24} [ra.mega]
(blixem): >blx: ra26/71 [low-rl] &cfffrl&cfff:1
(fix): >_ fix: 0/16 {rl:24} [ra.mega]
(reppie): >rep &cf00lost&cfff [quad-low] 3
(reppie): >rep &cf00lost&cfff [quad-low] 3
(reppie): >rep &cf00lost&cfff [quad-low] 3
(razor): >&ccc6raz&cfff 0/76 sg [secret] r:26 
(razor): >&ccc6raz&cfff 0/76 sg [secret] r:26 
(razor): >&ccc6raz&cfff 0/76 sg [secret] r:26 
(razor): >&ccc6raz&cfff 0/76 sg [secret] r:26 
(blixem): >blx: ra26/71 [ra-mega] &cfffrl&cfff:1
(reppie): >rep &cf00lost&cfff [tele] 3
(fix): >_ fix: ra180/12 {rl:24} [low.button]
(fix): >_ fix: ra180/12 {rl:24} [low.rl]
(blixem): >blx: ra26/71 [ra-mega/rox] &cfffrl&cfff:1
(blixem): >blx: ra26/71 [ra-mega] &cfffrl&cfff:11
(reppie): >rep took &cf60rl&cfff [low-rl]
(blixem): >blx: ra26/71 [ra-mega] &cfffrl&cfff:11
(carapace): >&c693car:&cfff 0/96 sg [tele-ya] rox:17 
(rst): >&c777rst:&cfff 0/8 sg [quad-low] rox:26 
(bps): >&cc93bps:&cfff &c991y&cfff48/59 &cf31rl&cfff&cf31:20&cfff [tele-entry] 
(carapace): >&c693car:&cfff &c991y&cfff150/96 sg [tele-ya] rox:17 
(bps): >&cc93bps:&cfff &c991y&cfff48/84 &cf31rl&cfff&cf31:20&cfff [tele] 
(bps): >&cc93bps:&cfff &c991y&cfff48/84 &cf31rl&cfff&cf31:20&cfff [tele] 
(carapace): >&c693car:&cfff &cff0ya&cfff at [big]
(bps): >&cc93bps:&cfff rst at [quad-low]
(carapace): >&c693car:&cfff &c991y&cfff147/190 gl [big-button] rox:32 
(bps): >&cc93bps:&cfff &c991y&cfff48/100 &cf31rl&cfff&cf31:20&cfff [tele-entry] 
(bps): >&cc93bps:&cfff &c991y&cfff48/100 &cf31rl&cfff&cf31:20&cfff [tele] 
(rst): >&c777rst:&cfff &c991y&cfff150/8 sg [tele-high] rox:36 
(bps): >&cc93bps:&cfff took &cff0ya&cfff [tele-ya]
(carapace): >&c693car:&cfff took &cf31rl&cfff [low-rl]
Quad Damage is wearing off
(bps): >&cc93bps:&cfff rst at [ng]
(carapace): >&c693car:&cfff &c991y&cfff147/173 &cf31rl&cfff&cf31:23&cfff [low-rl] 
[5] minutes remaining
Team [[fs]] leads by 122 frags
(ganon): >&c479gan:&cfff &cf2apack&cfff at [path]
(bps): >&cc93bps:&cfff &c991y&cfff54/40 &cf31rl&cfff&cf31:15&cfff [secret] 
(bps): >&cc93bps:&cfff &c991y&cfff54/40 &cf31rl&cfff&cf31:15&cfff [secret] 
(bps): >&cc93bps:&cfff &c991y&cfff54/40 &cf31rl&cfff&cf31:14&cfff [secret] 
(carapace): >&c693car:&cfff &c991y&cfff22/100 &cf31rl&cfff&cf31:14&cfff [ng] 
(bps): >&cc93bps:&cfff rst at [ng]
(carapace): >&c693car:&cfff &c991y&cfff22/100 &cf31rl&cfff&cf31:24&cfff [tele] 
(bps): >&cc93bps:&cfff &cf00dropped&cfff &cf2apack&cfff [secret] 1
(carapace): >&c693car:&cfff 0/100 [tele] 
(rst): >&c777rst:&cfff &c0b0safe&cfff [quad-high]
(bps): >&cc93bps:&cfff &cf00lost&cfff [big-stairs] 1
(rst): >&c777rst:&cfff &c0b0team&cfff &c05fquad&cfff
(rst): >&c777rst:&cfff &c0b0team&cfff &c05fquad&cfff
(bps): >&cc93bps:&cfff 0/200 &c299gl&cfff [floating] rox:15 
(carapace): >&c693car:&cfff took &cf2apack&cfff [ng]
(carapace): >&c693car:&cfff 0/100 &cf31rl&cfff&cf31:3&cfff [tele-entry] 
(bps): >&cc93bps:&cfff took &cf31rl&cfff [high-rl]
(bps): >&cc93bps:&cfff took &cf31rl&cfff [high-rl]
(bps): >&cc93bps:&cfff took &cf31rl&cfff [high-rl]
(carapace): >&c693car:&cfff 0/100 &cf31rl&cfff&cf31:3&cfff [tele] 
(carapace): >&c693car:&cfff took &cff0ya&cfff [tele-ya]
(ganon): >&c479gan:&cfff &c0b0safe&cfff [tele]
(ganon): >&c479gan:&cfff &c0b0safe&cfff [tele]
(carapace): >&c693car:&cfff &c991y&cfff150/100 &cf31rl&cfff&cf31:3&cfff [tele-entry] 
(carapace): >&c693car:&cfff &c991y&cfff150/100 &cf31rl&cfff&cf31:3&cfff [tele-entry] 
(bps): >&cc93bps:&cfff &c991y&cfff41/33 &cf31rl&cfff&cf31:10&cfff [quad-button] 
(rst): >&c777rst:&cfff &cf00lost&cfff [path] 2
(rst): >&c777rst:&cfff &cf00lost&cfff [path] 2
(rst): >&c777rst:&cfff &cf00lost&cfff [path] 2
(rst): >&c777rst:&cfff &cf00lost&cfff [path] 2
(rst): >&c777rst:&cfff &cf00lost&cfff [path] 2
(rst): >&c777rst:&cfff &cf00lost&cfff [path] 2
rst: :)
(bps): >&cc93bps:&cfff 0/42 &cf31rl&cfff&cf31:8&cfff [tele-entry] 
(bps): >&cc93bps:&cfff 0/42 &cf31rl&cfff&cf31:8&cfff [tele] 
(bps): >&cc93bps:&cfff ganon at [tele]
(carapace): >&c693car:&cfff &c991y&cfff150/100 &cf31rl&cfff&cf31:10&cfff [gl] 
(bps): >&cc93bps:&cfff &cf00lost&cfff [ng] 1
(bps): >&cc93bps:&cfff &cf00lost&cfff [ng] 1
(bps): >&cc93bps:&cfff &cf00lost&cfff [ng] 1
no weapon
(fix): >_ fix: 0/38 {rl:4} [low.stairs]
[4] minutes remaining
Team [[fs]] leads by 121 frags
(reppie): >rep &cf00ra&cfff at [ra-mega]
(reppie): >rep &cf00ra&cfff at [ra-mega]
(reppie): >rep &cf00ra&cfff at [ra-mega]
(fix): >_ fix: 0/38 {rl:4} [ra.mega]
(reppie): >rep &c931r&cfff133/9 &cf60rl&cfff&cf60:23&cfff [ra-mega] 
(reppie): >rep &c931r&cfff133/9 &cf60rl&cfff&cf60:23&cfff [ra-mega] 
(reppie): >rep &c931r&cfff133/9 &cf60rl&cfff&cf60:23&cfff [ra-mega] 
(razor): >&ccc6raz&cfff &cf00lost&cfff [big-stairs] 2
(razor): >&ccc6raz&cfff &cf00lost&cfff [big-stairs] 2
(razor): >&ccc6raz&cfff &cf00lost&cfff [big-stairs] 2
(blixem): >blx: &cf00lost&cfff [path-lift] 1
(blixem): >blx: &cf00lost&cfff [path-lift] 1
(blixem): >blx: &cf00lost&cfff [path-lift] 1
no weapon
(ganon): >&c479gan:&cfff &c991y&cfff67/72 &cf31rl&cfff&cf31:0&cfff [tele-entry] 
(bps): >&cc93bps:&cfff 0/100 [low-stairs] 
(rst): >&c777rst:&cfff &cf00lost&cfff [tele-ya] 1
(rst): >&c777rst:&cfff &cf00lost&cfff [tele-ya] 1
(rst): >&c777rst:&cfff &cf00lost&cfff [tele-ya] 1
(rst): >&c777rst:&cfff &cf00lost&cfff [tele-ya] 1
(rst): >&c777rst:&cfff &cf00lost&cfff [tele-ya] 1
(carapace): >&c693car:&cfff &cf2apack&cfff at [quad-way]
(carapace): >&c693car:&cfff &cf2apack&cfff at [quad-way]
(rst): >&c777rst:&cfff 0/-8 sg [tele] rox:10 
(carapace): >&c693car:&cfff &cf00dropped&cfff &cf31rl&cfff [quad] 1
(carapace): >&c693car:&cfff &c991y&cfff150/100 [big] 
(bps): >&cc93bps:&cfff rst at [quad-low]
(bps): >&cc93bps:&cfff 0/100 [low-stairs] 
(carapace): >&c693car:&cfff &cf00lost&cfff [high-rl] 1
(carapace): >&c693car:&cfff 0/100 [low-rl] 
(bps): >&cc93bps:&cfff 0/100 [low-stairs] 
(bps): >&cc93bps:&cfff carapace at [low-rl]
(carapace): >&c693car:&cfff 0/100 &cf31rl&cfff&cf31:8&cfff [low-rl] 
(carapace): >&c693car:&cfff took &cf31rl&cfff [low-rl]
Quad Damage is wearing off
(ganon): >&c479gan:&cfff &c991y&cfff5/74 &cf31rl&cfff&cf31:48&cfff [secret] &c05fquad&cfff
(ganon): >&c479gan:&cfff &c991y&cfff5/74 &cf31rl&cfff&cf31:48&cfff [secret] &c05fquad&cfff
(bps): >&cc93bps:&cfff carapace at [low-rl]
(carapace): >&c693car:&cfff 0/100 &cf31rl&cfff&cf31:8&cfff [path-lift] 
[3] minutes remaining
Team [[fs]] leads by 129 frags
(carapace): >&c693car:&cfff 0/55 &cf31rl&cfff&cf31:7&cfff [path] 
(carapace): >&c693car:&cfff 0/95 &cf31rl&cfff&cf31:5&cfff [path] 
(carapace): >&c693car:&cfff 0/25 &cf31rl&cfff&cf31:3&cfff [tele-ya] 
(ganon): >&c479gan:&cfff &cf00dropped&cfff &cf31rl&cfff [ng] 2
(ganon): >&c479gan:&cfff &cf00dropped&cfff &cf31rl&cfff [ng] 2
(ganon): >&c479gan:&cfff &cf00dropped&cfff &cf31rl&cfff [ng] 2
(fix): >_ fix: nmy rl -> tele
(fix): >_ fix: nmy rl -> tele.ya
(fix): >_ fix: nmy rl -> tele.ya
(razor): >&ccc6raz&cfff &c0b0safe&cfff [secret]
(razor): >&ccc6raz&cfff &c0b0safe&cfff [secret]
(razor): >&ccc6raz&cfff &c0b0safe&cfff [secret]
(razor): >&ccc6raz&cfff &c0b0safe&cfff [secret]
(reppie): >rep &c931r&cfff106/67 &cf60rl&cfff&cf60:17&cfff [quad-high] 
(reppie): >rep &c931r&cfff106/67 &cf60rl&cfff&cf60:17&cfff [quad-high] 
(fix): >_ fix: incoming F tele
(reppie): >rep &c931r&cfff106/67 &cf60rl&cfff&cf60:17&cfff [quad-high] 
(fix): >_ fix: incoming F tele
(fix): >_ fix: incoming F tele
(fix): >_ fix: incoming F tele
(fix): >_ fix: incoming F tele
(razor): >&ccc6raz&cfff &c0b0safe&cfff [secret]
(razor): >&ccc6raz&cfff &c0b0safe&cfff [secret]
(razor): >&ccc6raz&cfff &c0b0safe&cfff [secret]
(razor): >&ccc6raz&cfff &c931r&cfff40/43 &cf60rl&cfff&cf60:44&cfff [ng] 
(razor): >&ccc6raz&cfff &c931r&cfff40/43 &cf60rl&cfff&cf60:44&cfff [ng] 
(razor): >&ccc6raz&cfff &c931r&cfff40/43 &cf60rl&cfff&cf60:44&cfff [ng] 
(reppie): >rep &c931r&cfff106/67 &cf60rl&cfff&cf60:16&cfff [quad-high] 
(reppie): >rep &c931r&cfff106/67 &cf60rl&cfff&cf60:16&cfff [quad-high] 
(reppie): >     &cfffrep &c05fquad&cfff
(blixem): >blx: awaits [secret]
(blixem): >blx: awaits [secret]
(fix): >_ fix: coming f quad.way ya150
(fix): >_ fix: coming f quad.way ya150
(razor): >&ccc6raz&cfff &c0b0safe&cfff [tele]
(razor): >&ccc6raz&cfff &c0b0safe&cfff [tele]
(blixem): >blx: ya27/61 [secret] &cfffrl&cfff:14
(blixem): >blx: ya27/61 [secret] &cfffrl&cfff:14
(blixem): >blx: awaits [secret]
(blixem): >blx: awaits [secret]
(blixem): >blx: awaits [secret]
(reppie): >rep &c0b0safe&cfff [low-rl]
(reppie): >rep &c0b0safe&cfff [low-rl]
(razor): >&ccc6raz&cfff &c0b0safe&cfff [tele-ya]
(razor): >&ccc6raz&cfff &c0b0safe&cfff [tele-ya]
(razor): >&ccc6raz&cfff &c0b0safe&cfff [tele-ya]
(blixem): >blx: took &cf50ra&cfff [secret]
(razor): >&ccc6raz&cfff &c0b0safe&cfff [tele-ya]
(razor): >&ccc6raz&cfff &c0b0safe&cfff [tele-ya]
(razor): >&ccc6raz&cfff &c0b0safe&cfff [tele-ya]
(razor): >&ccc6raz&cfff &c0b0safe&cfff [tele-ya]
(reppie): >rep 0/84 &cf60rl&cfff&cf60:12&cfff [path] &c05fquad&cfff
(reppie): >rep 0/99 &cf60rl&cfff&cf60:12&cfff [path] &c05fquad&cfff
(reppie): >rep 0/99 &cf60rl&cfff&cf60:12&cfff [tele-ya] &c05fquad&cfff
(reppie): >rep 0/99 &cf60rl&cfff&cf60:12&cfff [tele-ya] &c05fquad&cfff
(razor): >&ccc6raz&cfff &cf00dropped&cfff &cf60rl&cfff [big-stairs] 1
(razor): >&ccc6raz&cfff &cf00dropped&cfff &cf60rl&cfff [big-stairs] 1
(razor): >&ccc6raz&cfff &cf00dropped&cfff &cf60rl&cfff [big-stairs] 1
(fix): >_ fix: ng safe rl:16 
(fix): >_ fix: ng safe rl:16 
Quad Damage is wearing off
(reppie): >rep awaits [tele-ya]
(reppie): >rep awaits [tele-ya]
(reppie): >rep awaits [tele-ya]
(reppie): >rep awaits [tele-ya]
[2] minutes remaining
Team [[fs]] leads by 148 frags
(fix): >_ fix: &cf2apack&cfff > big.stairs
(fix): >_ fix: &cf2apack&cfff > big.stairs
(fix): >_ fix: &cf2apack&cfff > big.stairs
(blixem): >blx: ra19/100 [tele] &cfffrl&cfff:2
(blixem): >blx: ra19/100 [tele-ya] &cfffrl&cfff:2
(reppie): >rep &c991y&cfff33/100 &cf60rl&cfff&cf60:19&cfff [quad-low] 
(reppie): >rep &c991y&cfff33/100 &cf60rl&cfff&cf60:19&cfff [quad-low] 
(blixem): >blx: &cf00lost&cfff [tele-high] 2
(blixem): >blx: &cf00lost&cfff [tele-high] 2
(fix): >_ fix: get quad!
(fix): >_ fix: get quad!
(fix): >_ fix: get quad!
(bps): >&cc93bps:&cfff took &cf31rl&cfff [low-rl]
(carapace): >&c693car:&cfff &c0b0team&cfff &c05fquad&cfff
(carapace): >&c693car:&cfff &c0b0team&cfff &c05fquad&cfff
(bps): >&cc93bps:&cfff 0/62 &cf31rl&cfff&cf31:5&cfff [path-lift] 
(carapace): >&c693car:&cfff &c931r&cfff25/38 &cf31rl&cfff&cf31:2&cfff [quad-low] &c05fquad&cfff
(carapace): >&c693car:&cfff &cf00dropped&cfff &cf31rl&cfff [ng] 0
(bps): >&cc93bps:&cfff &cf2apack&cfff at [path]
(bps): >&cc93bps:&cfff &cf2apack&cfff at [path]
(rst): >&c777rst:&cfff &cf2apack&cfff at [path]
(rst): >&c777rst:&cfff 0/11 &cf31rl&cfff&cf31:7&cfff [path] 
(rst): >&c777rst:&cfff 0/11 &cf31rl&cfff&cf31:7&cfff [path] 
(rst): >&c777rst:&cfff 0/11 &cf31rl&cfff&cf31:7&cfff [path] 
(bps): >&cc93bps:&cfff rst at [path]
(rst): >&c777rst:&cfff 0/11 &cf31rl&cfff&cf31:7&cfff [path] 
(bps): >&cc93bps:&cfff 0/62 &cf31rl&cfff&cf31:11&cfff [path] 
(bps): >&cc93bps:&cfff took &ce00ra&cfff [secret]
(carapace): >&c693car:&cfff 0/86 &cf31rl&cfff&cf31:31&cfff [high-rl] 
(bps): >&cc93bps:&cfff &c931r&cfff198/18 &cf31rl&cfff&cf31:9&cfff [tele] 
(rst): >&c777rst:&cfff &cf2apack&cfff at [path-lift]
[1] minute remaining
Team [[fs]] leads by 151 frags
(carapace): >&c693car:&cfff 0/86 &cf31rl&cfff&cf31:31&cfff [ng] 
(ganon): >&c479gan:&cfff 0/100 [ng] 
(rst): >&c777rst:&cfff &c0b0safe&cfff [secret]
(rst): >&c777rst:&cfff &c0b0safe&cfff [secret]
(rst): >&c777rst:&cfff &c0b0safe&cfff [secret]
(rst): >&c777rst:&cfff &c0b0safe&cfff [secret]
(bps): >&cc93bps:&cfff &c931r&cfff162/60 &cf31rl&cfff&cf31:2&cfff [tele] 
(carapace): >&c693car:&cfff &c991y&cfff150/186 &cf31rl&cfff&cf31:29&cfff [tele-high] 
(carapace): >&c693car:&cfff &c991y&cfff150/186 &cf31rl&cfff&cf31:29&cfff [high-rl] 
(carapace): >&c693car:&cfff &c0b0safe&cfff [quad]
(bps): >&cc93bps:&cfff &c0b0safe&cfff [tele]
(rst): >&c777rst:&cfff &cf00dropped&cfff &cf31rl&cfff [ng] 1
(rst): >&c777rst:&cfff &cf00dropped&cfff &cf31rl&cfff [ng] 1
(rst): >&c777rst:&cfff &cf00dropped&cfff &cf31rl&cfff [ng] 1
(rst): >&c777rst:&cfff &cf00dropped&cfff &cf31rl&cfff [ng] 1
(rst): >&c777rst:&cfff &cf00dropped&cfff &cf31rl&cfff [ng] 1
(rst): >&c777rst:&cfff &cf00dropped&cfff &cf31rl&cfff [ng] 1
(bps): >&cc93bps:&cfff &c931r&cfff4/21 &cf31rl&cfff&cf31:7&cfff [tele] 
[30] seconds
(bps): >&cc93bps:&cfff &c991y&cfff150/46 &cf31rl&cfff&cf31:2&cfff [tele] 
(bps): >&cc93bps:&cfff &c991y&cfff150/46 &cf31rl&cfff&cf31:2&cfff [tele] 
(carapace): >&c693car:&cfff &c991y&cfff35/90 &cf31rl&cfff&cf31:14&cfff [ng] &c05fquad&cfff
reppie: :)
(bps): >&cc93bps:&cfff &c0b0safe&cfff [tele]
(bps): >&cc93bps:&cfff &c0b0safe&cfff [tele]
[15] seconds
(carapace): >&c693car:&cfff &c0b0safe&cfff [low-rl]
world squishes reppie
[10] seconds
(bps): >&cc93bps:&cfff &c0b0safe&cfff [tele]
(bps): >&cc93bps:&cfff &c0b0safe&cfff [tele]
[9] seconds
[8] seconds
[7] seconds
[6] seconds
[5] seconds
[4] seconds
[3] seconds
[2] seconds
[1] second
The match is over
trigger "onmatchover" has no matching alias

____________________
:
___________________Frags (rank) friendkills . efficiency
Team [-s-]:
__________
_ ganon:
  37 (-45) 2 31.1%
Wp: rl40.4% gl8.7% sg47.6% ssg78.6%
RL skill: ad:83.2 dh:9
Armr&mhs: ga:0 ya:17 ra:9 mh:4
Powerups: Q:4 P:0 R:0
      RL: Took:12 Killed:7 Dropped:7 Xfer:1
  Damage: Tkn:10881 Gvn:8063 EWep:3675 Tm:555 Self:607 ToDie:132
    Time: Quad:110
 Streaks: Frags:7 QuadRun:2
  SpawnFrags: 1
__________
_ bps:
  30 (-43) 1 29.1%
Wp: rl62.8% sg39.4% ssg62.9%
RL skill: ad:80.8 dh:17
Armr&mhs: ga:0 ya:13 ra:9 mh:2
Powerups: Q:0 P:0 R:0
      RL: Took:11 Killed:9 Dropped:7 Xfer:1
  Damage: Tkn:11301 Gvn:8631 EWep:4045 Tm:257 Self:433 ToDie:154
    Time: Quad:0
 Streaks: Frags:6 QuadRun:0
  SpawnFrags: 4
__________
_ carapace:
  42 (-17) 9 41.6%
Wp: rl43.0% gl12.2% sg46.1% ssg52.4%
RL skill: ad:118.8 dh:22
Armr&mhs: ga:0 ya:19 ra:8 mh:10
Powerups: Q:6 P:0 R:0
      RL: Took:18 Killed:16 Dropped:12 Xfer:2
  Damage: Tkn:10277 Gvn:10968 EWep:5294 Tm:915 Self:774 ToDie:174
    Time: Quad:100
 Streaks: Frags:14 QuadRun:7
  SpawnFrags: 4
__________
_ rst:
  19 (-66) 3 18.3%
Wp: rl51.1% sg44.9% ssg37.7%
RL skill: ad:87.3 dh:8
Armr&mhs: ga:0 ya:13 ra:4 mh:4
Powerups: Q:1 P:0 R:0
      RL: Took:15 Killed:8 Dropped:12 Xfer:6
  Damage: Tkn:11534 Gvn:7541 EWep:4002 Tm:504 Self:322 ToDie:135
    Time: Quad:20
 Streaks: Frags:4 QuadRun:2
  SpawnFrags: 0

Team [[fs]]:
__________
_ reppie:
  68 (31) 0 64.8%
Wp: rl69.1% sg35.9% ssg54.4%
RL skill: ad:89.9 dh:29
Armr&mhs: ga:0 ya:9 ra:22 mh:11
Powerups: Q:2 P:0 R:0
      RL: Took:9 Killed:10 Dropped:3 Xfer:1
  Damage: Tkn:8779 Gvn:11488 EWep:3058 Tm:463 Self:1061 ToDie:237
    Time: Quad:60
 Streaks: Frags:21 QuadRun:6
  SpawnFrags: 12
__________
_ fix:
  51 (-6) 0 47.2%
Wp: rl52.2% sg30.4% ssg46.8%
RL skill: ad:81.2 dh:28
Armr&mhs: ga:0 ya:22 ra:8 mh:8
Powerups: Q:1 P:0 R:0
      RL: Took:15 Killed:15 Dropped:7 Xfer:4
  Damage: Tkn:10129 Gvn:9298 EWep:3515 Tm:411 Self:590 ToDie:177
    Time: Quad:3
 Streaks: Frags:15 QuadRun:0
  SpawnFrags: 5
__________
_ blixem:
  81 (50) 3 72.3%
Wp: rl67.9% sg37.7% ssg25.7%
RL skill: ad:102.0 dh:43
Armr&mhs: ga:0 ya:9 ra:17 mh:3
Powerups: Q:5 P:0 R:0
      RL: Took:10 Killed:9 Dropped:6
  Damage: Tkn:6706 Gvn:12401 EWep:2707 Tm:474 Self:1101 ToDie:216
    Time: Quad:123
 Streaks: Frags:38 QuadRun:9
  SpawnFrags: 14
__________
_ razor:
  64 (26) 0 62.7%
Wp: rl56.1% sg40.3% ssg43.4%
RL skill: ad:86.9 dh:18
Armr&mhs: ga:0 ya:13 ra:25 mh:8
Powerups: Q:1 P:0 R:0
      RL: Took:14 Killed:11 Dropped:9 Xfer:1
  Damage: Tkn:9589 Gvn:10806 EWep:3139 Tm:135 Self:794 ToDie:252
    Time: Quad:30
 Streaks: Frags:16 QuadRun:3
  SpawnFrags: 9

___________________[-s-] vs [[fs]] match statistics:
___________________
weapons, powerups, armors&mhs, damage
___________________[-s-]: Wp: rl56 gl4 sg44% ssg53%
Powerups: Q:11 P:0 R:0
Armr&mhs: ga:0 ya:62 ra:30 mh:20
      RL: Took:56 Killed:40 Dropped:38 Xfer:10
  Damage: Tkn:43993 Gvn:35203 EWep:17016 Tm:2231
    Time: Quad:232
[[fs]]: Wp: rl118 sg35% ssg47%
Powerups: Q:9 P:0 R:0
Armr&mhs: ga:0 ya:53 ra:72 mh:30
      RL: Took:48 Killed:45 Dropped:25 Xfer:6
  Damage: Tkn:35203 Gvn:43993 EWep:12419 Tm:1483
    Time: Quad:217
___________________[dm2] top scorers:
______________________________________
      Frags: blixem [81]
     Deaths: rst [85]
Friendkills: carapace [9]
 Efficiency: blixem [72.3%]
 FragStreak: blixem [38]
    QuadRun: blixem [9]
  RL Killer: carapace [16]
Boomsticker: ganon [47.6%]
   Survivor: razor [252]
Annihilator: blixem [12401]

______________________________________

____________________
: Team scores
___________________[-s-]: 128 . 32.7%
[[fs]]: 264 . 67.3%
___________________fix: gg
]log 06
