
&cff3Commands (3):&r
  &c8ffplay&r
  &c8ffplaydemo&r
  &c8ffplayvol&r
]/playdemo 06
Playing demo from 06.mvd


_____________________________________

_The Abandoned Base
rst is ready [-s-]
All players ready
Timer started
QiZmo: timer lag point disabled
Server starts recording (memory): 4on4_-s-_vs_[fs][dm3]220123-2051.mvd
matchdate: 2022-01-23 20:51:22 UTC
trigger "onmatchstart" has no matching alias
The match has begun!
(carapace): >&c693car:&cfff took &c0ffmega&cfff [hill]
(bps): >&cc93bps:&cfff &c0b0team&cfff &cff0ring&cfff
(bps): >&cc93bps:&cfff &c0b0team&cfff &cff0ring&cfff
(rst): >&c777rst:&cfff &c0b0team&cfff &cf00pent&cfff
(rst): >&c777rst:&cfff &c0b0team&cfff &cf00pent&cfff
(bps): >&cc93bps:&cfff &c0b0team&cfff &c05fquad&cfff  &cff0ring&cfff
(bps): >&cc93bps:&cfff &c0b0team&cfff &c05fquad&cfff  &cff0ring&cfff
(bps): >&cc93bps:&cfff &c0b0team&cfff &c05fquad&cfff  &cff0ring&cfff
(bps): >&cc93bps:&cfff &c0b0team&cfff &c05fquad&cfff  &cff0ring&cfff
(bps): >&cc93bps:&cfff &c0b0team&cfff &c05fquad&cfff  &cff0ring&cfff
(bps): >&cc93bps:&cfff &c0b0team&cfff &c05fquad&cfff  &cff0ring&cfff
(carapace): >&c693car:&cfff took &c29flg&cfff [water-lg]
(carapace): >&c693car:&cfff 0/88 &c29flg&cfff&c29f:15&cfff [water] 
(bps): >&cc93bps:&cfff 0/100 sg [ra] rox:5 &c05fquad&cfff  &cff0ring&cfff
(bps): >&cc93bps:&cfff 0/100 sg [ra] rox:5 &c05fquad&cfff  &cff0ring&cfff
(bps): >&cc93bps:&cfff took &ce00ra&cfff [ra]
(bps): >&cc93bps:&cfff took &ce00ra&cfff [ra]
(carapace): >&c693car:&cfff 0/20 &c29flg&cfff&c29f:11&cfff [hill] 
(bps): >&cc93bps:&cfff &c931r&cfff200/80 sg [ring] rox:5 &c05fquad&cfff  &cff0ring&cfff
(rst): >&c777rst:&cfff &c991y&cfff103/196 gl [water-gl] rox:5 &cf00pent&cfff
(ganon): >&c479gan:&cfff &cf2apack&cfff at [bridge-low]
(carapace): >&c693car:&cfff 0/20 &c29flg&cfff&c29f:4&cfff [ra-tunnel] 
(bps): >&cc93bps:&cfff &c931r&cfff140/68 sg [ring] rox:10 &c05fquad&cfff  &cff0ring&cfff
(carapace): >&c693car:&cfff 0/20 &c29flg&cfff&c29f:4&cfff [ra-tunnel] 
(carapace): >&c693car:&cfff &cb1akill me&cfff [ra-tunnel] &c29flg&cfff:4
(carapace): >&c693car:&cfff &cb1akill me&cfff [ra-tunnel] &c29flg&cfff:4
(carapace): >&c693car:&cfff &cb1akill me&cfff [ra-tunnel] &c29flg&cfff:4
(carapace): >&c693car:&cfff &cb1akill me&cfff [ra-tunnel] &c29flg&cfff:4
(carapace): >&c693car:&cfff &cb1akill me&cfff [ra-tunnel] &c29flg&cfff:4
(bps): >&cc93bps:&cfff &c931r&cfff140/68 sg [ra-low] rox:10 &c05fquad&cfff  &cff0ring&cfff
(bps): >&cc93bps:&cfff &c931r&cfff140/68 sg [ra-low] rox:10 &c05fquad&cfff  &cff0ring&cfff
(bps): >&cc93bps:&cfff &c931r&cfff140/68 &c29flg&cfff&c29f:4&cfff [ra-tunnel] &c05fquad&cfff  &cff0ring&cfff
(rst): >&c777rst:&cfff &c991y&cfff150/184 gl [rl] rox:5 &cf00pent&cfff
(bps): >&cc93bps:&cfff &c931r&cfff35/47 &c29flg&cfff&c29f:2&cfff [ra-low] &c05fquad&cfff  &cff0ring&cfff
Protection is almost burned out
(bps): >&cc93bps:&cfff &c931r&cfff35/47 &c29flg&cfff&c29f:2&cfff [ra-low] &c05fquad&cfff  &cff0ring&cfff
(rst): >&c777rst:&cfff took &cf31rl&cfff [rl]
(bps): >&cc93bps:&cfff &c931r&cfff35/47 &c29flg&cfff&c29f:2&cfff [ra] &c05fquad&cfff
(bps): >&cc93bps:&cfff &c931r&cfff35/47 &c29flg&cfff&c29f:2&cfff [ra] &c05fquad&cfff
(bps): >&cc93bps:&cfff &c931r&cfff35/47 &c29flg&cfff&c29f:2&cfff [ra] &c05fquad&cfff
(bps): >&cc93bps:&cfff &c931r&cfff35/47 &c29flg&cfff&c29f:2&cfff [ra] 
(bps): >&cc93bps:&cfff &cff0help&cfff [ra]
(carapace): >&c693car:&cfff took &c29flg&cfff [water-lg]
(carapace): >&c693car:&cfff 0/48 &c29flg&cfff&c29f:15&cfff [water] 
(carapace): >&c693car:&cfff 0/48 &c29flg&cfff&c29f:15&cfff [water-tunnel] 
(carapace): >&c693car:&cfff 0/48 &c29flg&cfff&c29f:15&cfff [lifts] 
(rst): >&c777rst:&cfff took &cff0ya&cfff [ya-box]
(bps): >&cc93bps:&cfff &c931r&cfff196/47 &c29flg&cfff&c29f:2&cfff [sng-lifts] 
(bps): >&cc93bps:&cfff &c931r&cfff196/47 &c29flg&cfff&c29f:2&cfff [hill] 
(carapace): >&c693car:&cfff 0/48 &c29flg&cfff&c29f:15&cfff [lifts] 
(bps): >&cc93bps:&cfff &c931r&cfff196/47 &c29flg&cfff&c29f:8&cfff [hill] 
(bps): >&cc93bps:&cfff &c931r&cfff196/47 &c29flg&cfff&c29f:8&cfff [hill] 
[19] minutes remaining
Team [-s-] leads by 6 frags
(bps): >&cc93bps:&cfff &c931r&cfff196/47 &c29flg&cfff&c29f:8&cfff [hill] 
(bps): >&cc93bps:&cfff &c931r&cfff196/47 &c29flg&cfff&c29f:8&cfff [hill] 
(bps): >&cc93bps:&cfff &c931r&cfff196/47 &c29flg&cfff&c29f:8&cfff [hill] 
(carapace): >&c693car:&cfff 0/48 &c29flg&cfff&c29f:15&cfff [lifts] 
(reppie): >rep &cf00lost&cfff [quad] 1
(reppie): >rep &cf00lost&cfff [ya-box] 1
(razor): >&ccc6raz&cfff &c05fquad&cfff at [quad]
(blixem): >blx: &c0b0team&cfff &c05fquad&cfff
(fix): >_ fix: ya.box lost 2
bps: ofta
(fix): >_ fix: sng.tele lost 2
(fix): >_ fix: sng.tele lost 2
(fix): >_ fix: sng.tele lost 2
(fix): >_ fix: sng.tele lost 2
(fix): >_ fix: sng.tele lost 2
(fix): >_ fix: &cf00ra&cfff > ra
(fix): >_ fix: 0/45 ng:9 [ra]
Quad Damage is wearing off
(razor): >&ccc6raz&cfff 0/40 &cf60rl&cfff&cf60:3&cfff [ra-tunnel] 
(razor): >&ccc6raz&cfff 0/40 &cf60rl&cfff&cf60:3&cfff [ra-tunnel] 
(razor): >&ccc6raz&cfff 0/40 &cf60rl&cfff&cf60:3&cfff [ra-tunnel] 
(razor): >&ccc6raz&cfff &cf00dropped&cfff &cf60rl&cfff [ra-low] 2
(razor): >&ccc6raz&cfff &cf00dropped&cfff &cf60rl&cfff [ra-low] 2
(razor): >&ccc6raz&cfff &cf00dropped&cfff &cf60rl&cfff [ra-low] 2
(razor): >&ccc6raz&cfff &cf00dropped&cfff &cf60rl&cfff [ra-low] 2
(fix): >_ fix: sng.tele lost 1
(razor): >&ccc6raz&cfff &cf00dropped&cfff &cf60rl&cfff [ra-low] 2
(fix): >_ fix: sng.tele lost 1
(fix): >_ fix: sng.tele lost 1
(reppie): >rep 0/4 &cf60lg&cfff&cf60:15&cfff [water-tunnel] 
(reppie): >rep 0/4 &cf60lg&cfff&cf60:15&cfff [water-tunnel] 
(reppie): >rep 0/4 &cf60lg&cfff&cf60:15&cfff [water-tunnel] 
(fix): >_ fix: &cf00enemy&cfff > window.quad
(razor): >&ccc6raz&cfff &cf00lost&cfff [ra] 2
(razor): >&ccc6raz&cfff &cf00lost&cfff [ra] 2
(razor): >&ccc6raz&cfff &cf00lost&cfff [ra] 2
(razor): >&ccc6raz&cfff &cf00lost&cfff [ra] 2
no weapon
(carapace): >&c693car:&cfff 0/76 &c29flg&cfff&c29f:14&cfff [ra] 
[18] minutes remaining
Team [-s-] leads by 7 frags
(carapace): >&c693car:&cfff took &cf00ra&cfff [ra]
(carapace): >&c693car:&cfff &c931r&cfff200/76 &c29flg&cfff&c29f:14&cfff [ra] 
(carapace): >&c693car:&cfff &c0b0team&cfff &c05fquad&cfff
(carapace): >&c693car:&cfff &c0b0team&cfff &c05fquad&cfff
(bps): >&cc93bps:&cfff 0/100 sg [sng-lifts] rox:15 c:15 
(rst): >&c777rst:&cfff &cf00lost&cfff [ya-box] 1
(rst): >&c777rst:&cfff &cf00lost&cfff [ya-box] 1
(rst): >&c777rst:&cfff &cf00lost&cfff [ya-box] 1
(rst): >&c777rst:&cfff &cf00lost&cfff [ya-box] 1
(carapace): >&c693car:&cfff &c931r&cfff124/60 &c29flg&cfff&c29f:6&cfff [ya-box] &c05fquad&cfff
(bps): >&cc93bps:&cfff took &c0ffmega&cfff [sng-mega]
(bps): >&cc93bps:&cfff &c0b0safe&cfff [sng-tele]
(bps): >&cc93bps:&cfff &c0b0safe&cfff [sng-tele]
(rst): >&c777rst:&cfff &cf00lost&cfff [water] 2
(rst): >&c777rst:&cfff &cf00lost&cfff [water] 2
(rst): >&c777rst:&cfff &cf00lost&cfff [water] 2
(rst): >&c777rst:&cfff &cf00lost&cfff [water] 2
(rst): >&c777rst:&cfff &cf00lost&cfff [water] 2
(bps): >&cc93bps:&cfff 0/145 sng [quad] rox:15 c:15 
(ganon): >&c479gan:&cfff &c0b0safe&cfff [ra]
(ganon): >&c479gan:&cfff &c0b0safe&cfff [ra]
(bps): >&cc93bps:&cfff 0/142 sng [ring] rox:20 c:15 
(bps): >&cc93bps:&cfff ganon at [ra-entry]
(rst): >&c777rst:&cfff &cf00lost&cfff [bridge-low] 2
(rst): >&c777rst:&cfff &cf00lost&cfff [bridge-low] 2
(rst): >&c777rst:&cfff &cf00lost&cfff [bridge-low] 2
(rst): >&c777rst:&cfff &cf00lost&cfff [bridge-low] 2
Quad Damage is wearing off
(bps): >&cc93bps:&cfff 0/134 sng [ra] rox:20 c:15 
(bps): >&cc93bps:&cfff &c0b0safe&cfff [ra]
(carapace): >&c693car:&cfff &c931r&cfff54/75 &cf31rl&cfff&cf31:32&cfff &c29flg&cfff&c29f:7&cfff [bridge-high] 
(ganon): >&c479gan:&cfff &c0b0safe&cfff [ra-entry]
(ganon): >&c479gan:&cfff &c0b0safe&cfff [ra-entry]
(ganon): >&c479gan:&cfff &c0b0safe&cfff [ra-entry]
(bps): >&cc93bps:&cfff &ce00ra&cfff at [ra]
(bps): >&cc93bps:&cfff 0/127 sng [ra] rox:20 c:15 
(rst): >&c777rst:&cfff took &c29flg&cfff [water-lg]
(bps): >&cc93bps:&cfff carapace at [ra-low]
(rst): >&c777rst:&cfff &cf00dropped&cfff &c29flg&cfff [water-tunnel] 2
(rst): >&c777rst:&cfff &cf00dropped&cfff &c29flg&cfff [water-tunnel] 2
(bps): >&cc93bps:&cfff ganon at [lifts-below]
(rst): >&c777rst:&cfff &cf00lost&cfff [sng-tele] 1
(rst): >&c777rst:&cfff &cf00lost&cfff [sng-tele] 1
(rst): >&c777rst:&cfff &cf00lost&cfff [sng-tele] 1
(rst): >&c777rst:&cfff &cf00lost&cfff [sng-tele] 1
(rst): >&c777rst:&cfff &cf00lost&cfff [sng-tele] 1
(carapace): >&c693car:&cfff &c931r&cfff200/100 &cf31rl&cfff&cf31:42&cfff &c29flg&cfff&c29f:7&cfff [sng-ledge] 
[17] minutes remaining
Team [-s-] leads by 19 frags
(ganon): >&c479gan:&cfff &c0b0safe&cfff [quad]
(ganon): >&c479gan:&cfff &c0b0safe&cfff [quad]
(carapace): >&c693car:&cfff coming [sng-lifts] need nothing
(carapace): >&c693car:&cfff &c931r&cfff173/93 &cf31rl&cfff&cf31:41&cfff &c29flg&cfff&c29f:25&cfff [lifts-below] 
(rst): >&c777rst:&cfff &cf00lost&cfff [ya-box] 1
(rst): >&c777rst:&cfff &cf00lost&cfff [ya-box] 1
(rst): >&c777rst:&cfff &cf00lost&cfff [ya-box] 1
(rst): >&c777rst:&cfff &cf00lost&cfff [ya-box] 1
(carapace): >&c693car:&cfff &c0b0team&cfff &c05fquad&cfff
(carapace): >&c693car:&cfff &c0b0team&cfff &c05fquad&cfff
(carapace): >&c693car:&cfff &c931r&cfff157/89 &cf31rl&cfff&cf31:41&cfff &c29flg&cfff&c29f:25&cfff [quad] &c05fquad&cfff
(rst): >&c777rst:&cfff &cf00lost&cfff [ya-box] 2
(rst): >&c777rst:&cfff &cf00lost&cfff [ya-box] 2
(rst): >&c777rst:&cfff &cf00lost&cfff [ya-box] 2
(rst): >&c777rst:&cfff &cf00lost&cfff [ya-box] 2
(rst): >&c777rst:&cfff &cf00lost&cfff [ya-box] 2
(bps): >&cc93bps:&cfff 0/39 sng [window] rox:20 c:15 
(bps): >&cc93bps:&cfff 0/79 sng [sng-lifts] rox:20 c:15 
(ganon): >&c479gan:&cfff took &cf00ra&cfff [ra]
(bps): >&cc93bps:&cfff 0/79 sng [sng] rox:20 c:15 
(rst): >&c777rst:&cfff &cf00lost&cfff [water-lg] 1
(rst): >&c777rst:&cfff &cf00lost&cfff [water-lg] 1
(bps): >&cc93bps:&cfff took &c0ffmega&cfff [sng-mega]
(bps): >&cc93bps:&cfff took &cff0ya&cfff [ya-box]
(bps): >&cc93bps:&cfff took &cff0ya&cfff [ya-box]
(rst): >&c777rst:&cfff &cf00lost&cfff [water] 1
(rst): >&c777rst:&cfff &cf00lost&cfff [water] 1
(rst): >&c777rst:&cfff &cf00lost&cfff [water] 1
(rst): >&c777rst:&cfff &cf00lost&cfff [water] 1
(rst): >&c777rst:&cfff &cf00lost&cfff [water] 1
(bps): >&cc93bps:&cfff &c991y&cfff150/175 sng [bridge-high] rox:25 c:15 
(bps): >&cc93bps:&cfff &c991y&cfff115/150 &cf31rl&cfff&cf31:30&cfff [rl] 
(carapace): >&c693car:&cfff &c931r&cfff68/68 &cf31rl&cfff&cf31:33&cfff &c29flg&cfff&c29f:8&cfff [bridge-stairs] &c05fquad&cfff
Quad Damage is wearing off
(bps): >&cc93bps:&cfff &c991y&cfff115/144 &cf31rl&cfff&cf31:30&cfff [ra-tunnel] 
(ganon): >&c479gan:&cfff &cf00lost&cfff [ra-entry] 4
(ganon): >&c479gan:&cfff &cf00lost&cfff [ra-entry] 4
(ganon): >&c479gan:&cfff &cf00lost&cfff [ra-entry] 4
(ganon): >&c479gan:&cfff &cf00lost&cfff [ra-entry] 4
(carapace): >&c693car:&cfff &c931r&cfff23/97 &cf31rl&cfff&cf31:33&cfff &c29flg&cfff&c29f:2&cfff [ya-box] 
(rst): >&c777rst:&cfff took &c29flg&cfff [water-lg]
(carapace): >&c693car:&cfff &c931r&cfff23/97 &cf31rl&cfff&cf31:33&cfff &c29flg&cfff&c29f:2&cfff [ya] 
(carapace): >&c693car:&cfff took &cff0ya&cfff [ya-box]
(carapace): >&c693car:&cfff &c991y&cfff150/97 &cf31rl&cfff&cf31:33&cfff &c29flg&cfff&c29f:2&cfff [quad] 
(bps): >&cc93bps:&cfff &c991y&cfff46/94 &cf31rl&cfff&cf31:21&cfff [ra] 
(bps): >&cc93bps:&cfff &c991y&cfff31/85 &cf31rl&cfff&cf31:19&cfff [ra] 
(bps): >&cc93bps:&cfff &c991y&cfff31/85 &cf31rl&cfff&cf31:19&cfff [ra] 
(bps): >&cc93bps:&cfff took &ce00ra&cfff [ra]
(bps): >&cc93bps:&cfff took &ce00ra&cfff [ra]
[16] minutes remaining
Team [-s-] leads by 29 frags
(bps): >&cc93bps:&cfff &c931r&cfff170/79 &cf31rl&cfff&cf31:17&cfff [ra-low] 
(bps): >&cc93bps:&cfff &c931r&cfff170/79 &cf31rl&cfff&cf31:17&cfff [ra-low] 
(bps): >&cc93bps:&cfff carapace at [quad]
(rst): >&c777rst:&cfff &cf00dropped&cfff &c29flg&cfff [water] 2
(rst): >&c777rst:&cfff &cf00dropped&cfff &c29flg&cfff [water] 2
(rst): >&c777rst:&cfff &cf00dropped&cfff &c29flg&cfff [water] 2
(carapace): >&c693car:&cfff &c0b0team&cfff &c05fquad&cfff
(carapace): >&c693car:&cfff &c0b0team&cfff &c05fquad&cfff
(bps): >&cc93bps:&cfff &cf2apack&cfff at [ring]
(bps): >&cc93bps:&cfff &c931r&cfff170/79 &cf31rl&cfff&cf31:20&cfff [ra-low] 
(bps): >&cc93bps:&cfff took &c0ffmega&cfff [hill]
(bps): >&cc93bps:&cfff &c931r&cfff170/179 &cf31rl&cfff&cf31:20&cfff [ra-tunnel] 
(rst): >&c777rst:&cfff &cf00lost&cfff [bridge-low] 2
(rst): >&c777rst:&cfff &cf00lost&cfff [bridge-low] 2
(rst): >&c777rst:&cfff &cf00lost&cfff [bridge-low] 2
(rst): >&c777rst:&cfff &cf00lost&cfff [bridge-low] 2
(ganon): >&c479gan:&cfff took &cf00ra&cfff [ra]
(carapace): >&c693car:&cfff &c991y&cfff81/82 &cf31rl&cfff&cf31:28&cfff &c29flg&cfff&c29f:7&cfff [hill] &c05fquad&cfff
(carapace): >&c693car:&cfff &c991y&cfff81/82 &cf31rl&cfff&cf31:28&cfff &c29flg&cfff&c29f:7&cfff [hill] &c05fquad&cfff
(carapace): >&c693car:&cfff &c991y&cfff81/82 &cf31rl&cfff&cf31:27&cfff &c29flg&cfff&c29f:7&cfff [ra-low] &c05fquad&cfff
(rst): >&c777rst:&cfff took &c0ffmega&cfff [pent]
(carapace): >&c693car:&cfff awaits [ra]
(carapace): >&c693car:&cfff &c991y&cfff81/82 &cf31rl&cfff&cf31:27&cfff &c29flg&cfff&c29f:7&cfff [ra] &c05fquad&cfff
Quad Damage is wearing off
(bps): >&cc93bps:&cfff &c931r&cfff96/149 &cf31rl&cfff&cf31:19&cfff [ring] 
(bps): >&cc93bps:&cfff &c931r&cfff96/147 &cf31rl&cfff&cf31:24&cfff [ya-quad] 
(rst): >&c777rst:&cfff &cf00lost&cfff [water] 1
(rst): >&c777rst:&cfff &cf00lost&cfff [water] 1
(rst): >&c777rst:&cfff &cf00lost&cfff [water] 1
(rst): >&c777rst:&cfff &cf00lost&cfff [water] 1
(ganon): >&c479gan:&cfff &c0b0safe&cfff [ya]
(ganon): >&c479gan:&cfff &c0b0safe&cfff [ya]
(ganon): >&c479gan:&cfff &c0b0safe&cfff [ya]
(carapace): >&c693car:&cfff &c0b0safe&cfff [ra]
(carapace): >&c693car:&cfff took &cf00ra&cfff [ra]
(carapace): >&c693car:&cfff &c931r&cfff200/82 &cf31rl&cfff&cf31:27&cfff &c29flg&cfff&c29f:7&cfff [ra] 
(rst): >&c777rst:&cfff &cf00lost&cfff [water-lg] 2
(rst): >&c777rst:&cfff &cf00lost&cfff [water-lg] 2
(rst): >&c777rst:&cfff &cf00lost&cfff [water-lg] 2
(carapace): >&c693car:&cfff &c931r&cfff200/100 &cf31rl&cfff&cf31:32&cfff &c29flg&cfff&c29f:19&cfff [sng-tele] 
fix: ;D
(bps): >&cc93bps:&cfff &c931r&cfff89/128 &cf31rl&cfff&cf31:15&cfff [ya-entry] 
(bps): >&cc93bps:&cfff took &cff0ya&cfff [ya-box]
[15] minutes remaining
Team [-s-] leads by 38 frags
(razor): >&ccc6raz&cfff &c0b0team&cfff &cff0ring&cfff
(razor): >&ccc6raz&cfff &c0b0team&cfff &cff0ring&cfff
(razor): >&ccc6raz&cfff &c0b0team&cfff &cff0ring&cfff
(razor): >&ccc6raz&cfff &c0b0team&cfff &cff0ring&cfff
(carapace): >&c693car:&cfff &cf2apack&cfff at [pent]
(rst): >&c777rst:&cfff took &cf2apack&cfff [pent]
(bps): >&cc93bps:&cfff &c991y&cfff120/101 &cf31rl&cfff&cf31:14&cfff [window] 
(rst): >&c777rst:&cfff coming [lifts] need armor/&cf31rox&cfff
(rst): >&c777rst:&cfff coming [lifts] need armor/&cf31rox&cfff
(bps): >&cc93bps:&cfff &c0b0team&cfff &c05fquad&cfff
(bps): >&cc93bps:&cfff &c0b0team&cfff &c05fquad&cfff
(bps): >&cc93bps:&cfff &c0b0team&cfff &c05fquad&cfff
(bps): >&cc93bps:&cfff &c0b0team&cfff &c05fquad&cfff
(bps): >&cc93bps:&cfff &c991y&cfff102/90 &cf31rl&cfff&cf31:13&cfff [ring] &c05fquad&cfff
(rst): >&c777rst:&cfff 0/87 &cf31rl&cfff&cf31:3&cfff [lifts] 
(carapace): >&c693car:&cfff 0/153 &cf31rl&cfff&cf31:21&cfff &c29flg&cfff&c29f:25&cfff [bridge-low] &cf00pent&cfff
(bps): >&cc93bps:&cfff &c991y&cfff87/81 &cf31rl&cfff&cf31:11&cfff [ra] &c05fquad&cfff
(carapace): >&c693car:&cfff 0/149 &cf31rl&cfff&cf31:19&cfff &c29flg&cfff&c29f:25&cfff [bridge-low] &cf00pent&cfff
(bps): >&cc93bps:&cfff &c991y&cfff82/78 &cf31rl&cfff&cf31:9&cfff [ra] &c05fquad&cfff
(bps): >&cc93bps:&cfff &c991y&cfff82/78 &cf31rl&cfff&cf31:9&cfff [ra] &c05fquad&cfff
(rst): >&c777rst:&cfff &cf00lost&cfff [lifts-below] 2
(rst): >&c777rst:&cfff &cf00lost&cfff [lifts-below] 2
(rst): >&c777rst:&cfff &cf00lost&cfff [lifts-below] 2
(rst): >&c777rst:&cfff &cf00lost&cfff [lifts-below] 2
(bps): >&cc93bps:&cfff &c991y&cfff82/78 &cf31rl&cfff&cf31:8&cfff [ra] &c05fquad&cfff
Protection is almost burned out
(rst): >&c777rst:&cfff &cf2apack&cfff at [ra-low]
(bps): >&cc93bps:&cfff took &ce00ra&cfff [ra]
(bps): >&cc93bps:&cfff took &ce00ra&cfff [ra]
(carapace): >&c693car:&cfff 0/135 &cf31rl&cfff&cf31:23&cfff &c29flg&cfff&c29f:25&cfff [ya-box] 
(bps): >&cc93bps:&cfff &c931r&cfff200/78 &cf31rl&cfff&cf31:7&cfff [ya-quad] &c05fquad&cfff
(bps): >&cc93bps:&cfff carapace at [ya]
(carapace): >&c693car:&cfff 0/133 &cf31rl&cfff&cf31:23&cfff &c29flg&cfff&c29f:25&cfff [ya-box] 
(carapace): >&c693car:&cfff 0/131 &cf31rl&cfff&cf31:23&cfff &c29flg&cfff&c29f:25&cfff [ya-box] 
(rst): >&c777rst:&cfff &cf00lost&cfff [lifts-below] 1
(carapace): >&c693car:&cfff &c991y&cfff150/128 &cf31rl&cfff&cf31:23&cfff &c29flg&cfff&c29f:25&cfff [window] 
(rst): >&c777rst:&cfff &cf00lost&cfff [water] 1
(rst): >&c777rst:&cfff &cf00lost&cfff [water] 1
(rst): >&c777rst:&cfff &cf00lost&cfff [water] 1
(rst): >&c777rst:&cfff &cf00lost&cfff [water] 1
(bps): >&cc93bps:&cfff &c931r&cfff200/78 &cf31rl&cfff&cf31:4&cfff [bridge-high] 
(rst): >&c777rst:&cfff &cf00lost&cfff [water] 1
(rst): >&c777rst:&cfff &cf00lost&cfff [water] 1
(rst): >&c777rst:&cfff &cf00lost&cfff [water] 1
(rst): >&c777rst:&cfff &cf00lost&cfff [water] 1
(bps): >&cc93bps:&cfff carapace at [ra-low]
(bps): >&cc93bps:&cfff &c931r&cfff180/74 &cf31rl&cfff&cf31:7&cfff [ring] 
(rst): >&c777rst:&cfff &cf00lost&cfff [rl] 2
(rst): >&c777rst:&cfff &cf00lost&cfff [rl] 2
(rst): >&c777rst:&cfff &cf00lost&cfff [rl] 2
(rst): >&c777rst:&cfff &cf00lost&cfff [rl] 2
[14] minutes remaining
Team [-s-] leads by 46 frags
(bps): >&cc93bps:&cfff &c931r&cfff180/74 &cf31rl&cfff&cf31:7&cfff [ya-quad] 
(rst): >&c777rst:&cfff took &cff0ya&cfff [ya-box]
(carapace): >&c693car:&cfff &c991y&cfff19/36 &cf31rl&cfff&cf31:28&cfff &c29flg&cfff&c29f:13&cfff [sng-low] 
(bps): >&cc93bps:&cfff &c931r&cfff180/74 &cf31rl&cfff&cf31:7&cfff [quad] 
(carapace): >&c693car:&cfff &c991y&cfff19/76 &cf31rl&cfff&cf31:28&cfff &c29flg&cfff&c29f:13&cfff [sng-lifts] 
(bps): >&cc93bps:&cfff &c0b0team&cfff &c05fquad&cfff
(bps): >&cc93bps:&cfff &c0b0team&cfff &c05fquad&cfff
(bps): >&cc93bps:&cfff &c0b0team&cfff &c05fquad&cfff
(bps): >&cc93bps:&cfff &c0b0team&cfff &c05fquad&cfff
(bps): >&cc93bps:&cfff took &c0ffmega&cfff [hill]
(carapace): >&c693car:&cfff &c991y&cfff14/173 &cf31rl&cfff&cf31:28&cfff &c29flg&cfff&c29f:13&cfff [sng-mega] 
(bps): >&cc93bps:&cfff &c931r&cfff180/173 &cf31rl&cfff&cf31:6&cfff [hill] &c05fquad&cfff
(bps): >&cc93bps:&cfff &c931r&cfff180/173 &cf31rl&cfff&cf31:6&cfff [hill] &c05fquad&cfff
(rst): >&c777rst:&cfff &cf00lost&cfff [ra-entry] 1
(rst): >&c777rst:&cfff &cf00lost&cfff [ra-entry] 1
(rst): >&c777rst:&cfff &cf00lost&cfff [ra-entry] 1
(rst): >&c777rst:&cfff &cf00lost&cfff [ra-entry] 1
(rst): >&c777rst:&cfff &cf00lost&cfff [ra-entry] 1
(rst): >&c777rst:&cfff &cf00lost&cfff [ra-entry] 1
(carapace): >&c693car:&cfff &cf00dropped&cfff &c29flg&cfff [ra-low] 1
(carapace): >&c693car:&cfff &cf00dropped&cfff &c29flg&cfff [ra-low] 1
(carapace): >&c693car:&cfff &cf00dropped&cfff &c29flg&cfff [ra-low] 1
(carapace): >&c693car:&cfff &cf00dropped&cfff &c29flg&cfff [ra-low] 1
(ganon): >&c479gan:&cfff &cb1akill me&cfff [ra-tunnel] &cf31rl&cfff:3
(carapace): >&c693car:&cfff 0/100 [sng-tele] 
(ganon): >&c479gan:&cfff &cb1akill me&cfff [ra-tunnel] &cf31rl&cfff:3
(bps): >&cc93bps:&cfff &c931r&cfff120/152 &cf31rl&cfff&cf31:4&cfff [ring] &c05fquad&cfff
(rst): >&c777rst:&cfff took &cf00ra&cfff [ra]
bps: peekaboo!!
Quad Damage is wearing off
(bps): >&cc93bps:&cfff &c931r&cfff120/141 &cf31rl&cfff&cf31:29&cfff [ring] &c05fquad&cfff
(bps): >&cc93bps:&cfff &c931r&cfff120/138 &cf31rl&cfff&cf31:28&cfff [ra] 
(bps): >&cc93bps:&cfff &c0b0safe&cfff [ra]
(carapace): >&c693car:&cfff 0/100 sg [water-lg] rox:5 
(carapace): >&c693car:&cfff 0/100 [sng-tele] 
(carapace): >&c693car:&cfff &cf00lost&cfff [quad] 4
(ganon): >&c479gan:&cfff 0/192 [rl] 
(ganon): >&c479gan:&cfff 0/191 [rl] 
(carapace): >&c693car:&cfff &cf00lost&cfff [lifts-below] 1
(carapace): >&c693car:&cfff 0/100 [sng-tele] 
(bps): >&cc93bps:&cfff 0/8 &cf31rl&cfff&cf31:25&cfff [ra-low] 
[13] minutes remaining
Team [-s-] leads by 48 frags
(bps): >&cc93bps:&cfff &cf00dropped&cfff &cf31rl&cfff [ra-low] 1
(bps): >&cc93bps:&cfff &cf00dropped&cfff &cf31rl&cfff [ra-low] 1
(bps): >&cc93bps:&cfff &cf00dropped&cfff &cf31rl&cfff [ra-low] 1
no weapon
(fix): >_ fix: 0/77 {lg:1} [ra.low]
(blixem): >blx: took &cf50ra&cfff [ra]
(reppie): >rep &cf00lost&cfff [lifts-below] 2
(reppie): >rep &cf00lost&cfff [lifts-below] 2
(reppie): >rep &cf00lost&cfff [lifts-below] 2
(blixem): >blx: &c0b0safe&cfff [ra] &cfffrl&cfff:22
(blixem): >blx: &c0b0safe&cfff [ra] &cfffrl&cfff:22
(razor): >&ccc6raz&cfff &c0b0team&cfff &c05fquad&cfff
(razor): >&ccc6raz&cfff &c0b0team&cfff &c05fquad&cfff
(fix): >_ fix: 0/100 {lg:7} [ra]
(blixem): >blx: &c0b0safe&cfff [ra] &cfffrl&cfff:22
(fix): >_ fix: 0/100 {lg:7} [ra]
(fix): >_ fix: 0/100 {lg:7} [ra]
(reppie): >rep took &cf60rl&cfff [rl]
Quad Damage is wearing off
(reppie): >rep 0/100 &cf60lg&cfff&cf60:15&cfff [water] 
(reppie): >rep 0/100 &cf60lg&cfff&cf60:15&cfff [water] 
(razor): >&ccc6raz&cfff &cf00dropped&cfff &cf60rl&cfff [ra] 2
(razor): >&ccc6raz&cfff &cf00dropped&cfff &cf60rl&cfff [ra] 2
(razor): >&ccc6raz&cfff &cf00dropped&cfff &cf60rl&cfff [ra] 2
(bps): >&cc93bps:&cfff took &ce00ra&cfff [ra]
(bps): >&cc93bps:&cfff took &ce00ra&cfff [ra]
(rst): >&c777rst:&cfff &cf00lost&cfff [rl] 2
(bps): >&cc93bps:&cfff took &ce00ra&cfff [ra]
(rst): >&c777rst:&cfff &cf00lost&cfff [rl] 2
(rst): >&c777rst:&cfff &cf00lost&cfff [rl] 2
(rst): >&c777rst:&cfff &cf00lost&cfff [rl] 2
(carapace): >&c693car:&cfff coming [ring] need armor rl
(carapace): >&c693car:&cfff &cf00lost&cfff [ra-low] 2
(bps): >&cc93bps:&cfff &c931r&cfff170/94 &cf31rl&cfff&cf31:9&cfff [ra] 
(carapace): >&c693car:&cfff took &cff0ya&cfff [ya-box]
(carapace): >&c693car:&cfff &c991y&cfff150/100 [window] 
(rst): >&c777rst:&cfff 0/200 [hill] 
[12] minutes remaining
Team [-s-] leads by 55 frags
(carapace): >&c693car:&cfff &c991y&cfff120/82 [bridge-low] 
(rst): >&c777rst:&cfff 0/182 sg [rl] rox:15 c:12 
(carapace): >&c693car:&cfff &cf31rl&cfff at [rl]
(bps): >&cc93bps:&cfff ganon at [ra-low]
(rst): >&c777rst:&cfff took &cf31rl&cfff [rl]
(bps): >&cc93bps:&cfff &c931r&cfff170/94 &cf31rl&cfff&cf31:7&cfff [ring] 
(carapace): >&c693car:&cfff &c991y&cfff120/82 sg [water-lg] rox:10 c:6 
(ganon): >&c479gan:&cfff &cf00lost&cfff [ra] 1
(ganon): >&c479gan:&cfff &cf00lost&cfff [ra] 1
(ganon): >&c479gan:&cfff &cf00lost&cfff [ra] 1
(ganon): >&c479gan:&cfff &cf00lost&cfff [ra] 1
(ganon): >&c479gan:&cfff &cf00lost&cfff [ra] 1
(ganon): >&c479gan:&cfff &cf00lost&cfff [ra] 1
(ganon): >&c479gan:&cfff &cf00lost&cfff [ra] 1
(ganon): >&c479gan:&cfff &cf00lost&cfff [ra] 1
(carapace): >&c693car:&cfff took &c29flg&cfff [water-lg]
(bps): >&cc93bps:&cfff &c0b0team&cfff &c05fquad&cfff
(bps): >&cc93bps:&cfff &c0b0team&cfff &c05fquad&cfff
(bps): >&cc93bps:&cfff &c0b0team&cfff &c05fquad&cfff
(bps): >&cc93bps:&cfff &c0b0team&cfff &c05fquad&cfff
(carapace): >&c693car:&cfff &c991y&cfff71/51 &c29flg&cfff&c29f:15&cfff [bridge-low] 
(bps): >&cc93bps:&cfff &c931r&cfff166/93 &cf31rl&cfff&cf31:7&cfff [ra-tunnel] &c05fquad&cfff
(bps): >&cc93bps:&cfff rst at [ra-tunnel]
(carapace): >&c693car:&cfff &c991y&cfff55/43 &c29flg&cfff&c29f:15&cfff [ya] 
(bps): >&cc93bps:&cfff &c931r&cfff166/93 &cf31rl&cfff&cf31:7&cfff [ra-low] &c05fquad&cfff
(rst): >&c777rst:&cfff &c0b0safe&cfff [ra]
(rst): >&c777rst:&cfff &c0b0safe&cfff [ra]
(carapace): >&c693car:&cfff &cf00lost&cfff [ya-box] 1
(carapace): >&c693car:&cfff &cf00lost&cfff [ya-box] 1
(carapace): >&c693car:&cfff &cf00lost&cfff [ya-box] 1
(carapace): >&c693car:&cfff &cf00lost&cfff [ya-box] 1
(bps): >&cc93bps:&cfff 0/48 &cf31rl&cfff&cf31:2&cfff [lifts-below] &c05fquad&cfff
(rst): >&c777rst:&cfff &c0b0safe&cfff [ra]
(rst): >&c777rst:&cfff &c0b0safe&cfff [ra]
(rst): >&c777rst:&cfff &c0b0safe&cfff [ra]
(rst): >&c777rst:&cfff &c0b0safe&cfff [ra]
(bps): >&cc93bps:&cfff 0/48 &cf31rl&cfff&cf31:2&cfff [sng-lifts] &c05fquad&cfff
(rst): >&c777rst:&cfff took &cf00ra&cfff [ra]
(bps): >&cc93bps:&cfff 0/88 &cf31rl&cfff&cf31:2&cfff [sng-lifts] &c05fquad&cfff
(carapace): >&c693car:&cfff &cf00lost&cfff [ya-box] 2
(carapace): >&c693car:&cfff 0/100 [lifts] 
(bps): >&cc93bps:&cfff 0/88 &cf31rl&cfff&cf31:12&cfff [sng] &c05fquad&cfff
Quad Damage is wearing off
(ganon): >&c479gan:&cfff 0/52 &cf31rl&cfff&cf31:4&cfff [ra-tunnel] 
(bps): >&cc93bps:&cfff 0/88 &cf31rl&cfff&cf31:12&cfff [sng-mega] &c05fquad&cfff
(bps): >&cc93bps:&cfff 0/188 &cf31rl&cfff&cf31:12&cfff [sng-mega] &c05fquad&cfff
(ganon): >&c479gan:&cfff &cf00dropped&cfff &cf31rl&cfff [ra-tunnel] 1
(ganon): >&c479gan:&cfff &cf00dropped&cfff &cf31rl&cfff [ra-tunnel] 1
(ganon): >&c479gan:&cfff &cf00dropped&cfff &cf31rl&cfff [ra-tunnel] 1
(ganon): >&c479gan:&cfff &cf00dropped&cfff &cf31rl&cfff [ra-tunnel] 1
(ganon): >&c479gan:&cfff &cf00dropped&cfff &cf31rl&cfff [ra-tunnel] 1
(ganon): >&c479gan:&cfff &cf00dropped&cfff &cf31rl&cfff [ra-tunnel] 1
(rst): >&c777rst:&cfff &cf2apack&cfff at [ra-tunnel]
(rst): >&c777rst:&cfff &cf2apack&cfff at [ra-tunnel]
(bps): >&cc93bps:&cfff 0/153 &cf31rl&cfff&cf31:9&cfff [sng-tele] 
(rst): >&c777rst:&cfff &cf2apack&cfff at [ra-tunnel]
(bps): >&cc93bps:&cfff 0/149 &cf31rl&cfff&cf31:9&cfff [sng-tele] 
(rst): >&c777rst:&cfff &cf2apack&cfff at [ra-tunnel]
(bps): >&cc93bps:&cfff 0/149 &cf31rl&cfff&cf31:9&cfff [sng-tele] 
(rst): >&c777rst:&cfff &cf2apack&cfff at [ra-tunnel]
(carapace): >&c693car:&cfff &cf00lost&cfff [water] 1
(carapace): >&c693car:&cfff 0/100 [ya-box] 
[11] minutes remaining
Team [-s-] leads by 63 frags
(bps): >&cc93bps:&cfff 0/111 &cf31rl&cfff&cf31:6&cfff [ra] 
(ganon): >&c479gan:&cfff &cf00lost&cfff [ra-low] 1
(ganon): >&c479gan:&cfff &cf00lost&cfff [ra-low] 1
(ganon): >&c479gan:&cfff &cf00lost&cfff [ra-low] 1
(ganon): >&c479gan:&cfff &cf00lost&cfff [ra-low] 1
(bps): >&cc93bps:&cfff took &ce00ra&cfff [ra]
(bps): >&cc93bps:&cfff &c931r&cfff200/104 &cf31rl&cfff&cf31:4&cfff [ra] 
(bps): >&cc93bps:&cfff &c931r&cfff159/92 &cf31rl&cfff&cf31:79&cfff [ring] 
(carapace): >&c693car:&cfff took &cff0ya&cfff [ya-box]
(bps): >&cc93bps:&cfff ganon at [quad]
(rst): >&c777rst:&cfff &cf00lost&cfff [sng-tele] 1
(bps): >&cc93bps:&cfff ganon at [window-quad]
(ganon): >&c479gan:&cfff 0/100 [window-quad] 
(bps): >&cc93bps:&cfff &c0b0team&cfff &c05fquad&cfff
(bps): >&cc93bps:&cfff &c0b0team&cfff &c05fquad&cfff
(bps): >&cc93bps:&cfff &c0b0team&cfff &c05fquad&cfff
(bps): >&cc93bps:&cfff &c0b0team&cfff &c05fquad&cfff
(rst): >&c777rst:&cfff &cf00lost&cfff [rl] 1
(rst): >&c777rst:&cfff &cf00lost&cfff [rl] 1
(rst): >&c777rst:&cfff &cf00lost&cfff [rl] 1
(rst): >&c777rst:&cfff &cf00lost&cfff [rl] 1
(rst): >&c777rst:&cfff &cf00lost&cfff [rl] 1
(carapace): >&c693car:&cfff &c991y&cfff63/58 ssg [ya] rox:7 
(carapace): >&c693car:&cfff &c991y&cfff63/58 ssg [bridge-high] rox:7 
(bps): >&cc93bps:&cfff &c931r&cfff159/92 &cf31rl&cfff&cf31:82&cfff [ya-quad] &c05fquad&cfff
(bps): >&cc93bps:&cfff &c931r&cfff159/92 &cf31rl&cfff&cf31:82&cfff [quad] &c05fquad&cfff
(rst): >&c777rst:&cfff &cf2apack&cfff at [hill]
(rst): >&c777rst:&cfff &cf2apack&cfff at [hill]
(bps): >&cc93bps:&cfff &c931r&cfff159/190 &cf31rl&cfff&cf31:80&cfff [hill] &c05fquad&cfff
(bps): >&cc93bps:&cfff &c931r&cfff159/186 &cf31rl&cfff&cf31:79&cfff [hill] &c05fquad&cfff
(carapace): >&c693car:&cfff &c991y&cfff15/28 &cf31rl&cfff&cf31:9&cfff [rl] 
(carapace): >&c693car:&cfff 0/19 &cf31rl&cfff&cf31:8&cfff [bridge-stairs] 
Quad Damage is wearing off
(carapace): >&c693car:&cfff 0/19 &cf31rl&cfff&cf31:8&cfff [bridge-low] 
(bps): >&cc93bps:&cfff &c931r&cfff152/177 &cf31rl&cfff&cf31:79&cfff [quad] &c05fquad&cfff
(carapace): >&c693car:&cfff &cf00lost&cfff [water-tunnel] 1
(carapace): >&c693car:&cfff 0/100 [sng-tele] 
(ganon): >&c479gan:&cfff took &cf00ra&cfff [ra]
(carapace): >&c693car:&cfff 0/100 sg [quad] rox:5 
(rst): >&c777rst:&cfff &cf00lost&cfff [water-lg] 1
(rst): >&c777rst:&cfff &cf00lost&cfff [water-lg] 1
(rst): >&c777rst:&cfff &cf00lost&cfff [water-lg] 1
(rst): >&c777rst:&cfff &cf00enemy&cfff at [rl]
(carapace): >&c693car:&cfff &cf00lost&cfff [pent] 1
(carapace): >&c693car:&cfff 0/100 [ra-tunnel] 
[10] minutes remaining
Team [-s-] leads by 67 frags
(rst): >&c777rst:&cfff &cf00lost&cfff [rl] 1
(rst): >&c777rst:&cfff &cf00lost&cfff [rl] 1
(rst): >&c777rst:&cfff &cf00lost&cfff [rl] 1
(bps): >&cc93bps:&cfff &c931r&cfff85/147 &cf31rl&cfff&cf31:69&cfff [bridge-high] 
no weapon
no weapon
(razor): >&ccc6raz&cfff 0/5 [pent] &cf00pent&cfff
(razor): >&ccc6raz&cfff 0/5 [pent] &cf00pent&cfff
(razor): >&ccc6raz&cfff 0/5 [pent] &cf00pent&cfff
(razor): >&ccc6raz&cfff 0/5 [water-tunnel] &cf00pent&cfff
(razor): >&ccc6raz&cfff 0/5 [water-tunnel] &cf00pent&cfff
(razor): >&ccc6raz&cfff 0/5 [water-tunnel] &cf00pent&cfff
(fix): >_ fix: 0/100 {&cff0ring&cfff} [ra.low]
(blixem): >blx: ra5/114 [sng-lifts] sng:196
(razor): >&ccc6raz&cfff 0/5 sg [water-lg] c:6 &cf00pent&cfff
(razor): >&ccc6raz&cfff 0/5 sg [water-lg] c:6 &cf00pent&cfff
(razor): >&ccc6raz&cfff 0/5 sg [water-lg] c:6 &cf00pent&cfff
(reppie): >rep 0/100 gl [bridge-low] r:17 c:6 
(reppie): >rep 0/100 gl [bridge-low] r:17 c:6 
(blixem): >blx: ra5/109 [sng-mega] sng:200
(fix): >_ fix: 0/48 {&c05fquad&cfff} [quad]
(fix): >_ fix: 0/48 {&c05fquad&cfff} [quad]
no weapon
(blixem): >blx: ra5/101 [ra] sng:200
(blixem): >blx: ra5/101 [ra] sng:200
no weapon
(fix): >_ fix: quad lost 2
(fix): >_ fix: quad lost 2
no weapon
no weapon
Protection is almost burned out
no weapon
(blixem): >blx: ra5/100 [ra] sng:200
no weapon
(blixem): >blx: ra5/100 [ra] sng:200
(blixem): >blx: ra5/100 [ra] sng:200
(razor): >&ccc6raz&cfff &cf00lost&cfff [water-lg] 1
(razor): >&ccc6raz&cfff &cf00lost&cfff [water-lg] 1
(razor): >&ccc6raz&cfff &cf00lost&cfff [water-lg] 1
(razor): >&ccc6raz&cfff &cf00lost&cfff [water-lg] 1
(rst): >&c777rst:&cfff &cf00lost&cfff [bridge-stairs] 2
(rst): >&c777rst:&cfff &cf00lost&cfff [bridge-stairs] 2
(rst): >&c777rst:&cfff &cf00lost&cfff [bridge-stairs] 2
(rst): >&c777rst:&cfff &cf00lost&cfff [bridge-stairs] 2
(bps): >&cc93bps:&cfff 0/100 [sng-tele] 
(rst): >&c777rst:&cfff &cf00lost&cfff [ya-quad] 1
(rst): >&c777rst:&cfff &cf00lost&cfff [ya-quad] 1
(rst): >&c777rst:&cfff &cf00lost&cfff [ya-quad] 1
(rst): >&c777rst:&cfff &cf00lost&cfff [ya-quad] 1
(rst): >&c777rst:&cfff &cf00lost&cfff [ya-quad] 1
(bps): >&cc93bps:&cfff carapace at [ra-entry]
[9] minutes remaining
Team [-s-] leads by 67 frags
(carapace): >&c693car:&cfff &c931r&cfff180/92 &c29flg&cfff&c29f:16&cfff [sng-lifts] 
(bps): >&cc93bps:&cfff took &ce00ra&cfff [ra]
(rst): >&c777rst:&cfff &cf00lost&cfff [rl] 1
(rst): >&c777rst:&cfff &cf00lost&cfff [rl] 1
(rst): >&c777rst:&cfff &cf00lost&cfff [rl] 1
(rst): >&c777rst:&cfff &cf00lost&cfff [rl] 1
(rst): >&c777rst:&cfff &cf00lost&cfff [rl] 1
(carapace): >&c693car:&cfff &c0b0team&cfff &c05fquad&cfff
(carapace): >&c693car:&cfff &c0b0team&cfff &c05fquad&cfff
(carapace): >&c693car:&cfff &c931r&cfff180/92 &c29flg&cfff&c29f:28&cfff [quad] &c05fquad&cfff
(bps): >&cc93bps:&cfff &c0b0safe&cfff [ya-box]
(bps): >&cc93bps:&cfff &c0b0safe&cfff [ya-box]
(rst): >&c777rst:&cfff &c0b0safe&cfff [ra]
(rst): >&c777rst:&cfff &c0b0safe&cfff [ra]
(ganon): >&c479gan:&cfff &c0b0safe&cfff [sng-tele]
(ganon): >&c479gan:&cfff &c0b0safe&cfff [sng-tele]
(rst): >&c777rst:&cfff took &cf00ra&cfff [ra]
(carapace): >&c693car:&cfff &c931r&cfff92/74 &c29flg&cfff&c29f:77&cfff [bridge-high] &c05fquad&cfff
(bps): >&cc93bps:&cfff 0/38 ng [rl] 
(carapace): >&c693car:&cfff took &cff0ya&cfff [ya-box]
(carapace): >&c693car:&cfff &c991y&cfff150/74 &c29flg&cfff&c29f:77&cfff [window] &c05fquad&cfff
(rst): >&c777rst:&cfff &c931r&cfff200/200 ng [bridge-low] 
(ganon): >&c479gan:&cfff &c0b0safe&cfff [sng-tele]
(ganon): >&c479gan:&cfff &c0b0safe&cfff [sng-tele]
(ganon): >&c479gan:&cfff &c0b0safe&cfff [sng-tele]
(bps): >&cc93bps:&cfff &cb1akill me&cfff [bridge-low] &cf31rl&cfff:5
(bps): >&cc93bps:&cfff &cb1akill me&cfff [bridge-low] &cf31rl&cfff:5
(bps): >&cc93bps:&cfff &cb1akill me&cfff [bridge-low] &cf31rl&cfff:5
Quad Damage is wearing off
(rst): >&c777rst:&cfff &c931r&cfff65/161 &cf31rl&cfff&cf31:8&cfff [ya] 
(bps): >&cc93bps:&cfff 0/100 [ya-box] 
(carapace): >&c693car:&cfff &c991y&cfff115/93 &c29flg&cfff&c29f:53&cfff [sng-lifts] 
[8] minutes remaining
Team [-s-] leads by 80 frags
(rst): >&c777rst:&cfff &cf00lost&cfff [ya] 3
(rst): >&c777rst:&cfff &cf00lost&cfff [ya] 3
(rst): >&c777rst:&cfff &cf00lost&cfff [ya] 3
(rst): >&c777rst:&cfff &cf00lost&cfff [ya] 3
(bps): >&cc93bps:&cfff &cff0help&cfff [rl]
(bps): >&cc93bps:&cfff &cff0help&cfff [rl]
(bps): >&cc93bps:&cfff &cff0help&cfff [rl]
(bps): >&cc93bps:&cfff &cff0help&cfff [rl]
(carapace): >&c693car:&cfff &c991y&cfff115/93 &c29flg&cfff&c29f:53&cfff [sng-mega] 
(bps): >&cc93bps:&cfff &cf00lost&cfff [rl] 3
(bps): >&cc93bps:&cfff &cf00enemy&cfff at [window]
(bps): >&cc93bps:&cfff 0/100 [ra-low] 
(bps): >&cc93bps:&cfff &ce00ra&cfff at [ra]
(bps): >&cc93bps:&cfff &ce00ra&cfff at [ra]
(carapace): >&c693car:&cfff &c0b0team&cfff &c05fquad&cfff
(carapace): >&c693car:&cfff &c0b0team&cfff &c05fquad&cfff
(rst): >&c777rst:&cfff &cf00lost&cfff [water-tunnel] 1
(rst): >&c777rst:&cfff &cf00lost&cfff [water-tunnel] 1
(rst): >&c777rst:&cfff &cf00lost&cfff [water-tunnel] 1
(rst): >&c777rst:&cfff &cf00lost&cfff [water-tunnel] 1
(rst): >&c777rst:&cfff &cf00lost&cfff [water-tunnel] 1
(carapace): >&c693car:&cfff &c991y&cfff115/93 &c29flg&cfff&c29f:65&cfff [hill] &c05fquad&cfff
(rst): >&c777rst:&cfff &cf00lost&cfff [water-tunnel] 1
(carapace): >&c693car:&cfff &c991y&cfff115/93 &c29flg&cfff&c29f:65&cfff [bridge-stairs] &c05fquad&cfff
(bps): >&cc93bps:&cfff took &ce00ra&cfff [ra]
(carapace): >&c693car:&cfff &cf2apack&cfff at [bridge-high]
(rst): >&c777rst:&cfff &cf00lost&cfff [rl] 2
(rst): >&c777rst:&cfff &cf00lost&cfff [rl] 2
(rst): >&c777rst:&cfff &cf00lost&cfff [rl] 2
(rst): >&c777rst:&cfff &cf00lost&cfff [rl] 2
(bps): >&cc93bps:&cfff &c931r&cfff196/94 [bridge-low] 
(carapace): >&c693car:&cfff &cf00lost&cfff [ya-entry] 2
(carapace): >&c693car:&cfff 0/100 [sng-tele] 
(bps): >&cc93bps:&cfff took &cf31rl&cfff [rl]
(bps): >&cc93bps:&cfff took &cf31rl&cfff [rl]
(bps): >&cc93bps:&cfff took &cf31rl&cfff [rl]
(razor): >&ccc6raz&cfff &cf2apack&cfff at [bridge-stairs]
(razor): >&ccc6raz&cfff &cf2apack&cfff at [bridge-stairs]
(reppie): >rep took &cf00ra&cfff [ra]
(reppie): >rep took &cf00ra&cfff [ra]
(reppie): >rep coming [ra-low]
(reppie): >rep coming [ra-low]
(reppie): >rep coming [ra-low]
(reppie): >rep coming [ra-low]
(razor): >&ccc6raz&cfff &cf00dropped&cfff &cf60rl&cfff [ya] 3
(razor): >&ccc6raz&cfff &cf00dropped&cfff &cf60rl&cfff [ya] 3
(razor): >&ccc6raz&cfff &cf00dropped&cfff &cf60rl&cfff [ya] 3
(reppie): >rep took &cf2apack&cfff [ya]
(reppie): >rep took &cf2apack&cfff [ya]
(reppie): >rep took &cf2apack&cfff [ya]
[7] minutes remaining
Team [-s-] leads by 76 frags
(blixem): >blx: &cf00lost&cfff [rl] 2
(blixem): >blx: coming [lifts]
(reppie): >rep &c931r&cfff128/45 &cf60rl&cfff&cf60:95&cfff [quad] 
(reppie): >rep &c931r&cfff128/45 &cf60rl&cfff&cf60:95&cfff [quad] 
(reppie): >rep &c931r&cfff128/45 &cf60rl&cfff&cf60:95&cfff [quad] 
(reppie): >rep &c931r&cfff128/45 &cf60rl&cfff&cf60:95&cfff [quad] 
(fix): >_ fix: quad lost 1
(fix): >_ fix: quad lost 1
(blixem): >blx: 0/95 [bridge-low]
(blixem): >blx: took &cffflg&cfff [water-lg]
bps: gg
(razor): >&ccc6raz&cfff &cf00lost&cfff [bridge-low] 1
(razor): >&ccc6raz&cfff &cf00lost&cfff [bridge-low] 1
(razor): >&ccc6raz&cfff &cf00lost&cfff [bridge-low] 1
(blixem): >blx: 0/95 [water-tunnel] &cffflg&cfff:15
(reppie): >rep &c991y&cfff135/61 &cf60rl&cfff&cf60:85&cfff [window-quad] 
(razor): >&ccc6raz&cfff &cf00lost&cfff [ya-box] 2
(razor): >&ccc6raz&cfff &cf00lost&cfff [ya-box] 2
(blixem): >blx: 0/95 [pent] &cffflg&cfff:15
(razor): >&ccc6raz&cfff &cf00lost&cfff [ya-box] 2
(fix): >_ fix: 0/72 [ra]
(fix): >_ fix: 0/72 [ra]
(fix): >_ fix: ra200/72 [bridge.high]
(fix): >_ fix: ra200/72 [water.rox]
(blixem): >blx: 0/78 [water-tunnel] &cfffrl&cfff:15
(reppie): >rep &c0b0safe&cfff [ra-low]
(reppie): >rep &c0b0safe&cfff [ra-entry]
(blixem): >blx: 0/78 [pent] &cfffrl&cfff:15
[6] minutes remaining
Team [-s-] leads by 71 frags
(fix): >_ fix: 0/11 ssg:25 [ya.box]
(blixem): >blx: took &c0a0mega&cfff [pent]
(razor): >&ccc6raz&cfff 0/55 &cf60lg&cfff&cf60:8&cfff [ya] 
(razor): >&ccc6raz&cfff 0/55 &cf60lg&cfff&cf60:8&cfff [ya] 
(blixem): >blx: 0/178 [lifts] &cfffrl&cfff:15
(reppie): >rep &cff0help&cfff [quad]
(blixem): >blx: coming [lifts]
(reppie): >rep &cff0help&cfff [quad]
(reppie): >rep &cff0help&cfff [quad]
(fix): >_ fix: bridge.low lost 3
(reppie): >rep &cff0help&cfff [quad]
(fix): >_ fix: bridge.low lost 3
(blixem): >blx: 0/167 [ra] &cfffrl&cfff:15
(reppie): >rep &c991y&cfff102/103 &cf60rl&cfff&cf60:80&cfff [quad] 
(reppie): >rep &c991y&cfff102/103 &cf60rl&cfff&cf60:80&cfff [quad] 
(reppie): >rep &c991y&cfff102/103 &cf60rl&cfff&cf60:80&cfff [quad] 
(blixem): >blx: &c0b0safe&cfff [ra] &cfffrl&cfff:15
(blixem): >blx: &c0b0safe&cfff [ra] &cfffrl&cfff:15
(blixem): >blx: took &cf50ra&cfff [ra]
(blixem): >blx: &c0b0safe&cfff [ra-low] &cfffrl&cfff:15
(razor): >&ccc6raz&cfff &cf00lost&cfff [ya] 1
(razor): >&ccc6raz&cfff &cf00lost&cfff [ya] 1
(razor): >&ccc6raz&cfff &cf00lost&cfff [ya] 1
(razor): >&ccc6raz&cfff &cf00lost&cfff [ya] 1
(reppie): >rep took &cf2apack&cfff [ya]
(fix): >fix: took lg > water.lg
(reppie): >rep took &cff0ya&cfff [ya-box]
(reppie): >rep coming [window]
(reppie): >rep coming [window]
(reppie): >rep coming [ra-tunnel]
(reppie): >rep coming [ra-tunnel]
(reppie): >rep coming [ra-tunnel]
(reppie): >rep coming [ra-tunnel]
(reppie): >rep coming [ra-tunnel]
Quad Damage is wearing off
(fix): >_ fix: &c0a0mega&cfff > hill
(fix): >_ fix: &c0a0mega&cfff > hill
(blixem): >blx: took &cf50ra&cfff [ra]
(reppie): >rep &c991y&cfff66/46 &cf60rl&cfff&cf60:83&cfff [ra] &c05fquad&cfff
(reppie): >rep &c991y&cfff66/46 &cf60rl&cfff&cf60:83&cfff [ring] 
(reppie): >rep &c991y&cfff66/46 &cf60rl&cfff&cf60:83&cfff [ring] 
(reppie): >rep &c991y&cfff66/46 &cf60rl&cfff&cf60:83&cfff [ring] 
[5] minutes remaining
Team [-s-] leads by 62 frags
(fix): >_ fix: rl lost 3
(fix): >_ fix: rl lost 3
(fix): >_ fix: &cf00ra&cfff > ra
(fix): >_ fix: &cf00ra&cfff > ra
(reppie): >rep &c991y&cfff51/77 &cf60rl&cfff&cf60:79&cfff [ring] &cff0ring&cfff
(reppie): >rep &c991y&cfff51/77 &cf60rl&cfff&cf60:79&cfff [ring] &cff0ring&cfff
(reppie): >rep &c991y&cfff51/77 &cf60rl&cfff&cf60:79&cfff [ring] &cff0ring&cfff
(reppie): >rep coming [ring]
(fix): >_ fix: coming f ra ra200
(fix): >_ fix: coming f ra ra200
(reppie): >rep took &c0ffmega&cfff [hill]
(reppie): >rep took &c0ffmega&cfff [hill]
(reppie): >rep &c991y&cfff51/177 &cf60rl&cfff&cf60:74&cfff [ra-tunnel] &cff0ring&cfff
(reppie): >rep &c991y&cfff51/177 &cf60rl&cfff&cf60:74&cfff [ra-tunnel] &cff0ring&cfff
(reppie): >rep &c991y&cfff51/177 &cf60rl&cfff&cf60:74&cfff [ra-tunnel] &cff0ring&cfff
(reppie): >rep &c991y&cfff51/177 &cf60rl&cfff&cf60:74&cfff [ra-tunnel] &cff0ring&cfff
(fix): >_ fix: ra84/75 [bridge.low]
Protection is almost burned out
(razor): >&ccc6raz&cfff &c991y&cfff75/52 &cf60rl&cfff&cf60:1&cfff [sng-lifts] &c05fquad&cfff
(blixem): >blx: &c0b0safe&cfff [ya-box] rlg:39
(razor): >&ccc6raz&cfff &c991y&cfff75/52 &cf60rl&cfff&cf60:1&cfff [sng-lifts] &c05fquad&cfff
(reppie): >rep took &cf00ra&cfff [ra]
(reppie): >rep took &cf00ra&cfff [ra]
(blixem): >blx: &c0b0safe&cfff [ya-box] rlg:39
(blixem): >blx: &c0b0safe&cfff [ya-box] rlg:39
(reppie): >rep &c0b0safe&cfff [sng-ledge]
(reppie): >rep &c0b0safe&cfff [sng-ledge]
(reppie): >rep &c0b0safe&cfff [sng-mega]
(reppie): >rep &c0b0safe&cfff [sng-mega]
(reppie): >rep &c931r&cfff196/141 &cf60rl&cfff&cf60:67&cfff [sng-tele] 
(reppie): >rep &c931r&cfff196/141 &cf60rl&cfff&cf60:67&cfff [sng-tele] 
(fix): >_ fix: ra25/100 {rl:4} [window]
(blixem): >blx: took &cff0ya&cfff [ya-box]
(fix): >_ fix: ra25/100 {rl:4} [ra]
(fix): >_ fix: ra25/100 {rl:4} [ra]
[4] minutes remaining
Team [-s-] leads by 41 frags
(reppie): >rep &c0b0safe&cfff [hill]
(fix): >_ fix: ra25/100 {rl:4} [ra]
(blixem): >blx: 0/59 [lifts] &cfffrl&cfff:24
(blixem): >blx: 0/59 [sng-lifts] &cfffrl&cfff:24
(fix): >_ fix: ra21/99 {rl:8} [ring]
(reppie): >rep &cf2apack&cfff at [hill]
(razor): >&ccc6raz&cfff &c0b0team&cfff &c05fquad&cfff
(razor): >&ccc6raz&cfff &c0b0team&cfff &c05fquad&cfff
(razor): >&ccc6raz&cfff &c0b0team&cfff &c05fquad&cfff
(razor): >&ccc6raz&cfff &c0b0team&cfff &c05fquad&cfff
(razor): >&ccc6raz&cfff &c0b0team&cfff &c05fquad&cfff
(razor): >&ccc6raz&cfff &c0b0team&cfff &c05fquad&cfff
(fix): >_ fix: ra21/99 {rl:6} [quad]
(blixem): >blx: took &c0a0mega&cfff [sng-mega]
(reppie): >rep &c931r&cfff139/99 &cf60rl&cfff&cf60:61&cfff [ring] 
(blixem): >blx: 0/199 [ring] &cfffrl&cfff:24
(fix): >_ fix: ra3/97 {rl:15} [sng.tele]
(reppie): >rep &c931r&cfff91/87 &cf60rl&cfff&cf60:58&cfff [window-quad] 
(reppie): >rep took &c0ffmega&cfff [hill]
(fix): >_ fix: 0/79 {rl:11} [ring]
(fix): >_ fix: 0/79 {rl:11} [ra.low]
(reppie): >rep coming [ra-tunnel]
(reppie): >rep coming [ra-tunnel]
(reppie): >rep &c931r&cfff71/182 &cf60rl&cfff&cf60:57&cfff [ra-tunnel] 
(razor): >&ccc6raz&cfff &c931r&cfff6/35 &cf60rl&cfff&cf60:3&cfff &cf60lg&cfff&cf60:12&cfff [ra-tunnel] &c05fquad&cfff
(razor): >&ccc6raz&cfff &c931r&cfff6/35 &cf60rl&cfff&cf60:3&cfff &cf60lg&cfff&cf60:12&cfff [ra-tunnel] &c05fquad&cfff
(razor): >&ccc6raz&cfff &c931r&cfff6/35 &cf60rl&cfff&cf60:3&cfff &cf60lg&cfff&cf60:12&cfff [ra-tunnel] &c05fquad&cfff
(reppie): >rep need armor [ra-low]
(reppie): >rep need armor [ra-entry]
Quad Damage is wearing off
(fix): >_ fix: 0/79 {rl:11} [ra]
(razor): >&ccc6raz&cfff &c931r&cfff6/35 &cf60rl&cfff&cf60:3&cfff &cf60lg&cfff&cf60:12&cfff [sng-mega] 
(razor): >&ccc6raz&cfff &c931r&cfff6/35 &cf60rl&cfff&cf60:3&cfff &cf60lg&cfff&cf60:12&cfff [sng-low] 
(razor): >&ccc6raz&cfff &c931r&cfff6/35 &cf60rl&cfff&cf60:3&cfff &cf60lg&cfff&cf60:12&cfff [sng-low] 
(blixem): >blx: &c0b0safe&cfff [lifts-below] &cfffrl&cfff:19
(reppie): >rep 0/9 &cf60rl&cfff&cf60:56&cfff [ya] 
(reppie): >rep 0/9 &cf60rl&cfff&cf60:56&cfff [ya] 
(reppie): >rep 0/9 &cf60rl&cfff&cf60:56&cfff [ya] 
(reppie): >rep took &cff0ya&cfff [ya-box]
(reppie): >rep &c991y&cfff150/34 &cf60rl&cfff&cf60:55&cfff [window] 
(reppie): >rep &c991y&cfff150/34 &cf60rl&cfff&cf60:55&cfff [window] 
[3] minutes remaining
Team [-s-] leads by 25 frags
(razor): >&ccc6raz&cfff &c0b0safe&cfff [sng-lifts]
(razor): >&ccc6raz&cfff &c0b0safe&cfff [sng-lifts]
(razor): >&ccc6raz&cfff &c0b0safe&cfff [sng-lifts]
(reppie): >rep need health [quad]
(reppie): >rep need health [quad]
(fix): >_ fix: ra104/55 {rl:6} [water]
(reppie): >rep &c991y&cfff120/16 &cf60rl&cfff&cf60:52&cfff [ring] 
(fix): >_ fix: enemy died [pent]
(fix): >_ fix: enemy died [pent]
(reppie): >rep &c991y&cfff120/81 &cf60rl&cfff&cf60:52&cfff [sng-low] 
(blixem): >blx: &c0b0safe&cfff [quad] &cfffrl&cfff:12
(blixem): >blx: &c0b0safe&cfff [quad] &cfffrl&cfff:12
(razor): >&ccc6raz&cfff &c0b0safe&cfff [ra]
(razor): >&ccc6raz&cfff &c0b0safe&cfff [ra]
(razor): >&ccc6raz&cfff &c0b0safe&cfff [ra]
(reppie): >rep &c0b0safe&cfff [sng-tele]
(reppie): >rep &c0b0safe&cfff [sng-tele]
no weapon
(rst): >&c777rst:&cfff &cf00lost&cfff [water-lg] 1
(rst): >&c777rst:&cfff &cf00lost&cfff [water-lg] 1
(rst): >&c777rst:&cfff &cf00lost&cfff [water-lg] 1
(carapace): >&c693car:&cfff 0/46 sg [pent] rox:3 
(rst): >&c777rst:&cfff &cf00lost&cfff [water-lg] 1
(carapace): >&c693car:&cfff &c0ffmega&cfff at [pent]
(carapace): >&c693car:&cfff &c0ffmega&cfff at [pent]
(carapace): >&c693car:&cfff &c0ffmega&cfff at [pent]
(carapace): >&c693car:&cfff 0/46 sg [pent] rox:3 
(rst): >&c777rst:&cfff &cf00lost&cfff [water-lg] 2
(bps): >&cc93bps:&cfff 0/100 [ra] 
(carapace): >&c693car:&cfff took gl [water-gl]
(carapace): >&c693car:&cfff 0/46 gl [hill] rox:8 
(bps): >&cc93bps:&cfff 0/100 [ra] 
(carapace): >&c693car:&cfff 0/46 gl [ra-tunnel] rox:8 
(carapace): >&c693car:&cfff coming [ra-tunnel] need armor health rl
(bps): >&cc93bps:&cfff took &ce00ra&cfff [ra]
(bps): >&cc93bps:&cfff took &ce00ra&cfff [ra]
(carapace): >&c693car:&cfff 0/46 gl [ra-low] rox:8 
(rst): >&c777rst:&cfff took &cf2apack&cfff [water]
(bps): >&cc93bps:&cfff carapace at [ra-low]
(carapace): >&c693car:&cfff 0/46 gl [ra-low] rox:8 
(bps): >&cc93bps:&cfff &c931r&cfff200/100 [ra] 
(carapace): >&c693car:&cfff &cb1akill me&cfff [ra] r:8
Quad Damage is wearing off
(bps): >&cc93bps:&cfff &c05fquaded&cfff ganon at [ra]
(rst): >&c777rst:&cfff &cf00lost&cfff [hill] 3
(rst): >&c777rst:&cfff &cf00lost&cfff [hill] 3
(carapace): >&c693car:&cfff 0/100 sng [ra-low] rox:25 c:29 
[2] minutes remaining
Team [-s-] leads by 21 frags
(bps): >&cc93bps:&cfff 0/100 [lifts-below] 
(carapace): >&c693car:&cfff &cf00lost&cfff [ra-low] 2
(rst): >&c777rst:&cfff &cf00lost&cfff [ra-low] 2
(rst): >&c777rst:&cfff &cf00lost&cfff [ra-low] 2
(rst): >&c777rst:&cfff &cf00lost&cfff [ra-low] 2
(rst): >&c777rst:&cfff &cf00lost&cfff [ra-low] 2
(bps): >&cc93bps:&cfff 0/100 [sng] 
(razor): >&ccc6raz&cfff &c0b0safe&cfff [ya]
(reppie): >rep &c991y&cfff44/62 &cf60rl&cfff&cf60:33&cfff [sng-lifts] 
(blixem): >blx: 0/100 [ya] &c0ffrlg&cfff:5
(reppie): >rep &c991y&cfff44/62 &cf60rl&cfff&cf60:33&cfff [sng-ledge] 
(blixem): >blx: took &cff0ya&cfff [ya-box]
(razor): >&ccc6raz&cfff &cf2apack&cfff at [quad]
(reppie): >rep took &c0ffmega&cfff [sng-mega]
(reppie): >rep took &c0ffmega&cfff [sng-mega]
no weapon
no weapon
no weapon
no weapon
no weapon
no weapon
no weapon
(blixem): >blx: &c0b0team&cfff &c05fquad&cfff - NEED rox
no weapon
(blixem): >blx: &cff0help&cfff [ra-tunnel] rlg:2
(reppie): >rep 0/86 &cf60rl&cfff&cf60:25&cfff [ra] 
(reppie): >rep 0/86 &cf60rl&cfff&cf60:25&cfff [ra] 
(reppie): >rep 0/86 &cf60rl&cfff&cf60:25&cfff [ra] 
(reppie): >rep 0/86 &cf60rl&cfff&cf60:25&cfff [ra] 
(reppie): >rep 0/86 &cf60rl&cfff&cf60:25&cfff [ra] 
(blixem): >blx: &c05fq&cfff ya18/108 [ra-tunnel] &c0ffrlg&cfff:2
(reppie): >rep &c0b0safe&cfff [ra]
(reppie): >rep &c0b0safe&cfff [ra]
(reppie): >rep &c0b0safe&cfff [ra]
(reppie): >rep &c0b0safe&cfff [ra]
(blixem): >blx: &c05fq&cfff ya18/104 [ra-low] &c0ffrlg&cfff:2
(reppie): >rep 0/86 &cf60rl&cfff&cf60:23&cfff [ra] 
(reppie): >rep 0/86 &cf60rl&cfff&cf60:23&cfff [ra] 
(reppie): >rep 0/86 &cf60rl&cfff&cf60:23&cfff [ra] 
(razor): >&ccc6raz&cfff &cf00lost&cfff [sng-tele] 2
(razor): >&ccc6raz&cfff &cf00lost&cfff [sng-tele] 2
(razor): >&ccc6raz&cfff &cf00lost&cfff [sng-tele] 2
(blixem): >blx: took &cf50ra&cfff [ra]
(fix): >_ fix: ya safe rl:4 
(fix): >_ fix: ya safe rl:4 
(fix): >_ fix: ya safe rl:4 
(fix): >_ fix: ya safe rl:9 
(fix): >_ fix: ya safe rl:9 
(fix): >_ fix: ya safe rl:9 
(blixem): >blx: &c05fq&cfff ra8/52 [ra-low] &cfffrl&cfff:1
Quad Damage is wearing off
[1] minute remaining
Team [-s-] leads by 13 frags
(reppie): >rep took &cf00ra&cfff [ra]
(reppie): >rep took &cf00ra&cfff [ra]
(blixem): >blx: took &c0a0mega&cfff [sng-mega]
(blixem): >blx: 0/187 [sng-low] &cfffrl&cfff:11
(razor): >&ccc6raz&cfff 0/100 ssg [ya-box] r:5 
(razor): >&ccc6raz&cfff 0/100 ssg [ya-box] r:5 
(razor): >&ccc6raz&cfff 0/100 ssg [ya-box] r:5 
(blixem): >blx: took &cf50ra&cfff [ra]
(reppie): >rep &c0b0safe&cfff [bridge-high]
(reppie): >rep &c0b0safe&cfff [ya-entry]
(reppie): >rep &c0b0safe&cfff [ya-entry]
(reppie): >rep &c0b0safe&cfff [ya-entry]
(reppie): >rep &c0b0safe&cfff [ya-entry]
[30] seconds
(razor): >&ccc6raz&cfff &c0b0safe&cfff [bridge-low]
(razor): >&ccc6raz&cfff &c0b0safe&cfff [bridge-low]
(razor): >&ccc6raz&cfff &c0b0safe&cfff [bridge-low]
(blixem): >blx: &c0b0safe&cfff [sng-tele] rlg:8
(blixem): >blx: &c0b0safe&cfff [sng-tele] rlg:8
(blixem): >blx: &c0b0safe&cfff [sng-tele] rlg:8
(blixem): >blx: &c0b0safe&cfff [sng-tele] rlg:8
(blixem): >blx: &c0b0safe&cfff [sng-tele] rlg:8
(reppie): >rep &c931r&cfff19/81 &cf60rl&cfff&cf60:8&cfff [lifts] 
(reppie): >rep &c931r&cfff19/81 &cf60rl&cfff&cf60:8&cfff [lifts] 
(reppie): >rep &c931r&cfff19/81 &cf60rl&cfff&cf60:8&cfff [lifts] 
(reppie): >rep &c931r&cfff19/81 &cf60rl&cfff&cf60:8&cfff [lifts] 
[15] seconds
(blixem): >blx: &c0b0safe&cfff [sng-tele] rlg:7
[10] seconds
(blixem): >blx: &c0b0safe&cfff [sng-tele] rlg:7
(blixem): >blx: &c0b0safe&cfff [sng-tele] rlg:7
[9] seconds
Quad Damage is wearing off
[8] seconds
[7] seconds
[6] seconds
[5] seconds
[4] seconds
[3] seconds
[2] seconds
[1] second
The match is over
trigger "onmatchover" has no matching alias

____________________
:
___________________Frags (rank) friendkills . efficiency
Team [-s-]:
__________
_ ganon:
  41 (-9) 0 45.1%
Wp: lg31.2% (15/48) rl53.5% gl20.0% sg50.0% ssg50.5%
RL skill: ad:89.0 dh:15
Armr&mhs: ga:0 ya:5 ra:6 mh:6
Powerups: Q:1 P:0 R:0
      RL: Took:8 Killed:4 Dropped:3 Xfer:2
  Damage: Tkn:7162 Gvn:7073 EWep:2425 Tm:303 Self:549 ToDie:143
    Time: Quad:30
 Streaks: Frags:9 QuadRun:3
  SpawnFrags: 3
__________
_ bps:
  42 (-6) 4 46.7%
Wp: lg37.5% (21/56) rl47.7% gl20.0% sg38.3% ssg58.2%
RL skill: ad:102.2 dh:8
Armr&mhs: ga:0 ya:5 ra:11 mh:7
Powerups: Q:5 P:0 R:1
      RL: Took:7 Killed:3 Dropped:4 Xfer:2
  Damage: Tkn:7817 Gvn:7781 EWep:2754 Tm:326 Self:209 ToDie:162
    Time: Quad:150
 Streaks: Frags:18 QuadRun:4
  SpawnFrags: 6
__________
_ carapace:
  70 (30) 1 63.6%
Wp: lg38.3% (87/227) rl47.4% sg47.7% ssg41.5%
RL skill: ad:77.5 dh:8
Armr&mhs: ga:0 ya:5 ra:4 mh:10
Powerups: Q:5 P:1 R:0
      RL: Took:5 Killed:8 Dropped:3 Xfer:1
  Damage: Tkn:6240 Gvn:9016 EWep:2337 Tm:103 Self:161 ToDie:156
    Time: Quad:136
 Streaks: Frags:35 QuadRun:9
  SpawnFrags: 6
__________
_ rst:
  32 (-51) 2 27.8%
Wp: lg36.0% (9/25) rl50.0% sg47.2% ssg17.9%
RL skill: ad:81.0 dh:7
Armr&mhs: ga:0 ya:5 ra:3 mh:6
Powerups: Q:0 P:1 R:0
      RL: Took:7 Killed:5 Dropped:1 Xfer:1
  Damage: Tkn:9138 Gvn:6767 EWep:1996 Tm:88 Self:417 ToDie:110
    Time: Quad:0
 Streaks: Frags:5 QuadRun:0
  SpawnFrags: 2

Team [[fs]]:
__________
_ reppie:
  59 (11) 4 55.1%
Wp: lg36.8% (21/57) rl49.6% gl18.2% sg44.7% ssg37.9%
RL skill: ad:99.2 dh:17
Armr&mhs: ga:0 ya:10 ra:4 mh:7
Powerups: Q:1 P:0 R:1
      RL: Took:5 Killed:7 Dropped:3
  Damage: Tkn:6614 Gvn:8249 EWep:2095 Tm:286 Self:638 ToDie:137
    Time: Quad:30
 Streaks: Frags:39 QuadRun:5
  SpawnFrags: 8
__________
_ fix:
  36 (-19) 3 39.6%
Wp: lg43.1% (22/51) rl43.5% gl28.6% sg39.2% ssg49.8%
RL skill: ad:81.9 dh:5
Armr&mhs: ga:0 ya:9 ra:5 mh:8
Powerups: Q:3 P:0 R:1
      RL: Took:8 Killed:5 Dropped:2 Xfer:1
  Damage: Tkn:7432 Gvn:7231 EWep:2473 Tm:280 Self:703 ToDie:135
    Time: Quad:36
 Streaks: Frags:8 QuadRun:2
  SpawnFrags: 3
__________
_ blixem:
  48 (-3) 0 48.5%
Wp: lg28.6% (20/70) rl56.6% sg33.9% ssg38.4%
RL skill: ad:95.1 dh:18
Armr&mhs: ga:0 ya:3 ra:12 mh:13
Powerups: Q:2 P:1 R:0
      RL: Took:6 Killed:6 Dropped:3 Xfer:1
  Damage: Tkn:7784 Gvn:7188 EWep:2717 Tm:192 Self:550 ToDie:152
    Time: Quad:60
 Streaks: Frags:15 QuadRun:2
  SpawnFrags: 8
__________
_ razor:
  41 (-28) 4 37.3%
Wp: lg30.0% (15/50) rl44.5% sg45.8% ssg51.2%
RL skill: ad:107.2 dh:15
Armr&mhs: ga:0 ya:10 ra:3 mh:3
Powerups: Q:3 P:1 R:1
      RL: Took:13 Killed:4 Dropped:6 Xfer:4
  Damage: Tkn:8807 Gvn:7689 EWep:2781 Tm:898 Self:291 ToDie:127
    Time: Quad:90
 Streaks: Frags:18 QuadRun:5
  SpawnFrags: 5

___________________[-s-] vs [[fs]] match statistics:
___________________
weapons, powerups, armors&mhs, damage
___________________[-s-]: Wp: lg37% rl38 gl2 sg46% ssg43%
Powerups: Q:11 P:2 R:1
Armr&mhs: ga:0 ya:20 ra:24 mh:29
      RL: Took:27 Killed:20 Dropped:11 Xfer:6
  Damage: Tkn:30357 Gvn:30637 EWep:9512 Tm:820
    Time: Quad:316
[[fs]]: Wp: lg34% rl55 gl3 sg41% ssg45%
Powerups: Q:9 P:2 R:3
Armr&mhs: ga:0 ya:32 ra:24 mh:31
      RL: Took:32 Killed:22 Dropped:14 Xfer:6
  Damage: Tkn:30637 Gvn:30357 EWep:10066 Tm:1656
    Time: Quad:216
___________________[dm3] top scorers:
______________________________________
      Frags: carapace [70]
     Deaths: rst [83]
Friendkills: bps [4]
             reppie [4]
             razor [4]
 Efficiency: carapace [63.6%]
 FragStreak: reppie [39]
    QuadRun: carapace [9]
  RL Killer: carapace [8]
Boomsticker: ganon [50.0%]
   Survivor: bps [162]
Annihilator: carapace [9016]

______________________________________

____________________
: Team scores
___________________[-s-]: 185 . 50.1%
[[fs]]: 184 . 49.9%
___________________carapace: ggs
bps: :>
ganon: :)
reppie: heheheh
bps: ggs
rst: ggs
razor: :)
]log 07
