]playdemo 07
Playing demo from 07.mvd


_____________________________________

_The Abandoned Base
rst is ready [-s-]
All players ready
Timer started
QiZmo: timer lag point disabled
Server starts recording (memory): 4on4_com_vs_-s-[dm3]220127-2210.mvd
bps: glhf
matchdate: 2022-01-27 22:10:23 EET
trigger "onmatchstart" has no matching alias
The match has begun!
(Xterm): > &cc22 xte&cfff took &c0cfrl&cfff [rl]
(Milton): > &c666 mil&cfff [lifts] 0/100 sg 
(Xterm): > &cc22 xte&cfff [rl] 0&ce84/&cfff&cc99100&cfff &c0cfrl&cfff:5
(Milton): > &c666 mil&cfff [lifts] 0/100 sg 
(nit): > &cc36 nit&cfff [ring] 0&ce84/&cfff&cc9992&cfff rox:5 &cff0ring&cfff
(rst): >&c777rst:&cfff &c0b0team&cfff &cf00pent&cfff
(rst): >&c777rst:&cfff &c0b0team&cfff &cf00pent&cfff
(bps): >&cc93bps:&cfff took &c29flg&cfff [water-lg]
(bps): >&cc93bps:&cfff took &c29flg&cfff [water-lg]
(carapace): >&c693car:&cfff &cf00lost&cfff [water] 1
(bps): >&cc93bps:&cfff 0/32 &c29flg&cfff&c29f:21&cfff [hill] 
(bps): >&cc93bps:&cfff 0/32 &c29flg&cfff&c29f:21&cfff [hill] 
(bps): >&cc93bps:&cfff 0/32 &c29flg&cfff&c29f:21&cfff [hill] 
(bps): >&cc93bps:&cfff 0/32 &c29flg&cfff&c29f:21&cfff [hill] 
(rst): >&c777rst:&cfff &c991y&cfff124/88 gl [water-gl] rox:5 &cf00pent&cfff
(carapace): >&c693car:&cfff 0/100 [bridge-low] 
(rst): >&c777rst:&cfff &c991y&cfff124/88 gl [ya] rox:5 &cf00pent&cfff
(carapace): >&c693car:&cfff 0/100 ssg [ya-box] 
(carapace): >&c693car:&cfff took &cff0ya&cfff [ya-box]
(bps): >&cc93bps:&cfff 0/100 [ya] 
(carapace): >&c693car:&cfff &c991y&cfff65/49 ssg [bridge-low] rox:5 
Protection is almost burned out
(rst): >&c777rst:&cfff took &cf31rl&cfff [rl]
(carapace): >&c693car:&cfff &cf00lost&cfff [water-lg] 1
(carapace): >&c693car:&cfff &cf00lost&cfff [water] 2
(bps): >&cc93bps:&cfff 0/100 [ra-tunnel] 
(ganon): >&c479gan:&cfff &cf00lost&cfff [ring] 1
(rst): >&c777rst:&cfff took &cff0ya&cfff [ya-box]
(carapace): >&c693car:&cfff 0/100 sg [bridge-low] rox:20 c:21 
(bps): >&cc93bps:&cfff 0/84 [ra-low] 
(rst): >&c777rst:&cfff &c0b0safe&cfff [ya-up]
(rst): >&c777rst:&cfff &c0b0safe&cfff [ya-up]
(carapace): >&c693car:&cfff 0/82 sg [bridge-high] rox:20 c:21 
(bps): >&cc93bps:&cfff carapace at [ya]
(rst): >&c777rst:&cfff &c991y&cfff39/26 &cf31rl&cfff&cf31:2&cfff [ya] 
(bps): >&cc93bps:&cfff &cf31rox&cfff at [ya]
(rst): >&c777rst:&cfff &c991y&cfff39/26 &cf31rl&cfff&cf31:7&cfff [ya] 
(bps): >&cc93bps:&cfff carapace at [rl]
(bps): >&cc93bps:&cfff ganon at [rl]
[19] minutes remaining
Team [com] leads by 10 frags
(carapace): >&c693car:&cfff took &cf31rl&cfff [rl]
(rst): >&c777rst:&cfff &c0b0safe&cfff [ya]
(rst): >&c777rst:&cfff &c0b0safe&cfff [ya]
(Diki): > &c6ffdik:&cfff [quad-ammo] &cf00r&cfff200/57 &c399lg&cfff:3 
(Diki): > &c6ffdik:&cfff [quad-ammo] &cf00r&cfff200/57 &c399lg&cfff:3 
(Xterm): > &cc22 xte&cfff &c3f0team&cfff &c06fquad&cfff
(nit): > &cf00 nit&cfff &cf00lost&cfff &cf00[water.lg]&cfff &cf001&cfff
(Milton): > &cf60 mil coming [bridge[low]]&cfff 
(Milton): > &c666 mil&cfff [bridge[low]] &cf660&cfff/121 &c399lg&cfff:15 
(Diki): > &c6ffdik:&cfff [ring] &cf00r&cfff200/57 &c399lg&cfff:3 
(Diki): > &c6ffdik:&cfff [ring] &cf00r&cfff200/57 &c399lg&cfff:3 
(Diki): > &c6ffdik:&cfff [ra-mid] &cf00r&cfff200/57 &c399lg&cfff:3 
(Xterm): > &cc22 xte&cfff [ya] 0&ce84/&cfff&cc9987&cfff &c0cfrl&cfff:10 &c06fquad&cfff
(Diki): > &c6ffdik:&cfff [ra-mid] &cf00r&cfff200/57 &c399lg&cfff:3 
(Milton): >&cf00  mil lost [ra[tunnel]] 1
(Milton): >&cf00  mil lost [ra[tunnel]] 1
(Milton): >&cf00  mil lost [ra[tunnel]] 1
(Milton): >&cf00  mil lost [ra[tunnel]] 1
(Diki): > &c6ffdik:&cfff __ &cf00ra&cfff at [ra-top]
(Diki): > &c6ffdik:&cfff __ &cf00ra&cfff at [ra-top]
(Diki): > &c6ffdik:&cfff __ &cf00ra&cfff at [ra-top]
(Xterm): > &cc22 xte&cfff [ya] 0&ce84/&cfff&cc9987&cfff &c0cfrl&cfff:9 &c06fquad&cfff
(Xterm): > &cc22 xte&cfff [ya] 0&ce84/&cfff&cc9987&cfff &c0cfrl&cfff:9 &c06fquad&cfff
(Diki): > &c6ffdik:&cfff [ra-mid] &cf00r&cfff112/&cf6635&cfff &c399lg&cfff:0 
(Diki): > &c6ffdik:&cfff [ra-high] &cf00r&cfff112/&cf6635&cfff &c399lg&cfff:0 
(Xterm): > &cc22 xte&cfff [ya] 0&ce84/&cfff&cc99100&cfff &c0cfrl&cfff:9 &c06fquad&cfff
(nit): > &cc36 nit&cfff [ra.low] 0&ce84/&cfff&cc9964&cfff
(Xterm): > &cc22 xte&cfff [ya] 0&ce84/&cfff&cc99100&cfff &c0cfrl&cfff:9 &c06fquad&cfff
(Milton): > &c666 mil&cfff [window] 0/100 sg 
(Xterm): > &cc22 xte&cfff [ya] 0&ce84/&cfff&cc99100&cfff &c0cfrl&cfff:9 &c06fquad&cfff
(nit): > &cf00 nit&cfff &cf00lost&cfff &cf00[ra]&cfff &cf002&cfff
(Milton): > &c666 mil&cfff [rl] 0/100 sg 
(nit): > &cc36 nit&cfff [ra.tunnel] 0&ce84/&cfff&cc99100&cfff
(Milton): > &c666 mil&cfff [rl] 0/100 sg 
(Milton): > &c666 mil&cfff [rl] 0/100 sg 
(Milton): > &c666 mil&cfff [rl] 0/100 sg 
(Milton): > &c666 mil&cfff [rl] 0/100 sg 
(Xterm): > &cc22 xte&cfff took &cff0ya&cfff [ya]
(Milton): > &c666 mil&cfff __ &cf00enemy&cfff at [rl]
Quad Damage is wearing off
(nit): > &cf00 nit&cfff &cf00lost&cfff &cf00[ra.low]&cfff &cf001&cfff
(Diki): >&cf00 dik lost [sng-spawn] 2
(Diki): >&cf00 dik lost [sng-spawn] 2
(Milton): > &c666 mil&cfff [window] &cf660&cfff/&cf664&cfff &cf60rl&cfff&cf66:4&cfff 
(nit): > &cc36 nit&cfff [water.lg] 0&ce84/&cfff&cc99100&cfff &c0cflg&cfff:15
(Milton): > &c666 mil&cfff [window] &cf660&cfff/&cf664&cfff &cf60rl&cfff&cf66:4&cfff 
(Diki): >&cf00 dik lost [ring] 1
(Diki): >&cf00 dik lost [ring] 1
(Milton): > &c666 mil&cfff [lifts] &cf660&cfff/&cf664&cfff &cf60rl&cfff&cf66:4&cfff 
(Milton): > &c666 mil&cfff [lifts] &cf660&cfff/&cf664&cfff &cf60rl&cfff&cf66:4&cfff 
(nit): > &cc36 nit&cfff [bridge.high] 0&ce84/&cfff&cc9976&cfff &c0cflg&cfff:15
(Xterm): > &c3f0 xte&cfff &c3f0safe&cfff &c3f0[ya]&cfff  &c0ffrl&cfff
(nit): > &cc36 nit&cfff [bridge.high] 0&ce84/&cfff&cc9972&cfff &c0cflg&cfff:15
(nit): > &cc36 nit&cfff [ya] 0&ce84/&cfff&cc9972&cfff &c0cflg&cfff:1
(nit): > &cc36 nit&cfff [ya] 0&ce84/&cfff&cc9987&cfff &c0cflg&cfff:1
(Milton): > &c666 mil&cfff [lifts] &cf660&cfff/&cf664&cfff &cf60rl&cfff&cf66:4&cfff 
(Milton): > &c666 mil&cfff [lifts] &cf660&cfff/&cf664&cfff &cf60rl&cfff&cf66:4&cfff 
(Milton): > &c666 mil&cfff [lifts] &cf660&cfff/&cf664&cfff &cf60rl&cfff&cf66:4&cfff 
(Milton): > &c666 mil&cfff [lifts] &cf660&cfff/&cf664&cfff &cf60rl&cfff&cf66:4&cfff 
(Diki): > &c6ffdik:&cfff [low-bridge] 0/40 sg 
(Diki): > &c6ffdik:&cfff [low-bridge] 0/40 sg 
(nit): > &cc36 nit&cfff [ya.box] 0&ce84/&cfff&cc9987&cfff &c0cfrl&cfff:13 &c0fflg&cfff:18
(Milton): > &c666 mil&cfff [lifts] &cf660&cfff/&cf664&cfff &cf60rl&cfff&cf66:4&cfff 
(Milton): > &c666 mil&cfff [lifts] &cf660&cfff/&cf664&cfff &cf60rl&cfff&cf66:4&cfff 
(Xterm): > &cc22 xte&cfff [ra-ring] 0&ce84/&cfff&cc9923&cfff &c0cfrl&cfff:12
(nit): > &cc36 nit&cfff [window] 150&cff0y&cfff&ce84/&cfff&cc9987&cfff &c0cfrl&cfff:13 &c0fflg&cfff:18
(Xterm): > &cf00 xte&cfff &cf00lost&cfff &cf00[ra]&cfff &cf002&cfff
(Milton): > &cf60 mil coming [lifts]&cfff 
(Milton): > &cf60 mil coming [lifts]&cfff 
(Xterm): > &cc22 xte&cfff [lifts] 0&ce84/&cfff&cc99100&cfff
(Milton): > &c666 mil&cfff [under lifts] &cf660&cfff/&cf664&cfff &cf60rl&cfff&cf66:4&cfff 
(Xterm): > &cc22 xte&cfff [ring] 0&ce84/&cfff&cc99100&cfff
(Diki): >&cf00 dik lost [water-ammo] 1
(Diki): >&cf00 dik lost [water-ammo] 1
(Milton): > &c666 mil&cfff [sng[under lifts]] &cf660&cfff/&cf6644&cfff &cf60rl&cfff&cf66:4&cfff 
(Milton): > &c666 mil&cfff [sng[up]] &cf660&cfff/&cf6644&cfff &cf60rl&cfff&cf66:4&cfff 
(Xterm): > &cf00 xte&cfff &cf00lost&cfff &cf00[ring]&cfff &cf001&cfff
(Milton): > &c666 mil&cfff [sng[up]] &cf660&cfff/&cf6644&cfff &cf60rl&cfff&cf66:4&cfff 
[18] minutes remaining
Team [com] leads by 13 frags
(Milton): > &c666 mil&cfff [sng[up]] &cf660&cfff/&cf6644&cfff &cf60rl&cfff 
(Milton): > &c666 mil&cfff [sng[up]] &cf660&cfff/&cf6644&cfff &cf60rl&cfff 
(Milton): > &c666 mil&cfff took &c0a0mega&cfff [sng[mega]]
(Milton): > &cf60 mil coming [sng[mega]]&cfff 
(Xterm): > &cf00 xte&cfff &cf00lost&cfff &cf00[ra-ring]&cfff &cf001&cfff
(Milton): > &c666 mil&cfff [sng[spawns]] &cf660&cfff/100 &cf60rl&cfff 
(Milton): > &c666 mil&cfff took rox [ring]
(Diki): > &c6ffdik:&cfff took &c399lg&cfff [water-lg]
(Diki): > &c6ffdik:&cfff took &c399lg&cfff [water-lg]
(Milton): > &c666 mil&cfff [quad] &cf660&cfff/100 &cf60rl&cfff 
(Xterm): > &cf00 xte&cfff &cf00lost&cfff &cf00[ra]&cfff &cf002&cfff
(Diki): > &c6ffdik:&cfff [water-tunnel] &cf660&cfff/&cf6628&cfff &c399lg&cfff:21 
(Diki): > &c6ffdik:&cfff [water-tunnel] &cf660&cfff/&cf6628&cfff &c399lg&cfff:21 
(Milton): >&c0f0  mil safe [ya[up]]&cfff &cf60rl&cfff 
(Milton): >&c0f0  mil safe [ya[up]]&cfff &cf60rl&cfff 
(nit): > &cc36 nit&cfff [hill] 52&cff0y&cfff&ce84/&cfff&cc99127&cfff &c0cfrl&cfff:3 &c0fflg&cfff:1 &c06fquad&cfff
(Diki): > &c6ffdik:&cfff [pent-water] &cf660&cfff/&cf6628&cfff &c399lg&cfff:21 
(Diki): > &c6ffdik:&cfff [pent-water] &cf660&cfff/&cf6628&cfff &c399lg&cfff:21 
(Xterm): > &cc22 xte&cfff [ra-rox] 0&ce84/&cfff&cc99100&cfff
(Milton): > &c666 mil&cfff took &cff0ya&cfff [ya[box]]
(Xterm): > &cf00 xte&cfff &cf00lost&cfff &cf00[ra-rox]&cfff &cf002&cfff
(nit): > &cc36 nit&cfff [bridge.low] 44&cff0y&cfff&ce84/&cfff&cc99119&cfff &c0cfrl&cfff:3 &c0fflg&cfff:1 &c06fquad&cfff
(nit): > &cc36 nit&cfff [bridge.stairs] 44&cff0y&cfff&ce84/&cfff&cc99119&cfff &c0cfrl&cfff:3 &c0fflg&cfff:1 &c06fquad&cfff
(Diki): > &c6ffdik:&cfff took &c0a0mega&cfff [pent-mega]
(Diki): > &c6ffdik:&cfff took &c0a0mega&cfff [pent-mega]
(Xterm): > &cf00 xte&cfff &cf00lost&cfff &cf00[ra-tunnel]&cfff &cf003&cfff
(Xterm): > &cc22 xte&cfff [rl] 0&ce84/&cfff&cc99100&cfff
(nit): > &cc36 nit&cfff [ya] 44&cff0y&cfff&ce84/&cfff&cc99115&cfff &c0cfrl&cfff:3 &c0fflg&cfff:1 &c06fquad&cfff
(Milton): > &c666 mil&cfff [quad] y150/100 &cf60rl&cfff 
(Diki): > &c6ffdik:&cfff coming [lifts] 
(Diki): > &c6ffdik:&cfff coming [lifts] 
(Xterm): > &cc22 xte&cfff [rl] 0&ce84/&cfff&cc99100&cfff
(Milton): > &c666 mil&cfff [quad] y150/100 &cf60rl&cfff 
(nit): > &cc36 nit&cfff [ya.box] 44&cff0y&cfff&ce84/&cfff&cc99113&cfff &c0cfrl&cfff:3 &c0fflg&cfff:1 &c06fquad&cfff
(Xterm): > &cc22 xte&cfff [rl] 0&ce84/&cfff&cc99100&cfff
(Diki): > &c6ffdik:&cfff [lifts] &cf660&cfff/126 &c399lg&cfff:21 
(Diki): > &c6ffdik:&cfff [lifts] &cf660&cfff/126 &c399lg&cfff:21 
(Xterm): > &cc22 xte&cfff [rl] 0&ce84/&cfff&cc99100&cfff
(Xterm): > &cc22 xte&cfff [rl] 0&ce84/&cfff&cc99100&cfff
(Milton): > &c666 mil&cfff [ra[tunnel]] y&cf6627&cfff/&cf6621&cfff &cf60rl&cfff 
(nit): > &cc36 nit&cfff [ra.tunnel] 0&ce84/&cfff&cc9930&cfff &c0cfrl&cfff:3 &c0fflg&cfff:0 &c06fquad&cfff
(Milton): >&cf39  mil pack left at [ra[tunnel]] 1
(Xterm): > &cc22 xte&cfff [rl] 0&ce84/&cfff&cc99100&cfff
Quad Damage is wearing off
(Milton): > &cf60 mil coming [ring]&cfff 
(Xterm): > &cc22 xte&cfff took &c0cfrl&cfff [rl]
(Milton): > &c666 mil&cfff [ring] 0/76 sg 
(Xterm): > &cc22 xte&cfff took &c0cfrl&cfff [rl]
(Diki): >&cf39 dik lg-pack left at [ra-low] 1
(Diki): >&cf39 dik lg-pack left at [ra-low] 1
(Diki): >&cf39 dik lg-pack left at [ra-low] 1
(Milton): > &c666 mil&cfff [mega yard] 0/47 sg 
(Xterm): > &cc22 xte&cfff [bridge-high] 0&ce84/&cfff&cc99100&cfff &c0cfrl&cfff:5
(nit): > &cf00 nit&cfff &cf00lost&cfff &cf00[hill]&cfff &cf002&cfff &c0ffdropped&cfff &c0cflg&cfff
(nit): > &cf00 nit&cfff &cf00lost&cfff &cf00[hill]&cfff &cf002&cfff &c0ffdropped&cfff &c0cflg&cfff
(nit): > &cf00 nit&cfff &cf00lost&cfff &cf00[hill]&cfff &cf002&cfff &c0ffdropped&cfff &c0cflg&cfff
(nit): > &cf00 nit&cfff &cf00lost&cfff &cf00[hill]&cfff &cf002&cfff &c0ffdropped&cfff &c0cflg&cfff
(Milton): >&cf00  mil lost [water] 1
(Milton): >&cf00  mil lost [water] 1
(Milton): >&cf00  mil lost [water] 1
(Milton): >&cf00  mil lost [water] 1
(Xterm): > &c3f0 xte&cfff &c3f0safe&cfff &c3f0[ya]&cfff  &c0ffrl&cfff
(Xterm): > &cc22 xte&cfff [ya] 150&cff0y&cfff&ce84/&cfff&cc99100&cfff &c0cfrl&cfff:5
(Milton): > &c666 mil&cfff [mega yard] 0/100 sg 
(Diki): >&cf00 dik lost [sng-spawn] 2
(Diki): >&cf00 dik lost [sng-spawn] 2
(nit): > &cf00 nit&cfff &cf00lost&cfff &cf00[water.lg]&cfff &cf001&cfff
(Xterm): > &cc22 xte&cfff [ring] 150&cff0y&cfff&ce84/&cfff&cc99100&cfff &c0cfrl&cfff:5
(Xterm): > &c3f0 xte&cfff &c3f0safe&cfff &c3f0[ra]&cfff  &c0ffrl&cfff
(Milton): > &c666 mil&cfff [water] 0/100 sg c:15 
(Xterm): > &c3f0 xte&cfff &c3f0safe&cfff &c3f0[ra]&cfff  &c0ffrl&cfff
(Diki): > &c6ffdik:&cfff [low-bridge] 0/100 sg 
(Diki): > &c6ffdik:&cfff [rl-entrance] 0/100 sg 
(Milton): > &c666 mil&cfff [rl] 0/100 sg c:15 
(Milton): > &c666 mil&cfff [rl] 0/100 sg c:15 
(nit): > &cf00 nit&cfff &cf00lost&cfff &cf00[sng.tele]&cfff &cf002&cfff
(Milton): > &c666 mil&cfff [rl] 0/100 sg c:15 
(Milton): > &c666 mil&cfff [rl] 0/100 sg c:15 
(Milton): > &c666 mil&cfff [rl] 0/100 sg c:15 
(Milton): > &c666 mil&cfff [rl] 0/100 sg c:15 
(Diki): >&cf00 dik lost [ya-ssg] 1
(Diki): >&cf00 dik lost [ya-ssg] 1
(Xterm): > &cc22 xte&cfff [ra] 0&ce84/&cfff&cc993&cfff &c0cfrl&cfff:2
(Xterm): > &cf00 xte&cfff &cf00lost&cfff &cf00[ra]&cfff &cf002&cfff
[17] minutes remaining
Team [com] leads by 18 frags
(carapace): >&c693car:&cfff &c931r&cfff200/48 &c29flg&cfff&c29f:7&cfff [ra] 
(carapace): >&c693car:&cfff &c931r&cfff196/47 &c29flg&cfff&c29f:7&cfff [ra-rox] 
(Diki): >&cf00 dik lost [sng-spawn] 1
(nit): > &cc36 nit&cfff [ra.low] 0&ce84/&cfff&cc994&cfff rox:2
(Xterm): > &cc22 xte&cfff &c3f0team&cfff &c06fquad&cfff
(Milton): > &c666 mil&cfff [bridge[high]] &cf660&cfff/100 &cf60rl&cfff 
(nit): > &cc36 nit&cfff [quad] 0&ce84/&cfff&cc994&cfff rox:2
(Xterm): > &cc22 xte&cfff [quad] 0&ce84/&cfff&cc9948&cfff &c06fquad&cfff
(Xterm): > &cc22 xte&cfff [quad] 0&ce84/&cfff&cc9948&cfff &c06fquad&cfff
(Milton): >&c0f0  mil safe [ya[ssg]]&cfff &cf60rl&cfff 
(Diki): >&cf00 dik lost [center-bridge] 1
(Diki): >&cf00 dik lost [center-bridge] 1
(nit): > &cf00 nit&cfff &cf00lost&cfff &cf00[water.lg]&cfff &cf002&cfff
(Milton): > &c666 mil&cfff [ya[up]] &cf660&cfff/96 &cf60rl&cfff 
(Milton): > &c666 mil&cfff [ya[up]] &cf660&cfff/96 &cf60rl&cfff 
(Xterm): > &cc22 xte&cfff &cf3fu take&cfff &cf3f[ya]&cfff
(Xterm): > &cc22 xte&cfff &cf3fu take&cfff &cf3f[ya]&cfff
(nit): > &cc36 nit&cfff [ra.low] 0&ce84/&cfff&cc99100&cfff
(Milton): > &c666 mil&cfff [ya[box]] &cf660&cfff/100 &cf60rl&cfff 
(Milton): > &c666 mil&cfff [ya[box]] &cf660&cfff/100 &cf60rl&cfff 
(Diki): > &c6ffdik:&cfff [ra-top] 0/100 sg 
(Milton): > &c666 mil&cfff [ya[box]] &cf660&cfff/100 &cf60rl&cfff 
(Diki): > &c6ffdik:&cfff [ra-top] 0/100 sg 
(Milton): > &cf60 mil coming [window]&cfff 
(Milton): > &c666 mil&cfff [window] y150/100 &cf60rl&cfff 
(Milton): > &c666 mil&cfff [window] y150/100 &cf60rl&cfff 
(nit): > &cc36 nit&cfff [ra] 200&cf00r&cfff&ce84/&cfff&cc99100&cfff
(Xterm): > &cf00 xte&cfff &cf00lost&cfff &cf00[water]&cfff &cf001&cfff
(Milton): > &c666 mil&cfff [ring] y150/100 &cf60rl&cfff 
(Milton): > &c666 mil&cfff [ra[mid]] y121/82 &cf60rl&cfff 
(Diki): >&cf00 dik lost [ra-top] 1
(Diki): >&cf00 dik lost [ra-top] 1
(Xterm): > &cc22 xte&cfff [bridge-low] 0&ce84/&cfff&cc99100&cfff
(Xterm): > &cc22 xte&cfff &cf0fpack&cfff &ce84>&cfff [rl]
(Milton): > &c666 mil&cfff [ra[up]] y&cf6650&cfff/&cf6641&cfff &cf60rl&cfff&cf66:2&cfff 
(Milton): > &c666 mil&cfff [ra[up]] y&cf6650&cfff/&cf6641&cfff &cf60rl&cfff&cf66:2&cfff 
(Xterm): > &cc22 xte&cfff [rl] 0&ce84/&cfff&cc9920&cfff ssg:31
(nit): > &cc36 nit&cfff [rl] 95&cf00r&cfff&ce84/&cfff&cc9974&cfff cells:17
(Diki): > &c6ffdik:&cfff [rl] &cf660&cfff/100 &cf60rl&cfff 
(Diki): > &c6ffdik:&cfff [rl] &cf660&cfff/100 &cf60rl&cfff 
(Milton): >&c0f0  mil safe [ra[up]]&cfff &cf60rl&cfff&cf66:2&cfff 
(Milton): >&c0f0  mil safe [ra[up]]&cfff &cf60rl&cfff&cf66:2&cfff 
(Xterm): > &cc22 xte&cfff [rl] 0&ce84/&cfff&cc99100&cfff
(Milton): > &c666 mil&cfff [ra[up]] y&cf6650&cfff/&cf6641&cfff &cf60rl&cfff&cf66:1&cfff 
(Milton): > &c666 mil&cfff [ra[up]] y&cf6650&cfff/&cf6641&cfff &cf60rl&cfff&cf66:1&cfff 
(Milton): > &c666 mil&cfff [ra[up]] r200/&cf6641&cfff &cf60rl&cfff&cf66:1&cfff 
(Xterm): > &cc22 xte&cfff [rl] 0&ce84/&cfff&cc99100&cfff
(Milton): > &c666 mil&cfff [ra[mid]] r200/&cf6641&cfff &cf60rl&cfff&cf66:1&cfff 
(Diki): > &c6ffdik:&cfff [ya-ammo] &cf660&cfff/95 &cf60rl&cfff:&cf662&cfff 
(Diki): > &c6ffdik:&cfff [ya-ammo] &cf660&cfff/95 &cf60rl&cfff:&cf662&cfff 
(nit): > &cf00 nit&cfff &cf00lost&cfff &cf00[water.lg]&cfff &cf001&cfff
(Milton): > &c666 mil&cfff [ra[low]] r170/&cf6635&cfff &cf60rl&cfff 
(nit): > &cc36 nit&cfff [ya.box] 0&ce84/&cfff&cc99100&cfff
(Diki): > &c6ffdik:&cfff [ring] &cf660&cfff/95 &cf60rl&cfff 
(Diki): > &c6ffdik:&cfff [ra-entrance] &cf660&cfff/95 &cf60rl&cfff 
(Milton): > &c666 mil&cfff [ring] r&cf6643&cfff/&cf664&cfff &cf60rl&cfff &c399lg&cfff:25 
(Milton): > &c666 mil&cfff [under lifts] r&cf6643&cfff/&cf664&cfff &cf60rl&cfff &c399lg&cfff:25 
(Milton): > &c666 mil&cfff [sng[under lifts]] r&cf6643&cfff/&cf664&cfff &cf60rl&cfff &c399lg&cfff:25 
(Milton): > &c666 mil&cfff [sng[under lifts]] r&cf6643&cfff/&cf6644&cfff &cf60rl&cfff &c399lg&cfff:25 
(Xterm): > &cc22 xte&cfff [ya] 0&ce84/&cfff&cc99100&cfff cells:38
(nit): > &cc36 nit&cfff &cff0replace&cfff &cff0[ya.box]&cfff
(nit): > &cc36 nit&cfff &cf00enemy&cfff &ce84>&cfff [ya.box] 1
(Xterm): > &cc22 xte&cfff &cf00enemy&cfff &ce84>&cfff [ya] 1
(Milton): > &c666 mil&cfff [sng[up]] r&cf6643&cfff/&cf6644&cfff &cf60rl&cfff &c399lg&cfff:25 
(Diki): > &c6ffdik:&cfff [ra-high] &cf660&cfff/95 &cf60rl&cfff 
(nit): > &cf00 nit&cfff &cf00lost&cfff &cf00[ya.box]&cfff &cf001&cfff
(Milton): > &c666 mil&cfff [sng[up]] r&cf6643&cfff/&cf6644&cfff &cf60rl&cfff &c399lg&cfff:25 
(Milton): > &c666 mil&cfff [sng[up]] r&cf6643&cfff/&cf6644&cfff &cf60rl&cfff &c399lg&cfff:25 
[16] minutes remaining
Team [com] leads by 24 frags
(Xterm): > &cf00 xte&cfff &cf00lost&cfff &cf00[ya]&cfff &cf001&cfff
(Diki): > &c6ffdik:&cfff took &cf00ra&cfff [ra-top]
(Diki): > &c6ffdik:&cfff took &cf00ra&cfff [ra-top]
(Milton): > &c666 mil&cfff [sng[up]] r&cf6643&cfff/&cf6644&cfff &cf60rl&cfff &c399lg&cfff:25 
(Diki): > &c6ffdik:&cfff coming [ra-entrance] 
(rst): >&c777rst:&cfff 0/8 ssg [ya] rox:5 c:38 
(carapace): >&c693car:&cfff took &cf31rl&cfff [rl]
(carapace): >&c693car:&cfff 0/92 &cf31rl&cfff&cf31:5&cfff [rl] 
(rst): >&c777rst:&cfff you take [ya-box]
(rst): >&c777rst:&cfff you take [ya-box]
(Xterm): > &cc22 xte&cfff [ring] 0&ce84/&cfff&cc99100&cfff
(Milton): > &c666 mil&cfff [ring] &cf660&cfff/114 &cf60rl&cfff &c399lg&cfff:24 
(Diki): >&cf00 dik lost [ya] 2
(Diki): >&cf00 dik lost [ya] 2
(Diki): >&cf00 dik lost [ya] 2
(Milton): > &c666 mil&cfff [ring] &cf660&cfff/113 &cf60rl&cfff &c399lg&cfff:24 
(nit): > &cc36 nit&cfff [bridge.low] 0&ce84/&cfff&cc99100&cfff &c0cflg&cfff:21
(Milton): > &c666 mil&cfff [ra[mid]] &cf660&cfff/54 &cf60rl&cfff &c399lg&cfff:24 
(Milton): >&c0f0  mil safe [ra[mid]]&cfff &cf60rl&cfff &c399lg&cfff:24 
(nit): > &cc36 nit&cfff [hill] 0&ce84/&cfff&cc9956&cfff &c0cflg&cfff:21
(nit): > &cc36 nit&cfff [ra.tunnel] 0&ce84/&cfff&cc9956&cfff &c0cflg&cfff:21
(Xterm): > &cc22 xte&cfff [water] 0&ce84/&cfff&cc99100&cfff
(nit): > &cc36 nit&cfff [ra.tunnel] 0&ce84/&cfff&cc9956&cfff &c0cflg&cfff:21
(Milton): > &c666 mil&cfff [ra[up]] &cf660&cfff/54 &cf60rl&cfff &c399lg&cfff:24 
(Xterm): > &cc22 xte&cfff [bridge-low] 0&ce84/&cfff&cc99100&cfff
(Milton): > &c666 mil&cfff [ra[up]] r200/54 &cf60rl&cfff &c399lg&cfff:24 
(nit): > &cf00 nit&cfff &cf00lost&cfff &cf00[ra.low]&cfff &cf001&cfff
(Xterm): > &cc22 xte&cfff [ya-bridge] 0&ce84/&cfff&cc99100&cfff cells:38
(Xterm): > &cc22 xte&cfff [ya] 0&ce84/&cfff&cc99100&cfff cells:38
(Diki): >&cf00 dik lost [rl-entrance] 2
(Diki): >&cf00 dik lost [rl-entrance] 2
(nit): > &cf00 nit&cfff &cf00lost&cfff &cf00[rl]&cfff &cf003&cfff
(Milton): > &c666 mil&cfff [ra[low]] r200/54 &cf60rl&cfff &c399lg&cfff:32 
(Xterm): > &cf00 xte&cfff &cf00lost&cfff &cf00[rl]&cfff &cf003&cfff
(Milton): >&c0f0  mil safe [ra[low]]&cfff &cf60rl&cfff &c399lg&cfff:32 
(Diki): > &c6ffdik:&cfff [ya-ssg] 0/100 ssg 
(Milton): > &c666 mil&cfff [quad] r200/54 &cf60rl&cfff &c399lg&cfff:32 
(Xterm): > &cc22 xte&cfff [ra] 0&ce84/&cfff&cc99100&cfff
(Xterm): > &cc22 xte&cfff [ra] 0&ce84/&cfff&cc99100&cfff
(Diki): > &c6ffdik:&cfff took &cff0ya&cfff [ya-box]
(Milton): > &c666 mil&cfff __ &cf00enemy&cfff at [bridge[high]]
(Milton): > &c666 mil&cfff __ &cf00enemy&cfff at [bridge[high]]
(Xterm): > &cc22 xte&cfff took &cf00ra&cfff [ra]
(nit): > &cc36 nit&cfff [ya.box] 0&ce84/&cfff&cc9973&cfff
(Xterm): > &cc22 xte&cfff took &cf00ra&cfff [ra]
(Xterm): > &cc22 xte&cfff [ra] 200&cf00r&cfff&ce84/&cfff&cc99100&cfff
(Milton): > &c666 mil&cfff [mega yard] r200/154 &cf60rl&cfff &c399lg&cfff:32 
(nit): > &cf00 nit&cfff &cf00lost&cfff &cf00[ya.box]&cfff &cf001&cfff
(nit): > &cf00 nit&cfff &cf00lost&cfff &cf00[ya.box]&cfff &cf001&cfff
(nit): > &cf00 nit&cfff &cf00lost&cfff &cf00[ya.box]&cfff &cf001&cfff
(nit): > &cf00 nit&cfff &cf00lost&cfff &cf00[ya.box]&cfff &cf001&cfff
(Milton): > &c666 mil&cfff [mega yard] r200/154 &cf60rl&cfff &c399lg&cfff:32 
(Xterm): > &cc22 xte&cfff [ra-tunnel] 200&cf00r&cfff&ce84/&cfff&cc99100&cfff
(Milton): > &c666 mil&cfff [window] r160/142 &cf60rl&cfff &c399lg&cfff:25 
(Xterm): > &cc22 xte&cfff [bridge-low] 140&cf00r&cfff&ce84/&cfff&cc9988&cfff
(Milton): > &c666 mil&cfff [window] r160/141 &cf60rl&cfff &c399lg&cfff:25 
(nit): > &cc36 nit&cfff [rl] 0&ce84/&cfff&cc9960&cfff
(Diki): > &c6ffdik:&cfff [water] &cf660&cfff/&cf668&cfff &c399LG&cfff:44 
(Diki): > &c6ffdik:&cfff [water] &cf660&cfff/&cf668&cfff &c399LG&cfff:44 
(Xterm): > &cc22 xte&cfff [rl] 130&cf00r&cfff&ce84/&cfff&cc9986&cfff
(Milton): > &c666 mil&cfff [water] r160/139 &cf60rl&cfff &c399lg&cfff:25 
(Diki): >&cf00 dik lost [center-bridge] 1
(Diki): >&cf00 dik lost [center-bridge] 1
(Milton): >&c0f0  mil safe [penta]&cfff &cf60rl&cfff &c399lg&cfff:25 
(Diki): > &c6ffdik:&cfff [lifts] 0/100 sg 
(Milton): > &c666 mil&cfff took &c0a0mega&cfff [mega yard]
(Diki): > &c6ffdik:&cfff [lifts] 0/100 sg 
(Xterm): > &cc22 xte&cfff [bridge-high] 85&cf00r&cfff&ce84/&cfff&cc9975&cfff
[15] minutes remaining
Team [com] leads by 37 frags
(Diki): > &c6ffdik:&cfff [lifts] 0/100 sg 
(Diki): > &c6ffdik:&cfff [lifts] 0/100 sg 
(Xterm): > &cc22 xte&cfff [pent-water] 81&cf00r&cfff&ce84/&cfff&cc9974&cfff
(Milton): > &c666 mil&cfff [window] r72/221 &cf60rl&cfff &c399lg&cfff:20 &cf00pent&cfff
(Xterm): > &cc22 xte&cfff [water-tunnel] 81&cf00r&cfff&ce84/&cfff&cc9974&cfff
(Diki): >&cf00 dik lost [lifts-below] 2
(Diki): >&cf00 dik lost [lifts-below] 2
(nit): > &cf00 nit&cfff &cf00lost&cfff &cf00[water.lg]&cfff &cf001&cfff
(nit): > &cf00 nit&cfff &cf00lost&cfff &cf00[water.lg]&cfff &cf001&cfff
(nit): > &cf00 nit&cfff &cf00lost&cfff &cf00[water.lg]&cfff &cf001&cfff
(Xterm): > &cc22 xte&cfff [water] 68&cf00r&cfff&ce84/&cfff&cc9971&cfff rox:5
(nit): > &cc36 nit&cfff rox &ce84>&cfff [water.rox]
(Xterm): > &cc22 xte&cfff [water] 68&cf00r&cfff&ce84/&cfff&cc9971&cfff cells:44
(nit): > &cc36 nit&cfff [water] 0&ce84/&cfff&cc9976&cfff
(nit): > &cc36 nit&cfff &c0cflg&cfff &ce84>&cfff [water.lg]
(Xterm): > &cc22 xte&cfff took &c0cflg&cfff [water]
(Xterm): > &cc22 xte&cfff [bridge-low] 68&cf00r&cfff&ce84/&cfff&cc9971&cfff &c0cflg&cfff:59
(nit): > &cc36 nit&cfff [rl] 0&ce84/&cfff&cc9976&cfff
(Diki): > &c6ffdik:&cfff [ra-top] 0/100 sg 
(Diki): > &c6ffdik:&cfff [ra-top] 0/100 sg 
(Milton): > &c666 mil&cfff [ra[up]] &cf660&cfff/191 &cf60rl&cfff &c399lg&cfff:20 &cf00pent&cfff
(Milton): > &c666 mil&cfff [ra[up]] &cf660&cfff/191 &cf60rl&cfff &c399lg&cfff:20 &cf00pent&cfff
(Xterm): > &cc22 xte&cfff [hill] 28&cf00r&cfff&ce84/&cfff&cc9963&cfff &c0cflg&cfff:44
(Xterm): > &cc22 xte&cfff coming [ra-tunnel]
(Xterm): > &cc22 xte&cfff coming [ra-tunnel]
(nit): > &cc36 nit&cfff [window] 0&ce84/&cfff&cc9976&cfff
(Milton): > &cf60 mil coming [ra[up]]&cfff &cf00pent&cfff
(Milton): > &cf60 mil coming [ra[up]]&cfff &cf00pent&cfff
(Xterm): > &cc22 xte&cfff [ra-tunnel] 28&cf00r&cfff&ce84/&cfff&cc9963&cfff &c0cflg&cfff:44
(Milton): > &c666 mil&cfff [quad] r200/180 &cf60rl&cfff &c399lg&cfff:20 &cf00pent&cfff
(nit): > &cf00 nit&cfff &cf00lost&cfff &cf00[bridge.low]&cfff &cf003&cfff
(nit): > &cf00 nit&cfff &cf00lost&cfff &cf00[bridge.low]&cfff &cf003&cfff
(nit): > &cf00 nit&cfff &cf00lost&cfff &cf00[bridge.low]&cfff &cf003&cfff
(nit): > &cf00 nit&cfff &cf00lost&cfff &cf00[bridge.low]&cfff &cf003&cfff
(nit): > &cf00 nit&cfff &cf00lost&cfff &cf00[bridge.low]&cfff &cf003&cfff
Protection is almost burned out
(nit): > &cc36 nit&cfff [ra.low] 0&ce84/&cfff&cc99100&cfff
(Xterm): > &cc22 xte&cfff [ra] 28&cf00r&cfff&ce84/&cfff&cc9988&cfff &c0cflg&cfff:44
(nit): > &cc36 nit&cfff &cff0replace&cfff &cff0[ra]&cfff
(Xterm): > &cc22 xte&cfff [ra] 28&cf00r&cfff&ce84/&cfff&cc9988&cfff &c0cflg&cfff:44
(Diki): >&cf00 dik lost [sng] 1
(Diki): >&cf00 dik lost [sng] 1
(Diki): > &c6ffdik:&cfff [ra-tunnel] 0/100 sg 
(nit): > &cc36 nit&cfff [ya.box] 0&ce84/&cfff&cc99100&cfff
(Xterm): > &cc22 xte&cfff [ra] 28&cf00r&cfff&ce84/&cfff&cc9988&cfff &c0cflg&cfff:44
(Milton): > &c666 mil&cfff [ya[low]] r&cf6641&cfff/132 &cf60rl&cfff &c399lg&cfff:20 
(Diki): > &c6ffdik:&cfff [ra-low] 0/100 sg 
(nit): > &cc36 nit&cfff [ya.box] 0&ce84/&cfff&cc99100&cfff
(Milton): > &c666 mil&cfff [ya[low]] r&cf6641&cfff/131 &cf60rl&cfff &c399lg&cfff:20 
(Diki): > &c6ffdik:&cfff [ra-low] 0/100 sg 
(Milton): > &c666 mil&cfff [ya[box]] r&cf6641&cfff/129 &cf60rl&cfff &c399lg&cfff:20 
(Milton): > &c666 mil&cfff [ya[box]] r&cf6641&cfff/129 &cf60rl&cfff &c399lg&cfff:20 
(Xterm): > &cc22 xte&cfff [ra] 28&cf00r&cfff&ce84/&cfff&cc9988&cfff &c0cflg&cfff:44
(Xterm): > &cc22 xte&cfff took &cf00ra&cfff [ra]
(Diki): >&cf00 dik lost [ring] 3
(Diki): >&cf00 dik lost [ring] 3
(Milton): > &c666 mil&cfff [window] y150/122 &cf60rl&cfff &c399lg&cfff:20 
(Xterm): > &cc22 xte&cfff [sng-tele] 200&cf00r&cfff&ce84/&cfff&cc9988&cfff &c0cflg&cfff:44
(Milton): > &c666 mil&cfff [window] y150/115 &cf60rl&cfff &c399lg&cfff:20 
(Milton): > &c666 mil&cfff [ring] y150/111 &cf60rl&cfff &c399lg&cfff:20 
(nit): > &cf00 nit&cfff &cf00lost&cfff &cf00[hill]&cfff &cf001&cfff
(Xterm): > &cc22 xte&cfff [ring] 200&cf00r&cfff&ce84/&cfff&cc99100&cfff &c0cflg&cfff:56
(Xterm): > &cc22 xte&cfff [ring] 200&cf00r&cfff&ce84/&cfff&cc99100&cfff &c0cflg&cfff:52
(Milton): > &c666 mil&cfff [ra[mid]] y150/100 &cf60rl&cfff &c399lg&cfff:25 
(Milton): > &c666 mil&cfff [ra[low]] y150/100 &cf60rl&cfff &c399lg&cfff:25 
(Xterm): > &c3f0 xte&cfff &c3f0safe&cfff &c3f0[ring]&cfff  &c0fflg&cfff
(Xterm): > &c3f0 xte&cfff &c3f0safe&cfff &c3f0[ring]&cfff  &c0fflg&cfff
(Diki): > &c6ffdik:&cfff [ya] 0/28 sg 
(Diki): > &c6ffdik:&cfff [ya] 0/28 sg 
[14] minutes remaining
Team [com] leads by 44 frags
(Xterm): > &cc22 xte&cfff [ring] 145&cf00r&cfff&ce84/&cfff&cc9987&cfff &c0cflg&cfff:39
(nit): > &cf00 nit&cfff &cf00lost&cfff &cf00[quad]&cfff &cf001&cfff
(Milton): > &c666 mil&cfff [quad] y132/88 &cf60rl&cfff &c399lg&cfff:21 
(Xterm): > &cc22 xte&cfff rox &ce84>&cfff [quad]
(Xterm): > &cc22 xte&cfff rox &ce84>&cfff [quad]
(Diki): > &c6ffdik:&cfff took &cff0ya&cfff [ya-box]
(Milton): > &c666 mil&cfff [quad] y132/88 &cf60rl&cfff &c399lg&cfff:21 
(Diki): > &c6ffdik:&cfff took &cff0ya&cfff [ya-box]
(Xterm): > &cc22 xte&cfff &cf3fu take&cfff &cf3f[quad]&cfff
(Xterm): > &cc22 xte&cfff &cf3fu take&cfff &cf3f[quad]&cfff
(Xterm): > &cc22 xte&cfff &c3f0team&cfff &c06fquad&cfff
(Xterm): > &cc22 xte&cfff &c3f0team&cfff &c06fquad&cfff
(Diki): > &c6ffdik:&cfff [water] &cff0y&cfff150/44 ssg 
(Diki): > &c6ffdik:&cfff [water-lg] &cff0y&cfff150/44 ssg 
(Milton): > &c666 mil&cfff [under lifts] y&cf6669&cfff/&cf6647&cfff &cf60rl&cfff &c399lg&cfff:18 
(Diki): > &c6ffdik:&cfff [water-lg] &cff0y&cfff150/44 ssg 
(Milton): > &c666 mil&cfff [sng[under lifts]] y&cf6669&cfff/&cf6647&cfff &cf60rl&cfff &c399lg&cfff:18 
(Xterm): > &cc22 xte&cfff [ya] 4&cf00r&cfff&ce84/&cfff&cc9952&cfff &c0cflg&cfff:26 &c06fquad&cfff
(nit): > &cc36 nit&cfff [bridge.stairs] 0&ce84/&cfff&cc9912&cfff
(Diki): > &c6ffdik:&cfff took &c399lg&cfff [water-lg]
(Diki): > &c6ffdik:&cfff took &c399lg&cfff [water-lg]
(Xterm): > &cc22 xte&cfff [ya] 4&cf00r&cfff&ce84/&cfff&cc9952&cfff &c0cflg&cfff:26 &c06fquad&cfff
(nit): > &cf00 nit&cfff &cf00lost&cfff &cf00[pent]&cfff &cf001&cfff
(Xterm): > &cc22 xte&cfff [ya] 4&cf00r&cfff&ce84/&cfff&cc9977&cfff &c0cflg&cfff:23 &c06fquad&cfff
(Diki): > &c6ffdik:&cfff [center] &cff0y&cfff87/&cf667&cfff &c399lg&cfff:4 
(Diki): > &c6ffdik:&cfff [center] &cff0y&cfff87/&cf667&cfff &c399lg&cfff:4 
(Diki): > &c6ffdik:&cfff coming [ra-tunnel] 
(Diki): > &c6ffdik:&cfff coming [ra-tunnel] 
(Diki): > &c6ffdik:&cfff [ra-tunnel] &cff0y&cfff87/&cf667&cfff &c399lg&cfff:4 
(Diki): > &c6ffdik:&cfff [ra-tunnel] &cff0y&cfff87/&cf667&cfff &c399lg&cfff:4 
(nit): > &cf00 nit&cfff &cf00lost&cfff &cf00[ra.low]&cfff &cf002&cfff
(nit): > &cf00 nit&cfff &cf00lost&cfff &cf00[ra.low]&cfff &cf002&cfff
(nit): > &cf00 nit&cfff &cf00lost&cfff &cf00[ra.low]&cfff &cf002&cfff
(nit): > &cf00 nit&cfff &cf00lost&cfff &cf00[ra.low]&cfff &cf002&cfff
(nit): > &cf00 nit&cfff &cf00lost&cfff &cf00[ra.low]&cfff &cf002&cfff
(nit): > &cf00 nit&cfff &cf00lost&cfff &cf00[ra.low]&cfff &cf002&cfff
(Xterm): > &cc22 xte&cfff [pent-water] 147&cff0y&cfff&ce84/&cfff&cc9975&cfff &c0cflg&cfff:15 &c06fquad&cfff
(Diki): > &c6ffdik:&cfff [ra-tunnel] &cff0y&cfff87/&cf667&cfff &c399lg&cfff:4 
(Xterm): > &cc22 xte&cfff [water-tunnel] 147&cff0y&cfff&ce84/&cfff&cc9975&cfff &c0cflg&cfff:15 &c06fquad&cfff
(Diki): > &c6ffdik:&cfff [ra-tunnel] &cff0y&cfff87/&cf667&cfff &c399lg&cfff:4 
(Xterm): > &cc22 xte&cfff [water] 147&cff0y&cfff&ce84/&cfff&cc9975&cfff &c0cflg&cfff:15 &c06fquad&cfff
Quad Damage is wearing off
(Diki): >&cf00 dik lost [ra-tunnel] 2
(Diki): >&cf00 dik lost [ra-tunnel] 2
(nit): > &cf00 nit&cfff &cf00lost&cfff &cf00[ra.low]&cfff &cf002&cfff
(Milton): > &c666 mil&cfff [sng[under lifts]] &cf660&cfff/64 &cf60rl&cfff &c399lg&cfff:&cf660&cfff 
(Xterm): > &cc22 xte&cfff [rl] 147&cff0y&cfff&ce84/&cfff&cc9975&cfff &c0cflg&cfff:13
(nit): > &cc36 nit&cfff [rl] 0&ce84/&cfff&cc99100&cfff &c0cfrl&cfff:5
(Milton): > &c666 mil&cfff [sng[up]] &cf660&cfff/64 &cf60rl&cfff &c399lg&cfff:&cf660&cfff 
(Diki): >&cf00 dik lost [ra-low] 3
(Diki): >&cf00 dik lost [ra-low] 3
(Milton): > &c666 mil&cfff [sng[up]] &cf660&cfff/64 &cf60rl&cfff &c399lg&cfff:&cf660&cfff 
(Xterm): > &cc22 xte&cfff [bridge-high] 147&cff0y&cfff&ce84/&cfff&cc9975&cfff &c0cflg&cfff:13
(nit): > &cc36 nit&cfff [bridge.stairs] 0&ce84/&cfff&cc99100&cfff &c0cfrl&cfff:5
(Diki): > &c6ffdik:&cfff [lifts] 0/100 sg 
(Diki): > &c6ffdik:&cfff [lifts] 0/100 sg 
(Milton): > &c666 mil&cfff took &c0a0mega&cfff [sng[mega]]
(Diki): > &c6ffdik:&cfff [pent-water] 0/95 sg 
(Xterm): > &cc22 xte&cfff &cff0ya&cfff &ce84>&cfff [ya]
(Diki): > &c6ffdik:&cfff [pent-water] 0/95 sg 
(Xterm): > &cc22 xte&cfff &cf3fu take&cfff &cf3f[ya]&cfff
(Milton): > &c666 mil&cfff [sng[up]] &cf660&cfff/164 &cf60rl&cfff &c399lg&cfff:12 
(nit): > &cc36 nit&cfff [ya.up] 150&cff0y&cfff&ce84/&cfff&cc9944&cfff &c0cfrl&cfff:9
(Diki): > &c6ffdik:&cfff took &c399lg&cfff [water-lg]
(Diki): > &c6ffdik:&cfff took &c399lg&cfff [water-lg]
(Xterm): > &c3f0 xte&cfff &c3f0safe&cfff &c3f0[bridge-high]&cfff  &c0fflg&cfff
(Milton): > &c666 mil&cfff [sng[spawns]] &cf660&cfff/160 &cf60rl&cfff &c399lg&cfff:12 
(Diki): > &c6ffdik:&cfff [rl-stair] &cf660&cfff/71 &c399lg&cfff:15 
(Diki): > &c6ffdik:&cfff [rl-stair] &cf660&cfff/71 &c399lg&cfff:15 
(Milton): > &c666 mil&cfff [sng[up]] &cf660&cfff/156 &cf60rl&cfff &c399lg&cfff:12 
(Diki): > &c6ffdik:&cfff [ya] &cf660&cfff/&cf6643&cfff &c399lg&cfff:9 
(Diki): > &c6ffdik:&cfff [ya] &cf660&cfff/&cf6643&cfff &c399lg&cfff:9 
(Milton): > &c666 mil&cfff [ring] &cf660&cfff/154 &cf60rl&cfff &c399lg&cfff:12 
(Xterm): > &cc22 xte&cfff [bridge-low] 136&cff0y&cfff&ce84/&cfff&cc9995&cfff &c0cflg&cfff:2
(Milton): >&c0f0  mil safe [under lifts]&cfff &cf60rl&cfff &c399lg&cfff:12 
(Diki): > &c6ffdik:&cfff [ya-box] &cf660&cfff/&cf6619&cfff &c399lg&cfff:1 
(Diki): > &c6ffdik:&cfff [ya-box] &cf660&cfff/&cf6619&cfff &c399lg&cfff:1 
[13] minutes remaining
Team [com] leads by 55 frags
(Xterm): > &cc22 xte&cfff [rl] 136&cff0y&cfff&ce84/&cfff&cc9995&cfff &c0cflg&cfff:2
(Xterm): > &cc22 xte&cfff [rl] 136&cff0y&cfff&ce84/&cfff&cc9995&cfff &c0cflg&cfff:2
(Xterm): > &c3f0 xte&cfff &c3f0safe&cfff &c3f0[rl]&cfff  &c0fflg&cfff
(Diki): > &c6ffdik:&cfff [ya-box] &cf660&cfff/&cf6619&cfff &c399lg&cfff:1 
(Xterm): > &cc22 xte&cfff [rl] 79&cff0y&cfff&ce84/&cfff&cc9960&cfff &c0cflg&cfff:0
(Milton): >&cf39  mil pack left at [sng[under lifts]] 1
(Milton): >&cf39  mil pack left at [sng[under lifts]] 1
(Milton): >&cf39  mil pack left at [sng[under lifts]] 1
(Milton): >&cf39  mil pack left at [sng[under lifts]] 1
(Milton): >&cf39  mil pack left at [sng[under lifts]] 1
(Milton): >&cf39  mil pack left at [sng[under lifts]] 1
(bps): >&cc93bps:&cfff &cf2apack&cfff at [sng-lifts]
(bps): >&cc93bps:&cfff &cf2apack&cfff at [sng-lifts]
(bps): >&cc93bps:&cfff &cf2apack&cfff at [sng-lifts]
(ganon): >&c479gan:&cfff &cf00lost&cfff [rl] 1
(ganon): >&c479gan:&cfff &cf00lost&cfff [rl] 1
(ganon): >&c479gan:&cfff &cf00lost&cfff [rl] 1
(carapace): >&c693car:&cfff 0/5 [hill] &c05fquad&cfff
(bps): >&cc93bps:&cfff &cf2apack&cfff at [sng-lifts]
(bps): >&cc93bps:&cfff &cf2apack&cfff at [sng-lifts]
(carapace): >&c693car:&cfff 0/5 [ra-tunnel] &c05fquad&cfff
(carapace): >&c693car:&cfff 0/30 [sng-tele] &c05fquad&cfff
(bps): >&cc93bps:&cfff &c931r&cfff62/99 &cf31rl&cfff&cf31:22&cfff [sng-low] 
(carapace): >&c693car:&cfff &cf00lost&cfff [ra-low] 1
(carapace): >&c693car:&cfff 0/100 [lifts] 
(rst): >&c777rst:&cfff you take [ra]
(bps): >&cc93bps:&cfff &c931r&cfff32/92 &cf31rl&cfff&cf31:21&cfff [sng-mega] 
(rst): >&c777rst:&cfff &cf00ra&cfff at [ra]
(rst): >&c777rst:&cfff &cf00ra&cfff at [ra]
(rst): >&c777rst:&cfff &cf00lost&cfff [ra] 1
(rst): >&c777rst:&cfff &cf00lost&cfff [ra] 1
(rst): >&c777rst:&cfff &cf00lost&cfff [ra] 1
(rst): >&c777rst:&cfff &cf00lost&cfff [ra] 1
(bps): >&cc93bps:&cfff &c931r&cfff32/192 &cf31rl&cfff&cf31:21&cfff [sng-mega] 
(bps): >&cc93bps:&cfff &c931r&cfff32/192 &cf31rl&cfff&cf31:21&cfff [sng-mega] 
(bps): >&cc93bps:&cfff &c931r&cfff32/192 &cf31rl&cfff&cf31:21&cfff [sng-tele] 
(carapace): >&c693car:&cfff 0/200 [hill] 
(bps): >&cc93bps:&cfff took &ce00ra&cfff [ra]
(rst): >&c777rst:&cfff &cf00lost&cfff [ya-up] 2
(bps): >&cc93bps:&cfff took &ce00ra&cfff [ra]
(rst): >&c777rst:&cfff &cf00lost&cfff [ya-up] 2
(rst): >&c777rst:&cfff &cf00lost&cfff [ya-up] 2
(rst): >&c777rst:&cfff &cf00lost&cfff [ya-up] 2
(carapace): >&c693car:&cfff 0/100 [sng-tele] 
(rst): >&c777rst:&cfff took &cf31rl&cfff [rl]
(carapace): >&c693car:&cfff 0/100 [ring] 
(carapace): >&c693car:&cfff took &cf2apack&cfff [ya]
(carapace): >&c693car:&cfff 0/100 &c29flg&cfff&c29f:5&cfff [ya-box] 
(ganon): >&c479gan:&cfff &cf00lost&cfff [bridge-high] 1
(ganon): >&c479gan:&cfff &cf00lost&cfff [bridge-high] 1
(ganon): >&c479gan:&cfff &cf00lost&cfff [bridge-high] 1
(carapace): >&c693car:&cfff &c991y&cfff150/100 &c29flg&cfff&c29f:5&cfff [ya-box] 
(rst): >&c777rst:&cfff 0/132 &cf31rl&cfff&cf31:8&cfff [ra-tunnel] 
(rst): >&c777rst:&cfff 0/132 &cf31rl&cfff&cf31:8&cfff [ra-tunnel] 
(carapace): >&c693car:&cfff &c991y&cfff150/100 &c29flg&cfff&c29f:17&cfff [sng-tele] 
(bps): >&cc93bps:&cfff &c931r&cfff90/101 &cf31rl&cfff&cf31:8&cfff [ra-low] 
[12] minutes remaining
Team [com] leads by 51 frags
(bps): >&cc93bps:&cfff &c931r&cfff90/101 &cf31rl&cfff&cf31:8&cfff [ra-low] 
(carapace): >&c693car:&cfff &c0b0safe&cfff [window]
(bps): >&cc93bps:&cfff &c931r&cfff18/84 &cf31rl&cfff&cf31:10&cfff [ra-low] 
(bps): >&cc93bps:&cfff &c0b0safe&cfff [ra]
(bps): >&cc93bps:&cfff &c0b0safe&cfff [ra]
(carapace): >&c693car:&cfff took &cf2apack&cfff [lifts-below]
(rst): >&c777rst:&cfff &cf00lost&cfff [ra-entry] 1
(rst): >&c777rst:&cfff &cf00lost&cfff [ra-entry] 1
(rst): >&c777rst:&cfff &cf00lost&cfff [ra-entry] 1
(rst): >&c777rst:&cfff &cf00lost&cfff [ra-entry] 1
(rst): >&c777rst:&cfff &cf00lost&cfff [ra-entry] 1
(bps): >&cc93bps:&cfff &c931r&cfff18/84 &cf31rl&cfff&cf31:8&cfff [ra] 
(carapace): >&c693car:&cfff &c991y&cfff129/86 &c29flg&cfff&c29f:18&cfff [hill] 
(carapace): >&c693car:&cfff &c991y&cfff129/86 &c29flg&cfff&c29f:18&cfff [hill] 
(rst): >&c777rst:&cfff 0/100 [water] 
(carapace): >&c693car:&cfff coming [ra-tunnel] need &cf31rl&cfff
(carapace): >&c693car:&cfff &c991y&cfff129/86 &c29flg&cfff&c29f:18&cfff [ra-tunnel] 
(rst): >&c777rst:&cfff took &c29flg&cfff [water-lg]
(carapace): >&c693car:&cfff &c0b0safe&cfff [ra]
(bps): >&cc93bps:&cfff &c931r&cfff121/92 &cf31rl&cfff&cf31:3&cfff [sng-ledge] 
(bps): >&cc93bps:&cfff &c931r&cfff121/92 &cf31rl&cfff&cf31:13&cfff [sng] 
(rst): >&c777rst:&cfff coming [pent] need armor/&cf31rl&cfff
(rst): >&c777rst:&cfff coming [pent] need armor/&cf31rl&cfff
(carapace): >&c693car:&cfff took &cf00ra&cfff [ra]
(bps): >&cc93bps:&cfff &c931r&cfff121/190 &cf31rl&cfff&cf31:13&cfff [ra-low] 
(carapace): >&c693car:&cfff &c931r&cfff200/52 &c29flg&cfff&c29f:14&cfff [sng-tele] 
(carapace): >&c693car:&cfff awaits [sng-tele]
(bps): >&cc93bps:&cfff &c931r&cfff33/156 &cf31rl&cfff&cf31:16&cfff [ra-low] 
(ganon): >&c479gan:&cfff &cf00lost&cfff [ya-box] 1
(ganon): >&c479gan:&cfff &cf00lost&cfff [ya-box] 1
(bps): >&cc93bps:&cfff rst at [ra]
(carapace): >&c693car:&cfff &c931r&cfff200/77 &c29flg&cfff&c29f:11&cfff [sng-tele] 
(rst): >&c777rst:&cfff &cf00ra&cfff at [ra]
(bps): >&cc93bps:&cfff 0/26 &cf31rl&cfff&cf31:13&cfff [ra] 
(bps): >&cc93bps:&cfff 0/26 &cf31rl&cfff&cf31:13&cfff [ra] 
(rst): >&c777rst:&cfff took &cf00ra&cfff [ra]
(bps): >&cc93bps:&cfff rst at [ra]
(carapace): >&c693car:&cfff &c931r&cfff200/77 &c29flg&cfff&c29f:11&cfff [sng-tele] 
[11] minutes remaining
Team [com] leads by 46 frags
(carapace): >&c693car:&cfff &c931r&cfff200/77 &c29flg&cfff&c29f:23&cfff [sng-tele] 
(bps): >&cc93bps:&cfff 0/26 &cf31rl&cfff&cf31:11&cfff [ra-low] 
(carapace): >&c693car:&cfff &cf00dropped&cfff &c29flg&cfff [quad] 2
(bps): >&cc93bps:&cfff 0/26 &cf31rl&cfff&cf31:11&cfff [ra] 
(Diki): >&cf39 dik lg-pack left at [quad] 2
(nit): > &c3f0 nit&cfff &c3f0safe&cfff &c3f0[ya.box]&cfff  &c0ffrl&cfff
(Diki): >&cf39 dik lg-pack left at [quad] 2
(carapace): >&c693car:&cfff &c0b0team&cfff &c05fquad&cfff
(carapace): >&c693car:&cfff &c0b0team&cfff &c05fquad&cfff
(carapace): >&c693car:&cfff 0/100 &c29flg&cfff&c29f:16&cfff [quad] &c05fquad&cfff
(carapace): >&c693car:&cfff 0/100 &c29flg&cfff&c29f:16&cfff [ra-entry] &c05fquad&cfff
(rst): >&c777rst:&cfff &cf00dropped&cfff &c29flg&cfff [bridge-low] 1
(rst): >&c777rst:&cfff &cf00dropped&cfff &c29flg&cfff [bridge-low] 1
(rst): >&c777rst:&cfff &cf00dropped&cfff &c29flg&cfff [bridge-low] 1
(rst): >&c777rst:&cfff &cf00dropped&cfff &c29flg&cfff [bridge-low] 1
(rst): >&c777rst:&cfff &cf00dropped&cfff &c29flg&cfff [bridge-low] 1
(bps): >&cc93bps:&cfff &cf2apack&cfff at [ra-low]
(rst): >&c777rst:&cfff 0/-10 [ya-box] 
(bps): >&cc93bps:&cfff 0/26 &cf31rl&cfff&cf31:10&cfff [ra] 
(carapace): >&c693car:&cfff &c931r&cfff196/99 &c29flg&cfff&c29f:20&cfff [ra-low] &c05fquad&cfff
(bps): >&cc93bps:&cfff 0/26 &cf31rl&cfff&cf31:10&cfff [ra] 
(rst): >&c777rst:&cfff 0/56 [ra-low] 
(bps): >&cc93bps:&cfff 0/26 &cf31rl&cfff&cf31:10&cfff [ra] 
(bps): >&cc93bps:&cfff 0/26 &cf31rl&cfff&cf31:10&cfff [ra] 
(ganon): >&c479gan:&cfff &cf00lost&cfff [bridge-low] 1
(ganon): >&c479gan:&cfff &cf00lost&cfff [bridge-low] 1
(ganon): >&c479gan:&cfff &cf00lost&cfff [bridge-low] 1
(bps): >&cc93bps:&cfff 0/26 &cf31rl&cfff&cf31:10&cfff [ra] 
Quad Damage is wearing off
(bps): >&cc93bps:&cfff took &ce00ra&cfff [ra]
(ganon): >&c479gan:&cfff &c0ffmega&cfff at [pent]
(carapace): >&c693car:&cfff 0/127 &c29flg&cfff&c29f:12&cfff [pent] 
(bps): >&cc93bps:&cfff &c931r&cfff200/91 &cf31rl&cfff&cf31:14&cfff [sng-low] 
(bps): >&cc93bps:&cfff &c931r&cfff200/91 &cf31rl&cfff&cf31:14&cfff [ring] 
(bps): >&cc93bps:&cfff &c0b0safe&cfff [window]
(bps): >&cc93bps:&cfff &c0b0safe&cfff [window]
(carapace): >&c693car:&cfff 0/120 &c29flg&cfff&c29f:12&cfff [pent] 
[10] minutes remaining
Team [com] leads by 47 frags
(rst): >&c777rst:&cfff 0/40 &cf31rl&cfff&cf31:13&cfff [pent] 
(carapace): >&c693car:&cfff 0/27 &c29flg&cfff&c29f:0&cfff [pent] &cf00pent&cfff
(bps): >&cc93bps:&cfff &c0b0team&cfff &cff0ring&cfff
(bps): >&cc93bps:&cfff &c0b0team&cfff &cff0ring&cfff
(bps): >&cc93bps:&cfff &c0b0team&cfff &cff0ring&cfff
(bps): >&cc93bps:&cfff &c0b0team&cfff &cff0ring&cfff
(ganon): >&c479gan:&cfff 0/4 [rl] 
(bps): >&cc93bps:&cfff &c0b0team&cfff &c05fquad&cfff  &cff0ring&cfff
(bps): >&cc93bps:&cfff &c0b0team&cfff &c05fquad&cfff  &cff0ring&cfff
(bps): >&cc93bps:&cfff &c0b0team&cfff &c05fquad&cfff  &cff0ring&cfff
(bps): >&cc93bps:&cfff &c0b0team&cfff &c05fquad&cfff  &cff0ring&cfff
(ganon): >&c479gan:&cfff &cf00lost&cfff [water] 1
(ganon): >&c479gan:&cfff &cf00lost&cfff [water] 1
(ganon): >&c479gan:&cfff &cf00lost&cfff [water] 1
(bps): >&cc93bps:&cfff 0/10 &cf31rl&cfff&cf31:15&cfff [quad] &c05fquad&cfff  &cff0ring&cfff
(bps): >&cc93bps:&cfff 0/10 &cf31rl&cfff&cf31:15&cfff [quad] &c05fquad&cfff  &cff0ring&cfff
(bps): >&cc93bps:&cfff 0/10 &cf31rl&cfff&cf31:15&cfff [ring] &c05fquad&cfff  &cff0ring&cfff
(bps): >&cc93bps:&cfff 0/10 &cf31rl&cfff&cf31:15&cfff [ring] &c05fquad&cfff  &cff0ring&cfff
(bps): >&cc93bps:&cfff 0/10 &cf31rl&cfff&cf31:15&cfff [ring] &c05fquad&cfff  &cff0ring&cfff
(carapace): >&c693car:&cfff 0/27 &cf31rl&cfff&cf31:48&cfff &c29flg&cfff&c29f:6&cfff [quad] &cf00pent&cfff
(bps): >&cc93bps:&cfff 0/50 &cf31rl&cfff&cf31:15&cfff [lifts-below] &c05fquad&cfff  &cff0ring&cfff
(ganon): >&c479gan:&cfff &cf00lost&cfff [sng-tele] 2
(ganon): >&c479gan:&cfff &cf00lost&cfff [sng-tele] 2
(ganon): >&c479gan:&cfff &cf00lost&cfff [sng-tele] 2
(bps): >&cc93bps:&cfff 0/150 &cf31rl&cfff&cf31:13&cfff [hill] &c05fquad&cfff  &cff0ring&cfff
(bps): >&cc93bps:&cfff 0/150 &cf31rl&cfff&cf31:13&cfff [hill] &c05fquad&cfff  &cff0ring&cfff
Protection is almost burned out
(bps): >&cc93bps:&cfff 0/149 &cf31rl&cfff&cf31:13&cfff [ra-tunnel] &c05fquad&cfff  &cff0ring&cfff
(bps): >&cc93bps:&cfff 0/148 &cf31rl&cfff&cf31:13&cfff [ra-tunnel] &c05fquad&cfff  &cff0ring&cfff
(rst): >&c777rst:&cfff took &cf2apack&cfff [rl]
(bps): >&cc93bps:&cfff 0/137 &cf31rl&cfff&cf31:12&cfff [ra-low] &c05fquad&cfff  &cff0ring&cfff
(rst): >&c777rst:&cfff &cf00lost&cfff [rl] 1
(rst): >&c777rst:&cfff &cf00lost&cfff [rl] 1
(rst): >&c777rst:&cfff &cf00lost&cfff [rl] 1
(rst): >&c777rst:&cfff &cf00lost&cfff [rl] 1
(rst): >&c777rst:&cfff &cf00lost&cfff [rl] 1
(carapace): >&c693car:&cfff &cf00enemy&cfff &c05fquad&cfff &cff0eyes&cfff at [ra-entry]
(bps): >&cc93bps:&cfff 0/97 &cf31rl&cfff&cf31:11&cfff [ra-low] &c05fquad&cfff
(carapace): >&c693car:&cfff 0/52 &cf31rl&cfff&cf31:44&cfff &c29flg&cfff&c29f:6&cfff [ra] 
(bps): >&cc93bps:&cfff carapace at [ra]
(carapace): >&c693car:&cfff took &cf00ra&cfff [ra]
(carapace): >&c693car:&cfff &c931r&cfff200/92 &cf31rl&cfff&cf31:43&cfff &c29flg&cfff&c29f:6&cfff [sng-low] 
(rst): >&c777rst:&cfff &cf00lost&cfff [window] 1
(rst): >&c777rst:&cfff &cf00lost&cfff [window] 1
(rst): >&c777rst:&cfff &cf00lost&cfff [window] 1
(bps): >&cc93bps:&cfff &c0b0safe&cfff [ya-box]
(rst): >&c777rst:&cfff &cf00lost&cfff [window] 1
(rst): >&c777rst:&cfff &cf00lost&cfff [window] 1
(bps): >&cc93bps:&cfff &c0b0safe&cfff [ya-box]
(bps): >&cc93bps:&cfff &c991y&cfff150/97 &cf31rl&cfff&cf31:27&cfff [ya-box] 
[9] minutes remaining
Team [com] leads by 46 frags
(carapace): >&c693car:&cfff &c931r&cfff95/77 &cf31rl&cfff&cf31:38&cfff &c29flg&cfff&c29f:9&cfff [ra-low] 
(rst): >&c777rst:&cfff took &cf2apack&cfff [window]
(carapace): >&c693car:&cfff &c931r&cfff95/77 &cf31rl&cfff&cf31:37&cfff &c29flg&cfff&c29f:9&cfff [ra-low] 
(Xterm): > &cf00 xte&cfff &cf00lost&cfff &cf00[quad]&cfff &cf003&cfff
(nit): > &cf00 nit&cfff &cf00lost&cfff &cf00[quad]&cfff &cf003&cfff
(Milton): > &c666 mil&cfff [sng[up]] y&cf6657&cfff/83 &cf60rl&cfff 
(Xterm): > &cc22 xte&cfff [rl] 0&ce84/&cfff&cc99100&cfff
(Diki): > &c6ffdik:&cfff [water] &cf660&cfff/&cf664&cfff &cf60rl&cfff:&cf664&cfff 
(bps): >&cc93bps:&cfff &c991y&cfff38/51 &cf31rl&cfff&cf31:24&cfff &c29flg&cfff&c29f:33&cfff [quad] &c05fquad&cfff
(bps): >&cc93bps:&cfff &c991y&cfff23/42 &cf31rl&cfff&cf31:24&cfff &c29flg&cfff&c29f:30&cfff [hill] &c05fquad&cfff
(carapace): >&c693car:&cfff &cf00ra&cfff at [ra]
(carapace): >&c693car:&cfff &c931r&cfff75/73 &cf31rl&cfff&cf31:39&cfff &c29flg&cfff&c29f:9&cfff [ra] 
(bps): >&cc93bps:&cfff &c991y&cfff23/42 &cf31rl&cfff&cf31:24&cfff &c29flg&cfff&c29f:30&cfff [ra-low] &c05fquad&cfff
(ganon): >&c479gan:&cfff took &c29flg&cfff [water-lg]
(bps): >&cc93bps:&cfff took &ce00ra&cfff [ra]
(bps): >&cc93bps:&cfff took &ce00ra&cfff [ra]
(bps): >&cc93bps:&cfff &c931r&cfff200/33 &cf31rl&cfff&cf31:23&cfff &c29flg&cfff&c29f:30&cfff [ra] &c05fquad&cfff
(ganon): >&c479gan:&cfff &cf2apack&cfff at [ra-low]
(bps): >&cc93bps:&cfff &c931r&cfff180/29 &cf31rl&cfff&cf31:26&cfff &c29flg&cfff&c29f:25&cfff [sng-lifts] &c05fquad&cfff
(carapace): >&c693car:&cfff &c931r&cfff75/73 &cf31rl&cfff&cf31:37&cfff &c29flg&cfff&c29f:9&cfff [ra] 
Quad Damage is wearing off
(bps): >&cc93bps:&cfff &c931r&cfff180/69 &cf31rl&cfff&cf31:25&cfff &c29flg&cfff&c29f:25&cfff [ring] &c05fquad&cfff
(rst): >&c777rst:&cfff &cf00lost&cfff [water-lg] 1
(rst): >&c777rst:&cfff &cf00lost&cfff [water-lg] 1
(rst): >&c777rst:&cfff &cf00lost&cfff [water-lg] 1
(rst): >&c777rst:&cfff &cf00lost&cfff [water-lg] 1
(carapace): >&c693car:&cfff &c931r&cfff75/73 &cf31rl&cfff&cf31:37&cfff &c29flg&cfff&c29f:9&cfff [ra] 
(ganon): >&c479gan:&cfff took &cf00ra&cfff [ra]
(rst): >&c777rst:&cfff &cf00lost&cfff [window] 1
(rst): >&c777rst:&cfff &cf00lost&cfff [window] 1
(rst): >&c777rst:&cfff &cf00lost&cfff [window] 1
(rst): >&c777rst:&cfff &cf00lost&cfff [window] 1
(bps): >&cc93bps:&cfff &c931r&cfff180/69 &cf31rl&cfff&cf31:23&cfff &c29flg&cfff&c29f:22&cfff [quad] 
(bps): >&cc93bps:&cfff &c931r&cfff180/69 &cf31rl&cfff&cf31:23&cfff &c29flg&cfff&c29f:22&cfff [quad] 
(bps): >&cc93bps:&cfff &c931r&cfff180/69 &cf31rl&cfff&cf31:23&cfff &c29flg&cfff&c29f:22&cfff [quad] 
[8] minutes remaining
Team [com] leads by 39 frags
(rst): >&c777rst:&cfff &cf00lost&cfff [quad] 2
(carapace): >&c693car:&cfff &c931r&cfff51/69 &cf31rl&cfff&cf31:34&cfff &c29flg&cfff&c29f:9&cfff [ra-low] 
(rst): >&c777rst:&cfff &cf00lost&cfff [quad] 2
(rst): >&c777rst:&cfff &cf00lost&cfff [quad] 2
(rst): >&c777rst:&cfff &cf00lost&cfff [quad] 2
(rst): >&c777rst:&cfff &cf00lost&cfff [quad] 2
(rst): >&c777rst:&cfff took &cf2apack&cfff [quad]
(bps): >&cc93bps:&cfff &c931r&cfff133/159 &cf31rl&cfff&cf31:17&cfff &c29flg&cfff&c29f:10&cfff [quad] 
(bps): >&cc93bps:&cfff &c931r&cfff133/159 &cf31rl&cfff&cf31:17&cfff &c29flg&cfff&c29f:10&cfff [quad] 
(carapace): >&c693car:&cfff took &cf00ra&cfff [ra]
(carapace): >&c693car:&cfff &c931r&cfff200/69 &cf31rl&cfff&cf31:34&cfff &c29flg&cfff&c29f:9&cfff [ra] 
(ganon): >&c479gan:&cfff &cf00dropped&cfff &c29flg&cfff [quad] 1
(ganon): >&c479gan:&cfff &cf00dropped&cfff &c29flg&cfff [quad] 1
(ganon): >&c479gan:&cfff &cf00dropped&cfff &c29flg&cfff [quad] 1
(ganon): >&c479gan:&cfff &cf00dropped&cfff &c29flg&cfff [quad] 1
(rst): >&c777rst:&cfff 0/100 &cf31rl&cfff&cf31:6&cfff [ra-entry] 
(bps): >&cc93bps:&cfff &c931r&cfff95/145 &cf31rl&cfff&cf31:14&cfff &c29flg&cfff&c29f:10&cfff [ra-low] 
(Diki): > &c6ffdik:&cfff [water-lg] 0/100 sg 
(Diki): > &c6ffdik:&cfff [water-lg] 0/100 sg 
(nit): > &cc36 nit&cfff [window] 60&cff0y&cfff&ce84/&cfff&cc9940&cfff &c0cflg&cfff:15 &c06fquad&cfff
(Xterm): > &cc22 xte&cfff [bridge-high] 0&ce84/&cfff&cc99100&cfff &c0cfrl&cfff:5
(nit): > &cc36 nit&cfff [pent] 60&cff0y&cfff&ce84/&cfff&cc9940&cfff &c0cflg&cfff:15 &c06fquad&cfff
(Milton): > &c666 mil&cfff [ya[box]] &cf660&cfff/&cf6642&cfff &cf60rl&cfff&cf66:0&cfff 
(Milton): > &c666 mil&cfff [ya[box]] &cf660&cfff/&cf6642&cfff &cf60rl&cfff&cf66:0&cfff 
(Xterm): > &cc22 xte&cfff [ya] 0&ce84/&cfff&cc99100&cfff &c0cfrl&cfff:5
(nit): > &cc36 nit&cfff [pent] 57&cff0y&cfff&ce84/&cfff&cc99138&cfff &c0cflg&cfff:15 &c06fquad&cfff
(Xterm): > &cc22 xte&cfff [ya] 0&ce84/&cfff&cc99100&cfff &c0cfrl&cfff:5
(nit): > &cc36 nit&cfff [pent] 57&cff0y&cfff&ce84/&cfff&cc99138&cfff &c0cflg&cfff:15 &c06fquad&cfff
(Xterm): > &cc22 xte&cfff &cf3fu take&cfff &cf3f[ya]&cfff
(Xterm): > &cc22 xte&cfff took &c0cfrl&cfff [rl]
(Xterm): > &cc22 xte&cfff &cf3fu take&cfff &cf3f[ya]&cfff
(Diki): > &c6ffdik:&cfff [water] 0/100 sg 
(Diki): > &c6ffdik:&cfff [water-lg] 0/100 sg 
(Xterm): > &cc22 xte&cfff [ya] 0&ce84/&cfff&cc99100&cfff &c0cfrl&cfff:3
(nit): > &cc36 nit&cfff [lifts] 57&cff0y&cfff&ce84/&cfff&cc99138&cfff &c0cflg&cfff:15 &c06fquad&cfff
(Diki): > &c6ffdik:&cfff took &c399lg&cfff [water-lg]
(Diki): > &c6ffdik:&cfff took &c399lg&cfff [water-lg]
(nit): > &cc36 nit&cfff coming [lifts] &c06fquad&cfff
(nit): > &cc36 nit&cfff [lifts] 57&cff0y&cfff&ce84/&cfff&cc99135&cfff &c0cflg&cfff:15 &c06fquad&cfff
(Xterm): > &cc22 xte&cfff [window] 0&ce84/&cfff&cc9976&cfff &c0cfrl&cfff:2
(Xterm): > &cc22 xte&cfff [pent] 0&ce84/&cfff&cc9971&cfff &c0cfrl&cfff:2
(Xterm): > &cc22 xte&cfff [pent] 0&ce84/&cfff&cc9971&cfff &c0cfrl&cfff:2
(Diki): > &c6ffdik:&cfff [pent] &cf660&cfff/100 &c399lg&cfff:21 
(Diki): > &c6ffdik:&cfff [pent] &cf660&cfff/100 &c399lg&cfff:21 
(Xterm): > &cc22 xte&cfff [pent] 0&ce84/&cfff&cc9971&cfff &c0cfrl&cfff:2
(Milton): > &cf60 mil coming [lifts]&cfff 
(Milton): > &cf60 mil coming [lifts]&cfff 
(Milton): > &c666 mil&cfff [lifts] &cf660&cfff/&cf6642&cfff &cf60rl&cfff&cf66:0&cfff 
(Milton): > &c666 mil&cfff [lifts] &cf660&cfff/&cf6642&cfff &cf60rl&cfff&cf66:0&cfff 
(Milton): > &c666 mil&cfff [lifts] &cf660&cfff/&cf6642&cfff &cf60rl&cfff&cf66:0&cfff 
(Milton): > &c666 mil&cfff [lifts] &cf660&cfff/&cf6642&cfff &cf60rl&cfff&cf66:0&cfff 
(Milton): > &cf60 mil coming [lifts]&cfff 
(Diki): > &c6ffdik:&cfff coming [lifts] 
(Diki): > &c6ffdik:&cfff coming [lifts] 
Quad Damage is wearing off
(Milton): > &c666 mil&cfff [sng[up]] &cf660&cfff/&cf6642&cfff &cf60rl&cfff&cf66:0&cfff 
(Diki): > &c6ffdik:&cfff [lifts] &cf660&cfff/100 &c399lg&cfff:21 
(Diki): > &c6ffdik:&cfff [lifts] &cf660&cfff/100 &c399lg&cfff:21 
(Xterm): > &cc22 xte&cfff [sng] 0&ce84/&cfff&cc9971&cfff &c0cfrl&cfff:2
(nit): > &cc36 nit&cfff [ring] 0&ce84/&cfff&cc99176&cfff &c0cflg&cfff:16
(nit): > &cf00 nit&cfff &cf00lost&cfff &cf00[ya.quad]&cfff &cf002&cfff
(bps): >&cc93bps:&cfff &cf2apack&cfff at [ring]
(bps): >&cc93bps:&cfff &cf2apack&cfff at [ring]
(ganon): >&c479gan:&cfff 0/79 &cf31rl&cfff&cf31:4&cfff [ya-box] 
(ganon): >&c479gan:&cfff 0/79 &cf31rl&cfff&cf31:4&cfff [ya-box] 
(bps): >&cc93bps:&cfff 0/67 &cf31rl&cfff&cf31:33&cfff &c29flg&cfff&c29f:17&cfff [ring] 
(carapace): >&c693car:&cfff &c991y&cfff142/73 &cf31rl&cfff&cf31:42&cfff &c29flg&cfff&c29f:22&cfff [ra-low] 
(ganon): >&c479gan:&cfff &c0b0safe&cfff [ya]
(ganon): >&c479gan:&cfff &c0b0safe&cfff [ya]
(rst): >&c777rst:&cfff &cf00lost&cfff [sng-tele] 2
(rst): >&c777rst:&cfff &cf00lost&cfff [sng-tele] 2
(rst): >&c777rst:&cfff &cf00lost&cfff [sng-tele] 2
(rst): >&c777rst:&cfff &cf00lost&cfff [sng-tele] 2
(rst): >&c777rst:&cfff &cf00lost&cfff [sng-tele] 2
[7] minutes remaining
Team [com] leads by 35 frags
(bps): >&cc93bps:&cfff carapace at [ra]
(bps): >&cc93bps:&cfff took &ce00ra&cfff [ra]
(bps): >&cc93bps:&cfff took &ce00ra&cfff [ra]
(bps): >&cc93bps:&cfff &c0b0safe&cfff [quad]
(bps): >&cc93bps:&cfff &c0b0safe&cfff [quad]
(bps): >&cc93bps:&cfff took &cf2apack&cfff [quad]
(ganon): >&c479gan:&cfff &c0b0safe&cfff [ya]
(ganon): >&c479gan:&cfff &c0b0safe&cfff [ya]
(ganon): >&c479gan:&cfff &c0b0safe&cfff [ya]
(carapace): >&c693car:&cfff &c0b0safe&cfff [ra]
(bps): >&cc93bps:&cfff &c931r&cfff108/45 &cf31rl&cfff&cf31:27&cfff &c29flg&cfff&c29f:13&cfff [lifts-below] &c05fquad&cfff
(carapace): >&c693car:&cfff &c991y&cfff100/47 &cf31rl&cfff&cf31:36&cfff &c29flg&cfff&c29f:12&cfff [ra-low] 
(rst): >&c777rst:&cfff 0/33 &cf31rl&cfff&cf31:4&cfff [ya-box] 
(rst): >&c777rst:&cfff took &cff0ya&cfff [ya-box]
(bps): >&cc93bps:&cfff &c931r&cfff84/79 &cf31rl&cfff&cf31:37&cfff &c29flg&cfff&c29f:28&cfff [sng-ledge] &c05fquad&cfff
(carapace): >&c693car:&cfff took &cf00ra&cfff [ra]
(carapace): >&c693car:&cfff &c0b0safe&cfff [ra]
(ganon): >&c479gan:&cfff &c0b0safe&cfff [ring]
(ganon): >&c479gan:&cfff &c0b0safe&cfff [ring]
(bps): >&cc93bps:&cfff &c931r&cfff84/79 &cf31rl&cfff&cf31:37&cfff &c29flg&cfff&c29f:28&cfff [sng] &c05fquad&cfff
(bps): >&cc93bps:&cfff &c931r&cfff84/79 &cf31rl&cfff&cf31:37&cfff &c29flg&cfff&c29f:28&cfff [sng-mega] &c05fquad&cfff
(bps): >&cc93bps:&cfff &c931r&cfff71/97 &cf31rl&cfff&cf31:37&cfff &c29flg&cfff&c29f:27&cfff [ring] &c05fquad&cfff
(carapace): >&c693car:&cfff &c931r&cfff168/39 &cf31rl&cfff&cf31:29&cfff &c29flg&cfff&c29f:12&cfff [ra-rox] 
(ganon): >&c479gan:&cfff &c0b0safe&cfff [ring]
(ganon): >&c479gan:&cfff &cf00lost&cfff [lifts-below] 0
(ganon): >&c479gan:&cfff &c0b0safe&cfff [ring]
(ganon): >&c479gan:&cfff &c0b0safe&cfff [ring]
Quad Damage is wearing off
(rst): >&c777rst:&cfff &c0b0safe&cfff [ya]
(rst): >&c777rst:&cfff &c0b0safe&cfff [ya]
(ganon): >&c479gan:&cfff &c0b0safe&cfff [ring]
(bps): >&cc93bps:&cfff 0/72 &cf31rl&cfff&cf31:30&cfff &c29flg&cfff&c29f:14&cfff [window] 
(ganon): >&c479gan:&cfff &c0b0safe&cfff [ring]
(carapace): >&c693car:&cfff &c931r&cfff168/79 &cf31rl&cfff&cf31:27&cfff &c29flg&cfff&c29f:12&cfff [ra-low] 
(rst): >&c777rst:&cfff took &cf31rox&cfff [ya]
(rst): >&c777rst:&cfff took &cff0ya&cfff [ya-box]
(bps): >&cc93bps:&cfff 0/64 &cf31rl&cfff&cf31:29&cfff &c29flg&cfff&c29f:26&cfff [sng-mega] 
(bps): >&cc93bps:&cfff took &c0ffmega&cfff [sng-mega]
[6] minutes remaining
Team [com] leads by 19 frags
(carapace): >&c693car:&cfff &cf00ra&cfff at [ra]
(ganon): >&c479gan:&cfff &c0b0safe&cfff [sng-tele]
(ganon): >&c479gan:&cfff &c0b0safe&cfff [sng-tele]
(bps): >&cc93bps:&cfff 0/163 &cf31rl&cfff&cf31:29&cfff &c29flg&cfff&c29f:38&cfff [ra-low] 
(rst): >&c777rst:&cfff &cf00dropped&cfff &cf31rl&cfff [ya-box] 1
(rst): >&c777rst:&cfff &cf00dropped&cfff &cf31rl&cfff [ya-box] 1
(rst): >&c777rst:&cfff &cf00dropped&cfff &cf31rl&cfff [ya-box] 1
(rst): >&c777rst:&cfff &cf00dropped&cfff &cf31rl&cfff [ya-box] 1
(rst): >&c777rst:&cfff &cf00dropped&cfff &cf31rl&cfff [ya-box] 1
(rst): >&c777rst:&cfff &cf00dropped&cfff &cf31rl&cfff [ya-box] 1
(rst): >&c777rst:&cfff &cf00dropped&cfff &cf31rl&cfff [ya-box] 1
(rst): >&c777rst:&cfff &cf00dropped&cfff &cf31rl&cfff [ya-box] 1
(rst): >&c777rst:&cfff &cf00dropped&cfff &cf31rl&cfff [ya-box] 1
(rst): >&c777rst:&cfff &cf00enemy&cfff at [lifts-below]
(bps): >&cc93bps:&cfff took &ce00ra&cfff [ra]
(bps): >&cc93bps:&cfff &c931r&cfff200/155 &cf31rl&cfff&cf31:29&cfff &c29flg&cfff&c29f:38&cfff [quad] 
(rst): >&c777rst:&cfff &cf00lost&cfff [sng-lifts] 1
(rst): >&c777rst:&cfff &cf00lost&cfff [sng-lifts] 1
(rst): >&c777rst:&cfff &cf00lost&cfff [sng-lifts] 1
(rst): >&c777rst:&cfff &cf00lost&cfff [sng-lifts] 1
(carapace): >&c693car:&cfff &c931r&cfff168/79 &cf31rl&cfff&cf31:23&cfff &c29flg&cfff&c29f:12&cfff [quad] 
(rst): >&c777rst:&cfff &c05fquad&cfff at [quad]
(carapace): >&c693car:&cfff &c0b0team&cfff &c05fquad&cfff
(carapace): >&c693car:&cfff &c0b0team&cfff &c05fquad&cfff
(bps): >&cc93bps:&cfff &c931r&cfff107/125 &cf31rl&cfff&cf31:30&cfff &c29flg&cfff&c29f:38&cfff [ya-up] 
(carapace): >&c693car:&cfff &cf2apack&cfff at [window]
(carapace): >&c693car:&cfff &cf2apack&cfff at [window]
(bps): >&cc93bps:&cfff &c931r&cfff65/107 &cf31rl&cfff&cf31:30&cfff &c29flg&cfff&c29f:38&cfff [hill] 
(carapace): >&c693car:&cfff took &cf2apack&cfff [window]
(bps): >&cc93bps:&cfff &c0ffmega&cfff at [hill]
(ganon): >&c479gan:&cfff &c991y&cfff32/81 &cf31rl&cfff&cf31:12&cfff [sng] 
(carapace): >&c693car:&cfff coming [window] need armor health
(bps): >&cc93bps:&cfff &c0ffmega&cfff at [hill]
(rst): >&c777rst:&cfff took &cf00ra&cfff [ra]
(carapace): >&c693car:&cfff &c931r&cfff32/146 &cf31rl&cfff&cf31:33&cfff &c29flg&cfff&c29f:3&cfff [hill] &c05fquad&cfff
(bps): >&cc93bps:&cfff &c931r&cfff25/92 &cf31rl&cfff&cf31:29&cfff &c29flg&cfff&c29f:36&cfff [ra-tunnel] 
(bps): >&cc93bps:&cfff &c931r&cfff25/92 &cf31rl&cfff&cf31:29&cfff &c29flg&cfff&c29f:36&cfff [ra-tunnel] 
(ganon): >&c479gan:&cfff &cf00lost&cfff [ring] 0
(ganon): >&c479gan:&cfff &cf00lost&cfff [ring] 0
(ganon): >&c479gan:&cfff &cf00lost&cfff [ring] 0
(carapace): >&c693car:&cfff &c931r&cfff32/142 &cf31rl&cfff&cf31:33&cfff &c29flg&cfff&c29f:3&cfff [ra-tunnel] &c05fquad&cfff
Quad Damage is wearing off
(carapace): >&c693car:&cfff &c931r&cfff32/138 &cf31rl&cfff&cf31:32&cfff &c29flg&cfff&c29f:3&cfff [ra-low] &c05fquad&cfff
(bps): >&cc93bps:&cfff 0/69 &cf31rl&cfff&cf31:36&cfff &c29flg&cfff&c29f:26&cfff [ra] 
(carapace): >&c693car:&cfff &c931r&cfff32/136 &cf31rl&cfff&cf31:32&cfff &c29flg&cfff&c29f:3&cfff [ra-low] &c05fquad&cfff
(bps): >&cc93bps:&cfff carapace at [ra]
(bps): >&cc93bps:&cfff 0/69 &cf31rl&cfff&cf31:36&cfff &c29flg&cfff&c29f:26&cfff [ra] 
(bps): >&cc93bps:&cfff took &ce00ra&cfff [ra]
(carapace): >&c693car:&cfff &c931r&cfff32/129 &cf31rl&cfff&cf31:32&cfff &c29flg&cfff&c29f:3&cfff [sng-ledge] 
(bps): >&cc93bps:&cfff &c931r&cfff158/60 &cf31rl&cfff&cf31:35&cfff &c29flg&cfff&c29f:19&cfff [quad] 
(carapace): >&c693car:&cfff 0/102 &cf31rl&cfff&cf31:30&cfff &c29flg&cfff&c29f:3&cfff [lifts] 
[5] minutes remaining
Team [com] leads by 8 frags
(carapace): >&c693car:&cfff &c0b0team&cfff &cf00pent&cfff
(carapace): >&c693car:&cfff &c0b0team&cfff &cf00pent&cfff
(bps): >&cc93bps:&cfff &c0ffmega&cfff at [pent]
(bps): >&cc93bps:&cfff &c931r&cfff116/50 &cf31rl&cfff&cf31:33&cfff &c29flg&cfff&c29f:19&cfff [lifts] 
(rst): >&c777rst:&cfff &c931r&cfff81/54 gl [water-gl] rox:5 
(carapace): >&c693car:&cfff &c0b0team&cfff &c05fquad&cfff &cf00pent&cfff
(carapace): >&c693car:&cfff &c0b0team&cfff &c05fquad&cfff &cf00pent&cfff
(rst): >&c777rst:&cfff &cf2apack&cfff at [rl]
(ganon): >&c479gan:&cfff &cf00enemy&cfff &cff0eyes&cfff at [sng-mega]
(bps): >&cc93bps:&cfff &c931r&cfff116/90 &cf31rl&cfff&cf31:33&cfff &c29flg&cfff&c29f:19&cfff [sng-ledge] 
(rst): >&c777rst:&cfff took &cf31rl&cfff [rl]
(rst): >&c777rst:&cfff &cf00lost&cfff [rl] 0
(rst): >&c777rst:&cfff &cf00lost&cfff [rl] 0
(rst): >&c777rst:&cfff &cf00lost&cfff [rl] 0
(rst): >&c777rst:&cfff &cf00lost&cfff [rl] 0
(rst): >&c777rst:&cfff &cf00lost&cfff [rl] 0
(bps): >&cc93bps:&cfff &c931r&cfff41/70 &cf31rl&cfff&cf31:31&cfff &c29flg&cfff&c29f:4&cfff [sng-ledge] 
(ganon): >&c479gan:&cfff 0/100 ssg [ya-box] rox:5 
(rst): >&c777rst:&cfff &cf00lost&cfff [sng-tele] 3
(rst): >&c777rst:&cfff &cf00lost&cfff [sng-tele] 3
(rst): >&c777rst:&cfff &cf00lost&cfff [sng-tele] 3
(rst): >&c777rst:&cfff &cf00lost&cfff [sng-tele] 3
(rst): >&c777rst:&cfff &cf00lost&cfff [sng-tele] 3
(bps): >&cc93bps:&cfff &c931r&cfff41/70 &cf31rl&cfff&cf31:29&cfff &c29flg&cfff&c29f:4&cfff [sng-ledge] 
Protection is almost burned out
(bps): >&cc93bps:&cfff &c931r&cfff41/70 &cf31rl&cfff&cf31:29&cfff &c29flg&cfff&c29f:4&cfff [sng] 
(carapace): >&c693car:&cfff 0/171 &cf31rl&cfff&cf31:18&cfff &c29flg&cfff&c29f:9&cfff [bridge-low] &c05fquad&cfff &cf00pent&cfff
(ganon): >&c479gan:&cfff &c991y&cfff150/100 ssg [rl] rox:13 
(carapace): >&c693car:&cfff 0/169 &cf31rl&cfff&cf31:18&cfff &c29flg&cfff&c29f:9&cfff [hill] &c05fquad&cfff
(carapace): >&c693car:&cfff 0/116 &cf31rl&cfff&cf31:17&cfff &c29flg&cfff&c29f:1&cfff [ra-tunnel] &c05fquad&cfff
Quad Damage is wearing off
(bps): >&cc93bps:&cfff &cf00lost&cfff [ra-rox] 2
(bps): >&cc93bps:&cfff &cf00lost&cfff [ra-rox] 2
(bps): >&cc93bps:&cfff &cf00lost&cfff [ra-rox] 2
(carapace): >&c693car:&cfff 0/94 &cf31rl&cfff&cf31:17&cfff &c29flg&cfff&c29f:1&cfff [ra-tunnel] &c05fquad&cfff
(carapace): >&c693car:&cfff 0/94 &cf31rl&cfff&cf31:17&cfff &c29flg&cfff&c29f:1&cfff [ra-tunnel] 
(carapace): >&c693car:&cfff &cf00lost&cfff [ra-tunnel] 1
(rst): >&c777rst:&cfff took &cff0ya&cfff [ya-box]
(carapace): >&c693car:&cfff &cf00lost&cfff [ra-tunnel] 1
(carapace): >&c693car:&cfff &cf00lost&cfff [ra-tunnel] 1
(carapace): >&c693car:&cfff 0/100 [ya-box] 
(Diki): >&cf00 dik lost [rl] 2
(Xterm): > &cf00 xte&cfff &cf00lost&cfff &cf00[ra]&cfff &cf001&cfff
(Milton): > &c666 mil&cfff [ra[mid]] y93/123 &c399lg&cfff:21 
(Milton): >&c0f0  mil safe [ra[mid]]&cfff &c399lg&cfff:21 
(Xterm): > &cc22 xte&cfff [sng] 0&ce84/&cfff&cc99100&cfff
(nit): > &cc36 nit&cfff [sng.tele] 200&cf00r&cfff&ce84/&cfff&cc9958&cfff &c0cfrl&cfff:5
(Milton): > &c666 mil&cfff [ra[up]] y93/121 &c399lg&cfff:21 
(Milton): > &c666 mil&cfff [ra[up]] y93/121 &c399lg&cfff:21 
[4] minutes remaining
Team [com] leads by 6 frags
(nit): > &cc36 nit&cfff [sng.ledge] 200&cf00r&cfff&ce84/&cfff&cc9983&cfff &c0cfrl&cfff:5
(Diki): > &c6ffdik:&cfff [water-lg] 0/175 sg 
(Diki): > &c6ffdik:&cfff [water-lg] 0/175 sg 
(Milton): >&c0f0  mil safe [ra[up]]&cfff &c399lg&cfff:21 
(nit): > &cc36 nit&cfff [sng] 200&cf00r&cfff&ce84/&cfff&cc9983&cfff &c0cfrl&cfff:15
(Milton): > &c666 mil&cfff [ra[up]] y93/112 &c399lg&cfff:21 
(Milton): > &c666 mil&cfff [ra[up]] y93/112 &c399lg&cfff:21 
(Diki): > &c6ffdik:&cfff [water] 0/172 sg c:19 
(Diki): > &c6ffdik:&cfff [water-gl] 0/172 sg c:19 
(Xterm): > &cf00 xte&cfff &cf00lost&cfff &cf00[quad]&cfff &cf003&cfff
(Xterm): > &cf00 xte&cfff &cf00lost&cfff &cf00[quad]&cfff &cf003&cfff
(Milton): > &c666 mil&cfff [ra[up]] y93/110 &c399lg&cfff:21 
(Milton): > &c666 mil&cfff [ra[up]] y93/110 &c399lg&cfff:21 
(Milton): > &c666 mil&cfff [ra[up]] y93/108 &c399lg&cfff:21 
(Milton): > &c666 mil&cfff [ra[up]] y93/108 &c399lg&cfff:21 
(Milton): > &c666 mil&cfff [ra[up]] y93/107 &c399lg&cfff:21 
(Milton): > &c666 mil&cfff [ra[up]] y93/107 &c399lg&cfff:21 
(Xterm): > &cc22 xte&cfff [ya] 0&ce84/&cfff&cc9943&cfff
(Diki): > &c6ffdik:&cfff [low-bridge] 0/166 gl c:19 
(Diki): > &c6ffdik:&cfff [low-bridge] 0/166 gl c:19 
(nit): > &cc36 nit&cfff [lifts.below] 147&cf00r&cfff&ce84/&cfff&cc9969&cfff &c0cfrl&cfff:16
(rst): >&c777rst:&cfff &c0b0team&cfff &c05fquad&cfff
(rst): >&c777rst:&cfff &c0b0team&cfff &c05fquad&cfff
(ganon): >&c479gan:&cfff &cf00lost&cfff [rl] 0
(ganon): >&c479gan:&cfff &c0b0safe&cfff [ya]
(ganon): >&c479gan:&cfff &c0b0safe&cfff [ya]
(bps): >&cc93bps:&cfff 0/24 [sng-lifts] 
(carapace): >&c693car:&cfff 0/100 [sng-tele] 
(carapace): >&c693car:&cfff &cf00lost&cfff [sng-tele] 1
(bps): >&cc93bps:&cfff 0/64 &c29flg&cfff&c29f:0&cfff [water-lg] 
(carapace): >&c693car:&cfff 0/100 [ra-tunnel] 
(rst): >&c777rst:&cfff &cf00lost&cfff [ring] 1
(rst): >&c777rst:&cfff &cf00lost&cfff [ring] 1
(rst): >&c777rst:&cfff &cf00lost&cfff [ring] 1
(rst): >&c777rst:&cfff &cf00lost&cfff [ring] 1
(rst): >&c777rst:&cfff &cf00lost&cfff [ring] 1
(rst): >&c777rst:&cfff &cf00lost&cfff [ring] 1
(rst): >&c777rst:&cfff &cf00lost&cfff [ring] 1
(rst): >&c777rst:&cfff &c05fquad&cfff over
(bps): >&cc93bps:&cfff 0/64 &c29flg&cfff&c29f:6&cfff [bridge-stairs] 
(rst): >&c777rst:&cfff &cf2apack&cfff at [ra-low]
(bps): >&cc93bps:&cfff 0/64 &c29flg&cfff&c29f:6&cfff [ya-box] 
(carapace): >&c693car:&cfff 0/8 [ra-low] 
(carapace): >&c693car:&cfff &cf00lost&cfff [ra-low] 1
(bps): >&cc93bps:&cfff 0/64 &c29flg&cfff&c29f:6&cfff [ya-box] 
(rst): >&c777rst:&cfff &cf2apack&cfff at [ra-low]
(carapace): >&c693car:&cfff coming [ya-quad] need armor rl
(bps): >&cc93bps:&cfff &c0b0safe&cfff [ya-box]
(carapace): >&c693car:&cfff 0/100 [ra-low] 
(bps): >&cc93bps:&cfff took &cff0ya&cfff [ya-box]
(carapace): >&c693car:&cfff 0/4 &cf31rl&cfff&cf31:0&cfff [ra] 
(rst): >&c777rst:&cfff &cf00lost&cfff [ra-entry] 2
(rst): >&c777rst:&cfff &cf00lost&cfff [ra-entry] 2
(rst): >&c777rst:&cfff &cf00lost&cfff [ra-entry] 2
(rst): >&c777rst:&cfff &cf00lost&cfff [ra-entry] 2
(rst): >&c777rst:&cfff &cf00lost&cfff [ra-entry] 2
(rst): >&c777rst:&cfff &cf00lost&cfff [ra-entry] 2
(rst): >&c777rst:&cfff &cf00lost&cfff [ra-entry] 2
(carapace): >&c693car:&cfff took &cf00ra&cfff [ra]
(ganon): >&c479gan:&cfff &cf00dropped&cfff &cf31rl&cfff [ra-low] 2
(ganon): >&c479gan:&cfff &cf00dropped&cfff &cf31rl&cfff [ra-low] 2
(ganon): >&c479gan:&cfff &cf00dropped&cfff &cf31rl&cfff [ra-low] 2
(Xterm): > &cc22 xte&cfff [bridge-high] 0&ce84/&cfff&cc9962&cfff &c0cfrl&cfff:4
(nit): > &cc36 nit&cfff [ra] 0&ce84/&cfff&cc99100&cfff
(Xterm): > &cc22 xte&cfff [bridge-high] 0&ce84/&cfff&cc9932&cfff &c0cfrl&cfff:4
[3] minutes remaining
Team [com] leads by 6 frags
(Xterm): > &cc22 xte&cfff [ya-bridge] 0&ce84/&cfff&cc9932&cfff &c0cfrl&cfff:4
(Milton): > &c666 mil&cfff [ra[mid]] r174/97 &cf60rl&cfff &c399lg&cfff:21 
(Diki): > &c6ffdik:&cfff [ring] 0/80 sg 
(Milton): >&c0f0  mil safe [ra[mid]]&cfff &cf60rl&cfff &c399lg&cfff:21 
(Diki): > &c6ffdik:&cfff [ring] 0/80 sg 
(nit): > &cc36 nit&cfff &cff0replace&cfff &cff0[ra]&cfff
(Xterm): > &cc22 xte&cfff [ya] 0&ce84/&cfff&cc9932&cfff &c0cfrl&cfff:4
(Milton): > &c666 mil&cfff [ra[mid]] r174/97 &cf60rl&cfff &c399lg&cfff:21 
(nit): > &cc36 nit&cfff [ra.rox] 0&ce84/&cfff&cc99100&cfff
(Xterm): > &cc22 xte&cfff [ya] 0&ce84/&cfff&cc9932&cfff &c0cfrl&cfff:4
(Xterm): > &cc22 xte&cfff [ya] 0&ce84/&cfff&cc9947&cfff &c0cfrl&cfff:4
(Xterm): > &cc22 xte&cfff [ya] 0&ce84/&cfff&cc9947&cfff &c0cfrl&cfff:4
(Diki): > &c6ffdik:&cfff [ra-ammo] 0/80 sg 
(Diki): > &c6ffdik:&cfff [ra-ammo] 0/80 sg 
(Milton): > &c666 mil&cfff [ring] r164/95 &cf60rl&cfff &c399lg&cfff:21 
(Xterm): > &cc22 xte&cfff [ya] 0&ce84/&cfff&cc9947&cfff &c0cfrl&cfff:3
(Xterm): > &cc22 xte&cfff [ya] 0&ce84/&cfff&cc9947&cfff &c0cfrl&cfff:3
(Xterm): > &cc22 xte&cfff [ya] 150&cff0y&cfff&ce84/&cfff&cc9972&cfff &c0cfrl&cfff:3
(Xterm): > &cc22 xte&cfff [ya] 150&cff0y&cfff&ce84/&cfff&cc9972&cfff &c0cfrl&cfff:8
(Xterm): > &cc22 xte&cfff [ya] 150&cff0y&cfff&ce84/&cfff&cc9972&cfff &c0cfrl&cfff:8
(Diki): >&cf00 dik lost [center-mega] 3
(Diki): >&cf00 dik lost [center-mega] 3
(Xterm): > &cc22 xte&cfff [ya-up] 150&cff0y&cfff&ce84/&cfff&cc9972&cfff &c0cfrl&cfff:8
(Xterm): > &cc22 xte&cfff &c06fquad&cfff &ce84>&cfff [quad]
(Xterm): > &c3f0 xte&cfff &c3f0safe&cfff &c3f0[ya-up]&cfff  &c0ffrl&cfff
(Milton): > &c666 mil&cfff [window] &cf660&cfff/&cf6615&cfff &cf60rl&cfff &c399lg&cfff:&cf663&cfff &c05fquad&cfff
(Diki): >&cf00 dik lost [ra-ng] 1
(Diki): >&cf00 dik lost [ra-ng] 1
(Diki): >&cf00 dik lost [ra-ng] 1
(Milton): > &c666 mil&cfff team &c05fquad&cfff
(nit): > &cc36 nit&cfff [water.lg] 0&ce84/&cfff&cc9976&cfff
(nit): > &cc36 nit&cfff &c0cfrl&cfff &ce84>&cfff [rl]
(Milton): > &c666 mil&cfff took &c0a0mega&cfff [penta/mega]
(Milton): > &c666 mil&cfff [penta] &cf660&cfff/115 &cf60rl&cfff &c399lg&cfff:&cf663&cfff &c05fquad&cfff
(Diki): > &c6ffdik:&cfff [sng-spawn] 0/69 sg c:12 
(Diki): > &c6ffdik:&cfff [sng-mega] 0/69 sg c:12 
(Milton): > &c666 mil&cfff [penta] &cf660&cfff/115 &cf60rl&cfff &c399lg&cfff:&cf663&cfff &c05fquad&cfff
(Milton): > &c666 mil&cfff [penta] &cf660&cfff/115 &cf60rl&cfff &c399lg&cfff:&cf663&cfff &c05fquad&cfff
(nit): > &cc36 nit&cfff [rl] 0&ce84/&cfff&cc9976&cfff &c0cfrl&cfff:5
(Milton): > &cf60 mil coming [penta]&cfff &c05fquad&cfff
(Milton): > &cf60 mil coming [lifts]&cfff &c05fquad&cfff
(Xterm): > &cc22 xte&cfff [sng-ledge] 142&cff0y&cfff&ce84/&cfff&cc9968&cfff &c0cfrl&cfff:6
(nit): > &cc36 nit&cfff [bridge.low] 0&ce84/&cfff&cc9976&cfff &c0cfrl&cfff:5
(Milton): > &c666 mil&cfff [lifts] &cf660&cfff/115 &cf60rl&cfff &c399lg&cfff:&cf663&cfff &c05fquad&cfff
(Xterm): > &cc22 xte&cfff [sng] 142&cff0y&cfff&ce84/&cfff&cc9968&cfff &c0cfrl&cfff:6
(Milton): > &c666 mil&cfff took &c0a0mega&cfff [penta/mega]
(Xterm): > &cc22 xte&cfff [sng-lifts] 142&cff0y&cfff&ce84/&cfff&cc9968&cfff &c0cfrl&cfff:6
(Milton): > &c666 mil&cfff [lifts] &cf660&cfff/114 &cf60rl&cfff &c399lg&cfff:&cf663&cfff &c05fquad&cfff
(Milton): > &c666 mil&cfff [lifts] &cf660&cfff/113 &cf60rl&cfff &c399lg&cfff:&cf663&cfff &c05fquad&cfff
(Xterm): > &cc22 xte&cfff [sng-lifts] 142&cff0y&cfff&ce84/&cfff&cc99100&cfff &c0cfrl&cfff:6
(Milton): > &c666 mil&cfff [under lifts] &cf660&cfff/111 &cf60rl&cfff &c399lg&cfff:&cf663&cfff &c05fquad&cfff
(nit): > &cc36 nit&cfff [ya.box] 150&cff0y&cfff&ce84/&cfff&cc99100&cfff &c0cfrl&cfff:9
(Diki): > &c6ffdik:&cfff [sng] 0/27 sng c:12 
(Diki): > &c6ffdik:&cfff [sng] 0/27 sng c:12 
(Milton): > &c666 mil&cfff took &c0a0mega&cfff [mega yard]
(nit): > &cc36 nit&cfff [ya] 150&cff0y&cfff&ce84/&cfff&cc99100&cfff &c0cfrl&cfff:9
(Milton): > &c666 mil&cfff [ra[tunnel]] &cf660&cfff/207 &cf60rl&cfff &c399lg&cfff:&cf660&cfff &c05fquad&cfff
(Xterm): > &cc22 xte&cfff [sng-ledge] 142&cff0y&cfff&ce84/&cfff&cc99100&cfff &c0cfrl&cfff:6
(Diki): > &c6ffdik:&cfff [ra-low] 0/27 sng c:12 
(Diki): > &c6ffdik:&cfff [ra-low] 0/27 sng c:12 
(nit): > &c3f0 nit&cfff &c3f0safe&cfff &c3f0[quad]&cfff  &c0ffrl&cfff
(Xterm): > &cc22 xte&cfff took &cf0fpack&cfff [sng]
(Milton): > &c666 mil&cfff [ra[low]] &cf660&cfff/103 &cf60rl&cfff&cf66:2&cfff &c399lg&cfff:&cf660&cfff &c05fquad&cfff
(Xterm): > &cc22 xte&cfff [sng-ledge] 88&cff0y&cfff&ce84/&cfff&cc9964&cfff &c0cfrl&cfff:57 &c0fflg&cfff:4
Quad Damage is wearing off
(Xterm): > &cc22 xte&cfff [sng-ledge] 88&cff0y&cfff&ce84/&cfff&cc9964&cfff &c0cfrl&cfff:57 &c0fflg&cfff:4
(nit): > &c3f0 nit&cfff &c3f0safe&cfff &c3f0[ya]&cfff  &c0ffrl&cfff
(Xterm): > &cc22 xte&cfff [sng] 88&cff0y&cfff&ce84/&cfff&cc9964&cfff &c0cfrl&cfff:57 &c0fflg&cfff:4
(nit): > &c3f0 nit&cfff &c3f0safe&cfff &c3f0[ya]&cfff  &c0ffrl&cfff
(Xterm): > &cc22 xte&cfff [sng] 88&cff0y&cfff&ce84/&cfff&cc9964&cfff &c0cfrl&cfff:57 &c0fflg&cfff:4
(Diki): > &c6ffdik:&cfff [ra-mid] 0/23 sng c:12 
(Diki): > &c6ffdik:&cfff [ra-mid] 0/23 sng c:12 
(Milton): > &c666 mil&cfff took &cf00ra&cfff [ra[up]]
(Xterm): > &cc22 xte&cfff took &c3f0mega&cfff [sng]
(Xterm): > &c3f0 xte&cfff &c3f0safe&cfff &c3f0[sng]&cfff  &c0ffrlg&cfff
(Milton): > &c666 mil&cfff [ra[up]] r200/73 &cf60rl&cfff&cf66:0&cfff &c399lg&cfff:&cf660&cfff 
(Xterm): > &c3f0 xte&cfff &c3f0safe&cfff &c3f0[sng-ledge]&cfff  &c0ffrlg&cfff
(Diki): > &c6ffdik:&cfff [ra-mid] 0/23 sng c:12 
(Diki): > &c6ffdik:&cfff [ra-mid] 0/23 sng c:12 
(Milton): > &c666 mil&cfff [ra[mid]] r200/73 &cf60rl&cfff&cf66:0&cfff &c399lg&cfff:&cf660&cfff 
(Xterm): > &cc22 xte&cfff [sng-tele] 88&cff0y&cfff&ce84/&cfff&cc99164&cfff &c0cfrl&cfff:57 &c0fflg&cfff:4
not enough ammo
(Xterm): > &c3f0 xte&cfff &c3f0safe&cfff &c3f0[sng]&cfff  &c0ffrlg&cfff
(Xterm): > &cc22 xte&cfff [sng] 88&cff0y&cfff&ce84/&cfff&cc99164&cfff &c0cfrl&cfff:57 &c0fflg&cfff:4
(Milton): > &c666 mil&cfff [ra[mid]] r200/73 &cf60rl&cfff&cf66:0&cfff &c399lg&cfff:&cf660&cfff 
(Xterm): > &c3f0 xte&cfff &c3f0safe&cfff &c3f0[sng]&cfff  &c0ffrlg&cfff
(Xterm): > &c3f0 xte&cfff &c3f0safe&cfff &c3f0[sng]&cfff  &c0ffrlg&cfff
(Milton): > &c666 mil&cfff [ra[mid]] r200/73 &cf60rl&cfff&cf66:0&cfff &c399lg&cfff:&cf660&cfff 
(Milton): > &c666 mil&cfff [ra[mid]] r200/73 &cf60rl&cfff&cf66:0&cfff &c399lg&cfff:&cf660&cfff 
(Xterm): > &cc22 xte&cfff [sng-ledge] 88&cff0y&cfff&ce84/&cfff&cc99162&cfff &c0cfrl&cfff:57 &c0fflg&cfff:4
(nit): > &cc36 nit&cfff &cf0fpack&cfff &ce84>&cfff [rl]
(Xterm): > &c3f0 xte&cfff &c3f0safe&cfff &c3f0[sng-ledge]&cfff  &c0ffrlg&cfff
(Milton): > &c666 mil&cfff [ra[mid]] r200/73 &cf60rl&cfff&cf66:0&cfff &c399lg&cfff:&cf660&cfff 
(Milton): > &c666 mil&cfff [ra[mid]] r200/73 &cf60rl&cfff&cf66:0&cfff &c399lg&cfff:&cf660&cfff 
(Xterm): > &cc22 xte&cfff [sng-ledge] 88&cff0y&cfff&ce84/&cfff&cc99160&cfff &c0cfrl&cfff:57 &c0fflg&cfff:4
[2] minutes remaining
Team [com] leads by 15 frags
(Diki): > &c6ffdik:&cfff [ya-box] 0/48 sng c:12 
(Diki): > &c6ffdik:&cfff [ya-box] 0/48 sng c:12 
(Diki): > &c6ffdik:&cfff took &cff0ya&cfff [ya-box]
(Diki): > &c6ffdik:&cfff took &cff0ya&cfff [ya-box]
(Milton): > &c666 mil&cfff [ra[low]] r145/64 &cf60rl&cfff &c399lg&cfff:&cf660&cfff 
(nit): > &cc36 nit&cfff [bridge.high] 54&cff0y&cfff&ce84/&cfff&cc9946&cfff &c0cfrl&cfff:9
(Diki): > &c6ffdik:&cfff [rl-stair] &cff0y&cfff150/63 sng c:12 
(Diki): > &c6ffdik:&cfff [rl-stair] &cff0y&cfff150/63 sng c:12 
(Xterm): > &cc22 xte&cfff coming [sng-tele]
(Milton): > &c666 mil&cfff [ra[low]] r109/56 &cf60rl&cfff&cf66:3&cfff &c399lg&cfff:&cf660&cfff 
(Xterm): > &cc22 xte&cfff [sng-tele] 88&cff0y&cfff&ce84/&cfff&cc99150&cfff &c0cfrl&cfff:57 &c0fflg&cfff:12
(Xterm): > &cc22 xte&cfff [sng-tele] 0&ce84/&cfff&cc9989&cfff &c0cfrl&cfff:55 &c0fflg&cfff:12
(nit): > &cf00 nit&cfff &cf00lost&cfff &cf00[ya]&cfff &cf001&cfff &c0ffdropped&cfff &c0cfrl&cfff
(nit): > &cf00 nit&cfff &cf00lost&cfff &cf00[ya]&cfff &cf001&cfff &c0ffdropped&cfff &c0cfrl&cfff
(nit): > &cf00 nit&cfff &cf00lost&cfff &cf00[ya]&cfff &cf001&cfff &c0ffdropped&cfff &c0cfrl&cfff
(Milton): > &c666 mil&cfff [ra[low]] r&cf6668&cfff/&cf6646&cfff &cf60rl&cfff&cf66:0&cfff &c399lg&cfff:&cf660&cfff 
(Xterm): > &cc22 xte&cfff [sng-tele] 0&ce84/&cfff&cc99100&cfff &c0cfrl&cfff:54 &c0fflg&cfff:12
(Diki): > &c6ffdik:&cfff [low-bridge] &cff0y&cfff120/&cf6645&cfff &c399lg&cfff:17 
(Diki): > &c6ffdik:&cfff [center-bridge] &cff0y&cfff120/&cf6645&cfff &c399lg&cfff:17 
(Xterm): > &cc22 xte&cfff [sng-ledge] 0&ce84/&cfff&cc9984&cfff &c0cfrl&cfff:53 &c0fflg&cfff:10
not enough ammo
not enough ammo
(Milton): > &c666 mil&cfff [ra[tunnel]] r&cf6668&cfff/&cf6646&cfff &cf60rl&cfff&cf66:0&cfff &c399lg&cfff:&cf660&cfff 
(Milton): > &c666 mil&cfff [ra[tunnel]] r&cf6668&cfff/&cf6646&cfff &cf60rl&cfff&cf66:0&cfff &c399lg&cfff:&cf660&cfff 
(Milton): > &c666 mil&cfff [ra[tunnel]] r&cf6668&cfff/&cf6646&cfff &cf60rl&cfff&cf66:0&cfff &c399lg&cfff:&cf660&cfff 
(Milton): > &c666 mil&cfff [ra[tunnel]] r&cf6668&cfff/&cf6646&cfff &cf60rl&cfff&cf66:0&cfff &c399lg&cfff:&cf660&cfff 
(Milton): > &c666 mil&cfff [ra[tunnel]] r&cf6668&cfff/&cf6646&cfff &cf60rl&cfff&cf66:0&cfff &c399lg&cfff:&cf660&cfff 
(Diki): > &c6ffdik:&cfff coming [ra-tunnel] 
(Diki): > &c6ffdik:&cfff coming [ra-tunnel] 
(nit): > &cf00 nit&cfff &cf00lost&cfff &cf00[water.lg]&cfff &cf001&cfff
(nit): > &cf00 nit&cfff &cf00lost&cfff &cf00[water.lg]&cfff &cf001&cfff
(Milton): > &c666 mil&cfff [mega yard] r&cf6668&cfff/&cf6646&cfff &cf60rl&cfff&cf66:0&cfff &c399lg&cfff:&cf660&cfff 
(Xterm): > &cc22 xte&cfff &c3f0team&cfff &c06fquad&cfff
(Xterm): > &cc22 xte&cfff [quad] 0&ce84/&cfff&cc9984&cfff &c0cfrl&cfff:51 &c0fflg&cfff:10 &c06fquad&cfff
(Milton): > &c666 mil&cfff [mega yard] r&cf6668&cfff/&cf6646&cfff &cf60rl&cfff&cf66:0&cfff &c399lg&cfff:&cf660&cfff 
(Diki): > &c6ffdik:&cfff [ra-tunnel] &cff0y&cfff90/&cf6627&cfff &c399lg&cfff:10 
(Diki): > &c6ffdik:&cfff [ra-tunnel] &cff0y&cfff90/&cf6627&cfff &c399lg&cfff:10 
(nit): > &cc36 nit&cfff &cf00enemy&cfff &ce84>&cfff [ra] 1
(Xterm): > &cc22 xte&cfff &c3f0team&cfff &c06fquad&cfff
(Xterm): > &cc22 xte&cfff &c3f0team&cfff &c06fquad&cfff
(Diki): > &c6ffdik:&cfff [ra-tunnel] &cff0y&cfff90/&cf6627&cfff &c399lg&cfff:10 
(Diki): > &c6ffdik:&cfff [ra-tunnel] &cff0y&cfff90/&cf6627&cfff &c399lg&cfff:10 
(Diki): > &c6ffdik:&cfff [center] &cff0y&cfff90/&cf6627&cfff &c399lg&cfff:10 
(Diki): > &c6ffdik:&cfff [center] &cff0y&cfff90/&cf6627&cfff &c399lg&cfff:10 
(Xterm): > &cc22 xte&cfff [sng] 0&ce84/&cfff&cc9922&cfff &c0cfrl&cfff:48 &c0fflg&cfff:10 &c06fquad&cfff
(Milton): > &c666 mil&cfff [ra[tunnel]] r&cf6625&cfff/&cf6637&cfff &cf60rl&cfff&cf66:0&cfff &c399lg&cfff:&cf660&cfff 
(Milton): > &c666 mil&cfff [ra[tunnel]] r&cf6625&cfff/&cf6637&cfff &cf60rl&cfff&cf66:0&cfff &c399lg&cfff:&cf660&cfff 
(Milton): > &c666 mil&cfff [ra[tunnel]] r&cf6625&cfff/&cf6637&cfff &cf60rl&cfff&cf66:0&cfff &c399lg&cfff:&cf660&cfff 
(Xterm): >       &cff0attack&cfff &cff0[sng]&cfff
(nit): > &cc36 nit&cfff [water] 0&ce84/&cfff&cc9927&cfff
(Xterm): >       &cff0attack&cfff &cff0[sng]&cfff
(ganon): >&c479gan:&cfff &cf00lost&cfff [sng-tele] 0
(ganon): >&c479gan:&cfff &cf00lost&cfff [sng-tele] 0
(ganon): >&c479gan:&cfff &cf00lost&cfff [sng-tele] 0
(ganon): >&c479gan:&cfff &cf00lost&cfff [sng-tele] 0
(bps): >&cc93bps:&cfff 0/100 &cf31rl&cfff&cf31:5&cfff [bridge-stairs] 
(carapace): >&c693car:&cfff &c931r&cfff200/96 &cf31rl&cfff&cf31:13&cfff [sng-lifts] 
(bps): >&cc93bps:&cfff 0/100 &cf31rl&cfff&cf31:4&cfff [ya-entry] 
(bps): >&cc93bps:&cfff took &cff0ya&cfff [ya-box]
(bps): >&cc93bps:&cfff took &cff0ya&cfff [ya-box]
(ganon): >&c479gan:&cfff &cf00dropped&cfff &cf31rl&cfff [ra] 1
(ganon): >&c479gan:&cfff &cf00dropped&cfff &cf31rl&cfff [ra] 1
(ganon): >&c479gan:&cfff &cf00dropped&cfff &cf31rl&cfff [ra] 1
(ganon): >&c479gan:&cfff &cf00dropped&cfff &cf31rl&cfff [ra] 1
(ganon): >&c479gan:&cfff &cf00lost&cfff [ra-tunnel] 1
(ganon): >&c479gan:&cfff &cf00lost&cfff [ra-tunnel] 1
(ganon): >&c479gan:&cfff &cf00lost&cfff [ra-tunnel] 1
(rst): >&c777rst:&cfff coming [lifts] need nothing
(rst): >&c777rst:&cfff coming [lifts] need nothing
(rst): >&c777rst:&cfff coming [lifts] need nothing
(carapace): >&c693car:&cfff took &cf00ra&cfff [ra]
(carapace): >&c693car:&cfff &c931r&cfff200/61 &cf31rl&cfff&cf31:53&cfff [ra] 
(carapace): >&c693car:&cfff &c0b0safe&cfff [ra-entry]
[1] minute remaining
Team [com] leads by 18 frags
(bps): >&cc93bps:&cfff &c991y&cfff140/100 &cf31rl&cfff&cf31:6&cfff [ya] 
(rst): >&c777rst:&cfff coming [ra-tunnel] need armor
(rst): >&c777rst:&cfff coming [ra-tunnel] need armor
(rst): >&c777rst:&cfff coming [ra-tunnel] need armor
(rst): >&c777rst:&cfff 0/80 &cf31rl&cfff&cf31:16&cfff &c29flg&cfff&c29f:9&cfff [ra-low] 
(bps): >&cc93bps:&cfff &c991y&cfff140/100 &cf31rl&cfff&cf31:4&cfff [window] 
(bps): >&cc93bps:&cfff &c0ffmega&cfff at [hill]
(carapace): >&c693car:&cfff &c931r&cfff134/145 &cf31rl&cfff&cf31:43&cfff [quad] &c05fquad&cfff
(ganon): >&c479gan:&cfff &c0b0safe&cfff [ya]
(ganon): >&c479gan:&cfff &c0b0safe&cfff [ya]
(ganon): >&c479gan:&cfff &c0b0safe&cfff [ya]
[30] seconds
(carapace): >&c693car:&cfff &c931r&cfff134/135 &cf31rl&cfff&cf31:37&cfff [window] &c05fquad&cfff
(bps): >&cbb0>&cfff &c0b0weapon killed!&cfff &c9b0(at lifts)&cfff \&c0ff0&cfff/
(bps): >&cc93bps:&cfff &c991y&cfff65/50 &cf31rl&cfff&cf31:20&cfff [pent] 
(bps): >&cc93bps:&cfff &c991y&cfff65/150 &cf31rl&cfff&cf31:20&cfff [water-tunnel] 
(carapace): >&c693car:&cfff &c931r&cfff56/101 &cf31rl&cfff&cf31:41&cfff [lifts] &c05fquad&cfff
[15] seconds
(bps): >&cc93bps:&cfff took &c29flg&cfff [water-lg]
(bps): >&cc93bps:&cfff took &c29flg&cfff [water-lg]
Quad Damage is wearing off
(carapace): >&c693car:&cfff &c931r&cfff56/100 &cf31rl&cfff&cf31:41&cfff [lifts-below] &c05fquad&cfff
[10] seconds
[9] seconds
[8] seconds
[7] seconds
[6] seconds
[5] seconds
[4] seconds
[3] seconds
[2] seconds
[1] second
(bps): >&cc93bps:&cfff 0/4 &cf31rl&cfff&cf31:17&cfff &c29flg&cfff&c29f:15&cfff [bridge-stairs] 
The match is over
trigger "onmatchover" has no matching alias

Player statistics:
______________________________________
Frags (rank) friendkills . efficiency
Team [com]:
__________
_ Xterm:
  36 (-7) 2 45.6%
Wp: lg34.3% (35/102) rl40.0% sg31.1%
RL skill: ad:88.4 dh:9
Armr&mhs: ga:0 ya:8 ra:4 mh:6
Powerups: Q:4 P:0 R:0
      RL: Took:8 Killed:2 Dropped:3
      LG: Took:4 Killed:4 Dropped:1
  Damage: Tkn:6586 Gvn:6125 EWep:2294 Tm:234 Self:235 ToDie:153
    Time: Quad:91
 Streaks: Frags:15 QuadRun:2
  SpawnFrags: 4
__________
_ nit:
  48 (-18) 3 42.1%
Wp: lg30.2% (32/106) rl45.5% sg41.6% ssg31.8%
RL skill: ad:79.2 dh:13
Armr&mhs: ga:0 ya:8 ra:5 mh:6
Powerups: Q:3 P:0 R:2
      RL: Took:9 Killed:5 Dropped:4
      LG: Took:7 Killed:4 Dropped:3
  Damage: Tkn:8936 Gvn:8471 EWep:3073 Tm:174 Self:200 ToDie:135
    Time: Quad:88
 Streaks: Frags:9 QuadRun:5
  SpawnFrags: 4
__________
_ Milton:
  62 (25) 2 62.6%
Wp: lg31.4% (49/156) rl48.8% gl100.0% sg50.0% ssg57.1%
RL skill: ad:90.3 dh:17
Armr&mhs: ga:0 ya:8 ra:7 mh:14
Powerups: Q:1 P:1 R:0
      RL: Took:7 Killed:6 Dropped:5 Xfer:3
      LG: Took:8 Killed:3 Dropped:2
  Damage: Tkn:6550 Gvn:8775 EWep:2136 Tm:580 Self:654 ToDie:177
    Time: Quad:30
 Streaks: Frags:29 QuadRun:3
  SpawnFrags: 3
__________
_ Diki:
  40 (-23) 0 38.8%
Wp: lg33.3% (59/177) rl73.7% sg33.7% ssg50.5%
RL skill: ad:76.4 dh:4
Armr&mhs: ga:0 ya:5 ra:3 mh:7
Powerups: Q:0 P:0 R:0
      RL: Took:5 Killed:1 Dropped:0
      LG: Took:13 Killed:2 Dropped:8
  Damage: Tkn:7947 Gvn:7028 EWep:1890 Tm:150 Self:141 ToDie:126
    Time: Quad:0
 Streaks: Frags:8 QuadRun:0
  SpawnFrags: 6

Team [-s-]:
__________
_ bps:
  60 (18) 5 58.8%
Wp: lg34.2% (41/120) rl51.6% gl11.1% sg37.6% ssg50.0%
RL skill: ad:84.2 dh:13
Armr&mhs: ga:0 ya:5 ra:9 mh:8
Powerups: Q:4 P:0 R:1
      RL: Took:4 Killed:5 Dropped:2 Xfer:1
      LG: Took:5 Killed:12 Dropped:2
  Damage: Tkn:6826 Gvn:9196 EWep:3746 Tm:495 Self:400 ToDie:162
    Time: Quad:96
 Streaks: Frags:42 QuadRun:4
  SpawnFrags: 4
__________
_ carapace:
  40 (3) 4 51.9%
Wp: lg42.9% (54/126) rl32.5% sg42.7% ssg38.9%
RL skill: ad:86.7 dh:13
Armr&mhs: ga:0 ya:4 ra:12 mh:7
Powerups: Q:5 P:2 R:0
      RL: Took:4 Killed:7 Dropped:1
      LG: Took:3 Killed:5 Dropped:2
  Damage: Tkn:6643 Gvn:7607 EWep:3422 Tm:1075 Self:374 ToDie:179
    Time: Quad:132
 Streaks: Frags:26 QuadRun:4
  SpawnFrags: 4
__________
_ rst:
  45 (-13) 1 43.7%
Wp: lg30.0% (9/30) rl56.9% gl28.6% sg39.9% ssg31.0%
RL skill: ad:79.5 dh:10
Armr&mhs: ga:0 ya:8 ra:5 mh:9
Powerups: Q:1 P:1 R:0
      RL: Took:8 Killed:7 Dropped:4 Xfer:2
      LG: Took:6 Killed:6 Dropped:2
  Damage: Tkn:8026 Gvn:6259 EWep:2030 Tm:75 Self:605 ToDie:138
    Time: Quad:16
 Streaks: Frags:9 QuadRun:0
  SpawnFrags: 3
__________
_ ganon:
  33 (-48) 3 28.9%
Wp: lg42.9% (12/28) rl60.5% sg52.3% ssg61.2%
RL skill: ad:74.7 dh:4
Armr&mhs: ga:0 ya:6 ra:2 mh:6
Powerups: Q:2 P:0 R:1
      RL: Took:7 Killed:6 Dropped:3 Xfer:1
      LG: Took:3 Killed:3 Dropped:2
  Damage: Tkn:8904 Gvn:6957 EWep:2903 Tm:308 Self:374 ToDie:109
    Time: Quad:6
 Streaks: Frags:7 QuadRun:1
  SpawnFrags: 5

______________________________________
[com] vs [-s-] match statistics:
______________________________________

weapons, powerups, armors&mhs, damage
______________________________________
[com]: Wp: lg32% rl43 gl1 sg37% ssg41%
Powerups: Q:8 P:1 R:2
Armr&mhs: ga:0 ya:29 ra:19 mh:33
      RL: Took:29 Killed:14 Dropped:12 Xfer:3
      LG: Took:32 Killed:13 Dropped:14
  Damage: Tkn:30019 Gvn:30399 EWep:9393 Tm:1138
    Time: Quad:209
[-s-]: Wp: lg38% rl40 gl2 sg44% ssg39%
Powerups: Q:12 P:3 R:2
Armr&mhs: ga:0 ya:23 ra:28 mh:30
      RL: Took:23 Killed:25 Dropped:10 Xfer:4
      LG: Took:17 Killed:26 Dropped:8
  Damage: Tkn:30399 Gvn:30019 EWep:12101 Tm:1953
    Time: Quad:250
______________________________________
[dm3] top scorers:
______________________________________
      Frags: Milton [62]
     Deaths: ganon [81]
Friendkills: bps [5]
 Efficiency: Milton [62.6%]
 FragStreak: bps [42]
    QuadRun: nit [5]
  RL Killer: carapace [7]
             rst [7]
Boomsticker: ganon [52.3%]
   Survivor: carapace [179]
Annihilator: bps [9196]

______________________________________

Team scores: frags . percentage
______________________________________
[com]: 186 . 51.1%
[-s-]: 178 . 48.9%
______________________________________
]log 08
