]playdemo 09
Playing demo from 09.mvd


_____________________________________

_Claustrophobopolis
mm is ready [020]
All players ready
Timer started
QiZmo: timer lag point disabled
Server starts recording (disk): 4on4_-s-_vs_020[dm2]150222-2219.mvd
matchdate: 2022-02-15 22:19:53 CET
trigger "onmatchstart" has no matching alias
The match has begun!
(rst): >&c777rst:&cfff 0/100 [ra-mega] 
(bps): >&cc93bps:&cfff 0/100 [big-stairs] 
(ganon): >&c479gan:&cfff 0/100 [low-button] 
(carapace): >&c693car:&cfff 0/100 [tele] 
(ok98): >&c25fok   &cfff &c0f0team&r &c05fquad&cfff
(raket): >  rkt  took &cf00ra&cfff [secret]
(raket): >  rkt  66&cf00r&cfff&ce84/&cfff&cc9927&cfff &c0cfrl&cfff:19 [big]
(grc): >haxx: &cf00lost&cfff &cf00[&cffflow.rl&cf00]&cfff 2
(ok98): &cf00>ok lost&r &cf00[&rtele.ya&cf00]&r 1
(ok98): &cf00>ok lost&r &cf00[&rtele.ya&cf00]&r 2
(ok98): &cf00>ok lost&r &cf00[&rhigh.rl&cf00]&r 2
(raket): >  rkt  26&cf00r&cfff&ce84/&cfff&cc9969&cfff &c0cfrl&cfff:16 [ra-mega]
(grc): >haxx: 0/25 &cf13rl&cfff:3 [secret]
(ok98): &cf00>ok lost&r &cf00[&rtele&cf00]&r 1
(raket): >  rkt  200&cf00r&cfff&ce84/&cfff&cc9969&cfff &c0cfrl&cfff:16 [path]
(ok98): &cf00>ok lost&r &cf00[&rtele&cf00]&r 1
(mm): >k: 0/200 [ra-mega] &cf13r&cfff:10
[19] minutes remaining
Team [-s-] leads by 2 frags
(grc): >haxx: &cf00lost&cfff &cf00[&cffftele.entry&cf00]&cfff 1
(rst): >&c777rst:&cfff &cf00dropped&cfff &cf31rl&cfff [quad-way] 1
(rst): >&c777rst:&cfff &cf00dropped&cfff &cf31rl&cfff [quad-way] 1
(rst): >&c777rst:&cfff &cf00dropped&cfff &cf31rl&cfff [quad-way] 1
(rst): >&c777rst:&cfff &cf00dropped&cfff &cf31rl&cfff [quad-way] 1
(rst): >&c777rst:&cfff &cf00dropped&cfff &cf31rl&cfff [quad-way] 1
(rst): >&c777rst:&cfff &cf00dropped&cfff &cf31rl&cfff [quad-way] 1
(rst): >&c777rst:&cfff &cf00dropped&cfff &cf31rl&cfff [quad-way] 1
(rst): >&c777rst:&cfff &cf00dropped&cfff &cf31rl&cfff [quad-way] 1
(carapace): >&c693car:&cfff took &cf00ra&cfff [ra-mega]
(grc): >haxx: 0/100 [big.stairs]
(mm): >k: 0/100 [tele-ya]
(raket): >  rkt  78&cf00r&cfff&ce84/&cfff&cc9974&cfff &c0cfrl&cfff:16 [quad]
(ok98): >&c25fok   &cfff 0/100 gl [high.rl] 
(raket): >  rkt  16&cf00r&cfff&ce84/&cfff&cc9984&cfff &c0cfrl&cfff:16 [tele]
(raket): >  rkt  16&cf00r&cfff&ce84/&cfff&cc9984&cfff &c0cfrl&cfff:16 [tele]
(raket): >  rkt  16&cf00r&cfff&ce84/&cfff&cc9984&cfff &c0cfrl&cfff:16 [tele]
(ok98): >&c25fok   &cfff 0/100 gl [tele.high] 
(grc): >haxx: &cff094&cfff/59 [ng]
(grc): >haxx: &cf00lost&cfff &cf00[&cffflow.rl&cf00]&cfff 4
(grc): >haxx: &cf00lost&cfff &cf00[&cffflow.rl&cf00]&cfff 4
(ok98): >&c25fok   &cfff 0/100 gl [high.rl] 
(ok98): >&c25fok   &cfff 0/100 gl [high.rl] 
(grc): >haxx: 0/100 [tele]
(raket): >  rkt  150&cff0y&cfff&ce84/&cfff&cc99184&cfff &c0cfrl&cfff:32 [gl]
(ok98): >&c25fok   &cfff 0/100 gl [high.rl] 
(grc): >haxx: 0/100 [tele.ya]
(ok98): >&c25fok   &cfff 0/100 gl [quad.way] 
(grc): >haxx: 0/84 &cf13rl&cfff:9 [tele]
(grc): >haxx: 0/84 &cf13rl&cfff:9 [tele]
(ok98): >&c25fok   &cfff 0/100 gl [ng] 
(ok98): >&c25fok   &cfff coming [ng] 
(raket): >  rkt  &c0ffpack&cfff &ce84>&cfff [big]
(raket): >  rkt  &c0ffpack&cfff &ce84>&cfff [big]
(raket): >  rkt  &c0ffpack&cfff &ce84>&cfff [big]
(grc): >haxx: &cf00DROPPED &cf13rl&cfff &cf00[&cfffquad&cf00]&cfff 3
(grc): >haxx: &cf00DROPPED &cf13rl&cfff &cf00[&cfffquad&cf00]&cfff 3
(ok98): >&c25fok   &cfff took &cff0ya&cfff [big]
(grc): >haxx: &cf00lost&cfff &cf00[&cfffng&cf00]&cfff 1
(grc): >haxx: &cf00lost&cfff &cf00[&cfffng&cf00]&cfff 1
[18] minutes remaining
Team [-s-] leads by 2 frags
(rst): >&c777rst:&cfff &c0b0safe&cfff [quad-way]
(rst): >&c777rst:&cfff &c0b0safe&cfff [quad-way]
(carapace): >&c693car:&cfff &c931r&cfff2/24 &cf31rl&cfff&cf31:8&cfff [quad-way] &c05fquad&cfff
(rst): >&c777rst:&cfff &cf2apack&cfff at [quad-low]
(bps): >&cc93bps:&cfff 0/100 [water] 
(bps): >&cc93bps:&cfff 0/100 [ng] 
(rst): >&c777rst:&cfff &c0b0safe&cfff [quad]
(carapace): >&c693car:&cfff &cf00lost&cfff [quad-way] 1
(carapace): >&c693car:&cfff &cf00lost&cfff [quad-way] 1
(raket): >  rkt  150&cff0y&cfff&ce84/&cfff&cc99100&cfff [high]
(grc): >haxx: &ce00200&cfff/165 &cf13rl&cfff:5 [ra.mega]
(ok98): &cf00>ok lost&r &cf00[&rhigh.rl&cf00]&r 1
(bps): >&cc93bps:&cfff 0/76 [path-lift] 
(carapace): >&c693car:&cfff &cf00lost&cfff [big-stairs] 1
(bps): >&cc93bps:&cfff ganon at [floating]
(bps): >&cc93bps:&cfff 0/100 [big-stairs] 
(ganon): >&c479gan:&cfff &c0b0safe&cfff [tele-high]
(ganon): >&c479gan:&cfff &c0b0safe&cfff [tele-high]
(carapace): >&c693car:&cfff 0/100 [tele] 
(bps): >&cc93bps:&cfff &c991y&cfff138/92 [big] 
(rst): >&c777rst:&cfff 0/65 &cf31rl&cfff&cf31:0&cfff [tele] 
(carapace): >&c693car:&cfff &cb1akill me&cfff [tele-ya] r:10
(rst): >&c777rst:&cfff &c0b0safe&cfff [tele-ya]
(rst): >&c777rst:&cfff took &cf2apack&cfff [tele-ya]
(carapace): >&c693car:&cfff 0/100 [water] 
(ganon): >&c479gan:&cfff &c0b0safe&cfff [tele-high]
(ganon): >&c479gan:&cfff &c0b0safe&cfff [tele-high]
(rst): >&c777rst:&cfff &c0b0safe&cfff [tele]
(bps): >&cc93bps:&cfff 0/100 [big-stairs] 
(carapace): >&c693car:&cfff &c931r&cfff200/24 [secret] 
(carapace): >&c693car:&cfff took &cf00ra&cfff [secret]
(carapace): >&c693car:&cfff &c931r&cfff200/24 [quad-low] 
(ganon): >&c479gan:&cfff 0/74 &cf31rl&cfff&cf31:25&cfff [quad-low] 
(ganon): >&c479gan:&cfff 0/74 &cf31rl&cfff&cf31:25&cfff [ng] 
(ganon): >&c479gan:&cfff &cf00lost&cfff [ng] 3
(ganon): >&c479gan:&cfff &cf00lost&cfff [ng] 3
(ganon): >&c479gan:&cfff &cf00lost&cfff [ng] 3
(bps): >&cc93bps:&cfff 0/100 &cf31rl&cfff&cf31:25&cfff [quad] 
(rst): >&c777rst:&cfff &cf00dropped&cfff &cf31rl&cfff [tele] 1
(rst): >&c777rst:&cfff &cf00dropped&cfff &cf31rl&cfff [tele] 1
(rst): >&c777rst:&cfff &cf00dropped&cfff &cf31rl&cfff [tele] 1
(rst): >&c777rst:&cfff &cf00dropped&cfff &cf31rl&cfff [tele] 1
(rst): >&c777rst:&cfff &cf00dropped&cfff &cf31rl&cfff [tele] 1
(rst): >&c777rst:&cfff &cf00dropped&cfff &cf31rl&cfff [tele] 1
(rst): >&c777rst:&cfff &cf00dropped&cfff &cf31rl&cfff [tele] 1
(rst): >&c777rst:&cfff &cf00dropped&cfff &cf31rl&cfff [tele] 1
(rst): >&c777rst:&cfff &cf00dropped&cfff &cf31rl&cfff [tele] 1
FloodProt: You can't talk for 1 seconds.
(mm): >k: &ce002&cfff/96 &cf13rl&cfff:3 [path-lift]
(raket): >  rkt  0&ce84/&cfff&cc9916&cfff &c0cfrl&cfff:24 [tele]
(ok98): >&c25fok   &cfff coming [secret] 
(ok98): >&c25fok   &cfff 0/100 sg [ra.mega] 
[17] minutes remaining
Team [-s-] leads by 4 frags
(raket): >  rkt  150&cff0y&cfff&ce84/&cfff&cc9916&cfff &c0cfrl&cfff:34 [quad-way]
(ok98): &cf00>ok lost&r &cf00[&rlow.rl&cf00]&r 1
(grc): >haxx: &ce004&cfff/85 &cf13rl&cfff:2 [secret]
(grc): >haxx: &ce004&cfff/85 &cf13rl&cfff:2 [secret]
(mm): >k: &ce00200&cfff/67 &cf13rl&cfff:2 [ra-mega]
(mm): >k: &ce00200&cfff/67 &cf13rl&cfff:2 [ra-mega]
(raket): >  rkt  46&cff0y&cfff&ce84/&cfff&cc9956&cfff &c0cfrl&cfff:28 [tele] &c06fquad&cfff
(raket): >  rkt  46&cff0y&cfff&ce84/&cfff&cc9956&cfff &c0cfrl&cfff:28 [tele] &c06fquad&cfff
(grc): >haxx: &ce004&cfff/85 &cf13rl&cfff:2 [secret]
(mm): >k: &cf00ra&cfff at [ra-mega] 0
(ok98): >&c25fok   &cfff took rox [high.rl]
(mm): >k: &ce0084&cfff/42 &cf13rl&cfff:6 [ra-mega]
(ok98): >&c25fok   &cfff 0/100 &cf13rl&cfff&cf30:10&r [tele] 
Quad Damage is wearing off
(ok98): &c0b0>ok safe&cfff &c0b0[&cffftele.ya&c0b0]&cfff
(mm): >k: &ce0084&cfff/42 &cf13rl&cfff:4 [low-rl]
(raket): >  rkt  &cf00lost&cfff &cf00[water]&cfff &cf003&cfff &c0ffdropped&cfff &c0cfrl&cfff
(raket): >  rkt  &cf00lost&cfff &cf00[water]&cfff &cf003&cfff &c0ffdropped&cfff &c0cfrl&cfff
(raket): >  rkt  &cf00lost&cfff &cf00[water]&cfff &cf003&cfff &c0ffdropped&cfff &c0cfrl&cfff
(raket): >  rkt  &cf00lost&cfff &cf00[water]&cfff &cf003&cfff
(raket): >  rkt  &cf00lost&cfff &cf00[water]&cfff &cf003&cfff
(mm): >k: &ce0084&cfff/92 &cf13rl&cfff:4 [low-rl]
(grc): >haxx: &ce0020&cfff/90 &cf13rl&cfff:10 [high.rl]
(grc): >haxx: &ce0020&cfff/90 &cf13rl&cfff:10 [high.rl]
no weapon
(ok98): &c0b0>ok safe&cfff &c0b0[&cffftele.ya&c0b0]&cfff
(ok98): &c0b0>ok safe&cfff &c0b0[&cffftele.ya&c0b0]&cfff
(ok98): &c0b0>ok safe&cfff &c0b0[&cffftele.ya&c0b0]&cfff
(ok98): >&c25fok   &cfff took &cff0ya&cfff [tele.ya]
(grc): >haxx: &ce0020&cfff/90 &cf13rl&cfff:10 [gl]
(grc): >haxx: &ce0020&cfff/90 &cf13rl&cfff:10 [gl]
(grc): >haxx: &ce0020&cfff/90 &cf13rl&cfff:10 [gl]
(ok98): &c0b0>ok safe&cfff &c0b0[&cffftele.ya&c0b0]&cfff
(ok98): &c0b0>ok safe&cfff &c0b0[&cffftele.ya&c0b0]&cfff
(mm): >k: 0/7 &cf13rl&cfff:5 [ra-mega]
(grc): >haxx: &ce0016&cfff/89 &cf13rl&cfff:10 [big.stairs]
(ok98): >&c25fok   &cfff &cff0132&cfff/90 &cf13rl&cfff&cf30:6&r [tele.high] 
(mm): >k: &ce00200&cfff/107 &cf13rl&cfff:5 [ra-mega]
(ok98): >&c25fok   &cfff &cff087&cfff/63 &cf13rl&cfff&cf30:3&r [floating] 
[16] minutes remaining
Team [020] leads by 1 frag
(mm): >k: &c0b0raket&cfff at [low-rl] 1
(raket): >  rkt  0&ce84/&cfff&cc99100&cfff [low]
(raket): >  rkt  0&ce84/&cfff&cc99100&cfff [low]
(ok98): >&c25fok   &cfff &cff087&cfff/163 &cf13rl&cfff&cf30:18&r [gl] 
(raket): >  rkt  &cff0help&cfff &cff0[low]&cfff
(raket): >  rkt  &cff0help&cfff &cff0[low]&cfff
(raket): >  rkt  &cff0help&cfff &cff0[low]&cfff
(carapace): >&c693car:&cfff took &cf2apack&cfff [quad-way]
(carapace): >&c693car:&cfff &c931r&cfff171/42 &cf31rl&cfff&cf31:43&cfff [quad-way] &c05fquad&cfff
(rst): >&c777rst:&cfff &c991y&cfff7/94 &cf31rl&cfff&cf31:17&cfff [tele-ya] 
(bps): >&cc93bps:&cfff &c991y&cfff150/53 &cf31rl&cfff&cf31:8&cfff [tele-entry] 
(carapace): >&c693car:&cfff &c931r&cfff171/42 &cf31rl&cfff&cf31:43&cfff [floating] &c05fquad&cfff
(carapace): >&c693car:&cfff &c931r&cfff167/66 &cf31rl&cfff&cf31:43&cfff [ng] &c05fquad&cfff
(carapace): >&c693car:&cfff &c931r&cfff167/66 &cf31rl&cfff&cf31:43&cfff [ng] &c05fquad&cfff
(bps): >&cc93bps:&cfff ganon at [path-lift]
(bps): >&cc93bps:&cfff &c991y&cfff108/26 &cf31rl&cfff&cf31:4&cfff [path] 
(carapace): >&c693car:&cfff &c931r&cfff167/100 &cf31rl&cfff&cf31:42&cfff [low-rl] &c05fquad&cfff
(bps): >&cc93bps:&cfff &c991y&cfff63/39 &cf31rl&cfff&cf31:0&cfff [secret] 
Quad Damage is wearing off
(rst): >&c777rst:&cfff &cf31rox&cfff at [tele]
(bps): >&cc93bps:&cfff &c991y&cfff63/64 &cf31rl&cfff&cf31:0&cfff [tele] 
(bps): >&cc93bps:&cfff &c0b0safe&cfff [tele-ya]
(carapace): >&c693car:&cfff &cf00lost&cfff [low-button] 4
(carapace): >&c693car:&cfff 0/100 [ng] 
(grc): >haxx: &ce00166&cfff/46 &cf13rl&cfff:3 [ra.mega]
(ok98): &cf00>ok lost&r &cf00[&rpath&cf00]&r 3
(raket): >  rkt  0&ce84/&cfff&cc9980&cfff rox:41 [ra-mega]
(raket): >  rkt  0&ce84/&cfff&cc9980&cfff rox:41 [ra-mega]
(grc): >haxx: &ce00166&cfff/46 &cf13rl&cfff:3 [low.rl]
(ok98): >&c25fok   &cfff 0/100 sg [ng] 
[15] minutes remaining
Team [-s-] leads by 3 frags
(ok98): >&c25fok   &cfff 0/100 sg [secret] 
(bps): >&cc93bps:&cfff &c0b0safe&cfff [quad]
(bps): >&cc93bps:&cfff rst at [ng]
(carapace): >&c693car:&cfff &c991y&cfff147/98 &cf31rl&cfff&cf31:10&cfff [quad-button] 
(bps): >&cc93bps:&cfff &c0b0team&cfff &c05fquad&cfff
(bps): >&cc93bps:&cfff &c0b0team&cfff &c05fquad&cfff
(bps): >&cc93bps:&cfff &c0b0team&cfff &c05fquad&cfff
(bps): >&cc93bps:&cfff &c0b0team&cfff &c05fquad&cfff
(carapace): >&c693car:&cfff &c991y&cfff147/100 &cf31rl&cfff&cf31:8&cfff [water] 
(bps): >&cc93bps:&cfff &c991y&cfff63/145 &cf31rl&cfff&cf31:23&cfff [quad-low] &c05fquad&cfff
(rst): >&c777rst:&cfff &c0b0safe&cfff [tele]
(rst): >&c777rst:&cfff &c0b0safe&cfff [tele]
(rst): >&c777rst:&cfff &c0b0safe&cfff [tele]
(bps): >&cc93bps:&cfff &c991y&cfff19/108 &cf31rl&cfff&cf31:19&cfff [big-stairs] &c05fquad&cfff
(bps): >&cc93bps:&cfff &c991y&cfff19/105 &cf31rl&cfff&cf31:18&cfff [big-button] &c05fquad&cfff
(bps): >&cc93bps:&cfff &c991y&cfff19/103 &cf31rl&cfff&cf31:18&cfff [low-rl] &c05fquad&cfff
(bps): >&cc93bps:&cfff ganon at [low-lift]
(bps): >&cc93bps:&cfff &c991y&cfff19/102 &cf31rl&cfff&cf31:18&cfff [low-rl] &c05fquad&cfff
(bps): >&cc93bps:&cfff &c991y&cfff19/102 &cf31rl&cfff&cf31:18&cfff [low-rl] &c05fquad&cfff
Quad Damage is wearing off
(carapace): >&c693car:&cfff &c991y&cfff113/91 &cf31rl&cfff&cf31:2&cfff [tele] 
(bps): >&cc93bps:&cfff &cf2apack&cfff at [low-rl]
(bps): >&cc93bps:&cfff &c991y&cfff14/97 &cf31rl&cfff&cf31:12&cfff [path-lift] 
(ganon): >&c479gan:&cfff took &cf00ra&cfff [secret]
(rst): >&c777rst:&cfff &cf2apack&cfff at [ng]
(rst): >&c777rst:&cfff &cf2apack&cfff at [tele]
(bps): >&cc93bps:&cfff carapace at [tele]
(bps): >&cc93bps:&cfff &c991y&cfff14/97 &cf31rl&cfff&cf31:12&cfff [tele] 
(rst): >&c777rst:&cfff &c991y&cfff44/80 &cf31rl&cfff&cf31:20&cfff [tele] 
(carapace): >&c693car:&cfff &c991y&cfff113/100 &cf31rl&cfff&cf31:11&cfff [tele] 
(carapace): >&c693car:&cfff coming [tele] need nothing
(bps): >&cc93bps:&cfff took &c0ffmega&cfff [gl]
[14] minutes remaining
Team [-s-] leads by 16 frags
(bps): >&cc93bps:&cfff &c991y&cfff150/194 &cf31rl&cfff&cf31:26&cfff [quad-button] 
(bps): >&cc93bps:&cfff ganon at [quad-low]
(rst): >&c777rst:&cfff &c0b0safe&cfff [tele-ya]
(rst): >&c777rst:&cfff &c0b0safe&cfff [tele-ya]
(bps): >&cc93bps:&cfff &cf00lost&cfff [tele] 1
(carapace): >&c693car:&cfff &c0b0team&cfff &c05fquad&cfff
(carapace): >&c693car:&cfff &c0b0team&cfff &c05fquad&cfff
(bps): >&cc93bps:&cfff took &cf31rl&cfff [high-rl]
(rst): >&c777rst:&cfff &c0b0safe&cfff [tele-entry]
(bps): >&cc93bps:&cfff took &cf31rl&cfff [high-rl]
(rst): >&c777rst:&cfff &c0b0safe&cfff [tele-entry]
(bps): >&cc93bps:&cfff &c05fquaded&cfff carapace at [quad-way]
(carapace): >&c693car:&cfff &c991y&cfff113/100 &cf31rl&cfff&cf31:6&cfff [quad] &c05fquad&cfff
(bps): >&cc93bps:&cfff 0/100 &cf31rl&cfff&cf31:10&cfff [tele-high] 
(carapace): >&c693car:&cfff &c991y&cfff54/100 &cf31rl&cfff&cf31:4&cfff [low-rl] &c05fquad&cfff
(bps): >&cc93bps:&cfff &c0b0safe&cfff [high-rl]
(rst): >&c777rst:&cfff &cf00lost&cfff [ng] 1
(rst): >&c777rst:&cfff &cf00lost&cfff [ng] 1
(rst): >&c777rst:&cfff &cf00lost&cfff [ng] 1
(rst): >&c777rst:&cfff &cf00lost&cfff [ng] 1
(rst): >&c777rst:&cfff &cf00lost&cfff [ng] 1
(rst): >&c777rst:&cfff &cf00lost&cfff [ng] 1
(bps): >&cc93bps:&cfff ganon at [high-rl]
(carapace): >&c693car:&cfff &c931r&cfff200/100 &cf31rl&cfff&cf31:3&cfff [secret] &c05fquad&cfff
(bps): >&cc93bps:&cfff 0/100 &cf31rl&cfff&cf31:18&cfff [quad-way] 
(rst): >&c777rst:&cfff &c991y&cfff150/100 [high-rl] 
(rst): >&c777rst:&cfff &c991y&cfff150/100 [high-rl] 
(ganon): >&c479gan:&cfff &c991y&cfff81/100 &cf31rl&cfff&cf31:0&cfff [high-rl] 
(carapace): >&c693car:&cfff &c931r&cfff200/100 &cf31rl&cfff&cf31:3&cfff [ng] &c05fquad&cfff
(rst): >&c777rst:&cfff &c991y&cfff150/100 [high-rl] 
(ganon): >&c479gan:&cfff &c991y&cfff81/100 &cf31rl&cfff&cf31:0&cfff [high-rl] 
(bps): >&cc93bps:&cfff 0/100 &cf31rl&cfff&cf31:33&cfff [tele-entry] 
(bps): >&cc93bps:&cfff 0/100 &cf31rl&cfff&cf31:33&cfff [tele] 
(bps): >&cc93bps:&cfff 0/100 &cf31rl&cfff&cf31:33&cfff [tele] 
(ganon): >&c479gan:&cfff &c991y&cfff81/100 &cf31rl&cfff&cf31:0&cfff [tele-high] 
(ganon): >&c479gan:&cfff &c991y&cfff81/100 &cf31rl&cfff&cf31:0&cfff [tele-high] 
(ganon): >&c479gan:&cfff &c991y&cfff81/100 &cf31rl&cfff&cf31:0&cfff [tele-high] 
Quad Damage is wearing off
(bps): >&cc93bps:&cfff &c0b0safe&cfff [tele-ya]
(bps): >&cc93bps:&cfff &c0b0safe&cfff [tele-ya]
(bps): >&cc93bps:&cfff &c0b0safe&cfff [tele-ya]
(bps): >&cc93bps:&cfff &c0b0safe&cfff [tele-ya]
(carapace): >&c693car:&cfff took &cf2apack&cfff [low-rl]
(ganon): >&c479gan:&cfff &c0b0safe&cfff [tele-high]
(ganon): >&c479gan:&cfff &c0b0safe&cfff [tele-high]
(carapace): >&c693car:&cfff &c931r&cfff8/100 &cf31rl&cfff&cf31:13&cfff [secret] 
(rst): >&c777rst:&cfff &cf00enemy&cfff at [ng]
(bps): >&cc93bps:&cfff took &cff0ya&cfff [tele-ya]
(bps): >&cc93bps:&cfff &c0b0safe&cfff [tele]
(carapace): >&c693car:&cfff &c931r&cfff200/100 &cf31rl&cfff&cf31:13&cfff [secret] 
(bps): >&cc93bps:&cfff &c991y&cfff150/100 &cf31rl&cfff&cf31:31&cfff [ng] 
(carapace): >&c693car:&cfff &c931r&cfff200/100 &cf31rl&cfff&cf31:13&cfff [tele] 
[13] minutes remaining
Team [-s-] leads by 26 frags
(carapace): >&c693car:&cfff &c0b0safe&cfff [tele-ya]
(carapace): >&c693car:&cfff &c931r&cfff200/100 &cf31rl&cfff&cf31:11&cfff [tele-high] 
(carapace): >&c693car:&cfff &c0b0safe&cfff [quad]
(ganon): >&c479gan:&cfff &c0b0safe&cfff [tele-high]
(ganon): >&c479gan:&cfff &c0b0safe&cfff [tele-high]
(bps): >&cc93bps:&cfff 0/41 &cf31rl&cfff&cf31:18&cfff [secret] 
(bps): >&cc93bps:&cfff 0/41 &cf31rl&cfff&cf31:18&cfff [secret] 
(bps): >&cc93bps:&cfff took &ce00ra&cfff [secret]
(carapace): >&c693car:&cfff &c0b0team&cfff &c05fquad&cfff
(carapace): >&c693car:&cfff &c0b0team&cfff &c05fquad&cfff
(rst): >&c777rst:&cfff &cf2apack&cfff at [tele]
(carapace): >&c693car:&cfff &c931r&cfff200/100 &cf31rl&cfff&cf31:11&cfff [ng] &c05fquad&cfff
(rst): >&c777rst:&cfff &c0b0safe&cfff [tele-ya]
(rst): >&c777rst:&cfff &c0b0safe&cfff [tele-ya]
(ganon): >&c479gan:&cfff &c0b0safe&cfff [big]
(carapace): >&c693car:&cfff &c0b0safe&cfff [low-rl]
(ganon): >&c479gan:&cfff &c0b0safe&cfff [big]
(rst): >&c777rst:&cfff &c0b0safe&cfff [tele]
(rst): >&c777rst:&cfff &c0b0safe&cfff [tele]
(rst): >&c777rst:&cfff &c0b0safe&cfff [tele]
(bps): >&cc93bps:&cfff &c931r&cfff190/89 &cf31rl&cfff&cf31:13&cfff [tele-entry] 
(carapace): >&c693car:&cfff &c931r&cfff187/97 &cf31rl&cfff&cf31:18&cfff [low-rl] &c05fquad&cfff
(bps): >&cc93bps:&cfff &c931r&cfff190/89 &cf31rl&cfff&cf31:11&cfff [floating] 
Quad Damage is wearing off
(carapace): >&c693car:&cfff &c0b0safe&cfff [low-rl]
(bps): >&cc93bps:&cfff &c931r&cfff190/100 &cf31rl&cfff&cf31:21&cfff [quad-low] 
(ganon): >&c479gan:&cfff &c0b0safe&cfff [ng]
(ganon): >&c479gan:&cfff &c0b0safe&cfff [ng]
(bps): >&cc93bps:&cfff carapace at [path-lift]
(rst): >&c777rst:&cfff &c0b0safe&cfff [tele]
(rst): >&c777rst:&cfff &c0b0safe&cfff [tele]
(carapace): >&c693car:&cfff 0/31 &cf31rl&cfff&cf31:11&cfff [path] 
(carapace): >&c693car:&cfff &cf00dropped&cfff &cf31rl&cfff [path-lift] 1
(carapace): >&c693car:&cfff &cf00dropped&cfff &cf31rl&cfff [path-lift] 1
(carapace): >&c693car:&cfff &cf00dropped&cfff &cf31rl&cfff [path-lift] 1
(carapace): >&c693car:&cfff &cf00dropped&cfff &cf31rl&cfff [path-lift] 1
(carapace): >&c693car:&cfff took &cf2apack&cfff [low-lift]
(carapace): >&c693car:&cfff &c931r&cfff200/40 &cf31rl&cfff&cf31:10&cfff [secret] 
[12] minutes remaining
Team [-s-] leads by 48 frags
(carapace): >&c693car:&cfff took &cf00ra&cfff [secret]
(bps): >&cc93bps:&cfff &c931r&cfff108/81 &cf31rl&cfff&cf31:14&cfff [path-lift] 
(bps): >&cc93bps:&cfff &c931r&cfff108/81 &cf31rl&cfff&cf31:11&cfff [low-lift] 
(bps): >&cc93bps:&cfff &c931r&cfff108/100 &cf31rl&cfff&cf31:10&cfff [low-lift] 
(bps): >&cc93bps:&cfff &c931r&cfff101/99 &cf31rl&cfff&cf31:10&cfff [ng] 
(rst): >&c777rst:&cfff &c0b0safe&cfff [tele-high]
(rst): >&c777rst:&cfff &c0b0safe&cfff [tele-high]
(rst): >&c777rst:&cfff &c991y&cfff150/183 &cf31rl&cfff&cf31:31&cfff [tele-high] 
(rst): >&c777rst:&cfff &cf31rl&cfff at [high-rl]
(carapace): >&c693car:&cfff &c0b0team&cfff &c05fquad&cfff
(carapace): >&c693car:&cfff &c0b0team&cfff &c05fquad&cfff
(rst): >&c777rst:&cfff &cf31rl&cfff at [high-rl]
(rst): >&c777rst:&cfff &cf31rl&cfff at [high-rl]
(carapace): >&c693car:&cfff &c931r&cfff174/100 &cf31rl&cfff&cf31:8&cfff [ng] &c05fquad&cfff
(carapace): >&c693car:&cfff &cf2apack&cfff at [ng]
(bps): >&cc93bps:&cfff &c931r&cfff101/100 &cf31rl&cfff&cf31:6&cfff [path-lift] 
(ganon): >&c479gan:&cfff &c991y&cfff35/52 &cf31rl&cfff&cf31:3&cfff [ng] 
(rst): >&c777rst:&cfff &c991y&cfff150/176 &cf31rl&cfff&cf31:41&cfff [high-rl] 
(bps): >&cc93bps:&cfff took &ce00ra&cfff [secret]
(ganon): >&c479gan:&cfff &c991y&cfff35/77 &cf31rl&cfff&cf31:3&cfff [tele] 
(ganon): >&c479gan:&cfff &c991y&cfff35/77 &cf31rl&cfff&cf31:3&cfff [tele-ya] 
(bps): >&cc93bps:&cfff &c931r&cfff200/96 &cf31rl&cfff&cf31:3&cfff [tele-high] 
(rst): >&c777rst:&cfff &c0b0safe&cfff [tele-entry]
(bps): >&cc93bps:&cfff &c931r&cfff200/96 &cf31rl&cfff&cf31:3&cfff [tele-high] 
(bps): >&cc93bps:&cfff ganon at [tele-high]
(ganon): >&c479gan:&cfff &c991y&cfff150/77 &cf31rl&cfff&cf31:3&cfff [high-rl] 
Quad Damage is wearing off
(carapace): >&c693car:&cfff took &cf00ra&cfff [secret]
(ganon): >&c479gan:&cfff &c991y&cfff150/77 &cf31rl&cfff&cf31:3&cfff [high-rl] 
(carapace): >&c693car:&cfff &c931r&cfff164/100 &cf31rl&cfff&cf31:1&cfff [path] 
(carapace): >&c693car:&cfff &c931r&cfff164/100 &cf31rl&cfff&cf31:0&cfff [ng] 
(carapace): >&c693car:&cfff took &cf31rox&cfff [tele]
(carapace): >&c693car:&cfff &c931r&cfff131/93 &cf31rl&cfff&cf31:10&cfff [tele] 
(rst): >&c777rst:&cfff took &cff0ya&cfff [tele-ya]
(bps): >&cc93bps:&cfff 0/37 &cf31rl&cfff&cf31:6&cfff [ng] 
[11] minutes remaining
Team [-s-] leads by 66 frags
(carapace): >&c693car:&cfff &c0b0safe&cfff [high-rl]
(bps): >&cc93bps:&cfff 0/62 &cf31rl&cfff&cf31:6&cfff [tele] 
(carapace): >&c693car:&cfff &c931r&cfff131/93 &cf31rl&cfff&cf31:9&cfff [tele-high] 
(bps): >&cc93bps:&cfff &c0b0safe&cfff [tele-ya]
(bps): >&cc93bps:&cfff 0/87 &cf31rl&cfff&cf31:6&cfff [tele-ya] 
(ganon): >&c479gan:&cfff &c0b0safe&cfff [ng]
(ganon): >&c479gan:&cfff &c0b0safe&cfff [ng]
(carapace): >&c693car:&cfff &c0b0team&cfff &c05fquad&cfff
(carapace): >&c693car:&cfff &c0b0team&cfff &c05fquad&cfff
(rst): >&c777rst:&cfff &c0b0safe&cfff [ng]
(rst): >&c777rst:&cfff &c0b0safe&cfff [ng]
(bps): >&cc93bps:&cfff took &c299gl&cfff [gl]
(carapace): >&c693car:&cfff &c931r&cfff131/100 &cf31rl&cfff&cf31:8&cfff [low-rl] &c05fquad&cfff
(bps): >&cc93bps:&cfff &c0b0safe&cfff [floating]
(ganon): >&c479gan:&cfff &c0b0safe&cfff [ng]
(ganon): >&c479gan:&cfff &c0b0safe&cfff [ng]
(rst): >&c777rst:&cfff &cf00ra&cfff at [secret]
(bps): >&cc93bps:&cfff &c991y&cfff150/181 &cf31rl&cfff&cf31:31&cfff [big] 
(bps): >&cc93bps:&cfff &c991y&cfff150/181 &cf31rl&cfff&cf31:31&cfff [big] 
(carapace): >&c693car:&cfff &c931r&cfff43/78 &cf31rl&cfff&cf31:3&cfff [low-stairs] &c05fquad&cfff
(rst): >&c777rst:&cfff &cf00ra&cfff at [secret]
(carapace): >&c693car:&cfff &c931r&cfff43/100 &cf31rl&cfff&cf31:2&cfff [low-rl] &c05fquad&cfff
(rst): >&c777rst:&cfff &c991y&cfff89/61 &cf31rl&cfff&cf31:16&cfff [secret] 
(rst): >&c777rst:&cfff &c991y&cfff89/61 &cf31rl&cfff&cf31:16&cfff [secret] 
(rst): >&c777rst:&cfff &c0b0safe&cfff [secret]
(rst): >&c777rst:&cfff &c0b0safe&cfff [secret]
(ganon): >&c479gan:&cfff &c0b0safe&cfff [ng]
(ganon): >&c479gan:&cfff &c0b0safe&cfff [ng]
Quad Damage is wearing off
(carapace): >&c693car:&cfff took &cf31rl&cfff [low-rl]
(bps): >&cc93bps:&cfff &c991y&cfff110/140 &cf31rl&cfff&cf31:22&cfff [tele] 
(carapace): >&c693car:&cfff &c931r&cfff6/90 &cf31rl&cfff&cf31:5&cfff [ra-mega/rox] 
(rst): >&c777rst:&cfff &cf00ra&cfff at [secret]
(ganon): >&c479gan:&cfff &c991y&cfff125/100 &cf31rl&cfff&cf31:7&cfff [tele] 
(carapace): >&c693car:&cfff 0/18 &cf31rl&cfff&cf31:3&cfff [big-stairs] 
(ganon): >&c479gan:&cfff &c0b0safe&cfff [tele]
(ganon): >&c479gan:&cfff &c0b0safe&cfff [tele]
(carapace): >&c693car:&cfff 0/2 &cf31rl&cfff&cf31:3&cfff [big] 
(bps): >&cc93bps:&cfff took &cf31rox&cfff [high-rl]
(rst): >&c777rst:&cfff took &cf00ra&cfff [secret]
(bps): >&cc93bps:&cfff &c991y&cfff63/100 &cf31rl&cfff&cf31:38&cfff [quad] 
[10] minutes remaining
Team [-s-] leads by 75 frags
(carapace): >&c693car:&cfff 0/100 [water] 
(bps): >&cc93bps:&cfff &c991y&cfff63/100 &cf31rl&cfff&cf31:37&cfff [quad-way] 
(bps): >&cc93bps:&cfff &c991y&cfff63/100 &cf31rl&cfff&cf31:37&cfff [quad-way] 
(carapace): >&c693car:&cfff 0/100 [tele-entry] 
(bps): >&cc93bps:&cfff rst at [quad-high]
(carapace): >&c693car:&cfff took &cff0ya&cfff [tele-ya]
(carapace): >&c693car:&cfff &c991y&cfff150/100 gl [gl] rox:15 
(rst): >&c777rst:&cfff &c0b0team&cfff &c05fquad&cfff
(rst): >&c777rst:&cfff &c0b0team&cfff &c05fquad&cfff
(carapace): >&c693car:&cfff &c991y&cfff150/100 gl [floating] rox:15 
(bps): >&cc93bps:&cfff 0/20 &cf31rl&cfff&cf31:29&cfff [tele-entry] 
(rst): >&c777rst:&cfff &cf00lost&cfff [low-rl] 2
(rst): >&c777rst:&cfff &cf00lost&cfff [low-rl] 2
(rst): >&c777rst:&cfff &cf00lost&cfff [low-rl] 2
(rst): >&c777rst:&cfff &cf00lost&cfff [low-rl] 2
(rst): >&c777rst:&cfff &cf00lost&cfff [low-rl] 2
(carapace): >&c693car:&cfff &c991y&cfff150/100 &cf31rl&cfff&cf31:23&cfff [high-rl] 
(rst): >&c777rst:&cfff &c05fquad&cfff over
(carapace): >&c693car:&cfff &c991y&cfff56/39 &cf31rl&cfff&cf31:16&cfff [quad-low] 
(rst): >&c777rst:&cfff &c0b0safe&cfff [tele-ya]
(carapace): >&c693car:&cfff &cf00dropped&cfff &cf31rl&cfff [quad-button] 2
(carapace): >&c693car:&cfff &cf00lost&cfff [quad-button] 2
(ganon): >&c479gan:&cfff 0/45 &cf31rl&cfff&cf31:0&cfff [tele-high] 
(ganon): >&c479gan:&cfff 0/45 &cf31rl&cfff&cf31:0&cfff [tele-high] 
(carapace): >&c693car:&cfff 0/100 [ra-mega] 
(rst): >&c777rst:&cfff &cf00lost&cfff [tele-ya] 2
(rst): >&c777rst:&cfff &cf00lost&cfff [tele-ya] 2
(rst): >&c777rst:&cfff &cf00lost&cfff [tele-ya] 2
(rst): >&c777rst:&cfff &cf00lost&cfff [tele-ya] 2
(ganon): >&c479gan:&cfff &c0b0safe&cfff [tele-high]
(ganon): >&c479gan:&cfff &c0b0safe&cfff [tele-high]
(bps): >&cc93bps:&cfff &cf00lost&cfff [tele] 1
(bps): >&cc93bps:&cfff &cf00lost&cfff [tele] 1
(bps): >&cc93bps:&cfff &cf00lost&cfff [tele] 1
(bps): >&cc93bps:&cfff &cf00lost&cfff [tele] 1
(bps): >&cc93bps:&cfff &cf00lost&cfff [tele] 1
[9] minutes remaining
Team [-s-] leads by 72 frags
(carapace): >&c693car:&cfff &c931r&cfff200/100 ssg [ra-mega] 
(rst): >&c777rst:&cfff &cf00lost&cfff [ng] 3
(rst): >&c777rst:&cfff &cf00lost&cfff [ng] 3
(rst): >&c777rst:&cfff &cf00lost&cfff [ng] 3
(rst): >&c777rst:&cfff &cf00lost&cfff [ng] 3
(rst): >&c777rst:&cfff 0/-39 [ng] 
(ganon): >&c479gan:&cfff &cf00dropped&cfff &cf31rl&cfff [high-rl] 1
(ganon): >&c479gan:&cfff &cf00dropped&cfff &cf31rl&cfff [high-rl] 1
(ganon): >&c479gan:&cfff &cf00dropped&cfff &cf31rl&cfff [high-rl] 1
(raket): >  rkt  159&cf00r&cfff&ce84/&cfff&cc99100&cfff &c0cfrl&cfff:22 [quad]
(mm): >k: &ce0046&cfff/100 &cf13rl&cfff:15 [ng]
(ok98): >&c25fok   &cfff coming [ng] 
(grc): >haxx: &cf00DROPPED &cf13rl&cfff &cf00[&cfffhigh.rl&cf00]&cfff 2
(ok98): >&c25fok   &cfff 0/100 sg [tele] 
(ok98): >&c25fok   &cfff coming [tele] 
(mm): >k: 0/90 &cf13rl&cfff:11 [secret]
(mm): >k: 0/90 &cf13rl&cfff:11 [secret]
(mm): >k: 0/90 &cf13rl&cfff:11 [secret]
(ok98): >&c25fok   &cfff 0/100 sg [tele.ya] 
(grc): >haxx: &cf00lost&cfff &cf00[&cfffhigh.rl&cf00]&cfff 1
(ok98): >&c25fok   &cfff took &c0a0mega&cfff [gl]
(mm): >k: &ce0041&cfff/93 &cf13rl&cfff:5 [tele-entry]
(raket): >  rkt  &cf00lost&cfff &cf00[quad]&cfff &cf001&cfff &c0ffdropped&cfff &c0cfrl&cfff
(raket): >  rkt  &cf00lost&cfff &cf00[quad]&cfff &cf001&cfff &c0ffdropped&cfff &c0cfrl&cfff
(carapace): >&c693car:&cfff 0/100 sg [big-stairs] rox:10 
(carapace): >&c693car:&cfff &cf00lost&cfff [low-rl] 2
(carapace): >&c693car:&cfff took &cff0ya&cfff [big]
(rst): >&c777rst:&cfff &cf00lost&cfff [tele-entry] 3
(rst): >&c777rst:&cfff &cf00lost&cfff [tele-entry] 3
(rst): >&c777rst:&cfff &cf00lost&cfff [tele-entry] 3
(rst): >&c777rst:&cfff &cf00lost&cfff [tele-entry] 3
(rst): >&c777rst:&cfff &cf00lost&cfff [tele-entry] 3
(carapace): >&c693car:&cfff took &cf31rl&cfff [low-rl]
[8] minutes remaining
Team [-s-] leads by 70 frags
(carapace): >&c693car:&cfff &c991y&cfff150/76 &cf31rl&cfff&cf31:5&cfff [low-stairs] 
(carapace): >&c693car:&cfff &cf00ra&cfff at [ra-mega]
(rst): >&c777rst:&cfff &cf00lost&cfff [tele] 3
(rst): >&c777rst:&cfff &cf00lost&cfff [tele] 3
(rst): >&c777rst:&cfff &cf00lost&cfff [tele] 3
(rst): >&c777rst:&cfff &cf00lost&cfff [tele] 3
(rst): >&c777rst:&cfff &cf00lost&cfff [tele] 3
(rst): >&c777rst:&cfff &cf00lost&cfff [tele] 3
(bps): >&cc93bps:&cfff &c991y&cfff140/42 &cf31rl&cfff&cf31:3&cfff [quad-way] 
(bps): >&cc93bps:&cfff &cf00lost&cfff [quad-low] 2
no weapon
(grc): >haxx: &cf00lost&cfff &cf00[&cfffquad.low&cf00]&cfff 1
(grc): >haxx: &cf00lost&cfff &cf00[&cfffquad.low&cf00]&cfff 1
(ok98): >&c25fok   &cfff took &cff0ya&cfff [tele.ya]
(ok98): &cf00>ok lost&r &cf00[&rhigh.rl&cf00]&r 2
(grc): >haxx: 2 &cf00enemy&cfff at [quad.button]
no weapon
no weapon
no weapon
(grc): >haxx: 0/100 [tele]
(grc): >haxx: &c0b0mm&cfff at [high.rl] 0
no weapon
(ok98): >&c25fok   &cfff &cff0ya&cfff at [big]
(ok98): >&c25fok   &cfff 0/100 sg [big] 
(raket): >  rkt  &cf00lost&cfff &cf00[secret]&cfff &cf001&cfff
(ok98): >&c25fok   &cfff took &cff0ya&cfff [big]
(carapace): >&c693car:&cfff &c931r&cfff200/108 &cf31rl&cfff&cf31:10&cfff [ra-mega] 
(bps): >&cc93bps:&cfff &c05fquad&cfff over
(bps): >&cc93bps:&cfff &c05fquad&cfff over
(rst): >&c777rst:&cfff &cf00lost&cfff [quad-low] 1
(rst): >&c777rst:&cfff &cf00lost&cfff [quad-low] 1
(rst): >&c777rst:&cfff &cf00lost&cfff [quad-low] 1
(rst): >&c777rst:&cfff &cf00lost&cfff [quad-low] 1
(rst): >&c777rst:&cfff &cf00lost&cfff [quad-low] 1
(bps): >&cc93bps:&cfff 0/71 &cf31rl&cfff&cf31:3&cfff [quad-button] 
(carapace): >&c693car:&cfff &cf00enemy&cfff at [gl]
(bps): >&cc93bps:&cfff &cf00lost&cfff [ng] 1
(carapace): >&c693car:&cfff &c931r&cfff25/100 &cf31rl&cfff&cf31:4&cfff [low-stairs] 
[7] minutes remaining
Team [-s-] leads by 77 frags
(ganon): >&c479gan:&cfff &cf00lost&cfff [path-lift] 1
(ganon): >&c479gan:&cfff &cf00lost&cfff [path-lift] 1
(ganon): >&c479gan:&cfff &cf00lost&cfff [path-lift] 1
(carapace): >&c693car:&cfff awaits [ra-mega]
(bps): >&cc93bps:&cfff took &cf31rl&cfff [low-rl]
(bps): >&cc93bps:&cfff took &cf31rl&cfff [low-rl]
(bps): >&cc93bps:&cfff took &cf31rl&cfff [low-rl]
(carapace): >&c693car:&cfff 0/88 &cf31rl&cfff&cf31:3&cfff [ra-mega] 
(bps): >&cc93bps:&cfff carapace at [ra-mega]
(rst): >&c777rst:&cfff &cf00lost&cfff [path] 1
(rst): >&c777rst:&cfff &cf00lost&cfff [path] 1
(rst): >&c777rst:&cfff &cf00lost&cfff [path] 1
(rst): >&c777rst:&cfff &cf00lost&cfff [path] 1
(rst): >&c777rst:&cfff &cf00lost&cfff [path] 1
(rst): >&c777rst:&cfff &cf00lost&cfff [path] 1
(rst): >&c777rst:&cfff 0/-8 [path] 
(carapace): >&c693car:&cfff 0/188 &cf31rl&cfff&cf31:3&cfff [ra-mega] 
(bps): >&cc93bps:&cfff carapace at [ra-mega]
(rst): >&c777rst:&cfff &cf00lost&cfff [water] 2
(rst): >&c777rst:&cfff &cf00lost&cfff [water] 2
(rst): >&c777rst:&cfff &cf00lost&cfff [water] 2
(bps): >&cc93bps:&cfff &ce00ra&cfff at [ra-mega]
(bps): >&cc93bps:&cfff &ce00ra&cfff at [ra-mega]
(ok98): >&c25fok   &cfff took &cff0ya&cfff [tele.ya]
(ok98): >&c25fok   &cfff &cff0150&cfff/43 sg [tele.high] 
(grc): >haxx: 0/86 [tele]
(grc): >haxx: 0/86 [tele]
(grc): >haxx: 0/86 [tele] &cf13r&cfff:10
(mm): >k: &c05fquad&cfff over &cf00DROPPED &cf13rl&cfff &cf00[&cfffquad-low&cf00]&cfff 3
(mm): >k: &c05fquad&cfff over &cf00DROPPED &cf13rl&cfff &cf00[&cfffquad-low&cf00]&cfff 3
(raket): >  rkt  150&cff0y&cfff&ce84/&cfff&cc99100&cfff &c0cfrl&cfff:6 [tele]
(mm): >k: &c05fquad&cfff over &cf00DROPPED &cf13rl&cfff &cf00[&cfffquad-low&cf00]&cfff 3
(mm): >k: &c05fquad&cfff over &cf00DROPPED &cf13rl&cfff &cf00[&cfffquad-low&cf00]&cfff 3
(carapace): >&c693car:&cfff 0/26 &cf31rl&cfff&cf31:9&cfff [quad-way] 
(bps): >&cc93bps:&cfff &c991y&cfff128/86 &cf31rl&cfff&cf31:2&cfff [low-stairs] 
(ganon): >&c479gan:&cfff &c991y&cfff5/28 &cf31rl&cfff&cf31:50&cfff [low-stairs] 
(carapace): >&c693car:&cfff &cf00dropped&cfff &cf31rl&cfff [quad] 1
(carapace): >&c693car:&cfff &cf00dropped&cfff &cf31rl&cfff [quad] 1
(carapace): >&c693car:&cfff &cf00dropped&cfff &cf31rl&cfff [quad] 1
(carapace): >&c693car:&cfff &cf00dropped&cfff &cf31rl&cfff [quad] 1
(ganon): >&c479gan:&cfff &c991y&cfff5/28 &cf31rl&cfff&cf31:50&cfff [ra-mega] 
(ganon): >&c479gan:&cfff &c931r&cfff200/28 &cf31rl&cfff&cf31:50&cfff [ra-mega] 
(carapace): >&c693car:&cfff 0/100 [ra-mega] 
(bps): >&cc93bps:&cfff &cf31rl&cfff at [low-rl]
(bps): >&cc93bps:&cfff &cf2apack&cfff at [low-lift]
(bps): >&cc93bps:&cfff &cf2apack&cfff at [low-lift]
(carapace): >&c693car:&cfff 0/100 ssg [ra-mega] 
(rst): >&c777rst:&cfff &cf00lost&cfff [quad-low] 3
(rst): >&c777rst:&cfff &cf00lost&cfff [quad-low] 3
(rst): >&c777rst:&cfff &cf00lost&cfff [quad-low] 3
(rst): >&c777rst:&cfff &cf00lost&cfff [quad-low] 3
(rst): >&c777rst:&cfff &cf00lost&cfff [quad-low] 3
(bps): >&cc93bps:&cfff &cf31rl&cfff at [low-rl]
(bps): >&cc93bps:&cfff &cf31rl&cfff at [low-rl]
You are a command flooder man!
3 warnings to kick
command floodprot (6 sec)
(bps): >&cc93bps:&cfff &cf31rl&cfff at [low-rl]
command floodprot (5 sec)
command floodprot (5 sec)
(bps): >&cc93bps:&cfff &cf31rl&cfff at [low-rl]
command floodprot (5 sec)
command floodprot (5 sec)
(bps): >&cc93bps:&cfff &cf31rl&cfff at [low-rl]
(carapace): >&c693car:&cfff took &cf31rl&cfff [low-rl]
(carapace): >&c693car:&cfff 0/200 &cf31rl&cfff&cf31:5&cfff [low-stairs] 
(bps): >&cc93bps:&cfff &c991y&cfff128/86 &cf31rl&cfff&cf31:2&cfff [ra-mega] 
(ganon): >&c479gan:&cfff &c931r&cfff166/22 &cf31rl&cfff&cf31:40&cfff [big] 
(carapace): >&c693car:&cfff 0/193 &cf31rl&cfff&cf31:5&cfff [ra-mega] 
(rst): >&c777rst:&cfff &cf00lost&cfff [quad-low] 1
(rst): >&c777rst:&cfff &cf00lost&cfff [quad-low] 1
(rst): >&c777rst:&cfff &cf00lost&cfff [quad-low] 1
(rst): >&c777rst:&cfff &cf00lost&cfff [quad-low] 1
(rst): >&c777rst:&cfff &cf00lost&cfff [quad-low] 1
no weapon
(ok98): >&c25fok   &cfff took &cff0ya&cfff [tele.ya]
[6] minutes remaining
Team [-s-] leads by 72 frags
(ok98): >&c25fok   &cfff &cff0150&cfff/97 &cf13rl&cfff&cf30:33&r [quad.way] 
(ok98): >&c25fok   &cfff &cff0150&cfff/97 &cf13rl&cfff&cf30:33&r [quad.way] 
(raket): >  rkt  &cf00lost&cfff &cf00[big]&cfff &cf001&cfff
(raket): >  rkt  &cf00lost&cfff &cf00[big]&cfff &cf001&cfff
(ok98): >&c25fok   &cfff coming [water] 
(ok98): &cf00>ok lost&r &cf00[&rtele.high&cf00]&r 4
(raket): >  rkt  0&ce84/&cfff&cc99100&cfff [tele]
(grc): >haxx: &c05fquad&cfff &ce00153&cfff/64 &cf13rl&cfff:0 [tele]
(grc): >haxx: &c05fquad&cfff &ce0095&cfff/50 &cf13rl&cfff:14 [path]
(mm): >k: &ce00200&cfff/200 [ra-mega]
(ok98): >&c25fok   &cfff 0/100 sg [quad.low] 
(ok98): >&c25fok   &cfff coming [ng] 
Quad Damage is wearing off
(ok98): >&c25fok   &cfff took &cf2apack&cfff [quad.low]
(ok98): &cf00>ok lost&r &cf00[&rpath&cf00]&r 3
(mm): >k: 0/43 &cf13rl&cfff:6 [low-stairs]
rst: :)
rst: :)
rst: :)
rst: :)
(ok98): >&c25fok   &cfff 0/1 sg [tele] 
(grc): >haxx: &ce0025&cfff/36 &cf13rl&cfff:8 [low.stairs]
(mm): >k: 0/43 &cf13rl&cfff:6 [secret]
(mm): >k: 0/43 &cf13rl&cfff:6 [secret]
[5] minutes remaining
Team [-s-] leads by 73 frags
(raket): >  rkt  44&cff0y&cfff&ce84/&cfff&cc9980&cfff &c0cfrl&cfff:18 [quad-way]
(mm): >k: 0/43 &cf13rl&cfff:6 [secret]
(mm): >k: 0/43 &cf13rl&cfff:6 [secret]
(mm): >k: 0/43 &cf13rl&cfff:6 [secret]
(mm): >k: 0/43 &cf13rl&cfff:6 [secret]
(grc): >haxx: &ce0025&cfff/76 &cf13rl&cfff:6 [path.lift]
(grc): >haxx: &ce0025&cfff/76 &cf13rl&cfff:6 [secret]
(ok98): &cf00>ok lost&r &cf00[&rra.mega&cf00]&r 1
(mm): >k: 0/43 &cf13rl&cfff:6 [secret]
(raket): >  rkt  44&cff0y&cfff&ce84/&cfff&cc9980&cfff &c0cfrl&cfff:23 [high]
(grc): >haxx: &cf00lost&cfff &cf00[&cfffra.mega&cf00]&cfff 1
(ok98): >&c25fok   &cfff 0/100 sg [big] 
(mm): >k: &c05fquad&cfff &ce00172&cfff/61 &cf13rl&cfff:5 [quad-low]
(ok98): &cf00>ok lost&r &cf00[&rbig&cf00]&r 2
(mm): >k: &c05fquad&cfff &ce0010&cfff/90 &cf13rl&cfff:12 [secret]
(ok98): &cf00>ok lost&r &cf00[&rtele&cf00]&r 1
(ok98): >&c25fok   &cfff 0/100 sg [tele] 
(raket): >  rkt  0&ce84/&cfff&cc9965&cfff &c0cfrl&cfff:10 [secret]
Quad Damage is wearing off
(raket): >  rkt  0&ce84/&cfff&cc9965&cfff &c0cfrl&cfff:10 [secret]
(raket): >  rkt  0&ce84/&cfff&cc9965&cfff &c0cfrl&cfff:10 [secret]
(raket): >  rkt  0&ce84/&cfff&cc9965&cfff &c0cfrl&cfff:10 [secret]
(ok98): >&c25fok   &cfff &c0a0mega&cfff at [ra.mega]
(raket): >  rkt  0&ce84/&cfff&cc9938&cfff &c0cfrl&cfff:7 [secret]
(raket): >  rkt  0&ce84/&cfff&cc9938&cfff &c0cfrl&cfff:7 [secret]
(ok98): >&c25fok   &cfff &c0a0mega&cfff at [ra.mega]
(ok98): >&c25fok   &cfff &c0a0mega&cfff at [ra.mega]
[4] minutes remaining
Team [-s-] leads by 64 frags
(mm): >k: &cf00lost&cfff &cf00[&cfffquad-low&cf00]&cfff 1
(mm): >k: &cf00lost&cfff &cf00[&cfffquad-low&cf00]&cfff 1
(mm): >k: &cf00lost&cfff &cf00[&cfffquad-low&cf00]&cfff 1
(bps): >&cc93bps:&cfff rst at [big-stairs]
(carapace): >&c693car:&cfff &c991y&cfff150/100 [high-rl] 
(rst): >&c777rst:&cfff &c991y&cfff55/87 [big-stairs] 
(bps): >&cc93bps:&cfff 0/100 [big] 
(carapace): >&c693car:&cfff coming [high-rl] need rl
(carapace): >&c693car:&cfff &c0ffmega&cfff at [gl]
(ganon): >&c479gan:&cfff &c991y&cfff26/70 &cf31rl&cfff&cf31:11&cfff [tele-high] 
(bps): >&cc93bps:&cfff rst at [ng]
(ganon): >&c479gan:&cfff &c991y&cfff26/70 &cf31rl&cfff&cf31:11&cfff [tele-high] 
(rst): >&c777rst:&cfff &cf00lost&cfff [quad] 2
(rst): >&c777rst:&cfff &cf00lost&cfff [quad] 2
(rst): >&c777rst:&cfff &cf00lost&cfff [quad] 2
(rst): >&c777rst:&cfff &cf00lost&cfff [quad] 2
(rst): >&c777rst:&cfff &cf00lost&cfff [quad] 2
(rst): >&c777rst:&cfff &cf00lost&cfff [quad] 2
(rst): >&c777rst:&cfff &c991y&cfff5/-1 sg [quad] rox:3 
(bps): >&cc93bps:&cfff &cf00rl nmy&cfff [low-rl]
(grc): >haxx: 1 &cf00enemy&cfff at [quad.way]
no weapon
(grc): >haxx: &cf2apack&cfff at [tele] 0
Quad Damage is wearing off
(ok98): >&c25fok   &cfff &ce0034&cfff/94 &cf13rl&cfff&cf30:2&r [secret] 
(ok98): &c0b0>ok safe&cfff &c0b0[&cfffsecret&c0b0]&cfff
(ok98): &c0b0>ok safe&cfff &c0b0[&cfffsecret&c0b0]&cfff
(grc): >haxx: 2 &cf00enemy&cfff at [big]
(ok98): >&c25fok   &cfff &ce0088&cfff/63 &cf13rl&cfff&cf30:0&r [ng] 
[3] minutes remaining
Team [-s-] leads by 58 frags
(grc): >haxx: &cf2apack&cfff at [big] 2
(ok98): >&c25fok   &cfff &ce0035&cfff/77 &cf13rl&cfff&cf30:10&r [tele] 
(ok98): >&c25fok   &cfff took &cff0ya&cfff [tele.ya]
(ok98): &c0b0>ok safe&cfff &c0b0[&cffftele&c0b0]&cfff
(ok98): >&c25fok   &cfff &cff0130&cfff/65 &cf13rl&cfff&cf30:7&r [tele.entry] 
(grc): >haxx: &cf2apack&cfff at [low.rl] 2
(grc): >haxx: &cf00lost&cfff &cf00[&cffflow.rl&cf00]&cfff 2
(grc): >haxx: &cf00lost&cfff &cf00[&cffflow.rl&cf00]&cfff 2
(grc): >haxx: &cf00lost&cfff &cf00[&cffflow.rl&cf00]&cfff 2
(ok98): &c0b0>ok safe&cfff &c0b0[&cffftele&c0b0]&cfff
(ok98): &c0b0>ok safe&cfff &c0b0[&cffftele&c0b0]&cfff
(grc): >haxx: 0/76 [low.rl] &cf13r&cfff:2
(grc): >haxx: 0/76 [secret] &cf13r&cfff:2
(raket): >  rkt  &cf00lost&cfff &cf00[ra-mega]&cfff &cf002&cfff &c0ffdropped&cfff &c0cfrl&cfff
(raket): >  rkt  &cf00lost&cfff &cf00[ra-mega]&cfff &cf002&cfff &c0ffdropped&cfff &c0cfrl&cfff
(ok98): >&c25fok   &cfff &cff0130&cfff/90 &cf13rl&cfff&cf30:5&r [tele] 
(ok98): >&c25fok   &cfff &cff0130&cfff/90 &cf13rl&cfff&cf30:4&r [tele.entry] 
(ok98): >&c25fok   &cfff &cff0130&cfff/90 &cf13rl&cfff&cf30:4&r [tele] 
(ok98): >&c25fok   &cfff &cff0130&cfff/90 &cf13rl&cfff&cf30:4&r [tele] 
(grc): >haxx: &cff0150&cfff/100 &cf13rl&cfff:10 [tele.high]
(ok98): &c0b0>ok safe&cfff &c0b0[&cffftele&c0b0]&cfff
Quad Damage is wearing off
(mm): >k: &c05fquad&cfff over &cf00DROPPED &cf13rl&cfff &cf00[&cffflow-rl&cf00]&cfff 3
(mm): >k: &c05fquad&cfff over &cf00DROPPED &cf13rl&cfff &cf00[&cffflow-rl&cf00]&cfff 3
(mm): >k: &c05fquad&cfff over &cf00DROPPED &cf13rl&cfff &cf00[&cffflow-rl&cf00]&cfff 3
(ok98): &c0b0>ok safe&cfff &c0b0[&cffftele&c0b0]&cfff
(grc): >haxx: 1 &cf00enemy&cfff at [quad.low]
(ok98): &c0b0>ok safe&cfff &c0b0[&cffftele.entry&c0b0]&cfff
[2] minutes remaining
Team [-s-] leads by 42 frags
(ok98): >&c25fok   &cfff &cff051&cfff/88 &cf13rl&cfff&cf30:5&r [tele] 
(ok98): >&c25fok   &cfff took &cff0ya&cfff [tele.ya]
(grc): >haxx: &cf00DROPPED &cf13rl&cfff &cf00[&cfffng&cf00]&cfff 1
(grc): >haxx: &cf00DROPPED &cf13rl&cfff &cf00[&cfffng&cf00]&cfff 1
no weapon
no weapon
(bps): >&cc93bps:&cfff &cf00lost&cfff [quad] 2
(carapace): >&c693car:&cfff took &cf31rl&cfff [low-rl]
(grc): >haxx: &cf2apack&cfff at [tele.ya] 0
(ok98): >&c25fok   &cfff 0/68 sg [quad.way] 
(grc): >haxx: &cf2apack&cfff at [quad.low] 1
(grc): >haxx: 0/48 [quad.way]
(raket): >  rkt  &cf00lost&cfff &cf00[water]&cfff &cf002&cfff &c0ffdropped&cfff &c0cfrl&cfff
(grc): >haxx: 0/48 [high.rl]
(ganon): >&c479gan:&cfff &c931r&cfff200/100 ssg [ra-mega] 
(rst): >&c777rst:&cfff &c0b0safe&cfff [tele]
(rst): >&c777rst:&cfff &c0b0safe&cfff [tele]
(rst): >&c777rst:&cfff &c0b0safe&cfff [tele]
(rst): >&c777rst:&cfff &c0b0safe&cfff [tele]
bps: &c811*&r8)
(rst): >&c777rst:&cfff 0/54 &cf31rl&cfff&cf31:51&cfff [tele] 
(ganon): >&c479gan:&cfff &cf2apack&cfff at [low-rl]
(bps): >&cc93bps:&cfff 0/72 [tele-high] 
(carapace): >&c693car:&cfff &c0b0safe&cfff [low-rl]
(bps): >&cc93bps:&cfff took &cf31rox&cfff [high-rl]
(carapace): >&c693car:&cfff &c931r&cfff200/79 &cf31rl&cfff&cf31:4&cfff [secret] 
[1] minute remaining
Team [-s-] leads by 52 frags
(carapace): >&c693car:&cfff &c931r&cfff114/59 &cf31rl&cfff&cf31:22&cfff [tele] 
(rst): >&c777rst:&cfff took &cff0ya&cfff [tele-ya]
(rst): >&c777rst:&cfff &c0b0safe&cfff [ng]
(carapace): >&c693car:&cfff &c931r&cfff114/59 &cf31rl&cfff&cf31:22&cfff [high-rl] 
(ganon): >&c479gan:&cfff &c931r&cfff99/100 &cf31rl&cfff&cf31:3&cfff [quad] 
(ganon): >&c479gan:&cfff &c931r&cfff99/100 &cf31rl&cfff&cf31:3&cfff [quad] 
(carapace): >&c693car:&cfff &c931r&cfff114/59 &cf31rl&cfff&cf31:22&cfff [quad-way] 
(bps): >&cc93bps:&cfff &c991y&cfff75/55 &c299gl&cfff [tele-high] rox:12 
(bps): >&cc93bps:&cfff took &cf31rl&cfff [high-rl]
(bps): >&cc93bps:&cfff carapace at [quad]
(rst): >&c777rst:&cfff &c0b0safe&cfff [ng]
(rst): >&c777rst:&cfff &c0b0safe&cfff [ng]
(carapace): >&c693car:&cfff &c0b0team&cfff &c05fquad&cfff
(carapace): >&c693car:&cfff &c0b0team&cfff &c05fquad&cfff
(bps): >&cc93bps:&cfff &c0b0safe&cfff [quad-way]
(rst): >&c777rst:&cfff &cf2apack&cfff at [ng]
[30] seconds
(bps): >&cc93bps:&cfff &c991y&cfff75/100 &cf31rl&cfff&cf31:18&cfff [tele-entry] 
(rst): >&c777rst:&cfff &c0b0safe&cfff [tele-ya]
(rst): >&c777rst:&cfff &c0b0safe&cfff [tele-ya]
(carapace): >&c693car:&cfff &c0b0safe&cfff [low-rl]
[15] seconds
(carapace): >&c693car:&cfff &c0b0safe&cfff [low-rl]
(bps): >&cc93bps:&cfff 0/71 &cf31rl&cfff&cf31:19&cfff [secret] 
[10] seconds
[9] seconds
[8] seconds
Quad Damage is wearing off
(carapace): >&c693car:&cfff took &cf31rl&cfff [low-rl]
(ganon): >&c479gan:&cfff &cf00dropped&cfff &cf31rl&cfff [quad-button] 2
[7] seconds
(ganon): >&c479gan:&cfff &cf00dropped&cfff &cf31rl&cfff [quad-button] 2
(ganon): >&c479gan:&cfff &cf00dropped&cfff &cf31rl&cfff [quad-button] 2
[6] seconds
[5] seconds
[4] seconds
[3] seconds
[2] seconds
[1] second
The match is over
trigger "onmatchover" has no matching alias

Player statistics:
______________________________________
Frags (rank) friendkills . efficiency
Team [-s-]:
__________
_ bps:
  41 (-13) 1 43.2%
Wp: rl54.1% gl17.9% sg38.5% ssg12.9%
RL skill: ad:86.8 dh:19
Armr&mhs: ga:0 ya:14 ra:10 mh:5
Powerups: Q:1 P:0 R:0
      RL: Took:11 Killed:4 Dropped:2 Xfer:1
      LG: Took:0 Killed:0 Dropped:0
  Damage: Tkn:9359 Gvn:9121 EWep:2705 Tm:192 Self:706 ToDie:173
    Time: Quad:30
 Streaks: Frags:13 QuadRun:3
  SpawnFrags: 6
__________
_ ganon:
  41 (2) 5 51.2%
Wp: rl43.2% gl9.5% sg44.0% ssg56.0%
RL skill: ad:82.0 dh:19
Armr&mhs: ga:0 ya:18 ra:9 mh:7
Powerups: Q:0 P:0 R:0
      RL: Took:11 Killed:4 Dropped:5 Xfer:2
      LG: Took:0 Killed:0 Dropped:0
  Damage: Tkn:8743 Gvn:9082 EWep:3088 Tm:265 Self:318 ToDie:224
    Time: Quad:0
 Streaks: Frags:14 QuadRun:0
  SpawnFrags: 9
__________
_ rst:
  58 (14) 2 56.9%
Wp: rl61.4% gl16.7% sg42.8% ssg54.0%
RL skill: ad:81.0 dh:24
Armr&mhs: ga:0 ya:23 ra:8 mh:4
Powerups: Q:2 P:0 R:0
      RL: Took:9 Killed:10 Dropped:5 Xfer:1
      LG: Took:0 Killed:0 Dropped:0
  Damage: Tkn:8997 Gvn:10316 EWep:2538 Tm:487 Self:707 ToDie:204
    Time: Quad:13
 Streaks: Frags:17 QuadRun:1
  SpawnFrags: 12
__________
_ carapace:
  62 (26) 2 63.3%
Wp: rl50.9% gl22.2% sg52.1% ssg46.4%
RL skill: ad:114.4 dh:18
Armr&mhs: ga:0 ya:12 ra:16 mh:7
Powerups: Q:7 P:0 R:0
      RL: Took:10 Killed:11 Dropped:4
      LG: Took:0 Killed:0 Dropped:0
  Damage: Tkn:8544 Gvn:12363 EWep:5095 Tm:324 Self:952 ToDie:237
    Time: Quad:184
 Streaks: Frags:16 QuadRun:7
  SpawnFrags: 12

Team [020]:
__________
_ raket:
  40 (-29) 8 36.7%
Wp: rl56.8% gl14.3% sg40.6% ssg12.2%
RL skill: ad:92.1 dh:15
Armr&mhs: ga:0 ya:15 ra:12 mh:9
Powerups: Q:4 P:0 R:0
      RL: Took:11 Killed:8 Dropped:9
      LG: Took:0 Killed:0 Dropped:0
  Damage: Tkn:11185 Gvn:9699 EWep:3880 Tm:813 Self:593 ToDie:162
    Time: Quad:77
 Streaks: Frags:9 QuadRun:5
  SpawnFrags: 10
__________
_ ok98:
  22 (-69) 3 19.5%
Wp: rl68.8% gl25.0% sg43.3% ssg59.5%
RL skill: ad:86.4 dh:10
Armr&mhs: ga:0 ya:17 ra:9 mh:4
Powerups: Q:1 P:0 R:0
      RL: Took:6 Killed:5 Dropped:3 Xfer:1
      LG: Took:0 Killed:0 Dropped:0
  Damage: Tkn:12738 Gvn:7526 EWep:2686 Tm:330 Self:485 ToDie:139
    Time: Quad:18
 Streaks: Frags:8 QuadRun:0
  SpawnFrags: 4
__________
_ grc:
  32 (-7) 5 45.1%
Wp: rl47.2% gl30.0% sg33.1% ssg38.6%
RL skill: ad:85.9 dh:16
Armr&mhs: ga:0 ya:8 ra:14 mh:5
Powerups: Q:2 P:0 R:0
      RL: Took:7 Killed:10 Dropped:5 Xfer:1
      LG: Took:0 Killed:0 Dropped:0
  Damage: Tkn:7851 Gvn:8552 EWep:3765 Tm:642 Self:416 ToDie:201
    Time: Quad:60
 Streaks: Frags:15 QuadRun:4
  SpawnFrags: 3
__________
_ mm:
  39 (-4) 4 47.6%
Wp: rl56.4% gl33.3% sg33.6% ssg35.7%
RL skill: ad:111.0 dh:20
Armr&mhs: ga:0 ya:7 ra:20 mh:7
Powerups: Q:3 P:0 R:0
      RL: Took:10 Killed:9 Dropped:7
      LG: Took:0 Killed:0 Dropped:0
  Damage: Tkn:9108 Gvn:9866 EWep:3963 Tm:488 Self:858 ToDie:211
    Time: Quad:62
 Streaks: Frags:12 QuadRun:8
  SpawnFrags: 8

______________________________________
[-s-] vs [020] match statistics:
______________________________________

weapons, powerups, armors&mhs, damage
______________________________________
[-s-]: Wp: rl80 gl8 sg44% ssg48%
Powerups: Q:10 P:0 R:0
Armr&mhs: ga:0 ya:67 ra:43 mh:23
      RL: Took:41 Killed:29 Dropped:16 Xfer:4
      LG: Took:0 Killed:0 Dropped:0
  Damage: Tkn:35643 Gvn:40882 EWep:13426 Tm:1268
    Time: Quad:227
[020]: Wp: rl61 gl9 sg38% ssg27%
Powerups: Q:10 P:0 R:0
Armr&mhs: ga:0 ya:47 ra:55 mh:25
      RL: Took:34 Killed:32 Dropped:24 Xfer:2
      LG: Took:0 Killed:0 Dropped:0
  Damage: Tkn:40882 Gvn:35643 EWep:14294 Tm:2273
    Time: Quad:218
______________________________________
[dm2] top scorers:
______________________________________
      Frags: carapace [62]
     Deaths: ok98 [91]
Friendkills: raket [8]
 Efficiency: carapace [63.3%]
 FragStreak: rst [17]
    QuadRun: mm [8]
  RL Killer: carapace [11]
Boomsticker: carapace [52.1%]
   Survivor: carapace [237]
Annihilator: carapace [12363]

______________________________________

Team scores: frags . percentage
______________________________________
[-s-]: 202 . 60.3%
[020]: 133 . 39.7%
______________________________________
raket: :E
raket: gg
carapace: gg
]log 10
