]playdemo 11
Playing demo from 11.mvd


_____________________________________

_Claustrophobopolis
bps is ready [-s-]
All players ready
Timer started
QiZmo: timer lag point disabled
Server starts recording (disk): 4on4_f5_vs_-s-[dm2]220222-2242.mvd
rst: wife is puking too
rst: :)
goniec: nic
maCLer:  :)
goniec: nice
matchdate: 2022-02-22 22:42:52 CET
trigger "onmatchstart" has no matching alias
The match has begun!
(goniec): >&cf00gon&cfff   &cf60coming&cfff [tele]
(tom): >&c49etom&cfff 0/100 [ra-mega] 
(goniec): >&cf00gon&cfff took &cff0ya&cfff [tele.ya]
(carapace): >&c693car:&cfff &cf00lost&cfff [quad-low] 3
(rst): >&c777rst:&cfff &cf00lost&cfff [quad-low] 3
(rst): >&c777rst:&cfff &cf00lost&cfff [quad-low] 3
(rst): >&c777rst:&cfff &cf00lost&cfff [quad-low] 3
(tom): >&c49etom&cfff 0/42 ssg [quad-button] rox:7 
(tom): >&c49etom&cfff irn at [tele]
(tom): >&c49etom&cfff goniec at [tele]
(tom): >&c49etom&cfff &c991y&cfff150/100 [tele-ya] 
(maCLer): > &cf3f mac&cfff [big] 0/109 gl:19 
(tom): >&c49etom&cfff &c991y&cfff150/100 [tele-high] 
(maCLer): > &cf3f mac&cfff [big] 0/92 gl:18 
(maCLer): > &cf3f mac&cfff [big] 0/92 gl:16 
(tom): >&c49etom&cfff &c991y&cfff150/100 &cf31rl&cfff&cf31:10&cfff [high-rl] 
(maCLer): > &cf3f mac&cfff [secret] y50/37 gl:12 
(maCLer): > &cf3f mac&cfff [secret] y50/37 gl:12 
(tom): >&c49etom&cfff &c991y&cfff103/69 &cf31rl&cfff&cf31:9&cfff [high-rl] 
(tom): >&c49etom&cfff &cf2apack&cfff at [quad-low]
(goniec): >&cf00gon&cfff   &cf00lost&cfff &cf00[&cfffquad&cf00]&cfff 2
(goniec): >&cf00gon&cfff   &cf00lost&cfff &cf00[&cfffquad&cf00]&cfff 2
(tom): >&c49etom&cfff &cf00enemy&cfff at [quad-way]
[19] minutes remaining
Team [f5] leads by 4 frags
(goniec): >&cf00gon&cfff   &cf00lost&cfff &cf00[&cfffquad.low&cf00]&cfff 1
(goniec): >&cf00gon&cfff   &cf00lost&cfff &cf00[&cfffquad.low&cf00]&cfff 1
(carapace): >&c693car:&cfff took &cf00ra&cfff [ra-mega]
(bps): >&cc93bps:&cfff &c931r&cfff200/69 &c299gl&cfff [tele-entry] rox:1 
no weapon
(carapace): >&c693car:&cfff &c931r&cfff200/57 &cf31rl&cfff&cf31:15&cfff [low-lift] 
no weapon
(bps): >&cc93bps:&cfff &cf00lost&cfff [high-rl] 1
(carapace): >&c693car:&cfff &c0b0safe&cfff [ng]
(bps): >&cc93bps:&cfff 0/100 [big-stairs] 
(bps): >&cc93bps:&cfff &c991y&cfff150/100 [big-button] 
(bps): >&cc93bps:&cfff carapace at [path-lift]
(carapace): >&c693car:&cfff &c931r&cfff78/75 &cf31rl&cfff&cf31:14&cfff [secret] 
(carapace): >&c693car:&cfff &c0b0safe&cfff [quad-high]
(carapace): >&c693car:&cfff &c0b0safe&cfff [quad-high]
(rst): >&c777rst:&cfff &c0b0safe&cfff [high-rl]
(rst): >&c777rst:&cfff &c0b0safe&cfff [high-rl]
(carapace): >&c693car:&cfff &c931r&cfff158/100 &cf31rl&cfff&cf31:17&cfff [quad-high] 
(bps): >&cc93bps:&cfff took &c299gl&cfff [gl]
(carapace): >&c693car:&cfff &c931r&cfff158/100 &cf31rl&cfff&cf31:17&cfff [quad-high] 
(bps): >&cc93bps:&cfff 0/64 &c299gl&cfff [floating] rox:14 
[18] minutes remaining
Team [-s-] leads by 4 frags
(bps): >&cc93bps:&cfff &cf2apack&cfff at [tele-high]
(bps): >&cc93bps:&cfff rst at [quad-way]
(rst): >&c777rst:&cfff &c991y&cfff36/18 &cf31rl&cfff&cf31:11&cfff [quad-way] 
(bps): >&cc93bps:&cfff ganon at [high-rl]
(ganon): >&c479gan:&cfff 0/100 sg [high-rl] rox:10 
(carapace): >&c693car:&cfff &c931r&cfff151/100 &cf31rl&cfff&cf31:16&cfff [water] &c05fquad&cfff
(ganon): >&c479gan:&cfff &cf2apack&cfff at [high-rl]
(bps): >&cc93bps:&cfff &cf00lost&cfff [high-rl] 1
(rst): >&c777rst:&cfff &c0b0safe&cfff [tele]
(rst): >&c777rst:&cfff &c0b0safe&cfff [tele]
maCLer: lol
(bps): >&cc93bps:&cfff 0/100 [secret] 
(bps): >&cc93bps:&cfff &ce00ra&cfff at [secret]
(bps): >&cc93bps:&cfff &ce00ra&cfff at [secret]
(carapace): >&c693car:&cfff &c931r&cfff140/100 &cf31rl&cfff&cf31:12&cfff [low-rl] &c05fquad&cfff
(bps): >&cc93bps:&cfff took &ce00ra&cfff [secret]
(bps): >&cc93bps:&cfff took &cf31rl&cfff [low-rl]
(bps): >&cc93bps:&cfff took &cf2apack&cfff [low-rl]
Quad Damage is wearing off
(ganon): >&c479gan:&cfff &c0b0safe&cfff [ng]
(ganon): >&c479gan:&cfff &c0b0safe&cfff [ng]
(ganon): >&c479gan:&cfff &c0b0safe&cfff [ng]
(bps): >&cc93bps:&cfff &c931r&cfff183/97 &cf31rl&cfff&cf31:4&cfff [tele-entry] 
(rst): >&c777rst:&cfff &cff0ya&cfff at [tele-ya]
(carapace): >&c693car:&cfff &c931r&cfff91/96 &cf31rl&cfff&cf31:5&cfff [secret] 
(carapace): >&c693car:&cfff took &cf00ra&cfff [secret]
(carapace): >&c693car:&cfff &c931r&cfff200/96 &cf31rl&cfff&cf31:5&cfff [ng] 
(ganon): >&c479gan:&cfff &c0b0safe&cfff [path]
(ganon): >&c479gan:&cfff &c0b0safe&cfff [path]
(bps): >&cc93bps:&cfff &c931r&cfff183/97 &cf31rl&cfff&cf31:4&cfff [quad-way] 
(bps): >&cc93bps:&cfff &c0b0safe&cfff [high-rl]
(bps): >&cc93bps:&cfff &c0b0safe&cfff [high-rl]
(bps): >&cc93bps:&cfff carapace at [tele-high]
(ganon): >&c479gan:&cfff &c0b0safe&cfff [ng]
(ganon): >&c479gan:&cfff &c0b0safe&cfff [ng]
(ganon): >&c479gan:&cfff &c0b0safe&cfff [ng]
(bps): >&cc93bps:&cfff &c931r&cfff183/97 &cf31rl&cfff&cf31:4&cfff [tele-high] 
(carapace): >&c693car:&cfff &c931r&cfff200/96 &cf31rl&cfff&cf31:15&cfff [high-rl] 
[17] minutes remaining
Team [-s-] leads by 17 frags
(carapace): >&c693car:&cfff &c0b0safe&cfff [quad]
(bps): >&cc93bps:&cfff &c931r&cfff172/96 &cf31rl&cfff&cf31:18&cfff [floating] 
(rst): >&c777rst:&cfff &c0b0safe&cfff [tele-ya]
(rst): >&c777rst:&cfff &c0b0safe&cfff [tele-ya]
(carapace): >&c693car:&cfff &c0b0safe&cfff [quad]
(bps): >&cc93bps:&cfff &c931r&cfff172/96 &cf31rl&cfff&cf31:18&cfff [quad-way] 
(carapace): >&c693car:&cfff &c931r&cfff167/97 &cf31rl&cfff&cf31:11&cfff [quad-button] &c05fquad&cfff
(ganon): >&c479gan:&cfff &c0b0safe&cfff [ng]
(ganon): >&c479gan:&cfff &c0b0safe&cfff [ng]
(bps): >&cc93bps:&cfff &c05fquaded&cfff carapace at [low-lift]
(carapace): >&c693car:&cfff &c931r&cfff167/97 &cf31rl&cfff&cf31:10&cfff [low-rl] &c05fquad&cfff
(carapace): >&c693car:&cfff &c931r&cfff5/58 &cf31rl&cfff&cf31:6&cfff [ra-mega] &c05fquad&cfff
(carapace): >&c693car:&cfff &c931r&cfff5/58 &cf31rl&cfff&cf31:6&cfff [ra-mega] &c05fquad&cfff
(bps): >&cc93bps:&cfff 0/100 [tele] 
(bps): >&cc93bps:&cfff &cff0ya&cfff at [tele-ya]
(bps): >&cc93bps:&cfff &cff0ya&cfff at [tele-ya]
(bps): >&cc93bps:&cfff &cff0ya&cfff at [tele-ya]
(ganon): >&c479gan:&cfff &cf00lost&cfff [low-lift] 3
(ganon): >&c479gan:&cfff &cf00lost&cfff [low-lift] 3
Quad Damage is wearing off
(bps): >&cc93bps:&cfff &c991y&cfff150/100 [tele-high] 
(bps): >&cc93bps:&cfff took &cf31rl&cfff [high-rl]
(carapace): >&c693car:&cfff &c931r&cfff72/77 &cf31rl&cfff&cf31:4&cfff [low-rl] 
(carapace): >&c693car:&cfff &c931r&cfff72/77 &cf31rl&cfff&cf31:4&cfff [ra-mega] 
(rst): >&c777rst:&cfff &cf2apack&cfff at [quad-button]
(ganon): >&c479gan:&cfff &cf00lost&cfff [quad-low] 1
(ganon): >&c479gan:&cfff &cf00lost&cfff [quad-low] 1
(bps): >&cc93bps:&cfff 0/100 [water] 
(carapace): >&c693car:&cfff took &cf00ra&cfff [ra-mega]
(rst): >&c777rst:&cfff &cf2apack&cfff at [quad-low]
(bps): >&cc93bps:&cfff &cf00lost&cfff [tele] 1
(carapace): >&c693car:&cfff &c931r&cfff200/168 &cf31rl&cfff&cf31:10&cfff [ra-mega] 
[16] minutes remaining
Team [-s-] leads by 30 frags
(rst): >&c777rst:&cfff &c0b0safe&cfff [quad-way]
(rst): >&c777rst:&cfff &c0b0safe&cfff [quad-way]
(rst): >&c777rst:&cfff &c0b0safe&cfff [quad-way]
(rst): >&c777rst:&cfff &c0b0safe&cfff [quad-way]
(ganon): >&c479gan:&cfff &cb1akill me&cfff [ng] &cf31rl&cfff:2
(rst): >&c777rst:&cfff you take [quad]
(rst): >&c777rst:&cfff &cf31rox&cfff at [high-rl]
(bps): >&cc93bps:&cfff &cf31rl&cfff at [high-rl]
(bps): >&cc93bps:&cfff &c05fquaded&cfff rst at [high-rl]
(rst): >&c777rst:&cfff &c991y&cfff10/100 &cf31rl&cfff&cf31:4&cfff [high-rl] &c05fquad&cfff
(bps): >&cc93bps:&cfff &cf31rl&cfff at [high-rl]
(bps): >&cc93bps:&cfff &cf31rl&cfff at [high-rl]
(carapace): >&c693car:&cfff 0/58 &cf31rl&cfff&cf31:32&cfff [path-lift] 
(bps): >&cc93bps:&cfff 0/44 &cf31rl&cfff&cf31:5&cfff [quad-way] 
(bps): >&cc93bps:&cfff ganon at [high-rl]
(carapace): >&c693car:&cfff took &cf2apack&cfff [secret]
(carapace): >&c693car:&cfff &c0b0safe&cfff [path-lift]
(bps): >&cc93bps:&cfff 0/92 &cf31rl&cfff&cf31:3&cfff [tele] 
Quad Damage is wearing off
(ganon): >&c479gan:&cfff &c0b0safe&cfff [quad]
(ganon): >&c479gan:&cfff &c0b0safe&cfff [quad]
(carapace): >&c693car:&cfff took &cf31rl&cfff [low-rl]
(ganon): >&c479gan:&cfff 0/76 &cf31rl&cfff&cf31:11&cfff [quad] 
(bps): >&cc93bps:&cfff &c991y&cfff53/33 &cf31rl&cfff&cf31:0&cfff [tele-high] 
(carapace): >&c693car:&cfff &c931r&cfff200/98 &cf31rl&cfff&cf31:34&cfff [secret] 
(rst): >&c777rst:&cfff 0/100 &cf31rl&cfff&cf31:8&cfff [quad-low] 
(bps): >&cc93bps:&cfff &c991y&cfff53/33 &cf31rl&cfff&cf31:5&cfff [quad-low] 
(carapace): >&c693car:&cfff took &cf00ra&cfff [secret]
(bps): >      &cf2aquad jump&cfff [quad-low]
(bps): >      &cf2aenemy slipped&cfff [tele]
(carapace): >&c693car:&cfff &c931r&cfff200/98 &cf31rl&cfff&cf31:34&cfff [ng] 
(bps): >&cc93bps:&cfff &c991y&cfff53/98 &cf31rl&cfff&cf31:5&cfff [tele] 
(rst): >&c777rst:&cfff &c0b0safe&cfff [tele]
(rst): >&c777rst:&cfff &c0b0safe&cfff [tele]
(ganon): >&c479gan:&cfff &cf00lost&cfff [quad] 2
(ganon): >&c479gan:&cfff &cf00lost&cfff [quad] 2
(ganon): >&c479gan:&cfff &cf00lost&cfff [quad] 2
(rst): >&c777rst:&cfff 0/100 &cf31rl&cfff&cf31:18&cfff [tele-ya] 
(carapace): >&c693car:&cfff &c931r&cfff200/98 &cf31rl&cfff&cf31:34&cfff [path] 
(bps): >&cc93bps:&cfff &cf00dropped&cfff &cf31rl&cfff [high-rl] 2
(bps): >&cc93bps:&cfff &cf00dropped&cfff &cf31rl&cfff [high-rl] 2
(carapace): >&c693car:&cfff &c0b0safe&cfff [path]
[15] minutes remaining
Team [-s-] leads by 49 frags
(bps): >&cc93bps:&cfff ganon at [low-rl]
(carapace): >&c693car:&cfff &c931r&cfff200/85 &cf31rl&cfff&cf31:22&cfff [secret] 
(rst): >&c777rst:&cfff &c0b0safe&cfff [quad-way]
(rst): >&c777rst:&cfff &c0b0safe&cfff [quad-way]
(bps): >&cc93bps:&cfff 0/54 [path] 
(ganon): >&c479gan:&cfff &c991y&cfff36/30 &cf31rl&cfff&cf31:3&cfff [ra-mega] 
(ganon): >&c479gan:&cfff &c991y&cfff36/30 &cf31rl&cfff&cf31:13&cfff [ra-mega] 
(rst): >&c777rst:&cfff &cf00dropped&cfff &cf31rl&cfff [quad-way] 1
(rst): >&c777rst:&cfff &cf00dropped&cfff &cf31rl&cfff [quad-way] 1
(rst): >&c777rst:&cfff &cf00dropped&cfff &cf31rl&cfff [quad-way] 1
(rst): >&c777rst:&cfff &cf00dropped&cfff &cf31rl&cfff [quad-way] 1
(rst): >&c777rst:&cfff &cf00dropped&cfff &cf31rl&cfff [quad-way] 1
(tom): >&c49etom&cfff 0/16 &cf31rl&cfff&cf31:20&cfff [high-rl] 
(tom): >&c49etom&cfff 0/16 &cf31rl&cfff&cf31:28&cfff [quad-way] 
(tom): >&c49etom&cfff 0/66 ssg [ra-mega] 
(goniec): >&cf00gon&cfff   &c0b0safe&cfff &c0b0[&cffflow.button&c0b0]&cfff sg
(goniec): >&cf00gon&cfff   &cf00lost&cfff &cf00[&cfffquad.way&cf00]&cfff 2
(tom): >&c49etom&cfff 0/100 [tele-ya] 
(tom): >&c49etom&cfff 0/28 &c299gl&cfff [gl] rox:5 
(irn): >irn: &cf00lost&cfff &cf00[&cfffsecret&cf00]&cfff 1
(irn): >irn: &cf00lost&cfff &cf00[&cfffsecret&cf00]&cfff 1
(irn): >irn: &cf00lost&cfff &cf00[&cfffsecret&cf00]&cfff 1
(goniec): >&cf00gon&cfff   &cff0150&cfff/61 sg [low.rl] 
[14] minutes remaining
Team [-s-] leads by 60 frags
(tom): >&c49etom&cfff maCLer at [tele-high]
(maCLer): > &cf3f mac&cfff __ &cf39pack&cfff at [high.rl]
(maCLer): > &cf3f mac&cfff __ &cf39pack&cfff at [high.rl]
(maCLer): > &cf3f mac&cfff __ &cf39pack&cfff at [high.rl]
(irn): >irn: &cff0150&cfff/100 [quad.way]
(tom): >&c49etom&cfff 0/100 &cf31rl&cfff&cf31:2&cfff [high-rl] 
(goniec): >&cf00gon&cfff   &cf00lost&cfff &cf00[&cffflow.rl&cf00]&cfff 1
(goniec): >&cf00gon&cfff   &cf00lost&cfff &cf00[&cffflow.rl&cf00]&cfff 1
(tom): >&c49etom&cfff 0/13 &cf31rl&cfff&cf31:1&cfff [high-rl] 
no weapon
(rst): >&c777rst:&cfff 0/45 [tele] 
(carapace): >&c693car:&cfff 0/31 &cf31rl&cfff&cf31:15&cfff [tele] 
(carapace): >&c693car:&cfff 0/31 &cf31rl&cfff&cf31:15&cfff [quad-way] 
(ganon): >&c479gan:&cfff &c0b0safe&cfff [ra-mega]
(ganon): >&c479gan:&cfff &c0b0safe&cfff [ra-mega]
(ganon): >&c479gan:&cfff &c0b0safe&cfff [ra-mega]
(carapace): >&c693car:&cfff 0/31 &cf31rl&cfff&cf31:14&cfff [quad-way] 
(carapace): >&c693car:&cfff &cf31rl&cfff at [high-rl]
(bps): >&cc93bps:&cfff &c991y&cfff150/72 &c299gl&cfff [big] rox:13 
(bps): >      &cf2aquad jump&cfff [quad-low]
(bps): >      &cf2aquad jump&cfff [quad-low]
(carapace): >&c693car:&cfff 0/31 &cf31rl&cfff&cf31:14&cfff [quad-way] 
(ganon): >&c479gan:&cfff &c0b0safe&cfff [low-button]
(ganon): >&c479gan:&cfff &c0b0safe&cfff [low-button]
(rst): >&c777rst:&cfff &cf00enemy&cfff at [quad-low]
(rst): >&c777rst:&cfff &cf2apack&cfff at [quad-low]
(rst): >&c777rst:&cfff &c991y&cfff90/59 &cf31rl&cfff&cf31:2&cfff [quad-low] 
(bps): >&cc93bps:&cfff &c991y&cfff104/45 &c299gl&cfff [quad-way] rox:10 
(carapace): >&c693car:&cfff 0/72 &cf31rl&cfff&cf31:12&cfff [ng] 
(bps): >&cc93bps:&cfff &c991y&cfff61/18 &cf31rl&cfff&cf31:19&cfff [quad-way] 
(carapace): >&c693car:&cfff took &cf00ra&cfff [secret]
(carapace): >&c693car:&cfff &c931r&cfff200/100 &cf31rl&cfff&cf31:11&cfff [secret] 
(rst): >&c777rst:&cfff &c991y&cfff35/50 &cf31rl&cfff&cf31:1&cfff [tele-ya] 
(rst): >&c777rst:&cfff &c0b0safe&cfff [tele-ya]
(rst): >&c777rst:&cfff &c0b0safe&cfff [tele-ya]
(rst): >&c777rst:&cfff &c0b0safe&cfff [tele-ya]
(rst): >&c777rst:&cfff &c0b0safe&cfff [tele-ya]
(rst): >&c777rst:&cfff &c991y&cfff35/50 &cf31rl&cfff&cf31:1&cfff [tele-ya] 
(bps): >&cc93bps:&cfff &c991y&cfff61/18 &cf31rl&cfff&cf31:19&cfff [tele-entry] 
(ganon): >&c479gan:&cfff &c0b0safe&cfff [ra-mega]
(ganon): >&c479gan:&cfff &c0b0safe&cfff [ra-mega]
(ganon): >&c479gan:&cfff &c931r&cfff142/139 &cf31rl&cfff&cf31:12&cfff [ra-mega] 
(carapace): >&c693car:&cfff &c0b0safe&cfff [ng]
(ganon): >&c479gan:&cfff &c0b0safe&cfff [ra-mega]
(ganon): >&c479gan:&cfff &c0b0safe&cfff [ra-mega]
(rst): >&c777rst:&cfff replace [tele-ya]
(bps): >&cc93bps:&cfff &c0b0safe&cfff [quad-way]
(bps): >&cc93bps:&cfff &c0b0safe&cfff [high-rl]
(rst): >&c777rst:&cfff replace [tele-high]
[13] minutes remaining
Team [-s-] leads by 84 frags
(carapace): >&c693car:&cfff &c931r&cfff144/88 &cf31rl&cfff&cf31:2&cfff [path-lift] 
(bps): >&cc93bps:&cfff &cf00lost&cfff [tele-high] 3
(bps): >&cc93bps:&cfff &cf00lost&cfff [tele-high] 3
(bps): >&cc93bps:&cfff &cf00lost&cfff [tele-high] 3
(rst): >&c777rst:&cfff &cf00lost&cfff [tele-high] 2
(rst): >&c777rst:&cfff &cf00lost&cfff [tele-high] 2
(rst): >&c777rst:&cfff &cf00lost&cfff [tele-high] 2
(rst): >&c777rst:&cfff &cf00lost&cfff [tele-high] 2
(rst): >&c777rst:&cfff &cf00lost&cfff [tele-high] 2
(rst): >&c777rst:&cfff &cf00lost&cfff [tele-high] 2
(bps): >&cc93bps:&cfff 0/100 [big-button] 
(rst): >&c777rst:&cfff &cf00lost&cfff [low-rl] 1
(rst): >&c777rst:&cfff &cf00lost&cfff [low-rl] 1
(rst): >&c777rst:&cfff &cf00lost&cfff [low-rl] 1
(rst): >&c777rst:&cfff &cf00lost&cfff [low-rl] 1
(rst): >&c777rst:&cfff &cf00lost&cfff [low-rl] 1
(carapace): >&c693car:&cfff 0/46 &cf31rl&cfff&cf31:0&cfff [low-rl] 
(ganon): >&c479gan:&cfff &cf2apack&cfff at [low-rl]
(bps): >&cc93bps:&cfff carapace at [low-lift]
(rst): >&c777rst:&cfff &cf00lost&cfff [tele] 2
(rst): >&c777rst:&cfff &cf00lost&cfff [tele] 2
(rst): >&c777rst:&cfff &cf00lost&cfff [tele] 2
(rst): >&c777rst:&cfff &cf00lost&cfff [tele] 2
(rst): >&c777rst:&cfff &cf00lost&cfff [tele] 2
(rst): >&c777rst:&cfff &cf00lost&cfff [tele] 2
(bps): >&cc93bps:&cfff ganon at [low-stairs]
(irn): >irn: 1 &ce00enemy&cfff at [water]
(maCLer): > &cf3f mac&cfff [quad.way] y118/152 gl:19 &c05fquad&cfff
(tom): >&c49etom&cfff 0/28 [tele-high] 
(tom): >&c49etom&cfff &cf31rl&cfff at [high-rl]
(tom): >&c49etom&cfff &c05Fquaded&cfff maCLer at [quad]
(goniec): >&cf00gon&cfff   0/100 sg [tele.ya] &cf13r&cfff:10 
(goniec): >&cf00gon&cfff   0/100 sg [tele.ya] &cf13r&cfff:10 
(tom): >&c49etom&cfff &cf31rox&cfff at [high-rl]
(tom): >&c49etom&cfff took &cf31rl&cfff [high-rl]
(goniec): >&cf00gon&cfff   &cf60coming&cfff [tele.high]
(tom): >&c49etom&cfff 0/28 &cf31rl&cfff&cf31:10&cfff [high-rl] 
(tom): >&c49etom&cfff 0/78 &cf31rl&cfff&cf31:10&cfff [quad] 
(tom): >&c49etom&cfff 0/100 &cf31rl&cfff&cf31:10&cfff [tele] 
(tom): >&c49etom&cfff irn at [tele-ya]
(tom): >&c49etom&cfff 0/34 &cf31rl&cfff&cf31:8&cfff [tele-high] 
(irn): >irn: &cf00lost&cfff &cf00[&cffftele&cf00]&cfff 1
(irn): >irn: &cf00lost&cfff &cf00[&cffftele&cf00]&cfff 1
(irn): >irn: &cf00lost&cfff &cf00[&cffftele&cf00]&cfff 1
Quad Damage is wearing off
(tom): >&c49etom&cfff 0/34 &cf31rl&cfff&cf31:8&cfff [quad] 
(irn): >irn: &cf00lost&cfff &cf00[&cffftele&cf00]&cfff 1
(irn): >irn: &cf00lost&cfff &cf00[&cffftele&cf00]&cfff 1
(irn): >irn: &cf00lost&cfff &cf00[&cffftele&cf00]&cfff 1
(tom): >&c49etom&cfff 0/84 &cf31rl&cfff&cf31:6&cfff [quad-way] 
(irn): >irn: &c03Fmega&cfff at [RA.MEGA] 0
(irn): >irn: &c03Fmega&cfff at [RA.MEGA] 0
(maCLer): >&c0f0  mac safe [secret]&cfff &cf60rl&cfff 
(maCLer): >&c0f0  mac safe [secret]&cfff &cf60rl&cfff 
(tom): >&c49etom&cfff 0/100 [big-stairs] 
(goniec): >&cf00gon&cfff   &cf00lost&cfff &cf00[&cffftele&cf00]&cfff 1
(goniec): >&cf00gon&cfff   &cf00lost&cfff &cf00[&cffftele&cf00]&cfff 1
[12] minutes remaining
Team [-s-] leads by 86 frags
(tom): >&c49etom&cfff 0/100 [tele-high] 
(bps): >&cc93bps:&cfff &cff0help&cfff [quad]
(bps): >&cc93bps:&cfff &cff0help&cfff [quad]
(ganon): >&c479gan:&cfff took &cf31rl&cfff [low-rl]
(bps): >&cc93bps:&cfff &c0b0team&cfff &c05fquad&cfff
(bps): >&cc93bps:&cfff &c0b0team&cfff &c05fquad&cfff
(carapace): >&c693car:&cfff &c0b0safe&cfff [path]
(bps): >&cc93bps:&cfff 0/59 &cf31rl&cfff&cf31:7&cfff [quad-button] &c05fquad&cfff
(bps): >&cc93bps:&cfff 0/59 &cf31rl&cfff&cf31:7&cfff [quad-button] &c05fquad&cfff
(ganon): >&c479gan:&cfff &c0b0safe&cfff [ra-mega]
(ganon): >&c479gan:&cfff &c0b0safe&cfff [ra-mega]
(ganon): >&c479gan:&cfff &c0b0safe&cfff [ra-mega]
(rst): >&c777rst:&cfff &cf00lost&cfff [tele-entry] 1
(rst): >&c777rst:&cfff &cf00lost&cfff [tele-entry] 1
(rst): >&c777rst:&cfff &cf00lost&cfff [tele-entry] 1
(rst): >&c777rst:&cfff &cf00lost&cfff [tele-entry] 1
(rst): >&c777rst:&cfff &cf00lost&cfff [tele-entry] 1
(bps): >&cc93bps:&cfff 0/59 &cf31rl&cfff&cf31:19&cfff [big-stairs] &c05fquad&cfff
(ganon): >&c479gan:&cfff took &cf00ra&cfff [ra-mega]
(carapace): >&c693car:&cfff &c0b0safe&cfff [low-rl]
(carapace): >&c693car:&cfff &c931r&cfff176/100 &cf31rl&cfff&cf31:21&cfff [low-lift] 
(bps): >&cc93bps:&cfff &c991y&cfff57/3 &cf31rl&cfff&cf31:14&cfff [big] &c05fquad&cfff
(carapace): >&c693car:&cfff &c0b0safe&cfff [tele]
(bps): >&cc93bps:&cfff &cf00lost&cfff [platforms] 2
(rst): >&c777rst:&cfff 0/100 [low-rl] 
(rst): >&c777rst:&cfff 0/100 [low-rl] 
(bps): >&cc93bps:&cfff took &c0ffmega&cfff [gl]
(rst): >&c777rst:&cfff took &cf31rl&cfff [low-rl]
(carapace): >&c693car:&cfff &c931r&cfff17/71 &cf31rl&cfff&cf31:16&cfff [ng] 
(carapace): >&c693car:&cfff took &cf00ra&cfff [secret]
(bps): >&cc93bps:&cfff &cf00lost&cfff [high-rl] 1
(rst): >&c777rst:&cfff 0/56 &cf31rl&cfff&cf31:2&cfff [ra-mega] 
(rst): >&c777rst:&cfff &c0b0safe&cfff [ra-mega]
(rst): >&c777rst:&cfff &c0b0safe&cfff [ra-mega]
(bps): >&cc93bps:&cfff rst at [ra-mega]
(rst): >&c777rst:&cfff 0/56 &cf31rl&cfff&cf31:2&cfff [ra-mega/rox] 
(rst): >&c777rst:&cfff 0/56 &cf31rl&cfff&cf31:2&cfff [ra-mega/rox] 
(rst): >&c777rst:&cfff 0/56 &cf31rl&cfff&cf31:2&cfff [ra-mega/rox] 
(rst): >&c777rst:&cfff 0/56 &cf31rl&cfff&cf31:2&cfff [ra-mega/rox] 
(carapace): >&c693car:&cfff &c931r&cfff200/100 &cf31rl&cfff&cf31:20&cfff [tele-high] 
(carapace): >&c693car:&cfff 0/35 &cf31rl&cfff&cf31:33&cfff [high-rl] 
(bps): >&cc93bps:&cfff ganon at [big]
no weapon
(carapace): >&c693car:&cfff &cf00lost&cfff [quad-way] 1
[11] minutes remaining
Team [-s-] leads by 104 frags
(carapace): >&c693car:&cfff 0/100 [water] 
(rst): >&c777rst:&cfff &cf00dropped&cfff &cf31rl&cfff [ra-mega] 1
(rst): >&c777rst:&cfff &cf00dropped&cfff &cf31rl&cfff [ra-mega] 1
(rst): >&c777rst:&cfff &cf00dropped&cfff &cf31rl&cfff [ra-mega] 1
(rst): >&c777rst:&cfff &cf00dropped&cfff &cf31rl&cfff [ra-mega] 1
(rst): >&c777rst:&cfff &cf00dropped&cfff &cf31rl&cfff [ra-mega] 1
(rst): >&c777rst:&cfff &cf00dropped&cfff &cf31rl&cfff [ra-mega] 1
(rst): >&c777rst:&cfff &cf00dropped&cfff &cf31rl&cfff [ra-mega] 1
(rst): >&c777rst:&cfff &cf00dropped&cfff &cf31rl&cfff [ra-mega] 1
(carapace): >&c693car:&cfff &cf00lost&cfff [quad-low] 2
(carapace): >&c693car:&cfff 0/100 [low-rl] 
(ganon): >&c479gan:&cfff &cf00lost&cfff [big] 2
(rst): >&c777rst:&cfff &cf00enemy&cfff at [quad]
(carapace): >&c693car:&cfff &c931r&cfff200/100 &cf31rl&cfff&cf31:10&cfff [ra-mega] 
(bps): >&cc93bps:&cfff &c0b0team&cfff &c05fquad&cfff
(bps): >&cc93bps:&cfff &c0b0team&cfff &c05fquad&cfff
(bps): >&cc93bps:&cfff &c0b0team&cfff &c05fquad&cfff
(bps): >&cc93bps:&cfff &c0b0team&cfff &c05fquad&cfff
(bps): >&cc93bps:&cfff &c0b0team&cfff &c05fquad&cfff
(bps): >&cc93bps:&cfff &c0b0team&cfff &c05fquad&cfff
no weapon
(rst): >&c777rst:&cfff &cf00lost&cfff [quad-low] 3
(rst): >&c777rst:&cfff &cf00lost&cfff [quad-low] 3
(rst): >&c777rst:&cfff &cf00lost&cfff [quad-low] 3
(rst): >&c777rst:&cfff &cf00lost&cfff [quad-low] 3
(rst): >&c777rst:&cfff &cf00lost&cfff [quad-low] 3
(carapace): >&c693car:&cfff &c931r&cfff200/100 &cf31rl&cfff&cf31:10&cfff [ra-mega] 
(ganon): >&c479gan:&cfff took &cf00ra&cfff [secret]
(carapace): >&c693car:&cfff &c931r&cfff200/100 &cf31rl&cfff&cf31:10&cfff [low-rl] 
(rst): >&c777rst:&cfff &cf00lost&cfff [big-stairs] 1
(rst): >&c777rst:&cfff &cf00lost&cfff [big-stairs] 1
(rst): >&c777rst:&cfff &cf00lost&cfff [big-stairs] 1
(rst): >&c777rst:&cfff &cf00lost&cfff [big-stairs] 1
(rst): >&c777rst:&cfff &cf00lost&cfff [big-stairs] 1
(rst): >&c777rst:&cfff &cf00lost&cfff [big-stairs] 1
(carapace): >&c693car:&cfff &c931r&cfff200/100 &cf31rl&cfff&cf31:10&cfff [low-rl] 
(rst): >&c777rst:&cfff 0/100 [ra-mega] 
(bps): >&cc93bps:&cfff took &cff0ya&cfff [tele-ya]
(ganon): >&c479gan:&cfff &c0b0safe&cfff [high-rl]
(ganon): >&c479gan:&cfff &c0b0safe&cfff [high-rl]
(rst): >&c777rst:&cfff took &cf00ra&cfff [ra-mega]
(bps): >&cc93bps:&cfff &c991y&cfff4/28 [tele] 
(carapace): >&c693car:&cfff &c0b0safe&cfff [low-rl]
(rst): >&c777rst:&cfff &c931r&cfff24/100 sg [low-rl] rox:13 
(bps): >&cc93bps:&cfff 0/100 [ra-mega] 
(rst): >&c777rst:&cfff 0/25 &cf31rl&cfff&cf31:15&cfff [path] 
(carapace): >&c693car:&cfff &c931r&cfff196/100 &cf31rl&cfff&cf31:4&cfff [low-rl] 
(rst): >&c777rst:&cfff &c0b0safe&cfff [secret]
(rst): >&c777rst:&cfff &c0b0safe&cfff [secret]
(rst): >&c777rst:&cfff &c0b0safe&cfff [secret]
(rst): >&c777rst:&cfff &c0b0safe&cfff [secret]
(rst): >&c777rst:&cfff &c0b0safe&cfff [secret]
(carapace): >&c693car:&cfff took &cf00ra&cfff [ra-mega]
(rst): >&c777rst:&cfff took &cf00ra&cfff [secret]
(rst): >&c777rst:&cfff &c931r&cfff200/25 &cf31rl&cfff&cf31:9&cfff [secret] 
[10] minutes remaining
Team [-s-] leads by 104 frags
(rst): >&c777rst:&cfff &c0b0safe&cfff [secret]
(carapace): >&c693car:&cfff &c931r&cfff200/64 &cf31rl&cfff&cf31:13&cfff [ra-mega] 
(carapace): >&c693car:&cfff took &c0ffmega&cfff [ra-mega]
(carapace): >&c693car:&cfff coming [ra-mega] need nothing
(rst): >&c777rst:&cfff &c931r&cfff200/25 &cf31rl&cfff&cf31:9&cfff [secret] 
(ganon): >&c479gan:&cfff &c0b0safe&cfff [quad-way]
(ganon): >&c479gan:&cfff &c0b0safe&cfff [quad-way]
(ganon): >&c479gan:&cfff &c0b0safe&cfff [quad-way]
(rst): >&c777rst:&cfff &c0b0safe&cfff [secret]
(rst): >&c777rst:&cfff &c0b0safe&cfff [secret]
(carapace): >&c693car:&cfff &c931r&cfff106/136 &cf31rl&cfff&cf31:12&cfff [tele-high] 
(carapace): >&c693car:&cfff coming [high-rl] need nothing
(carapace): >&c693car:&cfff &c931r&cfff106/135 &cf31rl&cfff&cf31:12&cfff [quad-way] 
(bps): >&cc93bps:&cfff took &cf31rl&cfff [low-rl]
(bps): >&cc93bps:&cfff took &cf31rl&cfff [low-rl]
(rst): >&c777rst:&cfff &c931r&cfff200/65 &cf31rl&cfff&cf31:6&cfff [ng] 
(bps): >&cc93bps:&cfff took &ce00ra&cfff [ra-mega]
(carapace): >&c693car:&cfff took &c0ffmega&cfff [gl]
(carapace): >&c693car:&cfff &c931r&cfff106/226 &cf31rl&cfff&cf31:12&cfff [floating] 
(carapace): >&c693car:&cfff &c0b0safe&cfff [ng]
(bps): >&cc93bps:&cfff &c0b0safe&cfff [ra-mega/rox]
(ganon): >&c479gan:&cfff 0/4 &cf31rl&cfff&cf31:9&cfff [ng] &c05fquad&cfff
(ganon): >&c479gan:&cfff &cf00lost&cfff [ng] 2
(ganon): >&c479gan:&cfff &cf00lost&cfff [ng] 2
(ganon): >&c479gan:&cfff &cf00lost&cfff [ng] 2
(carapace): >&c693car:&cfff &c931r&cfff55/196 &cf31rl&cfff&cf31:11&cfff [tele] 
(bps): >&cc93bps:&cfff &cb1akill me&cfff [ra-mega] &cf31rl&cfff:13
(bps): >&cc93bps:&cfff &cb1akill me&cfff [ra-mega/rox] &cf31rl&cfff:13
(rst): >&c777rst:&cfff &cf00lost&cfff [tele] 2
(rst): >&c777rst:&cfff &cf00lost&cfff [tele] 2
(rst): >&c777rst:&cfff &cf00lost&cfff [tele] 2
(rst): >&c777rst:&cfff &cf00lost&cfff [tele] 2
(rst): >&c777rst:&cfff &cf00lost&cfff [tele] 2
(rst): >&c777rst:&cfff &cf00lost&cfff [tele] 2
(carapace): >&c693car:&cfff &c0b0safe&cfff [tele-ya]
(rst): >&c777rst:&cfff &cf00ra&cfff at [ra-mega]
(rst): >&c777rst:&cfff took &cf00ra&cfff [ra-mega]
(carapace): >&c693car:&cfff &c991y&cfff150/137 &cf31rl&cfff&cf31:17&cfff [tele-high] 
(carapace): >&c693car:&cfff &c0b0safe&cfff [high-rl]
[9] minutes remaining
Team [-s-] leads by 112 frags
(carapace): >&c693car:&cfff coming [high-rl] need nothing
(carapace): >&c693car:&cfff &cf00dropped&cfff &cf31rl&cfff [high-rl] 3
(carapace): >&c693car:&cfff &cf00dropped&cfff &cf31rl&cfff [high-rl] 3
(carapace): >&c693car:&cfff 0/100 [water] 
(tom): >&c49etom&cfff &c05Fquaded&cfff irn at [tele-entry]
(tom): >&c49etom&cfff 0/32 [tele-ya] 
(tom): >&c49etom&cfff goniec at [tele]
(tom): >&c49etom&cfff &c991y&cfff150/32 [tele-high] 
(tom): >&c49etom&cfff took &cf31rl&cfff [high-rl]
(tom): >&c49etom&cfff &c991y&cfff150/32 &cf31rl&cfff&cf31:11&cfff [high-rl] 
(tom): >&c49etom&cfff &c991y&cfff150/32 &cf31rl&cfff&cf31:11&cfff [quad-low] 
(tom): >&c49etom&cfff &c991y&cfff150/100 &cf31rl&cfff&cf31:11&cfff [ng] 
(rst): >&c777rst:&cfff &c05fquad&cfff over
(carapace): >&c693car:&cfff &c0b0safe&cfff [high-rl]
(rst): >&c777rst:&cfff &cf00lost&cfff [water] 3
(rst): >&c777rst:&cfff &cf00lost&cfff [water] 3
(rst): >&c777rst:&cfff &cf00lost&cfff [water] 3
(rst): >&c777rst:&cfff &cf00lost&cfff [water] 3
(rst): >&c777rst:&cfff &cf00lost&cfff [water] 3
(rst): >&c777rst:&cfff &cf00lost&cfff [water] 3
(rst): >&c777rst:&cfff &c991y&cfff150/100 [big] 
(rst): >&c777rst:&cfff &cf2apack&cfff at [big]
(carapace): >&c693car:&cfff &cf00dropped&cfff &cf31rl&cfff [big-button] 2
(carapace): >&c693car:&cfff 0/100 [ra-mega] 
maCLer paused the game. He has 2 remaining request(s).
(ganon): >&c479gan:&cfff 0/11 &cf31rl&cfff&cf31:7&cfff [secret] 
rst: hes been gone for like 3min
rst: forgot to pause
rst: :D
goniec: przerwa na wino
irn:  o 
ganon: i like wine too
maCLer:  :)
irn:  poor bepees :(
ganon: :(
goniec: ok postpone it?
goniec: :D
carapace: he has puked for a couple of minutes but needs just a minute to get ready
bps changed name to [C"][C0][C3]
[C"][C0][C3] changed name to bps
bps: hej
goniec: :E
bps: fyfan!
goniec: what
maCLer:  go?
bps: ok go
maCLer unpaused the game (will resume in 2 seconds)
game unpaused
(carapace): >&c693car:&cfff &c931r&cfff200/100 [ra-mega] 
(bps): >&cc93bps:&cfff 0/100 [water] 
[8] minutes remaining
Team [-s-] leads by 116 frags
(carapace): >&c693car:&cfff &c931r&cfff200/100 ssg [ra-mega] 
(bps): >&cc93bps:&cfff &cf00lost&cfff [high-rl] 2
(carapace): >&c693car:&cfff &c931r&cfff200/100 ssg [ra-mega] rox:10 
(bps): >&cc93bps:&cfff 0/100 [ra-mega] 
(rst): >&c777rst:&cfff &c0b0safe&cfff [secret]
(rst): >&c777rst:&cfff &c0b0safe&cfff [secret]
(rst): >&c777rst:&cfff &c0b0safe&cfff [secret]
(rst): >&c777rst:&cfff &c0b0safe&cfff [secret]
(rst): >&c777rst:&cfff &c0b0safe&cfff [secret]
(bps): >&cc93bps:&cfff &cf2apack&cfff at [low-rl]
(tom): >&c49etom&cfff &c0b0team&cfff &c05fquad&cfff
(tom): >&c49etom&cfff &c0b0team&cfff &c05fquad&cfff
(tom): >&c49etom&cfff 0/100 [quad-way] &c05fquad&cfff
(tom): >&c49etom&cfff 0/100 &cf31rl&cfff&cf31:10&cfff [quad-button] &c05fquad&cfff
(tom): >&c49etom&cfff 0/100 &cf31rl&cfff&cf31:19&cfff [big-stairs] &c05fquad&cfff
(tom): >&c49etom&cfff &c991y&cfff150/100 &cf31rl&cfff&cf31:19&cfff [big] &c05fquad&cfff
(goniec): >&cf00gon&cfff   &cf00lost&cfff &cf00[&cffftele&cf00]&cfff 1
(tom): >&c49etom&cfff &c991y&cfff150/100 &cf31rl&cfff&cf31:17&cfff [quad-low] &c05fquad&cfff
(goniec): >&cf00gon&cfff   &cf00lost&cfff &cf00[&cfffbig&cf00]&cfff 2
(tom): >&c49etom&cfff &c991y&cfff150/100 &cf31rl&cfff&cf31:17&cfff [tele] &c05fquad&cfff
Quad Damage is wearing off
(tom): >&c49etom&cfff &c991y&cfff137/92 &cf31rl&cfff&cf31:16&cfff [big] &c05fquad&cfff
bps: &c900*&r8)
(maCLer): > &cf3f mac&cfff [high.rl] y110/69 sg 
(maCLer): > &cf3f mac&cfff [high.rl] y110/69 sg 
(irn): >irn: &ce00200&cfff/77 [tele.high]
(goniec): >&cf00gon&cfff   &cff0150&cfff/100 ssg [tele.high] 
(irn): >irn: &ce00200&cfff/77 [floating]
(tom): >&c49etom&cfff &c991y&cfff71/49 &cf31rl&cfff&cf31:12&cfff [quad-low] 
(maCLer): > &cf3f mac&cfff [high.rl] y110/69 &cf60rl&cfff 
(irn): >irn: &ce00200&cfff/177 RL:14 [floating]
(irn): >irn: &ce00200&cfff/177 RL:14 [floating]
(tom): >&c49etom&cfff &c991y&cfff71/89 &cf31rl&cfff&cf31:12&cfff [ng] 
(tom): >&c49etom&cfff &c991y&cfff71/100 &cf31rl&cfff&cf31:12&cfff [tele] 
(irn): >irn: &ce00200&cfff/175 RL:14 [tele.high]
(irn): >irn: &ce00200&cfff/174 RL:14 [tele.high]
(tom): >&c49etom&cfff &c991y&cfff48/87 &cf31rl&cfff&cf31:12&cfff [tele-rox] 
(maCLer): > &cf3f mac&cfff [quad.low] y150/67 &cf60rl&cfff 
(maCLer): > &cf3f mac&cfff [quad.low] y150/67 &cf60rl&cfff 
[7] minutes remaining
Team [-s-] leads by 126 frags
(tom): >&c49etom&cfff &cf00enemy&cfff at [tele-ya]
(tom): >&c49etom&cfff &c991y&cfff25/74 &cf31rl&cfff&cf31:11&cfff [tele] 
(irn): >irn: &ce00200&cfff/167 RL:14 [tele.high]
(irn): >irn: &ce00200&cfff/167 RL:14 [tele.high]
(tom): >&c49etom&cfff &c991y&cfff150/74 &cf31rl&cfff&cf31:11&cfff [tele-high] 
(goniec): >&cf00gon&cfff   &cf00lost&cfff &cf00[&cffftele.entry&cf00]&cfff 1
(maCLer): > &cf3f mac&cfff [ng] y&cf6669&cfff/&cf6615&cfff &cf60rl&cfff 
(tom): >&c49etom&cfff &c0b0safe&cfff [quad]
(tom): >&c49etom&cfff maCLer at [quad-low]
(irn): >irn: &cf00lost&cfff &cf00[&cfffhigh.rl&cf00]&cfff 3
(irn): >irn: &cf00lost&cfff &cf00[&cfffhigh.rl&cf00]&cfff 3
(irn): >irn: &cf00lost&cfff &cf00[&cfffhigh.rl&cf00]&cfff 3
(goniec): >&cf00gon&cfff took &cf00ra&cfff [ra.mega]
(goniec): >&cf00gon&cfff took &cf00ra&cfff [ra.mega]
(tom): >&c49etom&cfff &c991y&cfff101/70 &cf31rl&cfff&cf31:1&cfff [quad-low] &c05fquad&cfff
(maCLer): >&c0f0  mac safe [secret]&cfff &cf60rl&cfff 
(maCLer): >&c0f0  mac safe [secret]&cfff &cf60rl&cfff 
(maCLer): >&c0f0  mac safe [secret]&cfff &cf60rl&cfff 
(tom): >&c49etom&cfff &c991y&cfff101/70 &cf31rl&cfff&cf31:1&cfff [tele] &c05fquad&cfff
(tom): >&c49etom&cfff irn at [tele]
(tom): >&c49etom&cfff &c991y&cfff81/58 &cf31rl&cfff&cf31:1&cfff [tele-ya] &c05fquad&cfff
(goniec): >&cf00gon&cfff took ssg [ra.mega]
(maCLer): > &cf3f mac&cfff __ &cf39pack&cfff at [quad.way]
(maCLer): > &cf3f mac&cfff __ &cf39pack&cfff at [quad.way]
(tom): >&c49etom&cfff &c991y&cfff55/41 &cf31rl&cfff&cf31:1&cfff [high-rl] &c05fquad&cfff
(rst): >&c777rst:&cfff &cf00lost&cfff [quad-low] 2
(rst): >&c777rst:&cfff &cf00lost&cfff [quad-low] 2
(rst): >&c777rst:&cfff &cf00lost&cfff [quad-low] 2
(rst): >&c777rst:&cfff &cf00lost&cfff [quad-low] 2
(rst): >&c777rst:&cfff &cf00lost&cfff [quad-low] 2
(rst): >&c777rst:&cfff &cf00lost&cfff [quad-low] 2
(carapace): >&c693car:&cfff &c991y&cfff29/45 &cf31rl&cfff&cf31:35&cfff [quad-way] 
(bps): >&cc93bps:&cfff &c991y&cfff100/67 sg [big] rox:10 
(rst): >&c777rst:&cfff &cf00lost&cfff [low-rl] 2
(rst): >&c777rst:&cfff &cf00lost&cfff [low-rl] 2
(rst): >&c777rst:&cfff &cf00lost&cfff [low-rl] 2
(rst): >&c777rst:&cfff &cf00lost&cfff [low-rl] 2
(rst): >&c777rst:&cfff &cf00lost&cfff [low-rl] 2
(rst): >&c777rst:&cfff &cf00lost&cfff [low-rl] 2
(rst): >&c777rst:&cfff &cf00lost&cfff [ng] 1
(rst): >&c777rst:&cfff &cf00lost&cfff [ng] 1
(rst): >&c777rst:&cfff &cf00lost&cfff [ng] 1
(rst): >&c777rst:&cfff &cf00lost&cfff [ng] 1
(rst): >&c777rst:&cfff &cf00lost&cfff [ng] 1
(carapace): >&c693car:&cfff &c991y&cfff29/45 &cf31rl&cfff&cf31:32&cfff [quad-way] 
(carapace): >&c693car:&cfff &c0b0safe&cfff [quad]
[6] minutes remaining
Team [-s-] leads by 114 frags
(carapace): >&c693car:&cfff &cf00dropped&cfff &cf31rl&cfff [quad] 3
(carapace): >&c693car:&cfff &cf00dropped&cfff &cf31rl&cfff [quad] 3
(carapace): >&c693car:&cfff &cf00dropped&cfff &cf31rl&cfff [quad] 3
(bps): >&cc93bps:&cfff carapace at [quad-low]
no weapon
(maCLer): >_ mac: OUR &c05fquad&cfff
(maCLer): >_ mac: OUR &c05fquad&cfff
(maCLer): > &cf3f mac&cfff [high.rl] r&cf6647&cfff/91 &cf60rl&cfff &c05fquad&cfff
(tom): >&c49etom&cfff 0/100 [water] 
(maCLer): > &cf3f mac&cfff [big.stairs] r&cf6647&cfff/91 &cf60rl&cfff &c05fquad&cfff
(tom): >&c49etom&cfff goniec at [tele-rox]
(tom): >&c49etom&cfff irn at [tele-high]
(tom): >&c49etom&cfff 0/180 &c299gl&cfff [gl] rox:15 
(maCLer): > &cf3f mac&cfff [ng] r134/77 &cf60rl&cfff &c05fquad&cfff
Quad Damage is wearing off
(tom): >&c49etom&cfff 0/111 &c299gl&cfff [big-stairs] rox:15 
(goniec): >&cf00gon&cfff   &cf2apack&cfff at [quad]
[5] minutes remaining
Team [-s-] leads by 108 frags
(goniec): >&cf00gon&cfff   &cf00lost&cfff &cf00[&cfffhigh.rl&cf00]&cfff 2
(maCLer): >&cf00  mac lost [tele.high] 2
(maCLer): >&cf00  mac lost [tele.high] 2
(tom): >&c49etom&cfff &c991y&cfff130/100 &c299gl&cfff [tele-rox] rox:12 
(carapace): >&c693car:&cfff &cf00lost&cfff [quad] 4
(irn): >irn: &cf00DROPPED RL &cf00[&cfffquad&cf00]&cfff 1
(irn): >irn: &cf00DROPPED RL &cf00[&cfffquad&cf00]&cfff 1
(irn): >irn: &cf00DROPPED RL &cf00[&cfffquad&cf00]&cfff 1
(tom): >&c49etom&cfff &c991y&cfff125/97 &c299gl&cfff [quad-way] rox:9 
(bps): >&cc93bps:&cfff 0/200 ssg [ra-mega] 
(ganon): >&c479gan:&cfff &cf2apack&cfff at [quad-low]
(bps): >&cc93bps:&cfff 0/100 [big] 
(rst): >&c777rst:&cfff &cf00dropped&cfff &cf31rl&cfff [path-lift] 2
(rst): >&c777rst:&cfff &cf00dropped&cfff &cf31rl&cfff [path-lift] 2
(rst): >&c777rst:&cfff &cf00dropped&cfff &cf31rl&cfff [path-lift] 2
(rst): >&c777rst:&cfff &cf00dropped&cfff &cf31rl&cfff [path-lift] 2
(rst): >&c777rst:&cfff &cf00dropped&cfff &cf31rl&cfff [path-lift] 2
(rst): >&c777rst:&cfff &cf00dropped&cfff &cf31rl&cfff [path-lift] 2
(rst): >&c777rst:&cfff &cf00dropped&cfff &cf31rl&cfff [path-lift] 2
(rst): >&c777rst:&cfff &cf00dropped&cfff &cf31rl&cfff [path-lift] 2
(bps): >&cc93bps:&cfff 0/100 [big-stairs] 
(carapace): >&c693car:&cfff &cff0ya&cfff at [tele-ya]
(rst): >&c777rst:&cfff you take [tele]
(rst): >&c777rst:&cfff &c991y&cfff150/100 [tele-ya] 
(carapace): >&c693car:&cfff &c991y&cfff11/19 [quad-way] 
(carapace): >&c693car:&cfff &c991y&cfff11/69 [quad-low] 
(carapace): >&c693car:&cfff &cf00lost&cfff [big] 2
(carapace): >&c693car:&cfff 0/100 [tele] 
(carapace): >&c693car:&cfff &cf00lost&cfff [tele] 1
[4] minutes remaining
Team [-s-] leads by 112 frags
(bps): >&cc93bps:&cfff took &cf31rl&cfff [low-rl]
(rst): >&c777rst:&cfff &c991y&cfff61/42 &cf31rl&cfff&cf31:2&cfff [ng] 
(carapace): >&c693car:&cfff took &cf2apack&cfff [big]
(bps): >&cc93bps:&cfff 0/100 &cf31rl&cfff&cf31:4&cfff [path] 
(bps): >&cc93bps:&cfff rst at [path]
(bps): >&cc93bps:&cfff took &ce00ra&cfff [secret]
(bps): >&cc93bps:&cfff carapace at [quad-low]
(carapace): >&c693car:&cfff &cf00lost&cfff [ng] 2
(rst): >&c777rst:&cfff &cf00lost&cfff [low-rl] 3
(rst): >&c777rst:&cfff &cf00lost&cfff [low-rl] 3
(rst): >&c777rst:&cfff &cf00lost&cfff [low-rl] 3
(rst): >&c777rst:&cfff &cf00lost&cfff [low-rl] 3
(rst): >&c777rst:&cfff &cf00lost&cfff [low-rl] 3
(rst): >&c777rst:&cfff &cf00lost&cfff [low-rl] 3
(bps): >&cc93bps:&cfff &c931r&cfff8/56 &cf31rl&cfff&cf31:3&cfff [ng] 
(carapace): >&c693car:&cfff 0/100 [tele-ya] 
(bps): >&cc93bps:&cfff &c0b0safe&cfff [secret]
(bps): >&cc93bps:&cfff &c0b0safe&cfff [secret]
(carapace): >&c693car:&cfff &c991y&cfff150/100 [tele-high] 
(bps): >&cc93bps:&cfff took &ce00ra&cfff [secret]
(rst): >&c777rst:&cfff you take [high-rl]
(bps): >&cc93bps:&cfff &c931r&cfff200/95 &cf31rl&cfff&cf31:2&cfff [ng] 
(carapace): >&c693car:&cfff &c991y&cfff150/100 [high-rl] 
(bps): >&cc93bps:&cfff took &ce00ra&cfff [secret]
(rst): >&c777rst:&cfff 0/100 sg [tele-high] rox:77 
(rst): >&c777rst:&cfff gl at [gl]
(ganon): >&c479gan:&cfff &cf00lost&cfff [path] 3
(carapace): >&c693car:&cfff &c991y&cfff150/100 [high-rl] 
(bps): >&cc93bps:&cfff &cf2apack&cfff at [tele]
(bps): >&cc93bps:&cfff &cf2apack&cfff at [tele]
(carapace): >&c693car:&cfff &c991y&cfff150/100 &cf31rl&cfff&cf31:10&cfff [high-rl] 
no weapon
(ganon): >&c479gan:&cfff &cf00lost&cfff [path] 0
(bps): >&cc93bps:&cfff &cf00lost&cfff [ng] 2
(bps): >&cc93bps:&cfff &cf00lost&cfff [ng] 2
[3] minutes remaining
Team [-s-] leads by 120 frags
(bps): >&cc93bps:&cfff &cf00lost&cfff [big-button] 2
tom: my kid crying
(bps): >&cc93bps:&cfff took &cff0ya&cfff [tele-ya]
(carapace): >&c693car:&cfff &c0b0safe&cfff [quad]
(rst): >&c777rst:&cfff &c991y&cfff150/100 sg [tele-ya] rox:10 
(rst): >&c777rst:&cfff you take [high-rl]
(carapace): >&c693car:&cfff &c991y&cfff58/122 &cf31rl&cfff&cf31:14&cfff [quad-high] 
(bps): >&cc93bps:&cfff rst at [high-rl]
(bps): >&cc93bps:&cfff &c991y&cfff150/100 &cf31rl&cfff&cf31:10&cfff [quad] 
(bps): >&cc93bps:&cfff &c0b0safe&cfff [quad]
(bps): >&cc93bps:&cfff &c0b0team&cfff &c05fquad&cfff
(bps): >&cc93bps:&cfff &c0b0team&cfff &c05fquad&cfff
(bps): >&cc93bps:&cfff carapace at [quad-high]
(carapace): >&c693car:&cfff &c991y&cfff58/116 &cf31rl&cfff&cf31:14&cfff [quad] 
(bps): >&cc93bps:&cfff &c991y&cfff98/91 &cf31rl&cfff&cf31:7&cfff [water] &c05fquad&cfff
(ganon): >&c479gan:&cfff &c991y&cfff150/100 [tele-high] 
(carapace): >&c693car:&cfff took &cff0ya&cfff [big]
(bps): >&cc93bps:&cfff &c991y&cfff85/84 &cf31rl&cfff&cf31:5&cfff [path] &c05fquad&cfff
(carapace): >&c693car:&cfff &c991y&cfff111/79 &cf31rl&cfff&cf31:10&cfff [quad-button] 
(carapace): >&c693car:&cfff &c0b0safe&cfff [ng]
(ganon): >&c479gan:&cfff &c991y&cfff150/100 gl [high-rl] rox:15 
(bps): >&cc93bps:&cfff &c991y&cfff39/94 &cf31rl&cfff&cf31:1&cfff [ng] &c05fquad&cfff
(rst): >&c777rst:&cfff &cf2apack&cfff at [high-rl]
(carapace): >&c693car:&cfff &c991y&cfff98/100 &cf31rl&cfff&cf31:16&cfff [tele] 
(rst): >&c777rst:&cfff you take [tele]
bps: pause?
(carapace): >&c693car:&cfff took &cff0ya&cfff [tele-ya]
[2] minutes remaining
Team [-s-] leads by 120 frags
bps: toms kid crying
maCLer paused the game. He has 1 remaining request(s).
maCLer:  :(
goniec: what a game 
rst: is tom bps wife?
ganon: :D
goniec: :/
maCLer:  heheh
goniec: tom lives with bps and addopted kid
rst: :)
bps: &c901*&r8)
goniec: now his turn
irn:  :/
goniec: :D
carapace: :D
carapace: weird with pauses, you forget everything about the game
carapace: hard to refocus
carapace: nmy weapons, timings etc
(carapace): >&c693car:&cfff &c991y&cfff150/100 &cf31rl&cfff&cf31:16&cfff [tele-ya] 
(rst): >&c777rst:&cfff &c991y&cfff41/57 sg [ng] rox:94 
(rst): >&c777rst:&cfff &c991y&cfff41/57 sg [ng] rox:94 
(bps): >&cc93bps:&cfff 0/100 [ra-mega] 
(ganon): >&c479gan:&cfff &c991y&cfff17/100 &cf31rl&cfff&cf31:16&cfff [quad-button] 
maCLer:  quad is 45
carapace: thanks!
goniec: dm2 in 2 min
maCLer:  :)
rst: :)
goniec: dm3 in 2 min
goniec: :D
irn:  :/
carapace: not quakeworld anymore, it's dadworld
rst: :)
goniec: old ppl new problems
goniec: :D
bps: :x
maCLer:  ok lets go we will lose it anyway
maCLer unpaused the game (will resume in 2 seconds)
game unpaused
(rst): >&c777rst:&cfff &cf00lost&cfff [water] 2
(rst): >&c777rst:&cfff &cf00lost&cfff [water] 2
(rst): >&c777rst:&cfff &cf00lost&cfff [water] 2
(rst): >&c777rst:&cfff &cf00lost&cfff [water] 2
(rst): >&c777rst:&cfff &cf00lost&cfff [water] 2
(bps): >&cc93bps:&cfff took &ce00ra&cfff [ra-mega]
(rst): >&c777rst:&cfff &cf00lost&cfff [quad-low] 2
(rst): >&c777rst:&cfff &cf00lost&cfff [quad-low] 2
(rst): >&c777rst:&cfff &cf00lost&cfff [quad-low] 2
(rst): >&c777rst:&cfff &cf00lost&cfff [quad-low] 2
(rst): >&c777rst:&cfff &cf00lost&cfff [quad-low] 2
(rst): >&c777rst:&cfff &cf00lost&cfff [quad-low] 2
(bps): >&cc93bps:&cfff &c0b0safe&cfff [low-rl]
(bps): >&cc93bps:&cfff &c0b0safe&cfff [low-rl]
(bps): >&cc93bps:&cfff &c931r&cfff200/100 [low-rl] 
(bps): >&cc93bps:&cfff &c931r&cfff200/100 [low-rl] 
(bps): >&cc93bps:&cfff &c931r&cfff200/100 [low-rl] 
(rst): >&c777rst:&cfff took &cf00ra&cfff [secret]
(maCLer): > &cf3f mac&cfff [ng] y127/84 &cf60rl&cfff 
(maCLer): > &cf3f mac&cfff [tele] y127/100 &cf60rl&cfff 
(maCLer): > &cf3f mac&cfff [secret] y127/100 &cf60rl&cfff 
Quad Damage is wearing off
(maCLer): > &cf3f mac&cfff [ng] r&cf664&cfff/100 &cf60rl&cfff 
[1] minute remaining
Team [-s-] leads by 114 frags
(irn): >irn: &cf00DROPPED RL &cf00[&cffftele.entry&cf00]&cfff 2
(irn): >irn: &cf00DROPPED RL &cf00[&cffftele.entry&cf00]&cfff 2
(bps): >&cc93bps:&cfff &cf00dropped&cfff &cf31rl&cfff [high-rl] 2
(carapace): >&c693car:&cfff &cf2apack&cfff at [quad-way]
(rst): >&c777rst:&cfff took &cf2apack&cfff [quad-way]
[30] seconds
(bps): >&cc93bps:&cfff carapace at [path-lift]
(ganon): >&c479gan:&cfff &c991y&cfff19/43 &cf31rl&cfff&cf31:88&cfff [tele-high] 
rst: :)
(carapace): >&c693car:&cfff 0/97 &cf31rl&cfff&cf31:1&cfff [secret] 
(bps): >&cc93bps:&cfff 0/60 &cf31rl&cfff&cf31:3&cfff [path-lift] 
(bps): >&cc93bps:&cfff &cf00lost&cfff [low-rl] 2
(carapace): >&c693car:&cfff took &cf00ra&cfff [secret]
[15] seconds
(rst): >&c777rst:&cfff &cf2apack&cfff at [water]
(rst): >&c777rst:&cfff &cf2apack&cfff at [water]
[10] seconds
[9] seconds
[8] seconds
[7] seconds
(carapace): >&c693car:&cfff 0/61 sg [tele] rox:10 
Quad Damage is wearing off
[6] seconds
[5] seconds
[4] seconds
[3] seconds
[2] seconds
[1] second
The match is over
trigger "onmatchover" has no matching alias

Player statistics:
______________________________________
Frags (rank) friendkills . efficiency
Team [f5]:
__________
_ maCLer:
  40 (-34) 7 35.1%
Wp: rl59.8% gl23.5% sg36.4% ssg29.1%
RL skill: ad:88.9 dh:16
Armr&mhs: ga:0 ya:20 ra:14 mh:5
Powerups: Q:2 P:0 R:0
      RL: Took:8 Killed:13 Dropped:6 Xfer:2
      LG: Took:0 Killed:0 Dropped:0
  Damage: Tkn:12615 Gvn:10767 EWep:5055 Tm:826 Self:610 ToDie:170
    Time: Quad:60
 Streaks: Frags:10 QuadRun:2
  SpawnFrags: 2
__________
_ irn:
  38 (-43) 2 31.9%
Wp: rl53.0% gl23.5% sg38.9% ssg21.0%
RL skill: ad:101.3 dh:13
Armr&mhs: ga:0 ya:18 ra:11 mh:7
Powerups: Q:2 P:0 R:0
      RL: Took:11 Killed:11 Dropped:6 Xfer:2
      LG: Took:0 Killed:0 Dropped:0
  Damage: Tkn:12716 Gvn:8844 EWep:3023 Tm:481 Self:651 ToDie:156
    Time: Quad:50
 Streaks: Frags:9 QuadRun:5
  SpawnFrags: 5
__________
_ tom:
  25 (-57) 1 23.4%
Wp: rl54.7% gl9.1% sg24.7% ssg46.0%
RL skill: ad:112.2 dh:13
Armr&mhs: ga:0 ya:13 ra:10 mh:5
Powerups: Q:3 P:0 R:0
      RL: Took:14 Killed:8 Dropped:9 Xfer:1
      LG: Took:0 Killed:0 Dropped:0
  Damage: Tkn:11591 Gvn:6204 EWep:2764 Tm:235 Self:614 ToDie:141
    Time: Quad:55
 Streaks: Frags:11 QuadRun:4
  SpawnFrags: 3
__________
_ goniec:
  32 (-41) 6 30.5%
Wp: rl58.4% sg37.9% ssg41.7%
RL skill: ad:76.1 dh:18
Armr&mhs: ga:0 ya:15 ra:10 mh:6
Powerups: Q:1 P:0 R:0
      RL: Took:13 Killed:8 Dropped:11 Xfer:3
      LG: Took:0 Killed:0 Dropped:0
  Damage: Tkn:11266 Gvn:8603 EWep:3570 Tm:672 Self:670 ToDie:154
    Time: Quad:0
 Streaks: Frags:7 QuadRun:0
  SpawnFrags: 3

Team [-s-]:
__________
_ carapace:
  92 (68) 2 79.3%
Wp: rl59.1% sg48.0% ssg38.3%
RL skill: ad:81.9 dh:30
Armr&mhs: ga:0 ya:10 ra:24 mh:6
Powerups: Q:3 P:0 R:0
      RL: Took:9 Killed:15 Dropped:5
      LG: Took:0 Killed:0 Dropped:0
  Damage: Tkn:7269 Gvn:14649 EWep:3599 Tm:464 Self:1029 ToDie:302
    Time: Quad:62
 Streaks: Frags:48 QuadRun:4
  SpawnFrags: 14
__________
_ bps:
  58 (1) 4 50.4%
Wp: rl70.4% gl27.0% sg40.6% ssg43.9%
RL skill: ad:103.1 dh:22
Armr&mhs: ga:0 ya:18 ra:9 mh:6
Powerups: Q:3 P:0 R:0
      RL: Took:16 Killed:11 Dropped:7 Xfer:1
      LG: Took:0 Killed:0 Dropped:0
  Damage: Tkn:9705 Gvn:9836 EWep:2711 Tm:371 Self:837 ToDie:170
    Time: Quad:44
 Streaks: Frags:11 QuadRun:6
  SpawnFrags: 5
__________
_ rst:
  48 (2) 2 51.1%
Wp: rl50.6% gl4.8% sg41.0% ssg16.7%
RL skill: ad:119.5 dh:17
Armr&mhs: ga:0 ya:15 ra:9 mh:5
Powerups: Q:4 P:0 R:0
      RL: Took:11 Killed:5 Dropped:7 Xfer:3
      LG: Took:0 Killed:0 Dropped:0
  Damage: Tkn:8352 Gvn:11475 EWep:2024 Tm:651 Self:1009 ToDie:181
    Time: Quad:90
 Streaks: Frags:19 QuadRun:5
  SpawnFrags: 7
__________
_ ganon:
  69 (18) 5 57.5%
Wp: rl59.9% gl30.8% sg47.9% ssg56.7%
RL skill: ad:82.2 dh:34
Armr&mhs: ga:0 ya:15 ra:12 mh:6
Powerups: Q:2 P:0 R:0
      RL: Took:14 Killed:9 Dropped:5 Xfer:3
      LG: Took:0 Killed:0 Dropped:0
  Damage: Tkn:9092 Gvn:12228 EWep:2072 Tm:1018 Self:999 ToDie:178
    Time: Quad:24
 Streaks: Frags:18 QuadRun:1
  SpawnFrags: 7

______________________________________
[f5] vs [-s-] match statistics:
______________________________________

weapons, powerups, armors&mhs, damage
______________________________________
[f5]: Wp: rl60 gl15 sg34% ssg37%
Powerups: Q:8 P:0 R:0
Armr&mhs: ga:0 ya:66 ra:45 mh:23
      RL: Took:46 Killed:40 Dropped:32 Xfer:8
      LG: Took:0 Killed:0 Dropped:0
  Damage: Tkn:48188 Gvn:34418 EWep:14412 Tm:2214
    Time: Quad:166
[-s-]: Wp: rl103 gl8 sg43% ssg43%
Powerups: Q:12 P:0 R:0
Armr&mhs: ga:0 ya:58 ra:54 mh:23
      RL: Took:50 Killed:40 Dropped:24 Xfer:7
      LG: Took:0 Killed:0 Dropped:0
  Damage: Tkn:34418 Gvn:48188 EWep:10406 Tm:2504
    Time: Quad:221
______________________________________
[dm2] top scorers:
______________________________________
      Frags: carapace [92]
     Deaths: tom [82]
Friendkills: maCLer [7]
 Efficiency: carapace [79.3%]
 FragStreak: carapace [48]
    QuadRun: bps [6]
  RL Killer: carapace [15]
Boomsticker: carapace [48.0%]
   Survivor: carapace [302]
Annihilator: carapace [14649]

______________________________________

Team scores: frags . percentage
______________________________________
[f5]: 135 . 33.6%
[-s-]: 267 . 66.4%
______________________________________
carapace: gg
rst: ggs

&cff3Variables (1):&r
&cf30* &c8ffvolume &cfff: &c2e2"&c2e20.03&c2e2"&r
&cff3Aliases (6):&r
  &c8ffvol &cfff: &c2e2"&c2e2set temp %1; _.vol.clamp temp 0 $_.vol.max; volume $temp; _.vol.set0&c2e2"&r
  &c8ffvol+ &cfff: &c2e2"&c2e2inc _.vol.s +1; vols $_.vol.s&c2e2"&r
  &c8ffvol- &cfff: &c2e2"&c2e2inc _.vol.s -1; vols $_.vol.s&c2e2"&r
  &c8ffvolm &cfff: &c2e2"&c2e2if ($_.vol.s > 0) then volmp else vols $_.vol.p&c2e2"&r
  &c8ffvolmp &cfff: &c2e2"&c2e2set _.vol.p $_.vol.s; vols 0&c2e2"&r
  &c8ffvols &cfff: &c2e2"&c2e2set _.vol.s %1; _.vol.clamp _.vol.s 0 $_.vol.steps; set_calc temp $_.vol.s * $_.vol.min; vol $temp&c2e2"&r
]/volume 0
]log 12
