]playdemo 12
Playing demo from 12.mvd


_____________________________________

_The Abandoned Base
ganon is ready [-s-]
All players ready
Timer started
QiZmo: timer lag point disabled
Server starts recording (disk): 4on4_f5_vs_-s-[dm3]220222-2313.mvd
tom: gl
matchdate: 2022-02-22 23:13:34 CET
trigger "onmatchstart" has no matching alias
The match has begun!
(tom): >&c49etom&cfff &c0b0team&cfff &cf00pent&cfff
(tom): >&c49etom&cfff &c0b0team&cfff &cf00pent&cfff
(maks): &c372>nl at&cfff ra.low w/ &ce00200&cfff/100 sg
(maks): > &cf00lost&cfff ring 2 &cf00enemy RL/LG&cfff 
(tom): >&c49etom&cfff 0/100 &c299gl&cfff [ya-entry] rox:4 &cf00pent&cfff
(tom): >&c49etom&cfff maks at [ya-stairs]
(tom): >&c49etom&cfff irn at [ya-box]
(maks): &c372>nl at&cfff water w/ 0/100 sg
Protection is almost burned out
(tom): >&c49etom&cfff 0/100 &cf31rl&cfff&cf31:5&cfff [rl] &cf00pent&cfff
(maks): &cfd2>nl took&cfff &c2aalg&cfff [water.lg]
(tom): >&c49etom&cfff 0/100 &cf31rl&cfff&cf31:5&cfff [ya-entry] 
(maks): &c377>nl coming from&cfff bridge.low w/ 0/100 &c2aalg&cfff
(tom): >&c49etom&cfff 0/100 &cf31rl&cfff&cf31:5&cfff [ya] 
(tom): >&c49etom&cfff maks at [ya]
(tom): >&c49etom&cfff 0/100 &cf31rl&cfff&cf31:5&cfff [ya-box] 
(tom): >&c49etom&cfff took &cff0ya&cfff [ya-box]
(tom): >&c49etom&cfff &c991y&cfff150/100 &cf31rl&cfff&cf31:5&cfff [quad] 
(maks): &c372>nl at&cfff ya w/ 0/100 &c2aalg&cfff
(tom): >&c49etom&cfff &c991y&cfff150/100 &cf31rl&cfff&cf31:10&cfff [ra-entry] 
(tom): >&c49etom&cfff &c991y&cfff66/48 &cf31rl&cfff&cf31:8&cfff [ra-low] 
(maks): &c372>nl at&cfff ya.quad w/ 0/100 &c2aalg&cfff
(tom): >&c49etom&cfff &c991y&cfff66/48 &cf31rl&cfff&cf31:8&cfff [ra-mid] 
(maks): &c372>nl at&cfff quad w/ 0/100 &c2aalg&cfff
(tom): >&c49etom&cfff &c931r&cfff200/48 &cf31rl&cfff&cf31:8&cfff [ra-top] 
(tom): >&c49etom&cfff &c931r&cfff173/42 &cf31rl&cfff&cf31:7&cfff [quad] 
[19] minutes remaining
Team [f5] leads by 15 frags
(tom): >&c49etom&cfff maks at [quad]
(tom): >&c49etom&cfff irn at [quad]
(tom): >&c49etom&cfff &c0b0team&cfff &c05fquad&cfff
(tom): >&c49etom&cfff &c0b0team&cfff &c05fquad&cfff
(tom): >&c49etom&cfff 0/60 &cf31rl&cfff&cf31:5&cfff [hill] &c05fquad&cfff
(maCLer): > &cf3f mac&cfff [ring] &cf660&cfff/60 &cf60rl&cfff 
(tom): >&c49etom&cfff 0/60 &cf31rl&cfff&cf31:5&cfff [ra-tunnel] &c05fquad&cfff
(tom): >&c49etom&cfff irn at [ra-low]
(maks): &c372>nl at&cfff sng.mega w/ 0/80 &c2aalg&cfff
(tom): >&c49etom&cfff 0/60 &cf31rl&cfff&cf31:5&cfff [ra-mid] &c05fquad&cfff
(tom): >&c49etom&cfff took &cf00ra&cfff [ra-top]
(maCLer): > &cf3f mac&cfff [sng.ledge] &cf660&cfff/85 &cf60rl&cfff 
(maCLer): > &cf3f mac&cfff [sng.ledge] &cf660&cfff/85 &cf60rl&cfff 
(maks): > &cf00lost&cfff lifts.below 3 &cf00enemy RL/LG&cfff 
(maCLer): > &cf3f mac&cfff __ &cf39pack&cfff at [sng.lifts]
(maCLer): > &cf3f mac&cfff __ &cf39pack&cfff at [sng.lifts]
(maks): &c372>nl at&cfff sng.tele w/ 0/100 sg
Quad Damage is wearing off
(maks): &c372>nl at&cfff sng.ledge w/ 0/100 sg
(tom): >&c49etom&cfff &c931r&cfff151/49 &cf31rl&cfff&cf31:2&cfff [ring] 
(maCLer): > &cf3f mac&cfff [sng] &cf660&cfff/61 &cf60rl&cfff 
(maCLer): > &cf3f mac&cfff [sng.mega] &cf660&cfff/61 &cf60rl&cfff 
(maCLer): > &cf60 mac coming [sng.mega]&cfff 
(maCLer): > &cf60 mac coming [sng.mega]&cfff 
(tom): >&c49etom&cfff &c931r&cfff39/21 &cf31rl&cfff&cf31:3&cfff [ra-entry] 
(tom): >&c49etom&cfff maCLer at [ra-entry]
(maks): > &cf00lost&cfff ya 1 &cf00enemy RL/LG&cfff 
(maks): &c372>nl at&cfff ra.tunnel w/ 0/100 sg
(tom): >&c49etom&cfff &c931r&cfff39/21 &cf31rl&cfff&cf31:3&cfff [sng-lifts] 
(maks): &c372>nl at&cfff hill w/ 0/70 &c2aalg&cfff
(tom): >&c49etom&cfff &c931r&cfff39/100 &cf31rl&cfff&cf31:3&cfff [sng-mega] 
(maks): &c372>nl at&cfff ra.tunnel w/ 0/4 &c2aalg&cfff
(maks): > &cf00lost&cfff ra.tunnel 0 &cf00enemy RL/LG&cfff 
no weapon
(maks): &c372>nl at&cfff hill w/ 0/100 sg
[18] minutes remaining
Team [f5] leads by 20 frags
(tom): >&c49etom&cfff maCLer at [sng-tele]
(bps): >&cc93bps:&cfff &cf00lost&cfff [water-lg] 1
(carapace): >&c693car:&cfff &cf00dropped&cfff &cf31rl&cfff [sng-lifts] 1
(maks): &c372>nl at&cfff bridge.low w/ 0/90 &c2aalg&cfff
(maks): &c372>nl at&cfff ra.tunnel w/ 0/90 &c2aalg&cfff
(tom): >&c49etom&cfff &c991y&cfff135/91 &c299gl&cfff [water] rox:5 
(tom): >&c49etom&cfff &c991y&cfff135/91 &c299gl&cfff [bridge-low] rox:5 
(maks): &c372>nl at&cfff ra w/ 0/90 &c2aalg&cfff
(maCLer): >&cf00  mac lost [sng.tele] 2
(maCLer): >&cf00  mac lost [sng.tele] 2
(tom): >&c49etom&cfff &c991y&cfff135/91 &c299gl&cfff [rl] rox:5 
(tom): >&c49etom&cfff took &cf31rl&cfff [rl]
(tom): >&c49etom&cfff &c991y&cfff135/91 &cf31rl&cfff&cf31:10&cfff [rl] 
(maks): &c372>nl at&cfff ra w/ &ce00200&cfff/90 &c2aalg&cfff
(tom): >&c49etom&cfff &c991y&cfff38/30 &cf31rl&cfff&cf31:6&cfff [bridge-low] 
(maks): &c372>nl at&cfff sng.tele w/ &ce00170&cfff/84 &c2aalg&cfff
(tom): >&c49etom&cfff &c991y&cfff16/16 &cf31rl&cfff&cf31:6&cfff [hill-entry] 
(tom): >&c49etom&cfff &c991y&cfff16/16 &cf31rl&cfff&cf31:6&cfff [hill] 
(maks): &c372>nl at&cfff ra.low w/ &ce00170&cfff/84 &c2aalg&cfff
(tom): >&c49etom&cfff &c991y&cfff16/16 &cf31rl&cfff&cf31:6&cfff [ra-tunnel] 
(maks): &c372>nl at&cfff ra w/ &ce00137&cfff/77 &c2aalg&cfff
(tom): >&c49etom&cfff 0/100 [sng-tele] 
(tom): >&c49etom&cfff 0/100 [ring] 
(maks): &c372>nl at&cfff ra.entry w/ &ce00137&cfff/77 &c2aalg&cfff
(maCLer): > &cf3f mac&cfff __ &c0a0mega&cfff at [hill]
(maCLer): > &cf3f mac&cfff __ &c0a0mega&cfff at [hill]
(tom): >&c49etom&cfff took &cff0ya&cfff [ya-box]
[17] minutes remaining
Team [f5] leads by 26 frags
(tom): >&c49etom&cfff &c991y&cfff150/100 [window] 
(tom): >&c49etom&cfff maks at [quad]
(tom): >&c49etom&cfff maks at [quad]
(tom): >&c49etom&cfff &c991y&cfff150/100 [quad] 
(tom): >&c49etom&cfff maCLer at [window]
(maks): &c372>nl at&cfff ra.low w/ &ce00113&cfff/73 quad&c2aalg&cfff
(maCLer): > &cf3f mac&cfff [ra.low] 0/92 sg 
(maCLer): > &cf3f mac&cfff [ra.mid] 0/92 sg 
(maks): &c372>nl at&cfff sng.tele w/ &ce00113&cfff/98 quad&c2aalg&cfff
(tom): >&c49etom&cfff &c991y&cfff109/77 &c299gl&cfff [bridge-low] rox:5 
(maks): &c372>nl at&cfff window w/ &cff0150&cfff/78 quad&c2aalg&cfff
(irn): >irn: 0/52 ssg:96 [water.tunnel] &cf13r&cfff:1 &c2aac&cfff:36
(irn): >irn: 0/52 ssg:96 [water.tunnel] &cf13r&cfff:1 &c2aac&cfff:36
(tom): >&c49etom&cfff &c991y&cfff41/48 &c299gl&cfff [ya-box] rox:2 
(tom): >&c49etom&cfff 0/20 &c299gl&cfff [window-stairs] rox:1 
(tom): >&c49etom&cfff 0/20 &c299gl&cfff [bridge-low] rox:1 
(maks): > &cf00lost&cfff rl 3 &cf00enemy RL/LG&cfff 
(carapace): >&c693car:&cfff 0/100 [lifts] 
(bps): >&cc93bps:&cfff &c05fquad&cfff over
(rst): >&c777rst:&cfff 0/69 &cf31rl&cfff&cf31:7&cfff [ya-box] 
(bps): >&cc93bps:&cfff 0/100 [ring] 
(bps): >&cc93bps:&cfff &cf31rox&cfff at [ya]
(rst): >&c777rst:&cfff &c991y&cfff150/94 &cf31rl&cfff&cf31:38&cfff [ya] 
(carapace): >&c693car:&cfff 0/28 [ra] 
(carapace): >&c693car:&cfff 0/28 [ra-low] 
(bps): >&cc93bps:&cfff rst at [ya-up]
(carapace): >&c693car:&cfff 0/93 sg [ra-low] c:12 
[16] minutes remaining
Team [f5] leads by 34 frags
(bps): >&cc93bps:&cfff took &cff0ya&cfff [ya-box]
(bps): >&cc93bps:&cfff took &cff0ya&cfff [ya-box]
(carapace): >&c693car:&cfff took &cf00ra&cfff [ra]
(bps): >&cc93bps:&cfff ganon at [bridge-stairs]
(carapace): >&c693car:&cfff &c931r&cfff200/93 sg [ra] c:12 
(ganon): >&c479gan:&cfff &cb1akill me&cfff [bridge-stairs] &cf31rl&cfff:5
(ganon): >&c479gan:&cfff &cb1akill me&cfff [bridge-stairs] &cf31rl&cfff:5
(ganon): >&c479gan:&cfff &cb1akill me&cfff [bridge-stairs] &cf31rl&cfff:5
(ganon): >&c479gan:&cfff &cb1akill me&cfff [bridge-stairs] &cf31rl&cfff:5
(bps): >&cc93bps:&cfff &c991y&cfff58/-1 &cf31rl&cfff&cf31:4&cfff [bridge-high] 
(carapace): >&c693car:&cfff &c0b0team&cfff &c05fquad&cfff
(carapace): >&c693car:&cfff &c0b0team&cfff &c05fquad&cfff
(carapace): >&c693car:&cfff &c931r&cfff200/93 sg [window-quad] c:12 &c05fquad&cfff
(carapace): >&c693car:&cfff &c931r&cfff200/93 sg [lifts-below] c:12 &c05fquad&cfff
(rst): >&c777rst:&cfff &c0b0safe&cfff [ra]
(rst): >&c777rst:&cfff &c0b0safe&cfff [ra]
(rst): >&c777rst:&cfff &c991y&cfff45/48 &cf31rl&cfff&cf31:29&cfff [ra] 
(rst): >&c777rst:&cfff took &cf00ra&cfff [ra]
(bps): >&cc93bps:&cfff &cf00lost&cfff [rl] 4
(rst): >&c777rst:&cfff &c29fcells&cfff at [sng-tele]
(carapace): >&c693car:&cfff &cf00lost&cfff [rl] 4
(ganon): >&c479gan:&cfff took &c0ffmega&cfff [hill]
(carapace): >&c693car:&cfff 0/100 [sng-tele] 
(tom): >&c49etom&cfff 0/64 &c29flg&cfff&c29f:0&cfff [water] 
(maks): &c372>nl at&cfff bridge.low w/ &cff010&cfff/15 &cf13rl&cfff
not enough ammo
not enough ammo
not enough ammo
(tom): >&c49etom&cfff &cf2apack&cfff at [water-lg]
not enough ammo
(tom): >&c49etom&cfff 0/64 &c29flg&cfff&c29f:6&cfff [water-rox] 
(tom): >&c49etom&cfff irn at [water-lg]
(tom): >&c49etom&cfff irn at [water-lg]
(tom): >&c49etom&cfff 0/64 &c29flg&cfff&c29f:12&cfff [bridge-low] 
(maks): &c372>nl at&cfff pent w/ &cff02&cfff/111 &cf13rl&cfff
[15] minutes remaining
Team [f5] leads by 34 frags
(tom): >&c49etom&cfff 0/100 sg [ring] rox:5 
(tom): >&c49etom&cfff 0/100 sg [ring] rox:5 &cff0ring&cfff
(carapace): >&c693car:&cfff &cf00lost&cfff [pent] 1
(rst): >&c777rst:&cfff &cf2apack&cfff at [pent]
(carapace): >&c693car:&cfff 0/100 [ra-tunnel] 
(bps): >&cc93bps:&cfff &c931r&cfff180/96 sng [window] 
(carapace): >&c693car:&cfff &cf00lost&cfff [ra-tunnel] 1
(bps): >&cc93bps:&cfff ganon at [ring]
(carapace): >      &cf2aenemy going&cfff [lifts]
(bps): >&cc93bps:&cfff &cf00enemy&cfff &c05fquad&cfff
(bps): >&cc93bps:&cfff &cf00enemy&cfff &c05fquad&cfff
(bps): >&cc93bps:&cfff &cf00enemy&cfff &c05fquad&cfff
(bps): >&cc93bps:&cfff &cf00enemy&cfff &c05fquad&cfff
(carapace): >&c693car:&cfff 0/100 [hill] 
(bps): >&cc93bps:&cfff took &c29flg&cfff [water-lg]
(bps): >&cc93bps:&cfff took &c29flg&cfff [water-lg]
(bps): >&cc93bps:&cfff 0/100 &c29flg&cfff&c29f:21&cfff [hill] 
(carapace): >&c693car:&cfff &cf00lost&cfff [rl] 1
(bps): >&cc93bps:&cfff 0/96 &c29flg&cfff&c29f:17&cfff [ra-low] 
Protection is almost burned out
(carapace): >&c693car:&cfff 0/100 [sng-tele] 
(bps): >&cc93bps:&cfff carapace at [ra-low]
(bps): >&cc93bps:&cfff &c931r&cfff200/96 &c29flg&cfff&c29f:17&cfff [ra] 
(rst): >&c777rst:&cfff 0/169 &cf31rl&cfff&cf31:23&cfff [sng-mega] 
(bps): >&cc93bps:&cfff rst at [sng-mega]
(carapace): >&c693car:&cfff &cf00lost&cfff [water] 1
(carapace): >&c693car:&cfff 0/100 [ya-box] 
(carapace): >&c693car:&cfff 0/100 [sng-tele] 
(carapace): >&c693car:&cfff &cf00lost&cfff [ring] 2
(ganon): >&c479gan:&cfff 0/100 sg [rl] c:21 
(carapace): >&c693car:&cfff 0/100 [rl] 
[14] minutes remaining
Team [f5] leads by 35 frags
(bps): >&cc93bps:&cfff &c931r&cfff33/96 &cf31rl&cfff&cf31:21&cfff &c29flg&cfff&c29f:12&cfff [sng-lifts] 
(carapace): >&c693car:&cfff took &cf31rl&cfff [rl]
(carapace): >&c693car:&cfff 0/100 &cf31rl&cfff&cf31:5&cfff [bridge-low] 
(ganon): >&c479gan:&cfff 0/100 sg [water] c:21 
(carapace): >&c693car:&cfff coming [bridge-high] need armor &cf31rox&cfff
(rst): >&c777rst:&cfff 0/66 &cf31rl&cfff&cf31:13&cfff [ra] 
(carapace): >&c693car:&cfff 0/100 &cf31rl&cfff&cf31:5&cfff [bridge-high] 
(tom): >&c49etom&cfff &c0b0team&cfff &c05fquad&cfff
(tom): >&c49etom&cfff &c0b0team&cfff &c05fquad&cfff
(tom): >&c49etom&cfff &c991y&cfff59/15 &cf31rl&cfff&cf31:5&cfff [quad] &c05fquad&cfff
(tom): >&c49etom&cfff &c991y&cfff59/15 &cf31rl&cfff&cf31:4&cfff [ya-quad] &c05fquad&cfff
(tom): >&c49etom&cfff &c991y&cfff59/15 &cf31rl&cfff&cf31:4&cfff [quad] &c05fquad&cfff
(tom): >&c49etom&cfff &c991y&cfff59/15 &cf31rl&cfff&cf31:9&cfff [quad] &c05fquad&cfff
(maks): &c372>nl at&cfff sng.low w/ 0/40 sng
(tom): >&c49etom&cfff &c991y&cfff59/15 &cf31rl&cfff&cf31:9&cfff [sng-lifts] &c05fquad&cfff
(tom): >&c49etom&cfff maks at [sng-lifts]
(tom): >&c49etom&cfff &c991y&cfff59/55 &cf31rl&cfff&cf31:9&cfff [sng] &c05fquad&cfff
(maks): &c372>nl at&cfff water.rox w/ 0/100 sg
Quad Damage is wearing off
(maCLer): > &cf3f mac&cfff [ya.box] y150/98 &cf60rl&cfff&cf66:4&cfff 
(maCLer): > &cf3f mac&cfff [ya.box] y150/98 &cf60rl&cfff&cf66:4&cfff 
(tom): >&c49etom&cfff &c991y&cfff36/142 &cf31rl&cfff&cf31:7&cfff [sng-mega] &c05fquad&cfff
(tom): >&c49etom&cfff &c991y&cfff36/142 &cf31rl&cfff&cf31:7&cfff [ring] 
(maks): &c372>nl at&cfff water w/ 0/100 sg
(tom): >&c49etom&cfff 0/98 &cf31rl&cfff&cf31:5&cfff [quad] 
(tom): >&c49etom&cfff 0/98 &cf31rl&cfff&cf31:15&cfff [ya] 
(maks): &c372>nl at&cfff water.lg w/ 0/100 &c2aalg&cfff
(maCLer): > &cf3f mac&cfff [lifts.below] y150/100 &cf60rl&cfff&cf66:1&cfff 
(maks): &c372>nl at&cfff bridge.low w/ 0/100 &c2aalg&cfff
(tom): >&c49etom&cfff 0/98 &cf31rl&cfff&cf31:15&cfff [ya] 
(tom): >&c49etom&cfff 0/98 &cf31rl&cfff&cf31:15&cfff [ya] 
[13] minutes remaining
Team [f5] leads by 38 frags
(tom): >&c49etom&cfff took &cff0ya&cfff [ya-box]
(tom): >&c49etom&cfff &c991y&cfff118/47 &cf31rl&cfff&cf31:12&cfff [window] 
(rst): >&c777rst:&cfff &cf00lost&cfff [sng-lifts] 1
(rst): >&c777rst:&cfff &cf00lost&cfff [sng-lifts] 1
(rst): >&c777rst:&cfff &cf00lost&cfff [sng-lifts] 1
(rst): >&c777rst:&cfff &cf00lost&cfff [sng-lifts] 1
(rst): >&c777rst:&cfff &cf00lost&cfff [sng-lifts] 1
(rst): >&c777rst:&cfff &cf00lost&cfff [sng-lifts] 1
(rst): >&c777rst:&cfff &cf00lost&cfff [sng-lifts] 1
(carapace): >&c693car:&cfff &c931r&cfff200/82 &cf31rl&cfff&cf31:9&cfff [hill] 
(carapace): >&c693car:&cfff took &cf2apack&cfff [hill]
(bps): >&cc93bps:&cfff 0/15 &cf31rl&cfff&cf31:27&cfff &c29flg&cfff&c29f:8&cfff [hill] &c05fquad&cfff
(bps): >&cc93bps:&cfff 0/15 &cf31rl&cfff&cf31:27&cfff &c29flg&cfff&c29f:8&cfff [ra-tunnel] &c05fquad&cfff
(bps): >&cc93bps:&cfff 0/15 &cf31rl&cfff&cf31:27&cfff &c29flg&cfff&c29f:8&cfff [ra-tunnel] &c05fquad&cfff
(bps): >&cc93bps:&cfff &cf00lost&cfff [ra-low] 2
no weapon
(carapace): >&c693car:&cfff &c931r&cfff169/76 &cf31rl&cfff&cf31:7&cfff [hill] 
(bps): >&cc93bps:&cfff ganon at [bridge-low]
(bps): >&cc93bps:&cfff 0/100 [rl] 
(rst): >&c777rst:&cfff &cf00lost&cfff [ra] 2
(rst): >&c777rst:&cfff &cf00lost&cfff [ra] 2
(rst): >&c777rst:&cfff &cf00lost&cfff [ra] 2
(rst): >&c777rst:&cfff &cf00lost&cfff [ra] 2
(rst): >&c777rst:&cfff &cf00lost&cfff [ra] 2
(ganon): >&c479gan:&cfff took &c29flg&cfff [water-lg]
(carapace): >&c693car:&cfff 0/21 &cf31rl&cfff&cf31:2&cfff [ra-low] 
(carapace): >&c693car:&cfff 0/21 &cf31rl&cfff&cf31:2&cfff [ra] 
(ganon): >&c479gan:&cfff 0/31 &c29flg&cfff&c29f:70&cfff [pent] 
(carapace): >&c693car:&cfff &cf00lost&cfff [sng-tele] 1
(carapace): >&c693car:&cfff &cf00lost&cfff [sng-tele] 1
(carapace): >&c693car:&cfff &cf00lost&cfff [sng-tele] 1
(bps): >&cc93bps:&cfff 0/56 &cf31rl&cfff&cf31:3&cfff [bridge-high] 
(bps): >&cc93bps:&cfff 0/44 &cf31rl&cfff&cf31:3&cfff [bridge-high] 
(irn): >irn: 1 &ce00enemy&cfff at [bridge.high]
(irn): >irn: 1 &ce00enemy&cfff at [bridge.high]
(tom): >&c49etom&cfff maks at [sng-tele]
(maks): &c372>nl at&cfff ra w/ &cff052&cfff/74 &cf13rl&cfff
(irn): >irn: waiting [water.lg]
(maks): &c372>nl at&cfff ra w/ &cff052&cfff/74 &cf13rl&cfff
[12] minutes remaining
Team [f5] leads by 31 frags
(tom): >&c49etom&cfff 0/100 [quad] 
(maks): &c372>nl at&cfff ra w/ &ce00200&cfff/50 &cf13rl&cfff
(tom): >&c49etom&cfff maCLer at [window-quad]
(irn): >irn: 0/88 RL:5 [bridge.high]
(irn): >irn: 0/88 RL:5 [bridge.high]
(rst): >&c777rst:&cfff 0/76 [quad] &c05fquad&cfff
(carapace): >&c693car:&cfff 0/8 &c29flg&cfff&c29f:39&cfff [pent] 
(bps): >&cc93bps:&cfff &cf00lost&cfff [ya-up] 1
(bps): >&cc93bps:&cfff &cf00lost&cfff [ya-up] 1
(bps): >&cc93bps:&cfff &cf00lost&cfff [ya-up] 1
(bps): >&cc93bps:&cfff &cf00lost&cfff [ya-up] 1
(carapace): >&c693car:&cfff 0/108 &c29flg&cfff&c29f:39&cfff [pent] 
(rst): >&c777rst:&cfff &cf00lost&cfff [ya-box] 1
(rst): >&c777rst:&cfff &cf00lost&cfff [ya-box] 1
(rst): >&c777rst:&cfff &cf00lost&cfff [ya-box] 1
(rst): >&c777rst:&cfff &cf00lost&cfff [ya-box] 1
(rst): >&c777rst:&cfff &cf00lost&cfff [ya-box] 1
(rst): >&c777rst:&cfff &cf00lost&cfff [ya-box] 1
(rst): >&c777rst:&cfff &cf00lost&cfff [ya-box] 1
(maks): &c372>nl at&cfff sng.tele w/ &ce00173&cfff/85 &cf13rl&cfff
(irn): >irn: &cff06&cfff/1 RL:7 [ring]
(irn): >irn: &cff06&cfff/1 RL:7 [ring]
(maks): &c372>nl at&cfff ra.rox w/ &ce00126&cfff/75 &cf13rl&cfff
(irn): >irn: &cff06&cfff/41 RL:6 [sng.lifts]
(tom): >&c49etom&cfff 0/100 &cf31rl&cfff&cf31:5&cfff [rl-entry] 
(tom): >&c49etom&cfff 0/100 &cf31rl&cfff&cf31:5&cfff [bridge-high] 
(maks): &c372>nl at&cfff ra.low w/ &ce00126&cfff/100 &cf13rl&cfff
(irn): >irn: &cf00lost&cfff &cf00[&cfffsng.tele&cf00]&cfff 1
(irn): >irn: &cf00lost&cfff &cf00[&cfffsng.tele&cf00]&cfff 1
(irn): >irn: &cf00lost&cfff &cf00[&cfffsng.tele&cf00]&cfff 1
(irn): >irn: &cf00lost&cfff &cf00[&cfffsng.tele&cf00]&cfff 1
(maks): &c372>nl at&cfff ra w/ &ce0068&cfff/87 &cf13rl&cfff
(tom): >&c49etom&cfff &c991y&cfff150/35 &cf31rl&cfff&cf31:26&cfff &c29flg&cfff&c29f:25&cfff [window] 
(maks): &c372>nl at&cfff ra w/ &ce00200&cfff/79 &cf13rl&cfff
(maks): &c372>nl at&cfff ra.low w/ &ce00176&cfff/73 &cf13rl&cfff
(tom): >&c49etom&cfff &c991y&cfff133/24 &cf31rl&cfff&cf31:24&cfff &c29flg&cfff&c29f:25&cfff [lifts-below] 
(maks): >nl &cf2apack&cfff at ra.tunnel
(maks): >nl &cf2apack&cfff at ra.tunnel
(maks): >nl &cf2apack&cfff at ra.tunnel
(maks): >nl &cf2apack&cfff at ra.tunnel
(maks): &c372>nl at&cfff ra.low w/ &ce00176&cfff/73 &cf13rl&cfff
(tom): >&c49etom&cfff &c991y&cfff133/24 &cf31rl&cfff&cf31:24&cfff &c29flg&cfff&c29f:25&cfff [ya-up] 
[11] minutes remaining
Team [f5] leads by 39 frags
(tom): >&c49etom&cfff &c991y&cfff125/35 &cf31rl&cfff&cf31:24&cfff &c29flg&cfff&c29f:16&cfff [ya-box] 
(tom): >&c49etom&cfff &c991y&cfff150/60 &cf31rl&cfff&cf31:24&cfff &c29flg&cfff&c29f:16&cfff [window] 
(maks): > &cf00lost&cfff quad 2 &cf00enemy RL/LG&cfff 
(maks): &c372>nl at&cfff sng.tele w/ 0/100 sg
(tom): >&c49etom&cfff &c991y&cfff132/48 &cf31rl&cfff&cf31:24&cfff &c29flg&cfff&c29f:10&cfff [quad] 
(maks): &c372>nl at&cfff ra.low w/ 0/88 sg
(tom): >&c49etom&cfff &c991y&cfff132/48 &cf31rl&cfff&cf31:61&cfff &c29flg&cfff&c29f:47&cfff [hill] &c05fquad&cfff
(tom): >&c49etom&cfff &c991y&cfff127/145 &cf31rl&cfff&cf31:60&cfff &c29flg&cfff&c29f:47&cfff [ra-tunnel] &c05fquad&cfff
(maks): &cfd2>nl took&cfff &cf00ra&cfff [ra]
(maks): &c372>nl at&cfff ra w/ &ce00200&cfff/88 sg
(maCLer): > &cf3f mac&cfff [lifts] &cf660&cfff/100 &c399lg&cfff:25 
(maCLer): > &cf3f mac&cfff [lifts] &cf660&cfff/100 &c399lg&cfff:25 
(maks): &c372>nl at&cfff quad w/ &ce00196&cfff/100 sg
(maCLer): > &cf3f mac&cfff [ra.mid] &cf660&cfff/100 &c399lg&cfff:25 
(maCLer): > &cf3f mac&cfff [ra.mid] &cf660&cfff/100 &c399lg&cfff:25 
(maCLer): > &cf3f mac&cfff [ra.high] &cf660&cfff/100 &c399lg&cfff:25 
(maCLer): >&c0f0  mac safe [ra.high]&cfff &c399lg&cfff:25 
(tom): >&c49etom&cfff &c991y&cfff33/78 &cf31rl&cfff&cf31:58&cfff &c29flg&cfff&c29f:45&cfff [hill] &c05fquad&cfff
Quad Damage is wearing off
(maks): &c372>nl at&cfff rl w/ &ce00196&cfff/100 &cf13rl&cfff
(maCLer): > &cf3f mac&cfff took &cf00ra&cfff [ra.top]
(maks): &c372>nl at&cfff rl w/ &ce00139&cfff/86 &cf13rl&cfff
(maCLer): > &cf3f mac&cfff [sng.ledge] r176/95 &c399lg&cfff:37 
(maCLer): > &cf3f mac&cfff __ &cf39pack&cfff at [sng.mega]
(tom): >&c49etom&cfff &c991y&cfff33/78 &cf31rl&cfff&cf31:58&cfff &c29flg&cfff&c29f:45&cfff [sng-tele] 
(tom): >&c49etom&cfff &c991y&cfff33/100 &cf31rl&cfff&cf31:63&cfff &c29flg&cfff&c29f:45&cfff [quad] 
(maks): > &cf00lost&cfff bridge.low 0 &cf00enemy RL/LG&cfff 
(maks): &c372>nl at&cfff ra.tunnel w/ 0/100 sg
(tom): >&c49etom&cfff &cf31rox&cfff at [quad]
(maCLer): > &cf3f mac&cfff [window] r145/87 &c399lg&cfff:37 
[10] minutes remaining
Team [f5] leads by 42 frags
(maks): &c372>nl at&cfff ring w/ 0/96 ringsg
(tom): >&c49etom&cfff &c0b0team&cfff &cf00pent&cfff
(tom): >&c49etom&cfff &c0b0team&cfff &cf00pent&cfff
(tom): >&c49etom&cfff 0/11 &cf31rl&cfff&cf31:60&cfff &c29flg&cfff&c29f:23&cfff [lifts] &cf00pent&cfff
(tom): >&c49etom&cfff maCLer at [pent]
(tom): >&c49etom&cfff maCLer at [pent]
(maks): > &c0b0team&cfff quad/ring
(tom): >&c49etom&cfff 0/11 &cf31rl&cfff&cf31:54&cfff &c29flg&cfff&c29f:23&cfff [window-quad] &cf00pent&cfff
(maks): &c372>nl at&cfff window w/ 0/192 quad/ringsng
(maCLer): > &cf3f mac&cfff [lifts] &cf660&cfff/&cf6611&cfff &cf60rl&cfff&cf66:0&cfff &c399lg&cfff:&cf661&cfff 
(maCLer): > &cf3f mac&cfff [lifts] &cf660&cfff/&cf6611&cfff &cf60rl&cfff&cf66:0&cfff &c399lg&cfff:&cf661&cfff 
(tom): >&c49etom&cfff 0/11 &cf31rl&cfff&cf31:59&cfff &c29flg&cfff&c29f:23&cfff [ya-box] &cf00pent&cfff
(maks): &c372>nl at&cfff water w/ 0/188 quad/ringsng
(maCLer): > &cf3f mac&cfff [sng.lifts] &cf660&cfff/&cf6611&cfff &cf60rl&cfff&cf66:0&cfff &c399lg&cfff:&cf661&cfff 
(maCLer): > &cf3f mac&cfff [sng.lifts] &cf660&cfff/&cf6611&cfff &cf60rl&cfff&cf66:0&cfff &c399lg&cfff:&cf661&cfff 
(maCLer): > &cf3f mac&cfff [sng.lifts] &cf660&cfff/51 &cf60rl&cfff&cf66:0&cfff &c399lg&cfff:&cf661&cfff 
Protection is almost burned out
(tom): >&c49etom&cfff 0/11 &cf31rl&cfff&cf31:58&cfff &c29flg&cfff&c29f:23&cfff [ra-mid] &cf00pent&cfff
(maks): >nl enemy at bridge.low
(maks): >nl enemy at bridge.low
(maks): &cff0>nl needs help at&cfff &cff0&cfffwater&cff0&cfff
(maks): &cff0>nl needs help at&cfff &cff0&cfffwater&cff0&cfff
(maCLer): >&cf00  mac lost [sng.tele] 2
(maCLer): >&cf00  mac lost [sng.tele] 2
(maCLer): >&cf00  mac lost [sng.tele] 2
(tom): >&c49etom&cfff 0/11 &cf31rl&cfff&cf31:57&cfff &c29flg&cfff&c29f:23&cfff [ra-high] &cf00pent&cfff
(irn): >irn: &cf00lost&cfff &cf00[&cfffsng.ledge&cf00]&cfff 2
(irn): >irn: &cf00lost&cfff &cf00[&cfffsng.ledge&cf00]&cfff 2
(irn): >irn: &cf00lost&cfff &cf00[&cfffsng.ledge&cf00]&cfff 2
(irn): >irn: &cf00lost&cfff &cf00[&cfffsng.ledge&cf00]&cfff 2
(irn): >irn: &cf00lost&cfff &cf00[&cfffsng.ledge&cf00]&cfff 2
(maks): &c372>nl at&cfff water.lg w/ 0/118 quadsng
(tom): >&c49etom&cfff 0/11 &cf31rl&cfff&cf31:56&cfff &c29flg&cfff&c29f:23&cfff [ra-top] 
no weapon
(maCLer): >&cf00  mac lost [ra.mid] 2
(maCLer): >&cf00  mac lost [ra.mid] 2
(tom): >&c49etom&cfff 0/100 [rl] 
(maks): &c372>nl at&cfff ya.box w/ 0/105 &cf13rl&cfff
(irn): >irn: &cf00lost&cfff &cf00[&cfffRA.ng&cf00]&cfff 1
(irn): >irn: &cf00lost&cfff &cf00[&cfffRA.ng&cf00]&cfff 1
[9] minutes remaining
Team [f5] leads by 42 frags
(maks): &c372>nl at&cfff ya.box w/ &cff0150&cfff/100 &cf13rl&cfff
(tom): >&c49etom&cfff 0/100 [rl] 
(maks): &c372>nl at&cfff ya.quad w/ &cff050&cfff/34 &cf13rl&cfff
(maks): > &cf00lost&cfff ya.quad 1 &cf00enemy RL/LG&cfff 
(bps): >&cc93bps:&cfff took &c29flg&cfff [water-lg]
(rst): >&c777rst:&cfff &c0b0safe&cfff [sng-tele]
(rst): >&c777rst:&cfff &c0b0safe&cfff [sng-tele]
(rst): >&c777rst:&cfff &c0b0safe&cfff [sng-tele]
(ganon): >&c479gan:&cfff 0/76 &cf31rl&cfff&cf31:5&cfff [bridge-high] 
(bps): >&cc93bps:&cfff 0/52 &c29flg&cfff&c29f:21&cfff [hill] 
(carapace): >&c693car:&cfff 0/100 [lifts] 
(carapace): >&c693car:&cfff &cf00lost&cfff [lifts-below] 1
(carapace): >&c693car:&cfff 0/100 [ra-tunnel] 
(bps): >&cc93bps:&cfff 0/52 &c29flg&cfff&c29f:21&cfff [ra-low] 
(carapace): >&c693car:&cfff 0/100 [ra-low] 
(rst): >&c777rst:&cfff took &c0ffmega&cfff [sng-mega]
(rst): >&c777rst:&cfff &c931r&cfff200/156 &cf31rl&cfff&cf31:42&cfff [ra] 
(bps): >&cc93bps:&cfff rst at [ra-low]
(bps): >&cc93bps:&cfff &c0b0safe&cfff [ra]
(ganon): >&c479gan:&cfff 0/85 &cf31rl&cfff&cf31:8&cfff [ya] 
(bps): >&cc93bps:&cfff &cf00lost&cfff [ra] 1
(bps): >&cc93bps:&cfff &cf00lost&cfff [ra] 1
(bps): >&cc93bps:&cfff &cf00lost&cfff [ra] 1
(bps): >&cc93bps:&cfff &cf00lost&cfff [ra-low] 2
(carapace): >&c693car:&cfff &cf00lost&cfff [rl] 1
(carapace): >&c693car:&cfff 0/100 [sng-tele] 
(carapace): >&c693car:&cfff &cf00lost&cfff [ra-low] 3
(carapace): >&c693car:&cfff 0/100 [ya-box] 
(carapace): >&c693car:&cfff &cf00lost&cfff [ya-box] 1
(bps): >&cc93bps:&cfff took &c29flg&cfff [water-lg]
[8] minutes remaining
Team [f5] leads by 37 frags
(carapace): >&c693car:&cfff 0/100 [rl] 
(rst): >&c777rst:&cfff &cf00lost&cfff [sng-lifts] 1
(rst): >&c777rst:&cfff &cf00lost&cfff [sng-lifts] 1
(rst): >&c777rst:&cfff &cf00lost&cfff [sng-lifts] 1
(rst): >&c777rst:&cfff &cf00lost&cfff [sng-lifts] 1
(rst): >&c777rst:&cfff &cf00lost&cfff [sng-lifts] 1
(rst): >&c777rst:&cfff &cf00lost&cfff [sng-lifts] 1
(maks): &c372>nl at&cfff sng.lifts w/ &ce00144&cfff/57 &cf13rl&cfff
(tom): >&c49etom&cfff &c991y&cfff100/70 ssg [rl] 
(maks): &c372>nl at&cfff quad w/ &ce00144&cfff/57 &cf13rl&cfff
(tom): >&c49etom&cfff &c991y&cfff100/70 ssg [rl] 
(tom): >&c49etom&cfff &c991y&cfff100/70 &cf31rl&cfff&cf31:5&cfff [bridge-stairs] 
(maks): &c372>nl at&cfff ra.entry w/ &ce0089&cfff/44 quad&cf13rl&cfff
(tom): >&c49etom&cfff &c991y&cfff75/55 &cf31rl&cfff&cf31:4&cfff [ya-box] 
(tom): >&c49etom&cfff &cff0ya&cfff at [ya-box]
(tom): >&c49etom&cfff maCLer at [ya-up]
(tom): >&c49etom&cfff &c991y&cfff75/95 &cf31rl&cfff&cf31:9&cfff [ya-quad] 
(maks): &c372>nl at&cfff ra w/ &ce00200&cfff/41 quad&cf13rl&cfff
(tom): >&c49etom&cfff &c991y&cfff75/95 &cf31rl&cfff&cf31:14&cfff [ring] 
(tom): >&c49etom&cfff irn at [ra-ng]
(irn): >irn: &cf00lost&cfff &cf00[&cfffRA.tunnel&cf00]&cfff 1
(irn): >irn: &cf00lost&cfff &cf00[&cfffRA.tunnel&cf00]&cfff 1
(irn): >irn: &cf00lost&cfff &cf00[&cfffRA.tunnel&cf00]&cfff 1
(irn): >irn: &cf00lost&cfff &cf00[&cfffRA.tunnel&cf00]&cfff 1
(irn): >irn: &cf00lost&cfff &cf00[&cfffRA.tunnel&cf00]&cfff 1
(irn): >irn: &cf00lost&cfff &cf00[&cfffRA.tunnel&cf00]&cfff 1
Quad Damage is wearing off
(tom): >&c49etom&cfff &c991y&cfff75/95 &cf31rl&cfff&cf31:11&cfff [ra-top] 
(maCLer): > &cf3f mac&cfff [water] y&cf6617&cfff/&cf6621&cfff &cf60rl&cfff 
(tom): >&c49etom&cfff &c991y&cfff75/95 &cf31rl&cfff&cf31:11&cfff [ra-top] 
(tom): >&c49etom&cfff &c0b0safe&cfff [ra-top]
(tom): >&c49etom&cfff took &cf00ra&cfff [ra-top]
(maks): &c372>nl at&cfff ra.low w/ &ce00103&cfff/44 &cf13rl&cfff
(tom): >&c49etom&cfff took &cf00ra&cfff [ra-top]
(maCLer): > &cf3f mac&cfff [lifts] y&cf6617&cfff/120 &cf60rl&cfff 
(maCLer): > &cf3f mac&cfff [lifts] y&cf6617&cfff/120 &cf60rl&cfff 
[7] minutes remaining
Team [f5] leads by 40 frags
(maCLer): > &cf3f mac&cfff [lifts] y&cf6617&cfff/120 &cf60rl&cfff 
(tom): >&c49etom&cfff &c931r&cfff200/95 &cf31rl&cfff&cf31:16&cfff [ring] 
(maCLer): > &cf3f mac&cfff [lifts] y&cf6617&cfff/118 &cf60rl&cfff 
(maks): &c372>nl at&cfff sng.ledge w/ &ce00103&cfff/44 &cf13rl&cfff
(tom): >&c49etom&cfff &c931r&cfff200/95 &cf31rl&cfff&cf31:16&cfff [quad] 
(maks): &c372>nl at&cfff sng.ledge w/ &ce00103&cfff/44 &cf13rl&cfff
(maCLer): > &cf3f mac&cfff [ra.low] y&cf6617&cfff/113 &cf60rl&cfff 
(tom): >&c49etom&cfff &c931r&cfff160/185 &cf31rl&cfff&cf31:15&cfff [quad] 
(tom): >&c49etom&cfff &c931r&cfff160/181 &cf31rl&cfff&cf31:15&cfff [lifts-below] 
(maks): &c372>nl at&cfff sng.tele w/ &ce0048&cfff/71 &cf13rl&cfff
(tom): >&c49etom&cfff &c931r&cfff72/155 &cf31rl&cfff&cf31:13&cfff [quad] &c05fquad&cfff
(irn): >irn: &cf00lost&cfff &cf00[&cfffrl&cf00]&cfff 2
(irn): >irn: &cf00lost&cfff &cf00[&cfffrl&cf00]&cfff 2
(tom): >&c49etom&cfff &c0b0team&cfff &c05fquad&cfff
(tom): >&c49etom&cfff &c0b0team&cfff &c05fquad&cfff
(maCLer): > &cf60 mac coming [ra.top]&cfff 
(maCLer): > &cf3f mac&cfff took &cf00ra&cfff [ra.top]
(maCLer): > &cf60 mac coming [ra.low]&cfff 
(maCLer): > &cf60 mac coming [ra.low]&cfff 
(tom): >&c49etom&cfff &c931r&cfff68/152 &cf31rl&cfff&cf31:12&cfff [ring] &c05fquad&cfff
(maks): &c372>nl at&cfff ring w/ &ce005&cfff/60 &cf13rl&cfff
(maCLer): > &cf3f mac&cfff [ya.quad] r117/83 &cf60rl&cfff 
(tom): >&c49etom&cfff maks at [ra-entry]
(maks): &c372>nl at&cfff ra w/ &ce005&cfff/60 &cf13rl&cfff
(tom): >&c49etom&cfff &c931r&cfff68/142 &cf31rl&cfff&cf31:16&cfff [quad] &c05fquad&cfff
(tom): >&c49etom&cfff &c931r&cfff3/120 &cf31rl&cfff&cf31:16&cfff [ra-entry] &c05fquad&cfff
(maks): &cfd2>nl took&cfff &cf00ra&cfff [ra]
(tom): >&c49etom&cfff maks at [ra-mid]
Quad Damage is wearing off
(maks): &c372>nl at&cfff ra.tunnel w/ &ce00112&cfff/63 &cf13rl&cfff
(tom): >&c49etom&cfff 0/104 &cf31rl&cfff&cf31:11&cfff [ra-low] 
(tom): >&c49etom&cfff 0/100 &cf31rl&cfff&cf31:11&cfff [ra-high] 
(maCLer): > &cf3f mac&cfff [lifts] r&cf661&cfff/75 &cf60rl&cfff&cf66:1&cfff 
(irn): >irn: 0/52 RL:1 [YA.entry]
(maCLer): > &cf3f mac&cfff [lifts] r&cf661&cfff/75 &cf60rl&cfff&cf66:1&cfff 
(irn): >irn: 0/52 RL:1 [YA.entry]
(maCLer): > &cf3f mac&cfff [lifts] r&cf661&cfff/75 &cf60rl&cfff&cf66:1&cfff 
(tom): >&c49etom&cfff &c0b0safe&cfff [ra-top]
(maks): &c372>nl at&cfff ring w/ 0/28 &cf13rl&cfff
(tom): >&c49etom&cfff &c931r&cfff200/100 &cf31rl&cfff&cf31:10&cfff [ra-rox] 
[6] minutes remaining
Team [f5] leads by 49 frags
(maCLer): > &cf3f mac&cfff [lifts] &cf660&cfff/&cf664&cfff &cf60rl&cfff&cf66:1&cfff 
(maCLer): > &cf3f mac&cfff [lifts] &cf660&cfff/&cf664&cfff &cf60rl&cfff&cf66:1&cfff 
(maCLer): > &cf3f mac&cfff [lifts] &cf660&cfff/&cf664&cfff &cf60rl&cfff&cf66:1&cfff 
(tom): >&c49etom&cfff &c931r&cfff200/100 &cf31rl&cfff&cf31:19&cfff [quad] 
(maCLer): > &cf3f mac&cfff [sng.low] &cf660&cfff/&cf6644&cfff &cf60rl&cfff &c399lg&cfff:30 
(maCLer): > &cf3f mac&cfff [sng.low] &cf660&cfff/&cf6644&cfff &cf60rl&cfff &c399lg&cfff:30 
(tom): >&c49etom&cfff &c0b0safe&cfff [ya-up]
(irn): >irn: &cff035&cfff/16 RL:3 [ring]
(irn): >irn: &cff035&cfff/16 RL:3 [RA.low]
(irn): >irn: &cff035&cfff/16 RL:3 [RA.low]
(maCLer): > &cf3f mac&cfff [sng.ledge] &cf660&cfff/69 &cf60rl&cfff &c399lg&cfff:30 
(maCLer): > &cf3f mac&cfff [sng.ledge] &cf660&cfff/69 &cf60rl&cfff &c399lg&cfff:30 
(irn): >irn: &cf00lost&cfff &cf00[&cfffRA.high&cf00]&cfff 1
(tom): >&c49etom&cfff &c931r&cfff158/90 &cf31rl&cfff&cf31:11&cfff [quad] 
(irn): >irn: &cf00lost&cfff &cf00[&cfffRA.high&cf00]&cfff 1
(tom): >&c49etom&cfff &c0b0team&cfff &c05fquad&cfff
(tom): >&c49etom&cfff &c0b0team&cfff &c05fquad&cfff
(maks): &c372>nl at&cfff ra w/ &ce00200&cfff/28 &cf13rl&cfff
(tom): >&c49etom&cfff &c931r&cfff158/90 &cf31rl&cfff&cf31:11&cfff [window] &c05fquad&cfff
(irn): >irn: &cf00lost&cfff &cf00[&cfffYA.box&cf00]&cfff 1
(irn): >irn: &cf00lost&cfff &cf00[&cfffYA.box&cf00]&cfff 1
(irn): >irn: &cf00lost&cfff &cf00[&cfffYA.box&cf00]&cfff 1
(tom): >&c49etom&cfff &c931r&cfff158/90 &cf31rl&cfff&cf31:10&cfff [ya] &c05fquad&cfff
(maks): &c372>nl at&cfff sng.tele w/ &ce00200&cfff/28 &cf13rl&cfff
(irn): >irn: 0/100 [YA.quad]
(maCLer): > &cf3f mac&cfff [ra.mid] &cf660&cfff/132 &cf60rl&cfff &c399lg&cfff:34 
(maCLer): > &cf3f mac&cfff [ra.top] &cf660&cfff/132 &cf60rl&cfff &c399lg&cfff:34 
(tom): >&c49etom&cfff &c931r&cfff138/86 &cf31rl&cfff&cf31:14&cfff [quad] &c05fquad&cfff
(maCLer): >&c0f0  mac safe [ra.top]&cfff &cf60rl&cfff &c399lg&cfff:34 
(maCLer): >&c0f0  mac safe [ra.top]&cfff &cf60rl&cfff &c399lg&cfff:34 
(maCLer): >&c0f0  mac safe [ra.top]&cfff &cf60rl&cfff &c399lg&cfff:34 
(maCLer): >&c0f0  mac safe [ra.top]&cfff &cf60rl&cfff &c399lg&cfff:34 
(maks): &c372>nl at&cfff sng.lifts w/ &ce00200&cfff/100 &cf13rl&cfff
(maCLer): > &cf3f mac&cfff took &cf00ra&cfff [ra.top]
Quad Damage is wearing off
(tom): >&c49etom&cfff &c931r&cfff77/75 &cf31rl&cfff&cf31:20&cfff [bridge-high] &c05fquad&cfff
no weapon
(maks): > &cf00lost&cfff lifts 2 &cf00enemy RL/LG&cfff 
(maks): &c372>nl at&cfff rl w/ 0/100 sg
[5] minutes remaining
Team [f5] leads by 54 frags
(maCLer): > &cf3f mac&cfff [sng.lifts] &cf660&cfff/&cf6621&cfff &cf60rl&cfff &c399lg&cfff:10 
(carapace): >&c693car:&cfff 0/100 [sng-tele] 
(carapace): >&c693car:&cfff &c0b0team&cfff &cff0ring&cfff
(carapace): >&c693car:&cfff &c0b0team&cfff &cff0ring&cfff
(bps): >&cc93bps:&cfff &c991y&cfff13/11 &cf31rl&cfff&cf31:14&cfff &c29flg&cfff&c29f:29&cfff [lifts] 
(carapace): >&c693car:&cfff 0/100 [ring] &cff0ring&cfff
(carapace): >&c693car:&cfff 0/100 [quad] &cff0ring&cfff
(carapace): >&c693car:&cfff &c0b0team&cfff &cff0ring&cfff
(carapace): >&c693car:&cfff &c0b0team&cfff &cff0ring&cfff
(carapace): >&c693car:&cfff &c0b0team&cfff &cff0ring&cfff
(carapace): >&c693car:&cfff &c0b0team&cfff &cff0ring&cfff
(carapace): >&c693car:&cfff &c0b0team&cfff &cff0ring&cfff
(carapace): >&c693car:&cfff &c0b0team&cfff &cff0ring&cfff
(carapace): >&c693car:&cfff &c0b0team&cfff &cff0ring&cfff
(carapace): >&c693car:&cfff &c0b0team&cfff &cff0ring&cfff
(carapace): >&c693car:&cfff &c0b0team&cfff &cff0ring&cfff
(carapace): >&c693car:&cfff &c0b0team&cfff &cff0ring&cfff
(carapace): >&c693car:&cfff &c0b0team&cfff &cff0ring&cfff
(carapace): >&c693car:&cfff &c0b0team&cfff &cff0ring&cfff
(bps): >&cc93bps:&cfff &c991y&cfff13/11 &cf31rl&cfff&cf31:14&cfff &c29flg&cfff&c29f:29&cfff [sng-ledge] 
(carapace): >&c693car:&cfff 0/88 [ring] &cff0ring&cfff
(carapace): >&c693car:&cfff took &cf00ra&cfff [ra]
(carapace): >&c693car:&cfff &c931r&cfff200/88 [ra] &cff0ring&cfff
(rst): >&c777rst:&cfff &c0b0team&cfff &c05fquad&cfff/&cf00pent&cfff
(rst): >&c777rst:&cfff &c0b0team&cfff &c05fquad&cfff/&cf00pent&cfff
(bps): >&cc93bps:&cfff &c991y&cfff13/76 &cf31rl&cfff&cf31:14&cfff &c29flg&cfff&c29f:41&cfff [sng-tele] 
(ganon): >&c479gan:&cfff &cf00lost&cfff [hill] 0
(ganon): >&c479gan:&cfff &cf00lost&cfff [hill] 0
(carapace): >&c693car:&cfff coming [window] need rl
(carapace): >&c693car:&cfff &c931r&cfff200/88 [window] &cff0ring&cfff
(bps): >&cc93bps:&cfff &c991y&cfff13/76 &cf31rl&cfff&cf31:14&cfff &c29flg&cfff&c29f:41&cfff [ra-low] 
(carapace): >&c693car:&cfff &c931r&cfff196/87 &cf31rl&cfff&cf31:4&cfff [ra-tunnel] &cff0ring&cfff
(carapace): >&c693car:&cfff &c931r&cfff155/77 &cf31rl&cfff&cf31:2&cfff [ra-low] &cff0ring&cfff
(rst): >&c777rst:&cfff 0/49 &cf31rl&cfff&cf31:8&cfff [ra-entry] &c05fquad&cfff/&cf00pent&cfff
Protection is almost burned out
(rst): >&c777rst:&cfff 0/49 &cf31rl&cfff&cf31:8&cfff [ra-entry] &c05fquad&cfff/&cf00pent&cfff
(bps): >&cc93bps:&cfff &c991y&cfff13/76 &cf31rl&cfff&cf31:14&cfff &c29flg&cfff&c29f:41&cfff [ra] 
(carapace): >&c693car:&cfff &c931r&cfff155/77 &cf31rl&cfff&cf31:7&cfff [ra-rox] &cff0ring&cfff
(carapace): >&c693car:&cfff &c931r&cfff155/77 &cf31rl&cfff&cf31:7&cfff [sng-tele] &cff0ring&cfff
(bps): >&cc93bps:&cfff &c991y&cfff13/76 &cf31rl&cfff&cf31:14&cfff &c29flg&cfff&c29f:41&cfff [ra] 
(carapace): >&c693car:&cfff &c931r&cfff155/77 &cf31rl&cfff&cf31:7&cfff [sng-tele] &cff0ring&cfff
(bps): >&cc93bps:&cfff &c05fquaded&cfff rst at [ra]
(rst): >&c777rst:&cfff 0/49 &cf31rl&cfff&cf31:8&cfff [ra] &c05fquad&cfff
(rst): >&c777rst:&cfff 0/49 &cf31rl&cfff&cf31:8&cfff [ra] &c05fquad&cfff
(rst): >&c777rst:&cfff 0/49 &cf31rl&cfff&cf31:8&cfff [ra] &c05fquad&cfff
(carapace): >&c693car:&cfff &c0b0safe&cfff [ya-up]
(rst): >&c777rst:&cfff &c931r&cfff200/49 &cf31rl&cfff&cf31:8&cfff [ra] &c05fquad&cfff
(bps): >&cc93bps:&cfff &cf00lost&cfff [ra] 1
(bps): >&cc93bps:&cfff &cf00lost&cfff [ra] 1
Quad Damage is wearing off
(bps): >&cc93bps:&cfff &cf00lost&cfff [ra] 1
(bps): >&cc93bps:&cfff &cf00lost&cfff [ra] 1
(bps): >&cc93bps:&cfff &cf00lost&cfff [ra] 1
(bps): >&cc93bps:&cfff &cf00lost&cfff [ra] 1
(bps): >&cc93bps:&cfff &cf00lost&cfff [ra] 1
(ganon): >&c479gan:&cfff &cf00lost&cfff [rl] 1
(carapace): >&c693car:&cfff &c931r&cfff155/92 &cf31rl&cfff&cf31:11&cfff [bridge-high] 
(ganon): >&c479gan:&cfff &cf00lost&cfff [ra-low] 1
(bps): >&cc93bps:&cfff took &cff0ya&cfff [ya-box]
[4] minutes remaining
Team [f5] leads by 59 frags
(carapace): >&c693car:&cfff &c931r&cfff99/78 &cf31rl&cfff&cf31:4&cfff [ra-rox] 
(rst): >&c777rst:&cfff &cf00lost&cfff [ra-low] 1
(rst): >&c777rst:&cfff &cf00lost&cfff [ra-low] 1
(rst): >&c777rst:&cfff &cf00lost&cfff [ra-low] 1
(rst): >&c777rst:&cfff &cf00lost&cfff [ra-low] 1
(rst): >&c777rst:&cfff &cf00lost&cfff [ra-low] 1
(rst): >&c777rst:&cfff &cf00lost&cfff [ra-low] 1
(ganon): >&c479gan:&cfff &cf2apack&cfff at [ra-low]
(bps): >&cc93bps:&cfff &c991y&cfff150/100 &c299gl&cfff [water-rox] rox:19 c:12 
(bps): >&cc93bps:&cfff &c991y&cfff150/100 &c299gl&cfff [water-rox] rox:19 c:12 
(carapace): >&c693car:&cfff &cf00dropped&cfff &cf31rl&cfff [ra-low] 2
(carapace): >&c693car:&cfff &cf00dropped&cfff &cf31rl&cfff [ra-low] 2
(carapace): >&c693car:&cfff &cf00dropped&cfff &cf31rl&cfff [ra-low] 2
(carapace): >&c693car:&cfff &cf00dropped&cfff &cf31rl&cfff [ra-low] 2
(carapace): >&c693car:&cfff &cf00dropped&cfff &cf31rl&cfff [ra-low] 2
(maks): &c372>nl at&cfff ra w/ 0/38 &c2aalg&cfff
(tom): >&c49etom&cfff 0/100 [lifts] 
(irn): >irn: &c03Fquad&cfff 0/248 LG:42 [RA.tunnel] &cf13r&cfff:10
(irn): >irn: &c03Fquad&cfff 0/248 LG:42 [RA.tunnel] &cf13r&cfff:10
(maCLer): > &cf3f mac&cfff [sng.low] &cf660&cfff/53 &cf60rl&cfff &c399lg&cfff:&cf660&cfff 
(maCLer): > &cf3f mac&cfff [sng.low] &cf660&cfff/53 &cf60rl&cfff &c399lg&cfff:&cf660&cfff 
(maks): &c372>nl at&cfff sng.ledge w/ &ce00131&cfff/22 &c2aalg&cfff
(maCLer): > &cf3f mac&cfff [sng.low] &cf660&cfff/53 &cf60rl&cfff &c399lg&cfff:&cf660&cfff 
(maCLer): > &cf3f mac&cfff [sng.low] &cf660&cfff/53 &cf60rl&cfff &c399lg&cfff:&cf660&cfff 
(maCLer): > &cf3f mac&cfff [sng.low] &cf660&cfff/53 &cf60rl&cfff &c399lg&cfff:&cf660&cfff 
(maCLer): > &cf3f mac&cfff [sng.low] &cf660&cfff/53 &cf60rl&cfff &c399lg&cfff:&cf660&cfff 
(maCLer): > &cf3f mac&cfff [sng.low] &cf660&cfff/53 &cf60rl&cfff &c399lg&cfff:&cf660&cfff 
(maCLer): > &cf3f mac&cfff [sng.lifts] &cf660&cfff/53 &cf60rl&cfff &c399lg&cfff:&cf660&cfff 
(irn): >irn: &c03Fquad&cfff 0/234 LG:39 [RA.high] &cf13r&cfff:10
(irn): >irn: &c03Fquad&cfff 0/230 LG:39 [RA.top] &cf13r&cfff:10
(irn): >irn: &c03Fquad&cfff 0/230 LG:39 [RA.top] &cf13r&cfff:10
(maks): &c372>nl at&cfff sng.ledge w/ &ce00131&cfff/22 &c2aalg&cfff
(irn): >irn: &c03Fquad&cfff 0/230 LG:39 [RA.top] &cf13r&cfff:10
(maCLer): > &cf3f mac&cfff [sng] &cf660&cfff/93 &cf60rl&cfff &c399lg&cfff:&cf660&cfff 
(maCLer): > &cf3f mac&cfff [sng] &cf660&cfff/93 &cf60rl&cfff &c399lg&cfff:&cf660&cfff 
(maCLer): > &cf3f mac&cfff [sng] &cf660&cfff/93 &cf60rl&cfff &c399lg&cfff:&cf660&cfff 
(maCLer): > &cf3f mac&cfff [sng] &cf660&cfff/93 &cf60rl&cfff &c399lg&cfff:&cf660&cfff 
(irn): >irn: &c03Fquad&cfff 0/221 LG:39 [RA.top] &cf13r&cfff:10
(irn): >irn: &c03Fquad&cfff 0/221 LG:39 [RA.top] &cf13r&cfff:10
(maks): &c372>nl at&cfff sng.lifts w/ &ce00127&cfff/122 &c2aalg&cfff
(tom): >&c49etom&cfff &c991y&cfff150/7 sg [ya-box] rox:5 
(maCLer): >&cf00  mac lost [ra.tunnel] 1
(maCLer): >&cf00  mac lost [ra.tunnel] 1
(irn): >irn: &cF0Fpack&cfff at [hill] 0
(irn): >irn: &cF0Fpack&cfff at [hill] 0
Quad Damage is wearing off
(tom): >&c49etom&cfff &c991y&cfff150/7 sg [pent-water] rox:5 
(maks): &c372>nl at&cfff ra.rox w/ &ce00127&cfff/115 &c2aalg&cfff
(tom): >&c49etom&cfff &c991y&cfff150/7 sg [lifts] rox:5 
(maks): > &cf00lost&cfff ya 2 &cf00enemy RL/LG&cfff 
(tom): >&c49etom&cfff &c991y&cfff150/7 sg [sng-lifts] rox:5 
[3] minutes remaining
Team [f5] leads by 69 frags
(maks): &c372>nl at&cfff sng.tele w/ 0/100 sg
(irn): >irn: replace [RA.mid]
(tom): >&c49etom&cfff maCLer at [rl]
(tom): >&c49etom&cfff maCLer at [rl]
(irn): >irn: replace [RA.mid]
(irn): >irn: replace [RA.mid]
(irn): >irn: replace [RA.mid]
(irn): >irn: replace [RA.mid]
(irn): >irn: replace [RA.mid]
(irn): >irn: replace [RA.mid]
(maks): &c372>nl at&cfff ra.tunnel w/ 0/96 sg
(irn): >irn: replace [RA.mid]
(irn): >irn: replace [RA.mid]
(tom): >&c49etom&cfff 0/100 [ra-tunnel] 
(rst): >&c777rst:&cfff &c0b0safe&cfff [window-quad]
(rst): >&c777rst:&cfff &c0b0safe&cfff [window-quad]
no weapon
(tom): >&c49etom&cfff &c05Fquaded&cfff irn at [quad]
(maks): &cfd2>nl took&cfff &cf00ra&cfff [ra]
(tom): >&c49etom&cfff 0/12 [ring] 
(maks): &c372>nl at&cfff sng.tele w/ 0/100 sg
Quad Damage is wearing off
(tom): >&c49etom&cfff 0/100 [ra-tunnel] 
(tom): >&c49etom&cfff 0/100 [ra-top] 
[2] minutes remaining
Team [f5] leads by 71 frags
(maks): &c372>nl at&cfff hill w/ 0/88 sg
(tom): >&c49etom&cfff &c931r&cfff196/99 [bridge-low] 
(maCLer): >&cf00  mac lost [window.quad] 1
(maCLer): >&cf00  mac lost [window.quad] 1
(maCLer): >&cf00  mac lost [window.quad] 1
(maCLer): >&cf00  mac lost [window.quad] 1
(tom): >&c49etom&cfff &c931r&cfff104/79 ssg [rl] rox:8 
(tom): >&c49etom&cfff took &cf31rl&cfff [rl]
(irn): >irn: 0/31 RL:10 LG:0 [RA.tunnel]
(tom): >&c49etom&cfff &c931r&cfff32/61 &cf31rl&cfff&cf31:11&cfff [rl] 
(irn): >irn: 0/31 RL:10 LG:0 [RA.tunnel]
(irn): >irn: 0/31 RL:10 LG:0 [RA.ng]
(irn): >irn: 0/31 RL:10 LG:0 [RA.ng]
(tom): >&c49etom&cfff 0/-99 &cf31rl&cfff&cf31:10&cfff [bridge-high] 
no weapon
(rst): >&c777rst:&cfff &cf00lost&cfff [bridge-low] 1
(rst): >&c777rst:&cfff &cf00lost&cfff [bridge-low] 1
(rst): >&c777rst:&cfff &cf00lost&cfff [bridge-low] 1
(rst): >&c777rst:&cfff &cf00lost&cfff [bridge-low] 1
(rst): >&c777rst:&cfff &cf00lost&cfff [bridge-low] 1
(bps): >&cc93bps:&cfff &c991y&cfff106/28 &cf31rl&cfff&cf31:38&cfff &c29flg&cfff&c29f:0&cfff [bridge-low] 
(rst): >&c777rst:&cfff took &cf31rl&cfff [rl]
(bps): >&cc93bps:&cfff &cf00lost&cfff [pent] 1
(ganon): >&c479gan:&cfff took &cf00ra&cfff [ra]
no weapon
(irn): >irn: &c0b0safe&cfff &c0b0[&cffflifts.below&c0b0]&cfff RL
[1] minute remaining
Team [f5] leads by 69 frags
(tom): >&c49etom&cfff maks at [bridge-high]
(irn): >irn: 0/188 RL:15 [RA.top] &c2aac&cfff:12
(irn): >irn: 0/185 RL:15 [RA.top] &c2aac&cfff:12
(maks): &c372>nl at&cfff ya.box w/ 0/137 &c2aalg&cfff
(irn): >irn: 0/185 RL:15 [RA.top] &c2aac&cfff:12
(irn): >irn: 0/185 RL:15 [RA.top] &c2aac&cfff:12
(irn): >irn: 0/185 RL:15 [RA.top] &c2aac&cfff:12
(irn): >irn: 0/184 RL:15 [RA.top] &c2aac&cfff:12
(tom): >&c49etom&cfff 0/80 [rl] 
(rst): >&c777rst:&cfff took &cf31rl&cfff [rl]
(bps): >&cc93bps:&cfff 0/36 sg [water-lg] c:6 
[30] seconds
(carapace): >&c693car:&cfff &c991y&cfff30/73 &c29flg&cfff&c29f:3&cfff [ra-rox] 
(bps): >&cc93bps:&cfff &cf00lost&cfff [water-lg] 1
(rst): >&c777rst:&cfff &cf00lost&cfff [rl] 1
(rst): >&c777rst:&cfff &cf00lost&cfff [rl] 1
(rst): >&c777rst:&cfff &cf00lost&cfff [rl] 1
(rst): >&c777rst:&cfff &cf00lost&cfff [rl] 1
(rst): >&c777rst:&cfff &cf00lost&cfff [rl] 1
(bps): >&cc93bps:&cfff &c0ffmega&cfff at [hill]
(carapace): >&c693car:&cfff took &cf00ra&cfff [ra]
(rst): >&c777rst:&cfff &cf00lost&cfff [sng-tele] 1
(rst): >&c777rst:&cfff &cf00lost&cfff [sng-tele] 1
(rst): >&c777rst:&cfff &cf00lost&cfff [sng-tele] 1
(rst): >&c777rst:&cfff &cf00lost&cfff [sng-tele] 1
(carapace): >&c693car:&cfff &c0b0safe&cfff [ra]
[15] seconds
Quad Damage is wearing off
(bps): >&cc93bps:&cfff 0/100 sg [bridge-high] rox:10 
[10] seconds
[9] seconds
[8] seconds
[7] seconds
(rst): >&c777rst:&cfff &cf31rl&cfff at [rl]
[6] seconds
[5] seconds
[4] seconds
[3] seconds
[2] seconds
[1] second
The match is over
trigger "onmatchover" has no matching alias

Player statistics:
______________________________________
Frags (rank) friendkills . efficiency
Team [f5]:
__________
_ maCLer:
  67 (12) 2 54.9%
Wp: lg40.2% (74/184) rl49.1% gl11.1% sg37.8% ssg42.1%
RL skill: ad:78.0 dh:11
Armr&mhs: ga:0 ya:3 ra:8 mh:10
Powerups: Q:1 P:0 R:0
      RL: Took:8 Killed:9 Dropped:3
      LG: Took:8 Killed:8 Dropped:4
  Damage: Tkn:7923 Gvn:9818 EWep:2798 Tm:429 Self:245 ToDie:144
    Time: Quad:0
 Streaks: Frags:9 QuadRun:1
  SpawnFrags: 11
__________
_ maks:
  66 (28) 2 63.5%
Wp: lg36.1% (99/274) rl40.0% gl33.3% sg37.6% ssg34.7%
RL skill: ad:78.9 dh:7
Armr&mhs: ga:0 ya:7 ra:11 mh:8
Powerups: Q:4 P:0 R:1
      RL: Took:8 Killed:6 Dropped:3 Xfer:1
      LG: Took:10 Killed:9 Dropped:3
  Damage: Tkn:7312 Gvn:8808 EWep:2673 Tm:296 Self:390 ToDie:192
    Time: Quad:101
 Streaks: Frags:16 QuadRun:5
  SpawnFrags: 9
__________
_ irn:
  41 (-19) 2 40.6%
Wp: lg23.8% (25/105) rl41.5% gl20.0% sg48.3% ssg55.4%
RL skill: ad:86.7 dh:5
Armr&mhs: ga:0 ya:7 ra:5 mh:10
Powerups: Q:2 P:0 R:0
      RL: Took:7 Killed:3 Dropped:4 Xfer:2
      LG: Took:4 Killed:2 Dropped:0
  Damage: Tkn:8692 Gvn:7235 EWep:2041 Tm:204 Self:194 ToDie:144
    Time: Quad:60
 Streaks: Frags:14 QuadRun:5
  SpawnFrags: 2
__________
_ tom:
  55 (8) 0 53.9%
Wp: lg31.6% (24/76) rl48.9% gl12.5% sg33.0% ssg25.2%
RL skill: ad:133.2 dh:14
Armr&mhs: ga:0 ya:11 ra:7 mh:9
Powerups: Q:5 P:2 R:1
      RL: Took:9 Killed:5 Dropped:4
      LG: Took:3 Killed:8 Dropped:1
  Damage: Tkn:7621 Gvn:7615 EWep:2340 Tm:234 Self:585 ToDie:162
    Time: Quad:149
 Streaks: Frags:11 QuadRun:5
  SpawnFrags: 7

Team [-s-]:
__________
_ carapace:
  58 (3) 2 51.3%
Wp: lg41.7% (48/115) rl63.6% sg51.6% ssg46.9%
RL skill: ad:84.1 dh:11
Armr&mhs: ga:0 ya:8 ra:5 mh:7
Powerups: Q:3 P:0 R:1
      RL: Took:10 Killed:10 Dropped:4 Xfer:1
      LG: Took:8 Killed:8 Dropped:4
  Damage: Tkn:7757 Gvn:9516 EWep:3122 Tm:352 Self:218 ToDie:141
    Time: Quad:36
 Streaks: Frags:10 QuadRun:2
  SpawnFrags: 5
__________
_ bps:
  41 (-6) 2 46.6%
Wp: lg35.1% (61/174) rl41.0% gl25.0% sg34.4%
RL skill: ad:77.3 dh:7
Armr&mhs: ga:0 ya:7 ra:3 mh:9
Powerups: Q:1 P:0 R:0
      RL: Took:8 Killed:7 Dropped:2
      LG: Took:12 Killed:6 Dropped:5
  Damage: Tkn:6954 Gvn:6223 EWep:1877 Tm:312 Self:228 ToDie:147
    Time: Quad:10
 Streaks: Frags:9 QuadRun:2
  SpawnFrags: 2
__________
_ rst:
  46 (-21) 7 40.7%
Wp: lg40.5% (15/37) rl50.6% gl14.3% sg41.1% ssg23.8%
RL skill: ad:79.7 dh:19
Armr&mhs: ga:0 ya:5 ra:9 mh:6
Powerups: Q:2 P:2 R:0
      RL: Took:8 Killed:7 Dropped:3 Xfer:2
      LG: Took:3 Killed:5 Dropped:1
  Damage: Tkn:9188 Gvn:7534 EWep:2541 Tm:850 Self:464 ToDie:137
    Time: Quad:40
 Streaks: Frags:13 QuadRun:1
  SpawnFrags: 5
__________
_ ganon:
  29 (-57) 1 25.2%
Wp: lg29.7% (22/74) rl51.7% sg46.7% ssg45.4%
RL skill: ad:96.3 dh:9
Armr&mhs: ga:0 ya:3 ra:2 mh:6
Powerups: Q:2 P:0 R:1
      RL: Took:5 Killed:4 Dropped:4 Xfer:3
      LG: Took:6 Killed:3 Dropped:3
  Damage: Tkn:9577 Gvn:8275 EWep:3804 Tm:66 Self:159 ToDie:111
    Time: Quad:36
 Streaks: Frags:6 QuadRun:6
  SpawnFrags: 1

______________________________________
[f5] vs [-s-] match statistics:
______________________________________

weapons, powerups, armors&mhs, damage
______________________________________
[f5]: Wp: lg35% rl37 gl9 sg39% ssg38%
Powerups: Q:12 P:2 R:2
Armr&mhs: ga:0 ya:28 ra:31 mh:37
      RL: Took:32 Killed:23 Dropped:14 Xfer:3
      LG: Took:25 Killed:27 Dropped:8
  Damage: Tkn:31548 Gvn:33476 EWep:9852 Tm:1163
    Time: Quad:311
[-s-]: Wp: lg36% rl46 gl3 sg44% ssg42%
Powerups: Q:8 P:2 R:2
Armr&mhs: ga:0 ya:23 ra:19 mh:28
      RL: Took:31 Killed:28 Dropped:13 Xfer:6
      LG: Took:29 Killed:22 Dropped:13
  Damage: Tkn:33476 Gvn:31548 EWep:11344 Tm:1580
    Time: Quad:123
______________________________________
[dm3] top scorers:
______________________________________
      Frags: maCLer [67]
     Deaths: ganon [86]
Friendkills: rst [7]
 Efficiency: maks [63.5%]
 FragStreak: maks [16]
    QuadRun: ganon [6]
  RL Killer: carapace [10]
Boomsticker: carapace [51.6%]
   Survivor: maks [192]
Annihilator: maCLer [9818]

______________________________________

Team scores: frags . percentage
______________________________________
[f5]: 229 . 56.8%
[-s-]: 174 . 43.2%
______________________________________
carapace: gg
]log 13
