]playdemo 13
Playing demo from 13.mvd


_____________________________________

_Castle of the Damned
rst is ready [-s-]
All players ready
Timer started
QiZmo: timer lag point disabled
Server starts recording (disk): 4on4_f5_vs_-s-[e1m2]220222-2335.mvd
tom: gl
matchdate: 2022-02-22 23:35:56 CET
trigger "onmatchstart" has no matching alias
The match has begun!
(goniec): >&cf00gon&cfff   &cf60coming&cfff [rl]
(maks): &c372>nl at&cfff spikes w/ 0/100 sg
(goniec): >&cf00gon&cfff took &cf13rl&cfff [rl]
(goniec): >&cf00gon&cfff   0/100 &cf13rl&cfff:3 [quad] 
(goniec): >&cf00gon&cfff   0/100 &cf13rl&cfff:3 [quad] 
(goniec): >&cf00gon&cfff   0/100 &cf13rl&cfff:3 [quad] 
(goniec): >&cf00gon&cfff   0/100 &cf13rl&cfff:3 [quad] 
(goniec): >&cf00gon&cfff   0/100 &cf13rl&cfff:3 [quad] 
(goniec): >&cf00gon&cfff   0/100 &cf13rl&cfff:3 [quad] 
(goniec): >&cf00gon&cfff   &cf00lost&cfff &cf00[&cfffcross&cf00]&cfff 3
(goniec): >&cf00gon&cfff   &cf00lost&cfff &cf00[&cfffcross&cf00]&cfff 3
(bps): >&cc93bps:&cfff &cf00lost&cfff [gl] 1
no weapon
(rst): >&c777rst:&cfff 0/49 sng [gl-stairs] rox:5 
(carapace): >&c693car:&cfff &cf00lost&cfff [rl] 3
(carapace): >&c693car:&cfff 0/100 [door] 
(rst): >&c777rst:&cfff &c0b0safe&cfff [ya]
(rst): >&c777rst:&cfff &c0b0safe&cfff [ya]
(rst): >&c777rst:&cfff &c0b0safe&cfff [ya]
(ganon): >&c479gan:&cfff 0/100 ssg [ya] 
(rst): >&c777rst:&cfff 0/74 sng [ya] rox:5 
(rst): >&c777rst:&cfff 0/74 sng [ya] rox:5 
(rst): >&c777rst:&cfff &cf00lost&cfff [ya] 0
(rst): >&c777rst:&cfff &cf00lost&cfff [ya] 0
(rst): >&c777rst:&cfff &cf00lost&cfff [ya] 0
(rst): >&c777rst:&cfff &cf00lost&cfff [ya] 0
(carapace): >&c693car:&cfff 0/200 sng [mega] rox:5 
(ganon): >&c479gan:&cfff &cf00lost&cfff [water-rl] 2
(ganon): >&c479gan:&cfff &cf00lost&cfff [water-rl] 2
(ganon): >&c479gan:&cfff &cf00lost&cfff [water-rl] 2
(carapace): >&c693car:&cfff 0/79 sng [ga] rox:5 
(rst): >&c777rst:&cfff &cf00lost&cfff [gl-stairs] 2
(rst): >&c777rst:&cfff &cf00lost&cfff [gl-stairs] 2
(rst): >&c777rst:&cfff &cf00lost&cfff [gl-stairs] 2
(rst): >&c777rst:&cfff &cf00lost&cfff [gl-stairs] 2
(rst): >&c777rst:&cfff &cf00lost&cfff [gl-stairs] 2
(rst): >&c777rst:&cfff &cf00lost&cfff [gl-stairs] 2
(rst): >&c777rst:&cfff you take [ya]
[19] minutes remaining
Team [-s-] leads by 5 frags
(bps): >&cc93bps:&cfff 0/100 [cross] 
(carapace): >&c693car:&cfff &cf00lost&cfff [water-rl] 2
(bps): >&cc93bps:&cfff rst at [quad]
(rst): >&c777rst:&cfff 0/100 sg [quad] rox:7 
(ganon): >&c479gan:&cfff took &cff0ya&cfff [ya]
(bps): >&cc93bps:&cfff &c0b0team&cfff &c05fquad&cfff
(bps): >&cc93bps:&cfff &c0b0team&cfff &c05fquad&cfff
(bps): >&cc93bps:&cfff &c0b0team&cfff &c05fquad&cfff
(bps): >&cc93bps:&cfff &c0b0team&cfff &c05fquad&cfff
(carapace): >&c693car:&cfff &cf00lost&cfff [cross] 4
(carapace): >&c693car:&cfff 0/100 [rl] 
(rst): >&c777rst:&cfff &cf00lost&cfff [cross] 4
(rst): >&c777rst:&cfff &cf00lost&cfff [cross] 4
(rst): >&c777rst:&cfff &cf00lost&cfff [cross] 4
(rst): >&c777rst:&cfff &cf00lost&cfff [cross] 4
(bps): >&cc93bps:&cfff 0/100 ssg [ssg] rox:2 &c05fquad&cfff
(bps): >&cc93bps:&cfff 0/100 ssg [ssg] rox:2 &c05fquad&cfff
(rst): >&c777rst:&cfff &cf00lost&cfff [ya] 1
(rst): >&c777rst:&cfff &cf00lost&cfff [ya] 1
(rst): >&c777rst:&cfff &cf00lost&cfff [ya] 1
(rst): >&c777rst:&cfff &cf00lost&cfff [ya] 1
(rst): >&c777rst:&cfff 0/-12 gl [ya] rox:1 
no weapon
(maks): &c372>nl at&cfff ya w/ &c0b016&cfff/112 &cf13rl&cfff
(tom): >&c49etom&cfff maks at [ya-top]
(maks): &c372>nl at&cfff ya w/ &c0b08&cfff/91 &cf13rl&cfff
(goniec): >&cf00gon&cfff   rox at [gl.rox]
(goniec): >&cf00gon&cfff   &cf00lost&cfff &cf00[&cfffdoor&cf00]&cfff 2
(maks): > &cf00lost&cfff cross 2 &cf00enemy RL/LG&cfff 
(maks): &c372>nl at&cfff spikes w/ 0/100 sg
(rst): >&c777rst:&cfff you take [rl]
(ganon): >&c479gan:&cfff &cf00lost&cfff [mega-low] 3
(ganon): >&c479gan:&cfff &cf00lost&cfff [mega-low] 3
[18] minutes remaining
Team [-s-] leads by 3 frags
(tom): >&c49etom&cfff 0/100 sng [cross] rox:2 
(tom): >&c49etom&cfff &cf00enemy&cfff at [quad-box]
(maks): > &cf00lost&cfff ya 1 &cf00enemy RL/LG&cfff 
(bps): >&cc93bps:&cfff &cf00lost&cfff [quad-box] 2
(bps): >&cc93bps:&cfff &cf00lost&cfff [quad-box] 2
(bps): >&cc93bps:&cfff &cf00lost&cfff [quad-box] 2
(ganon): >&c479gan:&cfff took &cff0ya&cfff [ya]
no weapon
(maks): > &cf00lost&cfff cross.water 2 &cf00enemy RL/LG&cfff 
(tom): >&c49etom&cfff goniec at [water-ga]
(maCLer): > &cf60 mac coming [start.rl]&cfff 
(maCLer): > &cf60 mac coming [start.rl]&cfff 
(maCLer): > &cf60 mac coming [start.rl]&cfff 
(maCLer): > &cf60 mac coming [start.rl]&cfff 
(tom): >&c49etom&cfff 0/40 ssg [water-rl] rox:2 &c05fquad&cfff
(maks): > &cf00lost&cfff gl 2 &cf00enemy RL/LG&cfff 
(tom): >&c49etom&cfff goniec at [rl]
(maks): &c372>nl at&cfff spikes w/ 0/100 sg
(tom): >&c49etom&cfff maCLer at [rl]
(tom): >&c49etom&cfff goniec at [rl]
(goniec): >&cf00gon&cfff   &c0b0100&cfff/100 sg [rl] 
(maCLer): > &cf3f mac&cfff [water.ga] 0/153 sg 
(maks): > &cf00lost&cfff ya 1 &cf00enemy RL/LG&cfff 
no weapon
(bps): >&cc93bps:&cfff took &cff0ya&cfff [ya]
(carapace): >&c693car:&cfff &c05fquad&cfff over
(rst): >&c777rst:&cfff &cf00lost&cfff [ssg] 1
(rst): >&c777rst:&cfff &cf00lost&cfff [ssg] 1
(rst): >&c777rst:&cfff &cf00lost&cfff [ssg] 1
(carapace): >&c693car:&cfff 0/100 &cf31rl&cfff&cf31:9&cfff [mega] 
(bps): >&cc93bps:&cfff &c991y&cfff25/31 &c299gl&cfff [ssg] 
(rst): >&c777rst:&cfff 0/100 ssg [water-rl] rox:7 
(carapace): >&c693car:&cfff 0/100 &cf31rl&cfff&cf31:8&cfff [mega] 
(carapace): >&c693car:&cfff 0/100 &cf31rl&cfff&cf31:6&cfff [mega] 
(carapace): >&c693car:&cfff 0/200 &cf31rl&cfff&cf31:6&cfff [mega] 
(bps): >&cc93bps:&cfff get &c05fquad&cfff
(bps): >&cc93bps:&cfff get &c05fquad&cfff
(carapace): >&c693car:&cfff coming [cross] need armor
(rst): >&c777rst:&cfff &cf00lost&cfff [ga] 1
(rst): >&c777rst:&cfff &cf00lost&cfff [ga] 1
(rst): >&c777rst:&cfff &cf00lost&cfff [ga] 1
(rst): >&c777rst:&cfff &cf00lost&cfff [ga] 1
(rst): >&c777rst:&cfff &cf00lost&cfff [ga] 1
(rst): >&c777rst:&cfff &cf00lost&cfff [ga] 1
[17] minutes remaining
Team [-s-] leads by 5 frags
(carapace): >&c693car:&cfff &c0b0team&cfff &c05fquad&cfff
(carapace): >&c693car:&cfff &c0b0team&cfff &c05fquad&cfff
(rst): >&c777rst:&cfff &cf00lost&cfff [quad] 2
(rst): >&c777rst:&cfff &cf00lost&cfff [quad] 2
(rst): >&c777rst:&cfff &cf00lost&cfff [quad] 2
(rst): >&c777rst:&cfff &cf00lost&cfff [quad] 2
(rst): >&c777rst:&cfff &cf00lost&cfff [quad] 2
(carapace): >&c693car:&cfff 0/99 &cf31rl&cfff&cf31:18&cfff [gl] &c05fquad&cfff
(bps): >&cc93bps:&cfff 0/7 sg [ya] rox:2 
(bps): >&cc93bps:&cfff &c05fquaded&cfff carapace at [ya]
(carapace): >&c693car:&cfff took &cff0ya&cfff [ya]
(rst): >&c777rst:&cfff &cf00lost&cfff [water-ga] 2
(rst): >&c777rst:&cfff &cf00lost&cfff [water-ga] 2
(rst): >&c777rst:&cfff &cf00lost&cfff [water-ga] 2
(rst): >&c777rst:&cfff &cf00lost&cfff [water-ga] 2
(bps): >&cc93bps:&cfff &cf00lost&cfff [ya] 2
Quad Damage is wearing off
(bps): >&cc93bps:&cfff 0/100 [start-stairs] 
(carapace): >&c693car:&cfff &c991y&cfff85/100 &cf31rl&cfff&cf31:14&cfff [mega-low] 
(carapace): >&c693car:&cfff &c991y&cfff85/200 &cf31rl&cfff&cf31:19&cfff [mega] 
(carapace): >&c693car:&cfff coming [mega] need nothing
(rst): >&c777rst:&cfff &cf00lost&cfff [water-rl] 2
(rst): >&c777rst:&cfff &cf00lost&cfff [water-rl] 2
(rst): >&c777rst:&cfff &cf00lost&cfff [water-rl] 2
(carapace): >&c693car:&cfff &c991y&cfff77/191 &cf31rl&cfff&cf31:15&cfff [gl] 
(rst): >&c777rst:&cfff &cf00lost&cfff [ya] 1
(rst): >&c777rst:&cfff &cf00lost&cfff [ya] 1
(rst): >&c777rst:&cfff &cf00lost&cfff [ya] 1
(rst): >&c777rst:&cfff &cf00lost&cfff [ya] 1
[16] minutes remaining
Team [f5] leads by 1 frag
(bps): >&cc93bps:&cfff get &c05fquad&cfff
(carapace): >&c693car:&cfff &c991y&cfff62/79 &cf31rl&cfff&cf31:7&cfff [gl-stairs] 
(bps): >&cc93bps:&cfff 0/100 [quad-box] 
(bps): >&cc93bps:&cfff 0/100 [quad-box] 
(bps): >&cc93bps:&cfff &c0b0team&cfff &c05fquad&cfff
(bps): >&cc93bps:&cfff &c0b0team&cfff &c05fquad&cfff
(bps): >&cc93bps:&cfff &c0b0team&cfff &c05fquad&cfff
(bps): >&cc93bps:&cfff &c0b0team&cfff &c05fquad&cfff
(rst): >&c777rst:&cfff 0/91 [gl-stairs] 
(carapace): >&c693car:&cfff coming [gl-rox] need armor
(carapace): >&c693car:&cfff &c991y&cfff62/79 &cf31rl&cfff&cf31:17&cfff [gl-rox] 
(carapace): >&c693car:&cfff &c991y&cfff62/79 &cf31rl&cfff&cf31:17&cfff [gl] 
(carapace): >&c693car:&cfff &c991y&cfff46/69 &cf31rl&cfff&cf31:16&cfff [ya] 
(rst): >&c777rst:&cfff you take [ya]
(bps): >&cc93bps:&cfff 0/15 [gl] &c05fquad&cfff
(rst): >&c777rst:&cfff you take [ya]
(bps): >&cc93bps:&cfff 0/45 [gl-quad] &c05fquad&cfff
(carapace): >&c693car:&cfff took &cff0ya&cfff [ya]
(carapace): >&c693car:&cfff &c991y&cfff150/69 &cf31rl&cfff&cf31:16&cfff [gl] 
(rst): >&c777rst:&cfff &c0b0safe&cfff [ya]
(rst): >&c777rst:&cfff &c0b0safe&cfff [ya]
(rst): >&c777rst:&cfff &c0b0safe&cfff [ya]
(bps): >&cc93bps:&cfff 0/14 [door] &c05fquad&cfff
(carapace): >&c693car:&cfff &c991y&cfff150/84 &cf31rl&cfff&cf31:20&cfff [gl] 
(bps): >&cc93bps:&cfff ganon at [bridge]
Quad Damage is wearing off
(bps): >&cc93bps:&cfff 0/28 [water-ga] &c05fquad&cfff
(bps): >&cc93bps:&cfff &cf00rl nmy&cfff [ssg]
(bps): >&cc93bps:&cfff &cf00rl nmy&cfff [ssg]
(rst): >&c777rst:&cfff took &cff0ya&cfff [ya]
(carapace): >&c693car:&cfff &c991y&cfff102/86 &cf31rl&cfff&cf31:15&cfff [gl] 
(rst): >&c777rst:&cfff &c991y&cfff31/25 ssg [water-ga] 
(rst): >&c777rst:&cfff &c991y&cfff31/25 ssg [rl] 
[15] minutes remaining
Team [-s-] leads by 7 frags
(rst): >&c777rst:&cfff &c0b0safe&cfff [rl]
(carapace): >&c693car:&cfff took &cff0ya&cfff [ya]
(rst): >&c777rst:&cfff took &cf31rl&cfff [rl]
(goniec): >&cf00gon&cfff   &cf00lost&cfff &cf00[&cfffrl&cf00]&cfff 1
(goniec): >&cf00gon&cfff   &cf00lost&cfff &cf00[&cfffrl&cf00]&cfff 1
(tom): >&c49etom&cfff &c0b0team&cfff &c05fquad&cfff
(tom): >&c49etom&cfff &c0b0team&cfff &c05fquad&cfff
(tom): >&c49etom&cfff &c693g&cfff88/92 &cf31rl&cfff&cf31:17&cfff [quad] &c05fquad&cfff
(maks): &c372>nl at&cfff gl w/ 0/100 gl
(tom): >&c49etom&cfff &c693g&cfff88/92 &cf31rl&cfff&cf31:17&cfff [gl] &c05fquad&cfff
(goniec): >&cf00gon&cfff   &cf00lost&cfff &cf00[&cfffcross&cf00]&cfff 4
(goniec): >&cf00gon&cfff   &cf00lost&cfff &cf00[&cfffcross&cf00]&cfff 4
(goniec): >&cf00gon&cfff   &cf00lost&cfff &cf00[&cfffmega.rox&cf00]&cfff 1
(tom): >&c49etom&cfff maks at [ya-top]
(maCLer): > &cf60 mac coming [water.ga]&cfff 
(maCLer): > &cf60 mac coming [water.ga]&cfff 
(maCLer): > &cf60 mac coming [water.ga]&cfff 
(maks): > &cf00lost&cfff ya.tele 2 &cf00enemy RL/LG&cfff 
(tom): >&c49etom&cfff &cf2apack&cfff at [ya-water]
(tom): >&c49etom&cfff &cf2apack&cfff at [ya-water]
(tom): >&c49etom&cfff &cf2apack&cfff at [ya-water]
(goniec): >&cf00gon&cfff   &cf60coming&cfff [gl.stairs]
(maks): &c372>nl at&cfff ga w/ 0/100 &cf13rl&cfff
Quad Damage is wearing off
(tom): >&c49etom&cfff &c693g&cfff50/79 &cf31rl&cfff&cf31:15&cfff [ya-spikes] &c05fquad&cfff
(goniec): >&cf00gon&cfff   &cf00lost&cfff &cf00[&cfffya&cf00]&cfff 2
(maCLer): > &cf3f mac&cfff [water.ga] g100/100 &cf60rl&cfff 
(maks): &c372>nl at&cfff bridge w/ &c0b0100&cfff/100 &cf13rl&cfff
(maCLer): > &cf60 mac coming [ssg.spikes]&cfff 
(tom): >&c49etom&cfff &c693g&cfff46/71 &cf31rl&cfff&cf31:14&cfff [gl-stairs] 
(goniec): >&cf00gon&cfff   0/100 gl [ya] &cf13r&cfff:5 
(maCLer): > &cf3f mac&cfff [ya.water] y108/&cf6648&cfff &cf60rl&cfff 
(maCLer): > &cf3f mac&cfff [ya.water] y108/&cf6648&cfff &cf60rl&cfff 
(maks): &c372>nl at&cfff gl.quad w/ &c0b065&cfff/48 &cf13rl&cfff
(tom): >&c49etom&cfff maks at [gl]
[14] minutes remaining
Team [-s-] leads by 4 frags
(maCLer): >&cf00  mac lost [bridge.room] 3
(maCLer): >&cf00  mac lost [bridge.room] 3
(goniec): >&cf00gon&cfff   0/100 gl [ya.top] &cf13r&cfff:5 
(goniec): >&cf00gon&cfff   0/100 gl [ya.top] &cf13r&cfff:5 
(tom): >&c49etom&cfff &c693g&cfff46/100 &cf31rl&cfff&cf31:13&cfff [gl-quad] 
(tom): >&c49etom&cfff &c0b0safe&cfff [gl-quad]
(goniec): >&cf00gon&cfff   &cf60coming&cfff [gl]
(goniec): >&cf00gon&cfff   &cf60coming&cfff [gl]
(maks): &c372>nl at&cfff ya w/ &cff0150&cfff/63 &cf13rl&cfff
(tom): >&c49etom&cfff &c693g&cfff46/100 &cf31rl&cfff&cf31:10&cfff [quad] 
(tom): >&c49etom&cfff &c0b0team&cfff &c05fquad&cfff
(tom): >&c49etom&cfff &c0b0team&cfff &c05fquad&cfff
(maCLer): > &cf60 mac coming [gl.stairs]&cfff 
(maks): &c372>nl at&cfff cross w/ &cff0150&cfff/93 &cf13rl&cfff
(maks): >nl &cf2apack&cfff at door
(tom): >&c49etom&cfff &c693g&cfff40/86 &cf31rl&cfff&cf31:8&cfff [ya-top] &c05fquad&cfff
(maks): >nl &cf2apack&cfff at door
(maks): >nl &cf2apack&cfff at door
(maCLer): > &cf60 mac coming [water.ga]&cfff 
(maCLer): > &cf60 mac coming [water.ga]&cfff 
(maCLer): > &cf60 mac coming [water.ga]&cfff 
(maCLer): > &cf60 mac coming [water.ga]&cfff 
(tom): >&c49etom&cfff &c991y&cfff150/15 &cf31rl&cfff&cf31:7&cfff [ya-water] &c05fquad&cfff
(tom): >&c49etom&cfff &c991y&cfff150/15 &cf31rl&cfff&cf31:7&cfff [ya-tele] &c05fquad&cfff
Quad Damage is wearing off
(tom): >&c49etom&cfff &c991y&cfff132/5 &cf31rl&cfff&cf31:6&cfff [spikes] 
(goniec): >&cf00gon&cfff   &cf60coming&cfff [gl]
(goniec): >&cf00gon&cfff   &cf60coming&cfff [gl]
(tom): >&c49etom&cfff &c991y&cfff102/12 &cf31rl&cfff&cf31:6&cfff [ssg-spikes] 
(tom): >&c49etom&cfff &c991y&cfff102/12 &cf31rl&cfff&cf31:6&cfff [ssg] 
no weapon
(bps): >&cc93bps:&cfff rst at [quad-stairs]
[13] minutes remaining
Team [f5] leads by 3 frags
(carapace): >&c693car:&cfff &cf00dropped&cfff &cf31rl&cfff [cross] 1
(carapace): >&c693car:&cfff &cf00dropped&cfff &cf31rl&cfff [cross] 1
(carapace): >&c693car:&cfff &cf00dropped&cfff &cf31rl&cfff [cross] 1
(carapace): >&c693car:&cfff &cf00dropped&cfff &cf31rl&cfff [cross] 1
(carapace): >&c693car:&cfff &cf00dropped&cfff &cf31rl&cfff [cross] 1
(maks): > &cf00lost&cfff gl.quad 4 &cf00enemy RL/LG&cfff 
(goniec): >&cf00gon&cfff took &cff0ya&cfff [ya.top]
(tom): >&c49etom&cfff 0/45 &cf31rl&cfff&cf31:7&cfff [mega] 
(tom): >&c49etom&cfff maCLer at [cross]
(bps): >&cc93bps:&cfff 0/84 [quad-box] 
(bps): >&cc93bps:&cfff 0/84 [quad-box] 
(rst): >&c777rst:&cfff &cf00lost&cfff [cross] 3
(rst): >&c777rst:&cfff &cf00lost&cfff [cross] 3
(rst): >&c777rst:&cfff &cf00lost&cfff [cross] 3
(rst): >&c777rst:&cfff &cf00lost&cfff [cross] 3
(bps): >&cc93bps:&cfff &c0b0team&cfff &c05fquad&cfff
(bps): >&cc93bps:&cfff &c0b0team&cfff &c05fquad&cfff
(bps): >&cc93bps:&cfff &c0b0team&cfff &c05fquad&cfff
(bps): >&cc93bps:&cfff &c0b0team&cfff &c05fquad&cfff
(ganon): >&c479gan:&cfff 0/36 &cf31rl&cfff&cf31:0&cfff [door] 
(ganon): >&c479gan:&cfff &cf00lost&cfff [door] 1
(ganon): >&c479gan:&cfff &cf00lost&cfff [door] 1
(ganon): >&c479gan:&cfff &cf00lost&cfff [door] 1
no weapon
(maks): &c372>nl at&cfff spikes w/ 0/100 sg
(maCLer): > &cf60 mac coming [start.rl]&cfff 
(maCLer): > &cf60 mac coming [start.rl]&cfff 
(maCLer): > &cf60 mac coming [start.rl]&cfff 
(tom): >&c49etom&cfff 0/100 &cf31rl&cfff&cf31:4&cfff [quad] 
(goniec): >&cf00gon&cfff   &cff015&cfff/100 &cf13rl&cfff:0 [mega] 
(goniec): >&cf00gon&cfff   &cff015&cfff/100 &cf13rl&cfff:0 [mega] 
(goniec): >&cf00gon&cfff   &cff015&cfff/100 &cf13rl&cfff:0 [mega.rox] 
(maks): &c372>nl at&cfff ga w/ 0/10 sg
(goniec): >&cf00gon&cfff   &cff015&cfff/100 &cf13rl&cfff:0 [mega.rox] 
(goniec): >&cf00gon&cfff    at [mega.rox]
(goniec): >&cf00gon&cfff    at [mega.rox]
(tom): >&c49etom&cfff 0/36 &cf31rl&cfff&cf31:0&cfff [quad] 
(goniec): >&cf00gon&cfff    at [mega.low]
(tom): >&c49etom&cfff 0/61 &cf31rl&cfff&cf31:0&cfff [mega-low] 
(tom): >&c49etom&cfff 0/86 &cf31rl&cfff&cf31:0&cfff [mega] 
(maks): &c372>nl at&cfff cross w/ 0/100 sg
(maCLer): >&c0f0  mac safe [ya.top]&cfff &cf60rl&cfff 
(maCLer): >&c0f0  mac safe [ya.top]&cfff &cf60rl&cfff 
(maCLer): >&c0f0  mac safe [ya.top]&cfff &cf60rl&cfff 
(maCLer): >&c0f0  mac safe [ya.top]&cfff &cf60rl&cfff 
(tom): >&c49etom&cfff 0/86 &cf31rl&cfff&cf31:0&cfff [gl-rox] 
(goniec): >&cf00gon&cfff   &cf60coming&cfff [quad]
(goniec): >&cf00gon&cfff   &cf60coming&cfff [quad]
(tom): >&c49etom&cfff 0/58 &cf31rl&cfff&cf31:9&cfff [gl] 
(goniec): >&cf00gon&cfff   need rox [gl]
(tom): >&c49etom&cfff 0/38 &cf31rl&cfff&cf31:9&cfff [ya] 
[12] minutes remaining
Team [f5] leads by 13 frags
(tom): >&c49etom&cfff &c0b0safe&cfff [ya-top]
(tom): >&c49etom&cfff &c991y&cfff150/63 &cf31rl&cfff&cf31:9&cfff [ya-top] 
(goniec): >&cf00gon&cfff took gl [gl]
(tom): >&c49etom&cfff goniec at [gl]
(tom): >&c49etom&cfff goniec at [quad]
(tom): >&c49etom&cfff &c991y&cfff150/63 &cf31rl&cfff&cf31:9&cfff [gl-quad] 
(goniec): >&cf00gon&cfff &c0b0team&cfff &c05fquad&cfff
(maks): > &cf00lost&cfff quad 2 &cf00enemy RL/LG&cfff 
(tom): >&c49etom&cfff &c991y&cfff119/58 &cf31rl&cfff&cf31:8&cfff [gl] 
(maCLer): > &cf3f mac&cfff [ssg] &cf660&cfff/81 &cf60rl&cfff 
(maCLer): > &cf3f mac&cfff [ssg] &cf660&cfff/81 &cf60rl&cfff 
(maks): &c372>nl at&cfff mega.low w/ 0/100 sng
(tom): >&c49etom&cfff maks at [quad]
(maks): >nl enemy at ya
(maks): &cff0>nl needs help at&cfff &cff0&cfffya&cff0&cfff
(goniec): >&cf00gon&cfff   &c0b057&cfff/100 &cf13rl&cfff:0 [mega] &c05fquad&cfff
(goniec): >&cf00gon&cfff   &c0b057&cfff/100 &cf13rl&cfff:0 [mega] &c05fquad&cfff
(maks): > &cf00lost&cfff ya 3 &cf00enemy RL/LG&cfff 
(maks): &c372>nl at&cfff door w/ 0/100 sg
Quad Damage is wearing off
(tom): >&c49etom&cfff 0/100 &cf31rl&cfff&cf31:5&cfff [rl] 
(tom): >&c49etom&cfff 0/100 &cf31rl&cfff&cf31:5&cfff [start-rl] 
(goniec): >&cf00gon&cfff took rox [mega.rox]
(goniec): >&cf00gon&cfff   &c0b0safe&cfff &c0b0[&cfffmega&c0b0]&cfff &c0b057&cfff / &cf13rl&cfff
(goniec): >&cf00gon&cfff   &c0b0safe&cfff &c0b0[&cfffmega&c0b0]&cfff &c0b057&cfff / &cf13rl&cfff
(goniec): >&cf00gon&cfff took &c0a0mega&cfff [mega]
(tom): >&c49etom&cfff 0/82 &cf31rl&cfff&cf31:4&cfff [start] 
(tom): >&c49etom&cfff 0/100 &cf31rl&cfff&cf31:4&cfff [start] 
(goniec): >&cf00gon&cfff   &cf00dropped&cfff &cf13rl&cfff &cf40[&cfffgl&cf40]&cfff 1
(goniec): >&cf00gon&cfff   &cf00dropped&cfff &cf13rl&cfff &cf40[&cfffgl&cf40]&cfff 1
no weapon
[11] minutes remaining
Team [f5] leads by 24 frags
(rst): >&c777rst:&cfff &cf00lost&cfff [quad-stairs] 1
(rst): >&c777rst:&cfff &cf00lost&cfff [quad-stairs] 1
(rst): >&c777rst:&cfff &cf00lost&cfff [quad-stairs] 1
(ganon): >&c479gan:&cfff &c0b0safe&cfff [ya]
(ganon): >&c479gan:&cfff &c0b0safe&cfff [ya]
(ganon): >&c479gan:&cfff 0/100 &cf31rl&cfff&cf31:15&cfff [ya] 
(carapace): >&c693car:&cfff &c991y&cfff6/25 &cf31rl&cfff&cf31:0&cfff [gl-stairs] 
(carapace): >&c693car:&cfff &c991y&cfff6/25 &cf31rl&cfff&cf31:0&cfff [ya-tele] 
(tom): >&c49etom&cfff maks at [quad]
(tom): >&c49etom&cfff maCLer at [quad-box]
(tom): >&c49etom&cfff &c693g&cfff100/71 &cf31rl&cfff&cf31:3&cfff [quad] 
(goniec): >&cf00gon&cfff took &cf13rl&cfff [rl]
(tom): >&c49etom&cfff &c0b0team&cfff &c05fquad&cfff
(tom): >&c49etom&cfff &c0b0team&cfff &c05fquad&cfff
(tom): >&c49etom&cfff &c693g&cfff97/66 &cf31rl&cfff&cf31:3&cfff [quad] &c05fquad&cfff
(maCLer): >&cf00  mac lost [gl] 2
(maCLer): >&cf00  mac lost [gl] 2
(tom): >&c49etom&cfff &c693g&cfff88/47 &cf31rl&cfff&cf31:1&cfff [gl] &c05fquad&cfff
(goniec): >&cf00gon&cfff took &c0a0mega&cfff [mega]
(tom): >&c49etom&cfff &c693g&cfff88/47 &cf31rl&cfff&cf31:1&cfff [gl] &c05fquad&cfff
(maCLer): >&c0f0  mac safe [ya.top]&cfff sg 
(maCLer): >&c0f0  mac safe [ya.top]&cfff sg 
(maCLer): >&c0f0  mac safe [ya.top]&cfff sg 
(maks): > &cf00lost&cfff ssg 1 &cf00enemy RL/LG&cfff 
(goniec): >&cf00gon&cfff   &cf2apack&cfff at [door]
(goniec): >&cf00gon&cfff   &cf2apack&cfff at [door]
(goniec): >&cf00gon&cfff   &cf2apack&cfff at [door]
(tom): >&c49etom&cfff &c693g&cfff88/62 &cf31rl&cfff&cf31:10&cfff [quad] &c05fquad&cfff
(maks): &c372>nl at&cfff mega.low w/ 0/100 &cf13rl&cfff
Quad Damage is wearing off
(tom): >&c49etom&cfff &c693g&cfff26/-43 &cf31rl&cfff&cf31:8&cfff [water-ga] &c05fquad&cfff
no weapon
(maCLer): > &cf3f mac&cfff [bridge] y150/100 sng 
(maCLer): > &cf3f mac&cfff __ &cf00enemy&cfff at [ssg]
(maks): &c372>nl at&cfff mega w/ 0/200 &cf13rl&cfff
(tom): >&c49etom&cfff &c693g&cfff100/100 sng [ga] 
(goniec): >&cf00gon&cfff   &cf00lost&cfff &cf00[&cfffgl.quad&cf00]&cfff 1
(tom): >&c49etom&cfff &c693g&cfff100/100 sng [ga] 
(tom): >&c49etom&cfff maCLer at [rl]
(tom): >&c49etom&cfff &c693g&cfff100/100 sng [water-rl] 
(tom): >&c49etom&cfff maCLer at [rl]
[10] minutes remaining
Team [f5] leads by 30 frags
(maks): > &cf00lost&cfff gl.quad 2 &cf00enemy RL/LG&cfff 
(goniec): >&cf00gon&cfff   &cf00lost&cfff &cf00[&cfffga&cf00]&cfff 1
(rst): >&c777rst:&cfff &c0b0safe&cfff [quad]
(rst): >&c777rst:&cfff &c0b0safe&cfff [quad]
(rst): >&c777rst:&cfff &c0b0safe&cfff [quad]
(bps): >&cc93bps:&cfff &c991y&cfff66/75 &cf31rl&cfff&cf31:11&cfff [gl-quad] 
(carapace): >&c693car:&cfff &cf00lost&cfff [quad-stairs] 2
(ganon): >&c479gan:&cfff 0/53 &cf31rl&cfff&cf31:3&cfff [ya] 
(bps): >&cc93bps:&cfff &c991y&cfff66/75 &cf31rl&cfff&cf31:9&cfff [quad] 
(bps): >&cc93bps:&cfff &c991y&cfff66/75 &cf31rl&cfff&cf31:9&cfff [quad] 
(bps): >&cc93bps:&cfff &c0b0team&cfff &c05fquad&cfff
(bps): >&cc93bps:&cfff &c0b0team&cfff &c05fquad&cfff
(bps): >&cc93bps:&cfff &c0b0team&cfff &c05fquad&cfff
(bps): >&cc93bps:&cfff &c0b0team&cfff &c05fquad&cfff
(carapace): >&c693car:&cfff &cf00lost&cfff [cross] 3
(carapace): >&c693car:&cfff 0/100 [rl] 
(carapace): >&c693car:&cfff &cf00lost&cfff [rl] 2
(ganon): >&c479gan:&cfff &c0b0safe&cfff [gl]
(ganon): >&c479gan:&cfff &c0b0safe&cfff [gl]
(bps): >&cc93bps:&cfff &c991y&cfff56/99 &cf31rl&cfff&cf31:7&cfff [ssg] &c05fquad&cfff
(bps): >&cc93bps:&cfff &c991y&cfff56/99 &cf31rl&cfff&cf31:7&cfff [ssg-spikes] &c05fquad&cfff
(carapace): >&c693car:&cfff &cff0ya&cfff at [ya]
(rst): >&c777rst:&cfff you take [ya]
(ganon): >&c479gan:&cfff &c0b0safe&cfff [gl]
(ganon): >&c479gan:&cfff &c0b0safe&cfff [gl]
(carapace): >&c693car:&cfff took &cff0ya&cfff [ya]
(carapace): >&c693car:&cfff &c991y&cfff150/93 [ya] 
(carapace): >&c693car:&cfff &c991y&cfff150/93 sng [gl-sng] 
Quad Damage is wearing off
no weapon
(rst): >&c777rst:&cfff &cf00lost&cfff [door] 1
(rst): >&c777rst:&cfff &cf00lost&cfff [door] 1
(rst): >&c777rst:&cfff &cf00lost&cfff [door] 1
(rst): >&c777rst:&cfff &cf00lost&cfff [door] 1
(bps): >&cc93bps:&cfff &cf00rl nmy&cfff [mega-rox]
(bps): >&cc93bps:&cfff &cf00rl nmy&cfff [mega-low]
(bps): >&cc93bps:&cfff &cf2apack&cfff at [ya]
(carapace): >&c693car:&cfff awaits [rl]
(rst): >&c777rst:&cfff you take [rl]
(bps): >&cc93bps:&cfff took &cff0ya&cfff [ya]
[9] minutes remaining
Team [f5] leads by 22 frags
(ganon): >&c479gan:&cfff &cf00dropped&cfff &cf31rl&cfff [gl-stairs] 2
(ganon): >&c479gan:&cfff &cf00dropped&cfff &cf31rl&cfff [gl-stairs] 2
(ganon): >&c479gan:&cfff &cf00dropped&cfff &cf31rl&cfff [gl-stairs] 2
(ganon): >&c479gan:&cfff &cf00dropped&cfff &cf31rl&cfff [gl-stairs] 2
(carapace): >&c693car:&cfff &c991y&cfff150/100 sng [rl] 
(rst): >&c777rst:&cfff get &c05fquad&cfff
(carapace): >&c693car:&cfff &c991y&cfff150/100 sng [rl] 
(ganon): >&c479gan:&cfff &cf00dropped&cfff &cf31rl&cfff [gl-quad] 1
(ganon): >&c479gan:&cfff &cf00dropped&cfff &cf31rl&cfff [gl-quad] 1
(ganon): >&c479gan:&cfff &cf00dropped&cfff &cf31rl&cfff [gl-quad] 1
(bps): >&cc93bps:&cfff 0/51 &cf31rl&cfff&cf31:7&cfff [bridge] 
(carapace): >&c693car:&cfff &c991y&cfff120/82 sng [rl] 
(carapace): >&c693car:&cfff &c991y&cfff120/82 &cf31rl&cfff&cf31:5&cfff [rl] 
(rst): >&c777rst:&cfff &c0b0team&cfff &c05fquad&cfff
(rst): >&c777rst:&cfff &c0b0team&cfff &c05fquad&cfff
(carapace): >&c693car:&cfff &c991y&cfff120/82 &cf31rl&cfff&cf31:5&cfff [cross-water] 
(bps): >&cc93bps:&cfff 0/77 &cf31rl&cfff&cf31:5&cfff [ssg-spikes] 
(bps): >&cc93bps:&cfff 0/96 &cf31rl&cfff&cf31:5&cfff [spikes] 
(bps): >&cc93bps:&cfff 0/96 &cf31rl&cfff&cf31:5&cfff [spikes] 
(carapace): >&c693car:&cfff &c991y&cfff105/200 &cf31rl&cfff&cf31:9&cfff [mega] 
(carapace): >&c693car:&cfff &c991y&cfff105/200 &cf31rl&cfff&cf31:9&cfff [cross] 
(rst): >&c777rst:&cfff coming [quad] need armor/weapon
(bps): >&cc93bps:&cfff &c991y&cfff26/16 &cf31rl&cfff&cf31:5&cfff [gl-stairs] 
(ganon): >&c479gan:&cfff &c693g&cfff100/18 sng [ssg] 
(rst): >&c777rst:&cfff &c05fquad&cfff over
(carapace): >&c693car:&cfff &c991y&cfff100/195 &cf31rl&cfff&cf31:8&cfff [quad-stairs] 
(bps): >&cc93bps:&cfff &c991y&cfff26/41 &cf31rl&cfff&cf31:4&cfff [ya] 
(carapace): >&c693car:&cfff &c0b0safe&cfff [quad]
(bps): >&cc93bps:&cfff &c991y&cfff11/32 &cf31rl&cfff&cf31:3&cfff [ya] 
(bps): >&cc93bps:&cfff ganon at [ya]
(bps): >&cc93bps:&cfff &cf2apack&cfff at [gl-stairs]
(carapace): >&c693car:&cfff &c991y&cfff58/158 &cf31rl&cfff&cf31:7&cfff [gl] 
(bps): >&cc93bps:&cfff took &cff0ya&cfff [ya]
(bps): >&cc93bps:&cfff took &cff0ya&cfff [ya]
(carapace): >&c693car:&cfff &c991y&cfff58/156 &cf31rl&cfff&cf31:7&cfff [gl] 
(rst): >&c777rst:&cfff you take [ya]
(bps): >&cc93bps:&cfff &cf31rox&cfff at [gl-rox]
(bps): >&cc93bps:&cfff carapace at [gl-rox]
(bps): >&cc93bps:&cfff &c991y&cfff114/53 &cf31rl&cfff&cf31:1&cfff [gl] 
(carapace): >&c693car:&cfff &c991y&cfff58/144 &cf31rl&cfff&cf31:14&cfff [ya] 
(bps): >&cc93bps:&cfff &c991y&cfff114/53 &cf31rl&cfff&cf31:1&cfff [gl] 
(rst): >&c777rst:&cfff you take [ya-water]
(bps): >&cc93bps:&cfff ganon at [gl-quad]
(carapace): >&c693car:&cfff gl at [gl]
(carapace): >&c693car:&cfff gl at [gl]
[8] minutes remaining
Team [f5] leads by 8 frags
(bps): >&cc93bps:&cfff &c991y&cfff84/35 &cf31rl&cfff&cf31:6&cfff [gl] 
(rst): >&c777rst:&cfff &cf00lost&cfff [quad] 3
(rst): >&c777rst:&cfff &cf00lost&cfff [quad] 3
(rst): >&c777rst:&cfff &cf00lost&cfff [quad] 3
(ganon): >&c479gan:&cfff &cf2apack&cfff at [quad]
(bps): >&cc93bps:&cfff took &cff0ya&cfff [ya]
(rst): >&c777rst:&cfff &cf2apack&cfff at [quad]
(carapace): >&c693car:&cfff &c991y&cfff50/121 &cf31rl&cfff&cf31:9&cfff [quad-box] &c05fquad&cfff
(carapace): >&c693car:&cfff &c0b0team&cfff &c05fquad&cfff
(carapace): >&c693car:&cfff &c0b0team&cfff &c05fquad&cfff
(bps): >&cc93bps:&cfff took &cf2apack&cfff [quad]
(bps): >&cc93bps:&cfff &c991y&cfff150/80 &cf31rl&cfff&cf31:4&cfff [gl] 
(carapace): >&c693car:&cfff &c991y&cfff150/94 &cf31rl&cfff&cf31:7&cfff [ya] &c05fquad&cfff
(bps): >&cc93bps:&cfff &c991y&cfff118/61 &cf31rl&cfff&cf31:12&cfff [gl-rox] 
(rst): >&c777rst:&cfff &c693g&cfff100/100 sng [water-rl] 
(carapace): >&c693car:&cfff &c991y&cfff138/100 &cf31rl&cfff&cf31:7&cfff [water-ga] &c05fquad&cfff
(rst): >&c777rst:&cfff &c693g&cfff100/100 sng [rl] 
(rst): >&c777rst:&cfff &c693g&cfff100/100 sng [rl] 
(rst): >&c777rst:&cfff took &cf31rl&cfff [rl]
(bps): >&cc93bps:&cfff &c991y&cfff107/99 &cf31rl&cfff&cf31:13&cfff [gl] 
Quad Damage is wearing off
(rst): >&c777rst:&cfff coming [ssg-spikes] need &cf31rox&cfff
(bps): >&cc93bps:&cfff &c991y&cfff60/95 &cf31rl&cfff&cf31:11&cfff [ya] 
(bps): >&cc93bps:&cfff rst at [ya]
(rst): >&c777rst:&cfff &c693g&cfff100/100 &cf31rl&cfff&cf31:5&cfff [ya] 
(carapace): >&c693car:&cfff 0/60 &cf31rl&cfff&cf31:1&cfff [quad-stairs] 
(bps): >&cc93bps:&cfff took &cff0ya&cfff [ya]
(bps): >&cc93bps:&cfff &c991y&cfff150/95 &cf31rl&cfff&cf31:10&cfff [ya] 
(rst): >&c777rst:&cfff &c693g&cfff100/100 &cf31rl&cfff&cf31:3&cfff [gl] 
(bps): >&cc93bps:&cfff &c991y&cfff135/86 &cf31rl&cfff&cf31:8&cfff [gl-stairs] 
(carapace): >&c693car:&cfff 0/100 &cf31rl&cfff&cf31:0&cfff [gl-stairs] 
(carapace): >&c693car:&cfff 0/100 &cf31rl&cfff&cf31:0&cfff [ya] 
(rst): >&c777rst:&cfff &c693g&cfff87/74 &cf31rl&cfff&cf31:2&cfff [gl] 
(ganon): >&c479gan:&cfff &cf00lost&cfff [mega-sng] 2
[7] minutes remaining
Team [-s-] leads by 7 frags
(carapace): >&c693car:&cfff &cf00lost&cfff [ya] 1
(carapace): >&c693car:&cfff 0/100 [quad] 
(rst): >&c777rst:&cfff &c0b0safe&cfff [ya]
(rst): >&c777rst:&cfff &c0b0safe&cfff [ya]
(rst): >&c777rst:&cfff took &cff0ya&cfff [ya]
(ganon): >&c479gan:&cfff 0/100 [rl] 
(bps): >&cc93bps:&cfff &cf00lost&cfff [quad-stairs] 3
no weapon
(maCLer): > &cf60 mac coming [spikes]&cfff 
(maCLer): > &cf60 mac coming [spikes]&cfff 
(maCLer): > &cf60 mac coming [spikes]&cfff 
(maks): &c372>nl at&cfff ga w/ &c0b0100&cfff/172 quadsng
(maks): &c372>nl at&cfff rl w/ &c0b075&cfff/116 quadsng
(goniec): >&cf00gon&cfff   &cf00lost&cfff &cf00[&cfffga&cf00]&cfff 2
(goniec): >&cf00gon&cfff   &cf60coming&cfff [start]
(tom): >&c49etom&cfff 0/96 sg [mega-low] rox:5 
(tom): >&c49etom&cfff 0/100 sng [cross] rox:5 
(tom): >&c49etom&cfff goniec at [ga]
Quad Damage is wearing off
(maks): &c372>nl at&cfff mega.low w/ &c0b067&cfff/100 &cf13rl&cfff
(tom): >&c49etom&cfff goniec at [quad]
(tom): >&c49etom&cfff 0/8 sng [door] rox:5 
[6] minutes remaining
Team [-s-] leads by 10 frags
(tom): >&c49etom&cfff 0/100 [cross] 
(goniec): >&cf00gon&cfff   &cf00lost&cfff &cf00[&cfffwater.rl&cf00]&cfff 2
(goniec): >&cf00gon&cfff   &cf00lost&cfff &cf00[&cfffrl&cf00]&cfff 2
(tom): >&c49etom&cfff 0/100 ssg [bridge] 
(maCLer): > &cf60 mac coming [water.rl]&cfff 
(maks): &c372>nl at&cfff door w/ &c0b067&cfff/197 &cf13rl&cfff
(maCLer): > &cf60 mac coming [water.rl]&cfff 
(tom): >&c49etom&cfff &c693g&cfff67/23 ssg [start] 
(tom): >&c49etom&cfff 0/64 [door] 
(carapace): >&c693car:&cfff &c991y&cfff107/81 [gl] &c05fquad&cfff
(rst): >&c777rst:&cfff &c0b0safe&cfff [ya]
(rst): >&c777rst:&cfff &c0b0safe&cfff [ya]
(carapace): >&c693car:&cfff &c991y&cfff104/99 gl [water-rl] rox:5 &c05fquad&cfff
(rst): >&c777rst:&cfff you take [gl-stairs]
(bps): >&cc93bps:&cfff 0/100 [ya] 
(bps): >&cc93bps:&cfff took &cff0ya&cfff [ya]
(carapace): >&c693car:&cfff &c991y&cfff36/85 &cf31rl&cfff&cf31:10&cfff [rl] &c05fquad&cfff
(carapace): >&c693car:&cfff &c991y&cfff36/85 &cf31rl&cfff&cf31:10&cfff [start-rl] &c05fquad&cfff
(rst): >&c777rst:&cfff &c0b0safe&cfff [gl]
(rst): >&c777rst:&cfff &c0b0safe&cfff [gl]
(rst): >&c777rst:&cfff &c0b0safe&cfff [gl]
(carapace): >&c693car:&cfff &c991y&cfff36/85 &cf31rl&cfff&cf31:10&cfff [start] &c05fquad&cfff
Quad Damage is wearing off
(carapace): >&c693car:&cfff &c991y&cfff21/91 &cf31rl&cfff&cf31:13&cfff [bridge] &c05fquad&cfff
(carapace): >&c693car:&cfff 0/58 &cf31rl&cfff&cf31:12&cfff [ya-spikes] 
(carapace): >&c693car:&cfff took &cff0ya&cfff [ya]
(carapace): >&c693car:&cfff &c991y&cfff150/58 &cf31rl&cfff&cf31:11&cfff [ya] 
(rst): >&c777rst:&cfff you take [ya]
(rst): >&c777rst:&cfff &c0b0safe&cfff [ya]
(rst): >&c777rst:&cfff &c0b0safe&cfff [ya]
(rst): >&c777rst:&cfff &c0b0safe&cfff [ya]
[5] minutes remaining
Team [-s-] leads by 16 frags
(rst): >&c777rst:&cfff &cf00enemy&cfff at [gl-quad]
(carapace): >&c693car:&cfff &c991y&cfff129/77 &cf31rl&cfff&cf31:10&cfff [gl-quad] 
(bps): >&cc93bps:&cfff took &cf31rl&cfff [rl]
(bps): >&cc93bps:&cfff took &cf31rl&cfff [rl]
(rst): >&c777rst:&cfff &c0b0safe&cfff [gl-stairs]
(rst): >&c777rst:&cfff &c0b0safe&cfff [gl-stairs]
(carapace): >&c693car:&cfff &cf00dropped&cfff &cf31rl&cfff [gl] 1
(carapace): >&c693car:&cfff &cf00dropped&cfff &cf31rl&cfff [gl] 1
(carapace): >&c693car:&cfff &cf00dropped&cfff &cf31rl&cfff [gl] 1
(carapace): >&c693car:&cfff &cf00dropped&cfff &cf31rl&cfff [gl] 1
(carapace): >&c693car:&cfff &cf00dropped&cfff &cf31rl&cfff [gl] 1
(carapace): >&c693car:&cfff 0/100 [mega-sng] 
(bps): >&cc93bps:&cfff 0/13 &cf31rl&cfff&cf31:3&cfff [ssg] 
(carapace): >&c693car:&cfff 0/100 [cross] 
(tom): >&c49etom&cfff &c0b0team&cfff &c05fquad&cfff
(tom): >&c49etom&cfff &c0b0team&cfff &c05fquad&cfff
(tom): >&c49etom&cfff 0/78 [cross] &c05fquad&cfff
(goniec): >&cf00gon&cfff   &cf2apack&cfff at [cross]
(maks): > &cf00lost&cfff gl 2 &cf00enemy RL/LG&cfff 
(carapace): >&c693car:&cfff 0/42 [gl-quad] 
(bps): >&cc93bps:&cfff &cf00lost&cfff [cross] 2
(bps): >&cc93bps:&cfff &c05fquad&cfff over
(carapace): >&c693car:&cfff &cf00lost&cfff [gl-quad] 1
(carapace): >&c693car:&cfff &cf00lost&cfff [mega-low] 2
(bps): >&cc93bps:&cfff &cff0ya&cfff at [ya]
(bps): >&cc93bps:&cfff &cff0ya&cfff at [ya]
(bps): >&cc93bps:&cfff &cff0ya&cfff at [ya]
(bps): >&cc93bps:&cfff &cff0ya&cfff at [ya]
(carapace): >&c693car:&cfff 0/100 [cross] 
(carapace): >&c693car:&cfff coming [quad] need armor rl
(rst): >&c777rst:&cfff &c991y&cfff125/77 &cf31rl&cfff&cf31:19&cfff [gl-quad] 
(bps): >&cc93bps:&cfff carapace at [ya]
(carapace): >&c693car:&cfff took &cff0ya&cfff [ya]
(rst): >&c777rst:&cfff &c991y&cfff125/100 &cf31rl&cfff&cf31:19&cfff [ya] 
(carapace): >&c693car:&cfff &c991y&cfff150/100 [ya-water] 
(carapace): >&c693car:&cfff &c991y&cfff150/100 [bridge] 
(bps): >&cc93bps:&cfff 0/92 &c299gl&cfff [door] rox:13 
[4] minutes remaining
Team [-s-] leads by 22 frags
(bps): >&cc93bps:&cfff &cf00lost&cfff [door] 1
(carapace): >&c693car:&cfff &c991y&cfff135/91 [rl] 
(bps): >&cc93bps:&cfff carapace at [rl]
(carapace): >&c693car:&cfff took &cf31rl&cfff [rl]
(rst): >&c777rst:&cfff 0/40 &cf31rl&cfff&cf31:9&cfff [bridge] 
(carapace): >&c693car:&cfff &cf00dropped&cfff &cf31rl&cfff [quad-stairs] 3
(carapace): >&c693car:&cfff &cf00dropped&cfff &cf31rl&cfff [quad-stairs] 3
(carapace): >&c693car:&cfff &cf00dropped&cfff &cf31rl&cfff [quad-stairs] 3
(carapace): >&c693car:&cfff &cf00dropped&cfff &cf31rl&cfff [quad-stairs] 3
(carapace): >&c693car:&cfff &cf00dropped&cfff &cf31rl&cfff [quad-stairs] 3
carapace: :)
(maks): > &cf00lost&cfff ya 1 &cf00enemy RL/LG&cfff 
(bps): >&cc93bps:&cfff 0/100 [cross] 
(rst): >&c777rst:&cfff &cf00lost&cfff [gl-stairs] 2
(rst): >&c777rst:&cfff &cf00lost&cfff [gl-stairs] 2
(rst): >&c777rst:&cfff &cf00lost&cfff [gl-stairs] 2
(rst): >&c777rst:&cfff &cf00lost&cfff [gl-stairs] 2
(rst): >&c777rst:&cfff &cf00lost&cfff [gl-stairs] 2
(rst): >&c777rst:&cfff &cf00lost&cfff [gl-stairs] 2
(rst): >&c777rst:&cfff &cf00lost&cfff [gl-stairs] 2
(rst): >&c777rst:&cfff &cf00lost&cfff [gl-stairs] 2
(tom): >&c49etom&cfff &c693g&cfff15/90 &cf31rl&cfff&cf31:4&cfff [ssg] 
(tom): >&c49etom&cfff &c693g&cfff15/90 &cf31rl&cfff&cf31:4&cfff [ssg] 
(tom): >&c49etom&cfff &c693g&cfff15/100 &cf31rl&cfff&cf31:4&cfff [ya-spikes] 
(tom): >&c49etom&cfff goniec at [ya]
(goniec): >&cf00gon&cfff   &cf60coming&cfff [spikes]
(goniec): >&cf00gon&cfff   &cf60coming&cfff [spikes]
(tom): >&c49etom&cfff 0/37 &cf31rl&cfff&cf31:29&cfff [ya-water] 
(tom): >&c49etom&cfff 0/37 &cf31rl&cfff&cf31:29&cfff [ya-water] 
(maks): > &cf00lost&cfff gl.quad 2 &cf00enemy RL/LG&cfff 
(goniec): >&cf00gon&cfff   &cf00lost&cfff &cf00[&cfffya&cf00]&cfff 2
(goniec): >&cf00gon&cfff   &cf00lost&cfff &cf00[&cfffya&cf00]&cfff 2
(tom): >&c49etom&cfff 0/58 &cf31rl&cfff&cf31:28&cfff [ya-tele] 
(maCLer): >&cf00  mac lost [ya] 3
(maCLer): >&cf00  mac lost [ya] 3
(tom): >&c49etom&cfff &c693g&cfff100/83 &cf31rl&cfff&cf31:28&cfff [door] 
[3] minutes remaining
Team [-s-] leads by 23 frags
(maks): > &cf00lost&cfff ssg 3 &cf00enemy RL/LG&cfff 
(tom): >&c49etom&cfff &c693g&cfff44/67 &cf31rl&cfff&cf31:26&cfff [mega] 
(tom): >&c49etom&cfff &c693g&cfff44/92 &cf31rl&cfff&cf31:26&cfff [cross] 
(maCLer): > &cf60 mac coming [start.water]&cfff 
(maCLer): > &cf60 mac coming [start.water]&cfff 
(maCLer): > &cf60 mac coming [start.water]&cfff 
(tom): >&c49etom&cfff &c693g&cfff21/45 &cf31rl&cfff&cf31:24&cfff [quad] 
(tom): >&c49etom&cfff &c693g&cfff21/45 &cf31rl&cfff&cf31:24&cfff [quad] 
(carapace): >&c693car:&cfff coming [ssg-spikes] need armor &cf31rox&cfff
(rst): >&c777rst:&cfff &cf00lost&cfff [quad] 1
(rst): >&c777rst:&cfff &cf00lost&cfff [quad] 1
(rst): >&c777rst:&cfff &cf00lost&cfff [quad] 1
(rst): >&c777rst:&cfff &cf00lost&cfff [quad] 1
(bps): >&cc93bps:&cfff &c0b0team&cfff &c05fquad&cfff
(bps): >&cc93bps:&cfff &c0b0team&cfff &c05fquad&cfff
(bps): >&cc93bps:&cfff &cf00lost&cfff [quad] 1
no weapon
(bps): >&cc93bps:&cfff &cf00lost&cfff [gl] 2
(carapace): >&c693car:&cfff &cf00lost&cfff [ya] 1
(carapace): >&c693car:&cfff &cf00lost&cfff [ya] 1
(carapace): >&c693car:&cfff &cf00lost&cfff [ya] 1
(carapace): >&c693car:&cfff &cf00lost&cfff [ya] 1
(maks): &cff0>nl needs help at&cfff &cff0&cfffya&cff0&cfff
(maks): >nl &cff0ya&cfff at ya
(maks): &cff0>nl needs help at&cfff &cff0&cfffya&cff0&cfff
(maks): > &cf00lost&cfff ya 0 &cf00enemy RL/LG&cfff 
(carapace): >&c693car:&cfff 0/50 &cf31rl&cfff&cf31:3&cfff [rl] 
(carapace): >&c693car:&cfff 0/38 &cf31rl&cfff&cf31:3&cfff [rl] 
(rst): >&c777rst:&cfff &cf00lost&cfff [gl-stairs] 1
(rst): >&c777rst:&cfff &cf00lost&cfff [gl-stairs] 1
(rst): >&c777rst:&cfff &cf00lost&cfff [gl-stairs] 1
(bps): >&cc93bps:&cfff 0/48 ssg [start-water] 
no weapon
(rst): >&c777rst:&cfff &cf00enemy&cfff at [quad]
(carapace): >&c693car:&cfff 0/34 &cf31rl&cfff&cf31:3&cfff [start] 
(rst): >&c777rst:&cfff took &cff0ya&cfff [ya]
(rst): >&c777rst:&cfff &c991y&cfff150/97 gl [ya] rox:5 
[2] minutes remaining
Team [-s-] leads by 31 frags
(carapace): >&c693car:&cfff 0/64 &cf31rl&cfff&cf31:3&cfff [ssg] 
(bps): >&cc93bps:&cfff carapace at [bridge]
(carapace): >&c693car:&cfff 0/32 &cf31rl&cfff&cf31:2&cfff [ssg] 
(bps): >&cc93bps:&cfff took &c0b0ga&cfff [ga]
(tom): >&c49etom&cfff &c693g&cfff56/100 &cf31rl&cfff&cf31:5&cfff [cross] 
(tom): >&c49etom&cfff &c693g&cfff56/100 &cf31rl&cfff&cf31:23&cfff [quad] 
(maks): &cff0>nl needs help at&cfff &cff0&cfffquad&cff0&cfff
(tom): >&c49etom&cfff &c0b0team&cfff &c05fquad&cfff
(tom): >&c49etom&cfff &c0b0team&cfff &c05fquad&cfff
(maks): >nl enemy at gl.quad
(tom): >&c49etom&cfff &c693g&cfff42/74 &cf31rl&cfff&cf31:16&cfff [quad] &c05fquad&cfff
(tom): >&c49etom&cfff &c693g&cfff40/172 &cf31rl&cfff&cf31:21&cfff [cross] &c05fquad&cfff
(maks): > &cf00lost&cfff start 1 &cf00enemy RL/LG&cfff 
(maCLer): >&cf00  mac lost [rl] 1
Quad Damage is wearing off
(tom): >&c49etom&cfff &c991y&cfff147/148 &cf31rl&cfff&cf31:15&cfff [water-ga] 
(maks): > &cf00lost&cfff rl 1 &cf00enemy RL/LG&cfff 
[1] minute remaining
Team [-s-] leads by 30 frags
(maks): &c372>nl at&cfff mega.low w/ 0/100 sg
(goniec): >&cf00gon&cfff   &cf00lost&cfff &cf00[&cfffrl&cf00]&cfff 1
(goniec): >&cf00gon&cfff took &cff0ya&cfff [ya.top]
(goniec): >&cf00gon&cfff   &cf00lost&cfff &cf00[&cfffrl&cf00]&cfff 2
(tom): >&c49etom&cfff &c991y&cfff70/100 &cf31rl&cfff&cf31:14&cfff [quad-box] 
(tom): >&c49etom&cfff &c0b0team&cfff &c05fquad&cfff
(tom): >&c49etom&cfff &c0b0team&cfff &c05fquad&cfff
(maks): &c372>nl at&cfff mega w/ 0/200 sng
(tom): >&c49etom&cfff &c991y&cfff33/92 &cf31rl&cfff&cf31:12&cfff [gl] &c05fquad&cfff
[30] seconds
(tom): >&c49etom&cfff &c991y&cfff150/92 &cf31rl&cfff&cf31:12&cfff [water-ga] &c05fquad&cfff
(goniec): >&cf00gon&cfff   ssg at [ssg]
(tom): >&c49etom&cfff &c991y&cfff108/66 &cf31rl&cfff&cf31:16&cfff [start-rl] &c05fquad&cfff
[15] seconds
(maks): &c372>nl at&cfff mega.low w/ 0/50 sng
[10] seconds
Quad Damage is wearing off
[9] seconds
[8] seconds
(maCLer): >&cf00  mac lost [ya.top] 2
(maCLer): >&cf00  mac lost [ya.top] 2
[7] seconds
[6] seconds
[5] seconds
[4] seconds
[3] seconds
[2] seconds
[1] second
The match is over
trigger "onmatchover" has no matching alias

Player statistics:
______________________________________
Frags (rank) friendkills . efficiency
Team [f5]:
__________
_ maCLer:
  49 (-33) 2 37.4%
Wp: rl68.2% gl10.5% sg40.1% ssg34.1%
RL skill: ad:78.5 dh:5
Armr&mhs: ga:8 ya:7 ra:0 mh:1
Powerups: Q:0 P:0 R:0
      RL: Took:5 Killed:6 Dropped:4
      LG: Took:0 Killed:0 Dropped:0
  Damage: Tkn:9897 Gvn:8054 EWep:2198 Tm:270 Self:88 ToDie:120
    Time: Quad:0
 Streaks: Frags:12 QuadRun:0
  SpawnFrags: 1
__________
_ maks:
  58 (-9) 2 46.4%
Wp: rl80.3% gl61.5% sg41.6% ssg34.4%
RL skill: ad:75.2 dh:11
Armr&mhs: ga:10 ya:3 ra:0 mh:11
Powerups: Q:1 P:0 R:0
      RL: Took:8 Killed:5 Dropped:6 Xfer:1
      LG: Took:0 Killed:0 Dropped:0
  Damage: Tkn:9262 Gvn:8423 EWep:2013 Tm:586 Self:326 ToDie:138
    Time: Quad:30
 Streaks: Frags:11 QuadRun:3
  SpawnFrags: 5
__________
_ goniec:
  40 (-27) 3 37.4%
Wp: rl78.2% gl14.3% sg43.1% ssg42.3%
RL skill: ad:79.8 dh:7
Armr&mhs: ga:7 ya:3 ra:0 mh:3
Powerups: Q:1 P:0 R:0
      RL: Took:8 Killed:7 Dropped:5 Xfer:2
      LG: Took:0 Killed:0 Dropped:0
  Damage: Tkn:8275 Gvn:7651 EWep:1553 Tm:430 Self:252 ToDie:123
    Time: Quad:30
 Streaks: Frags:9 QuadRun:1
  SpawnFrags: 0
__________
_ tom:
  75 (21) 3 58.1%
Wp: rl67.0% gl23.1% sg37.0% ssg35.1%
RL skill: ad:118.3 dh:15
Armr&mhs: ga:13 ya:4 ra:0 mh:3
Powerups: Q:8 P:0 R:0
      RL: Took:8 Killed:9 Dropped:4 Xfer:2
      LG: Took:0 Killed:0 Dropped:0
  Damage: Tkn:7459 Gvn:9575 EWep:1872 Tm:489 Self:254 ToDie:138
    Time: Quad:180
 Streaks: Frags:13 QuadRun:7
  SpawnFrags: 10

Team [-s-]:
__________
_ carapace:
  78 (42) 5 68.4%
Wp: rl69.0% gl30.0% sg51.8% ssg41.1%
RL skill: ad:112.7 dh:14
Armr&mhs: ga:2 ya:12 ra:0 mh:7
Powerups: Q:3 P:0 R:0
      RL: Took:10 Killed:6 Dropped:5 Xfer:1
      LG: Took:0 Killed:0 Dropped:0
  Damage: Tkn:6642 Gvn:9431 EWep:1194 Tm:732 Self:542 ToDie:184
    Time: Quad:90
 Streaks: Frags:19 QuadRun:8
  SpawnFrags: 10
__________
_ bps:
  68 (-3) 3 48.9%
Wp: rl83.3% gl34.5% sg36.6% ssg43.5%
RL skill: ad:91.3 dh:11
Armr&mhs: ga:5 ya:11 ra:0 mh:0
Powerups: Q:5 P:0 R:0
      RL: Took:8 Killed:6 Dropped:2
      LG: Took:0 Killed:0 Dropped:0
  Damage: Tkn:9199 Gvn:10120 EWep:1999 Tm:525 Self:626 ToDie:129
    Time: Quad:82
 Streaks: Frags:16 QuadRun:4
  SpawnFrags: 9
__________
_ rst:
  46 (-21) 4 40.7%
Wp: rl73.6% gl15.0% sg43.6% ssg33.5%
RL skill: ad:75.2 dh:11
Armr&mhs: ga:3 ya:7 ra:0 mh:3
Powerups: Q:1 P:0 R:0
      RL: Took:6 Killed:7 Dropped:2 Xfer:2
      LG: Took:0 Killed:0 Dropped:0
  Damage: Tkn:8528 Gvn:7331 EWep:1729 Tm:418 Self:352 ToDie:127
    Time: Quad:15
 Streaks: Frags:20 QuadRun:3
  SpawnFrags: 2
__________
_ ganon:
  51 (-24) 0 40.5%
Wp: rl81.1% gl40.0% sg53.1% ssg50.0%
RL skill: ad:85.1 dh:11
Armr&mhs: ga:2 ya:7 ra:0 mh:0
Powerups: Q:1 P:0 R:0
      RL: Took:7 Killed:9 Dropped:3 Xfer:2
      LG: Took:0 Killed:0 Dropped:0
  Damage: Tkn:9334 Gvn:8011 EWep:1622 Tm:403 Self:230 ToDie:124
    Time: Quad:2
 Streaks: Frags:5 QuadRun:1
  SpawnFrags: 4

______________________________________
[f5] vs [-s-] match statistics:
______________________________________

weapons, powerups, armors&mhs, damage
______________________________________
[f5]: Wp: rl38 gl10 sg41% ssg35%
Powerups: Q:10 P:0 R:0
Armr&mhs: ga:38 ya:17 ra:0 mh:18
      RL: Took:29 Killed:27 Dropped:19 Xfer:5
      LG: Took:0 Killed:0 Dropped:0
  Damage: Tkn:34893 Gvn:33703 EWep:7636 Tm:1775
    Time: Quad:240
[-s-]: Wp: rl47 gl16 sg45% ssg42%
Powerups: Q:10 P:0 R:0
Armr&mhs: ga:12 ya:37 ra:0 mh:10
      RL: Took:31 Killed:28 Dropped:12 Xfer:5
      LG: Took:0 Killed:0 Dropped:0
  Damage: Tkn:33703 Gvn:34893 EWep:6544 Tm:2078
    Time: Quad:189
______________________________________
[e1m2] top scorers:
______________________________________
      Frags: carapace [78]
     Deaths: maCLer [82]
Friendkills: carapace [5]
 Efficiency: carapace [68.4%]
 FragStreak: rst [20]
    QuadRun: carapace [8]
  RL Killer: ganon [9]
             tom [9]
Boomsticker: ganon [53.1%]
   Survivor: carapace [184]
Annihilator: bps [10120]

______________________________________

Team scores: frags . percentage
______________________________________
[f5]: 222 . 47.7%
[-s-]: 243 . 52.3%
______________________________________
carapace: ggs
maks: ggs
tom: ggs
rst: ggs
]log 14
