]playdemo 14
Playing demo from 14.mvd


_____________________________________

_The Abandoned Base
rst is ready [-s-]
All players ready
Timer started
QiZmo: timer lag point disabled
Server starts recording (disk): 4on4_cccp_vs_-s-[dm3]270222-2308.mvd
bps: glhf
matchdate: 2022-02-27 23:09:02 MSK
trigger "onmatchstart" has no matching alias
The match has begun!
(gLAd): > &c00f gld&cfff u take [rl]
(gLAd): > &c00f gld&cfff took &cf60rl&cfff [rl]
(gLAd): > &c00f gld&cfff took &cf60rl&cfff [rl]
(carapace): >&c693car:&cfff 0/64 [ra-low] 
(ganon): >&c479gan:&cfff took &c29flg&cfff [water-lg]
(carapace): >&c693car:&cfff &cf00lost&cfff [ra] 2
(carapace): >&c693car:&cfff 0/100 [sng-tele] 
(bps): >&cc93bps:&cfff 0/200 sng [sng-mega] 
(rst): >&c777rst:&cfff &c991y&cfff132/200 [water] &cf00pent&cfff
(rst): >&c777rst:&cfff &c991y&cfff132/200 [water] &cf00pent&cfff
(rst): >&c777rst:&cfff &c991y&cfff132/199 [water] &cf00pent&cfff
(rst): >&c777rst:&cfff &c991y&cfff132/199 [water-gl] &cf00pent&cfff
(carapace): >&c693car:&cfff &cf00lost&cfff [ya-up] 1
(carapace): >&c693car:&cfff 0/100 [ra-tunnel] 
(bps): >&cc93bps:&cfff 0/123 sng [ra-low] c:12 
(ganon): >&c479gan:&cfff 0/56 &c29flg&cfff&c29f:21&cfff [ra-tunnel] 
(carapace): >&c693car:&cfff &cf00lost&cfff [rl] 2
(bps): >&cc93bps:&cfff 0/31 sng [ra] c:12 
(ganon): >&c479gan:&cfff &cb1akill me&cfff [ra-low] &c29flg&cfff:11
(bps): >&cc93bps:&cfff ganon at [ra-low]
(ganon): >&c479gan:&cfff &cb1akill me&cfff [ra-low] &c29flg&cfff:11
(ganon): >&c479gan:&cfff &cb1akill me&cfff [ra-low] &c29flg&cfff:11
(ganon): >&c479gan:&cfff &cb1akill me&cfff [ra-low] &c29flg&cfff:11
(ganon): >&c479gan:&cfff &cb1akill me&cfff [ra-low] &c29flg&cfff:11
(ganon): >&c479gan:&cfff &cb1akill me&cfff [ra-low] &c29flg&cfff:11
(ganon): >&c479gan:&cfff &cb1akill me&cfff [ra-low] &c29flg&cfff:11
(ganon): >&c479gan:&cfff &cb1akill me&cfff [ra-low] &c29flg&cfff:11
Protection is almost burned out
(bps): >&cc93bps:&cfff 0/15 &c29flg&cfff&c29f:23&cfff [hill] 
(bps): >&cc93bps:&cfff 0/15 &c29flg&cfff&c29f:23&cfff [hill] 
(carapace): >&c693car:&cfff took &c29flg&cfff [water-lg]
(carapace): >&c693car:&cfff 0/4 &c29flg&cfff&c29f:15&cfff [water-lg] 
(rst): >&c777rst:&cfff took &cff0ya&cfff [ya-box]
(carapace): >&c693car:&cfff 0/4 &c29flg&cfff&c29f:15&cfff [water-tunnel] 
(bps): >&cc93bps:&cfff 0/15 &c29flg&cfff&c29f:23&cfff [ra-tunnel] 
(bps): >&cc93bps:&cfff 0/15 &c29flg&cfff&c29f:23&cfff [ra-tunnel] 
(carapace): >&c693car:&cfff 0/4 &c29flg&cfff&c29f:15&cfff [pent] 
(rst): >&c777rst:&cfff &c991y&cfff150/164 &cf31rl&cfff&cf31:12&cfff [ya] 
(rst): >&c777rst:&cfff &c991y&cfff150/164 &cf31rl&cfff&cf31:12&cfff [ya] 
(rst): >&c777rst:&cfff &c991y&cfff150/164 &cf31rl&cfff&cf31:12&cfff [ya] 
(carapace): >&c693car:&cfff 0/4 &c29flg&cfff&c29f:15&cfff [pent] 
(bps): >&cc93bps:&cfff &cf00lost&cfff [hill] 3
(carapace): >&c693car:&cfff &cf00lost&cfff [lifts] 1
(carapace): >&c693car:&cfff 0/100 [sng-tele] 
(bps): >&cc93bps:&cfff 0/100 [bridge-stairs] 
(carapace): >&c693car:&cfff &cf00lost&cfff [window] 1
[19] minutes remaining
Team [cccp] leads by 2 frags
(bps): >&cc93bps:&cfff &cf00lost&cfff [quad] 1
(dot): >&cfd2DOT:&cfff &cf00enemy&cfff &c05fquad&cfff
(dot): >&cfd2DOT:&cfff &cf00enemy&cfff &c05fquad&cfff
(bps): >&cc93bps:&cfff took &cff0ya&cfff [ya-box]
(ganon): >&c479gan:&cfff 0/100 [bridge-high] 
(ganon): >&c479gan:&cfff &c29flg&cfff at [water-lg]
(ganon): >&c479gan:&cfff &c29flg&cfff at [water-lg]
(bps): >&cc93bps:&cfff took &c29flg&cfff [water-lg]
(bps): >&cc93bps:&cfff took &c29flg&cfff [water-lg]
(bps): >&cc93bps:&cfff &c991y&cfff150/100 &c29flg&cfff&c29f:21&cfff [water-gl] 
(carapace): >&c693car:&cfff &cf00lost&cfff [bridge-high] 4
(bps): >&cc93bps:&cfff &c991y&cfff150/100 &c29flg&cfff&c29f:21&cfff [hill] 
(bps): >&cc93bps:&cfff &c991y&cfff150/100 &c29flg&cfff&c29f:21&cfff [hill] 
(rst): >&c777rst:&cfff 0/83 &cf31rl&cfff&cf31:15&cfff [sng-mega] &c05fquad&cfff
(bps): >&cc93bps:&cfff &c991y&cfff150/100 &c29flg&cfff&c29f:21&cfff [ra-tunnel] 
(bps): >&cc93bps:&cfff &c991y&cfff150/100 &c29flg&cfff&c29f:21&cfff [ra-tunnel] 
(rst): >&c777rst:&cfff 0/100 &cf31rl&cfff&cf31:15&cfff [sng-tele] &c05fquad&cfff
(carapace): >&c693car:&cfff &cf00lost&cfff [rl] 1
(bps): >&cc93bps:&cfff &c991y&cfff150/100 &c29flg&cfff&c29f:33&cfff [quad] 
(rst): >&c777rst:&cfff took &cf00ra&cfff [ra]
Quad Damage is wearing off
(carapace): >&c693car:&cfff &cf00lost&cfff [bridge-low] 2
(carapace): >&c693car:&cfff 0/100 [lifts] 
(rst): >&c777rst:&cfff &c0b0safe&cfff [ya]
(rst): >&c777rst:&cfff &c0b0safe&cfff [ya]
(bps): >&cc93bps:&cfff &c991y&cfff64/44 &cf31rl&cfff&cf31:9&cfff &c29flg&cfff&c29f:4&cfff [bridge-high] 
(carapace): >&c693car:&cfff &cf00lost&cfff [ring] 2
(carapace): >&c693car:&cfff 0/100 [ya-box] 
(bps): >&cc93bps:&cfff &c991y&cfff64/69 &cf31rl&cfff&cf31:9&cfff &c29flg&cfff&c29f:4&cfff [ya] 
(bps): >&cc93bps:&cfff &c991y&cfff64/69 &cf31rl&cfff&cf31:9&cfff &c29flg&cfff&c29f:4&cfff [ya] 
(carapace): >&c693car:&cfff took &cff0ya&cfff [ya-box]
(carapace): >&c693car:&cfff &cf2apack&cfff at [ring]
(ganon): >&c479gan:&cfff &cf00lost&cfff [ra-low] 2
(ganon): >&c479gan:&cfff &cf00lost&cfff [ra-low] 2
(bps): >&cc93bps:&cfff &cf31rox&cfff at [ring]
(rst): >&c777rst:&cfff &c0b0safe&cfff [ring]
(rst): >&c777rst:&cfff &c0b0safe&cfff [ring]
(rst): >&c777rst:&cfff &c0b0safe&cfff [ring]
(carapace): >&c693car:&cfff &c991y&cfff150/100 [ya-quad] 
(bps): >&cc93bps:&cfff &c0b0safe&cfff [quad]
(bps): >&cc93bps:&cfff &c0b0safe&cfff [quad]
[18] minutes remaining
Team [cccp] leads by 1 frag
(ganon): >&c479gan:&cfff took &c0ffmega&cfff [pent]
(rst): >&c777rst:&cfff &c931r&cfff71/172 &cf31rl&cfff&cf31:18&cfff [quad] 
(carapace): >&c693car:&cfff &cf00lost&cfff [rl] 1
(carapace): >&c693car:&cfff 0/100 [sng-tele] 
(bps): >&cc93bps:&cfff &c0b0team&cfff &c05fquad&cfff
(bps): >&cc93bps:&cfff &c0b0team&cfff &c05fquad&cfff
(carapace): >&c693car:&cfff 0/76 [ra-low] 
(ganon): >&c479gan:&cfff 0/192 [water-lg] 
(carapace): >&c693car:&cfff &cf00lost&cfff [ra] 1
(rst): >&c777rst:&cfff &cf2apack&cfff at [ra]
(ganon): >&c479gan:&cfff 0/185 [water-lg] 
(bps): >&cc93bps:&cfff &c991y&cfff64/69 &cf31rl&cfff&cf31:4&cfff &c29flg&cfff&c29f:4&cfff [ring] &c05fquad&cfff
(carapace): >&c693car:&cfff 0/44 [rl] 
(bps): >&cc93bps:&cfff &c991y&cfff64/69 &cf31rl&cfff&cf31:4&cfff &c29flg&cfff&c29f:4&cfff [ring] &c05fquad&cfff
(rst): >&c777rst:&cfff took &cf2apack&cfff [ra]
(carapace): >&c693car:&cfff 0/44 [bridge-low] 
(rst): >&c777rst:&cfff &c931r&cfff200/123 &cf31rl&cfff&cf31:13&cfff &c29flg&cfff&c29f:18&cfff [ra] 
(bps): >&cc93bps:&cfff &c991y&cfff2/28 &cf31rl&cfff&cf31:1&cfff &c29flg&cfff&c29f:4&cfff [lifts-below] &c05fquad&cfff
(carapace): >&c693car:&cfff &cf00lost&cfff [rl] 1
(carapace): >&c693car:&cfff 0/100 [lifts] 
(bps): >&cc93bps:&cfff 0/2 &cf31rl&cfff&cf31:0&cfff &c29flg&cfff&c29f:2&cfff [sng-lifts] &c05fquad&cfff
(bps): >&cc93bps:&cfff 0/2 &cf31rl&cfff&cf31:0&cfff &c29flg&cfff&c29f:2&cfff [sng] &c05fquad&cfff
(bps): >&cc93bps:&cfff &cf00lost&cfff [sng-mega] 2
(rst): >&c777rst:&cfff &c0b0safe&cfff [ra-low]
(rst): >&c777rst:&cfff &c0b0safe&cfff [ra-low]
(rst): >&c777rst:&cfff &c0b0safe&cfff [ra-low]
(carapace): >&c693car:&cfff 0/100 [bridge-stairs] 
(bps): >&cc93bps:&cfff 0/100 [ra-tunnel] 
(carapace): >&c693car:&cfff &cf00lost&cfff [ya] 1
(bps): >&cc93bps:&cfff 0/100 ng [ra-low] 
(rst): >&c777rst:&cfff you take [ra]
(rst): >&c777rst:&cfff you take [ra]
(carapace): >&c693car:&cfff 0/100 [ra-tunnel] 
(rst): >&c777rst:&cfff &cf00ra&cfff at [ra]
(bps): >&cc93bps:&cfff 0/100 ng [ra-low] 
(carapace): >&c693car:&cfff coming [hill] need armor rl
(carapace): >&c693car:&cfff &cf00lost&cfff [water-lg] 3
(bps): >&cc93bps:&cfff took &ce00ra&cfff [ra]
(carapace): >&c693car:&cfff 0/100 [lifts] 
(carapace): >&c693car:&cfff 0/100 [ra-low] 
(bps): >&cc93bps:&cfff &c931r&cfff200/100 ng [bridge-low] 
(bps): >&cc93bps:&cfff ganon at [rl]
(carapace): >&c693car:&cfff 0/100 [ra] 
[17] minutes remaining
Team [-s-] leads by 8 frags
(carapace): >&c693car:&cfff get &c05fquad&cfff
(carapace): >&c693car:&cfff 0/100 [ra] 
(rst): >&c777rst:&cfff &c931r&cfff106/90 &cf31rl&cfff&cf31:12&cfff &c29flg&cfff&c29f:4&cfff [window] 
(bps): >&cc93bps:&cfff took &cf31rl&cfff [rl]
(bps): >&cc93bps:&cfff took &cf31rl&cfff [rl]
(gor): >     ____ enemy QUAD ____
(gLAd): > __ &cf00enemy&cfff &c05fquad&cfff
(gor): >     ____ enemy QUAD ____
(carapace): >&c693car:&cfff &c0b0safe&cfff [ra]
(carapace): >&c693car:&cfff &c931r&cfff200/100 [ra] 
(carapace): >&c693car:&cfff took &cf00ra&cfff [ra]
(ganon): >&c479gan:&cfff &c0b0safe&cfff [ya-box]
(ganon): >&c479gan:&cfff &c0b0safe&cfff [ya-box]
(bps): >&cc93bps:&cfff &c931r&cfff114/80 &cf31rl&cfff&cf31:24&cfff [bridge-stairs] 
(rst): >&c777rst:&cfff &c931r&cfff9/71 &cf31rl&cfff&cf31:7&cfff &c29flg&cfff&c29f:0&cfff [ra] &c05fquad&cfff
(bps): >&cc93bps:&cfff &c931r&cfff68/68 &cf31rl&cfff&cf31:21&cfff [bridge-high] 
(rst): >&c777rst:&cfff &c0b0safe&cfff [ra]
(rst): >&c777rst:&cfff &c0b0safe&cfff [ra]
(rst): >&c777rst:&cfff &c0b0safe&cfff [ra]
(rst): >&c777rst:&cfff &c0b0safe&cfff [ra]
(bps): >&cc93bps:&cfff &c931r&cfff68/68 &cf31rl&cfff&cf31:20&cfff [bridge-high] 
(carapace): >&c693car:&cfff &c931r&cfff200/100 sg [sng-mega] rox:5 c:12 
(ganon): >&c479gan:&cfff &c0b0safe&cfff [water-lg]
(carapace): >&c693car:&cfff &cf00lost&cfff [sng-ledge] 1
(carapace): >&c693car:&cfff 0/100 [ra-tunnel] 
(bps): >&cc93bps:&cfff took &cff0ya&cfff [ya-box]
(bps): >&cc93bps:&cfff &c991y&cfff150/84 &cf31rl&cfff&cf31:15&cfff [ya] 
Quad Damage is wearing off
(carapace): >&c693car:&cfff 0/100 [sng-ledge] 
(bps): >&cc93bps:&cfff &c991y&cfff90/48 &cf31rl&cfff&cf31:10&cfff [bridge-high] 
(carapace): >&c693car:&cfff 0/29 [hill] 
(rst): >&c777rst:&cfff &c0b0safe&cfff [ra-low]
(rst): >&c777rst:&cfff &c0b0safe&cfff [ra-low]
(carapace): >&c693car:&cfff &cf00lost&cfff [water] 2
(bps): >&cc93bps:&cfff &c991y&cfff90/48 &cf31rl&cfff&cf31:9&cfff [window] 
(carapace): >&c693car:&cfff 0/100 [lifts] 
(bps): >&cc93bps:&cfff &c991y&cfff90/48 &cf31rl&cfff&cf31:9&cfff [ring] 
(bps): >&cc93bps:&cfff &c991y&cfff90/88 &cf31rl&cfff&cf31:9&cfff [sng-lifts] 
(carapace): >&c693car:&cfff get &c05fquad&cfff
(rst): >&c777rst:&cfff &c0b0safe&cfff [ra-entry]
(rst): >&c777rst:&cfff &c0b0safe&cfff [ra-entry]
(carapace): >&c693car:&cfff 0/100 [sng-tele] 
(rst): >&c777rst:&cfff &c931r&cfff116/79 &cf31rl&cfff&cf31:5&cfff &c29flg&cfff&c29f:0&cfff [quad] 
[16] minutes remaining
Team [-s-] leads by 21 frags
(carapace): >&c693car:&cfff &cf00lost&cfff [ra-low] 2
(bps): >&cc93bps:&cfff rst at [quad]
(carapace): >&c693car:&cfff 0/100 [ra-tunnel] 
(bps): >&cc93bps:&cfff &c991y&cfff75/78 &cf31rl&cfff&cf31:4&cfff [quad] 
(ganon): >&c479gan:&cfff &c0b0safe&cfff [rl]
(ganon): >&c479gan:&cfff &cf00dropped&cfff &cf31rl&cfff [rl] 1
(ganon): >&c479gan:&cfff &cf00dropped&cfff &cf31rl&cfff [rl] 1
(ganon): >&c479gan:&cfff &cf00dropped&cfff &cf31rl&cfff [rl] 1
(ganon): >&c479gan:&cfff &cf00dropped&cfff &cf31rl&cfff [rl] 1
(carapace): >&c693car:&cfff coming [bridge-low] need armor health rl
(bps): >&cc93bps:&cfff &c0b0team&cfff &c05fquad&cfff
(bps): >&cc93bps:&cfff &c0b0team&cfff &c05fquad&cfff
(bps): >&cc93bps:&cfff &c0b0team&cfff &c05fquad&cfff
(bps): >&cc93bps:&cfff &c0b0team&cfff &c05fquad&cfff
(carapace): >&c693car:&cfff &cf00lost&cfff [bridge-low] 1
(bps): >&cc93bps:&cfff &c991y&cfff47/62 &cf31rl&cfff&cf31:0&cfff [ra-low] &c05fquad&cfff
(carapace): >&c693car:&cfff 0/100 [ya-box] 
(rst): >&c777rst:&cfff &c931r&cfff49/91 &cf31rl&cfff&cf31:4&cfff &c29flg&cfff&c29f:0&cfff [ra-entry] 
(bps): >&cc93bps:&cfff &c991y&cfff37/56 &cf31rl&cfff&cf31:4&cfff [quad] &c05fquad&cfff
(bps): >&cc93bps:&cfff &c991y&cfff37/56 &cf31rl&cfff&cf31:4&cfff [quad] &c05fquad&cfff
(carapace): >&c693car:&cfff 0/100 [ya-box] 
(rst): >&c777rst:&cfff &c0b0safe&cfff [ra]
(rst): >&c777rst:&cfff &c0b0safe&cfff [ra]
(rst): >&c777rst:&cfff &c0b0safe&cfff [ra]
(carapace): >&c693car:&cfff &cf31rox&cfff at [ya]
(bps): >&cc93bps:&cfff &c991y&cfff22/47 &cf31rl&cfff&cf31:2&cfff [ra] &c05fquad&cfff
(rst): >&c777rst:&cfff &c931r&cfff23/85 &cf31rl&cfff&cf31:3&cfff &c29flg&cfff&c29f:12&cfff [ra] 
(rst): >&c777rst:&cfff &c931r&cfff23/85 &cf31rl&cfff&cf31:3&cfff &c29flg&cfff&c29f:12&cfff [ra] 
(rst): >&c777rst:&cfff you take [ra]
(bps): >&cc93bps:&cfff took &ce00ra&cfff [ra]
(carapace): >&c693car:&cfff &cf00lost&cfff [water-lg] 1
(carapace): >&c693car:&cfff 0/100 [sng-tele] 
Quad Damage is wearing off
(bps): >&cc93bps:&cfff &c931r&cfff196/46 &cf31rl&cfff&cf31:2&cfff [lifts-below] &c05fquad&cfff
(ganon): >&c479gan:&cfff &c991y&cfff96/48 &cf31rl&cfff&cf31:2&cfff [ya] 
(carapace): >&c693car:&cfff &cf00lost&cfff [ya] 2
(carapace): >&c693car:&cfff 0/100 [lifts] 
(carapace): >&c693car:&cfff 0/100 [ring] 
(carapace): >&c693car:&cfff &c0ffmega&cfff at [hill]
(rst): >&c777rst:&cfff &c0b0safe&cfff [ra]
(rst): >&c777rst:&cfff &c0b0safe&cfff [ra]
(bps): >&cc93bps:&cfff &c0b0safe&cfff [sng-lifts]
(bps): >&cc93bps:&cfff &c0b0safe&cfff [sng-lifts]
(rst): >&c777rst:&cfff took &cf00ra&cfff [ra]
(carapace): >&c693car:&cfff 0/53 sg [hill] rox:5 
(rst): >&c777rst:&cfff &c931r&cfff200/79 &cf31rl&cfff&cf31:2&cfff &c29flg&cfff&c29f:17&cfff [quad] 
(ganon): >&c479gan:&cfff &c0b0safe&cfff [ya]
(ganon): >&c479gan:&cfff &c0b0safe&cfff [ya]
(carapace): >&c693car:&cfff &cf00lost&cfff [water] 1
(carapace): >&c693car:&cfff 0/100 [sng-tele] 
[15] minutes remaining
Team [-s-] leads by 36 frags
(carapace): >&c693car:&cfff took &c29flg&cfff [water-lg]
(bps): >&cc93bps:&cfff &c0b0team&cfff &cf00pent&cfff
(bps): >&cc93bps:&cfff &c0b0team&cfff &cf00pent&cfff
(bps): >&cc93bps:&cfff &c0b0team&cfff &cf00pent&cfff
(bps): >&cc93bps:&cfff &c0b0team&cfff &cf00pent&cfff
(carapace): >&c693car:&cfff &cf00lost&cfff [hill] 2
(carapace): >&c693car:&cfff 0/100 [lifts] 
(bps): >&cc93bps:&cfff 0/67 &cf31rl&cfff&cf31:13&cfff [window] &cf00pent&cfff
(rst): >&c777rst:&cfff coming [pent] need &cf31rox&cfff
(rst): >&c777rst:&cfff coming [lifts] need &cf31rox&cfff
(rst): >&c777rst:&cfff coming [lifts] need &cf31rox&cfff
(rst): >&c777rst:&cfff coming [lifts] need &cf31rox&cfff
(rst): >&c777rst:&cfff &c931r&cfff145/66 &cf31rl&cfff&cf31:2&cfff &c29flg&cfff&c29f:4&cfff [lifts] 
(bps): >&cc93bps:&cfff 0/67 &cf31rl&cfff&cf31:6&cfff [bridge-high] &cf00pent&cfff
(bps): >&cc93bps:&cfff 0/67 &cf31rl&cfff&cf31:5&cfff [water-lg] &cf00pent&cfff
(bps): >&cc93bps:&cfff 0/67 &cf31rl&cfff&cf31:5&cfff [water] &cf00pent&cfff
(bps): >&cc93bps:&cfff 0/67 &cf31rl&cfff&cf31:5&cfff [water] &cf00pent&cfff
(carapace): >&c693car:&cfff &cf00lost&cfff [sng-tele] 1
(carapace): >&c693car:&cfff 0/100 [sng-tele] 
Protection is almost burned out
(rst): >&c777rst:&cfff coming [sng-tele] need nothing
(rst): >&c777rst:&cfff coming [sng-tele] need nothing
(rst): >&c777rst:&cfff coming [sng-tele] need nothing
(rst): >&c777rst:&cfff coming [sng-tele] need nothing
(bps): >&cc93bps:&cfff 0/67 &cf31rl&cfff&cf31:3&cfff [ra-low] &cf00pent&cfff
(bps): >&cc93bps:&cfff 0/67 &cf31rl&cfff&cf31:3&cfff [ra] &cf00pent&cfff
(bps): >&cc93bps:&cfff 0/67 &cf31rl&cfff&cf31:3&cfff [ra] &cf00pent&cfff
(rst): >&c777rst:&cfff &c931r&cfff145/163 &cf31rl&cfff&cf31:27&cfff &c29flg&cfff&c29f:28&cfff [ra-low] 
(carapace): >&c693car:&cfff &cf00lost&cfff [rl] 1
(bps): >&cc93bps:&cfff &c0b0safe&cfff [ra]
(bps): >&cc93bps:&cfff took &ce00ra&cfff [ra]
(bps): >&cc93bps:&cfff took &ce00ra&cfff [ra]
(carapace): >&c693car:&cfff &cf00lost&cfff [water] 2
(ganon): >&c479gan:&cfff &c991y&cfff23/27 &cf31rl&cfff&cf31:7&cfff [ya] 
(ganon): >&c479gan:&cfff took &cff0ya&cfff [ya-box]
(ganon): >&c479gan:&cfff &c0b0safe&cfff [ya]
(ganon): >&c479gan:&cfff &c0b0safe&cfff [ya]
(carapace): >&c693car:&cfff &cf00lost&cfff [bridge-high] 3
(carapace): >&c693car:&cfff 0/100 [sng-tele] 
(ganon): >&c479gan:&cfff &c0b0safe&cfff [ya]
(ganon): >&c479gan:&cfff &c0b0safe&cfff [ya]
(ganon): >&c479gan:&cfff &c0b0safe&cfff [ya]
(bps): >&cc93bps:&cfff &c931r&cfff161/183 &cf31rl&cfff&cf31:12&cfff [ring] 
[14] minutes remaining
Team [-s-] leads by 44 frags
(carapace): >&c693car:&cfff 0/100 [ya-entry] 
(rst): >&c777rst:&cfff &c0b0safe&cfff [quad]
(ganon): >&c479gan:&cfff &c991y&cfff120/49 &cf31rl&cfff&cf31:8&cfff [ya] 
(bps): >&cc93bps:&cfff rst at [quad]
(rst): >&c777rst:&cfff &c0b0team&cfff &c05fquad&cfff
(rst): >&c777rst:&cfff &c0b0team&cfff &c05fquad&cfff
(carapace): >&c693car:&cfff &cf00lost&cfff [water] 1
(ganon): >&c479gan:&cfff took &cff0ya&cfff [ya-box]
(carapace): >&c693car:&cfff &cf00lost&cfff [sng-tele] 2
(bps): >&cc93bps:&cfff &c0b0safe&cfff [ra-entry]
(ganon): >&c479gan:&cfff &c0b0safe&cfff [ya]
(ganon): >&c479gan:&cfff &c0b0safe&cfff [ya]
(carapace): >&c693car:&cfff 0/-56 sg [bridge-high] rox:3 
(carapace): >&c693car:&cfff 0/-56 sg [water] rox:3 
(rst): >&c777rst:&cfff coming [lifts] need nothing
(rst): >&c777rst:&cfff coming [lifts] need nothing
(rst): >&c777rst:&cfff coming [lifts] need nothing
(carapace): >&c693car:&cfff &cf00lost&cfff [water-lg] 1
(ganon): >&c479gan:&cfff &c991y&cfff32/4 &cf31rl&cfff&cf31:1&cfff [pent] 
(carapace): >&c693car:&cfff 0/100 [ya-box] 
(bps): >&cc93bps:&cfff &c931r&cfff161/150 &cf31rl&cfff&cf31:9&cfff [ra-low] 
(rst): >&c777rst:&cfff coming [ra-tunnel] need armor
(rst): >&c777rst:&cfff coming [ra-tunnel] need armor
(ganon): >&c479gan:&cfff &c991y&cfff32/4 &cf31rl&cfff&cf31:1&cfff [pent] 
(rst): >&c777rst:&cfff coming [ra-tunnel] need armor
Quad Damage is wearing off
(ganon): >&c479gan:&cfff &c991y&cfff32/4 &cf31rl&cfff&cf31:1&cfff [lifts] 
(bps): >&cc93bps:&cfff sng at [sng]
(carapace): >&c693car:&cfff &cf00lost&cfff [bridge-high] 3
(carapace): >&c693car:&cfff 0/100 [lifts] 
(bps): >&cc93bps:&cfff &c931r&cfff161/135 &cf31rl&cfff&cf31:24&cfff [sng-low] 
(carapace): >&c693car:&cfff 0/100 [ra-low] 
(ganon): >&c479gan:&cfff &c991y&cfff32/100 &cf31rl&cfff&cf31:11&cfff [ra-entry] 
(carapace): >&c693car:&cfff 0/100 [ra] 
(ganon): >&c479gan:&cfff &c991y&cfff32/100 &cf31rl&cfff&cf31:11&cfff [ra] 
[13] minutes remaining
Team [-s-] leads by 52 frags
(rst): >&c777rst:&cfff &c0b0safe&cfff [quad]
(rst): >&c777rst:&cfff &c0b0safe&cfff [quad]
(bps): >&cc93bps:&cfff &c931r&cfff161/123 &cf31rl&cfff&cf31:23&cfff [ya-up] 
(ganon): >&c479gan:&cfff &c0b0safe&cfff [ra]
(ganon): >&c479gan:&cfff &c0b0safe&cfff [ra]
(ganon): >&c479gan:&cfff &c0b0safe&cfff [ra]
(ganon): >&c479gan:&cfff took &cf00ra&cfff [ra]
(bps): >&cc93bps:&cfff &cf00dropped&cfff &cf2apack&cfff [ya] 1
(bps): >&cc93bps:&cfff &cf00dropped&cfff &cf2apack&cfff [ya] 1
(bps): >&cc93bps:&cfff &cf00dropped&cfff &cf2apack&cfff [ya] 1
(gor): > gor __ lost [rl] 2
(dot): >&cfd2DOT:&cfff &c991y&cfff82/44 &c29flg&cfff&c29f:0&cfff [quad] &c05fquad&cfff
(dot): >&cfd2DOT:&cfff &c05fquad&cfff [quad] need health &cf31rl&cfff &c29fcells&cfff 
(dot): >&cfd2DOT:&cfff coming [quad] need health &cf31rl&cfff &c29fcells&cfff
(gLAd): > &c00f gld&cfff [bridge-high] 0/72 sg 
(dot): >&cfd2DOT:&cfff &c991y&cfff82/44 &c29flg&cfff&c29f:0&cfff [window] &c05fquad&cfff
(gLAd): > &c00f gld&cfff [ya] &cf660&cfff/76 &cf60rl&cfff 
(dot): >&cfd2DOT:&cfff &c991y&cfff82/44 &c29flg&cfff&c29f:0&cfff [window] &c05fquad&cfff
(dot): >&cfd2DOT:&cfff &c991y&cfff64/32 &c29flg&cfff&c29f:0&cfff [lifts-below] &c05fquad&cfff
(dot): >&cfd2DOT:&cfff &c991y&cfff64/32 &c29flg&cfff&c29f:0&cfff [sng-lifts] &c05fquad&cfff
(max.power): > &c3cc max&cfff [pent] &cf660&cfff/87 &cf60rl&cfff 
(max.power): > &c3cc max&cfff [pent] &cf660&cfff/87 &cf60rl&cfff 
Quad Damage is wearing off
(gor): > gor    70{&cff0y&cfff}/48 &cf13rl&cfff:3 [lifts-below]
(dot): >&cfd2DOT:&cfff &c991y&cfff64/172 &c29flg&cfff&c29f:0&cfff [sng-mega] 
(dot): >&cfd2DOT:&cfff &c991y&cfff64/172 &c29flg&cfff&c29f:0&cfff [sng] 
(dot): >&cfd2DOT:&cfff gor at [sng-lifts]
(dot): >&cfd2DOT:&cfff 0/54 &c29flg&cfff&c29f:0&cfff [sng-mega] 
(gLAd): >&cf00  gld lost [bridge-low] 1
[12] minutes remaining
Team [-s-] leads by 48 frags
(dot): >&cfd2DOT:&cfff 0/76 ssg [bridge-high] rox:6 
no weapon
(dot): >&cfd2DOT:&cfff 0/5 ssg [hill] rox:6 
(carapace): >&c693car:&cfff 0/27 gl [ra-low] rox:10 c:52 
(rst): >&c777rst:&cfff &c0b0safe&cfff [rl]
(carapace): >&c693car:&cfff &cb1akill me&cfff [ra] r:10 c:52
(bps): >&cc93bps:&cfff 0/193 sg [water-lg] c:6 
(ganon): >&c479gan:&cfff 0/20 &cf31rl&cfff&cf31:4&cfff [ra] 
(carapace): >&c693car:&cfff &cb1akill me&cfff [ra] r:10 c:52
(carapace): >&c693car:&cfff 0/100 [sng-tele] 
(ganon): >&c479gan:&cfff 0/20 &cf31rl&cfff&cf31:14&cfff [ra] 
(rst): >&c777rst:&cfff &cf00lost&cfff [rl] 1
(rst): >&c777rst:&cfff &cf00lost&cfff [rl] 1
(rst): >&c777rst:&cfff &cf00lost&cfff [rl] 1
(rst): >&c777rst:&cfff &cf00lost&cfff [rl] 1
(rst): >&c777rst:&cfff &cf00lost&cfff [rl] 1
(rst): >&c777rst:&cfff &cf00lost&cfff [rl] 1
(rst): >&c777rst:&cfff 0/100 [ra-entry] 
(bps): >&cc93bps:&cfff took &c29flg&cfff [water-lg]
(bps): >&cc93bps:&cfff took &c29flg&cfff [water-lg]
(carapace): >&c693car:&cfff &cf00lost&cfff [ya] 1
(carapace): >&c693car:&cfff 0/100 [lifts] 
(bps): >&cc93bps:&cfff 0/129 &c29flg&cfff&c29f:21&cfff [hill] 
(ganon): >&c479gan:&cfff &cf00lost&cfff [ra] 1
(ganon): >&c479gan:&cfff &cf00lost&cfff [ra] 1
(ganon): >&c479gan:&cfff &cf00lost&cfff [ra] 1
(dot): >&cfd2DOT:&cfff 0/8 sg [bridge-low] rox:5 
(gLAd): >&cf00  gld lost [ra] 3
(gLAd): >&cf00  gld lost [ra] 3
(gor): > gor    0/7 &cf13rl&cfff:6 [ring]
(dot): >&cfd2DOT:&cfff 0/23 ssg [ya-box] rox:5 
(dot): >&cfd2DOT:&cfff 0/23 ssg [ya-box] rox:5 
(dot): >&cfd2DOT:&cfff 0/23 ssg [ya-box] rox:5 
(dot): >&cfd2DOT:&cfff 0/23 ssg [ya-box] rox:5 
(gor): > gor __ lost [sng-lifts] 1
(carapace): >&c693car:&cfff &c931r&cfff200/72 [ra-rox] 
(bps): >&cc93bps:&cfff 0/52 &c29flg&cfff&c29f:29&cfff [ra-low] 
(rst): >&c777rst:&cfff &cf00lost&cfff [sng-tele] 3
(rst): >&c777rst:&cfff &cf00lost&cfff [sng-tele] 3
(rst): >&c777rst:&cfff &cf00lost&cfff [sng-tele] 3
(rst): >&c777rst:&cfff &cf00lost&cfff [sng-tele] 3
(bps): >&cc93bps:&cfff 0/52 &c29flg&cfff&c29f:29&cfff [ra] 
(bps): >&cc93bps:&cfff 0/52 &c29flg&cfff&c29f:29&cfff [ra] 
(rst): >&c777rst:&cfff &cf00lost&cfff [sng-tele] 1
(rst): >&c777rst:&cfff &cf00lost&cfff [sng-tele] 1
(rst): >&c777rst:&cfff &cf00lost&cfff [sng-tele] 1
(rst): >&c777rst:&cfff &cf00lost&cfff [sng-tele] 1
(rst): >&c777rst:&cfff &cf00lost&cfff [sng-tele] 1
(carapace): >&c693car:&cfff &c931r&cfff147/61 sg [sng-tele] rox:18 
(rst): >&c777rst:&cfff &cf2apack&cfff at [ra-low]
(carapace): >&c693car:&cfff &c931r&cfff147/61 sg [window] rox:18 
(bps): >&cc93bps:&cfff 0/52 &c29flg&cfff&c29f:29&cfff [ra] 
(bps): >&cc93bps:&cfff ganon at [ra]
[11] minutes remaining
Team [-s-] leads by 46 frags
(bps): >&cc93bps:&cfff took &ce00ra&cfff [ra]
(rst): >&c777rst:&cfff you take [rl]
(carapace): >&c693car:&cfff you take [rl]
(ganon): >&c479gan:&cfff &c0b0safe&cfff [window]
(ganon): >&c479gan:&cfff &c0b0safe&cfff [window]
(bps): >&cc93bps:&cfff &c931r&cfff200/152 &c29flg&cfff&c29f:29&cfff [ra-tunnel] 
(gLAd): > &cf60 gld coming [window]&cfff 
(gLAd): > &cf60 gld coming [window]&cfff 
(dot): >&cfd2DOT:&cfff &c991y&cfff147/62 &cf31rl&cfff&cf31:18&cfff [quad] 
(dot): >&cfd2DOT:&cfff &c0b0team&cfff &c05fquad&cfff
(dot): >&cfd2DOT:&cfff &c0b0team&cfff &c05fquad&cfff
(dot): >&cfd2DOT:&cfff gLAd at [quad]
(gor): > gor    coming [ra-tunnel]
(dot): >&cfd2DOT:&cfff &cf00lost&cfff [ya-quad] 2
no weapon
(bps): >&cc93bps:&cfff &c931r&cfff177/138 &c29flg&cfff&c29f:83&cfff [quad] 
(rst): >&c777rst:&cfff took &cf31rl&cfff [rl]
(carapace): >&c693car:&cfff &c931r&cfff23/37 sg [rl] rox:18 
(ganon): >&c479gan:&cfff &c0b0safe&cfff [ya]
(ganon): >&c479gan:&cfff &c0b0safe&cfff [ya]
(carapace): >&c693car:&cfff awaits [water-lg]
(carapace): >&c693car:&cfff took &c29flg&cfff [water-lg]
(rst): >&c777rst:&cfff coming [bridge-high] need armor/&cf31rox&cfff
(bps): >&cc93bps:&cfff &cf00lost&cfff [ra-low] 3
(bps): >&cc93bps:&cfff &cf00lost&cfff [ra-low] 3
(bps): >&cc93bps:&cfff &cf00lost&cfff [ra-low] 3
(carapace): >&c693car:&cfff &c931r&cfff23/37 &c29flg&cfff&c29f:21&cfff [water] 
(ganon): >&c479gan:&cfff &cff0ya&cfff at [ya-box]
(carapace): >&c693car:&cfff &c931r&cfff23/37 &c29flg&cfff&c29f:21&cfff [water-tunnel] 
(rst): >&c777rst:&cfff took &cff0ya&cfff [ya-box]
(carapace): >&c693car:&cfff &c931r&cfff23/37 &c29flg&cfff&c29f:21&cfff [water-tunnel] 
(carapace): >&c693car:&cfff &c931r&cfff23/135 &c29flg&cfff&c29f:21&cfff [lifts] 
(bps): >&cc93bps:&cfff &cf00lost&cfff [rl] 2
(carapace): >&c693car:&cfff &c931r&cfff23/129 &c29flg&cfff&c29f:17&cfff [lifts-below] 
(rst): >&c777rst:&cfff took &cff0ya&cfff [ya-box]
(carapace): >&c693car:&cfff 0/96 &c29flg&cfff&c29f:11&cfff [window] 
(carapace): >&c693car:&cfff &c0b0safe&cfff [pent]
(carapace): >&c693car:&cfff 0/91 &c29flg&cfff&c29f:11&cfff [pent] 
(ganon): >&c479gan:&cfff &c0b0safe&cfff [water]
[10] minutes remaining
Team [-s-] leads by 50 frags
(carapace): >&c693car:&cfff 0/91 &c29flg&cfff&c29f:4&cfff [pent] &cf00pent&cfff
(bps): >&cc93bps:&cfff &cf00enemy&cfff at [water-tunnel]
(rst): >&c777rst:&cfff &c0b0safe&cfff [quad]
(rst): >&c777rst:&cfff &c0b0safe&cfff [quad]
(carapace): >&c693car:&cfff 0/91 &c29flg&cfff&c29f:0&cfff [pent] &cf00pent&cfff
(bps): >&cc93bps:&cfff &cf00rl nmy&cfff [ya-box]
(carapace): >&c693car:&cfff 0/91 &c29flg&cfff&c29f:0&cfff [water-tunnel] &cf00pent&cfff
(bps): >&cc93bps:&cfff &cf00rl nmy&cfff [ya-box]
(ganon): >&c479gan:&cfff &c05fquad&cfff at [quad]
(rst): >&c777rst:&cfff &cf00enemy&cfff &cff0eyes&cfff at [quad]
(rst): >&c777rst:&cfff &c0b0team&cfff &c05fquad&cfff
(rst): >&c777rst:&cfff &c0b0team&cfff &c05fquad&cfff
(ganon): >&c479gan:&cfff &cf00lost&cfff [window-quad] 1
(ganon): >&c479gan:&cfff &cf00lost&cfff [window-quad] 1
(ganon): >&c479gan:&cfff &cf00lost&cfff [window-quad] 1
(bps): >&cc93bps:&cfff &c0ffmega&cfff at [hill]
(bps): >&cc93bps:&cfff &c0ffmega&cfff at [hill]
(carapace): >&c693car:&cfff 0/91 &c29flg&cfff&c29f:0&cfff [bridge-low] &cf00pent&cfff
(carapace): >&c693car:&cfff took &cf31rl&cfff [rl]
(bps): >&cc93bps:&cfff &cf00pented&cfff carapace at [rl]
(carapace): >&c693car:&cfff 0/91 &cf31rl&cfff&cf31:28&cfff &c29flg&cfff&c29f:0&cfff [rl] &cf00pent&cfff
(rst): >&c777rst:&cfff &c991y&cfff73/139 &cf31rl&cfff&cf31:8&cfff [ra-tunnel] &c05fquad&cfff
(rst): >&c777rst:&cfff &c991y&cfff73/138 &cf31rl&cfff&cf31:8&cfff [ra-tunnel] &c05fquad&cfff
(rst): >&c777rst:&cfff &c991y&cfff73/138 &cf31rl&cfff&cf31:8&cfff [ra-tunnel] &c05fquad&cfff
(rst): >&c777rst:&cfff &c991y&cfff73/138 &cf31rl&cfff&cf31:8&cfff [ra-tunnel] &c05fquad&cfff
(bps): >&cc93bps:&cfff 0/100 sg [water-lg] c:12 
Protection is almost burned out
(carapace): >&c693car:&cfff &c0b0safe&cfff [ra]
(carapace): >&c693car:&cfff took &cf00ra&cfff [ra]
(bps): >&cc93bps:&cfff took &c29flg&cfff [water-lg]
(bps): >&cc93bps:&cfff took &c29flg&cfff [water-lg]
(carapace): >&c693car:&cfff &c931r&cfff200/91 &cf31rl&cfff&cf31:23&cfff &c29flg&cfff&c29f:0&cfff [ra] 
(carapace): >&c693car:&cfff &cf2apack&cfff at [window]
(carapace): >&c693car:&cfff &cf2apack&cfff at [window]
(rst): >&c777rst:&cfff &c0b0safe&cfff [ra]
(rst): >&c777rst:&cfff &c0b0safe&cfff [ra]
(rst): >&c777rst:&cfff &cf00lost&cfff [ra] 3
(rst): >&c777rst:&cfff &cf00lost&cfff [ra] 3
(rst): >&c777rst:&cfff &cf00lost&cfff [ra] 3
(rst): >&c777rst:&cfff &cf00lost&cfff [ra] 3
(rst): >&c777rst:&cfff &cf00lost&cfff [ra] 3
(rst): >&c777rst:&cfff &cf00lost&cfff [ra] 3
(rst): >&c777rst:&cfff &cf00lost&cfff [ra] 3
(bps): >&cc93bps:&cfff took &cff0ya&cfff [ya-box]
(rst): >&c777rst:&cfff 0/100 [ra-tunnel] 
(bps): >&cc93bps:&cfff &c991y&cfff150/52 &c29flg&cfff&c29f:3&cfff [bridge-low] 
(carapace): >&c693car:&cfff &cf00lost&cfff [ra-rox] 2
(ganon): >&c479gan:&cfff &cf00lost&cfff [sng-lifts] 1
(ganon): >&c479gan:&cfff &cf00lost&cfff [sng-lifts] 1
(carapace): >&c693car:&cfff 0/100 [sng-tele] 
(rst): >&c777rst:&cfff &cf00lost&cfff [ra-low] 3
(rst): >&c777rst:&cfff &cf00lost&cfff [ra-low] 3
(rst): >&c777rst:&cfff &cf00lost&cfff [ra-low] 3
(rst): >&c777rst:&cfff &cf00lost&cfff [ra-low] 3
(rst): >&c777rst:&cfff &cf00lost&cfff [ra-low] 3
(rst): >&c777rst:&cfff &cf00lost&cfff [ra-low] 3
(rst): >&c777rst:&cfff &cf00lost&cfff [ra-low] 3
(bps): >&cc93bps:&cfff took &cf31rl&cfff [rl]
[9] minutes remaining
Team [-s-] leads by 50 frags
(bps): >&cc93bps:&cfff took &cf31rl&cfff [rl]
(ganon): >&c479gan:&cfff 0/100 sg [water-lg] c:6 
(carapace): >&c693car:&cfff &cf00lost&cfff [ra-low] 2
(ganon): >&c479gan:&cfff took &c29flg&cfff [water-lg]
(bps): >&cc93bps:&cfff &c991y&cfff150/52 &cf31rl&cfff&cf31:10&cfff &c29flg&cfff&c29f:3&cfff [ya] 
(carapace): >&c693car:&cfff 0/100 [ya-box] 
(bps): >&cc93bps:&cfff &c991y&cfff150/52 &cf31rl&cfff&cf31:10&cfff &c29flg&cfff&c29f:3&cfff [ya-up] 
(bps): >&cc93bps:&cfff &c991y&cfff150/52 &cf31rl&cfff&cf31:10&cfff &c29flg&cfff&c29f:3&cfff [ya-up] 
(gor): > gor __ lost [quad] 2
(dot): >&cfd2DOT:&cfff 0/56 &cf31rl&cfff&cf31:4&cfff [ya-quad] &c05fquad&cfff
(dot): >&cfd2DOT:&cfff 0/71 &cf31rl&cfff&cf31:4&cfff [ya-box] &c05fquad&cfff
(dot): >&cfd2DOT:&cfff coming [window] need armor &cf31rox&cfff
(gor): > gor __ lost [rl] 2
(dot): >&cfd2DOT:&cfff 0/71 &cf31rl&cfff&cf31:4&cfff [ring] &c05fquad&cfff
(dot): >&cfd2DOT:&cfff &cf00lost&cfff [ra-entry] 2
no weapon
(bps): >&cc93bps:&cfff 0/100 [water-lg] 
(carapace): >&c693car:&cfff &c0b0safe&cfff [ya-box]
(bps): >&cc93bps:&cfff took &c29flg&cfff [water-lg]
(bps): >&cc93bps:&cfff took &c29flg&cfff [water-lg]
(carapace): >&c693car:&cfff took &cff0ya&cfff [ya-box]
(carapace): >&c693car:&cfff &c991y&cfff150/97 &cf31rl&cfff&cf31:5&cfff [ya-box] 
(rst): >&c777rst:&cfff &cf00lost&cfff [ra-low] 2
(rst): >&c777rst:&cfff &cf00lost&cfff [ra-low] 2
(rst): >&c777rst:&cfff &cf00lost&cfff [ra-low] 2
(rst): >&c777rst:&cfff &cf00lost&cfff [ra-low] 2
(rst): >&c777rst:&cfff &cf00lost&cfff [ra-low] 2
(bps): >&cc93bps:&cfff 0/100 &c29flg&cfff&c29f:27&cfff [water] 
(ganon): >&c479gan:&cfff &cf00lost&cfff [sng-tele] 2
(ganon): >&c479gan:&cfff &cf00lost&cfff [sng-tele] 2
(ganon): >&c479gan:&cfff &cf00lost&cfff [sng-tele] 2
(bps): >&cc93bps:&cfff 0/96 &c29flg&cfff&c29f:27&cfff [ra-tunnel] 
(ganon): >&c479gan:&cfff took &c0ffmega&cfff [pent]
(bps): >&cc93bps:&cfff 0/18 &c29flg&cfff&c29f:60&cfff [ra-tunnel] 
(bps): >&cc93bps:&cfff 0/18 &c29flg&cfff&c29f:60&cfff [ra-tunnel] 
(ganon): >&c479gan:&cfff took gl [water-gl]
(carapace): >&c693car:&cfff took &cff0ya&cfff [ya-box]
(carapace): >&c693car:&cfff &c991y&cfff150/94 &cf31rl&cfff&cf31:28&cfff [window] 
(rst): >&c777rst:&cfff &cf00lost&cfff [rl] 3
(rst): >&c777rst:&cfff &cf00lost&cfff [rl] 3
(rst): >&c777rst:&cfff &cf00lost&cfff [rl] 3
(rst): >&c777rst:&cfff &cf00lost&cfff [rl] 3
(rst): >&c777rst:&cfff &cf00lost&cfff [rl] 3
[8] minutes remaining
Team [-s-] leads by 51 frags
(bps): >&cc93bps:&cfff 0/18 &c29flg&cfff&c29f:53&cfff [hill] 
(bps): >&cc93bps:&cfff 0/18 &c29flg&cfff&c29f:53&cfff [hill] 
(bps): >&cc93bps:&cfff &cf00dropped&cfff &c29flg&cfff [ra-tunnel] 1
(bps): >&cc93bps:&cfff &cf00dropped&cfff &c29flg&cfff [ra-tunnel] 1
(bps): >&cc93bps:&cfff &cf00dropped&cfff &c29flg&cfff [ra-tunnel] 1
(rst): >&c777rst:&cfff &cf2apack&cfff at [bridge-stairs]
(carapace): >&c693car:&cfff &c991y&cfff119/77 &cf31rl&cfff&cf31:19&cfff [window] 
(rst): >&c777rst:&cfff took &c29flg&cfff [water-lg]
(rst): >&c777rst:&cfff coming [water] need armor/&cf31rl&cfff
(carapace): >&c693car:&cfff &c991y&cfff28/24 &cf31rl&cfff&cf31:15&cfff [quad] &c05fquad&cfff
(ganon): >&c479gan:&cfff took &cff0ya&cfff [ya-box]
(carapace): >&c693car:&cfff &c991y&cfff28/24 &cf31rl&cfff&cf31:15&cfff [window] &c05fquad&cfff
(ganon): >&c479gan:&cfff &c0b0safe&cfff [ya-box]
(ganon): >&c479gan:&cfff &c0b0safe&cfff [ya-box]
(ganon): >&c479gan:&cfff &c0b0safe&cfff [ya-box]
(ganon): >&c479gan:&cfff &c0b0safe&cfff [ya-box]
(bps): >&cc93bps:&cfff &cf00lost&cfff [ra-low] 3
(ganon): >&c479gan:&cfff &c0b0safe&cfff [ya]
(ganon): >&c479gan:&cfff &c0b0safe&cfff [ya]
(carapace): >&c693car:&cfff &c991y&cfff28/49 &cf31rl&cfff&cf31:14&cfff [sng-lifts] &c05fquad&cfff
(bps): >&cc93bps:&cfff 0/96 [sng] 
(bps): >&cc93bps:&cfff &c0ffmega&cfff at [sng-mega]
(bps): >&cc93bps:&cfff &c0ffmega&cfff at [sng-mega]
(rst): >&c777rst:&cfff coming [lifts] need armor/&cf31rl&cfff
(rst): >&c777rst:&cfff coming [lifts] need armor/&cf31rl&cfff
(bps): >&cc93bps:&cfff &cf2apack&cfff at [sng-tele]
(carapace): >&c693car:&cfff &c991y&cfff10/90 &cf31rl&cfff&cf31:9&cfff [sng-ledge] &c05fquad&cfff
(ganon): >&c479gan:&cfff &c0b0safe&cfff [ya]
(ganon): >&c479gan:&cfff &c0b0safe&cfff [ya]
(bps): >&cc93bps:&cfff 0/24 sng [sng-low] 
(carapace): >&c693car:&cfff &c991y&cfff10/190 &cf31rl&cfff&cf31:9&cfff [sng-mega] &c05fquad&cfff
(ganon): >&c479gan:&cfff took &cff0ya&cfff [ya-box]
Quad Damage is wearing off
(rst): >&c777rst:&cfff &cf00dropped&cfff &c29flg&cfff [lifts-below] 1
(rst): >&c777rst:&cfff &cf00dropped&cfff &c29flg&cfff [lifts-below] 1
(rst): >&c777rst:&cfff &cf00dropped&cfff &c29flg&cfff [lifts-below] 1
(rst): >&c777rst:&cfff &cf00dropped&cfff &c29flg&cfff [lifts-below] 1
(rst): >&c777rst:&cfff &cf00dropped&cfff &c29flg&cfff [lifts-below] 1
(carapace): >&c693car:&cfff &c991y&cfff10/185 &cf31rl&cfff&cf31:5&cfff [sng-tele] 
(bps): >&cc93bps:&cfff 0/24 sng [ra] 
(carapace): >&c693car:&cfff &c991y&cfff10/180 &cf31rl&cfff&cf31:5&cfff [sng-ledge] 
(carapace): >&c693car:&cfff 0/167 &cf31rl&cfff&cf31:3&cfff [ra] 
(ganon): >&c479gan:&cfff &c0b0safe&cfff [ya-box]
[7] minutes remaining
Team [-s-] leads by 63 frags
(ganon): >&c479gan:&cfff &cff0ya&cfff at [ya-box]
(carapace): >&c693car:&cfff took &cf00ra&cfff [ra]
(bps): >&cc93bps:&cfff ganon at [ya-box]
(carapace): >&c693car:&cfff &c931r&cfff200/160 &cf31rl&cfff&cf31:3&cfff [ra] 
(bps): >&cc93bps:&cfff took &cff0ya&cfff [ya-box]
(carapace): >&c693car:&cfff 0/57 &cf31rl&cfff&cf31:5&cfff &c29flg&cfff&c29f:10&cfff [ring] 
(rst): >&c777rst:&cfff &cf00enemy&cfff at [ring]
(carapace): >&c693car:&cfff &cf00dropped&cfff &c29flg&cfff [ring] 1
(carapace): >&c693car:&cfff &cf00dropped&cfff &c29flg&cfff [ring] 1
(carapace): >&c693car:&cfff &cf00dropped&cfff &c29flg&cfff [ring] 1
(carapace): >&c693car:&cfff 0/100 [sng-tele] 
(bps): >&cc93bps:&cfff &c991y&cfff150/23 sng [water-lg] 
(carapace): >&c693car:&cfff &cf00lost&cfff [ring] 3
(rst): >&c777rst:&cfff &cf00lost&cfff [quad] 1
(rst): >&c777rst:&cfff &cf00lost&cfff [quad] 1
(rst): >&c777rst:&cfff &cf00lost&cfff [quad] 1
(rst): >&c777rst:&cfff &cf00lost&cfff [quad] 1
(rst): >&c777rst:&cfff &cf00lost&cfff [quad] 1
(bps): >&cc93bps:&cfff &c991y&cfff150/23 sng [water-lg] c:6 
(rst): >&c777rst:&cfff &cf2apack&cfff at [ring]
(bps): >&cc93bps:&cfff took &c29flg&cfff [water-lg]
(carapace): >&c693car:&cfff &cf00lost&cfff [bridge-low] 2
(carapace): >&c693car:&cfff 0/100 [lifts] 
(bps): >&cc93bps:&cfff &c991y&cfff150/23 &c29flg&cfff&c29f:21&cfff [bridge-stairs] 
(carapace): >&c693car:&cfff 0/100 [sng-tele] 
(rst): >&c777rst:&cfff you take [hill]
(bps): >&cc93bps:&cfff &cf00dropped&cfff &c29flg&cfff [window] 1
(carapace): >&c693car:&cfff took &c0ffmega&cfff [hill]
(rst): >&c777rst:&cfff &cf00lost&cfff [water-lg] 1
(rst): >&c777rst:&cfff &cf00lost&cfff [water-lg] 1
(rst): >&c777rst:&cfff &cf00lost&cfff [water-lg] 1
(ganon): >&c479gan:&cfff &cf00lost&cfff [window] 1
(carapace): >&c693car:&cfff 0/191 [rl] 
(ganon): >&c479gan:&cfff &cf00lost&cfff [window] 1
(ganon): >&c479gan:&cfff &cf00lost&cfff [window] 1
(ganon): >&c479gan:&cfff &cf00lost&cfff [window] 1
(bps): >&cc93bps:&cfff 0/100 [water-tunnel] 
(dot): >&cfd2DOT:&cfff gor at [ra]
(dot): >&cfd2DOT:&cfff took &ce00ra&cfff [ra]
(dot): >&cfd2DOT:&cfff &c931r&cfff200/80 [ra] 
(gLAd): >&cf00  gld lost [rl] 2
(gLAd): >&cf00  gld lost [rl] 2
(gLAd): >&cf00  gld lost [water] 2
(gLAd): >&cf00  gld lost [water] 2
(gor): > gor    safe [window-quad] &c2aalg&cfff:66
[6] minutes remaining
Team [-s-] leads by 61 frags
(max.power): > &c3cc max&cfff [ya.box] y40/2 ssg 
(max.power): > &c3cc max&cfff [ya.box] y40/2 ssg 
(gLAd): >&cf00  gld lost [ra] 1
(dot): >&cfd2DOT:&cfff 0/100 [sng-tele] 
(gor): > gor &c0b0team&cfff QUAD [quad] need rl 
(gLAd): >&cf00  gld lost [sng-tele] 1
(gLAd): >&cf00  gld lost [sng-tele] 1
(gLAd): > &c00f gld&cfff get &cf00pent&cfff  
(gLAd): > &c00f gld&cfff get &cf00pent&cfff  
(dot): >&cfd2DOT:&cfff 0/92 sg [sng-lifts] rox:5 
(dot): >&cfd2DOT:&cfff 0/92 sg [sng-lifts] rox:5 
(gLAd): > &c00f gld&cfff [bridge-low] &cf660&cfff/100 &c399lg&cfff:43 
(gLAd): > &c00f gld&cfff [bridge-low] &cf660&cfff/100 &c399lg&cfff:43 
(dot): >&cfd2DOT:&cfff 0/72 sng [sng] rox:5 
(dot): >&cfd2DOT:&cfff 0/72 sng [sng-tele] rox:5 
Quad Damage is wearing off
(dot): >&cfd2DOT:&cfff &cf00lost&cfff [rl] 3
(dot): >&cfd2DOT:&cfff &cf00lost&cfff [rl] 3
(gLAd): >&cf00  gld lost [bridge-high] 4
(gLAd): > &c00f gld&cfff [lifts] 0/100 sg 
(gLAd): > &c00f gld&cfff [lifts] 0/100 sg 
(dot): >&cfd2DOT:&cfff took &cf2apack&cfff [rl]
(dot): >&cfd2DOT:&cfff &c931r&cfff200/100 [ra] 
(max.power): > &cf60 max coming [water.tunnel]&cfff 
(max.power): > &cf60 max coming [water.tunnel]&cfff 
(max.power): > &cf60 max coming [water.tunnel]&cfff 
(max.power): > &cf60 max coming [water.tunnel]&cfff 
(max.power): > &cf60 max coming [water.tunnel]&cfff 
(dot): >&cfd2DOT:&cfff &c931r&cfff196/99 [ring] 
[5] minutes remaining
Team [-s-] leads by 59 frags
You are a command flooder man!
3 warnings to kick
command floodprot (5 sec)
command floodprot (5 sec)
command floodprot (5 sec)
command floodprot (5 sec)
command floodprot (5 sec)
command floodprot (5 sec)
(dot): >&cfd2DOT:&cfff &cf00pented&cfff gLAd at [pent]
command floodprot (3 sec)
command floodprot (3 sec)
command floodprot (2 sec)
(max.power): > &c3cc max&cfff __ &c0a0mega&cfff at [pent]
(dot): >&cfd2DOT:&cfff &c931r&cfff54/65 [lifts] 
(dot): >&cfd2DOT:&cfff &c931r&cfff54/65 [lifts] 
(gor): >     ____ enemy QUAD ____
(gor): >     ____ enemy QUAD ____
(dot): >&cfd2DOT:&cfff &cf00enemy&cfff &c05fquad&cfff &cff0ring&cfff
(dot): >&cfd2DOT:&cfff &cf00enemy&cfff &c05fquad&cfff &cff0ring&cfff
(dot): >&cfd2DOT:&cfff &cf00enemy&cfff &c05fquad&cfff &cff0ring&cfff
(dot): >&cfd2DOT:&cfff &cf00enemy&cfff &c05fquad&cfff &cff0ring&cfff
Protection is almost burned out
(dot): >&cfd2DOT:&cfff 0/100 [sng-tele] 
(max.power): > &cf60 max coming [ring]&cfff 
(max.power): > &cf60 max coming [ring]&cfff 
(gLAd): > &c00f gld&cfff [sng-lifts] &cf660&cfff/93 &c399lg&cfff:&cf666&cfff 
(dot): >&cfd2DOT:&cfff 0/100 [bridge-high] 
[4] minutes remaining
Team [-s-] leads by 62 frags
(dot): >&cfd2DOT:&cfff 0/100 ssg [ya-box] 
(dot): >&cfd2DOT:&cfff 0/100 ssg [ya-box] 
(dot): >&cfd2DOT:&cfff took &cff0ya&cfff [ya-box]
(gLAd): > &c00f gld&cfff [sng-lifts] &cf660&cfff/&cf6620&cfff &c399lg&cfff:15 
(dot): >&cfd2DOT:&cfff &c991y&cfff130/88 ssg [rl] rox:14 
(bps): >&cc93bps:&cfff &c931r&cfff114/83 &c29flg&cfff&c29f:18&cfff [quad] 
(bps): >&cc93bps:&cfff carapace at [quad]
(rst): >&c777rst:&cfff &c0b0safe&cfff [ring]
(rst): >&c777rst:&cfff &c0b0safe&cfff [ring]
(rst): >&c777rst:&cfff &c0b0safe&cfff [ring]
(rst): >&c777rst:&cfff &c0b0safe&cfff [ring]
(bps): >&cc93bps:&cfff took &c0ffmega&cfff [pent]
(carapace): >&c693car:&cfff took &cff0ya&cfff [ya-box]
(rst): >&c777rst:&cfff &c0b0safe&cfff [ra-low]
(rst): >&c777rst:&cfff &c0b0safe&cfff [ra-low]
(rst): >&c777rst:&cfff &c0b0safe&cfff [ra-low]
(bps): >&cc93bps:&cfff &c0b0safe&cfff [lifts]
(bps): >&cc93bps:&cfff &c0b0safe&cfff [lifts]
(carapace): >&c693car:&cfff &cf00lost&cfff [bridge-high] 3
(rst): >&c777rst:&cfff you take [ra]
(rst): >&c777rst:&cfff you take [ra]
(bps): >&cc93bps:&cfff 0/106 &c29flg&cfff&c29f:10&cfff [lifts] 
(rst): >&c777rst:&cfff &cf00ra&cfff at [ra]
(bps): >&cc93bps:&cfff 0/105 &c29flg&cfff&c29f:10&cfff [lifts] 
(rst): >&c777rst:&cfff &cf00ra&cfff at [ra]
(rst): >&c777rst:&cfff &cf00ra&cfff at [ra]
(bps): >&cc93bps:&cfff 0/104 &c29flg&cfff&c29f:10&cfff [lifts] 
(carapace): >&c693car:&cfff &cf00lost&cfff [water-rox] 1
(bps): >&cc93bps:&cfff 0/102 &c29flg&cfff&c29f:10&cfff [lifts-below] 
(bps): >&cc93bps:&cfff 0/101 &c29flg&cfff&c29f:10&cfff [ring] 
(bps): >&cc93bps:&cfff 0/100 &c29flg&cfff&c29f:10&cfff [ring] 
(carapace): >&c693car:&cfff 0/100 [ya-up] 
(bps): >&cc93bps:&cfff took &ce00ra&cfff [ra]
(carapace): >&c693car:&cfff 0/100 [window] 
(ganon): >&c479gan:&cfff &cf00lost&cfff [rl] 2
(ganon): >&c479gan:&cfff &cf00lost&cfff [rl] 2
(ganon): >&c479gan:&cfff &cf00lost&cfff [rl] 2
(carapace): >&c693car:&cfff took &cff0ya&cfff [ya-box]
(carapace): >&c693car:&cfff &c991y&cfff150/77 [window] 
(bps): >&cc93bps:&cfff &c931r&cfff200/100 &c29flg&cfff&c29f:10&cfff [sng-ledge] 
(bps): >&cc93bps:&cfff &c931r&cfff200/100 &c29flg&cfff&c29f:10&cfff [sng-ledge] 
(carapace): >&c693car:&cfff took &c0ffmega&cfff [hill]
(carapace): >&c693car:&cfff &c991y&cfff150/177 [hill] 
[3] minutes remaining
Team [-s-] leads by 69 frags
(bps): >&cc93bps:&cfff &c0b0safe&cfff [ra]
(bps): >&cc93bps:&cfff took &ce00ra&cfff [ra]
(rst): >&c777rst:&cfff &cf00lost&cfff [bridge-stairs] 2
(rst): >&c777rst:&cfff &cf00lost&cfff [bridge-stairs] 2
(rst): >&c777rst:&cfff &cf00lost&cfff [bridge-stairs] 2
(rst): >&c777rst:&cfff &cf00lost&cfff [bridge-stairs] 2
(bps): >&cc93bps:&cfff &c931r&cfff200/85 &c29flg&cfff&c29f:26&cfff [sng-tele] 
(carapace): >&c693car:&cfff 0/16 sg [water] rox:73 c:18 
(carapace): >&c693car:&cfff took &c29flg&cfff [water-lg]
(bps): >&cc93bps:&cfff 0/22 &c29flg&cfff&c29f:5&cfff [ra-low] 
(carapace): >&c693car:&cfff 0/16 &c29flg&cfff&c29f:33&cfff [water-lg] 
(bps): >&cc93bps:&cfff &cf00lost&cfff [ra] 1
(carapace): >&c693car:&cfff 0/16 &c29flg&cfff&c29f:33&cfff [water-tunnel] 
no weapon
(bps): >&cc93bps:&cfff &cf00lost&cfff [ra] 1
(carapace): >&c693car:&cfff 0/116 &c29flg&cfff&c29f:33&cfff [pent] 
(bps): >&cc93bps:&cfff 0/200 sng [sng-mega] 
(carapace): >&c693car:&cfff 0/114 &c29flg&cfff&c29f:33&cfff [lifts] 
(rst): >&c777rst:&cfff &cf00lost&cfff [rl] 3
(rst): >&c777rst:&cfff &cf00lost&cfff [rl] 3
(rst): >&c777rst:&cfff &cf00lost&cfff [rl] 3
(rst): >&c777rst:&cfff &cf00lost&cfff [rl] 3
(rst): >&c777rst:&cfff &cf00lost&cfff [rl] 3
(carapace): >&c693car:&cfff 0/112 &c29flg&cfff&c29f:33&cfff [sng-lifts] 
(ganon): >&c479gan:&cfff 0/100 ssg [ya-box] 
(rst): >&c777rst:&cfff coming [ra-tunnel] need armor/weapon
(carapace): >&c693car:&cfff 0/105 &c29flg&cfff&c29f:33&cfff [ra-low] 
(bps): >&cc93bps:&cfff &cf00lost&cfff [rl] 3
(rst): >&c777rst:&cfff &c0b0safe&cfff [ra-low]
(rst): >&c777rst:&cfff &c0b0safe&cfff [ra-low]
(rst): >&c777rst:&cfff &c0b0safe&cfff [ra-low]
(carapace): >&c693car:&cfff 0/103 &c29flg&cfff&c29f:33&cfff [ra] 
(carapace): >&c693car:&cfff took &cf00ra&cfff [ra]
(carapace): >&c693car:&cfff &c931r&cfff200/100 &c29flg&cfff&c29f:33&cfff [ra] 
(bps): >&cc93bps:&cfff took &cf2apack&cfff [water-lg]
(bps): >&cc93bps:&cfff took &cf2apack&cfff [water-lg]
(bps): >&cc93bps:&cfff 0/76 &c29flg&cfff&c29f:15&cfff [water] 
(carapace): >&c693car:&cfff &c931r&cfff200/100 &c29flg&cfff&c29f:33&cfff [sng-mega] 
(rst): >&c777rst:&cfff &c0b0safe&cfff [pent]
(rst): >&c777rst:&cfff &c0b0safe&cfff [pent]
(rst): >&c777rst:&cfff &c0b0safe&cfff [pent]
(rst): >&c777rst:&cfff &c0b0safe&cfff [pent]
(rst): >&c777rst:&cfff &c0b0safe&cfff [pent]
[2] minutes remaining
Team [-s-] leads by 73 frags
(rst): >&c777rst:&cfff &c0b0safe&cfff [pent]
(rst): >&c777rst:&cfff &c0b0safe&cfff [pent]
(rst): >&c777rst:&cfff &c0b0safe&cfff [pent]
(rst): >&c777rst:&cfff &c0b0safe&cfff [pent]
(rst): >&c777rst:&cfff &c0b0safe&cfff [pent]
(rst): >&c777rst:&cfff &c0b0safe&cfff [pent]
(rst): >&c777rst:&cfff &c0b0safe&cfff [pent]
(bps): >&cc93bps:&cfff 0/76 &c29flg&cfff&c29f:21&cfff [hill] 
(bps): >&cc93bps:&cfff 0/76 &c29flg&cfff&c29f:21&cfff [ra-tunnel] 
(bps): >&cc93bps:&cfff 0/76 &c29flg&cfff&c29f:21&cfff [ra-tunnel] 
(rst): >&c777rst:&cfff get &c05fquad&cfff
(carapace): >&c693car:&cfff &c0b0team&cfff &c05fquad&cfff
(carapace): >&c693car:&cfff &c0b0team&cfff &c05fquad&cfff
(rst): >&c777rst:&cfff &c0b0safe&cfff [window]
(rst): >&c777rst:&cfff &c0b0safe&cfff [window]
(rst): >&c777rst:&cfff &c0b0safe&cfff [window]
(bps): >&cc93bps:&cfff 0/64 &c29flg&cfff&c29f:33&cfff [sng-mega] 
(carapace): >&c693car:&cfff &cf00lost&cfff [quad] 2
(carapace): >&c693car:&cfff &cf00lost&cfff [quad] 2
(carapace): >&c693car:&cfff 0/100 [ra-tunnel] 
(gor): > gor __ lost [ya] 1
(gLAd): > &c00f gld&cfff [ra] 0/68 sg c:14 
(dot): >&cfd2DOT:&cfff 0/12 &cf31rl&cfff&cf31:1&cfff [ra-tunnel] 
(dot): >&cfd2DOT:&cfff 0/12 &cf31rl&cfff&cf31:1&cfff [ra-tunnel] 
(dot): >&cfd2DOT:&cfff 0/12 &cf31rl&cfff&cf31:6&cfff [ra-rox] 
(dot): >&cfd2DOT:&cfff &cf00lost&cfff [sng-tele] 1
(dot): >&cfd2DOT:&cfff &cf00lost&cfff [sng-tele] 1
no weapon
(rst): >&c777rst:&cfff you take [rl]
(bps): >&cc93bps:&cfff &cf00lost&cfff [ra-low] 1
no weapon
(dot): >&cfd2DOT:&cfff coming [sng-tele] need armor weapon
(gLAd): > &c00f gld&cfff [ra] r200/&cf6620&cfff &cf60rl&cfff 
(dot): >&cfd2DOT:&cfff 0/100 sg [ra] rox:6 c:23 
(max.power): > &c3cc max&cfff __ &c0a0mega&cfff at [hill]
(max.power): > &c3cc max&cfff __ &c0a0mega&cfff at [hill]
(max.power): > &c3cc max&cfff __ &c0a0mega&cfff at [hill]
(max.power): > &c3cc max&cfff __ &c0a0mega&cfff at [hill]
(dot): >&cfd2DOT:&cfff 0/100 sg [ra] rox:6 c:23 
gor: lol
(max.power): > &c3cc max&cfff took &c0a0mega&cfff [hill]
[1] minute remaining
Team [-s-] leads by 71 frags
(dot): >&cfd2DOT:&cfff took &ce00ra&cfff [ra]
(dot): >&cfd2DOT:&cfff &c931r&cfff200/100 sg [ra] rox:6 c:23 
(gor): > gor    109{&cff0y&cfff}/172 [pent]
(rst): >&c777rst:&cfff coming [ra-tunnel] need armor/&cf31rl&cfff/&c29fcells&cfff
(ganon): >&c479gan:&cfff &cf00lost&cfff [sng-low] 1
(ganon): >&c479gan:&cfff &cf00lost&cfff [sng-low] 1
(ganon): >&c479gan:&cfff &cf00lost&cfff [sng-low] 1
(ganon): >&c479gan:&cfff &cf00lost&cfff [sng-low] 1
(ganon): >&c479gan:&cfff &cf00lost&cfff [sng-low] 1
(ganon): >&c479gan:&cfff &cf00lost&cfff [sng-low] 1
(carapace): >&c693car:&cfff &c991y&cfff28/26 &cf31rl&cfff&cf31:15&cfff [quad] &c05fquad&cfff
(bps): >&cc93bps:&cfff took &c0ffmega&cfff [sng-mega]
(carapace): >&c693car:&cfff &cf00lost&cfff [ya-up] 2
(carapace): >&c693car:&cfff &cf00lost&cfff [ya-up] 2
(carapace): >&c693car:&cfff &cf00lost&cfff [ya-up] 2
(carapace): >&c693car:&cfff 0/100 [lifts] 
(gLAd): >&cf00  gld lost [ra-ring] 2
(gLAd): >&cf00  gld lost [ra-ring] 2
(gLAd): >&cf00  gld lost [ra-ring] 2
[30] seconds
(dot): >&cfd2DOT:&cfff &cf2apack&cfff at [ya]
(dot): >&cfd2DOT:&cfff max.power at [bridge-low]
(dot): >&cfd2DOT:&cfff 0/76 [rl] 
(gLAd): > &c00f gld&cfff took &cff0ya&cfff [ya]
(dot): >&cfd2DOT:&cfff max.power at [bridge-low]
[15] seconds
(dot): >&cfd2DOT:&cfff gLAd at [rl]
[10] seconds
(gor): > gor __ lost [ya] 2
(gor): > gor __ lost [ya] 2
[9] seconds
[8] seconds
[7] seconds
(rst): >&c777rst:&cfff &cf00enemy&cfff at [sng-lifts]
[6] seconds
[5] seconds
[4] seconds
[3] seconds
[2] seconds
[1] second
The match is over
trigger "onmatchover" has no matching alias

Player statistics:
______________________________________
Frags (rank) friendkills . efficiency
Team [cccp]:
__________
_ gLAd:
  43 (-12) 2 43.9%
Wp: lg33.1% (57/172) rl70.5% sg38.8% ssg25.7%
RL skill: ad:72.4 dh:5
Armr&mhs: ga:0 ya:6 ra:7 mh:5
Powerups: Q:0 P:1 R:1
      RL: Took:8 Killed:4 Dropped:1 Xfer:1
      LG: Took:5 Killed:8 Dropped:3
  Damage: Tkn:8281 Gvn:7339 EWep:2409 Tm:398 Self:211 ToDie:150
    Time: Quad:0
 Streaks: Frags:7 QuadRun:0
  SpawnFrags: 2
__________
_ dot:
  45 (-27) 0 38.5%
Wp: lg41.5% (17/41) rl81.0% sg47.9% ssg28.2%
RL skill: ad:87.0 dh:5
Armr&mhs: ga:0 ya:7 ra:6 mh:6
Powerups: Q:4 P:0 R:1
      RL: Took:11 Killed:4 Dropped:2 Xfer:1
      LG: Took:2 Killed:5 Dropped:1
  Damage: Tkn:9349 Gvn:8074 EWep:2829 Tm:232 Self:86 ToDie:129
    Time: Quad:79
 Streaks: Frags:5 QuadRun:3
  SpawnFrags: 2
__________
_ gor:
  46 (-12) 2 44.2%
Wp: lg28.9% (41/142) rl55.1% gl36.4% sg35.1% ssg24.1%
RL skill: ad:85.4 dh:7
Armr&mhs: ga:0 ya:5 ra:4 mh:9
Powerups: Q:1 P:0 R:0
      RL: Took:7 Killed:3 Dropped:4 Xfer:1
      LG: Took:6 Killed:3 Dropped:2
  Damage: Tkn:7871 Gvn:7069 EWep:1992 Tm:478 Self:334 ToDie:135
    Time: Quad:30
 Streaks: Frags:10 QuadRun:3
  SpawnFrags: 2
__________
_ max.power:
  33 (-45) 4 29.7%
Wp: lg23.2% (29/125) rl51.5% gl38.5% sg43.1% ssg39.7%
RL skill: ad:83.6 dh:5
Armr&mhs: ga:0 ya:6 ra:4 mh:6
Powerups: Q:2 P:0 R:0
      RL: Took:7 Killed:5 Dropped:2 Xfer:2
      LG: Took:9 Killed:8 Dropped:4
  Damage: Tkn:9560 Gvn:6708 EWep:2629 Tm:471 Self:278 ToDie:122
    Time: Quad:2
 Streaks: Frags:4 QuadRun:1
  SpawnFrags: 3

Team [-s-]:
__________
_ rst:
  58 (16) 2 58.0%
Wp: lg32.8% (41/125) rl42.0% gl38.5% sg41.9% ssg39.1%
RL skill: ad:101.1 dh:13
Armr&mhs: ga:0 ya:5 ra:9 mh:8
Powerups: Q:4 P:1 R:0
      RL: Took:3 Killed:3 Dropped:1
      LG: Took:3 Killed:5 Dropped:1
  Damage: Tkn:6375 Gvn:8612 EWep:1694 Tm:291 Self:269 ToDie:151
    Time: Quad:120
 Streaks: Frags:39 QuadRun:3
  SpawnFrags: 2
__________
_ carapace:
  59 (-1) 4 49.6%
Wp: lg49.4% (39/79) rl57.4% sg50.4% ssg28.6%
RL skill: ad:109.3 dh:8
Armr&mhs: ga:0 ya:9 ra:6 mh:9
Powerups: Q:4 P:1 R:0
      RL: Took:6 Killed:7 Dropped:0
      LG: Took:10 Killed:8 Dropped:1
  Damage: Tkn:8794 Gvn:9893 EWep:2757 Tm:377 Self:156 ToDie:146
    Time: Quad:54
 Streaks: Frags:13 QuadRun:4
  SpawnFrags: 4
__________
_ bps:
  64 (25) 2 62.1%
Wp: lg47.8% (96/201) rl44.0% gl11.5% sg34.3% ssg70.2%
RL skill: ad:115.8 dh:8
Armr&mhs: ga:0 ya:4 ra:7 mh:10
Powerups: Q:3 P:1 R:1
      RL: Took:4 Killed:9 Dropped:2
      LG: Took:9 Killed:1 Dropped:2
  Damage: Tkn:6151 Gvn:8608 EWep:2390 Tm:264 Self:368 ToDie:157
    Time: Quad:85
 Streaks: Frags:16 QuadRun:6
  SpawnFrags: 4
__________
_ ganon:
  51 (-7) 6 46.8%
Wp: lg29.6% (16/54) rl46.8% gl21.4% sg55.0% ssg43.5%
RL skill: ad:93.8 dh:12
Armr&mhs: ga:0 ya:10 ra:2 mh:7
Powerups: Q:2 P:0 R:1
      RL: Took:9 Killed:10 Dropped:4 Xfer:2
      LG: Took:4 Killed:5 Dropped:1
  Damage: Tkn:7870 Gvn:7948 EWep:2530 Tm:451 Self:300 ToDie:135
    Time: Quad:49
 Streaks: Frags:16 QuadRun:2
  SpawnFrags: 7

______________________________________
[cccp] vs [-s-] match statistics:
______________________________________

weapons, powerups, armors&mhs, damage
______________________________________
[cccp]: Wp: lg30% rl22 gl9 sg42% ssg32%
Powerups: Q:7 P:1 R:2
Armr&mhs: ga:0 ya:24 ra:21 mh:26
      RL: Took:33 Killed:16 Dropped:9 Xfer:5
      LG: Took:22 Killed:24 Dropped:10
  Damage: Tkn:35061 Gvn:29190 EWep:9859 Tm:1579
    Time: Quad:112
[-s-]: Wp: lg42% rl41 gl10 sg46% ssg43%
Powerups: Q:13 P:3 R:2
Armr&mhs: ga:0 ya:28 ra:24 mh:34
      RL: Took:22 Killed:29 Dropped:7 Xfer:2
      LG: Took:26 Killed:19 Dropped:5
  Damage: Tkn:29190 Gvn:35061 EWep:9371 Tm:1383
    Time: Quad:309
______________________________________
[dm3] top scorers:
______________________________________
      Frags: bps [64]
     Deaths: max.power [78]
Friendkills: ganon [6]
 Efficiency: bps [62.1%]
 FragStreak: rst [39]
    QuadRun: bps [6]
  RL Killer: ganon [10]
Boomsticker: ganon [55.0%]
   Survivor: bps [157]
Annihilator: carapace [9893]

______________________________________

Team scores: frags . percentage
______________________________________
[cccp]: 167 . 41.9%
[-s-]: 232 . 58.1%
______________________________________
]log 15
