PRT1
23
64
4 0 21 (-64 -304 336 ) (-64 -288 336 ) (-16 -288 336 ) (-16 -304 336 ) 
4 0 22 (-16 -480 336 ) (-64 -480 336 ) (-64 -368 336 ) (-16 -368 336 ) 
4 0 20 (368 -480 336 ) (-16 -480 336 ) (-16 -288 336 ) (368 -288 336 ) 
4 0 18 (-64 -288 336 ) (-64 -128 336 ) (176 -128 336 ) (176 -288 336 ) 
4 0 17 (-64 -128 336 ) (-64 -112 336 ) (-16 -112 336 ) (-16 -128 336 ) 
4 0 16 (-64 -48 336 ) (-64 32 336 ) (-16 32 336 ) (-16 -48 336 ) 
4 0 15 (-16 32 336 ) (176 32 336 ) (176 -128 336 ) (-16 -128 336 ) 
4 0 12 (368 -128 336 ) (368 -288 336 ) (176 -288 336 ) (176 -128 336 ) 
4 0 11 (176 32 336 ) (368 32 336 ) (368 -128 336 ) (176 -128 336 ) 
4 0 10 (624 -480 336 ) (368 -480 336 ) (368 -272 336 ) (624 -272 336 ) 
4 0 1 (368 -272 336 ) (368 32 336 ) (624 32 336 ) (624 -272 336 ) 
3 1 14 (368 -272 144 ) (368 -272 160 ) (368 -256 160 ) 
3 1 13 (368 -128 160 ) (368 -128 128 ) (368 -176 160 ) 
4 1 12 (368 -272 336 ) (368 -128 336 ) (368 -128 160 ) (368 -272 160 ) 
4 1 11 (368 -128 336 ) (368 32 336 ) (368 32 128 ) (368 -128 128 ) 
4 1 10 (624 -272 128 ) (624 -272 336 ) (368 -272 336 ) (368 -272 128 ) 
4 1 9 (368 -272 128 ) (368 -48 128 ) (480 -48 128 ) (480 -272 128 ) 
4 1 8 (624 -80 128 ) (624 -112 128 ) (480 -112 128 ) (480 -80 128 ) 
4 1 7 (480 -48 128 ) (624 -48 128 ) (624 -80 128 ) (480 -80 128 ) 
4 1 3 (368 -48 128 ) (368 32 128 ) (480 32 128 ) (480 -48 128 ) 
4 1 2 (480 32 128 ) (624 32 128 ) (624 -48 128 ) (480 -48 128 ) 
4 2 7 (624 -48 96 ) (624 -48 128 ) (480 -48 128 ) (480 -48 96 ) 
4 2 3 (480 -48 128 ) (480 32 128 ) (480 32 80 ) (480 -48 80 ) 
4 3 11 (368 32 128 ) (368 32 64 ) (368 -48 64 ) (368 -48 128 ) 
4 3 9 (368 -48 128 ) (368 -48 64 ) (480 -48 64 ) (480 -48 128 ) 
4 3 6 (368 32 64 ) (432 32 64 ) (432 -48 64 ) (368 -48 64 ) 
4 3 5 (432 32 64 ) (448 32 64 ) (448 -48 64 ) (432 -48 64 ) 
4 3 4 (448 32 64 ) (464 32 64 ) (464 -48 64 ) (448 -48 64 ) 
4 4 9 (464 -48 64 ) (448 -48 64 ) (448 -48 48 ) (464 -48 48 ) 
4 4 5 (448 -48 48 ) (448 -48 64 ) (448 32 64 ) (448 32 48 ) 
4 5 9 (448 -48 32 ) (448 -48 64 ) (432 -48 64 ) (432 -48 32 ) 
4 5 6 (432 32 64 ) (432 32 32 ) (432 -48 32 ) (432 -48 64 ) 
4 6 11 (368 32 64 ) (368 32 16 ) (368 -48 16 ) (368 -48 64 ) 
4 6 9 (368 -48 64 ) (368 -48 16 ) (432 -48 16 ) (432 -48 64 ) 
4 7 9 (480 -48 128 ) (480 -48 96 ) (480 -80 96 ) (480 -80 128 ) 
4 7 8 (624 -80 112 ) (624 -80 128 ) (480 -80 128 ) (480 -80 112 ) 
4 8 9 (480 -112 112 ) (480 -112 128 ) (480 -80 128 ) (480 -80 112 ) 
4 9 11 (368 -128 128 ) (368 -48 128 ) (368 -48 16 ) (368 -128 16 ) 
4 9 10 (480 -272 16 ) (480 -272 128 ) (368 -272 128 ) (368 -272 16 ) 
4 10 20 (368 -480 336 ) (368 -288 336 ) (368 -288 16 ) (368 -480 16 ) 
4 10 14 (368 -272 160 ) (368 -272 144 ) (368 -288 128 ) (368 -288 160 ) 
4 10 12 (368 -288 336 ) (368 -272 336 ) (368 -272 160 ) (368 -288 160 ) 
4 11 15 (176 -128 336 ) (176 32 336 ) (176 32 16 ) (176 -128 16 ) 
4 11 13 (368 -128 128 ) (368 -128 160 ) (176 -128 160 ) (176 -128 128 ) 
4 11 12 (368 -128 160 ) (368 -128 336 ) (176 -128 336 ) (176 -128 160 ) 
4 12 20 (368 -288 160 ) (368 -288 336 ) (176 -288 336 ) (176 -288 160 ) 
4 12 19 (176 -128 208 ) (176 -128 160 ) (176 -288 160 ) (176 -288 208 ) 
4 12 18 (176 -288 336 ) (176 -128 336 ) (176 -128 208 ) (176 -288 208 ) 
4 12 14 (176 -288 160 ) (176 -256 160 ) (368 -256 160 ) (368 -288 160 ) 
4 12 13 (176 -176 160 ) (176 -128 160 ) (368 -128 160 ) (368 -176 160 ) 
3 13 19 (176 -128 160 ) (176 -128 128 ) (176 -176 160 ) 
4 14 20 (368 -288 128 ) (368 -288 160 ) (176 -288 160 ) (176 -288 128 ) 
3 14 19 (176 -288 128 ) (176 -288 160 ) (176 -256 160 ) 
4 15 19 (32 -128 16 ) (176 -128 16 ) (176 -128 208 ) (32 -128 208 ) 
4 15 18 (176 -128 208 ) (176 -128 336 ) (-16 -128 336 ) (-16 -128 208 ) 
4 15 17 (-16 -112 16 ) (-16 -128 16 ) (-16 -128 336 ) (-16 -112 336 ) 
4 15 16 (-16 32 336 ) (-16 32 16 ) (-16 -48 16 ) (-16 -48 336 ) 
4 17 18 (-64 -128 336 ) (-64 -128 208 ) (-16 -128 208 ) (-16 -128 336 ) 
4 18 21 (-64 -288 336 ) (-64 -288 208 ) (-16 -288 208 ) (-16 -288 336 ) 
4 18 20 (-16 -288 208 ) (176 -288 208 ) (176 -288 336 ) (-16 -288 336 ) 
4 18 19 (176 -288 208 ) (32 -288 208 ) (32 -128 208 ) (176 -128 208 ) 
4 19 20 (32 -288 16 ) (176 -288 16 ) (176 -288 208 ) (32 -288 208 ) 
4 20 21 (-16 -288 336 ) (-16 -288 16 ) (-16 -304 16 ) (-16 -304 336 ) 
4 20 22 (-16 -368 16 ) (-16 -480 16 ) (-16 -480 336 ) (-16 -368 336 ) 
