Playing demo from 1.mvd
aaa
aa
_____________________________________

_Castle of the Damned
andeh is ready [=s=]
All players ready
Timer started
QiZmo: timer lag point disabled
Server starts recording (memory): 4on4_s_vs_puls[e1m2]220112-2014.mvd
bps: glhf!
baresi: glglglggl
bass: Go Ricki, Go Ricki
matchdate: 2022-01-12 20:14:22 UTC
trigger "onmatchstart" has no matching alias
The match has begun!
(andeh): >&cd37and:&cfff 0/100 [gl-quad] 
(lethalwiz): >&c599lwz:&cfff 0/100 [door] 
(eikooren): >eik: 0/100 [quad]
(andeh): >&cd37and:&cfff &cf00lost&cfff [quad] 2
(andeh): >&cd37and:&cfff &cf00lost&cfff [quad] 2
(andeh): >&cd37and:&cfff &cf00lost&cfff [quad] 2
(Timon): >&c2f2tim:&cfff &cff0120&cfff/100 sg [ga] 
(eikooren): >eik: &cf00lost&cfff &cf00[&cfffgl&cf00]&cfff 2
(Nidweyr): > &c0aa nid&cfff 0/61 &cf60rl&cfff:5 [quad]
(mOlle): >&c59cmol:&cfff &cf00enemy&cfff &c05fquad&cfff at [ya]
]/autotrack 
Demo Autotracking off
(rio): >&cf00rio lost &cf55[&cf99door&cf55]&r 
(rio): >&cf00rio lost &cf55[&cf99door&cf55]&r 
(rio): >&c957rio&r &cfff0&r/&cfff20&r sg [rl] &r
(rio): > &c1ff>&r &cf2apack&cfff &c777at&r [ssg]
(lethalwiz): >&c599lwz:&cfff &c693g&cfff35/143 &cf60rl&cfff&cf31:7&cfff [cross] 
(rio): >&c957rio&r &c693g&cfff&cfff100&r/&cfff100&r sg [ssg-spikes] &r
(rio): >&c957rio&r cancel [ssg-spikes]
(rio): >&c957rio&r &c693g&cfff&cfff100&r/&cfff100&r sg [ssg-spikes] &r
(rio): >&c957rio&r &c693g&cfff&cfff94&r/&cfff86&r sg [spikes] &r
[19] minutes remaining
Team [puls] leads by 3 frags
(andeh): >&cd37and:&cfff 0/100 [quad-box] 
(andeh): >&cd37and:&cfff 0/100 [quad-box] 
(rio): >&cf00rio lost &cf55[&cf99ya-tele&cf55]&r 
(lethalwiz): >&c599lwz:&cfff &cf2apack&cfff at [gl]
(lethalwiz): >&c599lwz:&cfff 0/-18 &cf60rl&cfff&cf31:5&cfff [quad] 
no weapon
(andeh): >&cd37and:&cfff 0/100 [gl-stairs] 
(lethalwiz): >&c599lwz:&cfff 0/-99 sng [quad] 
(andeh): >&cd37and:&cfff 0/100 [gl] 
(andeh): >&cd37and:&cfff &cf00lost&cfff [gl] 2
(eikooren): >eik: took rox [mega.rox]
(eikooren): >eik: &c0b0safe&cfff &c0b0[&cfffmega.rox&c0b0]&cfff &cf13rl&cfff
no weapon
(Timon): >&c2f2tim:&cfff &cf2apack&cfff at [ya]
(Timon): >&c2f2tim:&cfff &cff0150&cfff/28 sg [ya] 
(eikooren): >eik: took gl [gl]
(baresi): >&ce26brs:&cfff 0/49 sg [spikes]  &cf001&cfff
(baresi): >&ce26brs:&cfff 0/49 sg [spikes]  &cf002&cfff
(eikooren): >eik: &c0b0safe&cfff &c0b0[&cfffgl&c0b0]&cfff &cf13rl&cfff
(eikooren): >eik: 0/100 &cf13rl&cfff:8 [ya]
(rio): > &c05fquad&cfff &c00fover&r
(andeh): >&cd37and:&cfff 0/100 [water-rl] 
(lethalwiz): >&c599lwz:&cfff &c693g&cfff91/100 &cf60rl&cfff&cf31:5&cfff [cross-water] 
]/demo_setspeed 1000
(rio): >&cf00rio lost &cf55[&cf99ga&cf55]&r 
(rio): >&c957rio&r &cfff0&r/&cfff100&r sg [ga] &r
[18] minutes remaining
Team [puls] leads by 19 frags
(lethalwiz): >&c599lwz:&cfff get &cf00pent&cfff
(lethalwiz): >&c599lwz:&cfff &cf00lost&cfff [quad] 1
(rio): >&cf00rio lost &cf55[&cf99rl&cf55]&r 
(rio): >&cf00rio lost &cf55[&cf99rl&cf55]&r 
(andeh): >&cd37and:&cfff 0/56 [cross] 
(rio): >&c957rio&r &cfff0&r/&cfff34&r &c299gl&cfff [gl] &r
(rio): >&c957rio&r &c991y&cfff&cfff150&r/&cfff41&r &c299gl&cfff [ya] &r
(andeh): >&cd37and:&cfff took &c0ffmega&cfff [mega]
(rio): >&cf00rio lost &cf55[&cf99rl&cf55]&r 
(rio): >&cf00rio lost &cf55[&cf99rl&cf55]&r 
]/demo_setspeed 30000
(lethalwiz): >&c599lwz:&cfff 0/-1 sng [ya-tele] rox:5 
(lethalwiz): >&c599lwz:&cfff 0/-1 sng [ya-tele] rox:5 
(andeh): >&cd37and:&cfff took &cff0ya&cfff [ya]
(rio): >&c957rio&r &cfff0&r/&cfff64&r ssg [door] &r
(lethalwiz): >&c599lwz:&cfff &c693g&cfff92/83 gl [water-ga] rox:7 
(lethalwiz): >&c599lwz:&cfff &cf00enemy&cfff at [rl]
[17] minutes remaining
Team [puls] leads by 12 frags
(andeh): >&cd37and:&cfff took &cff0ya&cfff [ya]
(andeh): >&cd37and:&cfff &c991y&cfff150/12 [ya-water] 
(lethalwiz): >&c599lwz:&cfff &cf2apack&cfff at [rl]
(rio): >&c957rio&r &cfff0&r/&cfff100&r sg [mega-low] &r
(andeh): >&cd37and:&cfff &c991y&cfff150/12 [start-water] 
(lethalwiz): >&c599lwz:&cfff &c693g&cfff63/62 &cf60rl&cfff&cf31:14&cfff [start-water] 
[16] minutes remaining
Team [puls] leads by 20 frags
[15] minutes remaining
Team [puls] leads by 18 frags
[14] minutes remaining
Team [puls] leads by 23 frags
[13] minutes remaining
Team [puls] leads by 22 frags
[12] minutes remaining
Team [puls] leads by 31 frags
[11] minutes remaining
Team [puls] leads by 34 frags
[10] minutes remaining
Team [puls] leads by 32 frags
[9] minutes remaining
Team [puls] leads by 36 frags
[8] minutes remaining
Team [puls] leads by 32 frags
[7] minutes remaining
Team [puls] leads by 23 frags
[6] minutes remaining
Team [puls] leads by 8 frags
[5] minutes remaining
Team [=s=] leads by 5 frags
[4] minutes remaining
Team [=s=] leads by 22 frags
[3] minutes remaining
Team [=s=] leads by 30 frags
[2] minutes remaining
Team [=s=] leads by 32 frags
[1] minute remaining
Team [=s=] leads by 40 frags
[30] seconds
[15] seconds
[10] seconds
[9] seconds
[8] seconds
[7] seconds
[6] seconds
[5] seconds
[4] seconds
[3] seconds
[2] seconds
[1] second
The match is over
trigger "onmatchover" has no matching alias

Player statistics:
______________________________________
Frags (rank) friendkills . efficiency
Team [=s=]:
__________
_ rio:
  60 (9) 3 54.1%
Wp: rl64.9% gl21.8% sg50.2% ssg35.3%
RL skill: ad:95.7 dh:9
Armr&mhs: ga:8 ya:8 ra:0 mh:2
Powerups: Q:2 P:0 R:0
      RL: Took:6 Killed:8 Dropped:4 Xfer:1
      LG: Took:0 Killed:0 Dropped:0
  Damage: Tkn:7396 Gvn:9046 EWep:2163 Tm:463 Self:326 ToDie:145
    Time: Quad:60
 Streaks: Frags:15 QuadRun:8
  SpawnFrags: 3
__________
_ lethalwiz:
  64 (19) 5 58.7%
Wp: rl73.6% gl25.0% sg54.4% ssg45.1%
RL skill: ad:91.2 dh:20
Armr&mhs: ga:6 ya:9 ra:0 mh:8
Powerups: Q:3 P:0 R:0
      RL: Took:9 Killed:6 Dropped:5 Xfer:1
      LG: Took:0 Killed:0 Dropped:0
  Damage: Tkn:7517 Gvn:9447 EWep:1379 Tm:636 Self:778 ToDie:167
    Time: Quad:62
 Streaks: Frags:15 QuadRun:5
  SpawnFrags: 5
__________
_ mOlle:
  43 (-21) 1 40.2%
Wp: rl59.1% gl45.2% sg39.4% ssg60.0%
RL skill: ad:73.5 dh:2
Armr&mhs: ga:5 ya:2 ra:0 mh:1
Powerups: Q:0 P:0 R:0
      RL: Took:5 Killed:7 Dropped:1
      LG: Took:0 Killed:0 Dropped:0
  Damage: Tkn:7216 Gvn:6354 EWep:1256 Tm:319 Self:181 ToDie:112
    Time: Quad:0
 Streaks: Frags:3 QuadRun:0
  SpawnFrags: 1
__________
_ andeh:
  80 (10) 5 53.3%
Wp: rl67.1% gl19.0% sg57.7% ssg49.8%
RL skill: ad:101.3 dh:7
Armr&mhs: ga:7 ya:12 ra:0 mh:6
Powerups: Q:6 P:0 R:0
      RL: Took:4 Killed:6 Dropped:2 Xfer:1
      LG: Took:0 Killed:0 Dropped:0
  Damage: Tkn:9767 Gvn:11552 EWep:1268 Tm:426 Self:238 ToDie:139
    Time: Quad:151
 Streaks: Frags:28 QuadRun:8
  SpawnFrags: 6

Team [puls]:
__________
_ eikooren:
  39 (-40) 2 33.1%
Wp: rl90.9% gl18.8% sg42.3% ssg45.4%
RL skill: ad:75.2 dh:5
Armr&mhs: ga:8 ya:4 ra:0 mh:4
Powerups: Q:0 P:0 R:0
      RL: Took:8 Killed:4 Dropped:3
      LG: Took:0 Killed:0 Dropped:0
  Damage: Tkn:10178 Gvn:8465 EWep:1995 Tm:144 Self:371 ToDie:128
    Time: Quad:0
 Streaks: Frags:6 QuadRun:0
  SpawnFrags: 2
__________
_ baresi:
  63 (13) 2 55.8%
Wp: rl68.1% gl33.3% sg41.0% ssg40.2%
RL skill: ad:97.7 dh:13
Armr&mhs: ga:4 ya:8 ra:0 mh:4
Powerups: Q:3 P:0 R:0
      RL: Took:8 Killed:5 Dropped:7 Xfer:3
      LG: Took:0 Killed:0 Dropped:0
  Damage: Tkn:7227 Gvn:8609 EWep:1739 Tm:550 Self:359 ToDie:144
    Time: Quad:72
 Streaks: Frags:13 QuadRun:6
  SpawnFrags: 5
__________
_ Timon:
  30 (-52) 5 26.8%
Wp: rl64.7% gl22.9% sg42.0% ssg46.1%
RL skill: ad:92.5 dh:2
Armr&mhs: ga:7 ya:6 ra:0 mh:1
Powerups: Q:1 P:0 R:0
      RL: Took:10 Killed:2 Dropped:1 Xfer:1
      LG: Took:0 Killed:0 Dropped:0
  Damage: Tkn:9760 Gvn:6248 EWep:1696 Tm:348 Self:131 ToDie:119
    Time: Quad:18
 Streaks: Frags:4 QuadRun:1
  SpawnFrags: 2
__________
_ Nidweyr:
  64 (-6) 3 47.8%
Wp: rl50.6% gl21.4% sg54.2% ssg40.4%
RL skill: ad:118.5 dh:7
Armr&mhs: ga:4 ya:5 ra:0 mh:4
Powerups: Q:5 P:0 R:0
      RL: Took:6 Killed:9 Dropped:2
      LG: Took:0 Killed:0 Dropped:0
  Damage: Tkn:9234 Gvn:8574 EWep:1845 Tm:330 Self:330 ToDie:131
    Time: Quad:64
 Streaks: Frags:10 QuadRun:5
  SpawnFrags: 6

______________________________________
[=s=] vs [puls] match statistics:
______________________________________

weapons, powerups, armors&mhs, damage
______________________________________
[=s=]: Wp: rl38 gl17 sg50% ssg47%
Powerups: Q:11 P:0 R:0
Armr&mhs: ga:26 ya:31 ra:0 mh:17
      RL: Took:24 Killed:27 Dropped:12 Xfer:3
      LG: Took:0 Killed:0 Dropped:0
  Damage: Tkn:31896 Gvn:36399 EWep:6066 Tm:1844
    Time: Quad:274
[puls]: Wp: rl27 gl12 sg44% ssg43%
Powerups: Q:9 P:0 R:0
Armr&mhs: ga:23 ya:23 ra:0 mh:13
      RL: Took:32 Killed:20 Dropped:13 Xfer:4
      LG: Took:0 Killed:0 Dropped:0
  Damage: Tkn:36399 Gvn:31896 EWep:7275 Tm:1372
    Time: Quad:155
______________________________________
[e1m2] top scorers:
______________________________________
      Frags: andeh [80]
     Deaths: Timon [82]
Friendkills: lethalwiz [5]
             andeh [5]
             Timon [5]
 Efficiency: lethalwiz [58.7%]
 FragStreak: andeh [28]
    QuadRun: rio [8]
             andeh [8]
  RL Killer: Nidweyr [9]
Boomsticker: andeh [57.7%]
   Survivor: lethalwiz [167]
Annihilator: andeh [11552]

______________________________________

Team scores: frags . percentage
______________________________________
[=s=]: 247 . 55.8%
[puls]: 196 . 44.2%
______________________________________
Statistics stored (matchtag not recognised)