Playing demo from 8.mvd


_____________________________________

_Castle of the Damned
sniegov.dc is ready [dc]
All players ready
Timer started
QiZmo: timer lag point disabled
Server starts recording (memory): 4on4_s_vs_dc[e1m2]220202-2058.mvd
matchdate: 2022-02-02 20:58:38 UTC
trigger "onmatchstart" has no matching alias
The match has begun!
(goblin): >&c599gob:&cfff coming [rl] need armor weapon
(lethalwiz): >&c599lwz:&cfff 0/100 [cross] 
(rio): >  &c353rio&r [quad] &cfff0&r/&cfff100&r sg &caaa
(andeh): >  &cd37and&r [mega-low] &cfff0&r/&cfff100&r sg &caaa
(goblin): >&c599gob:&cfff 0/100 &cf31rl&cfff&cf31:5&cfff [cross-water] 
(lethalwiz): >&c599lwz:&cfff 0/-8 [quad-box] &c05fquad&cfff
(lethalwiz): >&c599lwz:&cfff 0/-8 [quad-box] &c05fquad&cfff
(goblin): >&c599gob:&cfff 0/200 &cf31rl&cfff&cf31:10&cfff [mega] 
[19] minutes remaining
Team [=s=] leads by 5 frags
(grl.dc): >&cf0fGRL&cfff &cf00lost&cfff &cf00[&cfffquad&cf00]&cfff 2
(grl.dc): >&cf0fGRL&cfff &cf00lost&cfff &cf00[&cfffquad&cf00]&cfff 2
(grl.dc): >&cf0fGRL&cfff coming [cross]
(grl.dc): >&cf0fGRL&cfff coming [cross]
(sniegov.dc): >&cf0fsha&cfff    &cf60coming&cfff [cross.water]
(andeh): >  &cd37and&r [start] &cfff0&r/&cfff100&r sg &caaa
(goblin): >&c599gob:&cfff 0/79 &cf31rl&cfff&cf31:2&cfff [mega-entry] 
(rio): >  &c353rio&r [start-rl] &cfff0&r/&cfff100&r sg &caaa
(rio): >  &c353rio&r [start-rl] &cfff0&r/&cfff100&r sg &caaa
(rio): >&cfa1rio &cfa6[&cfa9start-rl&cfa6] coming&r &cfa60/100&r 
(andeh): >&cfffand &caaa[&c666gl&caaa] took&r &c299gl&cfff
(goblin): >&c599gob:&cfff 0/100 &cf31rl&cfff&cf31:2&cfff [mega] 
(rio): >  &c353rio&r [mega-low] &cfff0&r/&cfff100&r sg &caaa
(andeh): >&cf00and &cf55[&cf99ya&cf55] lost&r &cf552&r
(andeh): >&cf00and &cf55[&cf99ya&cf55] lost&r &cf552&r
(goblin): >&c599gob:&cfff 0/200 &cf31rl&cfff&cf31:2&cfff [mega-rox] 
(rio): >  &c353rio&r [gl-quad] &cfff0&r/&cfff100&r sng &caaa
(lethalwiz): >&c599lwz:&cfff &c693g&cfff52/29 &cf60rl&cfff&cf31:1&cfff [start-hide] 
(lethalwiz): >&c599lwz:&cfff &c693g&cfff52/29 &cf60rl&cfff&cf31:1&cfff [start-hide] 
(lethalwiz): >&c599lwz:&cfff &c693g&cfff27/-26 &cf60rl&cfff&cf31:0&cfff [start-hide] 
(lethalwiz): >&c599lwz:&cfff &c693g&cfff27/-26 &cf60rl&cfff&cf31:0&cfff [start-hide] 
(lethalwiz): >&c599lwz:&cfff &c693g&cfff27/-26 &cf60rl&cfff&cf31:0&cfff [start-hide] 
(andeh): >&cf00and &cf55[&cf99start&cf55] lost&r &cf551&r
(andeh): >&cf00and &cf55[&cf99start&cf55] lost&r &cf551&r
(sniegov.dc): >&ce00sni&cfff __ &ce00lost&cfff &ce00[&cfffya&ce00]&cfff 1 
(airman.dc): >&c372 23 &cfff &cff0105&cfff/46 &cf13rl&cfff:7 [start] 
(airman.dc): >&c372 23 &cfff &cff0105&cfff/46 &cf13rl&cfff:7 [start] 
(airman.dc): >&c372 23 &cfff &cff0105&cfff/46 &cf13rl&cfff:7 [start] 
[18] minutes remaining
Team [=s=] leads by 4 frags
(pooll.dc): >&ca20poo&cfff  &cf60coming&cfff [rl]
(grl.dc): >&cf0fGRL&cfff &cf00lost&cfff &cf00[&cfffya&cf00]&cfff 2
(grl.dc): >&cf0fGRL&cfff &cf00lost&cfff &cf00[&cfffya&cf00]&cfff 2
(pooll.dc): >&ca20poo&cfff took &cf13rl&cfff [rl]
(pooll.dc): >&ca20poo&cfff took &cf13rl&cfff [rl]
(sniegov.dc): >&cf0fsha&cfff    &cf60coming&cfff [spikes]
(airman.dc): >&c372 23 &cfff &cff0105&cfff/46 &cf13rl&cfff:7 [start.stairs] 
(airman.dc): >&c372 23 &cfff &cff0105&cfff/46 &cf13rl&cfff:7 [start.stairs] 
(airman.dc): >&c372 23 &cfff &cff0105&cfff/46 &cf13rl&cfff:7 [start.stairs] 
(airman.dc): >&c372 23 &cfff &cff0105&cfff/46 &cf13rl&cfff:7 [start.stairs] 
(grl.dc): >&cf0fGRL&cfff &cf00lost&cfff &cf00[&cfffgl&cf00]&cfff 1
(grl.dc): >&cf0fGRL&cfff &cf00lost&cfff &cf00[&cfffgl&cf00]&cfff 1
(lethalwiz): >&c599lwz:&cfff 0/-99 &cf60rl&cfff&cf31:14&cfff [cross] 
(lethalwiz): >&c599lwz:&cfff 0/100 [gl-quad] 
(lethalwiz): >&c599lwz:&cfff 0/-99 [gl-quad] 
(rio): >&cf00rio &cf55[&cf99ssg&cf55] lost&r &cf551&r
(rio): >&cf00rio &cf55[&cf99ssg&cf55] lost&r &cf551&r
(andeh): >&cfa1and &cfa6[&cfa9gl&cfa6] coming&r &cfa60/31&r &cf31rl&cfff
(lethalwiz): >&c599lwz:&cfff 0/-4 [ya] 
(rio): >  &c353rio&r [ya] &cfff0&r/&cfff100&r sg &caaa
(andeh): >&cf00and &cf55[&cf99ya&cf55] lost&r &cf554&r
(andeh): >&cf00and &cf55[&cf99ya&cf55] lost&r &cf554&r
(andeh): >&cf00and &cf55[&cf99ya&cf55] lost&r &cf554&r
(grl.dc): >&cf0fGRL&cfff &cf00lost&cfff &cf00[&cfffrl&cf00]&cfff 1
(grl.dc): >&cf0fGRL&cfff &cf00lost&cfff &cf00[&cfffrl&cf00]&cfff 1
(sniegov.dc): >&cf0fsha&cfff __ &c0b0safe&cfff &c0b0[ya]&cfff sg:97
(sniegov.dc): >&cf0fsha&cfff __ &c0b0safe&cfff &c0b0[ya]&cfff sg:97
(sniegov.dc): >&cf0fsha&cfff __ &c0b0safe&cfff &c0b0[ya]&cfff sg:97
(sniegov.dc): >&ce00sni&cfff __ &ce00lost&cfff &ce00[&cfffya&ce00]&cfff 1 
(sniegov.dc): >&ce00sni&cfff __ &ce00lost&cfff &ce00[&cfffquad&ce00]&cfff 2 
(pooll.dc): >&ca20poo&cfff  0/100 sg [mega.sng] 
(grl.dc): >&cf0fGRL&cfff &cf00lost&cfff &cf00[&cfffquad&cf00]&cfff 2
(grl.dc): >&cf0fGRL&cfff &cf00lost&cfff &cf00[&cfffquad&cf00]&cfff 2
(airman.dc): >&c372 23 &cfff &c0b0100&cfff/100 &cf13rl&cfff:0 [door] 
(airman.dc): >&c372 23 &cfff &c0b0100&cfff/100 &cf13rl&cfff:0 [door] 
(airman.dc): >&c372 23 &cfff &c0b0100&cfff/100 &cf13rl&cfff:0 [door] 
(airman.dc): >&c372 23 &cfff &c0b0100&cfff/100 &cf13rl&cfff:0 [cross] 
(pooll.dc): >&ca20poo&cfff  &c0b0safe&cfff &c0b0[&cfffmega&c0b0]&cfff sng
(sniegov.dc): >&cf0fsha&cfff __ &c0b0safe&cfff &c0b0[rl]&cfff ng:30
(pooll.dc): >&ca20poo&cfff  &c0b0safe&cfff &c0b0[&cfffmega&c0b0]&cfff sng
(sniegov.dc): >&cf0fsha&cfff __ &c0b0safe&cfff &c0b0[rl]&cfff ng:30
(sniegov.dc): >&cf0fsha&cfff __ &c0b0safe&cfff &c0b0[rl]&cfff ng:30
[17] minutes remaining
Team [=s=] leads by 6 frags
(airman.dc): >&c372 23 &cfff &c0b0100&cfff/100 &cf13rl&cfff:0 [mega.rox] 
(airman.dc): >&c372 23 &cfff &c0b0100&cfff/100 &cf13rl&cfff:0 [mega.rox] 
(grl.dc): >&cf0fGRL&cfff coming [door]
(grl.dc): >&cf0fGRL&cfff coming [door]
(sniegov.dc): >&ce00sni&cfff __ &ce00lost&cfff &ce00[&cfffwater.rl&ce00]&cfff 1 
(pooll.dc): >&ca20poo&cfff  0/52 sng [quad] &c05fquad&cfff
(grl.dc): >&cf0fGRL&cfff &cf00lost&cfff &cf00[&cfffcross&cf00]&cfff 3
(grl.dc): >&cf0fGRL&cfff &cf00lost&cfff &cf00[&cfffcross&cf00]&cfff 3
(airman.dc): >&c372 23 &cfff &c0b0100&cfff/100 &cf13rl&cfff:5 [mega.rox] 
(grl.dc): >&cf0fGRL&cfff &cf00lost&cfff &cf00[&cfffwater.rl&cf00]&cfff 1
(airman.dc): >&c372 23 &cfff &c0b0100&cfff/100 &cf13rl&cfff:5 [mega.rox] 
(grl.dc): >&cf0fGRL&cfff &cf00lost&cfff &cf00[&cfffwater.rl&cf00]&cfff 1
(airman.dc): >&c372 23 &cfff &c0b0100&cfff/100 &cf13rl&cfff:5 [mega] 
(airman.dc): >&c372 23 &cfff &c0b0100&cfff/100 &cf13rl&cfff:5 [mega] 
(sniegov.dc): >&ce00sni&cfff __ &ce00lost&cfff &ce00[&cfffdoor&ce00]&cfff 3 
(airman.dc): >&c372 23 &cfff &c0b0100&cfff/100 &cf13rl&cfff:5 [mega] 
(airman.dc): >&c372 23 &cfff &c0b0100&cfff/100 &cf13rl&cfff:5 [mega] 
(airman.dc): >&c372 23 &cfff &c0b0100&cfff/100 &cf13rl&cfff:5 [mega] 
(pooll.dc): >&ca20poo&cfff  0/68 sng [gl] &c05fquad&cfff
(airman.dc): >&c372 23 &cfff &c0b0100&cfff/100 &cf13rl&cfff:5 [mega] 
(airman.dc): >&c372 23 &cfff &c0b0100&cfff/100 &cf13rl&cfff:5 [mega] 
(airman.dc): >&c372 23 &cfff &c0b0100&cfff/100 &cf13rl&cfff:5 [mega] 
(airman.dc): >&c372 23 &cfff &c0b0100&cfff/100 &cf13rl&cfff:5 [mega] 
(airman.dc): >&c372 23 &cfff &c0b0100&cfff/100 &cf13rl&cfff:5 [mega] 
(sniegov.dc): >&ce00sni&cfff __ &ce00lost&cfff &ce00[&cfffrl&ce00]&cfff 1 
(sniegov.dc): >&ce00sni&cfff __ &ce00lost&cfff &ce00[&cfffrl&ce00]&cfff 1 
(pooll.dc): >&ca20poo&cfff took &cff0ya&cfff [ya]
Quad Damage is wearing off
(sniegov.dc): >&cf0fsha&cfff __ &c0b0safe&cfff &c0b0[ya]&cfff sg:49
(sniegov.dc): >&cf0fsha&cfff __ &c0b0safe&cfff &c0b0[ya]&cfff sg:49
(sniegov.dc): >&cf0fsha&cfff __ &c0b0safe&cfff &c0b0[ya]&cfff sg:49
(grl.dc): >&cf0fGRL&cfff coming [spikes]
(grl.dc): >&cf0fGRL&cfff coming [spikes]
(grl.dc): >&cf0fGRL&cfff coming [spikes]
(grl.dc): >&cf0fGRL&cfff coming [spikes]
(pooll.dc): >&ca20poo&cfff  &cff054&cfff/42 gl [mega.sng] 
(pooll.dc): >&ca20poo&cfff  &cff054&cfff/100 gl [quad.stairs] 
(grl.dc): >&cf0fGRL&cfff &cf00lost&cfff &cf00[&cfffgl.stairs&cf00]&cfff 2
(grl.dc): >&cf0fGRL&cfff &cf00lost&cfff &cf00[&cfffgl.stairs&cf00]&cfff 2
[16] minutes remaining
Team [dc] leads by 3 frags
(grl.dc): >&cf0fGRL&cfff &cf00lost&cfff &cf00[&cfffya&cf00]&cfff 2
(grl.dc): >&cf0fGRL&cfff &cf00lost&cfff &cf00[&cfffya&cf00]&cfff 2
(grl.dc): >&cf0fGRL&cfff coming [start.rl]
(sniegov.dc): >&ce00sni&cfff __ &ce00lost&cfff &ce00[&cfffcross.water&ce00]&cfff 1 
(sniegov.dc): >&ce00sni&cfff __ &ce00lost&cfff &ce00[&cfffcross.water&ce00]&cfff 1 
(pooll.dc): >&ca20poo&cfff  0/67 gl [gl] &cf13r&cfff:5 &c05fquad&cfff
(airman.dc): >&c372 23 &cfff need armor/rox [quad.stairs]
(sniegov.dc): >&ce00sni&cfff __ &ce00lost&cfff &ce00[&cfffdoor&ce00]&cfff 2 
(pooll.dc): >&ca20poo&cfff  &cf00lost&cfff &cf00[&cfffya&cf00]&cfff 1
(pooll.dc): >&ca20poo&cfff  &cf00lost&cfff &cf00[&cfffya&cf00]&cfff 1
(grl.dc): >&cf0fGRL&cfff &cf00lost&cfff &cf00[&cfffgl.stairs&cf00]&cfff 2
(pooll.dc): >&ca20poo&cfff  &cf00lost&cfff &cf00[&cfffya.spikes&cf00]&cfff 3
(pooll.dc): >&ca20poo&cfff  &cf00lost&cfff &cf00[&cfffya.spikes&cf00]&cfff 3
(grl.dc): >&cf0fGRL&cfff 0/100 [rl]
(grl.dc): >&cf0fGRL&cfff 0/100 [rl]
(sniegov.dc): >&cf0fsha&cfff &c0b0100&cfff/100 [water.rl] ng 
(airman.dc): >&c372 23 &cfff 0/21 &cf13rl&cfff:1 [bridge.room] 
(sniegov.dc): >&cf0fsha&cfff &c0b0100&cfff/100 [water.rl] ng 
(sniegov.dc): >&cf0fsha&cfff    &cf60coming&cfff [cross.water]
(pooll.dc): >&ca20poo&cfff  0/100 sg [start.stairs] 
(airman.dc): >&c372 23 &cfff 0/32 &cf13rl&cfff:0 [ssg] 
(airman.dc): >&c372 23 &cfff &c0b0100&cfff/32 &cf13rl&cfff:0 [bridge.room] 
[15] minutes remaining
Team [dc] leads by 6 frags
(sniegov.dc): >&cf0fsha&cfff 0/16 [ya.tele] &cf60rl&cfff:1 
(pooll.dc): >&ca20poo&cfff  0/11 &cf13rl&cfff:17 [quad.stairs] 
(pooll.dc): >&ca20poo&cfff  &cf00lost&cfff &cf00[&cfffcross&cf00]&cfff 2
(pooll.dc): >&ca20poo&cfff  &cf00lost&cfff &cf00[&cfffcross&cf00]&cfff 2
(pooll.dc): >&ca20poo&cfff  0/100 sg [rl] 
Quad Damage is wearing off
(sniegov.dc): >&ce00sni&cfff __ &ce00lost&cfff &ce00[&cfffgl&ce00]&cfff 1 
(airman.dc): >&c372 23 &cfff &c0b022&cfff/54 &cf13rl&cfff:10 [ya] 
(pooll.dc): >&ca20poo&cfff  &c0b0safe&cfff &c0b0[&cfffmega&c0b0]&cfff &cf13rl&cfff
(pooll.dc): >&ca20poo&cfff  &c0b0safe&cfff &c0b0[&cfffmega&c0b0]&cfff &cf13rl&cfff
(sniegov.dc): >&ce00sni&cfff __ &ce00lost&cfff &ce00[&cfffwater.rl&ce00]&cfff 1 
(airman.dc): >&c372 23 &cfff &c0b022&cfff/54 &cf13rl&cfff:7 [ya] 
(airman.dc): >&c372 23 &cfff &c0b022&cfff/54 &cf13rl&cfff:7 [ya] 
(sniegov.dc): >&cf0fsha&cfff    rox > [mega.rox]
(pooll.dc): >&ca20poo&cfff  0/100 &cf13rl&cfff:1 [mega.low] 
(pooll.dc): >&ca20poo&cfff  0/100 &cf13rl&cfff:1 [mega.low] 
(sniegov.dc): >&cf0fsha&cfff    rox > [mega.rox]
(airman.dc): >&c372 23 &cfff &c0b05&cfff/15 &cf13rl&cfff:6 [ya] 
(airman.dc): >&c372 23 &cfff &c0b05&cfff/15 &cf13rl&cfff:6 [ya] 
(airman.dc): >&c372 23 &cfff &c0b05&cfff/15 &cf13rl&cfff:6 [ya] 
(airman.dc): >&c372 23 &cfff &c0b05&cfff/15 &cf13rl&cfff:6 [ya] 
(airman.dc): >&c372 23 &cfff &c0b05&cfff/15 &cf13rl&cfff:6 [ya] 
(airman.dc): >&c372 23 &cfff &c0b05&cfff/15 &cf13rl&cfff:6 [ya] 
(airman.dc): >&c372 23 &cfff &c0b05&cfff/15 &cf13rl&cfff:6 [ya] 
(airman.dc): >&c372 23 &cfff &c0b05&cfff/15 &cf13rl&cfff:6 [ya] 
(airman.dc): >&c372 23 &cfff &c0b05&cfff/15 &cf13rl&cfff:6 [ya] 
(airman.dc): >&c372 23 &cfff &c0b05&cfff/15 &cf13rl&cfff:6 [ya] 
(airman.dc): >&c372 23 &cfff &c0b05&cfff/15 &cf13rl&cfff:6 [ya] 
(airman.dc): >&c372 23 &cfff &c0b05&cfff/15 &cf13rl&cfff:6 [ya] 
(airman.dc): >&c372 23 &cfff &c0b05&cfff/15 &cf13rl&cfff:6 [ya] 
(airman.dc): >&c372 23 &cfff &c0b05&cfff/15 &cf13rl&cfff:6 [ya] 
(sniegov.dc): >&ce00sni&cfff __ &ce00lost&cfff &ce00[&cfffquad&ce00]&cfff 2 
(sniegov.dc): >&ce00sni&cfff __ &ce00lost&cfff &ce00[&cfffquad&ce00]&cfff 2 
(airman.dc): >&c372 23 &cfff &c0b05&cfff/15 &cf13rl&cfff:6 [ya] 
(airman.dc): >&c372 23 &cfff &c0b05&cfff/15 &cf13rl&cfff:6 [ya] 
(grl.dc): >&cf0fGRL&cfff 0/100 [start.rl]
(grl.dc): >&cf0fGRL&cfff 0/100 [start.rl]
(grl.dc): >&cf0fGRL&cfff &cf00lost&cfff &cf00[&cfffrl&cf00]&cfff 2
(grl.dc): >&cf0fGRL&cfff &cf00lost&cfff &cf00[&cfffrl&cf00]&cfff 2
(pooll.dc): >&ca20poo&cfff  0/200 &cf13rl&cfff:4 [cross] 
[14] minutes remaining
Team [dc] leads by 10 frags
(airman.dc): >&c372 23 &cfff &cff0127&cfff/52 &cf13rl&cfff:5 [bridge] 
(grl.dc): >&cf0fGRL&cfff 0/100 gl:3 [quad] &cf13r&cfff:3
(sniegov.dc): >&cf0fsha&cfff &c0b0100&cfff/100 [water.rl] sg 
(airman.dc): >&c372 23 &cfff &cf2apack&cfff at [quad]
(pooll.dc): >&ca20poo&cfff  need armor [gl.rox]
(airman.dc): >&c372 23 &cfff &cff070&cfff/47 &cf13rl&cfff:4 [ya] &c05fquad&cfff
(pooll.dc): >&ca20poo&cfff  &c0b0safe&cfff &c0b0[&cfffgl&c0b0]&cfff &cf13rl&cfff
(pooll.dc): >&ca20poo&cfff  &c0b0safe&cfff &c0b0[&cfffgl&c0b0]&cfff &cf13rl&cfff
(sniegov.dc): >&cf0fsha&cfff __ &c0b0safe&cfff &c0b0[rl]&cfff sg:43
(airman.dc): >&c372 23 &cfff &cff096&cfff/11 &cf13rl&cfff:1 [water.ga] &c05fquad&cfff
(airman.dc): >&c372 23 &cfff &cff096&cfff/11 &cf13rl&cfff:1 [water.ga] &c05fquad&cfff
(airman.dc): >&c372 23 &cfff &cff081&cfff/2 &cf13rl&cfff:1 [water.ga] &c05fquad&cfff
(airman.dc): >&c372 23 &cfff &cff081&cfff/2 &cf13rl&cfff:1 [water.ga] &c05fquad&cfff
(airman.dc): >&c372 23 &cfff &cff081&cfff/2 &cf13rl&cfff:1 [water.ga] &c05fquad&cfff
(airman.dc): >&c372 23 &cfff &cff081&cfff/2 &cf13rl&cfff:1 [water.ga] &c05fquad&cfff
(airman.dc): >&c372 23 &cfff &cff081&cfff/2 &cf13rl&cfff:1 [water.ga] &c05fquad&cfff
(airman.dc): >&c372 23 &cfff &cff081&cfff/2 &cf13rl&cfff:1 [water.ga] &c05fquad&cfff
(airman.dc): >&c372 23 &cfff &cff081&cfff/2 &cf13rl&cfff:1 [water.spikes] &c05fquad&cfff
(airman.dc): >&c372 23 &cfff &cff081&cfff/2 &cf13rl&cfff:1 [water.spikes] &c05fquad&cfff
(airman.dc): >&c372 23 &cfff &cff081&cfff/2 &cf13rl&cfff:1 [water.spikes] &c05fquad&cfff
(airman.dc): >&c372 23 &cfff &cff081&cfff/2 &cf13rl&cfff:1 [water.spikes] &c05fquad&cfff
(airman.dc): >&c372 23 &cfff &cff081&cfff/2 &cf13rl&cfff:1 [water.spikes] &c05fquad&cfff
(airman.dc): >&c372 23 &cfff &cff081&cfff/2 &cf13rl&cfff:1 [water.spikes] &c05fquad&cfff
(airman.dc): >&c372 23 &cfff &cff081&cfff/2 &cf13rl&cfff:1 [water.spikes] &c05fquad&cfff
(airman.dc): >&c372 23 &cfff &cff081&cfff/2 &cf13rl&cfff:1 [water.spikes] &c05fquad&cfff
(pooll.dc): >&ca20poo&cfff   &cf2apack&cfff at [ya]
(pooll.dc): >&ca20poo&cfff   &cf2apack&cfff at [ya]
(pooll.dc): >&ca20poo&cfff   &cf2apack&cfff at [ya]
(airman.dc): >&c372 23 &cfff &cff081&cfff/2 &cf13rl&cfff:1 [water.spikes] &c05fquad&cfff
(airman.dc): >&c372 23 &cfff &cff081&cfff/2 &cf13rl&cfff:1 [water.spikes] &c05fquad&cfff
(airman.dc): >&c372 23 &cfff &cff081&cfff/2 &cf13rl&cfff:1 [water.spikes] &c05fquad&cfff
(airman.dc): >&c372 23 &cfff &cff081&cfff/2 &cf13rl&cfff:1 [water.spikes] &c05fquad&cfff
(pooll.dc): >&ca20poo&cfff  &cf00lost&cfff &cf00[&cfffya&cf00]&cfff 1
(pooll.dc): >&ca20poo&cfff  &cf00lost&cfff &cf00[&cfffya&cf00]&cfff 1
Quad Damage is wearing off
(sniegov.dc): >&cf0fsha&cfff &c0b076&cfff/84 [water.lift] &cf60rl&cfff:5 
(grl.dc): >&cf0fGRL&cfff &cf00lost&cfff &cf00[&cfffssg.spikes&cf00]&cfff 1
(grl.dc): >&cf0fGRL&cfff &cf00lost&cfff &cf00[&cfffssg.spikes&cf00]&cfff 1
(airman.dc): >&c372 23 &cfff &cf00lost&cfff &cf00[&cfffbridge.room&cf00]&cfff 2
(airman.dc): >&c372 23 &cfff &cf00lost&cfff &cf00[&cfffbridge.room&cf00]&cfff 2
(airman.dc): >&c372 23 &cfff &cf00lost&cfff &cf00[&cfffbridge.room&cf00]&cfff 2
(lethalwiz): >&c599lwz:&cfff 0/-10 ssg [ssg] 
no weapon
(andeh): >&cfffand &caaa[&c666gl&caaa] took&r {&r__&cf2aPACK&r__&
(goblin): >&c599gob:&cfff &c0ffmega&cfff at [mega]
(andeh): >  &cd37and&r [gl] &cf660&r/&cfff64&r &cf31rl&cfff&cf66:2&r &caaaneed armor
(lethalwiz): >&c599lwz:&cfff &cf00lost&cfff [gl] 2
(lethalwiz): >&c599lwz:&cfff &cf00lost&cfff [gl] 2
(lethalwiz): >&c599lwz:&cfff &cf00lost&cfff [gl] 2
(andeh): >  &cd37and&r [gl-stairs] &cf660&r/&cfff64&r &cf31rl&cfff&cf66:2&r &caaaneed armor
[13] minutes remaining
Team [dc] leads by 10 frags
(goblin): >&c599gob:&cfff 0/200 sng [mega-sng] rox:5 
(lethalwiz): >&c599lwz:&cfff 0/-20 [quad] 
(andeh): >&cfffand &caaa[&c666ya&caaa] took&r &cff0ya&cfff
(goblin): >&c599gob:&cfff 0/195 sng [quad] rox:5 
(pooll.dc): >&ca20poo&cfff took &cf2apack&cfff [quad]
(sniegov.dc): >&cf0fsha&cfff    &cf60coming&cfff [cross.water]
(andeh): >  &cd37and&r [gl] &c991y&cfff&cfff150&r/&cfff76&r &cf31rl&cfff&cf66:1&r &caaa
(andeh): >&cd37and:&cfff need rox [gl]
(lethalwiz): >&c599lwz:&cfff &cf00lost&cfff [mega-low] 3
(goblin): >&c599gob:&cfff lethalwiz at [ya]
(goblin): >&c599gob:&cfff 0/100 [ya] 
(lethalwiz): >&c599lwz:&cfff 0/100 [ya-water] 
(goblin): >&c599gob:&cfff lethalwiz at [ya-water]
(goblin): >&c599gob:&cfff rio at [ya-tele]
(andeh): >  &cd37and&r [gl] &c991y&cfff&cfff150&r/&cfff76&r &cf31rl&cfff&cf66:1&r &caaa
(andeh): >  &cd37and&r [gl] &c991y&cfff&cfff135&r/&cfff67&r &cf31rl&cfff &caaa
(rio): >&c0f0rio &c5f5[&c9f9gl&c5f5] safe&r &cf31rl&cfff
(rio): >&c0f0rio &c5f5[&c9f9gl&c5f5] safe&r &cf31rl&cfff
(lethalwiz): >&c599lwz:&cfff &c693g&cfff35/-38 sng [rl] 
(goblin): >&c599gob:&cfff 0/100 [cross] 
(lethalwiz): >&c599lwz:&cfff &c693g&cfff35/-38 sng [rl] 
(lethalwiz): >&c599lwz:&cfff 0/-10 [rl] 
(andeh): >&cf00and &cf55[&cf99ga&cf55] lost&r &cf551&r
(andeh): >&cf00and &cf55[&cf99ga&cf55] lost&r &cf551&r
(andeh): >&cf00and &cf55[&cf99ga&cf55] lost&r &cf551&r
(andeh): >&cf00and &cf55[&cf99ga&cf55] lost&r &cf551&r
(andeh): >&cf00and &cf55[&cf99ga&cf55] lost&r &cf551&r
(goblin): >&c599gob:&cfff andeh at [gl-stairs]
(goblin): >&c599gob:&cfff 0/100 [gl-stairs] 
[12] minutes remaining
Team [dc] leads by 12 frags
(rio): >&c1ff>&r   &c777at&r [gl-quad]
(pooll.dc): >&ca20poo&cfff  &cf00lost&cfff &cf00[&cfffquad.box&cf00]&cfff 3
(pooll.dc): >&ca20poo&cfff  &cf00lost&cfff &cf00[&cfffquad.box&cf00]&cfff 3
(lethalwiz): >&c599lwz:&cfff &cf00lost&cfff [mega-low] 1
(pooll.dc): >&ca20poo&cfff took &cf2apack&cfff [quad]
(pooll.dc): >&ca20poo&cfff took &cf2apack&cfff [quad]
(lethalwiz): >&c599lwz:&cfff &cf00lost&cfff [mega-low] 2
(goblin): >&c599gob:&cfff 0/100 sg [gl] rox:22 
(andeh): >  &cd37and&r [ya] &cfff0&r/&cfff41&r sg &caaa
(rio): >  &c353rio&r [mega-rox] &cf660&r/&cfff60&r &cf31rl&cfff&cf66:3&r &caaaneed armor
(goblin): >&c599gob:&cfff 0/100 sg [ya-water] rox:22 
(rio): >&cf00rio &cf55[&cf99mega&cf55] lost&r &cf00(dropped rl-pack)&r
(grl.dc): >&cf0fGRL&cfff &cf00lost&cfff &cf00[&cfffmega&cf00]&cfff 2
(grl.dc): >&cf0fGRL&cfff &cf00lost&cfff &cf00[&cfffmega&cf00]&cfff 2
lethalwiz: 8)
(grl.dc): >&cf0fGRL&cfff 0/48 gl:4 [ya] &cf13r&cfff:4
(grl.dc): >&cf0fGRL&cfff &cf00lost&cfff &cf00[&cfffya&cf00]&cfff 1
(sniegov.dc): >&cf0fsha&cfff 0/100 [water.rl] sg 
(goblin): >&c599gob:&cfff andeh at [ya]
(goblin): >&c599gob:&cfff andeh at [gl-stairs]
(lethalwiz): >&c599lwz:&cfff &c693g&cfff50/18 &cf60rl&cfff&cf31:27&cfff [start-rl] 
(rio): >  &c353rio&r [ssg] &cfff0&r/&cfff100&r ssg &caaa
(goblin): >&c599gob:&cfff took &cff0ya&cfff [ya]
(goblin): >&c599gob:&cfff took &cff0ya&cfff [ya]
(goblin): >&c599gob:&cfff andeh at [ya-water]
(goblin): >&c599gob:&cfff &c991y&cfff150/76 [ya-water] 
(andeh): >  &cd37and&r [ya-water] &c991y&cfff&cfff66&r/&cfff31&r sng &caaa
[11] minutes remaining
Team [dc] leads by 11 frags
(goblin): >&c599gob:&cfff &c991y&cfff150/100 [water-rl] 
(sniegov.dc): >&ce00sni&cfff __ &ce00lost&cfff &ce00[&cfffrl&ce00]&cfff 1 
(airman.dc): >&c372 23 &cfff &cf00lost&cfff &cf00[&cfffquad&cf00]&cfff 2
(airman.dc): >&c372 23 &cfff &cf00lost&cfff &cf00[&cfffquad&cf00]&cfff 2
(sniegov.dc): >&ce00sni&cfff __ &ce00lost&cfff &ce00[&cfffbridge&ce00]&cfff 2 
(airman.dc): >&c372 23 &cfff 0/100 ssg [ya] 
(airman.dc): >&c372 23 &cfff 0/100 ssg [ya] 
(airman.dc): >&c372 23 &cfff 0/100 ssg [ya] 
(airman.dc): >&c372 23 &cfff 0/100 ssg [ya] 
(airman.dc): >&c372 23 &cfff 0/100 ssg [ya] 
(sniegov.dc): >&cf0fsha&cfff    rox > [mega.rox]
(sniegov.dc): >&cf0fsha&cfff    rox > [mega.rox]
(grl.dc): >&cf0fGRL&cfff &cf00lost&cfff &cf00[&cfffya.water&cf00]&cfff 1
(grl.dc): >&cf0fGRL&cfff &cf00lost&cfff &cf00[&cfffya.water&cf00]&cfff 1
(pooll.dc): >&ca20poo&cfff  &cf00lost&cfff &cf00[&cfffya.tele&cf00]&cfff 1
(pooll.dc): >&ca20poo&cfff  &cf00lost&cfff &cf00[&cfffya.tele&cf00]&cfff 1
(andeh): >  &cd37and&r [quad] &cfff0&r/&cfff100&r sg &caaa
(goblin): >&c599gob:&cfff &c991y&cfff150/159 &cf31rl&cfff&cf31:31&cfff [ya] 
(goblin): >&c599gob:&cfff &c991y&cfff150/159 &cf31rl&cfff&cf31:31&cfff [ya] 
(andeh): >  &cd37and&r [water-ga] &cfff0&r/&cfff100&r sng &caaa
[10] minutes remaining
Team [dc] leads by 7 frags
(rio): >  &c353rio&r [rl] &c693g&cfff&cfff100&r/&cfff100&r &cf31rl&cfff &caaa
(andeh): >&cf00and &cf55[&cf99water-ga&cf55] lost&r &cf551&r
(andeh): >&cf00and &cf55[&cf99water-ga&cf55] lost&r &cf551&r
(lethalwiz): >&c599lwz:&cfff 0/100 [quad-box] 
(lethalwiz): >&c599lwz:&cfff 0/100 [quad-box] 
(goblin): >&c599gob:&cfff &c991y&cfff150/124 &cf31rl&cfff&cf31:23&cfff [ya] 
(goblin): >&c599gob:&cfff &c991y&cfff150/124 &cf31rl&cfff&cf31:23&cfff [ya] 
(goblin): >&c599gob:&cfff &c991y&cfff117/100 &cf31rl&cfff&cf31:21&cfff [quad] 
(goblin): >&c599gob:&cfff rio at [quad]
(andeh): >  &cd37and&r [bridge] &cfff0&r/&cfff100&r ssg &caaa
(goblin): >&c599gob:&cfff lethalwiz at [ya]
(andeh): >  &cd37and&r [water-ga] &cfff0&r/&cfff52&r ssg &caaa
(andeh): >&cf00and &cf55[&cf99rl&cf55] lost&r &cf551&r
(rio): >  &c353rio&r &c05fquad&cfff [ya] &c693g&cfff&cf6656&r/&cfff78&r &cf31rl&cfff &caaaneed armor
(andeh): >&cf00and &cf55[&cf99rl&cf55] lost&r &cf551&r
(andeh): >&cf00and &cf55[&cf99mega&cf55] lost&r &cf553&r
(andeh): >&cf00and &cf55[&cf99mega&cf55] lost&r &cf553&r
(andeh): >&cf00and &cf55[&cf99mega&cf55] lost&r &cf553&r
(goblin): >&c599gob:&cfff &c991y&cfff99/100 &cf31rl&cfff&cf31:20&cfff [gl-stairs] 
(goblin): >&c599gob:&cfff andeh at [ya-water]
(rio): >  &c353rio&r &c05fquad&cfff [quad] &c991y&cfff&cfff150&r/&cfff93&r &cf31rl&cfff &caaa
(lethalwiz): >&c599lwz:&cfff &c693g&cfff53/-7 sng [cross] rox:5 
Quad Damage is wearing off
(lethalwiz): >&c599lwz:&cfff 0/-9 [cross] 
(andeh): >&cf00and &cf55[&cf99rl&cf55] lost&r &cf551&r
(lethalwiz): >&c599lwz:&cfff &cf00lost&cfff [quad] 2
(lethalwiz): >&c599lwz:&cfff &cf00lost&cfff [quad] 2
(goblin): >&c599gob:&cfff &c991y&cfff150/100 &cf31rl&cfff&cf31:18&cfff [ya-spikes] 
(goblin): >&c599gob:&cfff &c991y&cfff150/100 &cf31rl&cfff&cf31:18&cfff [ya-spikes] 
(rio): >  &c353rio&r [ya] &c991y&cfff&cfff95&r/&cfff100&r &cf31rl&cfff &caaa
(andeh): >&cfffand &caaa[&c666ya-water&caaa] took&r {&r__&cf2aPACK&r__&
(andeh): >&cfffand &caaa[&c666ya-water&caaa] took&r {&r__&cf2aPACK&r__&
(goblin): >&c599gob:&cfff &c991y&cfff119/100 &cf31rl&cfff&cf31:17&cfff [ya] 
[9] minutes remaining
The game is currently a tie
(lethalwiz): >&c599lwz:&cfff &c693g&cfff26/-72 gl [ssg] 
(goblin): >&c599gob:&cfff &c991y&cfff104/90 &cf31rl&cfff&cf31:25&cfff [gl-rox] 
(andeh): >&cfffand &caaa[&c666ya&caaa] took&r &cff0ya&cfff
(lethalwiz): >&c599lwz:&cfff 0/100 [quad-box] 
(goblin): >&c599gob:&cfff lethalwiz at [quad-box]
(goblin): >&c599gob:&cfff &c991y&cfff104/100 &cf31rl&cfff&cf31:24&cfff [quad] 
(rio): >&c1ff>&r   &c777at&r [gl-quad]
(goblin): >&c599gob:&cfff &c991y&cfff89/91 &cf31rl&cfff&cf31:22&cfff [quad-box] &c05fquad&cfff
(andeh): >&c0f0and &c5f5[&c9f9ya&c5f5] safe&r &cf31rl&cfff
(lethalwiz): >&c599lwz:&cfff 0/-60 [quad-stairs] 
(rio): >  &c353rio&r [gl] &c991y&cfff&cf6658&r/&cfff91&r &cf31rl&cfff &caaaneed armor
(lethalwiz): >&c599lwz:&cfff &c693g&cfff71/-11 ssg [bridge] 
(lethalwiz): >&c599lwz:&cfff &c693g&cfff71/-11 ssg [ssg] 
(andeh): >&c0f0and &c5f5[&c9f9gl&c5f5] safe&r &cf31rl&cfff
(andeh): >  &cd37and&r [gl] &c991y&cfff&cfff150&r/&cfff78&r &cf31rl&cfff &caaa
Quad Damage is wearing off
(andeh): >&c0f0and &c5f5[&c9f9gl&c5f5] safe&r &cf31rl&cfff
(goblin): >&c599gob:&cfff &c991y&cfff72/100 &cf31rl&cfff&cf31:16&cfff [ya] 
(andeh): >  &cd37and&r [gl] &c991y&cfff&cfff150&r/&cfff93&r &cf31rl&cfff &caaa
(goblin): >&c599gob:&cfff &c991y&cfff72/100 &cf31rl&cfff&cf31:16&cfff [ya] 
(lethalwiz): >&c599lwz:&cfff &c693g&cfff39/19 &cf60rl&cfff&cf31:4&cfff [start-rl] 
(goblin): >&c599gob:&cfff &cf2apack&cfff at [ya]
(goblin): >&c599gob:&cfff took &cff0ya&cfff [ya]
(goblin): >&c599gob:&cfff took &cff0ya&cfff [ya]
(rio): >  &c353rio&r [ya] &c991y&cfff&cfff106&r/&cfff76&r &cf31rl&cfff&cf66:1&r &caaa
(rio): >  &c353rio&r [gl] &c991y&cfff&cfff106&r/&cfff76&r &cf31rl&cfff&cf66:1&r &caaa
(rio): >  &c353rio&r [gl] &c991y&cfff&cfff106&r/&cfff76&r &cf31rl&cfff&cf66:1&r &caaa
[8] minutes remaining
Team [=s=] leads by 12 frags
(lethalwiz): >&c599lwz:&cfff &c693g&cfff39/49 &cf60rl&cfff&cf31:4&cfff [start] 
(andeh): >  &cd37and&r [gl] &c991y&cfff&cfff103&r/&cfff64&r &cf31rl&cfff &caaa
(rio): >  &c353rio&r [gl] &c991y&cfff&cfff106&r/&cfff76&r &cf31rl&cfff&cf66:1&r &caaa
(andeh): >&c0f0and &c5f5[&c9f9gl&c5f5] safe&r &cf31rl&cfff
(rio): >  &c353rio&r [gl-rox] &c991y&cfff&cfff106&r/&cfff76&r &cf31rl&cfff&cf66:1&r &caaa
(rio): >  &c353rio&r [gl-rox] &c991y&cfff&cfff106&r/&cfff76&r &cf31rl&cfff&cf66:1&r &caaa
(goblin): >&c599gob:&cfff &c991y&cfff96/100 &cf31rl&cfff&cf31:13&cfff [quad] 
(rio): >  &c05fquad&cfff &cfffis at [15/45]&r 15 late
(rio): >  &c05fquad&cfff &cfffis at [15/45]&r 15 late
(rio): >  &c05fquad&cfff &cfffis at [15/45]&r 15 late
(rio): >  &c05fquad&cfff &cfffis at [15/45]&r 15 late
(goblin): >&c599gob:&cfff &c991y&cfff47/70 &cf31rl&cfff&cf31:11&cfff [quad] 
(goblin): >&c599gob:&cfff &c991y&cfff47/70 &cf31rl&cfff&cf31:11&cfff [quad] 
(andeh): >  &cd37and&r [ya] &c991y&cfff&cf6668&r/&cfff67&r &cf31rl&cfff &caaaneed armor
(goblin): >&c599gob:&cfff rio at [quad]
(rio): >  &c353rio&r &c05fquad&cfff [quad] &c991y&cfff&cfff106&r/&cfff76&r &cf31rl&cfff &caaa
(andeh): >&cfffand &caaa[&c666ya&caaa] took&r &cff0ya&cfff
(andeh): >&c0f0and &c5f5[&c9f9ya&c5f5] safe&r &cf31rl&cfff
(rio): >  &c353rio&r &c05fquad&cfff [bridge] &c991y&cfff&cfff106&r/&cfff100&r &cf31rl&cfff &caaa
(goblin): >&c599gob:&cfff &c991y&cfff4/58 &cf31rl&cfff&cf31:7&cfff [gl] 
(goblin): >&c599gob:&cfff 0/42 &cf31rl&cfff&cf31:5&cfff [gl-stairs] 
(goblin): >&c599gob:&cfff andeh at [ya]
(lethalwiz): >&c599lwz:&cfff &cf00lost&cfff [mega-low] 1
(lethalwiz): >&c599lwz:&cfff &cf00lost&cfff [mega-low] 1
(lethalwiz): >&c599lwz:&cfff &cf00lost&cfff [mega-low] 1
(goblin): >&c599gob:&cfff &cf00lost&cfff [ya] 1
(goblin): >&c599gob:&cfff &cf00lost&cfff [ya] 1
Quad Damage is wearing off
(goblin): >&c599gob:&cfff 0/100 &c299gl&cfff [gl] rox:5 
(goblin): >&c599gob:&cfff 0/84 &cf31rl&cfff&cf31:6&cfff [ya-tele] 
(rio): >  &c353rio&r [gl] &c991y&cfff&cf6615&r/&cfff87&r &cf31rl&cfff &caaaneed armor
(goblin): >&c599gob:&cfff 0/42 &cf31rl&cfff&cf31:5&cfff [cross] 
(goblin): >&c599gob:&cfff &cf00lost&cfff [cross] 2
(goblin): >&c599gob:&cfff &cf00lost&cfff [cross] 2
(andeh): >  &cd37and&r [gl] &c991y&cfff&cfff80&r/&cf6640&r &cf31rl&cfff &caaaneed health
(lethalwiz): >&c599lwz:&cfff 0/40 &cf60rl&cfff&cf31:5&cfff [water-ga] 
(goblin): >&c599gob:&cfff &cf00lost&cfff [quad] 3
(goblin): >&c599gob:&cfff &cf00lost&cfff [quad] 3
(goblin): >&c599gob:&cfff &cf00lost&cfff [quad] 3
(goblin): >&c599gob:&cfff &cf00lost&cfff [quad] 3
(andeh): >  &cd37and&r [ya] &c991y&cfff&cfff80&r/&cfff80&r &cf31rl&cfff &caaa
(goblin): >&c599gob:&cfff &cf00lost&cfff [quad] 3
(lethalwiz): >&c599lwz:&cfff 0/40 &cf60rl&cfff&cf31:5&cfff [water-spikes] 
(andeh): >&c0f0and &c5f5[&c9f9ya&c5f5] safe&r &cf31rl&cfff
[7] minutes remaining
Team [=s=] leads by 25 frags
(rio): >  &c05fquad&cfff &cfffis at [15/45]&r 15 late
(rio): >  &c05fquad&cfff &cfffis at [15/45]&r 15 late
(rio): >  &c05fquad&cfff &cfffis at [15/45]&r 15 late
(goblin): >&c599gob:&cfff 0/100 ng [quad-stairs] 
(andeh): >&cf00and &cf55[&cf99gl&cf55] lost&r &cf00(dropped rl-pack)&r
(andeh): >&cf00and &cf55[&cf99gl&cf55] lost&r &cf00(dropped rl-pack)&r
(andeh): >&cf00and &cf55[&cf99gl&cf55] lost&r &cf00(dropped rl-pack)&r
(andeh): >&cf00and &cf55[&cf99gl&cf55] lost&r &cf00(dropped rl-pack)&r
(andeh): >&cf00and &cf55[&cf99gl&cf55] lost&r &cf00(dropped rl-pack)&r
(andeh): >&cf00and &cf55[&cf99gl&cf55] lost&r &cf00(dropped rl-pack)&r
(andeh): >&cf00and &cf55[&cf99quad&cf55] lost&r &cf551&r
(andeh): >&cf00and &cf55[&cf99quad&cf55] lost&r &cf551&r
(andeh): >&cf00and &cf55[&cf99quad&cf55] lost&r &cf551&r
(pooll.dc): >&ca20poo&cfff  0/12 &cf13rl&cfff:8 [gl.quad] 
(andeh): >&cfffand &caaa[&c666quad-box&caaa] took&r {&r__&cf2aPACK&r__&
(andeh): >&cfffand &caaa[&c666quad-box&caaa] took&r {&r__&cf2aPACK&r__&
(goblin): >&c599gob:&cfff lethalwiz at [door]
(lethalwiz): >&c599lwz:&cfff &c693g&cfff100/70 &cf60rl&cfff&cf31:5&cfff [door] 
(andeh): >&cf00and &cf55[&cf99quad&cf55] lost&r &cf552&r
(andeh): >&cf00and &cf55[&cf99quad&cf55] lost&r &cf552&r
(rio): >&c1ff>&r   &c777at&r [mega]
(goblin): >&c599gob:&cfff 0/100 [mega-low] 
(rio): >&c1ff>&r   &c777at&r [mega]
(goblin): >&c599gob:&cfff 0/100 [door] 
(andeh): >&cf00and &cf55[&cf99ya-water&cf55] lost&r &cf552&r
(andeh): >&cf00and &cf55[&cf99ya-water&cf55] lost&r &cf552&r
(rio): >&cfffrio &caaa[&c666mega&caaa] took&r &c0ffmega&cfff
(lethalwiz): >&c599lwz:&cfff &c693g&cfff55/-2 &cf60rl&cfff&cf31:4&cfff [gl-quad] 
(rio): >  &c353rio&r [quad-stairs] &cf660&r/&cfff200&r &cf31rl&cfff &caaaneed armor
(goblin): >&c599gob:&cfff took &cf31rl&cfff [rl]
(goblin): >&c599gob:&cfff took &cf31rl&cfff [rl]
(rio): >  &c353rio&r [ya] &cf660&r/&cfff146&r &cf31rl&cfff &caaaneed armor
(goblin): >&c599gob:&cfff rio at [ya]
(goblin): >&c599gob:&cfff 0/100 ssg [ya] 
[6] minutes remaining
Team [=s=] leads by 21 frags
no weapon
(pooll.dc): >&ca20poo&cfff  &cff038&cfff/25 &cf13rl&cfff:7 [water.spikes] 
(sniegov.dc): >&cf0fsha&cfff 0/64 [ya] gl 
(airman.dc): >&c372 23 &cfff &cf00lost&cfff &cf00[&cfffbridge&cf00]&cfff 1
(airman.dc): >&c372 23 &cfff &cf00lost&cfff &cf00[&cfffbridge&cf00]&cfff 1
(grl.dc): >&cf0fGRL&cfff &cf00lost&cfff &cf00[&cfffmega&cf00]&cfff 1
(grl.dc): >&cf0fGRL&cfff &cf00lost&cfff &cf00[&cfffmega&cf00]&cfff 1
(sniegov.dc): >&cf0fsha&cfff    &cf60coming&cfff [gl.stairs]
(airman.dc): >&c372 23 &cfff &cf00lost&cfff &cf00[&cfffmega.low&cf00]&cfff 1
(airman.dc): >&c372 23 &cfff &cf00lost&cfff &cf00[&cfffmega.low&cf00]&cfff 1
(airman.dc): >&c372 23 &cfff &cf00lost&cfff &cf00[&cfffmega.low&cf00]&cfff 1
(sniegov.dc): >&ce00sni&cfff __ &ce00lost&cfff &ce00[&cfffquad.stairs&ce00]&cfff 2 
(rio): >&c1ff>&r   &c777at&r [mega-low]
(goblin): >&c599gob:&cfff took &cff0ya&cfff [ya]
(goblin): >&c599gob:&cfff took &cff0ya&cfff [ya]
(rio): >&cf00rio &cf55[&cf99gl&cf55] lost&r &cf551&r
(goblin): >&c599gob:&cfff &c991y&cfff90/49 [door] 
(goblin): >&c599gob:&cfff &c991y&cfff30/28 [door] 
(lethalwiz): >&c599lwz:&cfff 0/100 &cf60rl&cfff&cf31:6&cfff [quad-stairs] 
(goblin): >&c599gob:&cfff &c991y&cfff30/28 [rl] 
(goblin): >&c599gob:&cfff &c991y&cfff30/28 [rl] 
(goblin): >&c599gob:&cfff &c991y&cfff30/28 [rl] 
(goblin): >&c599gob:&cfff rio at [rl]
(goblin): >&c599gob:&cfff &c991y&cfff10/41 [rl] 
(rio): >&c1ff>&r   &c777at&r [rl]
(goblin): >&c599gob:&cfff &c991y&cfff10/66 &c299gl&cfff [cross-water] rox:2 
[5] minutes remaining
Team [=s=] leads by 28 frags
(rio): >  &c353rio&r [rl] &c693g&cfff&cfff84&r/&cfff68&r &cf31rl&cfff &caaa
(goblin): >&c599gob:&cfff 0/80 &c299gl&cfff [mega-low] rox:2 
(rio): >  &c353rio&r [mega-low] &c693g&cfff&cf6644&r/&cf664&r &cf31rl&cfff &caaaneed armor health
(pooll.dc): >&ca20poo&cfff  &c0b0team&cfff &c05fquad&cfff [quad.box] need armor/health/weapon
(pooll.dc): >&ca20poo&cfff  &c0b0team&cfff &c05fquad&cfff [quad.box] need armor/health/weapon
(grl.dc): >&cf0fGRL&cfff &cf00lost&cfff &cf00[&cfffga&cf00]&cfff 1
(grl.dc): >&cf0fGRL&cfff &cf00lost&cfff &cf00[&cfffga&cf00]&cfff 1
(airman.dc): >&c372 23 &cfff &cf00enemy&cfff at [cross]
(grl.dc): >&cf0fGRL&cfff coming [ya]
(grl.dc): >&cf0fGRL&cfff &cf00lost&cfff &cf00[&cfffya&cf00]&cfff 1
(lethalwiz): >&c599lwz:&cfff &c991y&cfff89/33 &cf60rl&cfff&cf31:6&cfff [ya] 
(goblin): >&c599gob:&cfff 0/80 ssg [door] rox:1 
(lethalwiz): >&c599lwz:&cfff &c991y&cfff89/33 &cf60rl&cfff&cf31:6&cfff [ya] 
(goblin): >&c599gob:&cfff 0/56 ssg [quad-stairs] rox:1 
(rio): >&cfffrio &caaa[&c666mega&caaa] took&r &c0ffmega&cfff
(andeh): >  &cd37and&r [ya] &cfff0&r/&cfff48&r sg &caaa
(goblin): >&c599gob:&cfff andeh at [ya]
(goblin): >&c599gob:&cfff 0/56 ssg [ya] rox:1 
(andeh): >  &cd37and&r [ya-water] &cfff0&r/&cfff48&r sng &caaa
(goblin): >&c599gob:&cfff &c991y&cfff138/16 ssg [gl-stairs] rox:1 
(rio): >&c1ff>&r   &c777at&r [gl]
(goblin): >&c599gob:&cfff &c991y&cfff138/16 &c299gl&cfff [gl] rox:6 
(rio): >&c1ff>&r   &c777at&r [gl]
(goblin): >&c599gob:&cfff &cf00lost&cfff [quad] 1
(goblin): >&c599gob:&cfff &cf00lost&cfff [quad] 1
(rio): >  &c353rio&r [gl] &cf660&r/&cfff90&r &cf31rl&cfff &caaaneed armor
(goblin): >&c599gob:&cfff 0/100 [rl] 
(lethalwiz): >&c599lwz:&cfff &c991y&cfff119/-3 &cf60rl&cfff&cf31:9&cfff [ga] 
[4] minutes remaining
Team [=s=] leads by 43 frags
(lethalwiz): >&c599lwz:&cfff &c693g&cfff36/-21 [ga] 
(andeh): >&cfffand &caaa[&c666rl&caaa] took&r &cf31rl&cfff
(andeh): >&cfffand &caaa[&c666rl&caaa] took&r &cf31rl&cfff
(goblin): >&c599gob:&cfff &cf2apack&cfff at [mega]
(andeh): >  &cd37and&r [start-rl] &cf660&r/&cfff76&r &cf31rl&cfff &caaaneed armor
(goblin): >&c599gob:&cfff &cf2apack&cfff at [mega]
(goblin): >&c599gob:&cfff &cf2apack&cfff at [mega]
(goblin): >&c599gob:&cfff &cf2apack&cfff at [mega]
(goblin): >&c599gob:&cfff &cf2apack&cfff at [mega]
(goblin): >&c599gob:&cfff &cf2apack&cfff at [mega]
(andeh): >  &cd37and&r [start] &cf660&r/&cfff76&r &cf31rl&cfff &caaaneed armor
(grl.dc): >&cf0fGRL&cfff coming [gl]
(grl.dc): >&cf0fGRL&cfff 0/100 gl:3 [gl] &cf13r&cfff:3
(airman.dc): >&c372 23 &cfff 0/46 &cf13rl&cfff:19 [ya] &c05fquad&cfff
(airman.dc): >&c372 23 &cfff 0/46 &cf13rl&cfff:19 [ya] &c05fquad&cfff
airman.dc: -------->hehe
airman.dc: -------->hehe
(lethalwiz): >&c599lwz:&cfff 0/65 sg [bridge] rox:13 
(lethalwiz): >&c599lwz:&cfff &cf00lost&cfff [rl] 1
(rio): >&c1ff>&r   &c777at&r [gl]
(goblin): >&c599gob:&cfff 0/100 [ga] 
(rio): >&c1ff>&r &c299gl&cfff &c777at&r [gl]
(rio): >  &c353rio&r [gl] &c991y&cfff&cfff119&r/&cfff100&r &cf31rl&cfff &caaa
(lethalwiz): >&c599lwz:&cfff &cf00lost&cfff [cross] 1
(rio): >&c1ff>&r   &c777at&r [gl]
(andeh): >  &cd37and&r [ya] &cf660&r/&cfff170&r &cf31rl&cfff &caaaneed armor
(lethalwiz): >&c599lwz:&cfff 0/100 sng [gl-sng] 
(andeh): >&cfffand &caaa[&c666ya&caaa] took&r &cff0ya&cfff
(andeh): >&cfffand &caaa[&c666ya&caaa] took&r &cff0ya&cfff
[3] minutes remaining
Team [=s=] leads by 41 frags
(andeh): >&cfffand &caaa[&c666ya&caaa] took&r &cff0ya&cfff
(andeh): >&cfffand &caaa[&c666ya&caaa] took&r &cff0ya&cfff
(rio): >  &c353rio&r [gl] &c991y&cfff&cf6651&r/&cfff79&r &cf31rl&cfff &caaaneed armor
(andeh): >  &cd37and&r [gl-rox] &c991y&cfff&cfff150&r/&cfff161&r &cf31rl&cfff &caaa
(lethalwiz): >&c599lwz:&cfff &c693g&cfff47/-5 sng [rl] 
(lethalwiz): >&c599lwz:&cfff &cf00lost&cfff [rl] 1
(lethalwiz): >&c599lwz:&cfff &cf00lost&cfff [mega-low] 1
(lethalwiz): >&c599lwz:&cfff &cf00lost&cfff [mega-rox] 3
(rio): >&cfffrio &caaa[&c666ya&caaa] took&r &cff0ya&cfff
(rio): >  &c353rio&r [gl] &c991y&cfff&cfff150&r/&cf6640&r &cf31rl&cfff &caaaneed health
(andeh): >  &c05fand&r __ &c05fteam quad typ&r __
(andeh): >  &cd37and&r &c05fquad&cfff [quad] &c991y&cfff&cfff81&r/&cfff100&r &cf31rl&cfff &caaa
(goblin): >&c599gob:&cfff 0/73 [ya] 
(goblin): >&c599gob:&cfff 0/73 [ya] 
(rio): >&c1ff>&r   &c777at&r [gl]
(goblin): >&c599gob:&cfff rio at [gl-stairs]
(goblin): >&c599gob:&cfff 0/73 [ya] 
(rio): >&c0f0rio &c5f5[&c9f9gl&c5f5] safe&r &cf31rl&cfff
(rio): >&c0f0rio &c5f5[&c9f9gl&c5f5] safe&r &cf31rl&cfff
no weapon
(rio): >  &c353rio&r [gl-quad] &c991y&cfff&cfff120&r/&cfff67&r &cf31rl&cfff &caaa
(goblin): >&c599gob:&cfff took &cff0ya&cfff [ya]
(goblin): >&c599gob:&cfff took &cff0ya&cfff [ya]
(goblin): >&c599gob:&cfff &c991y&cfff150/73 [ya] 
(goblin): >&c599gob:&cfff replace [ya-water]
(goblin): >&c599gob:&cfff replace [ya-water]
(goblin): >&c599gob:&cfff replace [ya-water]
(goblin): >&c599gob:&cfff replace [ya-water]
(andeh): >  &cd37and&r [quad-stairs] &cfff0&r/&cfff100&r sg &caaa
(goblin): >&c599gob:&cfff &c991y&cfff150/98 sng [water-ga] 
(rio): >  &c353rio&r [gl] &c991y&cfff&cfff93&r/&cfff95&r &cf31rl&cfff &caaa
(goblin): >&c599gob:&cfff &c0b0safe&cfff [rl]
(goblin): >&c599gob:&cfff &c0b0safe&cfff [rl]
(goblin): >&c599gob:&cfff &c0b0safe&cfff [rl]
(goblin): >&c599gob:&cfff &c991y&cfff150/100 sng [rl] 
(goblin): >&c599gob:&cfff &c991y&cfff150/100 sng [rl] 
(andeh): >&cf00and &cf55[&cf99door&cf55] lost&r &cf554&r
(andeh): >&cf00and &cf55[&cf99door&cf55] lost&r &cf554&r
(lethalwiz): >&c599lwz:&cfff &cf00lost&cfff [quad] 2
[2] minutes remaining
Team [=s=] leads by 43 frags
(lethalwiz): >&c599lwz:&cfff &cf00lost&cfff [quad] 2
(goblin): >&c599gob:&cfff took &cf31rl&cfff [rl]
(rio): >&cf00rio &cf55[&cf99gl&cf55] lost&r &cf552&r
(goblin): >&c599gob:&cfff took &cf31rl&cfff [rl]
(goblin): >&c599gob:&cfff &c991y&cfff150/100 &cf31rl&cfff&cf31:5&cfff [cross-water] 
(rio): >&cfffrio &caaa[&c666ya&caaa] took&r &cff0ya&cfff
(goblin): >&c599gob:&cfff &c991y&cfff150/100 &cf31rl&cfff&cf31:3&cfff [quad-box] 
(goblin): >&c599gob:&cfff &c0b0team&cfff &c05fquad&cfff
(goblin): >&c599gob:&cfff &c0b0team&cfff &c05fquad&cfff
(goblin): >&c599gob:&cfff &c0b0team&cfff &c05fquad&cfff
(goblin): >&c599gob:&cfff &c0b0team&cfff &c05fquad&cfff
(rio): >&cf00rio &cf55[&cf99rl&cf55] lost&r &cf552&r
(rio): >&cf00rio &cf55[&cf99rl&cf55] lost&r &cf552&r
(rio): >  &c353rio&r [gl] &cfff0&r/&cfff100&r sg &caaa
(rio): >&c1ff>&r rox &c777at&r [gl-rox]
(andeh): >  &cd37and&r [ya] &cfff0&r/&cfff63&r ssg &caaa
(andeh): >  &cd37and&r [ya] &cfff0&r/&cfff63&r ssg &caaa
(goblin): >&c599gob:&cfff &c991y&cfff99/67 &cf31rl&cfff&cf31:40&cfff [cross-water] &c05fquad&cfff
(andeh): >&cfffand &caaa[&c666ya&caaa] took&r &cff0ya&cfff
(rio): >&c1ff>&r   &c777at&r [quad-stairs]
(lethalwiz): >&c599lwz:&cfff 0/5 &cf60rl&cfff&cf31:5&cfff [start-rl] 
(goblin): >&c599gob:&cfff &c991y&cfff77/86 &cf31rl&cfff&cf31:38&cfff [mega-low] &c05fquad&cfff
Quad Damage is wearing off
(rio): >  &c353rio&r [gl-quad] &cfff0&r/&cfff100&r &c299gl&cfff &caaa
(andeh): >  &cd37and&r [water-ga] &cfff0&r/&cfff15&r ssg &caaa
[1] minute remaining
Team [=s=] leads by 60 frags
(rio): >&c1ff>&r &r__&cf2aPACK&r__&r &c777at&r [ya]
(goblin): >&c599gob:&cfff rio at [gl-stairs]
(goblin): >&c599gob:&cfff &c991y&cfff150/100 &cf31rl&cfff&cf31:34&cfff [ya] 
(rio): >&c1ff>&r &c299gl&cfff &c777at&r [gl]
(goblin): >&c599gob:&cfff &c991y&cfff150/100 &cf31rl&cfff&cf31:34&cfff [gl-quad] 
(rio): >  &c353rio&r [gl] &cfff0&r/&cfff100&r &c299gl&cfff &caaa
(lethalwiz): >&c599lwz:&cfff 0/21 &cf60rl&cfff&cf31:3&cfff [ssg-spikes] 
(lethalwiz): >&c599lwz:&cfff 0/46 &cf60rl&cfff&cf31:3&cfff [ya-spikes] 
(goblin): >&c599gob:&cfff &c0b0team&cfff &c05fquad&cfff
(goblin): >&c599gob:&cfff &c0b0team&cfff &c05fquad&cfff
(goblin): >&c599gob:&cfff &c0b0team&cfff &c05fquad&cfff
(goblin): >&c599gob:&cfff &c0b0team&cfff &c05fquad&cfff
(lethalwiz): >&c599lwz:&cfff &c991y&cfff150/71 &cf60rl&cfff&cf31:2&cfff [ya] 
(andeh): >  &cd37and&r [ga] &cfff0&r/&cfff100&r sg &caaa
(lethalwiz): >&c599lwz:&cfff &c991y&cfff150/71 &cf60rl&cfff&cf31:2&cfff [gl-stairs] 
[30] seconds
(rio): >&c1ff>&r &r__&cf2aPACK&r__&r &c777at&r [quad]
(goblin): >&c599gob:&cfff &cf00lost&cfff [cross] 3
(goblin): >&c599gob:&cfff &cf00lost&cfff [cross] 3
(goblin): >&c599gob:&cfff &cf00lost&cfff [cross] 3
no weapon
(rio): >&c1ff>&r   &c777at&r [gl]
(andeh): >&cf00and &cf55[&cf99door&cf55] lost&r &cf551&r
(goblin): >&c599gob:&cfff &cf00lost&cfff [quad] 1
(lethalwiz): >&c599lwz:&cfff &c991y&cfff150/100 &cf60rl&cfff&cf31:11&cfff [ya] 
(goblin): >&c599gob:&cfff &cf00lost&cfff [quad] 1
[15] seconds
(rio): >&cf00rio &cf55[&cf99ya&cf55] lost&r &cf551&r
(rio): >&c1ff>&r   &c777at&r [ya]
[10] seconds
[9] seconds
[8] seconds
[7] seconds
[6] seconds
[5] seconds
[4] seconds
[3] seconds
[2] seconds
[1] second
The match is over
trigger "onmatchover" has no matching alias

____________________
:
___________________Frags (rank) friendkills . efficiency
Team [=s=]:
__________
_ andeh:
  57 (-6) 3 47.5%
Wp: rl74.6% gl10.0% sg54.1% ssg41.2%
RL skill: ad:114.7 dh:4
Armr&mhs: ga:3 ya:9 ra:0 mh:1
Powerups: Q:3 P:0 R:0
      RL: Took:6 Killed:6 Dropped:2
  Damage: Tkn:8529 Gvn:8717 EWep:1533 Tm:473 Self:408 ToDie:135
    Time: Quad:28
 Streaks: Frags:9 QuadRun:2
  SpawnFrags: 4
__________
_ rio:
  58 (14) 3 56.9%
Wp: rl72.3% gl41.7% sg53.3% ssg47.6%
RL skill: ad:92.9 dh:8
Armr&mhs: ga:5 ya:10 ra:0 mh:2
Powerups: Q:2 P:0 R:0
      RL: Took:4 Killed:5 Dropped:1
  Damage: Tkn:6845 Gvn:8672 EWep:1405 Tm:287 Self:437 ToDie:155
    Time: Quad:60
 Streaks: Frags:19 QuadRun:6
  SpawnFrags: 8
__________
_ goblin:
  67 (21) 2 59.3%
Wp: rl70.4% gl20.0% sg38.3% ssg43.3%
RL skill: ad:88.1 dh:20
Armr&mhs: ga:0 ya:10 ra:0 mh:7
Powerups: Q:4 P:0 R:0
      RL: Took:7 Killed:8 Dropped:2 Xfer:2
  Damage: Tkn:6694 Gvn:9254 EWep:1466 Tm:150 Self:715 ToDie:145
    Time: Quad:66
 Streaks: Frags:18 QuadRun:4
  SpawnFrags: 8
__________
_ lethalwiz:
  59 (0) 2 50.0%
Wp: rl65.4% gl16.7% sg45.8% ssg45.3%
RL skill: ad:76.7 dh:12
Armr&mhs: ga:13 ya:9 ra:0 mh:3
Powerups: Q:1 P:0 R:0
      RL: Took:11 Killed:6 Dropped:6
  Damage: Tkn:8924 Gvn:7942 EWep:1499 Tm:334 Self:538 ToDie:151
    Time: Quad:0
 Streaks: Frags:19 QuadRun:0
  SpawnFrags: 3

Team [dc]:
__________
_ pooll.dc:
  48 (-29) 8 38.4%
Wp: rl65.6% gl37.5% sg45.9% ssg31.4%
RL skill: ad:89.2 dh:10
Armr&mhs: ga:3 ya:5 ra:0 mh:2
Powerups: Q:7 P:0 R:0
      RL: Took:12 Killed:9 Dropped:6 Xfer:3
  Damage: Tkn:9003 Gvn:8413 EWep:2212 Tm:760 Self:212 ToDie:116
    Time: Quad:78
 Streaks: Frags:11 QuadRun:5
  SpawnFrags: 8
__________
_ sniegov.dc:
  52 (-16) 1 43.3%
Wp: rl85.9% gl22.7% sg50.8% ssg53.6%
RL skill: ad:81.8 dh:15
Armr&mhs: ga:8 ya:4 ra:0 mh:5
Powerups: Q:0 P:0 R:0
      RL: Took:11 Killed:7 Dropped:7 Xfer:4
  Damage: Tkn:8577 Gvn:8150 EWep:1664 Tm:233 Self:661 ToDie:126
    Time: Quad:0
 Streaks: Frags:10 QuadRun:0
  SpawnFrags: 3
__________
_ airman.dc:
  38 (-38) 2 33.3%
Wp: rl39.2% gl40.0% sg41.8% ssg35.4%
RL skill: ad:111.2 dh:6
Armr&mhs: ga:7 ya:5 ra:0 mh:3
Powerups: Q:3 P:0 R:0
      RL: Took:5 Killed:2 Dropped:1 Xfer:1
  Damage: Tkn:9472 Gvn:7639 EWep:1426 Tm:361 Self:147 ToDie:124
    Time: Quad:78
 Streaks: Frags:22 QuadRun:3
  SpawnFrags: 1
__________
_ grl.dc:
  37 (-20) 0 39.4%
Wp: rl73.3% gl15.4% sg44.1% ssg48.7%
RL skill: ad:80.3 dh:8
Armr&mhs: ga:10 ya:3 ra:0 mh:4
Powerups: Q:0 P:0 R:0
      RL: Took:6 Killed:3 Dropped:3
  Damage: Tkn:7533 Gvn:6790 EWep:1512 Tm:138 Self:305 ToDie:132
    Time: Quad:0
 Streaks: Frags:6 QuadRun:0
  SpawnFrags: 5

___________________[=s=] vs [dc] match statistics:
___________________
weapons, powerups, armors&mhs, damage
___________________[=s=]: Wp: rl44 gl18 sg47% ssg44%
Powerups: Q:10 P:0 R:0
Armr&mhs: ga:21 ya:38 ra:0 mh:13
      RL: Took:28 Killed:25 Dropped:11 Xfer:2
  Damage: Tkn:30992 Gvn:34585 EWep:5903 Tm:1244
    Time: Quad:154
[dc]: Wp: rl39 gl11 sg46% ssg41%
Powerups: Q:10 P:0 R:0
Armr&mhs: ga:28 ya:17 ra:0 mh:14
      RL: Took:34 Killed:21 Dropped:17 Xfer:8
  Damage: Tkn:34585 Gvn:30992 EWep:6814 Tm:1492
    Time: Quad:157
___________________[e1m2] top scorers:
______________________________________
      Frags: goblin [67]
     Deaths: pooll.dc [77]
Friendkills: pooll.dc [8]
 Efficiency: goblin [59.3%]
 FragStreak: airman.dc [22]
    QuadRun: rio [6]
  RL Killer: pooll.dc [9]
Boomsticker: andeh [54.1%]
   Survivor: rio [155]
Annihilator: goblin [9254]

______________________________________

____________________
: Team scores
___________________[=s=]: 241 . 57.9%
[dc]: 175 . 42.1%
___________________airman.dc: ggs
andeh: ggs
]log 9
