Playing demo from 11.mvd


_____________________________________

_Claustrophobopolis
rio is ready [=s=]
All players ready
Timer started
QiZmo: timer lag point disabled
Server starts recording (disk): 4on4_thug_vs_s_[dm2]210222-2144.mvd
samon: gl/hf
matchdate: 2022-02-21 21:45:05 CET
trigger "onmatchstart" has no matching alias
The match has begun!
(ThundeR): >thn: 0/100 [low-button]
(samon): >&c37csam:&cfff 0/100 [tele]
(fl4m3r): >&cfc4flm&cfff &cf440&cfff/100 &c2ffsg&cfff &c6f6[&cfffra-mega&c6f6]&cfff
(samon): >&c37csam:&cfff 0/100 [tele]
(fl4m3r): >&cfc4flm&cfff took &c2ffmega&cfff &c6f6[&cfffra-mega&c6f6]&cfff
(samon): >&c37csam:&cfff &cf00LOST&cfff [tele] &cf00e&cfff:1
(samon): >&c37csam:&cfff &cf00LOST&cfff [tele] &cf00e&cfff:1
(samon): >&c37csam:&cfff &cf00LOST&cfff [tele] &cf00e&cfff:1
(lethalwiz): >  &c599lwz&r [tele-high] &c991y&cfff&cfff150&r/&cfff16&r sg &caaa
(lethalwiz): >&c1ff>&r &c05fquaded&cfff mOlle &c777at&r [high-rl]
(lethalwiz): >&c1ff>&r &c05fquaded&cfff mOlle &c777at&r [high-rl]
(lethalwiz): >&c1ff>&r &c05fquaded&cfff mOlle &c777at&r [high-rl]
(lethalwiz): >  &c599lwz&r [quad-way] &c991y&cfff&cfff150&r/&cfff16&r sg &caaa
(goblin): >  &ca33gob&r [tele-high] &cfff0&r/&cfff100&r sg &caaa
(lethalwiz): >  &c599lwz&r [quad-low] &c991y&cfff&cfff150&r/&cfff41&r sg &caaa
(goblin): >  &ca33gob&r [path-lift] &cfff0&r/&cfff100&r sg &caaa
(lethalwiz): >&cf00lwz &cf00[&cf55tele&cf00] lost&r &cf551&r
(lethalwiz): >&cf00lwz &cf00[&cf55tele&cf00] lost&r &cf551&r
(lethalwiz): >&cf00lwz &cf00[&cf55tele&cf00] lost&r &cf551&r
(lethalwiz): >  &c599lwz&r [ng] &cfff0&r/&cfff100&r sg &caaa
(goblin): >&c1ff>&r &cfffenemy&cfff &c777at&r [low-rl]
(lethalwiz): >  &c599lwz&r [ng] &cfff0&r/&cfff100&r sg &caaa
Quad Damage is wearing off
(lethalwiz): >  &c599lwz&r [secret] &cfff0&r/&cfff100&r sg &caaa
(mOlle): >  &c59cmol&r &c05fquad&cfff [ng] &c991y&cfff&cfff124&r/&cfff91&r &cf31rl&cfff &caaa
(rio): >  &c353rio&r [low-rl] &cf660&r/&cfff70&r &cf31rl&cfff &caaaneed armor
(lethalwiz): >  &c599lwz&r [tele] &c931r&cfff&cfff200&r/&cfff100&r sg &caaa
(rio): >  &c353rio&r [secret] &cf660&r/&cfff70&r &cf31rl&cfff &caaaneed armor
(rio): >  &c353rio&r [secret] &cf660&r/&cfff70&r &cf31rl&cfff &caaaneed armor
(lethalwiz): >  &c599lwz&r [tele] &c931r&cfff&cfff200&r/&cfff100&r sg &caaa
[19] minutes remaining
Team [thug] leads by 2 frags
(btk): >kid &ce00129&cfff/43 [tele]
(ThundeR): >thn: 0/58 &cf13rl&cfff:9 [secret]
(ThundeR): >thn: 0/58 &cf13rl&cfff:9 [secret]
(fl4m3r): >&cfc4flm&cfff &cf44r&cfff60/111 &cf4frl&cfff:26 &c6f6[&cffflow-rl&c6f6]&cfff
(fl4m3r): >&cfc4flm&cfff &cf44r&cfff60/111 &cf4frl&cfff:26 &c6f6[&cffflow-rl&c6f6]&cfff
(ThundeR): >thn: 0/58 &cf13rl&cfff:9 [secret]
(ThundeR): >thn: 0/58 &cf13rl&cfff:9 [secret]
(ThundeR): >thn: teammate at [secret] 0
(fl4m3r): >&cfc4flm&cfff > ThundeR &c6f6[&cfffsecret&c6f6]&cfff
(samon): >&c37csam:&cfff &cf00LOST&cfff [quad] &cf00e&cfff:1
(samon): >&c37csam:&cfff &cf00LOST&cfff [quad] &cf00e&cfff:1
(fl4m3r): >&cfc4flm&cfff &cf44r&cfff60/105 &cf4frl&cfff:26 &c6f6[&cfffsecret&c6f6]&cfff
(fl4m3r): >&cfc4flm&cfff &cf44r&cfff60/105 &cf4frl&cfff:26 &c6f6[&cfffsecret&c6f6]&cfff
(goblin): >&cfffgob &caaa[&c666quad&caaa] took &c666no pack&r
(goblin): >  &ca33gob&r &c05fquad&cfff [quad] &cf660&r/&cfff52&r sg &caaa
(lethalwiz): >  &c599lwz&r [ra-mega] &c931r&cfff&cfff200&r/&cfff74&r &cf31rl&cfff &caaa
(rio): >  &c353rio&r [ra-mega/rox] &c991y&cfff&cfff150&r/&cf6630&r &cf31rl&cfff &caaaneed health
(btk): >kid &ce0020&cfff/20 &cf13rl&cfff:5 [tele.high]
(btk): >kid took &c0a0mega&cfff [gl]
(btk): >kid took &c0a0mega&cfff [gl]
(btk): >kid took &c0a0mega&cfff [gl]
(fl4m3r): >&cfc4flm&cfff &cf44lost&cfff 2&cf44e&cfff &cf44[&cfffng&cf44]&cfff
(fl4m3r): >&cfc4flm&cfff &cf44lost&cfff 2&cf44e&cfff &cf44[&cfffng&cf44]&cfff
(fl4m3r): >&cfc4flm&cfff &cf440&cfff/100 &c2ffsg&cfff &c6f6[&cfffbig.stairs&c6f6]&cfff
(fl4m3r): >&cfc4flm&cfff &cff0y&cfff147/99 &c2ffsg&cfff &c6f6[&cffflow-rl&c6f6]&cfff
(fl4m3r): >&cfc4flm&cfff &cff0y&cfff147/99 &c2ffsg&cfff &c6f6[&cffflow-rl&c6f6]&cfff
(samon): >&c37csam:&cfff took &cff0ya&cfff [tele.ya]
(samon): >&c37csam:&cfff &c0b0SAFE&cfff [high.rl] sg:24
(fl4m3r): >&cfc4flm&cfff &cf44lost&cfff 2&cf44e&cfff &cf44[&cffflow-rl&cf44]&cfff
(ThundeR): >thn: &ce0021&cfff/39 &cf13rl&cfff:12 [tele-ya]
(ThundeR): >thn: &ce0021&cfff/39 &cf13rl&cfff:12 [tele-ya]
(fl4m3r): >&cfc4flm&cfff &cf440&cfff/100 &c2ffsg&cfff &c6f6[&cffftele&c6f6]&cfff
(btk): >kid 4 enemy at [water]
(btk): >kid &cf00lost&cfff &cf00[&cfffpath&cf00]&cfff 4
(btk): >kid &cf00lost&cfff &cf00[&cfffpath&cf00]&cfff 4
(samon): >&c37csam:&cfff &cff0ya&cfff150/100 [high.rl] &c2aarl&cfff:10
(fl4m3r): >&cfc4flm&cfff &cf440&cfff/100 &c2ffsg&cfff 10&c2ffrox&cfff &c6f6[&cffftele&c6f6]&cfff
(fl4m3r): >&cfc4flm&cfff &cf44lost&cfff 3&cf44e&cfff &cf44[&cfffng&cf44]&cfff
(fl4m3r): >&cfc4flm&cfff &cf440&cfff/100 &c2ffsg&cfff &c6f6[&cfffbig.stairs&c6f6]&cfff
(fl4m3r): >&cfc4flm&cfff took &c2ffya&cfff &c6f6[&cfffbig.ya&c6f6]&cfff
(ThundeR): >thn: &cf00DROPPED &cf13rl&cfff &cf00[&cffftele-ya&cf00]&cfff 2
(ThundeR): >thn: &cf00DROPPED &cf13rl&cfff &cf00[&cffftele-ya&cf00]&cfff 2
no weapon
(ThundeR): >thn: teammate at [low-stairs] 2
(fl4m3r): >&cfc4flm&cfff &cff0y&cfff150/100 &c2ffsg&cfff &c6f6[&cffflow-rl.stairs&c6f6]&cfff
[18] minutes remaining
Team [=s=] leads by 2 frags
(goblin): >&c0f0gob &c0f0[&c5f5quad&c0f0] safe&r &c9f9rl&r
(goblin): >  &ca33gob&r [quad] &c931r&cfff&cfff95&r/&cfff170&r &cf31rl&cfff &caaa
(lethalwiz): >&cf0flwz &cf5f[&cffflow-rl&cf5f] dropped&r &cf0frl-pack&r
(lethalwiz): >&cf0flwz &cf5f[&cffflow-rl&cf5f] dropped&r &cf0frl-pack&r
(mOlle): >&c1ff>&r &cf2aPACK&r &c777at&r [low-rl]
(lethalwiz): >&cf0flwz &cf5f[&cffflow-rl&cf5f] dropped&r &cf0frl-pack&r
(fl4m3r): >&cfc4flm&cfff &cf440&cfff/100 &c2ffsg&cfff &c6f6[&cfffra-mega&c6f6]&cfff
no weapon
(ThundeR): >thn: &cf00lost&cfff &cf00[&cfffquad&cf00]&cfff 2
(ThundeR): >thn: &cf00lost&cfff &cf00[&cfffquad&cf00]&cfff 2
(goblin): >&cfffgob &caaa[&c666quad&caaa] took &c666no pack&r
(goblin): >&cfffgob &caaa[&c666quad&caaa] took &c666no pack&r
(rio): >&cf55enemy slipped&r
(goblin): >  &ca33gob&r &c05fquad&cfff [quad] &c931r&cfff&cf6611&r/&cfff144&r &cf31rl&cfff &caaaneed armor
(lethalwiz): >  &c599lwz&r [ra-mega] &c931r&cfff&cfff200&r/&cfff200&r &cf31rl&cfff &caaa
(rio): >  &c353rio&r [tele-ya] &cf660&r/&cf6620&r &cf31rl&cfff &caaaneed armor health
(rio): >  &c353rio&r [tele-ya] &cf660&r/&cf6620&r &cf31rl&cfff &caaaneed armor health
(rio): >&c0f0rio &c0f0[&c5f5tele-ya&c0f0] safe&r &c9f9rl&r
(rio): >&c0f0rio &c0f0[&c5f5tele-ya&c0f0] safe&r &c9f9rl&r
no weapon
(lethalwiz): >  &c599lwz&r [big-button] &c931r&cfff&cfff173&r/&cfff194&r &cf31rl&cfff &caaa
(lethalwiz): >  &c599lwz&r [big-button] &c931r&cfff&cfff173&r/&cfff194&r &cf31rl&cfff &caaa
(goblin): >&cf00gob &cf00[&cf55quad&cf00] lost&r &cf551&r
(goblin): >&cf00gob &cf00[&cf55quad&cf00] lost&r &cf551&r
(goblin): >&cf00gob &cf00[&cf55quad&cf00] lost&r &cf551&r
(goblin): >&cf00gob &cf00[&cf55quad&cf00] lost&r &cf551&r
(lethalwiz): >  &c599lwz&r [low-rl] &c931r&cfff&cfff157&r/&cfff185&r &cf31rl&cfff &caaa
(lethalwiz): >  &c05fquad&cfff &c00fover&r
(goblin): >  &ca33gob&r [tele-high] &cfff0&r/&cfff12&r sg &caaa
(mOlle): >&c1ff>&r &cf2aPACK&r &c777at&r [big-stairs]
(goblin): >  &ca33gob&r [quad-low] &c991y&cfff&cfff150&r/&cf667&r &cf31rl&cfff &caaaneed health
(goblin): >  &ca33gob&r [quad-low] &c991y&cfff&cfff150&r/&cf667&r &cf31rl&cfff &caaaneed health
(rio): >&c1ff>&r &cf2aPACK&r &c777at&r [ng]
(lethalwiz): >&c1ff>&r &cf2aPACK&r &c777at&r [ng]
(rio): >&c1ff>&r &cf2aPACK&r &c777at&r [ng]
(lethalwiz): >&c1ff>&r &cf2aPACK&r &c777at&r [ng]
(lethalwiz): >&c1ff>&r &cf2aPACK&r &c777at&r [ng]
(lethalwiz): >&c1ff>&r &cf2aPACK&r &c777at&r [ng]
(goblin): >&cfffgob &caaa[&c666ng&caaa] took &c666no pack&r
(goblin): >&cfffgob &caaa[&c666ng&caaa] took &c666no pack&r
(rio): >  &c353rio&r [tele-entry] &c991y&cfff&cfff144&r/&cfff98&r &cf31rl&cfff &caaa
(goblin): >&cfffgob &caaa[&c666ng&caaa] took &c666no pack&r
(mOlle): >  &c59cmol&r [ra-mega] &cfff0&r/&cfff100&r ssg &caaa
(lethalwiz): >  &c599lwz&r [secret] &c931r&cfff&cf665&r/&cfff100&r &cf31rl&cfff &caaaneed armor
(goblin): >  &ca33gob&r [tele] &cf660&r/&cfff64&r &cf31rl&cfff &caaaneed armor
(goblin): >  &ca33gob&r [tele] &cf660&r/&cfff64&r &cf31rl&cfff &caaaneed armor
(goblin): >  &ca33gob&r [tele] &cf660&r/&cfff64&r &cf31rl&cfff &caaaneed armor
(goblin): >  &ca33gob&r [tele] &cf660&r/&cfff64&r &cf31rl&cfff &caaaneed armor
[17] minutes remaining
Team [=s=] leads by 16 frags
(lethalwiz): >  &c599lwz&r [big-stairs] &c931r&cfff&cf664&r/&cfff100&r &cf31rl&cfff &caaaneed armor
(mOlle): >  &c59cmol&r [low-rl] &c931r&cfff&cfff79&r/&cfff53&r ssg &caaa
(lethalwiz): >  &c599lwz&r [quad-button] &c991y&cfff&cfff150&r/&cfff100&r &cf31rl&cfff &caaa
(mOlle): >  &c59cmol&r [low-rl] &c931r&cfff&cfff79&r/&cfff53&r ssg &caaa
(goblin): >&cf00gob &cf00[&cf55tele&cf00] lost&r &cf551&r
(goblin): >&cf00gob &cf00[&cf55tele&cf00] lost&r &cf551&r
(rio): >&c1ff>&r &cf2aPACK&r &c777at&r [low-rl]
(mOlle): >  &c59cmol&r [low-rl] &cf660&r/&cf668&r &cf31rl&cfff&cf66:4&r &caaaneed armor hth
(samon): >&c37csam:&cfff 0/199 [low.rl]
(btk): >kid took &cf00ra&cfff [secret]
(btk): >kid took &cf00ra&cfff [secret]
(fl4m3r): >&cfc4flm&cfff &cf44lost&cfff 1&cf44e&cfff &cf44[&cfffng&cf44]&cfff
(fl4m3r): >&cfc4flm&cfff &c44fQUAD&cfff dead
(lethalwiz): >  &c599lwz&r [quad-low] &cfff0&r/&cfff71&r sg &caaa
(goblin): >  &ca33gob&r [tele] &cfff0&r/&cfff100&r sg &caaa
(rio): >  &c353rio&r [secret] &c991y&cfff&cfff108&r/&cfff100&r &cf31rl&cfff &caaa
(rio): >  &c353rio&r [secret] &c991y&cfff&cfff108&r/&cfff100&r &cf31rl&cfff &caaa
(rio): >&cfa1rio &cfa6[&cfa9secret&cfa6] do not enter&r &c991y&cfff&cfa6108/100&r rl
(rio): >&cfa1rio &cfa6[&cfa9secret&cfa6] do not enter&r &c991y&cfff&cfa6108/100&r rl
(rio): >&cfa1rio &cfa6[&cfa9secret&cfa6] do not enter&r &c991y&cfff&cfa6108/100&r rl
(lethalwiz): >&c1ff>&r rio &c777at&r [secret]
(lethalwiz): >&c1ff>&r rio &c777at&r [secret]
(lethalwiz): >&c1ff>&r rio &c777at&r [secret]
(lethalwiz): >&c1ff>&r rio &c777at&r [secret]
(lethalwiz): >  &c599lwz&r [secret] &cfff0&r/&cfff8&r sg &caaa
(goblin): >  &ca33gob&r [tele-ya] &cfff0&r/&cfff100&r sg &caaa
(goblin): >  &ca33gob&r [tele-ya] &cfff0&r/&cfff100&r sg &caaa
(goblin): >&cfffgob &caaa[&c666tele-ya&caaa] took&r &cff0ya&cfff
(goblin): >  &ca33gob&r [tele-high] &c991y&cfff&cfff150&r/&cfff100&r sg &caaa
(lethalwiz): >&cf00lwz &cf00[&cf55quad-low&cf00] lost&r &cf551&r
(lethalwiz): >&cf00lwz &cf00[&cf55quad-low&cf00] lost&r &cf551&r
(lethalwiz): >&cf00lwz &cf00[&cf55low-rl&cf00] lost&r &cf551&r
(lethalwiz): >&cf00lwz &cf00[&cf55low-rl&cf00] lost&r &cf551&r
(mOlle): >&c1ff>&r &cf2aPACK&r &c777at&r [tele-high]
(mOlle): >&c1ff>&r &cfffenemy&cfff &c777at&r [tele-high]
(lethalwiz): >  &c599lwz&r [tele-ya] &cfff0&r/&cfff100&r sg &caaa
(lethalwiz): >  &c599lwz&r [tele-ya] &cfff0&r/&cfff100&r sg &caaa
(lethalwiz): >&c1ff>&r mOlle &c777at&r [tele]
(lethalwiz): >  &c599lwz&r [tele-ya] &c991y&cfff&cfff150&r/&cfff100&r sg &caaa
(mOlle): >&cfa1mol &cfa6[&cfa9tele-ya&cfa6] coming&r &cfa60/76&r 
[16] minutes remaining
Team [=s=] leads by 14 frags
(goblin): >&c1ff>&r &cfffenemy&cfff &c777at&r [ra-mega]
(goblin): >  &ca33gob&r [ra-mega] &c931r&cfff&cfff200&r/&cfff100&r ssg &caaa
(samon): >&c37csam:&cfff &cf00LOST&cfff [quad.way] &cf00e&cfff:2
(lethalwiz): >  &c599lwz&r [ng] &c991y&cfff&cf6631&r/&cf6647&r &cf31rl&cfff &caaaneed armor health
(lethalwiz): >  &c599lwz&r [ng] &c991y&cfff&cf6631&r/&cf6647&r &cf31rl&cfff &caaaneed armor health
(goblin): >  &ca33gob&r [ng] &c931r&cfff&cfff184&r/&cfff96&r ssg &caaa
(rio): >  &c353rio&r &c05fquad&cfff [quad] &c931r&cfff&cfff160&r/&cfff100&r &cf31rl&cfff &caaa
(goblin): >  &ca33gob&r [tele] &c931r&cfff&cfff184&r/&cfff96&r ssg &caaa
(goblin): >  &ca33gob&r [tele] &c931r&cfff&cfff184&r/&cfff96&r ssg &caaa
(rio): >&cf0frio &cf5f[&cfffquad-high&cf5f] dropped&r &cf0frl-pack&r
(rio): >&cf0frio &cf5f[&cfffquad-high&cf5f] dropped&r &cf0frl-pack&r
(rio): >&cf0frio &cf5f[&cfffquad-high&cf5f] dropped&r &cf0frl-pack&r
(rio): >&cf0frio &cf5f[&cfffquad-high&cf5f] dropped&r &cf0frl-pack&r
(lethalwiz): >  &c599lwz&r [secret] &c991y&cfff&cf6631&r/&cfff87&r &cf31rl&cfff &caaaneed armor
btk: :)
(lethalwiz): >&cf0flwz &cf5f[&cfffng&cf5f] dropped&r &cf0frl-pack&r
(lethalwiz): >&cf0flwz &cf5f[&cfffng&cf5f] dropped&r &cf0frl-pack&r
(fl4m3r): >&cfc4flm&cfff &cff0y&cfff124/151 &c2ffgl&cfff:13 &c6f6[&cfffng&c6f6]&cfff
(fl4m3r): >&cfc4flm&cfff &cff0y&cfff124/145 &c2ffgl&cfff:23 &c6f6[&cffftele&c6f6]&cfff
(ThundeR): >thn: teammate at [tele] 0
(fl4m3r): >&cfc4flm&cfff &cff0y&cfff51/92 &c2ffgl&cfff:15 &c6f6[&cfffhigh-rl&c6f6]&cfff
(samon): >&c37csam:&cfff took &cf00ra&cfff [secret]
(samon): >&c37csam:&cfff &c0b0SAFE&cfff [quad] &c2aarl&cfff:22
(samon): >&c37csam:&cfff &c0b0SAFE&cfff [quad] &c2aarl&cfff:22
(samon): >&c37csam:&cfff &c0b0SAFE&cfff [quad] &c2aarl&cfff:22
(ThundeR): >thn: &cf00DROPPED &cf13rl&cfff &cf00[&cffftele&cf00]&cfff 0
(ThundeR): >thn: &cf00DROPPED &cf13rl&cfff &cf00[&cffftele&cf00]&cfff 0
(fl4m3r): >&cfc4flm&cfff &cf44lost&cfff 1&cf44e&cfff &cf44[&cfffbig&cf44]&cfff
[15] minutes remaining
Team [=s=] leads by 6 frags
(ThundeR): >thn: &cff0150&cfff/76 [high-rl]
(fl4m3r): >&cfc4flm&cfff &cf44lost&cfff 2&cf44e&cfff &cf44[&cffftele.entry&cf44]&cfff
(ThundeR): >thn: &cff0150&cfff/76 [high-rl]
(fl4m3r): >&cfc4flm&cfff &cf440&cfff/100 &c2ffsg&cfff &c6f6[&cfffquad.button&c6f6]&cfff
(fl4m3r): >&cfc4flm&cfff &cf440&cfff/100 &c2ffsg&cfff &c6f6[&cfffquad.button&c6f6]&cfff
(ThundeR): >thn: teammate at [tele-high] 1
(ThundeR): >thn: teammate at [quad] 3
(fl4m3r): >&cfc4flm&cfff &cf44lost&cfff 1&cf44e&cfff &cf44[&cfffquad.low&cf44]&cfff
(fl4m3r): >&cfc4flm&cfff &cf440&cfff/100 &c2ffsg&cfff &c6f6[&cffflow-rl.stairs&c6f6]&cfff
(fl4m3r): >&cfc4flm&cfff &cf44lost&cfff 2&cf44e&cfff &cf44[&cffflow-rl&cf44]&cfff
(fl4m3r): >&cfc4flm&cfff &cf440&cfff/100 &c2ffsg&cfff &c6f6[&cffftele&c6f6]&cfff
(btk): >kid &cf2apack&cfff at [tele] 0
(ThundeR): >thn: teammate at [tele-entry] 1
(fl4m3r): >&cfc4flm&cfff &cf440&cfff/100 &c2ffsg&cfff &c6f6[&cffftele.ya&c6f6]&cfff
(lethalwiz): >  &c599lwz&r [big] &c931r&cfff&cfff182&r/&cfff88&r &cf31rl&cfff &caaa
(lethalwiz): >&c1ff>&r &cf2aPACK&r &c777at&r [ng]
(lethalwiz): >&c1ff>&r &cf2aPACK&r &c777at&r [ng]
(lethalwiz): >&c1ff>&r &cf2aPACK&r &c777at&r [ng]
(lethalwiz): >&c1ff>&r &cf2aPACK&r &c777at&r [ng]
(lethalwiz): >&c1ff>&r &cf2aPACK&r &c777at&r [ng]
(lethalwiz): >&c1ff>&r &cf2aPACK&r &c777at&r [ng]
(rio): >  &c353rio&r [big] &c991y&cfff&cfff150&r/&cfff147&r &cf31rl&cfff &caaa
(lethalwiz): >  &c599lwz&r [ng] &c931r&cfff&cfff162&r/&cfff83&r &cf31rl&cfff &caaa
(goblin): >  &ca33gob&r [ng] &c931r&cfff&cf6663&r/&cfff91&r &cf31rl&cfff &caaaneed armor
(goblin): >  &ca33gob&r [ng] &c931r&cfff&cf6663&r/&cfff91&r &cf31rl&cfff &caaaneed armor
(mOlle): >  &c59cmol&r [ra-mega] &c931r&cfff&cfff200&r/&cfff200&r sg &caaa
(rio): >&c1ff>&r &cf31rl&cfff &c777at&r [low-rl]
(lethalwiz): >  &c599lwz&r [ng] &c931r&cfff&cfff162&r/&cfff83&r &cf31rl&cfff &caaa
(mOlle): >&c1ff>&r &cf31rl&cfff &c777at&r [low-rl]
(mOlle): >  &c59cmol&r [low-rl] &c931r&cfff&cfff200&r/&cfff200&r &cf31rl&cfff &caaa
(goblin): >  &ca33gob&r [tele] &c931r&cfff&cf6663&r/&cfff91&r &cf31rl&cfff &caaaneed armor
(lethalwiz): >  &c599lwz&r [ng] &c931r&cfff&cfff123&r/&cfff74&r &cf31rl&cfff &caaa
(lethalwiz): >  &c599lwz&r [ng] &c931r&cfff&cfff123&r/&cfff74&r &cf31rl&cfff &caaa
(goblin): >&cfffgob &caaa[&c666tele-ya&caaa] took&r &cff0ya&cfff
(goblin): >  &ca33gob&r [tele-ya] &c991y&cfff&cfff150&r/&cfff100&r &cf31rl&cfff &caaa
(lethalwiz): >  &c599lwz&r [water] &c931r&cfff&cfff110&r/&cfff71&r &cf31rl&cfff &caaa
(goblin): >  &ca33gob&r [quad-way] &c991y&cfff&cfff138&r/&cfff92&r &cf31rl&cfff &caaa
(lethalwiz): >  &c599lwz&r [quad-low] &cf660&r/&cf6645&r &cf31rl&cfff &caaaneed armor health
(lethalwiz): >&c1ff>&r goblin &c777at&r [tele-entry]
(lethalwiz): >&c1ff>&r goblin &c777at&r [tele-entry]
[14] minutes remaining
Team [=s=] leads by 10 frags
(lethalwiz): >&c1ff>&r rio &c777at&r [path-lift]
(lethalwiz): >&c1ff>&r rio &c777at&r [path-lift]
(lethalwiz): >&c1ff>&r rio &c777at&r [path-lift]
(lethalwiz): >  &c599lwz&r [path] &cf660&r/&cfff70&r &cf31rl&cfff &caaaneed armor
(goblin): >  &ca33gob&r [tele-high] &c991y&cfff&cfff123&r/&cfff83&r &cf31rl&cfff &caaa
(lethalwiz): >  &c599lwz&r [path] &cf660&r/&cfff70&r &cf31rl&cfff &caaaneed armor
(rio): >&cfffrio &caaa[&c666secret&caaa] took&r &ce00ra&cfff
(rio): >  &c353rio&r [water] &c931r&cfff&cfff200&r/&cfff100&r &cf31rl&cfff &caaa
(lethalwiz): >&c1ff>&r rio &c777at&r [quad-low]
(lethalwiz): >&c1ff>&r rio &c777at&r [quad-low]
(lethalwiz): >&c1ff>&r rio &c777at&r [quad-low]
(rio): >&c1ff>&r &cfffenemy&cfff &c777at&r [quad-low]
(goblin): >&c1ff>&r &cf2aPACK&r &c777at&r [ng]
(goblin): >  &ca33gob&r [quad] &c991y&cfff&cfff123&r/&cfff100&r &cf31rl&cfff &caaa
(lethalwiz): >  &c599lwz&r [tele-entry] &cf660&r/&cf6637&r &cf31rl&cfff &caaaneed armor health
(lethalwiz): >  &c599lwz&r [tele] &cf660&r/&cfff58&r &cf31rl&cfff &caaaneed armor
(rio): >  &c353rio&r &c05fquad&cfff
(rio): >  &c353rio&r &c05fquad&cfff
(goblin): >  &ca33gob&r [tele-ya] &c991y&cfff&cf6619&r/&cf6646&r &cf31rl&cfff &caaaneed armor
(lethalwiz): >  &c599lwz&r [tele-high] &cfff0&r/&cfff100&r sg &caaa
(lethalwiz): >  &c599lwz&r [high-rl] &cf660&r/&cfff100&r &cf31rl&cfff &caaaneed armor
(goblin): >  &ca33gob&r [tele-ya] &cf660&r/&cf6625&r &cf31rl&cfff &caaaneed armor
(goblin): >  &ca33gob&r [tele-ya] &cf660&r/&cf6625&r &cf31rl&cfff &caaaneed armor
(lethalwiz): >  &c599lwz&r [quad-low] &cf660&r/&cfff100&r &cf31rl&cfff &caaaneed armor
(goblin): >  &ca33gob&r [ng] &c991y&cfff&cfff150&r/&cf6625&r &cf31rl&cfff &caaaneed health
(rio): >  &c353rio&r &c05fquad&cfff [big] &c991y&cfff&cfff130&r/&cfff59&r &cf31rl&cfff&cf66:0&r &caaa
(lethalwiz): >  &c599lwz&r [quad-low] &cf660&r/&cfff100&r &cf31rl&cfff &caaaneed armor
(lethalwiz): >&c1ff>&r &cf2aPACK&r &c777at&r [path]
(lethalwiz): >  &c599lwz&r [ng] &cf660&r/&cfff75&r &cf31rl&cfff &caaaneed armor
(mOlle): >&c1ff>&r &ce00ra&cfff &c777at&r [ra-mega]
(rio): >&cf00rio &cf00[&cf55low-rl&cf00] lost&r &cf551&r
(rio): >&cf00rio &cf00[&cf55low-rl&cf00] lost&r &cf551&r
(goblin): >&cfffgob &caaa[&c666secret&caaa] took&r &ce00ra&cfff
(goblin): >  &ca33gob&r [ng] &c931r&cfff&cfff200&r/&cf6648&r &cf31rl&cfff &caaaneed health
(lethalwiz): >  &c599lwz&r [quad-way] &c991y&cfff&cfff150&r/&cfff64&r &cf31rl&cfff &caaa
(goblin): >  &ca33gob&r [quad-low] &c931r&cfff&cfff200&r/&cf6648&r &cf31rl&cfff &caaaneed health
(lethalwiz): >  &c599lwz&r [quad-way] &c991y&cfff&cfff150&r/&cfff100&r &cf31rl&cfff &caaa
(lethalwiz): >  &c599lwz&r [quad-way] &c991y&cfff&cfff150&r/&cfff100&r &cf31rl&cfff &caaa
(goblin): >  &ca33gob&r [ng] &c931r&cfff&cfff166&r/&cf6642&r &cf31rl&cfff &caaaneed health
[13] minutes remaining
Team [=s=] leads by 40 frags
(goblin): >  &ca33gob&r [tele] &c931r&cfff&cfff127&r/&cf6633&r &cf31rl&cfff &caaaneed health
(lethalwiz): >  &c599lwz&r [quad-way] &c991y&cfff&cfff150&r/&cfff100&r &cf31rl&cfff &caaa
(rio): >  &c353rio&r [tele-high] &c991y&cfff&cfff119&r/&cfff19&r sg &caaa
(goblin): >  &ca33gob&r [tele] &c931r&cfff&cfff90&r/&cfff50&r &cf31rl&cfff &caaa
(goblin): >  &ca33gob&r [tele-entry] &c931r&cfff&cf6650&r/&cf6642&r &cf31rl&cfff &caaaneed armor
(rio): >&cfffrio &caaa[&c666gl&caaa] took&r &c299gl&cfff
(lethalwiz): >  &c599lwz&r [quad] &c991y&cfff&cfff82&r/&cfff100&r &cf31rl&cfff &caaa
(rio): >&cfffrio &caaa[&c666high-rl&caaa] took&r &cf31rl&cfff
(goblin): >  &ca33gob&r [tele] &c931r&cfff&cf6619&r/&cf6637&r &cf31rl&cfff &caaaneed armor
(goblin): >  &ca33gob&r [tele] &c931r&cfff&cf6619&r/&cf6637&r &cf31rl&cfff &caaaneed armor
no weapon
no weapon
not enough ammo
(goblin): >  &ca33gob&r [high-rl] &c931r&cfff&cf668&r/&cf6636&r &cf31rl&cfff &caaaneed armor
(goblin): >  &ca33gob&r [quad] &c931r&cfff&cf668&r/&cf6636&r &cf31rl&cfff &caaaneed armor
not enough ammo
(goblin): >  &ca33gob&r [tele-entry] &c931r&cfff&cf664&r/&cfff61&r &cf31rl&cfff &caaaneed armor
not enough ammo
not enough ammo
(goblin): >  &ca33gob&r [tele] &c931r&cfff&cf664&r/&cfff61&r &cf31rl&cfff &caaaneed armor
not enough ammo
(goblin): >  &ca33gob&r [high-rl] &c991y&cfff&cfff150&r/&cfff61&r &cf31rl&cfff &caaa
Quad Damage is wearing off
(goblin): >  &ca33gob&r [tele-entry] &c991y&cfff&cfff150&r/&cfff61&r &cf31rl&cfff &caaa
(lethalwiz): >  &c599lwz&r [ng] &c991y&cfff&cfff150&r/&cfff100&r &cf31rl&cfff &caaa
(goblin): >  &ca33gob&r [tele] &c991y&cfff&cfff125&r/&cf6646&r &cf31rl&cfff &caaaneed health
(rio): >  &c353rio&r [tele-high] &c991y&cfff&cf6627&r/&cfff99&r &cf31rl&cfff &caaaneed armor
(rio): >&cfffrio &caaa[&c666gl&caaa] took&r &c299gl&cfff
(lethalwiz): >  &c599lwz&r [high-rl] &c991y&cfff&cfff118&r/&cfff80&r &cf31rl&cfff &caaa
(goblin): >  &ca33gob&r [tele-high] &c991y&cfff&cfff150&r/&cfff71&r &cf31rl&cfff &caaa
[12] minutes remaining
Team [=s=] leads by 62 frags
(lethalwiz): >&c1ff>&r goblin &c777at&r [high-rl]
(lethalwiz): >&c1ff>&r goblin &c777at&r [high-rl]
(lethalwiz): >&c1ff>&r goblin &c777at&r [high-rl]
(lethalwiz): >  &c599lwz&r [quad-way] &c991y&cfff&cfff118&r/&cfff80&r &cf31rl&cfff &caaa
(lethalwiz): >&c1ff>&r goblin &c777at&r [quad-low]
(lethalwiz): >&c1ff>&r goblin &c777at&r [quad-low]
(mOlle): >&c1ff>&r &ce00ra&cfff &c777at&r [ra-mega]
(rio): >  &c353rio&r [low-rl] &c991y&cfff&cfff77&r/&cfff130&r &cf31rl&cfff &caaa
(goblin): >&cf00gob &cf00[&cf55tele-ya&cf00] lost&r &cf552&r
(goblin): >&cf00gob &cf00[&cf55tele-ya&cf00] lost&r &cf552&r
(mOlle): >  &c59cmol&r [low-rl] &c931r&cfff&cfff200&r/&cfff103&r &cf31rl&cfff &caaa
(mOlle): >  &c59cmol&r [low-rl] &c931r&cfff&cfff200&r/&cfff102&r &cf31rl&cfff &caaa
Quad Damage is wearing off
(lethalwiz): >&cf0flwz &cf5f[&cfffhigh-rl&cf5f] dropped&r &cf0frl-pack&r
(lethalwiz): >&cf0flwz &cf5f[&cfffhigh-rl&cf5f] dropped&r &cf0frl-pack&r
(mOlle): >&c1ff>&r &cf2aPACK&r &c777at&r [low-rl]
(mOlle): >&c1ff>&r &cf2aPACK&r &c777at&r [low-rl]
(mOlle): >&c1ff>&r &cf2aPACK&r &c777at&r [low-rl]
(lethalwiz): >  &c599lwz&r [secret] &cf660&r/&cfff76&r &cf31rl&cfff&cf66:4&r &caaaneed armor
(lethalwiz): >  &c599lwz&r [secret] &cf660&r/&cfff76&r &cf31rl&cfff&cf66:4&r &caaaneed armor
(lethalwiz): >  &c599lwz&r [secret] &cf660&r/&cfff76&r &cf31rl&cfff&cf66:4&r &caaaneed armor
(goblin): >  &ca33gob&r [low-rl] &cfff0&r/&cfff100&r sg &caaa
[11] minutes remaining
Team [=s=] leads by 79 frags
(rio): >  &c353rio&r [secret] &c931r&cfff&cf6613&r/&cfff100&r &cf31rl&cfff &caaaneed armor
(goblin): >  &ca33gob&r [tele] &cfff0&r/&cfff100&r sg &caaa
(lethalwiz): >&cf00lwz &cf00[&cf55tele-high&cf00] lost&r &cf550&r
(lethalwiz): >  &c599lwz&r [quad-low] &cfff0&r/&cfff100&r sg &caaa
(mOlle): >&c1ff>&r &cf31rl&cfff &c777at&r [low-rl]
(mOlle): >&c1ff>&r &cf31rl&cfff &c777at&r [low-rl]
(goblin): >  &c05fgob&r __ &c05fteam quad typ&r __
(goblin): >  &c05fgob&r __ &c05fteam quad typ&r __
(goblin): >  &ca33gob&r &c05fquad&cfff [quad] &cf660&r/&cfff100&r &cf31rl&cfff &caaaneed armor
(mOlle): >&c1ff>&r &cf31rl&cfff &c777at&r [low-rl]
(mOlle): >&c1ff>&r &cf31rl&cfff &c777at&r [low-rl]
(goblin): >  &ca33gob&r &c05fquad&cfff [ng] &cf660&r/&cfff100&r &cf31rl&cfff &caaaneed armor
(goblin): >&cfffgob &caaa[&c666secret&caaa] took&r &ce00ra&cfff
(goblin): >  &ca33gob&r &c05fquad&cfff [ng] &c931r&cfff&cfff200&r/&cfff100&r &cf31rl&cfff &caaa
(mOlle): >  &c59cmol&r [ra-mega] &c931r&cfff&cfff140&r/&cfff96&r &cf31rl&cfff &caaa
(rio): >&cf0frio &cf5f[&cffftele-high&cf5f] dropped&r &cf0frl-pack&r
(rio): >&cf0frio &cf5f[&cffftele-high&cf5f] dropped&r &cf0frl-pack&r
(rio): >&cf0frio &cf5f[&cffftele-high&cf5f] dropped&r &cf0frl-pack&r
(rio): >  &c353rio&r [low-stairs] &cfff0&r/&cfff100&r sg &caaa
(lethalwiz): >&c1ff>&r rio &c777at&r [low-rl]
(lethalwiz): >  &c599lwz&r [secret] &cfff0&r/&cfff89&r sg &caaa
(lethalwiz): >&c1ff>&r rio &c777at&r [low-rl]
(lethalwiz): >&c1ff>&r rio &c777at&r [low-rl]
[10] minutes remaining
Team [=s=] leads by 89 frags
(goblin): >  &ca33gob&r [tele] &cfff0&r/&cfff100&r sg &caaa
(lethalwiz): >&cf00lwz &cf00[&cf55quad-way&cf00] lost&r &cf553&r
(lethalwiz): >&cf00lwz &cf00[&cf55quad-way&cf00] lost&r &cf553&r
(goblin): >  &ca33gob&r [tele-high] &cfff0&r/&cfff100&r sg &caaa
(rio): >&c1ff>&r &cff0ya&cfff &c777at&r [big]
(lethalwiz): >&cf00lwz &cf00[&cf55low-rl&cf00] lost&r &cf551&r
(lethalwiz): >&cf00lwz &cf00[&cf55low-rl&cf00] lost&r &cf551&r
(btk): >kid quad over &cf00[&cfffquad&cf00]&cfff 1
(goblin): >  &ca33gob&r [tele-high] &cfff0&r/&cfff100&r sg &caaa
(goblin): >  &ca33gob&r [quad-way] &cf660&r/&cfff72&r &cf31rl&cfff &caaaneed armor
(rio): >&cf00rio &cf00[&cf55tele-ya&cf00] lost&r &cf551&r
(goblin): >  &ca33gob&r [quad-low] &cf660&r/&cfff72&r &cf31rl&cfff &caaaneed armor
(lethalwiz): >&c599lwz:&cfff get &cf00pent&cfff
(lethalwiz): >&cf00lwz &cf00[&cf55tele&cf00] lost&r &cf552&r
(lethalwiz): >&cf00lwz &cf00[&cf55tele&cf00] lost&r &cf552&r
(goblin): >  &ca33gob&r [quad-low] &cfff0&r/&cfff100&r sg &caaa
(lethalwiz): >&c1ff>&r rio &c777at&r [low-rl]
(lethalwiz): >&c1ff>&r rio &c777at&r [low-rl]
(rio): >&cfffrio &caaa[&c666low-rl&caaa] took&r &cf31rl&cfff
(rio): >  &c353rio&r [low-stairs] &c991y&cfff&cfff150&r/&cfff76&r &cf31rl&cfff &caaa
(lethalwiz): >&cf00lwz &cf00[&cf55ng&cf00] lost&r &cf551&r
(lethalwiz): >&cf00lwz &cf00[&cf55ng&cf00] lost&r &cf551&r
(goblin): >  &ca33gob&r [secret] &cfff0&r/&cfff100&r sg &caaa
(lethalwiz): >&cf00lwz &cf00[&cf55ng&cf00] lost&r &cf551&r
(lethalwiz): >&cf00lwz &cf00[&cf55ng&cf00] lost&r &cf551&r
[9] minutes remaining
Team [=s=] leads by 88 frags
(lethalwiz): >&cf00lwz &cf00[&cf55tele&cf00] lost&r &cf552&r
(lethalwiz): >&c1ff>&r mOlle &c777at&r [big]
(lethalwiz): >&c1ff>&r mOlle &c777at&r [big]
(lethalwiz): >&c1ff>&r goblin &c777at&r [low-rl]
(lethalwiz): >&c1ff>&r goblin &c777at&r [low-rl]
(fl4m3r): >&cfc4flm&cfff &cf44lost&cfff 1&cf44e&cfff &cf44[&cfffwater&cf44]&cfff
(fl4m3r): >&cfc4flm&cfff &cf440&cfff/100 &c2ffsg&cfff &c6f6[&cffflow-rl&c6f6]&cfff
(ThundeR): >thn: &c0b0team&cfff &c05fquad&cfff need weapon [quad]
(fl4m3r): >&cfc4flm&cfff &cf44lost&cfff 2&cf44e&cfff &cf44[&cffflow-rl&cf44]&cfff
(fl4m3r): >&cfc4flm&cfff &cf440&cfff/96 &c2ffsg&cfff &c6f6[&cfffbig.stairs&c6f6]&cfff
(fl4m3r): >&cfc4flm&cfff took &c2ffya&cfff &cff0[&cfffbig.ya&cff0]&cfff
(fl4m3r): >&cfc4flm&cfff &cff0y&cfff150/29 &c2ffsg&cfff &c6f6[&cfffng&c6f6]&cfff
(btk): >kid &cf2apack&cfff at [ng] 0
(fl4m3r): >&cfc4flm&cfff &cff0y&cfff123/52 &c2ffsg&cfff &c6f6[&cffftele&c6f6]&cfff
Quad Damage is wearing off
(fl4m3r): >&cfc4flm&cfff &cff0y&cfff123/52 &c2ffsg&cfff &c6f6[&cfffhigh-rl&c6f6]&cfff
(fl4m3r): >&cfc4flm&cfff &cff0y&cfff90/31 &c2ffsg&cfff &c6f6[&cfffhigh-rl&c6f6]&cfff
(fl4m3r): >&cfc4flm&cfff &cff0y&cfff90/31 &c2ffsg&cfff &c6f6[&cfffhigh-rl&c6f6]&cfff
(fl4m3r): >&cfc4flm&cfff &cff0y&cfff90/81 &c2ffsg&cfff &c6f6[&cfffquad.way&c6f6]&cfff
(fl4m3r): >&cfc4flm&cfff took &c2ffrox&cfff &c6f6[&cfffhigh-rl&c6f6]&cfff
(fl4m3r): >&cfc4flm&cfff &cff0y&cfff90/81 &cf4frl&cfff:10 &c6f6[&cfffhigh-tele&c6f6]&cfff
[8] minutes remaining
Team [=s=] leads by 74 frags
(fl4m3r): >&cfc4flm&cfff &cff0y&cfff90/81 &cf4frl&cfff:7 &c6f6[&cfffhigh-tele&c6f6]&cfff
(fl4m3r): >&cfc4flm&cfff &cff0y&cfff90/81 &cf4frl&cfff:7 &c6f6[&cfffhigh-tele&c6f6]&cfff
(fl4m3r): >&cfc4flm&cfff &cf44lost&cfff 1&cf44e&cfff &cf44[&cfffbig.stairs&cf44]&cfff
(btk): >kid &cf2apack&cfff at [quad.low] 2
(samon): >&c37csam:&cfff &cf00LOST&cfff [secret] &cf00e&cfff:2
(samon): >&c37csam:&cfff &cf00LOST&cfff [secret] &cf00e&cfff:2
(fl4m3r): >&cfc4flm&cfff &cf440&cfff/100 &c2ffsg&cfff &c6f6[&cfffbig&c6f6]&cfff
(fl4m3r): >&cfc4flm&cfff &cf440&cfff/100 &c2ffsg&cfff &c6f6[&cfffbig&c6f6]&cfff
(btk): >kid &cf2apack&cfff at [ng] 0
(samon): >&c37csam:&cfff coming [quad.low]
(fl4m3r): >&cfc4flm&cfff took &c2ffya&cfff &c6f6[&cfffbig.ya&c6f6]&cfff
(samon): >&c37csam:&cfff &c0b0SAFE&cfff [ng] &c2aarl&cfff:20
(fl4m3r): >&cfc4flm&cfff &cff0y&cfff150/64 &c2ffsg&cfff 6&c2ffrox&cfff &c6f6[&cfffquad.low&c6f6]&cfff
(fl4m3r): >&cfc4flm&cfff &cff0y&cfff150/100 &c2ffsg&cfff 6&c2ffrox&cfff &c6f6[&cffftele&c6f6]&cfff
(samon): >&c37csam:&cfff coming [ng]
Quad Damage is wearing off
(fl4m3r): >&cfc4flm&cfff &cff0y&cfff150/100 &c2ffsg&cfff 6&c2ffrox&cfff &c6f6[&cfffhigh-rl&c6f6]&cfff
(fl4m3r): >&cfc4flm&cfff &cff0y&cfff150/100 &c2ffsg&cfff 6&c2ffrox&cfff &c6f6[&cfffhigh-rl&c6f6]&cfff
(samon): >&c37csam:&cfff &cf00LOST&cfff [ng] &cf00e&cfff:2
(btk): >kid &cf00lost&cfff &cf00[&cffftele&cf00]&cfff 1
(btk): >kid &cf00lost&cfff &cf00[&cffftele&cf00]&cfff 1
(btk): >kid &cf00lost&cfff &cf00[&cffftele&cf00]&cfff 1
(fl4m3r): >&cfc4flm&cfff &cff0y&cfff150/100 &c2ffsg&cfff 6&c2ffrox&cfff &c6f6[&cfffhigh-rl&c6f6]&cfff
[7] minutes remaining
Team [=s=] leads by 63 frags
(ThundeR): >thn: &cf00DROPPED &cf13rl&cfff &cf00[&cfffng&cf00]&cfff 1
(ThundeR): >thn: &cf00DROPPED &cf13rl&cfff &cf00[&cfffng&cf00]&cfff 1
(goblin): >&cfffgob &caaa[&c666tele-ya&caaa] took&r &cff0ya&cfff
(goblin): >  &ca33gob&r [tele-high] &c991y&cfff&cfff150&r/&cfff37&r sg &caaa
(rio): >  &c353rio&r [platforms] &c991y&cfff&cfff150&r/&cfff100&r sg &caaa
(goblin): >  &ca33gob&r [gl] &c991y&cfff&cfff150&r/&cfff137&r &c299gl&cfff &caaa
(goblin): >  &ca33gob&r [gl] &c991y&cfff&cfff150&r/&cfff137&r &c299gl&cfff &caaa
(lethalwiz): >  &c599lwz&r [gl] &cf660&r/&cfff96&r &cf31rl&cfff&cf66:0&r &caaaneed armor
(goblin): >  &ca33gob&r [secret] &c991y&cfff&cfff72&r/&cfff100&r &cf31rl&cfff &caaa
(goblin): >  &ca33gob&r [secret] &c991y&cfff&cfff72&r/&cfff100&r &cf31rl&cfff &caaa
(goblin): >  &ca33gob&r [secret] &c931r&cfff&cfff200&r/&cfff100&r &cf31rl&cfff &caaa
(goblin): >  &ca33gob&r [secret] &c931r&cfff&cfff200&r/&cfff100&r &cf31rl&cfff &caaa
(goblin): >  &ca33gob&r [secret] &c931r&cfff&cfff200&r/&cfff100&r &cf31rl&cfff &caaa
(goblin): >  &ca33gob&r [secret] &c931r&cfff&cfff200&r/&cfff100&r &cf31rl&cfff &caaa
(rio): >  &c353rio&r &c05fquad&cfff [high-rl] &c991y&cfff&cf6657&r/&cfff100&r &cf31rl&cfff&cf66:3&r &caaaneed armor
Quad Damage is wearing off
(rio): >&cf00rio &cf00[&cf55quad-way&cf00] lost&r &cf551&r
(rio): >&cf00rio &cf00[&cf55quad-way&cf00] lost&r &cf551&r
(lethalwiz): >&cf0flwz &cf5f[&cffflow-rl&cf5f] dropped&r &cf0frl-pack&r
(lethalwiz): >  &c599lwz&r [ng] &cfff0&r/&cfff100&r sg &caaa
(goblin): >  &ca33gob&r [tele-entry] &c931r&cfff&cf6645&r/&cfff64&r &cf31rl&cfff &caaaneed armor
(goblin): >  &ca33gob&r [tele] &c931r&cfff&cf6645&r/&cfff64&r &cf31rl&cfff &caaaneed armor
(rio): >&cfffrio &caaa[&c666secret&caaa] took&r &ce00ra&cfff
(goblin): >  &ca33gob&r [tele-ya] &c991y&cfff&cfff150&r/&cfff64&r &cf31rl&cfff &caaa
(lethalwiz): >&cf00lwz &cf00[&cf55big&cf00] lost&r &cf552&r
(lethalwiz): >&cf00lwz &cf00[&cf55big&cf00] lost&r &cf552&r
[6] minutes remaining
Team [=s=] leads by 72 frags
(rio): >  &c353rio&r [path] &c931r&cfff&cfff200&r/&cfff100&r sg &caaa
(lethalwiz): >  &c599lwz&r [tele-ya] &cfff0&r/&cfff100&r sg &caaa
(goblin): >  &ca33gob&r [quad-low] &c991y&cfff&cfff150&r/&cfff100&r &cf31rl&cfff &caaa
no weapon
(fl4m3r): >&cfc4flm&cfff &cff0y&cfff27/&cf443&cfff &cf4frl&cfff:16 &c6f6[&cffflow-rl&c6f6]&cfff
(fl4m3r): >&cfc4flm&cfff &cff0y&cfff27/&cf443&cfff &cf4frl&cfff:16 &c6f6[&cfffsecret&c6f6]&cfff
(btk): >kid quad over &cf00[&cfffbig.stairs&cf00]&cfff 1
(btk): >kid quad over &cf00[&cfffbig.stairs&cf00]&cfff 1
(samon): >&c37csam:&cfff took &cf00ra&cfff [secret]
(fl4m3r): >&cfc4flm&cfff &cf44lost&cfff 1&cf44e&cfff &cf44[&cffflow-rl&cf44]&cfff
(fl4m3r): >&cfc4flm&cfff &cf440&cfff/100 &c2ffsg&cfff &c6f6[&cffflow.button&c6f6]&cfff
(fl4m3r): >&cfc4flm&cfff &cf440&cfff/100 &c2ffsg&cfff &c6f6[&cffflow.button&c6f6]&cfff
(ThundeR): >thn: &cff0122&cfff/108 &cf13rl&cfff:16 [high-rl]
(ThundeR): >thn: &cff0122&cfff/108 &cf13rl&cfff:16 [high-rl]
(fl4m3r): >&cfc4flm&cfff &cf440&cfff/100 &c2ffsg&cfff &c6f6[&cffflow-rl.stairs&c6f6]&cfff
(ThundeR): >thn: rox at [high-rl] 0
(ThundeR): >thn: rox at [high-rl] 0
(btk): >kid &cf2apack&cfff at [tele] 0
(fl4m3r): >&cfc4flm&cfff &cf44lost&cfff 2&cf44e&cfff &cf44[&cffflow-rl&cf44]&cfff
(fl4m3r): >&cfc4flm&cfff &cf440&cfff/100 &c2ffsg&cfff &c6f6[&cfffbig&c6f6]&cfff
(ThundeR): >thn: &cf00DROPPED &cf13rl&cfff &cf00[&cfffsecret&cf00]&cfff 1
(ThundeR): >thn: &cf00DROPPED &cf13rl&cfff &cf00[&cfffsecret&cf00]&cfff 1
(ThundeR): >thn: &cf00DROPPED &cf13rl&cfff &cf00[&cfffsecret&cf00]&cfff 1
(fl4m3r): >&cfc4flm&cfff &cff0y&cfff150/100 &c2ffsg&cfff &c6f6[&cfffbig&c6f6]&cfff
(lethalwiz): >  &c599lwz&r [secret] &cfff0&r/&cfff60&r sg &caaa
[5] minutes remaining
Team [=s=] leads by 66 frags
(lethalwiz): >  &c599lwz&r [water] &c931r&cfff&cfff112&r/&cf6638&r &cf31rl&cfff &caaaneed health
(lethalwiz): >  &c599lwz&r [quad-way] &c931r&cfff&cfff84&r/&cfff56&r &cf31rl&cfff &caaa
(goblin): >  &ca33gob&r [low-button] &c931r&cfff&cfff200&r/&cfff100&r sg &caaa
(goblin): >  &ca33gob&r [low-button] &c931r&cfff&cfff200&r/&cfff100&r sg &caaa
(lethalwiz): >&cf0flwz &cf5f[&cfffquad-way&cf5f] dropped&r &cf0frl-pack&r
(lethalwiz): >  &c599lwz&r [secret] &c931r&cfff&cfff200&r/&cfff100&r sg &caaa
(goblin): >  &ca33gob&r [low-stairs] &c931r&cfff&cfff99&r/&cfff81&r &cf31rl&cfff &caaa
(goblin): >  &ca33gob&r [ra-mega] &c931r&cfff&cfff99&r/&cfff81&r &cf31rl&cfff &caaa
(lethalwiz): >  &c599lwz&r [tele] &c931r&cfff&cfff200&r/&cfff100&r sg &caaa
(lethalwiz): >&cf00lwz &cf00[&cf55tele-high&cf00] lost&r &cf550&r
(lethalwiz): >&cf00lwz &cf00[&cf55tele-high&cf00] lost&r &cf550&r
(rio): >  &c353rio&r &c05fquad&cfff [low-rl] &c931r&cfff&cf6647&r/&cfff100&r &cf31rl&cfff &caaaneed armor
(lethalwiz): >&cf00lwz &cf00[&cf55tele-entry&cf00] lost&r &cf552&r
(lethalwiz): >&cf00lwz &cf00[&cf55tele-entry&cf00] lost&r &cf552&r
(lethalwiz): >&c1ff>&r &cf2aPACK&r &c777at&r [low-rl]
(lethalwiz): >&c1ff>&r &cf2aPACK&r &c777at&r [low-rl]
(lethalwiz): >&c1ff>&r &cf2aPACK&r &c777at&r [low-rl]
(lethalwiz): >&c1ff>&r &cf2aPACK&r &c777at&r [low-rl]
(lethalwiz): >&c599lwz:&cfff: &c0b0safe&cfff &c0b0[&cffflow-rl&c0b0]&cfff 
(lethalwiz): >&c599lwz:&cfff get &cf00pent&cfff
(goblin): >  &ca33gob&r [low-rl] &c931r&cfff&cfff167&r/&cfff100&r &cf31rl&cfff &caaa
Quad Damage is wearing off
(lethalwiz): >  &c599lwz&r [low-rl] &cf660&r/&cfff100&r &cf31rl&cfff &caaaneed armor
(lethalwiz): >  &c599lwz&r [ra-mega] &cf660&r/&cfff100&r &cf31rl&cfff &caaaneed armor
(goblin): >&cfffgob &caaa[&c666secret&caaa] took&r &ce00ra&cfff
no weapon
(rio): >&cf00rio &cf00[&cf55big&cf00] lost&r &cf551&r
(rio): >&cf00rio &cf00[&cf55big&cf00] lost&r &cf551&r
(rio): >&cf55enemy slipped&r
(rio): >&cf0frio &cf5f[&cffftele&cf5f] dropped pack&r
(rio): >&cf0frio &cf5f[&cffftele&cf5f] dropped pack&r
(rio): >&cf0frio &cf5f[&cffftele&cf5f] dropped pack&r
(rio): >&cf0frio &cf5f[&cffftele&cf5f] dropped pack&r
(rio): >&cf00rio &cf00[&cf55tele&cf00] lost&r &cf551&r
[4] minutes remaining
Team [=s=] leads by 70 frags
(goblin): >  &ca33gob&r [quad-way] &c931r&cfff&cfff123&r/&cfff81&r &cf31rl&cfff &caaa
btk: :)
(lethalwiz): >  &c599lwz&r [quad] &c931r&cfff&cfff101&r/&cfff166&r &cf31rl&cfff &caaa
(mOlle): >  &c59cmol&r [low-rl] &c931r&cfff&cfff200&r/&cfff100&r sg &caaa
(mOlle): >&c1ff>&r &cf2aPACK&r &c777at&r [low-rl]
(rio): >  &c353rio&r [low-rl] &c991y&cfff&cfff105&r/&cfff43&r sg &caaa
(goblin): >  &ca33gob&r [big] &cf660&r/&cfff130&r &cf31rl&cfff &caaaneed armor
(goblin): >  &ca33gob&r [big-stairs] &cf660&r/&cfff127&r &cf31rl&cfff &caaaneed armor
(goblin): >  &ca33gob&r [big-stairs] &cf660&r/&cfff127&r &cf31rl&cfff &caaaneed armor
(mOlle): >  &c59cmol&r [ra-mega] &c931r&cfff&cfff196&r/&cfff100&r &cf31rl&cfff &caaa
(mOlle): >  &c59cmol&r [ra-mega] &c931r&cfff&cfff196&r/&cfff100&r &cf31rl&cfff &caaa
(mOlle): >  &c59cmol&r [ra-mega] &c931r&cfff&cfff196&r/&cfff100&r &cf31rl&cfff &caaa
(mOlle): >  &c59cmol&r [ra-mega] &c931r&cfff&cfff196&r/&cfff100&r &cf31rl&cfff &caaa
(mOlle): >  &c59cmol&r [ra-mega] &c931r&cfff&cfff196&r/&cfff100&r &cf31rl&cfff &caaa
(mOlle): >  &c59cmol&r [ra-mega] &c931r&cfff&cfff196&r/&cfff100&r &cf31rl&cfff &caaa
(goblin): >  &ca33gob&r [big] &c991y&cfff&cfff150&r/&cfff120&r &cf31rl&cfff &caaa
(mOlle): >&c1ff>&r &ce00ra&cfff &c777at&r [ra-mega]
(mOlle): >&c1ff>&r &ce00ra&cfff &c777at&r [ra-mega]
(mOlle): >&c1ff>&r &ce00ra&cfff &c777at&r [ra-mega]
(rio): >  &c353rio&r [high-rl] &c991y&cfff&cfff87&r/&cfff90&r sg &caaa
(mOlle): >&c1ff>&r &ce00ra&cfff &c777at&r [ra-mega]
(goblin): >&c1ff>&r &cf2aPACK&r &c777at&r [quad-low]
(goblin): >&c1ff>&r &cf2aPACK&r &c777at&r [quad-low]
(goblin): >&c1ff>&r &cf2aPACK&r &c777at&r [quad-low]
(rio): >&cf00rio &cf00[&cf55high-rl&cf00] lost&r &cf552&r
(rio): >&cf00rio &cf00[&cf55high-rl&cf00] lost&r &cf552&r
(goblin): >&c1ff>&r &cf2aPACK&r &c777at&r [quad-low]
(goblin): >&c1ff>&r &cf2aPACK&r &c777at&r [quad-low]
Quad Damage is wearing off
(goblin): >  &ca33gob&r [quad-low] &c991y&cfff&cf664&r/&cfff55&r &cf31rl&cfff &caaaneed armor
(lethalwiz): >  &c599lwz&r &c05fquad&cfff [platforms] &c931r&cfff&cfff200&r/&cfff100&r &cf31rl&cfff &caaa
(goblin): >  &ca33gob&r [tele-entry] &c991y&cfff&cf664&r/&cfff55&r &cf31rl&cfff &caaaneed armor
(lethalwiz): >&c1ff>&r &cf31rl&cfff &c777at&r [low-rl]
(lethalwiz): >&c1ff>&r &cf31rl&cfff &c777at&r [low-rl]
(lethalwiz): >&c1ff>&r &cf31rl&cfff &c777at&r [low-rl]
(rio): >  &c353rio&r [path] &c931r&cfff&cfff200&r/&cfff100&r sg &caaa
(goblin): >  &ca33gob&r [path] &cf660&r/&cfff87&r &cf31rl&cfff &caaaneed armor
(rio): >&cfffrio &caaa[&c666low-rl&caaa] took&r &cf31rl&cfff
[3] minutes remaining
Team [=s=] leads by 88 frags
(goblin): >  &ca33gob&r [secret] &cf660&r/&cfff87&r &cf31rl&cfff &caaaneed armor
(goblin): >  &ca33gob&r [secret] &cf660&r/&cfff87&r &cf31rl&cfff &caaaneed armor
(goblin): >  &ca33gob&r [secret] &cf660&r/&cfff87&r &cf31rl&cfff &caaaneed armor
(goblin): >  &ca33gob&r [secret] &cf660&r/&cfff87&r &cf31rl&cfff &caaaneed armor
(rio): >  &c353rio&r [quad-low] &c931r&cfff&cfff139&r/&cfff87&r &cf31rl&cfff &caaa
(lethalwiz): >&cf00lwz &cf00[&cf55big&cf00] lost&r &cf551&r
(goblin): >  &ca33gob&r [ng] &c931r&cfff&cf6668&r/&cf6624&r &cf31rl&cfff &caaaneed armor
(lethalwiz): >&cf00lwz &cf00[&cf55tele&cf00] lost&r &cf552&r
(goblin): >  &ca33gob&r [low-rl] &c931r&cfff&cf6658&r/&cfff62&r &cf31rl&cfff &caaaneed armor
(lethalwiz): >  &c599lwz&r [low-stairs] &cfff0&r/&cfff100&r sg &caaa
(goblin): >  &ca33gob&r [ra-mega] &c931r&cfff&cf6658&r/&cfff100&r &cf31rl&cfff &caaaneed armor
(goblin): >  &ca33gob&r [ra-mega] &c931r&cfff&cf6658&r/&cfff100&r &cf31rl&cfff &caaaneed armor
(lethalwiz): >&c1ff>&r goblin &c777at&r [ra-mega]
(lethalwiz): >&c1ff>&r goblin &c777at&r [ra-mega]
(goblin): >&c1ff>&r &cf31rl&cfff &c777at&r [low-rl]
(goblin): >&c1ff>&r &cf31rl&cfff &c777at&r [low-rl]
(goblin): >&c1ff>&r &cf31rl&cfff &c777at&r [low-rl]
(mOlle): >  &c59cmol&r [tele] &c931r&cfff&cfff180&r/&cfff173&r &cf31rl&cfff&cf66:3&r &caaa
(lethalwiz): >  &c599lwz&r [secret] &cf660&r/&cfff72&r &cf31rl&cfff &caaaneed armor
(lethalwiz): >  &c599lwz&r [secret] &cf660&r/&cfff72&r &cf31rl&cfff &caaaneed armor
(lethalwiz): >  &c599lwz&r [secret] &cf660&r/&cfff72&r &cf31rl&cfff &caaaneed armor
(rio): >  &c353rio&r &c05fquad&cfff [quad-low] &c931r&cfff&cfff9&r/&cf669&r &cf31rl&cfff &caaaneed health
(lethalwiz): >&c1ff>&r &cf2aPACK&r &c777at&r [secret]
(lethalwiz): >&c1ff>&r &cf2aPACK&r &c777at&r [secret]
(lethalwiz): >&c1ff>&r &cf2aPACK&r &c777at&r [secret]
(lethalwiz): >&c1ff>&r &cf2aPACK&r &c777at&r [secret]
(lethalwiz): >  &c599lwz&r [secret] &c931r&cfff&cfff200&r/&cf6648&r &cf31rl&cfff&cf66:1&r &caaaneed health
(lethalwiz): >  &c599lwz&r [tele-ya] &c931r&cfff&cfff174&r/&cfff67&r &cf31rl&cfff&cf66:1&r &caaa
[2] minutes remaining
Team [=s=] leads by 108 frags
(goblin): >  &ca33gob&r [quad-low] &cfff0&r/&cfff100&r sg &caaa
(goblin): >  &ca33gob&r [ng] &cfff0&r/&cfff100&r sg &caaa
(goblin): >&cfffgob &caaa[&c666tele-ya&caaa] took&r &cff0ya&cfff
(goblin): >  &ca33gob&r [tele-high] &c991y&cfff&cfff150&r/&cfff100&r sg &caaa
(lethalwiz): >  &c599lwz&r [high-rl] &c931r&cfff&cfff174&r/&cfff166&r &cf31rl&cfff &caaa
(lethalwiz): >  &c599lwz&r [quad-way] &c931r&cfff&cfff174&r/&cfff166&r &cf31rl&cfff &caaa
(lethalwiz): >  &c599lwz&r [quad-way] &c931r&cfff&cfff174&r/&cfff166&r &cf31rl&cfff &caaa
(lethalwiz): >  &c599lwz&r [quad] &c931r&cfff&cfff174&r/&cfff163&r &cf31rl&cfff &caaa
(lethalwiz): >  &c599lwz&r [quad] &c931r&cfff&cfff174&r/&cfff162&r &cf31rl&cfff &caaa
(rio): >&cfffrio &caaa[&c666tele-ya&caaa] took&r &cff0ya&cfff
(rio): >  &c353rio&r [tele-high] &c991y&cfff&cfff150&r/&cfff100&r sg &caaa
no weapon
no weapon
(lethalwiz): >  &c599lwz&r [tele-entry] &cfff0&r/&cfff100&r sg &caaa
(goblin): >  &ca33gob&r [big] &c991y&cfff&cfff150&r/&cf6647&r &cf31rl&cfff &caaaneed health
(mOlle): >&cf00mol &cf00[&cf55ng&cf00] lost&r &cf551&r
(goblin): >&c1ff>&r &cf2aPACK&r &c777at&r [ng]
(goblin): >&c1ff>&r &cf2aPACK&r &c777at&r [ng]
(goblin): >&c1ff>&r &cf2aPACK&r &c777at&r [ng]
(goblin): >&cf0fgob &cf5f[&cfffng&cf5f] dropped&r &cf0frl-pack&r
(goblin): >&cf0fgob &cf5f[&cfffng&cf5f] dropped&r &cf0frl-pack&r
(rio): >&cfffrio &caaa[&c666high-rl&caaa] took&r &cf31rl&cfff
no weapon
(lethalwiz): >&cf00lwz &cf00[&cf55low-button&cf00] lost&r &cf551&r
(mOlle): >  &c59cmol&r [secret] &cf660&r/&cfff100&r &cf31rl&cfff &caaaneed armor
(mOlle): >  &c59cmol&r [secret] &cf660&r/&cfff100&r &cf31rl&cfff &caaaneed armor
(mOlle): >  &c59cmol&r [secret] &cf660&r/&cfff100&r &cf31rl&cfff &caaaneed armor
(lethalwiz): >&cf00lwz &cf00[&cf55tele&cf00] lost&r &cf552&r
(lethalwiz): >&cf00lwz &cf00[&cf55tele&cf00] lost&r &cf552&r
(lethalwiz): >  &c599lwz&r [big-stairs] &cfff0&r/&cfff100&r sg &caaa
[1] minute remaining
Team [=s=] leads by 112 frags
(lethalwiz): >&cf00lwz &cf00[&cf55low-rl&cf00] lost&r &cf553&r
(lethalwiz): >&cf00lwz &cf00[&cf55low-rl&cf00] lost&r &cf553&r
(goblin): >&c1ff>&r &cf2aPACK&r &c777at&r [tele]
(rio): >  &c353rio&r [tele] &c991y&cfff&cf6622&r/&cf6620&r &cf31rl&cfff&cf66:0&r &caaaneed armor health
(lethalwiz): >&c1ff>&r goblin &c777at&r [low-rl]
(goblin): >  &ca33gob&r [low-rl] &cfff0&r/&cfff52&r sg &caaa
(lethalwiz): >&c1ff>&r goblin &c777at&r [low-rl]
(lethalwiz): >  &c599lwz&r [low-rl] &c931r&cfff&cfff64&r/&cfff72&r sg &caaa
(lethalwiz): >&c1ff>&r goblin &c777at&r [ra-mega]
(lethalwiz): >&c1ff>&r goblin &c777at&r [ra-mega]
(goblin): >  &ca33gob&r [ra-mega] &cfff0&r/&cfff52&r ssg &caaa
(rio): >&cf0frio &cf5f[&cfffng&cf5f] dropped&r &cf0frl-pack&r
(rio): >&cf0frio &cf5f[&cfffng&cf5f] dropped&r &cf0frl-pack&r
(fl4m3r): >&cfc4flm&cfff &cf44r&cfff74/72 &cf4frl&cfff:14 &c6f6[&cffftele.entry&c6f6]&cfff
(samon): >&c37csam:&cfff team &c05fquad&cfff
(samon): >&c37csam:&cfff team &c05fquad&cfff
(fl4m3r): >&cfc4flm&cfff &cf44r&cfff74/72 &cf4frl&cfff:11 &c6f6[&cffftele&c6f6]&cfff
[30] seconds
(fl4m3r): >&cfc4flm&cfff &cf440&cfff/100 &c2ffsg&cfff &c6f6[&cfffhigh-tele&c6f6]&cfff
[15] seconds
(ThundeR): >thn: teammate at [high-rl] 0
[10] seconds
[9] seconds
[8] seconds
[7] seconds
[6] seconds
[5] seconds
[4] seconds
[3] seconds
[2] seconds
[1] second
The match is over
trigger "onmatchover" has no matching alias

Player statistics:
______________________________________
Frags (rank) friendkills . efficiency
Team [thug]:
__________
_ fl4m3r:
  36 (-41) 1 31.9%
Wp: rl49.1% gl27.5% sg47.1% ssg52.9%
RL skill: ad:83.1 dh:5
Armr&mhs: ga:0 ya:18 ra:5 mh:4
Powerups: Q:1 P:0 R:0
      RL: Took:13 Killed:11 Dropped:6
      LG: Took:0 Killed:0 Dropped:0
  Damage: Tkn:11211 Gvn:9024 EWep:4088 Tm:337 Self:296 ToDie:145
    Time: Quad:5
 Streaks: Frags:4 QuadRun:1
  SpawnFrags: 1
__________
_ btk:
  50 (-5) 1 47.6%
Wp: rl57.2% gl11.3% sg45.3%
RL skill: ad:83.1 dh:18
Armr&mhs: ga:0 ya:12 ra:10 mh:9
Powerups: Q:3 P:0 R:0
      RL: Took:11 Killed:10 Dropped:5 Xfer:2
      LG: Took:0 Killed:0 Dropped:0
  Damage: Tkn:9475 Gvn:9298 EWep:3529 Tm:243 Self:539 ToDie:172
    Time: Quad:21
 Streaks: Frags:11 QuadRun:3
  SpawnFrags: 6
__________
_ ThundeR:
  44 (-24) 6 39.3%
Wp: rl60.7% sg42.6% ssg31.4%
RL skill: ad:100.0 dh:20
Armr&mhs: ga:0 ya:22 ra:7 mh:3
Powerups: Q:2 P:0 R:0
      RL: Took:16 Killed:11 Dropped:11 Xfer:1
      LG: Took:0 Killed:0 Dropped:0
  Damage: Tkn:10874 Gvn:10123 EWep:3945 Tm:788 Self:975 ToDie:159
    Time: Quad:60
 Streaks: Frags:19 QuadRun:7
  SpawnFrags: 6
__________
_ samon:
  40 (-58) 4 29.0%
Wp: rl51.4% gl15.4% sg38.1% ssg39.9%
RL skill: ad:107.2 dh:21
Armr&mhs: ga:0 ya:16 ra:8 mh:5
Powerups: Q:1 P:0 R:0
      RL: Took:16 Killed:6 Dropped:7 Xfer:2
      LG: Took:0 Killed:0 Dropped:0
  Damage: Tkn:12872 Gvn:9339 EWep:3416 Tm:762 Self:630 ToDie:131
    Time: Quad:20
 Streaks: Frags:9 QuadRun:8
  SpawnFrags: 5

Team [=s=]:
__________
_ goblin:
  63 (-10) 1 46.3%
Wp: rl68.0% gl22.2% sg31.0% ssg43.5%
RL skill: ad:88.0 dh:18
Armr&mhs: ga:0 ya:12 ra:16 mh:3
Powerups: Q:3 P:0 R:0
      RL: Took:10 Killed:10 Dropped:6 Xfer:3
      LG: Took:0 Killed:0 Dropped:0
  Damage: Tkn:11136 Gvn:10815 EWep:2615 Tm:155 Self:1079 ToDie:152
    Time: Quad:33
 Streaks: Frags:18 QuadRun:2
  SpawnFrags: 7
__________
_ rio:
  77 (48) 0 72.6%
Wp: rl59.7% gl6.2% sg43.7% ssg31.1%
RL skill: ad:99.6 dh:28
Armr&mhs: ga:0 ya:15 ra:14 mh:9
Powerups: Q:5 P:0 R:0
      RL: Took:11 Killed:14 Dropped:7 Xfer:2
      LG: Took:0 Killed:0 Dropped:0
  Damage: Tkn:7505 Gvn:12121 EWep:2713 Tm:509 Self:1261 ToDie:258
    Time: Quad:117
 Streaks: Frags:17 QuadRun:8
  SpawnFrags: 8
__________
_ mOlle:
  60 (12) 1 55.6%
Wp: rl64.5% sg42.4% ssg49.1%
RL skill: ad:86.1 dh:18
Armr&mhs: ga:0 ya:8 ra:19 mh:7
Powerups: Q:1 P:0 R:0
      RL: Took:12 Killed:7 Dropped:5 Xfer:1
      LG: Took:0 Killed:0 Dropped:0
  Damage: Tkn:8879 Gvn:10128 EWep:1699 Tm:210 Self:454 ToDie:184
    Time: Quad:30
 Streaks: Frags:30 QuadRun:2
  SpawnFrags: 11
__________
_ lethalwiz:
  69 (20) 2 58.5%
Wp: rl51.9% sg39.2% ssg47.2%
RL skill: ad:93.7 dh:24
Armr&mhs: ga:0 ya:12 ra:20 mh:5
Powerups: Q:4 P:0 R:0
      RL: Took:12 Killed:14 Dropped:10 Xfer:2
      LG: Took:0 Killed:0 Dropped:0
  Damage: Tkn:10264 Gvn:11368 EWep:3170 Tm:286 Self:1074 ToDie:209
    Time: Quad:93
 Streaks: Frags:16 QuadRun:5
  SpawnFrags: 14

______________________________________
[thug] vs [=s=] match statistics:
______________________________________

weapons, powerups, armors&mhs, damage
______________________________________
[thug]: Wp: rl64 gl17 sg43% ssg42%
Powerups: Q:7 P:0 R:0
Armr&mhs: ga:0 ya:68 ra:30 mh:21
      RL: Took:56 Killed:38 Dropped:29 Xfer:5
      LG: Took:0 Killed:0 Dropped:0
  Damage: Tkn:44432 Gvn:37784 EWep:14978 Tm:2130
    Time: Quad:107
[=s=]: Wp: rl88 gl2 sg38% ssg43%
Powerups: Q:13 P:0 R:0
Armr&mhs: ga:0 ya:47 ra:69 mh:24
      RL: Took:45 Killed:45 Dropped:28 Xfer:8
      LG: Took:0 Killed:0 Dropped:0
  Damage: Tkn:37784 Gvn:44432 EWep:10197 Tm:1160
    Time: Quad:274
______________________________________
[dm2] top scorers:
______________________________________
      Frags: rio [77]
     Deaths: samon [98]
Friendkills: ThundeR [6]
 Efficiency: rio [72.6%]
 FragStreak: mOlle [30]
    QuadRun: rio [8]
             samon [8]
  RL Killer: rio [14]
             lethalwiz [14]
Boomsticker: fl4m3r [47.1%]
   Survivor: rio [258]
Annihilator: rio [12121]

______________________________________

Team scores: frags . percentage
______________________________________
[thug]: 170 . 38.7%
[=s=]: 269 . 61.3%
______________________________________
[ServeMe] overflowed
samon: gg
]log 12
