Playing demo from 12.mvd


_____________________________________

_Castle of the Damned
rio is ready [=s=]
All players ready
Timer started
QiZmo: timer lag point disabled
Server starts recording (disk): 4on4_thug_vs_s_[e1m2]210222-2206.mvd
samon: gl/hf
matchdate: 2022-02-21 22:06:32 CET
trigger "onmatchstart" has no matching alias
The match has begun!
(ThundeR): >thn: 0/100 [gl-quad]
(samon): >&c37csam:&cfff 0/100 [quad]
(fl4m3r): >&cfc4flm&cfff &cf440&cfff/100 &c2ffsg&cfff &c6f6[&cfffya&c6f6]&cfff
(btk): >kid took &cf13rl&cfff [rl]
btk: :)
btk: :)
btk: :)
btk: :)
btk: :)
(lethalwiz): >&c599lwz:&cfff get &cf00pent&cfff
(lethalwiz): >&cf00lwz &cf00[&cf55spikes&cf00] lost&r &cf552&r
(lethalwiz): >&cf00lwz &cf00[&cf55rl&cf00] lost&r &cf551&r
(lethalwiz): >&cf00lwz &cf00[&cf55rl&cf00] lost&r &cf551&r
[19] minutes remaining
Team [thug] leads by 8 frags
(rio): >  &c353rio&r [ya] &cf660&r/&cfff171&r &cf31rl&cfff&cf66:4&r &caaaneed armor
(rio): >  &c353rio&r [ya] &cf660&r/&cfff171&r &cf31rl&cfff&cf66:4&r &caaaneed armor
(rio): >  &c353rio&r [ya] &cf660&r/&cfff171&r &cf31rl&cfff&cf66:4&r &caaaneed armor
no weapon
no weapon
(ThundeR): >thn: teammate at [quad] 0
(fl4m3r): >&cfc4flm&cfff __ team &c44fQUAD&cfff __
(fl4m3r): >&cfc4flm&cfff __ team &c44fQUAD&cfff __
(samon): >&c37csam:&cfff &cf00LOST&cfff [gl] &cf00e&cfff:2
(samon): >&c37csam:&cfff &cf00LOST&cfff [gl] &cf00e&cfff:2
(fl4m3r): >&cfc4flm&cfff &cf44lost&cfff 0&cf44e&cfff &cf44[&cfffya.tele&cf44]&cfff
(fl4m3r): >&cfc4flm&cfff &c44fQUAD&cfff dead
(fl4m3r): >&cfc4flm&cfff &cf440&cfff/100 &c2ffsg&cfff &c6f6[&cfffspikes&c6f6]&cfff
(fl4m3r): >&cfc4flm&cfff &cf440&cfff/100 &c2ffsg&cfff &c6f6[&cfffstart.stairs&c6f6]&cfff
(samon): >&c37csam:&cfff get &c05fquad&cfff
(samon): >&c37csam:&cfff get &c05fquad&cfff
(fl4m3r): >&cfc4flm&cfff &cf440&cfff/100 &c2ffsg&cfff &c6f6[&cfffrl&c6f6]&cfff
(fl4m3r): >&cfc4flm&cfff &cf44lost&cfff 2&cf44e&cfff &cf44[&cfffrl&cf44]&cfff
(fl4m3r): >&cfc4flm&cfff &cf440&cfff/100 &c2ffsg&cfff &c6f6[&cfffquad&c6f6]&cfff
(samon): >&c37csam:&cfff took &c0b0ga&cfff [ga]
(btk): >kid &cf2apack&cfff at [ya] 0
(ThundeR): >thn: teammate at [ya] 0
(btk): >kid &cf2apack&cfff at [ya] 0
(ThundeR): >thn: teammate at [ya] 1
(btk): >kid &cf2apack&cfff at [ya] 1
(btk): >kid &cf2apack&cfff at [ya] 1
(btk): >kid &cf2apack&cfff at [ya] 1
(fl4m3r): >&cfc4flm&cfff &cf440&cfff/51 &c2ffsg&cfff &c6f6[&cfffgl&c6f6]&cfff
(fl4m3r): >&cfc4flm&cfff &cf440&cfff/51 &c2ffsg&cfff &c6f6[&cfffgl&c6f6]&cfff
(lethalwiz): >  &c599lwz&r [cross-water] &cfff0&r/&cfff100&r sg &caaa
(mOlle): >  &c59cmol&r [ya] &c693g&cfff&cf6649&r/&cfff95&r &cf31rl&cfff&cf66:4&r &caaaneed armor
(rio): >  &c353rio&r [mega-low] &cfff0&r/&cfff100&r sg &caaa
[18] minutes remaining
Team [thug] leads by 10 frags
(lethalwiz): >  &c599lwz&r [rl] &cf660&r/&cfff100&r &cf31rl&cfff &caaaneed armor
(mOlle): >  &c59cmol&r [ya] &c693g&cfff&cf6649&r/&cfff95&r &cf31rl&cfff&cf66:4&r &caaaneed armor
(lethalwiz): >  &c599lwz&r [rl] &cf660&r/&cfff100&r &cf31rl&cfff &caaaneed armor
(mOlle): >  &c59cmol&r [ya] &c693g&cfff&cf6649&r/&cfff95&r &cf31rl&cfff&cf66:4&r &caaaneed armor
(lethalwiz): >  &c599lwz&r [water-rl] &cf660&r/&cfff100&r &cf31rl&cfff &caaaneed armor
(lethalwiz): >  &c599lwz&r [water-rl] &cf660&r/&cfff100&r &cf31rl&cfff &caaaneed armor
(ThundeR): >thn: &c0b0team&cfff &c05fquad&cfff at [gl-quad]
(fl4m3r): >&cfc4flm&cfff took &c2ffga&cfff
(fl4m3r): >&cfc4flm&cfff &c6f6g&cfff100/100 &c2ffsg&cfff &c6f6[&cfffwater.ga&c6f6]&cfff
(lethalwiz): >  &c599lwz&r [bridge] &cf660&r/&cfff100&r &cf31rl&cfff &caaaneed armor
(lethalwiz): >  &c599lwz&r [ssg-spikes] &cf660&r/&cfff100&r &cf31rl&cfff &caaaneed armor
(lethalwiz): >  &c599lwz&r [ya] &cf660&r/&cfff100&r &cf31rl&cfff &caaaneed armor
(lethalwiz): >  &c599lwz&r [ya] &cf660&r/&cfff100&r &cf31rl&cfff&cf66:2&r &caaaneed armor
(lethalwiz): >  &c599lwz&r [ya] &c991y&cfff&cfff150&r/&cfff100&r &cf31rl&cfff&cf66:2&r &caaa
(lethalwiz): >  &c599lwz&r [gl] &c991y&cfff&cfff150&r/&cfff100&r &cf31rl&cfff&cf66:2&r &caaa
(lethalwiz): >&c1ff>&r rox &c777at&r [gl-rox]
(goblin): >  &ca33gob&r [gl-sng] &cfff0&r/&cfff100&r sng &caaa
(lethalwiz): >  &c599lwz&r [gl-rox] &c991y&cfff&cfff150&r/&cfff100&r &cf31rl&cfff &caaa
(rio): >&cf00rio &cf00[&cf55door&cf00] lost&r &cf553&r
(lethalwiz): >&c599lwz:&cfff &cb1akill me&cfff [bridge] &cf31rl&cfff:11
(lethalwiz): >  &c599lwz&r [ssg-spikes] &c991y&cfff&cfff117&r/&cfff79&r &cf31rl&cfff &caaa
(lethalwiz): >&c1ff>&r rio &c777at&r [ya]
(lethalwiz): >  &c599lwz&r [ya] &c991y&cfff&cfff79&r/&cfff57&r &cf31rl&cfff &caaa
(goblin): >  &ca33gob&r [ya] &cfff0&r/&cfff100&r sg &caaa
(lethalwiz): >  &c599lwz&r [ya] &c991y&cfff&cfff150&r/&cfff100&r &cf31rl&cfff &caaa
[17] minutes remaining
Team [thug] leads by 8 frags
(rio): >  &c353rio&r [ga] &c693g&cfff&cfff100&r/&cfff100&r ng &caaa
not enough ammo
(lethalwiz): >&cf00lwz &cf00[&cf55mega-low&cf00] lost&r &cf551&r
(fl4m3r): >&cfc4flm&cfff &c44fQUAD&cfff dead
(fl4m3r): >&cfc4flm&cfff &cf440&cfff/&cf444&cfff &c2ffssg&cfff &c6f6[&cfffmega.sng&c6f6]&cfff
(btk): >kid &cff0ya&cfff at [ya] 1
(ThundeR): >thn: &cf2apack&cfff at [ga] 0
(fl4m3r): >&cfc4flm&cfff took &c2ffmega&cfff
(ThundeR): >thn: teammate at [ga] 0
(fl4m3r): >&cfc4flm&cfff &cf440&cfff/158 &c2ffsng&cfff:200 18&c2ffrox&cfff &c6f6[&cfffquad&c6f6]&cfff
(fl4m3r): >&cfc4flm&cfff &cf440&cfff/158 &c2ffsng&cfff:200 18&c2ffrox&cfff &c6f6[&cfffquad&c6f6]&cfff
(ThundeR): >thn: teammate at [rl] 0
(ThundeR): >thn: teammate at [mega-low] 1
(fl4m3r): >&cfc4flm&cfff &cf440&cfff/31 &c2ffsng&cfff:60 18&c2ffrox&cfff &c6f6[&cfffya.water&c6f6]&cfff
(fl4m3r): >&cfc4flm&cfff &cf44lost&cfff 2&cf44e&cfff &cf44[&cfffya.water&cf44]&cfff
(lethalwiz): >  &c599lwz&r [ya-water] &cfff0&r/&cfff100&r sng &caaa
(goblin): >&c1ff>&r &cf2aPACK&r &c777at&r [water-rl]
(lethalwiz): >&c1ff>&r mOlle &c777at&r [rl]
(lethalwiz): >&c1ff>&r mOlle &c777at&r [rl]
(goblin): >  &ca33gob&r [water-rl] &cfff0&r/&cfff100&r sg &caaa
(mOlle): >  &c59cmol&r [rl] &c693g&cfff&cfff84&r/&cfff78&r ssg &caaa
(rio): >  &c353rio&r [ya] &c991y&cfff&cfff118&r/&cfff93&r &cf31rl&cfff &caaa
[16] minutes remaining
Team [thug] leads by 2 frags
(lethalwiz): >  &c599lwz&r [start] &cfff0&r/&cfff100&r sng &caaa
(rio): >&cf00rio &cf00[&cf55ya&cf00] lost&r &cf552&r
(rio): >&cf00rio &cf00[&cf55ya&cf00] lost&r &cf552&r
(fl4m3r): >&cfc4flm&cfff __ team &c44fQUAD&cfff __
(fl4m3r): >&cfc4flm&cfff __ team &c44fQUAD&cfff __
(fl4m3r): >&cfc4flm&cfff _&c44fQUAD&cfff_ &cf440&cfff/100 &c2ffsg&cfff &c6f6[&cfffgl.quad&c6f6]&cfff
(samon): >&c37csam:&cfff &cf00LOST&cfff [quad] &cf00e&cfff:2
(fl4m3r): >&cfc4flm&cfff _&c44fQUAD&cfff_ &cf440&cfff/100 &c2ffsg&cfff &c6f6[&cfffgl&c6f6]&cfff
(fl4m3r): >&cfc4flm&cfff _&c44fQUAD&cfff_ &cf440&cfff/100 &c2ffsg&cfff &c6f6[&cfffgl.stairs&c6f6]&cfff
(fl4m3r): >&cfc4flm&cfff _&c44fQUAD&cfff_ &cf440&cfff/100 &c2ffsg&cfff &c6f6[&cfffgl.stairs&c6f6]&cfff
(ThundeR): >thn: &c0b0team&cfff &c05fquad&cfff at [ya]
(fl4m3r): >&cfc4flm&cfff took &c2ffya&cfff
(fl4m3r): >&cfc4flm&cfff _&c44fQUAD&cfff_ &cff0y&cfff150/100 &c2ffsg&cfff &c6f6[&cfffgl&c6f6]&cfff
Quad Damage is wearing off
(samon): >&c37csam:&cfff 0/36 [start.rl] &c2aarl&cfff:5
(fl4m3r): >&cfc4flm&cfff _&c44fQUAD&cfff_ &cff0y&cfff84/81 &c2ffsg&cfff &c6f6[&cfffcross&c6f6]&cfff
(btk): >kid 2 enemy at [gl.quad]
(fl4m3r): >&cfc4flm&cfff &cf44lost&cfff 3&cf44e&cfff &cf44[&cfffgl.quad&cf44]&cfff
(fl4m3r): >&cfc4flm&cfff &cf440&cfff/100 &c2ffsg&cfff &c6f6[&cfffquad.stairs&c6f6]&cfff
(ThundeR): >thn: &cf00lost&cfff &cf00[&cfffya&cf00]&cfff 1
(fl4m3r): >&cfc4flm&cfff &cf44lost&cfff 1&cf44e&cfff &cf44[&cfffgl.rox&cf44]&cfff
(fl4m3r): >&cfc4flm&cfff &cf440&cfff/100 &c2ffsg&cfff &c6f6[&cfffwater.ga&c6f6]&cfff
(fl4m3r): >&cfc4flm&cfff &cf440&cfff/100 &c2ffsg&cfff &c6f6[&cfffwater.ga&c6f6]&cfff
[15] minutes remaining
Team [thug] leads by 4 frags
(fl4m3r): >&cfc4flm&cfff &cf440&cfff/100 &c2ffsg&cfff &c6f6[&cfffwater.spikes&c6f6]&cfff
(fl4m3r): >&cfc4flm&cfff &cf440&cfff/100 &c2ffsg&cfff &c6f6[&cfffwater.spikes&c6f6]&cfff
(fl4m3r): >&cfc4flm&cfff &cf440&cfff/66 &c2ffsg&cfff &c6f6[&cfffquad.stairs&c6f6]&cfff
(ThundeR): >thn: &c0b0team&cfff &c05fquad&cfff at [ya-tele]
(ThundeR): >thn: teammate at [gl-stairs] 0
(fl4m3r): >&cfc4flm&cfff &cf440&cfff/81 &c2ffsg&cfff &c6f6[&cfffgl.stairs&c6f6]&cfff
(fl4m3r): >&cfc4flm&cfff &cf440&cfff/96 &c2ffsg&cfff &c6f6[&cfffgl&c6f6]&cfff
(btk): >kid 1 enemy at [rl]
(fl4m3r): >&cfc4flm&cfff &cf44lost&cfff 1&cf44e&cfff &cf44[&cfffgl&cf44]&cfff
(fl4m3r): >&cfc4flm&cfff &cf440&cfff/100 &c2ffsg&cfff &c6f6[&cfffmega.low&c6f6]&cfff
Quad Damage is wearing off
(ThundeR): >thn: &cf00lost&cfff &cf00[&cfffya&cf00]&cfff 2
(ThundeR): >thn: &cf00lost&cfff &cf00[&cfffya&cf00]&cfff 2
(fl4m3r): >&cfc4flm&cfff &cf44lost&cfff 1&cf44e&cfff &cf44[&cfffya&cf44]&cfff
(samon): >&c37csam:&cfff &cf00LOST&cfff [quad] &cf00e&cfff:2 dropped &c2aarl&cfff
(samon): >&c37csam:&cfff &cf00LOST&cfff [quad] &cf00e&cfff:2 dropped &c2aarl&cfff
(samon): >&c37csam:&cfff &cf00LOST&cfff [quad] &cf00e&cfff:2 dropped &c2aarl&cfff
(lethalwiz): >&cf00lwz &cf00[&cf55bridge-room&cf00] lost&r &cf551&r
(goblin): >  &ca33gob&r [ga] &cfff0&r/&cfff100&r sg &caaa
(lethalwiz): >&cf00lwz &cf00[&cf55ssg&cf00] lost&r &cf551&r
[14] minutes remaining
Team [thug] leads by 9 frags
(lethalwiz): >&cf00lwz &cf00[&cf55quad&cf00] lost&r &cf551&r
(goblin): >  &ca33gob&r [rl] &c693g&cfff&cfff78&r/&cfff100&r &cf31rl&cfff &caaa
(lethalwiz): >&cf00lwz &cf00[&cf55quad&cf00] lost&r &cf552&r
(lethalwiz): >  &c599lwz&r [start] &cfff0&r/&cfff100&r sg &caaa
(rio): >  &c353rio&r [bridge-room] &cfff0&r/&cfff36&r &c299gl&cfff &caaa
(fl4m3r): >&cfc4flm&cfff &cf44lost&cfff 1&cf44e&cfff &cf44[&cfffmega.entry&cf44]&cfff
(goblin): >  &ca33gob&r [mega] &c693g&cfff&cfff78&r/&cfff200&r &cf31rl&cfff &caaa
(goblin): >  &ca33gob&r [quad] &c693g&cfff&cf6661&r/&cfff165&r &cf31rl&cfff &caaaneed armor
(goblin): >  &ca33gob&r [quad] &c693g&cfff&cf6661&r/&cfff165&r &cf31rl&cfff &caaaneed armor
(lethalwiz): >&c1ff>&r &cfffenemy&cfff &c777at&r [ya]
(lethalwiz): >&c1ff>&r &cfffenemy&cfff &c777at&r [ya]
(lethalwiz): >  &c599lwz&r [bridge] &c991y&cfff&cfff135&r/&cfff89&r sg &caaa
(lethalwiz): >&c1ff>&r &cfffenemy&cfff &c777at&r [rl]
(rio): >  &c353rio&r [door] &cfff0&r/&cfff100&r sg &caaa
(lethalwiz): >&cf00lwz &cf00[&cf55rl&cf00] lost&r &cf551&r
(goblin): >  &ca33gob&r [ya] &c693g&cfff&cf6610&r/&cf6647&r &cf31rl&cfff &caaaneed armor
(goblin): >&cfffgob &caaa[&c666ya&caaa] took&r &cff0ya&cfff
(goblin): >&cfffgob &caaa[&c666ya&caaa] took&r &cff0ya&cfff
(lethalwiz): >&cf00lwz &cf00[&cf55mega-low&cf00] lost&r &cf553&r
(lethalwiz): >  &c599lwz&r [start] &cfff0&r/&cfff100&r sg &caaa
(goblin): >  &ca33gob&r [ya] &c991y&cfff&cfff150&r/&cf6647&r &cf31rl&cfff &caaaneed health
(goblin): >  &ca33gob&r [gl-stairs] &c991y&cfff&cfff120&r/&cfff83&r &cf31rl&cfff &caaa
(mOlle): >&c1ff>&r &cf2aPACK&r &c777at&r [ya]
(rio): >  &c353rio&r [mega-low] &c693g&cfff&cfff58&r/&cfff5&r sg &caaa
(goblin): >  &ca33gob&r [quad] &c991y&cfff&cfff120&r/&cfff100&r &cf31rl&cfff &caaa
[13] minutes remaining
Team [=s=] leads by 1 frag
(lethalwiz): >&cf00lwz &cf00[&cf55quad-stairs&cf00] lost&r &cf552&r
(lethalwiz): >&cf00lwz &cf00[&cf55quad-stairs&cf00] lost&r &cf552&r
no weapon
(fl4m3r): >&cfc4flm&cfff &cf44lost&cfff 3&cf44e&cfff &cf44[&cfffquad&cf44]&cfff
(goblin): >  &ca33gob&r &c05fquad&cfff [quad-box] &c991y&cfff&cfff94&r/&cfff86&r &cf31rl&cfff &caaa
(goblin): >  &ca33gob&r &c05fquad&cfff [quad-box] &c991y&cfff&cfff94&r/&cfff86&r &cf31rl&cfff &caaa
(rio): >&c1ff>&r &cff0ya&cfff &c777at&r [ya]
(rio): >&c1ff>&r &cff0ya&cfff &c777at&r [ya]
(rio): >&c1ff>&r &cff0ya&cfff &c777at&r [ya]
(rio): >&cfffrio &caaa[&c666ya&caaa] took&r &cff0ya&cfff
(lethalwiz): >&cf00lwz &cf00[&cf55water-rl&cf00] lost&r &cf551&r
(rio): >  &c353rio&r [ga] &c991y&cfff&cfff150&r/&cfff9&r &c299gl&cfff &caaa
(goblin): >  &ca33gob&r &c05fquad&cfff [gl] &c991y&cfff&cf6658&r/&cfff77&r &cf31rl&cfff &caaaneed armor
(lethalwiz): >&c1ff>&r rio &c777at&r [ssg]
(lethalwiz): >&c1ff>&r rio &c777at&r [ssg]
(goblin): >  &ca33gob&r &c05fquad&cfff [ya] &c991y&cfff&cf6658&r/&cfff77&r &cf31rl&cfff &caaaneed armor
Quad Damage is wearing off
(goblin): >  &ca33gob&r [ya] &c991y&cfff&cf6658&r/&cfff100&r &cf31rl&cfff &caaaneed armor
(goblin): >  &ca33gob&r [ya] &c991y&cfff&cf6658&r/&cfff100&r &cf31rl&cfff &caaaneed armor
(goblin): >&cfffgob &caaa[&c666ya&caaa] took&r &cff0ya&cfff
(goblin): >&cfffgob &caaa[&c666ya&caaa] took&r &cff0ya&cfff
(lethalwiz): >&cf00lwz &cf00[&cf55ga&cf00] lost&r &cf552&r
(rio): >  &c353rio&r [bridge] &c991y&cfff&cfff150&r/&cfff100&r &c299gl&cfff &caaa
(lethalwiz): >  &c599lwz&r [spikes] &cfff0&r/&cfff100&r sg &caaa
(mOlle): >  &c59cmol&r [rl] &cfff0&r/&cfff72&r ssg &caaa
(rio): >&c1ff>&r &cfffenemy&cfff &c777at&r [rl]
(goblin): >  &ca33gob&r [gl] &c991y&cfff&cf6621&r/&cf6645&r &cf31rl&cfff &caaaneed armor
(lethalwiz): >&cf00lwz &cf00[&cf55quad&cf00] lost&r &cf552&r
(lethalwiz): >&cf00lwz &cf00[&cf55quad&cf00] lost&r &cf552&r
[12] minutes remaining
Team [=s=] leads by 4 frags
(mOlle): >  &c59cmol&r [rl] &cfff0&r/&cfff90&r ssg &caaa
no weapon
(mOlle): >  &c59cmol&r [start-rl] &cf660&r/&cfff90&r &cf31rl&cfff &caaaneed armor
(samon): >&c37csam:&cfff get &c05fquad&cfff
(samon): >&c37csam:&cfff get &c05fquad&cfff
(fl4m3r): >&cfc4flm&cfff &cf440&cfff/100 &c2ffsg&cfff &c6f6[&cfffcross&c6f6]&cfff
(samon): >&c37csam:&cfff &c0b0SAFE&cfff [gl] sg:100
(fl4m3r): >&cfc4flm&cfff &cf440&cfff/84 &c2ffsg&cfff &c6f6[&cfffgl.stairs&c6f6]&cfff
(ThundeR): >thn: &c0b0team&cfff &c05fquad&cfff at [gl-stairs]
(fl4m3r): >&cfc4flm&cfff &cf440&cfff/99 &c2ffsg&cfff &c6f6[&cfffgl&c6f6]&cfff
(fl4m3r): >&cfc4flm&cfff &cf440&cfff/99 &c2ffsg&cfff &c6f6[&cfffgl&c6f6]&cfff
(fl4m3r): >&cfc4flm&cfff &cf440&cfff/99 &c2ffgl&cfff:5 &c6f6[&cfffgl.quad&c6f6]&cfff
(fl4m3r): >&cfc4flm&cfff &cf440&cfff/100 &c2ffgl&cfff:4 &c6f6[&cfffquad&c6f6]&cfff
(fl4m3r): >&cfc4flm&cfff &cf440&cfff/100 &c2ffgl&cfff:4 &c6f6[&cfffgl.quad&c6f6]&cfff
(ThundeR): >thn: &cf00lost&cfff &cf00[&cfffgl-rox&cf00]&cfff 3
Quad Damage is wearing off
(fl4m3r): >&cfc4flm&cfff &cf44lost&cfff 2&cf44e&cfff &cf44[&cfffgl&cf44]&cfff
(fl4m3r): >&cfc4flm&cfff &cf440&cfff/100 &c2ffsg&cfff &c6f6[&cfffcross&c6f6]&cfff
(fl4m3r): >&cfc4flm&cfff &cf44lost&cfff 0&cf44e&cfff &cf44[&cfffcross&cf44]&cfff
(samon): >&c37csam:&cfff &cf00LOST&cfff [ya] &cf00e&cfff:2
(samon): >&c37csam:&cfff &cf00LOST&cfff [ya] &cf00e&cfff:2
(fl4m3r): >&cfc4flm&cfff &cf440&cfff/95 &c2ffsg&cfff &c6f6[&cfffquad&c6f6]&cfff
(fl4m3r): >&cfc4flm&cfff &cf440&cfff/95 &c2ffsg&cfff &c6f6[&cfffquad&c6f6]&cfff
(btk): >kid 0/100 &cf13rl&cfff:2 [mega.rox]
(btk): >kid 0/100 &cf13rl&cfff:2 [mega]
(btk): >kid 0/100 &cf13rl&cfff:2 [mega]
(fl4m3r): >&cfc4flm&cfff &cf44lost&cfff 1&cf44e&cfff &cf44[&cfffquad&cf44]&cfff
(samon): >&c37csam:&cfff took &cff0ya&cfff [ya]
(ThundeR): >thn: &c0b0100&cfff/100 ssg:45 [ssg-spikes]
(samon): >&c37csam:&cfff coming [mega.rox]
(fl4m3r): >&cfc4flm&cfff &cf44lost&cfff 2&cf44e&cfff &cf44[&cfffgl&cf44]&cfff
(fl4m3r): >&cfc4flm&cfff &cf440&cfff/100 &c2ffsg&cfff &c6f6[&cfffmega.low&c6f6]&cfff
(ThundeR): >thn: &cf00lost&cfff &cf00[&cfffgl-stairs&cf00]&cfff 2
(fl4m3r): >&cfc4flm&cfff > btk &c6f6[&cfffmega.low&c6f6]&cfff
(ThundeR): >thn: &cf00lost&cfff &cf00[&cfffgl-stairs&cf00]&cfff 1
(ThundeR): >thn: &cf00lost&cfff &cf00[&cfffgl-stairs&cf00]&cfff 1
[11] minutes remaining
Team [thug] leads by 1 frag
(fl4m3r): >&cfc4flm&cfff &cf44lost&cfff 1&cf44e&cfff &cf44[&cfffya&cf44]&cfff
(samon): >&c37csam:&cfff &cf00LOST&cfff [ya] &cf00e&cfff:1
(goblin): >  &ca33gob&r [quad] &cfff0&r/&cfff88&r sg &caaa
(goblin): >  &ca33gob&r [quad] &cfff0&r/&cfff88&r sg &caaa
(mOlle): >  &c59cmol&r [ya] &c991y&cfff&cfff150&r/&cfff57&r &cf31rl&cfff &caaa
(goblin): >  &c05fquad&cfff &c00fover&r
(goblin): >  &c05fquad&cfff &c00fover&r
(rio): >  &c353rio&r [ssg] &cf660&r/&cfff100&r &cf31rl&cfff &caaaneed armor
(lethalwiz): >  &c599lwz&r [ssg-spikes] &cfff0&r/&cfff100&r sng &caaa
(lethalwiz): >&cf00lwz &cf00[&cf55spikes&cf00] lost&r &cf551&r
(rio): >&cf00rio &cf00[&cf55ga&cf00] lost&r &cf552&r
(rio): >&cf00rio &cf00[&cf55ga&cf00] lost&r &cf552&r
(rio): >  &c353rio&r [ya] &c991y&cfff&cfff135&r/&cfff43&r sg &caaa
(mOlle): >  &c59cmol&r [ya] &c991y&cfff&cf6614&r/&cf6642&r &cf31rl&cfff &caaaneed armor hth
(lethalwiz): >  &c599lwz&r [start] &cfff0&r/&cfff100&r sg &caaa
(lethalwiz): >&cf00lwz &cf00[&cf55quad&cf00] lost&r &cf551&r
(lethalwiz): >&cf00lwz &cf00[&cf55gl&cf00] lost&r &cf552&r
[10] minutes remaining
Team [=s=] leads by 4 frags
(lethalwiz): >&c1ff>&r rio &c777at&r [rl]
(lethalwiz): >&c1ff>&r rio &c777at&r [rl]
(lethalwiz): >&c1ff>&r rio &c777at&r [rl]
(fl4m3r): >&cfc4flm&cfff &cf440&cfff/100 &c2ffsg&cfff &c6f6[&cfffgl.stairs&c6f6]&cfff
(samon): >&c37csam:&cfff coming [quad]
(ThundeR): >thn: &c0b0team&cfff &c05fquad&cfff at [quad]
(fl4m3r): >&cfc4flm&cfff &cf440&cfff/72 &c2ffsg&cfff &c6f6[&cfffya&c6f6]&cfff
(samon): >&c37csam:&cfff took rockets [gl.rox]
(fl4m3r): >&cfc4flm&cfff > PHPH &c44fQUADED&cfffbtk &c6f6[&cfffya.top&c6f6]&cfff
(fl4m3r): >&cfc4flm&cfff &cf440&cfff/68 &c2ffsg&cfff &c6f6[&cfffya.spikes&c6f6]&cfff
(fl4m3r): >&cfc4flm&cfff &cf440&cfff/68 &c2ffsg&cfff &c6f6[&cfffya.spikes&c6f6]&cfff
(fl4m3r): >&cfc4flm&cfff > samon &c6f6[&cfffya&c6f6]&cfff
(ThundeR): >thn: teammate at [ya] 0
(samon): >&c37csam:&cfff coming [ya]
(fl4m3r): >&cfc4flm&cfff &cf440&cfff/83 &c2ffgl&cfff:5 &c6f6[&cfffgl&c6f6]&cfff
(btk): >kid &cf00lost&cfff &cf00[&cfffrl&cf00]&cfff 3
(btk): >kid &cf00lost&cfff &cf00[&cfffrl&cf00]&cfff 3
(ThundeR): >thn: teammate at [ya-spikes] 0
(btk): >kid &cf2apack&cfff at [ya.water] 0
(ThundeR): >thn: teammate at [ya] 0
(samon): >&c37csam:&cfff &c0b0SAFE&cfff [ya] &c2aarl&cfff:20
(samon): >&c37csam:&cfff &c0b0SAFE&cfff [ya] &c2aarl&cfff:20
(samon): >&c37csam:&cfff &c0b0SAFE&cfff [ya] &c2aarl&cfff:20
(samon): >&c37csam:&cfff &c0b0SAFE&cfff [ya] &c2aarl&cfff:20
(ThundeR): >thn: teammate at [ya] 0
(ThundeR): >thn: &cff0ya&cfff at [ya] 0
(samon): >&c37csam:&cfff took &cff0ya&cfff [ya]
(fl4m3r): >&cfc4flm&cfff &cf44lost&cfff 1&cf44e&cfff &cf44[&cfffrl.cross&cf44]&cfff
(fl4m3r): >&cfc4flm&cfff &cf440&cfff/100 &c2ffsg&cfff &c6f6[&cfffstart.stairs&c6f6]&cfff
(fl4m3r): >&cfc4flm&cfff &cf44lost&cfff 4&cf44e&cfff &cf44[&cfffquad.stairs&cf44]&cfff
(fl4m3r): >&cfc4flm&cfff &cf44lost&cfff 1&cf44e&cfff &cf44[&cfffgl&cf44]&cfff
[9] minutes remaining
Team [thug] leads by 4 frags
(ThundeR): >thn: &cf2apack&cfff at [ya] 0
(fl4m3r): >&cfc4flm&cfff &cf440&cfff/100 &c2ffsg&cfff &c6f6[&cfffmega.sng&c6f6]&cfff
(samon): >&c37csam:&cfff took &cff0ya&cfff [ya]
(fl4m3r): >&cfc4flm&cfff &cf440&cfff/&cf4420&cfff &c2ffsg&cfff &c6f6[&cfffmega.sng&c6f6]&cfff
(fl4m3r): >&cfc4flm&cfff &cf44lost&cfff 1&cf44e&cfff &cf44[&cfffmega.low&cf44]&cfff
(fl4m3r): >&cfc4flm&cfff &cf44lost&cfff 1&cf44e&cfff &cf44[&cfffgl&cf44]&cfff
(ThundeR): >thn: &c05fquad&cfff dead/over
(ThundeR): >thn: &c05fquad&cfff dead/over
(fl4m3r): >&cfc4flm&cfff &cf44lost&cfff 2&cf44e&cfff &cf44[&cfffmega.entry&cf44]&cfff
(fl4m3r): >&cfc4flm&cfff &cf44lost&cfff 2&cf44e&cfff &cf44[&cfffdoor&cf44]&cfff
(fl4m3r): >&cfc4flm&cfff &cf440&cfff/100 &c2ffsg&cfff &c6f6[&cfffgl&c6f6]&cfff
(samon): >&c37csam:&cfff &c0b0SAFE&cfff [ya] &c2aarl&cfff:3
(samon): >&c37csam:&cfff &c0b0SAFE&cfff [ya] &c2aarl&cfff:3
(samon): >&c37csam:&cfff took &cff0ya&cfff [ya]
(fl4m3r): >&cfc4flm&cfff &cf440&cfff/100 &c2ffsg&cfff &c6f6[&cfffgl.quad&c6f6]&cfff
(ThundeR): >thn: teammate at [ya] 2
(fl4m3r): >&cfc4flm&cfff &cf440&cfff/100 &c2ffsg&cfff &c6f6[&cfffgl&c6f6]&cfff
(fl4m3r): >&cfc4flm&cfff took &c2ffgl&cfff
(fl4m3r): >&cfc4flm&cfff > samon &c6f6[&cfffya&c6f6]&cfff
(samon): >&c37csam:&cfff coming [ya]
(ThundeR): >thn: teammate at [gl-stairs] 0
(ThundeR): >thn: teammate at [ya] 0
(fl4m3r): >&cfc4flm&cfff > ThundeR &c6f6[&cfffya&c6f6]&cfff
(fl4m3r): >&cfc4flm&cfff > &c2ffya&cfff &c6f6[&cfffya.top&c6f6]&cfff
(fl4m3r): >&cfc4flm&cfff took &c2ffya&cfff
(ThundeR): >thn: teammate at [gl] 0
(fl4m3r): >&cfc4flm&cfff &cff0y&cfff150/100 &c2ffgl&cfff:5 &c6f6[&cfffwater.rl&c6f6]&cfff
(fl4m3r): >&cfc4flm&cfff &cff0y&cfff150/100 &c2ffgl&cfff:5 &c6f6[&cfffrl&c6f6]&cfff
[8] minutes remaining
Team [=s=] leads by 4 frags
(samon): >&c37csam:&cfff &cf00LOST&cfff [ya] &cf00e&cfff:4 dropped &c2aarl&cfff
(samon): >&c37csam:&cfff &cf00LOST&cfff [ya] &cf00e&cfff:4 dropped &c2aarl&cfff
(lethalwiz): >  &c599lwz&r [ya] &cf660&r/&cf6643&r &cf31rl&cfff &caaaneed armor health
(goblin): >&c1ff>&r &cf2aPACK&r &c777at&r [ya]
(goblin): >&c1ff>&r &cf2aPACK&r &c777at&r [ya]
(rio): >  &c353rio&r [ga] &c693g&cfff&cf6659&r/&cfff64&r &cf31rl&cfff&cf66:1&r &caaaneed armor
(fl4m3r): >&cfc4flm&cfff &cff0y&cfff150/100 &cf4frl&cfff:10 &c6f6[&cfffquad&c6f6]&cfff
(ThundeR): >thn: &c0b0team&cfff &c05fquad&cfff at [cross]
(fl4m3r): >&cfc4flm&cfff &cff0y&cfff114/100 &cf4frl&cfff:8 &c6f6[&cfffquad&c6f6]&cfff
(fl4m3r): >&cfc4flm&cfff &cff0y&cfff114/100 &cf4frl&cfff:8 &c6f6[&cfffquad&c6f6]&cfff
(samon): >&c37csam:&cfff &cf00LOST&cfff [water.ga] &cf00e&cfff:2
(samon): >&c37csam:&cfff &cf00LOST&cfff [water.ga] &cf00e&cfff:2
(samon): >&c37csam:&cfff &cf00LOST&cfff [water.ga] &cf00e&cfff:2
(fl4m3r): >&cfc4flm&cfff &cf44lost&cfff 2&cf44e&cfff &cf44[&cfffgl.sng&cf44]&cfff
Quad Damage is wearing off
(fl4m3r): >&cfc4flm&cfff &cf440&cfff/&cf4425&cfff &c2ffsg&cfff &c6f6[&cfffya&c6f6]&cfff
(ThundeR): >thn: teammate at [ya] 0
(btk): >kid took &cff0ya&cfff [ya]
(btk): >kid took &cff0ya&cfff [ya]
(ThundeR): >thn: teammate at [ya] 1
(fl4m3r): >&cfc4flm&cfff &cf44lost&cfff 1&cf44e&cfff &cf44[&cfffya&cf44]&cfff
(fl4m3r): >&cfc4flm&cfff &cf440&cfff/100 &c2ffsg&cfff &c6f6[&cfffssg&c6f6]&cfff
(btk): >kid &cff0150&cfff/100 ssg:62 [water.rl]
(btk): >kid &cff0150&cfff/100 ssg:62 [water.rl]
(fl4m3r): >&cfc4flm&cfff &cf44lost&cfff 1&cf44e&cfff &cf44[&cfffdoor&cf44]&cfff
[7] minutes remaining
Team [=s=] leads by 6 frags
(fl4m3r): >&cfc4flm&cfff &cf440&cfff/100 &c2ffsg&cfff &c6f6[&cfffquad&c6f6]&cfff
(ThundeR): >thn: teammate at [rl] 0
(fl4m3r): >&cfc4flm&cfff took _&cf4fpack&cfff_ &c6f6[&cfffga&c6f6]&cfff
(fl4m3r): >&cfc4flm&cfff &c6f6g&cfff100/100 &c2ffsng&cfff:122 &c6f6[&cfffwater.ga&c6f6]&cfff
(btk): >kid &cff0150&cfff/6 &cf13rl&cfff:1 [ya]
(btk): >kid &cff0150&cfff/6 &cf13rl&cfff:1 [ya]
(btk): >kid &cff0150&cfff/6 &cf13rl&cfff:1 [ya]
(fl4m3r): >&cfc4flm&cfff &c6f6g&cfff100/100 &c2ffsng&cfff:122 &c6f6[&cfffrl&c6f6]&cfff
(samon): >&c37csam:&cfff coming [spikes]
[6] minutes remaining
Team [thug] leads by 11 frags
(samon): >&c37csam:&cfff &cf00LOST&cfff [ya] &cf00e&cfff:1
(samon): >&c37csam:&cfff &cf00LOST&cfff [ya] &cf00e&cfff:1
(samon): >&c37csam:&cfff &cf00LOST&cfff [ya] &cf00e&cfff:1
(btk): >kid &cf00lost&cfff &cf00[&cfffstart&cf00]&cfff 2
(btk): >kid &cf00lost&cfff &cf00[&cfffstart&cf00]&cfff 2
(fl4m3r): >&cfc4flm&cfff &c6f6g&cfff56/65 &cf4frl&cfff:4 &c6f6[&cfffcross&c6f6]&cfff
(samon): >&c37csam:&cfff &c05fquad&cfff 0/100 [ya]
(samon): >&c37csam:&cfff &c05fquad&cfff 0/100 [ya]
(fl4m3r): >&cfc4flm&cfff &cf44lost&cfff 2&cf44e&cfff &cf44[&cfffmega&cf44]&cfff
(ThundeR): >thn: teammate at [ya] 0
Quad Damage is wearing off
(samon): >&c37csam:&cfff &cff0ya&cfff63/47 [start.rl] &c2aarl&cfff:5
(fl4m3r): >&cfc4flm&cfff &cf440&cfff/37 &c2ffsg&cfff &c6f6[&cfffrl&c6f6]&cfff
(fl4m3r): >&cfc4flm&cfff &cf440&cfff/37 &c2ffsg&cfff &c6f6[&cfffrl&c6f6]&cfff
(fl4m3r): >&cfc4flm&cfff &cf440&cfff/37 &c2ffssg&cfff &c6f6[&cfffrl.cross&c6f6]&cfff
(fl4m3r): >&cfc4flm&cfff &cf44lost&cfff 1&cf44e&cfff &cf44[&cfffrl.cross&cf44]&cfff
(ThundeR): >thn: teammate at [ya] 0
(samon): >&c37csam:&cfff coming [spikes]
(fl4m3r): >&cfc4flm&cfff &cf440&cfff/&cf4420&cfff &c2ffsg&cfff &c6f6[&cfffrl&c6f6]&cfff
(ThundeR): >thn: teammate at [ya] 0
[5] minutes remaining
Team [thug] leads by 24 frags
(fl4m3r): >&cfc4flm&cfff &cf440&cfff/70 &c2ffsg&cfff &c6f6[&cfffrl&c6f6]&cfff
(btk): >kid &cf00lost&cfff &cf00[&cfffquad.stairs&cf00]&cfff 3
(ThundeR): >thn: rox at [gl-rox] 0
(ThundeR): >thn: rox at [gl-rox] 0
(ThundeR): >thn: rox at [gl-rox] 0
(fl4m3r): >&cfc4flm&cfff &cf44lost&cfff 1&cf44e&cfff &cf44[&cfffrl&cf44]&cfff
(fl4m3r): >&cfc4flm&cfff &cf440&cfff/100 &c2ffsg&cfff &c6f6[&cfffgl.quad&c6f6]&cfff
(samon): >&c37csam:&cfff took ssg [ssg]
(btk): >kid 1 enemy at [quad.box]
(fl4m3r): >&cfc4flm&cfff > btk &c6f6[&cfffquad&c6f6]&cfff
(rio): >&cfffrio &caaa[&c666rl&caaa] took&r &cf31rl&cfff
(fl4m3r): >&cfc4flm&cfff &cf440&cfff/&cf4425&cfff &c2ffsg&cfff &c6f6[&cfffquad&c6f6]&cfff
(fl4m3r): >&cfc4flm&cfff &cf44lost&cfff 2&cf44e&cfff &cf44[&cfffquad&cf44]&cfff
(ThundeR): >thn: teammate at [ya] 0
(samon): >&c37csam:&cfff took &cff0ya&cfff [ya]
(fl4m3r): >&cfc4flm&cfff &cf44lost&cfff 2&cf44e&cfff &cf44[&cfffquad&cf44]&cfff
(fl4m3r): >&cfc4flm&cfff &cf440&cfff/100 &c2ffsg&cfff &c6f6[&cfffstart.stairs&c6f6]&cfff
(ThundeR): >thn: &c0b0team&cfff &c05fquad&cfff at [ya]
(btk): >kid quad over &cf00[&cfffya&cf00]&cfff 1
(rio): >  &c353rio&r [gl-quad] &c693g&cfff&cf6667&r/&cfff128&r &cf31rl&cfff &caaaneed armor
(rio): >&cf00rio &cf00[&cf55gl-stairs&cf00] lost&r &cf551&r
(rio): >&cf00rio &cf00[&cf55gl-stairs&cf00] lost&r &cf551&r
(samon): >&c37csam:&cfff &cf00LOST&cfff [ssg] &cf00e&cfff:3
(samon): >&c37csam:&cfff &cf00LOST&cfff [ssg] &cf00e&cfff:3
(fl4m3r): >&cfc4flm&cfff took &c2ffga&cfff
(fl4m3r): >&cfc4flm&cfff &c6f6g&cfff100/100 &c2ffsg&cfff &c6f6[&cfffquad&c6f6]&cfff
(ThundeR): >thn: teammate at [ya] 1
[4] minutes remaining
Team [thug] leads by 28 frags
(ThundeR): >thn: teammate at [gl-stairs] 0
(fl4m3r): >&cfc4flm&cfff &c6f6g&cfff100/100 &c2ffsg&cfff &c6f6[&cfffquad.box&c6f6]&cfff
(fl4m3r): >&cfc4flm&cfff get &c44fQUAD&cfff !
(fl4m3r): >&cfc4flm&cfff get &c44fQUAD&cfff !
(fl4m3r): >&cfc4flm&cfff > btk &c6f6[&cfffquad&c6f6]&cfff
(samon): >&c37csam:&cfff coming [quad]
(fl4m3r): >&cfc4flm&cfff _&c44fQUAD&cfff_ &c6f6g&cfff76/67 &c2ffsg&cfff &c6f6[&cfffquad&c6f6]&cfff
(fl4m3r): >&cfc4flm&cfff _&c44fQUAD&cfff_ &c6f6g&cfff76/67 &c2ffsg&cfff &c6f6[&cfffquad&c6f6]&cfff
(samon): >&c37csam:&cfff coming [ya.water]
(fl4m3r): >&cfc4flm&cfff _&c44fQUAD&cfff_ &c6f6g&cfff76/82 &c2ffgl&cfff:35 &c6f6[&cfffgl&c6f6]&cfff
(btk): >kid &c0b0ga&cfff at [ga] 0
(ThundeR): >thn: &c0b0team&cfff &c05fquad&cfff at [ya]
(fl4m3r): >&cfc4flm&cfff _&c44fQUAD&cfff_ &c6f6g&cfff76/82 &c2ffgl&cfff:35 &c6f6[&cfffya&c6f6]&cfff
(ThundeR): >thn: teammate at [ya] 0
(ThundeR): >thn: teammate at [ya] 0
(ThundeR): >thn: teammate at [ya-spikes] 0
Quad Damage is wearing off
(btk): >kid &cff0ya&cfff at [ya] 0
(btk): >kid &cff0ya&cfff at [ya] 0
(fl4m3r): >&cfc4flm&cfff took &cf4frl&cfff
(btk): >kid &cf2apack&cfff at [ya] 0
(fl4m3r): >&cfc4flm&cfff &c6f6g&cfff68/100 &cf4frl&cfff:39 &c6f6[&cfffstart&c6f6]&cfff
(fl4m3r): >&cfc4flm&cfff coming &c6f6[&cfffspikes&c6f6]&cfff
[3] minutes remaining
Team [thug] leads by 35 frags
(fl4m3r): >&cfc4flm&cfff &c6f6g&cfff65/41 &cf4frl&cfff:25 &c6f6[&cfffya&c6f6]&cfff
no weapon
no weapon
(rio): >  &c353rio&r [rl] &cf5f16hp &cf0fkill me!!&r &cf31rl&cfff&cf31:5&r
(lethalwiz): >&cf00lwz &cf00[&cf55quad&cf00] lost&r &cf551&r
(rio): >  &c353rio&r [rl] &cf660&r/&cf6616&r &cf31rl&cfff &caaaneed armor health
(lethalwiz): >&cf00lwz &cf00[&cf55quad&cf00] lost&r &cf551&r
(lethalwiz): >&cf00lwz &cf00[&cf55quad&cf00] lost&r &cf551&r
(fl4m3r): >&cfc4flm&cfff &c6f6g&cfff100/38 &cf4frl&cfff:24 &c6f6[&cfffga&c6f6]&cfff
(fl4m3r): >&cfc4flm&cfff &c6f6g&cfff100/38 &cf4frl&cfff:24 &c6f6[&cfffga&c6f6]&cfff
(btk): >kid &cf00lost&cfff &cf00[&cfffya&cf00]&cfff 2
(btk): >kid &cf00lost&cfff &cf00[&cfffya&cf00]&cfff 2
(fl4m3r): >&cfc4flm&cfff &c6f6g&cfff97/88 &cf4frl&cfff:22 &c6f6[&cfffya&c6f6]&cfff
(btk): >kid &cf2apack&cfff at [ya.water] 2
(fl4m3r): >&cfc4flm&cfff > btk &cff0[&cfffgl.stairs&cff0]&cfff
(btk): >kid &cf2apack&cfff at [ya.water] 0
(btk): >kid &cf2apack&cfff at [ya] 0
(fl4m3r): >&cfc4flm&cfff took &c2ffya&cfff
(samon): >&c37csam:&cfff took &c2aarl&cfff [rl]
(fl4m3r): >&cfc4flm&cfff &c6f6SAFE&cfff &c6f6[&cfffya&c6f6]&cfff &cf4frl&cfff
(fl4m3r): >&cfc4flm&cfff &cf44lost&cfff 1&cf44e&cfff &cf44[&cfffya.water&cf44]&cfff
[2] minutes remaining
Team [thug] leads by 45 frags
(lethalwiz): >&cf00lwz &cf00[&cf55rl&cf00] lost&r &cf551&r
(lethalwiz): >&cf00lwz &cf00[&cf55rl&cf00] lost&r &cf551&r
(rio): >  &c353rio&r &c05fquad&cfff [quad] &c693g&cfff&cfff85&r/&cfff155&r &cf31rl&cfff &caaa
(goblin): >  &ca33gob&r [gl-quad] &cf660&r/&cfff65&r &cf31rl&cfff &caaaneed armor
(rio): >  &c353rio&r &c05fquad&cfff [gl] &c693g&cfff&cfff85&r/&cfff152&r &cf31rl&cfff &caaa
(goblin): >  &ca33gob&r [mega-low] &cf660&r/&cfff71&r &cf31rl&cfff &caaaneed armor
(lethalwiz): >&cf00lwz &cf00[&cf55start-stairs&cf00] lost&r &cf551&r
(lethalwiz): >&cf00lwz &cf00[&cf55start-stairs&cf00] lost&r &cf551&r
(rio): >&cf00rio &cf00[&cf55gl&cf00] lost&r &cf551&r
(rio): >&cf00rio &cf00[&cf55gl&cf00] lost&r &cf551&r
(rio): >&cf00rio &cf00[&cf55gl&cf00] lost&r &cf551&r
(rio): >&cf00rio &cf00[&cf55gl&cf00] lost&r &cf551&r
(fl4m3r): >&cfc4flm&cfff &cf440&cfff/46 &c2ffgl&cfff:0 &c6f6[&cfffquad.stairs&c6f6]&cfff
(fl4m3r): >&cfc4flm&cfff &cf440&cfff/46 &c2ffgl&cfff:0 &c6f6[&cfffquad.stairs&c6f6]&cfff
(ThundeR): >thn: &cf00lost&cfff &cf00[&cfffya&cf00]&cfff 3
(fl4m3r): >&cfc4flm&cfff &cf44lost&cfff 1&cf44e&cfff &cf44[&cfffgl.rox&cf44]&cfff
(samon): >&c37csam:&cfff &cf00LOST&cfff [ya] &cf00e&cfff:1 dropped &c2aarl&cfff
(samon): >&c37csam:&cfff &cf00LOST&cfff [ya] &cf00e&cfff:1 dropped &c2aarl&cfff
(lethalwiz): >  &c599lwz&r [ya-tele] &c991y&cfff&cfff89&r/&cf6632&r &cf31rl&cfff &caaaneed health
(lethalwiz): >  &c599lwz&r [ya-tele] &c991y&cfff&cfff89&r/&cf6632&r &cf31rl&cfff &caaaneed health
(goblin): >  &ca33gob&r [cross] &cf660&r/&cfff58&r &cf31rl&cfff &caaaneed armor
(lethalwiz): >  &c599lwz&r [mega-low] &c991y&cfff&cf6657&r/&cfff63&r &cf31rl&cfff &caaaneed armor
(goblin): >  &ca33gob&r [mega-low] &cf660&r/&cfff58&r &cf31rl&cfff &caaaneed armor
(lethalwiz): >  &c599lwz&r [mega-low] &c991y&cfff&cf6657&r/&cfff100&r &cf31rl&cfff &caaaneed armor
(goblin): >  &ca33gob&r [mega] &cf660&r/&cfff158&r &cf31rl&cfff &caaaneed armor
(lethalwiz): >  &c599lwz&r [quad-stairs] &c991y&cfff&cf6625&r/&cfff79&r &cf31rl&cfff &caaaneed armor
(rio): >&cf00rio &cf00[&cf55ya&cf00] lost&r &cf552&r
[1] minute remaining
Team [thug] leads by 40 frags
(lethalwiz): >  &c599lwz&r [gl-quad] &cf660&r/&cfff59&r &cf31rl&cfff &caaaneed armor
(goblin): >&c1ff>&r &cf2aPACK&r &c777at&r [quad]
(goblin): >  &ca33gob&r [quad] &cf660&r/&cfff109&r &cf31rl&cfff &caaaneed armor
(lethalwiz): >  &c599lwz&r [gl-rox] &cf660&r/&cfff59&r &cf31rl&cfff &caaaneed armor
(ThundeR): >thn: &cf00lost&cfff &cf00[&cfffquad&cf00]&cfff 1
(fl4m3r): >&cfc4flm&cfff &cf440&cfff/100 &c2ffsg&cfff &c6f6[&cfffquad.stairs&c6f6]&cfff
no weapon
(rio): >  &c353rio&r [mega-low] &cfff0&r/&cfff20&r sg &caaa
(lethalwiz): >  &c599lwz&r [ya] &cf660&r/&cfff74&r &cf31rl&cfff &caaaneed armor
(lethalwiz): >  &c599lwz&r [ya] &c991y&cfff&cfff150&r/&cfff74&r &cf31rl&cfff &caaa
[30] seconds
(lethalwiz): >  &c599lwz&r [mega-low] &c991y&cfff&cfff150&r/&cfff100&r &cf31rl&cfff &caaa
(rio): >  &c353rio&r [ga] &c693g&cfff&cfff100&r/&cfff100&r sg &caaa
no weapon
(lethalwiz): >  &c599lwz&r [cross-water] &c991y&cfff&cfff150&r/&cfff100&r &cf31rl&cfff &caaa
(lethalwiz): >  &c599lwz&r [mega-entry] &c991y&cfff&cfff150&r/&cfff200&r &cf31rl&cfff &caaa
(rio): >  &c353rio&r [ya] &cfff0&r/&cfff100&r sg &caaa
[15] seconds
[10] seconds
[9] seconds
[8] seconds
[7] seconds
(lethalwiz): >&c1ff>&r goblin &c777at&r [cross]
(lethalwiz): >&c1ff>&r goblin &c777at&r [cross]
(lethalwiz): >&c1ff>&r goblin &c777at&r [cross]
[6] seconds
[5] seconds
[4] seconds
(rio): >  &c353rio&r [mega-low] &cfff0&r/&cfff23&r sng &caaa
[3] seconds
samon: gg
[2] seconds
[1] second
The match is over
trigger "onmatchover" has no matching alias

Player statistics:
______________________________________
Frags (rank) friendkills . efficiency
Team [thug]:
__________
_ fl4m3r:
  61 (-1) 4 49.6%
Wp: rl59.7% gl25.0% sg50.1% ssg51.4%
RL skill: ad:83.2 dh:12
Armr&mhs: ga:9 ya:6 ra:0 mh:3
Powerups: Q:4 P:0 R:0
      RL: Took:6 Killed:5 Dropped:1
      LG: Took:0 Killed:0 Dropped:0
  Damage: Tkn:8545 Gvn:8915 EWep:1559 Tm:399 Self:317 ToDie:137
    Time: Quad:101
 Streaks: Frags:14 QuadRun:4
  SpawnFrags: 7
__________
_ btk:
  55 (4) 5 51.9%
Wp: rl59.1% gl27.8% sg48.3% ssg36.6%
RL skill: ad:82.4 dh:7
Armr&mhs: ga:7 ya:9 ra:0 mh:1
Powerups: Q:5 P:0 R:0
      RL: Took:8 Killed:7 Dropped:1
      LG: Took:0 Killed:0 Dropped:0
  Damage: Tkn:7839 Gvn:8523 EWep:1483 Tm:446 Self:239 ToDie:153
    Time: Quad:99
 Streaks: Frags:12 QuadRun:7
  SpawnFrags: 2
__________
_ ThundeR:
  57 (-16) 2 43.8%
Wp: rl79.2% gl16.7% sg50.1% ssg44.1%
RL skill: ad:70.6 dh:1
Armr&mhs: ga:2 ya:9 ra:0 mh:2
Powerups: Q:2 P:0 R:0
      RL: Took:3 Killed:4 Dropped:0
      LG: Took:0 Killed:0 Dropped:0
  Damage: Tkn:8935 Gvn:8602 EWep:1766 Tm:239 Self:88 ToDie:122
    Time: Quad:31
 Streaks: Frags:7 QuadRun:5
  SpawnFrags: 1
__________
_ samon:
  72 (20) 3 58.1%
Wp: rl73.3% gl36.4% sg47.2% ssg60.2%
RL skill: ad:97.6 dh:14
Armr&mhs: ga:6 ya:9 ra:0 mh:3
Powerups: Q:3 P:0 R:0
      RL: Took:10 Killed:6 Dropped:6 Xfer:1
      LG: Took:0 Killed:0 Dropped:0
  Damage: Tkn:7547 Gvn:9243 EWep:1158 Tm:415 Self:470 ToDie:145
    Time: Quad:61
 Streaks: Frags:13 QuadRun:5
  SpawnFrags: 7

Team [=s=]:
__________
_ goblin:
  55 (-36) 2 37.7%
Wp: rl81.1% gl22.7% sg39.7% ssg46.0%
RL skill: ad:81.8 dh:4
Armr&mhs: ga:4 ya:6 ra:0 mh:2
Powerups: Q:3 P:0 R:0
      RL: Took:7 Killed:9 Dropped:3 Xfer:1
      LG: Took:0 Killed:0 Dropped:0
  Damage: Tkn:10504 Gvn:9447 EWep:1653 Tm:480 Self:411 ToDie:115
    Time: Quad:51
 Streaks: Frags:15 QuadRun:3
  SpawnFrags: 4
__________
_ rio:
  46 (-6) 4 46.9%
Wp: rl72.4% gl33.3% sg52.9% ssg45.7%
RL skill: ad:79.1 dh:7
Armr&mhs: ga:14 ya:5 ra:0 mh:9
Powerups: Q:1 P:0 R:0
      RL: Took:6 Killed:5 Dropped:0
      LG: Took:0 Killed:0 Dropped:0
  Damage: Tkn:8053 Gvn:7598 EWep:839 Tm:237 Self:307 ToDie:154
    Time: Quad:13
 Streaks: Frags:9 QuadRun:0
  SpawnFrags: 7
__________
_ mOlle:
  56 (2) 2 50.9%
Wp: rl59.2% gl20.0% sg45.8% ssg42.7%
RL skill: ad:76.7 dh:9
Armr&mhs: ga:5 ya:6 ra:0 mh:4
Powerups: Q:0 P:0 R:0
      RL: Took:5 Killed:4 Dropped:0
      LG: Took:0 Killed:0 Dropped:0
  Damage: Tkn:7458 Gvn:7319 EWep:1013 Tm:345 Self:183 ToDie:138
    Time: Quad:0
 Streaks: Frags:20 QuadRun:0
  SpawnFrags: 2
__________
_ lethalwiz:
  51 (-27) 2 39.5%
Wp: rl68.6% gl12.5% sg49.0% ssg33.8%
RL skill: ad:103.9 dh:10
Armr&mhs: ga:2 ya:5 ra:0 mh:5
Powerups: Q:2 P:0 R:0
      RL: Took:6 Killed:5 Dropped:3
      LG: Took:0 Killed:0 Dropped:0
  Damage: Tkn:9268 Gvn:8502 EWep:1614 Tm:406 Self:131 ToDie:118
    Time: Quad:11
 Streaks: Frags:8 QuadRun:5
  SpawnFrags: 3

______________________________________
[thug] vs [=s=] match statistics:
______________________________________

weapons, powerups, armors&mhs, damage
______________________________________
[thug]: Wp: rl34 gl13 sg49% ssg42%
Powerups: Q:14 P:0 R:0
Armr&mhs: ga:24 ya:33 ra:0 mh:9
      RL: Took:27 Killed:22 Dropped:8 Xfer:1
      LG: Took:0 Killed:0 Dropped:0
  Damage: Tkn:32866 Gvn:35283 EWep:5966 Tm:1499
    Time: Quad:293
[=s=]: Wp: rl30 gl17 sg46% ssg43%
Powerups: Q:6 P:0 R:0
Armr&mhs: ga:25 ya:22 ra:0 mh:20
      RL: Took:24 Killed:23 Dropped:6 Xfer:1
      LG: Took:0 Killed:0 Dropped:0
  Damage: Tkn:35283 Gvn:32866 EWep:5119 Tm:1468
    Time: Quad:75
______________________________________
[e1m2] top scorers:
______________________________________
      Frags: samon [72]
     Deaths: goblin [91]
Friendkills: btk [5]
 Efficiency: samon [58.1%]
 FragStreak: mOlle [20]
    QuadRun: btk [7]
  RL Killer: goblin [9]
Boomsticker: rio [52.9%]
   Survivor: rio [154]
Annihilator: goblin [9447]

______________________________________

Team scores: frags . percentage
______________________________________
[thug]: 245 . 54.1%
[=s=]: 208 . 45.9%
______________________________________
]log 13
