Playing demo from 13.mvd


_____________________________________

_The Abandoned Base
btk is ready [thug]
All players ready
Timer started
QiZmo: timer lag point disabled
Server starts recording (disk): 4on4_s_vs_thug[dm3]210222-2230.mvd
matchdate: 2022-02-21 22:30:18 CET
trigger "onmatchstart" has no matching alias
The match has begun!
(goblin): >  &cf11gob __ team pent&r __
(goblin): >  &cf11gob __ team pent&r __
(rio): >  &c353rio&r &cff0ring&cfff [ring] &cf660&r/&cfff72&r sg &caaa
(lethalwiz): >  &c599lwz&r &c05fquad&cfff [quad] &cf660&r/&cfff76&r sg &caaa
(mOlle): >  &c59cmol&r [water-lg] &cf660&r/&cfff199&r &c29flg&cfff&c29f:15&r &caaaneed armor
(goblin): >  &ca33gob&r &cf00pent&cfff [water-tunnel] &c991y&cfff&cf6647&r/&cfff200&r sg &caaa
(rio): >  &c353rio&r &cff0ring&cfff [ra] &cf660&r/&cfff67&r sg &caaa
(mOlle): >&cfa1mol &cfa6[&cfa9ra-tunnel&cfa6] coming&r &cfa60/153&r lg
(goblin): >  &ca33gob&r &cf00pent&cfff [bridge-low] &c991y&cfff&cf6620&r/&cfff196&r sg &caaa
(lethalwiz): >  &c599lwz&r &c05fquad&cfff [water] &cf660&r/&cf6620&r sg &caaa
(rio): >&cfffrio &caaa[&c666ra&caaa] took&r &ce00ra&cfff
(lethalwiz): >&cf00lwz &cf00[&cf55water&cf00] lost&r &cf553&r
(goblin): >  &ca33gob&r &cf00pent&cfff [ya-entry] &c991y&cfff&cf6620&r/&cfff192&r sg &caaa
(goblin): >&cfffgob &caaa[&c666ya-box&caaa] took&r &cff0ya&cfff
(goblin): >  &ca33gob&r &cf00pent&cfff [window] &c991y&cfff&cfff150&r/&cfff188&r sg &caaa
(lethalwiz): >&c1ff>&r mOlle &c777at&r [ra-low]
(lethalwiz): >&c1ff>&r mOlle &c777at&r [ra-low]
Protection is almost burned out
(mOlle): >  &c59cmol&r [ra] &cf660&r/&cfff137&r &c29flg&cfff&c29f:21&r &caaaneed armor
(goblin): >  &ca33gob&r &cf00pent&cfff [rl] &cf660&r/&cfff177&r &cf31rl&cfff &caaaneed armor
(lethalwiz): >&cf00lwz &cf00[&cf55ya-box&cf00] lost&r &cf552&r
(lethalwiz): >&cf00lwz &cf00[&cf55ya-box&cf00] lost&r &cf552&r
(lethalwiz): >&cf00lwz &cf00[&cf55ya-box&cf00] lost&r &cf552&r
(lethalwiz): >  &c599lwz&r [sng-tele] &cfff0&r/&cfff100&r sg &caaa
(rio): >&cfffrio &caaa[&c666water-rox&caaa] took&r cells
(rio): >&cfffrio &caaa[&c666water-lg&caaa] took&r &c29flg&cfff
(fl4m3r): >&cfc4flm&cfff &cf440&cfff/96 &c2ffsg&cfff &c6f6[&cfffya&c6f6]&cfff
(ThundeR): >thn: teammate at [ya-box] 0
(samon): >&c37csam:&cfff took &cff0ya&cfff [ya.box]
(ThundeR): >thn: &cf00lost&cfff &cf00[&cfffya&cf00]&cfff 1
(fl4m3r): >&cfc4flm&cfff &cf440&cfff/40 &c2ffsg&cfff &c6f6[&cfffwater&c6f6]&cfff
(fl4m3r): >&cfc4flm&cfff &cf44lost&cfff 1&cf44e&cfff &cf44[&cfffbridge.low&cf44]&cfff
(fl4m3r): >&cfc4flm&cfff &cf440&cfff/100 &c2ffsg&cfff &c6f6[&cfffra.tunnel&c6f6]&cfff
(fl4m3r): >&cfc4flm&cfff &cf440&cfff/100 &c2ffsg&cfff &c6f6[&cfffra.tunnel&c6f6]&cfff
(ThundeR): >thn: &cf00lost&cfff &cf00[&cfffsng-tele&cf00]&cfff 1
[19] minutes remaining
Team [=s=] leads by 2 frags
(fl4m3r): >&cfc4flm&cfff &cf44lost&cfff 1&cf44e&cfff &cf44[&cfffrl.entry&cf44]&cfff
(btk): >kid &cf2apack&cfff at [ra.low] 0
(ThundeR): >thn: teammate at [ra-low] 1
(fl4m3r): >&cfc4flm&cfff &cf440&cfff/100 &c2ffsg&cfff &c6f6[&cffflifts&c6f6]&cfff
(samon): >&c37csam:&cfff &c0b0SAFE&cfff [ra] &c2aarl&cfff:3
(samon): >&c37csam:&cfff &c0b0SAFE&cfff [ra] &c2aarl&cfff:3
(samon): >&c37csam:&cfff &c0b0SAFE&cfff [ra] &c2aarl&cfff:3
(fl4m3r): >&cfc4flm&cfff > btk &c6f6[&cfffquad&c6f6]&cfff
(fl4m3r): >&cfc4flm&cfff __ team &c44fQUAD&cfff __
(fl4m3r): >&cfc4flm&cfff _&c44fQUAD&cfff_ &cf440&cfff/100 &c2ffsg&cfff &c6f6[&cfffring&c6f6]&cfff
(fl4m3r): >&cfc4flm&cfff _&c44fQUAD&cfff_ &cf440&cfff/100 &c2ffsg&cfff &c6f6[&cfffra.mid&c6f6]&cfff
(ThundeR): >thn: &c0b0team&cfff &c05fquad&cfff at [ra]
(fl4m3r): >&cfc4flm&cfff took &c2ffra&cfff
(fl4m3r): >&cfc4flm&cfff _&c44fQUAD&cfff_ &cf44r&cfff196/99 &c2ffsg&cfff &c6f6[&cfffra.entry&c6f6]&cfff
(btk): >kid took &c0a0mega&cfff [sng.mega]
Quad Damage is wearing off
(ThundeR): >thn: teammate at [ra-low] 1
(fl4m3r): >&cfc4flm&cfff &cf44lost&cfff 2&cf44e&cfff &cf44[&cfffrl.entry&cf44]&cfff
(ThundeR): >thn: teammate at [ra-low] 0
(fl4m3r): >&cfc4flm&cfff &cf440&cfff/100 &c2ffsg&cfff &c6f6[&cfffsng.tele&c6f6]&cfff
(samon): >&c37csam:&cfff took &cf00ra&cfff [ra]
(fl4m3r): >&cfc4flm&cfff &cf440&cfff/76 &c2ffsg&cfff &c6f6[&cfffhill&c6f6]&cfff
[18] minutes remaining
The game is currently a tie
[17] minutes remaining
Team [=s=] leads by 6 frags
(fl4m3r): >&cfc4flm&cfff &cf440&cfff/100 &c2ffsg&cfff &c6f6[&cfffra.tunnel&c6f6]&cfff
(ThundeR): >thn: &c05fquad&cfff over &cf00[&cfffquad&cf00]&cfff 0
(ThundeR): >thn: &c05fquad&cfff over &cf00[&cfffquad&cf00]&cfff 0
(fl4m3r): >&cfc4flm&cfff &cf440&cfff/100 &c2ffsg&cfff &c6f6[&cfffra.tunnel&c6f6]&cfff
(ThundeR): >thn: teammate at [ra-low] 0
(btk): >kid 0/49 &cf13rl&cfff:30 [ra.low] &c2aac&cfff:36
(btk): >kid 0/49 &cf13rl&cfff:30 [ra.low] &c2aac&cfff:36
(fl4m3r): >&cfc4flm&cfff &cf440&cfff/100 &c2ffsg&cfff &c6f6[&cfffra.low&c6f6]&cfff
(ThundeR): >thn: teammate at [ra-low] 0
(samon): >&c37csam:&cfff took &cff0ya&cfff [ya.box]
(ThundeR): >thn: teammate at [ra] 0
(fl4m3r): >&cfc4flm&cfff &cf440&cfff/100 &c2ffsg&cfff &c6f6[&cfffhill.bridge&c6f6]&cfff
(fl4m3r): >&cfc4flm&cfff &cf440&cfff/100 &c2ffsg&cfff &c6f6[&cfffhill.bridge&c6f6]&cfff
(samon): >&c37csam:&cfff &cf00LOST&cfff [window] &cf00e&cfff:2
(fl4m3r): >&cfc4flm&cfff &cf44lost&cfff 1&cf44e&cfff &cf44[&cfffwater&cf44]&cfff
(ThundeR): >thn: teammate at [ya-box] 0
(ThundeR): >thn: teammate at [rl] 0
(fl4m3r): >&cfc4flm&cfff &cf440&cfff/60 &c2ffssg&cfff &c6f6[&cfffya.rox&c6f6]&cfff
(fl4m3r): >&cfc4flm&cfff &cf440&cfff/60 &c2ffssg&cfff &c6f6[&cfffya.rox&c6f6]&cfff
(samon): >&c37csam:&cfff coming [rl]
(ThundeR): >thn: teammate at [rl] 0
(samon): >&c37csam:&cfff &c0b0SAFE&cfff [ya.box] sg:25
(samon): >&c37csam:&cfff &c0b0SAFE&cfff [ya.box] sg:25
(fl4m3r): >&cfc4flm&cfff &cf440&cfff/60 &c2ffssg&cfff &c6f6[&cfffra.tunnel&c6f6]&cfff
(fl4m3r): >&cfc4flm&cfff &cf440&cfff/60 &c2ffssg&cfff &c6f6[&cfffra.low&c6f6]&cfff
(fl4m3r): >&cfc4flm&cfff > btk &c6f6[&cfffra.low&c6f6]&cfff
(fl4m3r): >&cfc4flm&cfff &cf44lost&cfff 1&cf44e&cfff &cf44[&cfffsng.tele&cf44]&cfff
(samon): >&c37csam:&cfff coming [lifts.below]
[16] minutes remaining
Team [=s=] leads by 11 frags
(btk): >kid quad at [quad] 1
(ThundeR): >thn: &c0b0team&cfff &c05fquad&cfff at [quad]
(fl4m3r): >&cfc4flm&cfff &cf44lost&cfff 2&cf44e&cfff &cf44[&cfffwater.lg&cf44]&cfff
(fl4m3r): >&cfc4flm&cfff &cf440&cfff/100 &c2ffsg&cfff &c6f6[&cfffsng.tele&c6f6]&cfff
(samon): >&c37csam:&cfff &c0b0SAFE&cfff [ya.box] ssg:77
(samon): >&c37csam:&cfff &c0b0SAFE&cfff [ya.box] ssg:77
(fl4m3r): >&cfc4flm&cfff &cf440&cfff/100 &c2ffsg&cfff &c6f6[&cfffhill&c6f6]&cfff
(ThundeR): >thn: &c0b0team&cfff &c05fquad&cfff at [ra-low]
(samon): >&c37csam:&cfff took &cff0ya&cfff [ya.box]
(fl4m3r): >&cfc4flm&cfff &cf440&cfff/56 &c2ffsg&cfff &c6f6[&cfffbridge.low&c6f6]&cfff
(fl4m3r): >&cfc4flm&cfff &cf440&cfff/56 &c2ffsg&cfff &c6f6[&cfffbridge.low&c6f6]&cfff
(fl4m3r): >&cfc4flm&cfff &cf440&cfff/52 &c2ffsg&cfff &c6f6[&cfffrl.entry&c6f6]&cfff
(fl4m3r): >&cfc4flm&cfff &cf440&cfff/&cf4416&cfff &c2ffsg&cfff &c6f6[&cfffrl.box&c6f6]&cfff
(fl4m3r): >&cfc4flm&cfff &cf44lost&cfff 0&cf44e&cfff &cf44[&cfffrl.box&cf44]&cfff
Quad Damage is wearing off
(btk): >kid quad &ce00200&cfff/100 &cf13rl&cfff:18 [sng.ledge] &c2aac&cfff:36
(btk): >kid quad &ce00200&cfff/100 &cf13rl&cfff:18 [sng.ledge] &c2aac&cfff:36
(fl4m3r): >&cfc4flm&cfff &cf440&cfff/100 &c2ffsg&cfff 48&c2ffrox&cfff &c6f6[&cfffsng.lifts&c6f6]&cfff
(samon): >&c37csam:&cfff &cf00LOST&cfff [rl] &cf00e&cfff:2
(samon): >&c37csam:&cfff &cf00LOST&cfff [rl] &cf00e&cfff:2
(fl4m3r): >&cfc4flm&cfff &cf440&cfff/100 &c2ffsg&cfff 48&c2ffrox&cfff &c6f6[&cfffya.quad&c6f6]&cfff
(fl4m3r): >&cfc4flm&cfff &cf440&cfff/100 &c2ffssg&cfff 48&c2ffrox&cfff &c6f6[&cfffya.box&c6f6]&cfff
(ThundeR): >thn: teammate at [ra-low] 0
(fl4m3r): >&cfc4flm&cfff &cf44lost&cfff 2&cf44e&cfff &cf44[&cfffya&cf44]&cfff
(samon): >&c37csam:&cfff get &cf00pent&cfff
(fl4m3r): >&cfc4flm&cfff &cf440&cfff/100 &c2ffsg&cfff &c6f6[&cfffbridge.high&c6f6]&cfff
(samon): >&c37csam:&cfff get &cf00pent&cfff
(samon): >&c37csam:&cfff get &cf00pent&cfff
(samon): >&c37csam:&cfff get &cf00pent&cfff
(fl4m3r): >&cfc4flm&cfff &cf44lost&cfff 1&cf44e&cfff &cf44[&cfffya.box&cf44]&cfff
(samon): >&c37csam:&cfff get &cf00pent&cfff
(samon): >&c37csam:&cfff get &cf00pent&cfff
(samon): >&c37csam:&cfff get &cf00pent&cfff
(samon): >&c37csam:&cfff get &cf00pent&cfff
[15] minutes remaining
Team [=s=] leads by 13 frags
(fl4m3r): >&cfc4flm&cfff &cf440&cfff/71 &c2ffsg&cfff &c6f6[&cfffhill.bridge&c6f6]&cfff
(fl4m3r): >&cfc4flm&cfff &cf440&cfff/71 &c2ffsg&cfff &c6f6[&cfffhill.bridge&c6f6]&cfff
(ThundeR): >thn: &cf00DROPPED &cf13rl&cfff &cf00[&cfffpent&cf00]&cfff 2
(ThundeR): >thn: &cf00DROPPED &cf13rl&cfff &cf00[&cfffpent&cf00]&cfff 2
(goblin): >  &ca33gob&r &cf00pent&cfff [lifts] &cf660&r/&cf6641&r &cf31rl&cfff &caaaneed armor
(lethalwiz): >&cf00lwz &cf00[&cf55rl&cf00] lost&r &cf551&r
(rio): >  &c353rio&r [sng-ledge] &c991y&cfff&cfff132&r/&cfff85&r &cf31rl&cfff &caaa
(goblin): >  &ca33gob&r &cf00pent&cfff [ra-low] &cf660&r/&cf6641&r &cf31rl&cfff &caaaneed armor
Protection is almost burned out
(lethalwiz): >&cf00lwz &cf00[&cf55bridge-low&cf00] lost&r &cf552&r
(lethalwiz): >&cf00lwz &cf00[&cf55bridge-low&cf00] lost&r &cf552&r
(lethalwiz): >  &c599lwz&r [ra-tunnel] &cfff0&r/&cfff100&r sg &caaa
(rio): >  &c353rio&r [sng-tele] &c991y&cfff&cfff84&r/&cfff153&r &cf31rl&cfff &caaa
(rio): >  &c353rio&r [sng-tele] &c991y&cfff&cfff84&r/&cfff153&r &cf31rl&cfff &caaa
(goblin): >  &ca33gob&r [ra] &cf660&r/&cf6641&r &cf31rl&cfff &caaaneed armor
(lethalwiz): >&cf00lwz &cf00[&cf55bridge-low&cf00] lost&r &cf552&r
(lethalwiz): >&c599lwz:&cfff get &cf00pent&cfff
(lethalwiz): >&cf00lwz &cf00[&cf55bridge-low&cf00] lost&r &cf552&r
(lethalwiz): >&cf00lwz &cf00[&cf55bridge-low&cf00] lost&r &cf552&r
(lethalwiz): >&cf00lwz &cf00[&cf55bridge-low&cf00] lost&r &cf552&r
(lethalwiz): >  &c599lwz&r [lifts] &cfff0&r/&cfff100&r sg &caaa
(goblin): >&cfffgob &caaa[&c666ra&caaa] took&r &ce00ra&cfff
(goblin): >  &ca33gob&r [ra] &c931r&cfff&cfff200&r/&cf6641&r &cf31rl&cfff &caaaneed health
(goblin): >  &ca33gob&r [sng-mega] &c931r&cfff&cfff140&r/&cfff53&r &cf31rl&cfff &caaa
(goblin): >  &ca33gob&r [sng-mega] &c931r&cfff&cfff140&r/&cfff53&r &cf31rl&cfff &caaa
(rio): >&c0f0rio &c0f0[&c5f5ra&c0f0] safe&r &c9f9rl&r
(lethalwiz): >&c1ff>&r goblin &c777at&r [sng-ledge]
(lethalwiz): >&c1ff>&r goblin &c777at&r [sng-ledge]
(rio): >&c0f0rio &c0f0[&c5f5ra&c0f0] safe&r &c9f9rl&r
(rio): >&c0f0rio &c0f0[&c5f5ra&c0f0] safe&r &c9f9rl&r
(lethalwiz): >  &c599lwz&r [ra-low] &cfff0&r/&cfff100&r sg &caaa
[14] minutes remaining
Team [=s=] leads by 13 frags
(rio): >&cfffrio &caaa[&c666ra&caaa] took&r &ce00ra&cfff
(rio): >  &c353rio&r [quad] &c931r&cfff&cfff200&r/&cfff119&r &cf31rl&cfff &caaa
(lethalwiz): >&cf00lwz &cf00[&cf55bridge-stairs&cf00] lost&r &cf551&r
(lethalwiz): >&cf00lwz &cf00[&cf55bridge-stairs&cf00] lost&r &cf551&r
(goblin): >&c1ff>&r &cf2aPACK&r &c777at&r [window]
(goblin): >&c1ff>&r &cf2aPACK&r &c777at&r [window]
(goblin): >&c1ff>&r &cf2aPACK&r &c777at&r [window]
(goblin): >&c1ff>&r &cf2aPACK&r &c777at&r [window]
(lethalwiz): >  &c599lwz&r [bridge-high] &cfff0&r/&cfff100&r sg &caaa
(lethalwiz): >  &c599lwz&r [lifts] &cf660&r/&cfff156&r &cf31rl&cfff &caaaneed armor
(rio): >  &c353rio&r &c05fquad&cfff [ya-quad] &c931r&cfff&cfff153&r/&cfff93&r &cf31rl&cfff &caaa
(lethalwiz): >  &c599lwz&r [lifts] &cf660&r/&cfff155&r &cf31rl&cfff &caaaneed armor
Quad Damage is wearing off
(mOlle): >&c1ff>&r &ce00ra&cfff &c777at&r [ra]
(lethalwiz): >  &c599lwz&r [lifts] &cf660&r/&cfff152&r &cf31rl&cfff &caaaneed armor
(lethalwiz): >  &c599lwz&r [lifts] &cf660&r/&cfff152&r &cf31rl&cfff &caaaneed armor
(lethalwiz): >  &c599lwz&r [lifts] &cf660&r/&cfff152&r &cf31rl&cfff &caaaneed armor
(lethalwiz): >  &c599lwz&r [ra-entry] &cf660&r/&cfff147&r &cf31rl&cfff &caaaneed armor
(goblin): >  &ca33gob&r [hill] &cfff0&r/&cfff100&r sg &caaa
(rio): >&cf00rio &cf00[&cf55ya&cf00] lost&r &cf552&r
(rio): >&cf00rio &cf00[&cf55ya&cf00] lost&r &cf552&r
(rio): >&cf00rio &cf00[&cf55ya&cf00] lost&r &cf552&r
(rio): >&cf00rio &cf00[&cf55ya&cf00] lost&r &cf552&r
(lethalwiz): >  &c599lwz&r [ra] &cf660&r/&cfff144&r &cf31rl&cfff &caaaneed armor
(lethalwiz): >  &c599lwz&r [ra] &cf660&r/&cfff144&r &cf31rl&cfff &caaaneed armor
(lethalwiz): >  &c599lwz&r [ra] &c931r&cfff&cf66200&r/&cfff142&r &cf31rl&cfff &caaaneed armor
(rio): >&c1ff>&r &cf2aPACK&r &c777at&r [ya]
(mOlle): >  &c59cmol&r [ya] &cf660&r/&cfff100&r &cf31rl&cfff &caaaneed armor
(goblin): >  &ca33gob&r [sng-tele] &cfff0&r/&cfff100&r sg &caaa
(rio): >&cf00rio &cf00[&cf55ya-box&cf00] lost&r &cf551&r
(lethalwiz): >  &c599lwz&r [ring] &c931r&cfff&cfff139&r/&cfff121&r &cf31rl&cfff &caaa
(goblin): >  &ca33gob&r [ra] &cfff0&r/&cfff96&r sg &caaa
[13] minutes remaining
Team [=s=] leads by 20 frags
(lethalwiz): >  &c599lwz&r [quad] &c931r&cfff&cf6645&r/&cfff96&r &cf31rl&cfff &caaaneed armor
(lethalwiz): >  &c599lwz&r &c05fquad&cfff [quad] &c931r&cfff&cf6645&r/&cfff96&r &cf31rl&cfff &caaaneed armor
(goblin): >&c1ff>&r &cf2aPACK&r &c777at&r [rl]
(goblin): >  &ca33gob&r [window] &cfff0&r/&cfff100&r sg &caaa
(lethalwiz): >  &c599lwz&r &c05fquad&cfff [bridge-high] &c931r&cfff&cf6625&r/&cfff96&r &cf31rl&cfff &caaaneed armor
(rio): >  &c353rio&r [bridge-low] &c991y&cfff&cfff73&r/&cfff24&r ssg &caaa
(goblin): >  &ca33gob&r [ring] &cfff0&r/&cfff100&r sg &caaa
Quad Damage is wearing off
(goblin): >  &ca33gob&r [rl] &cf660&r/&cf6640&r &cf31rl&cfff &caaaneed armor
(rio): >  &c353rio&r [ya] &cfff0&r/&cfff100&r sg &caaa
(goblin): >  &ca33gob&r [ya-entry] &cf660&r/&cf664&r &cf31rl&cfff &caaaneed armor
(goblin): >  &ca33gob&r [ya-entry] &cf660&r/&cf664&r &cf31rl&cfff &caaaneed armor
(goblin): >&cfffgob &caaa[&c666hill&caaa] took&r &c0ffmega&cfff
(goblin): >  &ca33gob&r [hill] &cfff0&r/&cfff200&r sg &caaa
(lethalwiz): >  &c599lwz&r [ya] &cf660&r/&cfff127&r &cf31rl&cfff &caaaneed armor
(rio): >&c1ff>&r cells &c777at&r [water]
(goblin): >&c1ff>&r &cf2aPACK&r &c777at&r [water-lg]
(lethalwiz): >  &c599lwz&r [ya-box] &c991y&cfff&cfff150&r/&cfff100&r &cf31rl&cfff &caaa
(goblin): >  &ca33gob&r [bridge-low] &cfff0&r/&cfff50&r sg &caaa
[12] minutes remaining
Team [=s=] leads by 20 frags
(mOlle): >  &c59cmol&r [quad] &cfff0&r/&cfff100&r sg &caaa
(rio): >  &c353rio&r [bridge-low] &cfff0&r/&cfff100&r sg &caaa
(lethalwiz): >  &c599lwz&r [window] &c991y&cfff&cfff150&r/&cfff100&r &cf31rl&cfff &caaa
(lethalwiz): >  &c599lwz&r [window] &c991y&cfff&cfff150&r/&cfff100&r &cf31rl&cfff &caaa
(lethalwiz): >  &c599lwz&r [window] &c991y&cfff&cfff150&r/&cfff100&r &cf31rl&cfff &caaa
(samon): >&c37csam:&cfff took &cf00ra&cfff [ra]
(fl4m3r): >&cfc4flm&cfff &cf440&cfff/&cf446&cfff &c2ffsg&cfff &c6f6[&cfffra.tunnel&c6f6]&cfff
(ThundeR): >thn: teammate at [ra-low] 0
(ThundeR): >thn: teammate at [ra-low] 0
(samon): >&c37csam:&cfff took &c0a0mega&cfff [hill]
(fl4m3r): >&cfc4flm&cfff &cf440&cfff/&cf446&cfff &c2ffsg&cfff &c6f6[&cfffra.ng&c6f6]&cfff
(btk): >kid quad &ce0035&cfff/50 &cf13rl&cfff:52 [ra.low] &c2aac&cfff:57
(btk): >kid quad &ce0035&cfff/50 &cf13rl&cfff:52 [ra.low] &c2aac&cfff:57
(ThundeR): >thn: &c0b0team&cfff &c05fquad&cfff at [ra]
(fl4m3r): >&cfc4flm&cfff &cf440&cfff/71 &c2ffsg&cfff &c6f6[&cfffsng.low&c6f6]&cfff
(samon): >&c37csam:&cfff &cf00LOST&cfff [water.lg] &cf00e&cfff:1
(samon): >&c37csam:&cfff &cf00LOST&cfff [water.lg] &cf00e&cfff:1
(fl4m3r): >&cfc4flm&cfff &cf440&cfff/71 &c2ffsg&cfff &c6f6[&cfffsng.ledge&c6f6]&cfff
(samon): >&c37csam:&cfff coming [ring]
(samon): >&c37csam:&cfff &cf00LOST&cfff [ya.up] &cf00e&cfff:3
(samon): >&c37csam:&cfff &cf00LOST&cfff [ya.up] &cf00e&cfff:3
(fl4m3r): >&cfc4flm&cfff &cf44lost&cfff 1&cf44e&cfff &cf44[&cfffsng&cf44]&cfff
Quad Damage is wearing off
(fl4m3r): >&cfc4flm&cfff &cf440&cfff/100 &c2ffsg&cfff &c6f6[&cfffhill.bridge&c6f6]&cfff
(ThundeR): >thn: 0/100 [ra] &cf13r&cfff:10
(ThundeR): >thn: 0/100 [ra] &cf13r&cfff:10
(ThundeR): >thn: 0/100 [ra] &cf13r&cfff:10
(fl4m3r): >&cfc4flm&cfff &cf440&cfff/&cf444&cfff &c2ffgl&cfff:0 &c6f6[&cfffbridge.high&c6f6]&cfff
(fl4m3r): >&cfc4flm&cfff &cf44lost&cfff 2&cf44e&cfff &cf44[&cfffbridge.low&cf44]&cfff
(fl4m3r): >&cfc4flm&cfff &cf440&cfff/100 &c2ffsg&cfff &c6f6[&cfffring&c6f6]&cfff
(fl4m3r): >&cfc4flm&cfff &cf440&cfff/100 &c2ffsg&cfff &c6f6[&cfffring&c6f6]&cfff
(ThundeR): >thn: teammate at [ra-entry] 0
(btk): >kid &ce0090&cfff/89 &cf13rl&cfff:39 [ra] &c2aac&cfff:57
(btk): >kid &ce0090&cfff/89 &cf13rl&cfff:39 [ra] &c2aac&cfff:57
[11] minutes remaining
Team [=s=] leads by 22 frags
(fl4m3r): >&cfc4flm&cfff &cf440&cfff/&cf4422&cfff &c2ffsg&cfff &c6f6[&cfffquad&c6f6]&cfff
(fl4m3r): >&cfc4flm&cfff &cf44lost&cfff 2&cf44e&cfff &cf44[&cfffquad&cf44]&cfff
no weapon
no weapon
no weapon
no weapon
no weapon
(btk): >kid 0/56 &cf13rl&cfff:35 [ra.low] &c2aac&cfff:57
(lethalwiz): >  &c599lwz&r [ya] &cf660&r/&cf6646&r &cf31rl&cfff&cf66:4&r &caaaneed armor health
(lethalwiz): >  &c599lwz&r [ya] &c991y&cfff&cfff150&r/&cfff61&r &cf31rl&cfff&cf66:4&r &caaa
(lethalwiz): >  &c599lwz&r [ya-box] &c991y&cfff&cfff150&r/&cfff61&r &cf31rl&cfff&cf66:4&r &caaa
(lethalwiz): >  &c599lwz&r [pent] &c991y&cfff&cfff147&r/&cfff159&r &cf31rl&cfff&cf66:4&r &caaa
(lethalwiz): >  &c599lwz&r [pent] &c991y&cfff&cfff147&r/&cfff159&r &cf31rl&cfff&cf66:4&r &caaa
(lethalwiz): >  &c599lwz&r [lifts] &c991y&cfff&cfff147&r/&cfff159&r &cf31rl&cfff&cf66:4&r &caaa
(lethalwiz): >  &c599lwz&r [lifts] &c991y&cfff&cfff147&r/&cfff157&r &cf31rl&cfff&cf66:4&r &caaa
(lethalwiz): >  &c599lwz&r [lifts] &c991y&cfff&cfff147&r/&cfff157&r &cf31rl&cfff&cf66:4&r &caaa
(goblin): >  &ca33gob&r [water] &cfff0&r/&cfff100&r sg &caaa
Quad Damage is wearing off
(goblin): >&cfffgob &caaa[&c666rl&caaa] took&r &cf31rl&cfff
(rio): >  &c353rio&r [bridge-high] &cf660&r/&cf6640&r &c29flg&cfff&c29f:22&r &caaaneed armor health
[10] minutes remaining
Team [=s=] leads by 26 frags
(rio): >&cf00rio &cf00[&cf55pent&cf00] lost&r &cf553&r
(goblin): >&cfffgob &caaa[&c666water-lg&caaa] took&r &c29flg&cfff
(goblin): >&cfffgob &caaa[&c666water-lg&caaa] took&r &c29flg&cfff
(lethalwiz): >  &c599lwz&r &cf00pent&cfff [lifts] &cf660&r/&cfff97&r &cf31rl&cfff &caaaneed armor
(goblin): > &cf00__&r &c05fenemy&r &c05fquad&cfff &cf00__&r
Protection is almost burned out
(rio): >  &c353rio&r [bridge-low] &cfff0&r/&cfff100&r sg &caaa
(lethalwiz): >  &c599lwz&r [ra] &cf660&r/&cfff100&r &cf31rl&cfff &caaaneed armor
(lethalwiz): >  &c599lwz&r [ra] &cf660&r/&cfff100&r &cf31rl&cfff &caaaneed armor
(lethalwiz): >  &c599lwz&r [ra] &cf660&r/&cfff100&r &cf31rl&cfff &caaaneed armor
(lethalwiz): >  &c599lwz&r [ra] &cf660&r/&cfff100&r &cf31rl&cfff &caaaneed armor
(goblin): >  &ca33gob&r [ra-low] &cf660&r/&cfff96&r &c29flg&cfff &caaaneed armor
(lethalwiz): >&c1ff>&r goblin &c777at&r [ra-low]
(lethalwiz): >&c1ff>&r goblin &c777at&r [ra-low]
(rio): >  &c353rio&r [lifts-below] &cfff0&r/&cfff100&r sg &caaa
(lethalwiz): >  &c599lwz&r [ra] &c931r&cfff&cfff200&r/&cfff100&r &cf31rl&cfff &caaa
(rio): >  &c353rio&r [hill] &cfff0&r/&cfff100&r sg &caaa
[9] minutes remaining
Team [=s=] leads by 21 frags
(goblin): >  &ca33gob&r [ra-low] &c931r&cfff&cfff184&r/&cfff96&r &c29flg&cfff &caaa
(lethalwiz): >  &c599lwz&r [quad] &c931r&cfff&cfff84&r/&cfff71&r &cf31rl&cfff &caaa
(lethalwiz): >&c1ff>&r goblin &c777at&r [quad]
(goblin): >  &ca33gob&r [quad] &c931r&cfff&cfff184&r/&cfff96&r &c29flg&cfff &caaa
(lethalwiz): >&cf0flwz &cf5f[&cfffya&cf5f] dropped&r &cf0frl-pack&r
(lethalwiz): >  &c599lwz&r [ra-tunnel] &cfff0&r/&cfff100&r sg &caaa
(lethalwiz): >  &c599lwz&r [ra-tunnel] &cfff0&r/&cfff100&r sg &caaa
(rio): >  &c353rio&r [ring] &cfff0&r/&cfff58&r sng &caaa
(lethalwiz): >  &c599lwz&r [hill] &cfff0&r/&cfff200&r sg &caaa
(lethalwiz): >&cffflwz &caaa[&c666hill&caaa] took&r &c0ffmega&cfff
(lethalwiz): >  &c599lwz&r [water] &cfff0&r/&cfff190&r sg &caaa
(goblin): >  &ca33gob&r &c05fquad&cfff [pent] &c931r&cfff&cfff95&r/&cfff176&r &cf31rl&cfff &caaa
(lethalwiz): >  &c599lwz&r [bridge-low] &cfff0&r/&cfff185&r &c299gl&cfff &caaa
(rio): >  &c353rio&r [ya-entry] &cfff0&r/&cfff58&r sng &caaa
(goblin): >  &ca33gob&r &c05fquad&cfff [lifts] &c931r&cfff&cfff95&r/&cfff174&r &cf31rl&cfff &caaa
Quad Damage is wearing off
(lethalwiz): >&cf00lwz &cf00[&cf55rl&cf00] lost&r &cf551&r
(rio): >  &c353rio&r [bridge-high] &c991y&cfff&cfff150&r/&cfff55&r sng &caaa
[8] minutes remaining
Team [=s=] leads by 31 frags
no weapon
(goblin): >&cf00gob &cf00[&cf55ra-low&cf00] lost&r &cf553&r
(goblin): >&cf00gob &cf00[&cf55ra-low&cf00] lost&r &cf553&r
(goblin): >&cf00gob &cf00[&cf55ra-low&cf00] lost&r &cf553&r
(goblin): >&cf00gob &cf00[&cf55ra-low&cf00] lost&r &cf553&r
(rio): >  &c353rio&r [bridge-high] &cfff0&r/&cfff20&r sg &caaa
(goblin): >&c1ff>&r rox &c777at&r [quad]
(lethalwiz): >  &c599lwz&r [lifts] &cf660&r/&cf6618&r &c29flg&cfff&c29f:10&r &caaaneed armor health
(mOlle): >&cfffmol &caaa[&c666water-lg&caaa] took&r &c29flg&cfff
(lethalwiz): >  &c599lwz&r [sng-low] &cf660&r/&cf6618&r &c29flg&cfff&c29f:6&r &caaaneed armor health
not enough ammo
(lethalwiz): >&cf00lwz &cf00[&cf55sng-tele&cf00] lost&r &cf551&r
(lethalwiz): >&cf00lwz &cf00[&cf55sng-tele&cf00] lost&r &cf551&r
(lethalwiz): >  &c599lwz&r [lifts] &cfff0&r/&cfff100&r sg &caaa
(lethalwiz): >&cf00lwz &cf00[&cf55bridge-low&cf00] lost&r &cf552&r
(rio): >  &c353rio&r [quad] &c991y&cfff&cfff150&r/&cfff100&r &cf31rl&cfff &caaa
(lethalwiz): >&cf00lwz &cf00[&cf55sng-tele&cf00] lost&r &cf551&r
(lethalwiz): >&c1ff>&r mOlle &c777at&r [ya]
(lethalwiz): >&c1ff>&r mOlle &c777at&r [ya]
(lethalwiz): >&c1ff>&r goblin &c777at&r [water]
[7] minutes remaining
Team [=s=] leads by 26 frags
(goblin): >  &ca33gob&r [bridge-low] &cfff0&r/&cfff100&r sg &caaa
(mOlle): >&cfa1mol &cfa6[&cfa9window&cfa6] coming&r &c991y&cfff&cfa6150/76&r lg
(mOlle): >&cfa1mol &cfa6[&cfa9window&cfa6] coming&r &c991y&cfff&cfa6150/76&r lg
(lethalwiz): >&c1ff>&r goblin &c777at&r [bridge-low]
(lethalwiz): >&c1ff>&r goblin &c777at&r [bridge-low]
(lethalwiz): >&cf00lwz &cf00[&cf55rl&cf00] lost&r &cf552&r
(lethalwiz): >&cf00lwz &cf00[&cf55rl&cf00] lost&r &cf552&r
(lethalwiz): >  &c599lwz&r [ra-tunnel] &cfff0&r/&cfff100&r sg &caaa
(lethalwiz): >  &c599lwz&r [hill] &cfff0&r/&cfff100&r sg &caaa
(lethalwiz): >&cf00lwz &cf00[&cf55bridge-low&cf00] lost&r &cf551&r
(goblin): >&c1ff>&r cells &c777at&r [water-rox]
(lethalwiz): >  &c599lwz&r [bridge-high] &cfff0&r/&cfff100&r ssg &caaa
(goblin): >  &ca33gob&r [water] &cf660&r/&cfff100&r &c29flg&cfff &caaaneed armor
(lethalwiz): >&cf00lwz &cf00[&cf55ya-box&cf00] lost&r &cf551&r
(lethalwiz): >&cf00lwz &cf00[&cf55ya-box&cf00] lost&r &cf551&r
Quad Damage is wearing off
(lethalwiz): >&cf00lwz &cf00[&cf55bridge-low&cf00] lost&r &cf552&r
(lethalwiz): >&cf00lwz &cf00[&cf55bridge-low&cf00] lost&r &cf552&r
(lethalwiz): >&cf00lwz &cf00[&cf55bridge-low&cf00] lost&r &cf552&r
(lethalwiz): >  &c599lwz&r [ra-tunnel] &cfff0&r/&cfff100&r sg &caaa
(lethalwiz): >  &c599lwz&r [ra-tunnel] &cfff0&r/&cfff100&r sg &caaa
(lethalwiz): >&c1ff>&r rio &c777at&r [ra-entry]
(lethalwiz): >&c1ff>&r rio &c777at&r [ra-entry]
(rio): >  &c353rio&r [ring] &cfff0&r/&cfff28&r sng &caaa
(lethalwiz): >&c1ff>&r mOlle &c777at&r [ra]
[6] minutes remaining
Team [=s=] leads by 31 frags
(lethalwiz): >&c1ff>&r mOlle &c777at&r [ra]
(lethalwiz): >&c1ff>&r mOlle &c777at&r [ra]
(rio): >&cf00rio &cf00[&cf55rl&cf00] lost&r &cf551&r
(lethalwiz): >  &c599lwz&r [ra] &cfff0&r/&cfff100&r sg &caaa
no weapon
(goblin): >  &ca33gob&r [ya] &c991y&cfff&cfff79&r/&cfff71&r &cf31rl&cfff &caaa
(mOlle): >&cf0fmol &cf5f[&cffflifts-below&cf5f] dropped pack&r
(mOlle): >&cf0fmol &cf5f[&cffflifts-below&cf5f] dropped pack&r
(mOlle): >&cf0fmol &cf5f[&cffflifts-below&cf5f] dropped pack&r
(mOlle): >&cf0fmol &cf5f[&cffflifts-below&cf5f] dropped pack&r
(mOlle): >&cf0fmol &cf5f[&cffflifts-below&cf5f] dropped pack&r
(mOlle): >&cf0fmol &cf5f[&cffflifts-below&cf5f] dropped pack&r
(mOlle): >&cf0fmol &cf5f[&cffflifts-below&cf5f] dropped pack&r
(mOlle): >&cf0fmol &cf5f[&cffflifts-below&cf5f] dropped pack&r
(mOlle): >&cf0fmol &cf5f[&cffflifts-below&cf5f] dropped pack&r
(rio): >  &c353rio&r [rl] &cf660&r/&cfff76&r &cf31rl&cfff &caaaneed armor
(lethalwiz): >&cf00lwz &cf00[&cf55ya&cf00] lost&r &cf551&r
no weapon
(fl4m3r): >&cfc4flm&cfff &cf440&cfff/76 &c2ffsg&cfff &c6f6[&cfffhill.bridge&c6f6]&cfff
[5] minutes remaining
Team [=s=] leads by 30 frags
(btk): >kid pent at [pent] 0
(fl4m3r): >&cfc4flm&cfff &cf44lost&cfff 1&cf44e&cfff &cf44[&cfffwater.tunnel&cf44]&cfff
(btk): >kid 0/188 &c2aalg&cfff:62 [lifts] &cf13r&cfff:96
(btk): >kid 0/187 &c2aalg&cfff:62 [lifts] &cf13r&cfff:96
(btk): >kid 0/187 &c2aalg&cfff:62 [lifts] &cf13r&cfff:96
(samon): >&c37csam:&cfff &cf00pent&cfff &cff0ya&cfff87/68 [water.tunnel] &c2aagl&cfff:2
(samon): >&c37csam:&cfff &cf00pent&cfff &cff0ya&cfff87/68 [water.tunnel] &c2aagl&cfff:2
(fl4m3r): >&cfc4flm&cfff &cf44lost&cfff 2&cf44e&cfff &cf44[&cfffrl.box&cf44]&cfff
(fl4m3r): >&cfc4flm&cfff &cf440&cfff/100 &c2ffsg&cfff 48&c2ffrox&cfff &c6f6[&cfffya.box&c6f6]&cfff
(fl4m3r): >&cfc4flm&cfff &cf440&cfff/100 &c2ffsg&cfff 48&c2ffrox&cfff &c6f6[&cfffya.box&c6f6]&cfff
(fl4m3r): >&cfc4flm&cfff took &c2ffya&cfff
(fl4m3r): >&cfc4flm&cfff &cff0y&cfff150/100 &c2ffsg&cfff 48&c2ffrox&cfff &c6f6[&cfffbridge.low&c6f6]&cfff
(ThundeR): >thn: &c0b0team&cfff &c05fquad&cfff at [ra]
(btk): >kid quad took &cf00ra&cfff [ra]
(ThundeR): >thn: &c0b0team&cfff &c05fquad&cfff at [ra-low]
(ThundeR): >thn: &c0b0team&cfff &c05fquad&cfff at [ra-low]
(fl4m3r): >&cfc4flm&cfff &cff0y&cfff89/61 &c2ffsg&cfff 53&c2ffrox&cfff &c6f6[&cfffwater&c6f6]&cfff
Protection is almost burned out
(fl4m3r): >&cfc4flm&cfff &cff0y&cfff89/61 &c2ffgl&cfff:58 &c6f6[&cfffwater&c6f6]&cfff
(ThundeR): >thn: &cf00DROPPED &cf13rl&cfff &cf00[&cfffsng-tele&cf00]&cfff 1
(ThundeR): >thn: &cf00DROPPED &cf13rl&cfff &cf00[&cfffsng-tele&cf00]&cfff 1
no weapon
(fl4m3r): >&cfc4flm&cfff &cff0y&cfff89/61 &c2ffgl&cfff:58 &c6f6[&cfffrl.box&c6f6]&cfff
Quad Damage is wearing off
(fl4m3r): >&cfc4flm&cfff &cf44lost&cfff 2&cf44e&cfff &cf44[&cfffrl.box&cf44]&cfff
(fl4m3r): >&cfc4flm&cfff &cf440&cfff/100 &c2ffsg&cfff 5&c2ffrox&cfff &c6f6[&cfffra.low&c6f6]&cfff
(ThundeR): >thn: teammate at [ra-entry] 0
(fl4m3r): >&cfc4flm&cfff &cf440&cfff/100 &c2ffsg&cfff 5&c2ffrox&cfff &c6f6[&cfffra.low&c6f6]&cfff
(fl4m3r): >&cfc4flm&cfff &cf440&cfff/100 &c2ffsg&cfff 5&c2ffrox&cfff &c6f6[&cfffra.entry&c6f6]&cfff
(ThundeR): >thn: teammate at [quad] 0
[4] minutes remaining
Team [=s=] leads by 19 frags
(fl4m3r): >&cfc4flm&cfff &cf440&cfff/100 &c2ffsg&cfff 5&c2ffrox&cfff &c6f6[&cfffquad&c6f6]&cfff
(fl4m3r): >&cfc4flm&cfff &cf440&cfff/100 &c2ffsg&cfff 5&c2ffrox&cfff &c6f6[&cfffwindow&c6f6]&cfff
(fl4m3r): >&cfc4flm&cfff &cf44lost&cfff 1&cf44e&cfff &cf44[&cfffwindow.quad&cf44]&cfff
(fl4m3r): >&cfc4flm&cfff &cf440&cfff/100 &c2ffsg&cfff &c6f6[&cfffwindow.quad&c6f6]&cfff
(fl4m3r): >&cfc4flm&cfff > samon &c6f6[&cfffquad&c6f6]&cfff
(ThundeR): >thn: teammate at [quad] 0
(samon): >&c37csam:&cfff team &c05fquad&cfff
(samon): >&c37csam:&cfff team &c05fquad&cfff
(samon): >&c37csam:&cfff &cff0need&cfff armor health &c2aarl&cfff
(ThundeR): >thn: &c0b0team&cfff &c05fquad&cfff at [ra-low]
(fl4m3r): >&cfc4flm&cfff &cf44lost&cfff 2&cf44e&cfff &cf44[&cfffhill.bridge&cf44]&cfff
(fl4m3r): >&cfc4flm&cfff &cf440&cfff/100 &c2ffsg&cfff &c6f6[&cfffra.tunnel&c6f6]&cfff
(fl4m3r): >&cfc4flm&cfff &cf440&cfff/&cf4410&cfff &c2fflg&cfff:5 &c6f6[&cfffhill.bridge&c6f6]&cfff
(fl4m3r): >&cfc4flm&cfff &cf440&cfff/&cf4410&cfff &c2fflg&cfff:5 &c6f6[&cfffhill.bridge&c6f6]&cfff
(btk): >kid 1 enemy at [sng.tele]
(btk): >kid 1 enemy at [sng.tele]
(fl4m3r): >&cfc4flm&cfff &cf44lost&cfff 2&cf44e&cfff &cf44[&cfffbridge.low&cf44]&cfff
(fl4m3r): >&cfc4flm&cfff &cf440&cfff/100 &c2ffssg&cfff &c6f6[&cfffya.box&c6f6]&cfff
(ThundeR): >thn: 0/33 [ra] &cf13r&cfff:5
(ThundeR): >thn: 0/33 [ra] &cf13r&cfff:5
(samon): >&c37csam:&cfff &c05fquad&cfff over
(samon): >&c37csam:&cfff &c05fquad&cfff over
(fl4m3r): >&cfc4flm&cfff &cf440&cfff/100 &c2ffssg&cfff &c6f6[&cfffya.box&c6f6]&cfff
(lethalwiz): >&cf00lwz &cf00[&cf55bridge-low&cf00] lost&r &cf551&r
(lethalwiz): >&cf00lwz &cf00[&cf55bridge-low&cf00] lost&r &cf551&r
(rio): >&cfffrio &caaa[&c666ra&caaa] took&r &ce00ra&cfff
(rio): >  &c353rio&r [ya-quad] &c931r&cfff&cfff200&r/&cfff72&r sg &caaa
(lethalwiz): >&c1ff>&r mOlle &c777at&r [ya]
(lethalwiz): >&c1ff>&r mOlle &c777at&r [ya]
(lethalwiz): >&c1ff>&r mOlle &c777at&r [ya]
[3] minutes remaining
Team [=s=] leads by 20 frags
(goblin): >&cfffgob &caaa[&c666water-lg&caaa] took&r &c29flg&cfff
(goblin): >&cfffgob &caaa[&c666water-lg&caaa] took&r &c29flg&cfff
(lethalwiz): >&cf00lwz &cf00[&cf55quad&cf00] lost&r &cf552&r
(lethalwiz): >&cf00lwz &cf00[&cf55quad&cf00] lost&r &cf552&r
(fl4m3r): >&cfc4flm&cfff &cf44lost&cfff 2&cf44e&cfff &cf44[&cfffquad&cf44]&cfff
(btk): >kid rox at [ring] 1
(fl4m3r): >&cfc4flm&cfff &cf440&cfff/100 &c2ffsg&cfff &c6f6[&cfffsng&c6f6]&cfff
(fl4m3r): >&cfc4flm&cfff &cf440&cfff/100 &c2ffsg&cfff &c6f6[&cfffsng.lifts&c6f6]&cfff
(samon): >&c37csam:&cfff &cf00LOST&cfff [rl] &cf00e&cfff:3
(samon): >&c37csam:&cfff &cf00LOST&cfff [rl] &cf00e&cfff:3
(ThundeR): >thn: teammate at [ra] 0
(fl4m3r): >&cfc4flm&cfff &cf440&cfff/100 &c2ffsg&cfff &c6f6[&cfffra.low&c6f6]&cfff
(fl4m3r): >&cfc4flm&cfff > btk &cff0[&cfffra.mid&cff0]&cfff
(ThundeR): >thn: teammate at [ra-low] 0
(fl4m3r): >&cfc4flm&cfff &cf440&cfff/100 &c2ffsg&cfff &c6f6[&cfffra.entry&c6f6]&cfff
(samon): >&c37csam:&cfff coming [ya.up]
(fl4m3r): >&cfc4flm&cfff &cf44lost&cfff 2&cf44e&cfff &cf44[&cfffbridge.low&cf44]&cfff
(btk): >kid rox at [ring] 1
(samon): >&c37csam:&cfff &c0b0SAFE&cfff [ya.box] sg:65
(samon): >&c37csam:&cfff &c0b0SAFE&cfff [ya.box] sg:65
(fl4m3r): >&cfc4flm&cfff &cf440&cfff/100 &c2ffsg&cfff &c6f6[&cfffya&c6f6]&cfff
Quad Damage is wearing off
(fl4m3r): >&cfc4flm&cfff &cf440&cfff/100 &c2ffsg&cfff &c6f6[&cfffrl.entry&c6f6]&cfff
(samon): >&c37csam:&cfff took &cff0ya&cfff [ya.box]
(btk): >kid &cf00DROPPED &cf13rl&cfff &cf00[&cfffra&cf00]&cfff 1
(fl4m3r): >&cfc4flm&cfff took &cf4frl&cfff
(samon): >&c37csam:&cfff &cff0ya&cfff150/100 [water]
(fl4m3r): >&cfc4flm&cfff &cf440&cfff/100 &cf4frl&cfff:5 &c6f6[&cfffrl.entry&c6f6]&cfff
(fl4m3r): >&cfc4flm&cfff &cf440&cfff/100 &cf4frl&cfff:5 &c6f6[&cfffya.box&c6f6]&cfff
[2] minutes remaining
Team [=s=] leads by 22 frags
(fl4m3r): >&cfc4flm&cfff &cf440&cfff/100 &cf4frl&cfff:10 &c6f6[&cfffya.box&c6f6]&cfff
(ThundeR): >thn: &cf00DROPPED &c2aalg&cfff &cf00[&cfffra-low&cf00]&cfff 3
(ThundeR): >thn: &cf00DROPPED &c2aalg&cfff &cf00[&cfffra-low&cf00]&cfff 3
(ThundeR): >thn: &cf00DROPPED &c2aalg&cfff &cf00[&cfffra-low&cf00]&cfff 3
(ThundeR): >thn: &cf00DROPPED &c2aalg&cfff &cf00[&cfffra-low&cf00]&cfff 3
(fl4m3r): >&cfc4flm&cfff &cf440&cfff/100 &cf4frl&cfff:10 &c6f6[&cfffya.box&c6f6]&cfff
(samon): >&c37csam:&cfff get &c05fquad&cfff
(samon): >&c37csam:&cfff get &c05fquad&cfff
(samon): >&c37csam:&cfff get &c05fquad&cfff
(samon): >&c37csam:&cfff get &c05fquad&cfff
(samon): >&c37csam:&cfff get &c05fquad&cfff
(samon): >&c37csam:&cfff get &c05fquad&cfff
(btk): >kid 0/100 [rl]
(btk): >kid 0/100 [rl]
(samon): >&c37csam:&cfff took &c2aalg&cfff [water.lg]
(fl4m3r): >&cfc4flm&cfff &cff0y&cfff93/63 &cf4frl&cfff:8 &c6f6[&cfffwindow&c6f6]&cfff
(fl4m3r): >&cfc4flm&cfff &cff0y&cfff93/63 &cf4frl&cfff:8 &c6f6[&cfffwindow&c6f6]&cfff
(mOlle): >  &c59cmol&r [lifts-below] &cf660&r/&cfff100&r &c29flg&cfff&c29f:13&r &caaaneed armor
(goblin): >&c1ff>&r &cf2aPACK&r &c777at&r [window]
(goblin): >&c1ff>&r &cf2aPACK&r &c777at&r [window]
(rio): >  &c353rio&r [bridge-low] &cfff0&r/&cfff92&r sg &caaa
(goblin): >&c1ff>&r &cf2aPACK&r &c777at&r [bridge-low]
(goblin): >&c1ff>&r &cf2aPACK&r &c777at&r [bridge-low]
(goblin): >&c1ff>&r &cf2aPACK&r &c777at&r [bridge-low]
(goblin): >&c1ff>&r &cf2aPACK&r &c777at&r [bridge-low]
(goblin): >&c1ff>&r &cf2aPACK&r &c777at&r [bridge-low]
(rio): >  &c353rio&r [pent] &cf660&r/&cf6638&r &cf31rl&cfff &c29flg&cfff&c29f:15&r &caaaneed armor health
(rio): >  &c353rio&r [pent] &cf660&r/&cfff138&r &cf31rl&cfff &c29flg&cfff&c29f:15&r &caaaneed armor
(rio): >  &c353rio&r [pent] &cf660&r/&cfff138&r &cf31rl&cfff &c29flg&cfff&c29f:15&r &caaaneed armor
(rio): >&cfa1rio &cfa6[&cfa9lifts&cfa6] coming&r &cfa60/138&r rlg
(rio): >&cfa1rio &cfa6[&cfa9lifts&cfa6] coming&r &cfa60/137&r rlg
(goblin): >&c1ff>&r &cf2aPACK&r &c777at&r [bridge-low]
Quad Damage is wearing off
(rio): >  &c353rio&r [ra] &cf660&r/&cfff129&r &cf31rl&cfff &c29flg&cfff&c29f:11&r &caaaneed armor
(lethalwiz): >&c1ff>&r &ce00ra&cfff &c777at&r [ra]
(goblin): >  &ca33gob&r &c05fquad&cfff [ra-tunnel] &c931r&cfff&cf6648&r/&cfff116&r &cf31rl&cfff &caaaneed armor
(rio): >&cfffrio &caaa[&c666ra&caaa] took&r &ce00ra&cfff
(mOlle): >  &c59cmol&r [ra] &cf660&r/&cf661&r &c29flg&cfff&c29f:13&r &caaaneed armor hth
[1] minute remaining
Team [=s=] leads by 35 frags
(rio): >&cf0frio &cf5f[&cfffring&cf5f] dropped&r &cf9flg-pack:7&r
(rio): >&cf0frio &cf5f[&cfffring&cf5f] dropped&r &cf9flg-pack:7&r
(rio): >  &c353rio&r [sng-tele] &cfff0&r/&cfff100&r sg &caaa
(lethalwiz): >&cf00lwz &cf00[&cf55quad&cf00] lost&r &cf553&r
(lethalwiz): >&cf00lwz &cf00[&cf55quad&cf00] lost&r &cf553&r
(goblin): >  &ca33gob&r [sng-tele] &cf660&r/&cf6612&r &cf31rl&cfff &caaaneed armor
(samon): >&c37csam:&cfff &cf00enemy&cfff at [sng.ledge]
(fl4m3r): >&cfc4flm&cfff &cf440&cfff/96 &c2ffsg&cfff &c6f6[&cfffbridge.low&c6f6]&cfff
(fl4m3r): >&cfc4flm&cfff &cf440&cfff/96 &c2ffsg&cfff &c6f6[&cfffbridge.low&c6f6]&cfff
(ThundeR): >thn: &c0b0team&cfff &c05fquad&cfff at [sng-lifts]
(fl4m3r): >&cfc4flm&cfff &cf44lost&cfff 1&cf44e&cfff &cf44[&cfffrl.box&cf44]&cfff
[30] seconds
(fl4m3r): >&cfc4flm&cfff &cf440&cfff/52 &c2ffsg&cfff &c6f6[&cfffsng.mega&c6f6]&cfff
(samon): >&c37csam:&cfff coming [ra]
(samon): >&c37csam:&cfff coming [ra]
(fl4m3r): >&cfc4flm&cfff &cf44lost&cfff 1&cf44e&cfff &cf44[&cfffsng.low&cf44]&cfff
(samon): >&c37csam:&cfff took &cf00ra&cfff [ra]
(fl4m3r): >&cfc4flm&cfff &cf440&cfff/100 &c2ffsg&cfff &c6f6[&cffflifts.below&c6f6]&cfff
(ThundeR): >thn: rox at [ya] 0
[15] seconds
Quad Damage is wearing off
(fl4m3r): >&cfc4flm&cfff &cf440&cfff/100 &c2ffsg&cfff &c6f6[&cfffbridge.low&c6f6]&cfff
[10] seconds
[9] seconds
[8] seconds
(fl4m3r): >&cfc4flm&cfff took &cf4frl&cfff
[7] seconds
[6] seconds
[5] seconds
(fl4m3r): >&cfc4flm&cfff &cf440&cfff/100 &cf4frl&cfff:5 &c6f6[&cfffrl.box&c6f6]&cfff
[4] seconds
[3] seconds
[2] seconds
[1] second
The match is over
trigger "onmatchover" has no matching alias

Player statistics:
______________________________________
Frags (rank) friendkills . efficiency
Team [=s=]:
__________
_ rio:
  46 (1) 1 50.5%
Wp: lg45.7% (21/46) rl56.0% sg53.8% ssg34.6%
RL skill: ad:102.0 dh:9
Armr&mhs: ga:0 ya:7 ra:5 mh:8
Powerups: Q:1 P:0 R:1
      RL: Took:9 Killed:5 Dropped:1 Xfer:1
      LG: Took:8 Killed:3 Dropped:4
  Damage: Tkn:6194 Gvn:7010 EWep:1710 Tm:72 Self:465 ToDie:137
    Time: Quad:30
 Streaks: Frags:9 QuadRun:4
  SpawnFrags: 2
__________
_ mOlle:
  48 (0) 2 50.0%
Wp: lg39.7% (58/146) rl52.4% sg40.1% ssg29.7%
RL skill: ad:80.4 dh:4
Armr&mhs: ga:0 ya:9 ra:2 mh:7
Powerups: Q:3 P:0 R:0
      RL: Took:6 Killed:7 Dropped:2
      LG: Took:8 Killed:4 Dropped:2
  Damage: Tkn:7049 Gvn:6955 EWep:2070 Tm:84 Self:163 ToDie:146
    Time: Quad:73
 Streaks: Frags:9 QuadRun:4
  SpawnFrags: 6
__________
_ goblin:
  59 (21) 1 60.8%
Wp: lg36.8% (130/353) rl58.9% gl33.3% sg42.4% ssg67.1%
RL skill: ad:83.4 dh:11
Armr&mhs: ga:0 ya:7 ra:5 mh:11
Powerups: Q:3 P:2 R:1
      RL: Took:10 Killed:12 Dropped:4 Xfer:1
      LG: Took:8 Killed:10 Dropped:2
  Damage: Tkn:6655 Gvn:10105 EWep:3542 Tm:281 Self:311 ToDie:175
    Time: Quad:60
 Streaks: Frags:13 QuadRun:6
  SpawnFrags: 4
__________
_ lethalwiz:
  40 (0) 3 50.0%
Wp: lg29.6% (8/27) rl48.5% gl33.3% sg45.1% ssg40.3%
RL skill: ad:76.7 dh:12
Armr&mhs: ga:0 ya:7 ra:6 mh:8
Powerups: Q:2 P:1 R:0
      RL: Took:7 Killed:4 Dropped:3
      LG: Took:2 Killed:1 Dropped:0
  Damage: Tkn:6116 Gvn:7115 EWep:2022 Tm:210 Self:550 ToDie:152
    Time: Quad:42
 Streaks: Frags:7 QuadRun:3
  SpawnFrags: 3

Team [thug]:
__________
_ ThundeR:
  37 (-17) 0 40.7%
Wp: lg39.0% (30/77) rl74.3% gl100.0% sg41.3% ssg35.0%
RL skill: ad:84.3 dh:3
Armr&mhs: ga:0 ya:7 ra:6 mh:5
Powerups: Q:4 P:0 R:1
      RL: Took:8 Killed:11 Dropped:5 Xfer:1
      LG: Took:5 Killed:7 Dropped:2
  Damage: Tkn:7888 Gvn:6871 EWep:3071 Tm:112 Self:140 ToDie:146
    Time: Quad:91
 Streaks: Frags:4 QuadRun:3
  SpawnFrags: 0
__________
_ btk:
  35 (8) 1 56.5%
Wp: lg27.4% (37/135) rl27.0% gl100.0% sg45.9% ssg46.4%
RL skill: ad:74.3 dh:4
Armr&mhs: ga:0 ya:1 ra:16 mh:17
Powerups: Q:4 P:0 R:0
      RL: Took:5 Killed:7 Dropped:3
      LG: Took:4 Killed:2 Dropped:1
  Damage: Tkn:6468 Gvn:5482 EWep:2552 Tm:179 Self:246 ToDie:239
    Time: Quad:120
 Streaks: Frags:12 QuadRun:6
  SpawnFrags: 1
__________
_ fl4m3r:
  38 (-30) 0 35.8%
Wp: lg40.9% (9/22) rl46.7% gl20.9% sg46.2% ssg23.0%
RL skill: ad:77.9 dh:5
Armr&mhs: ga:0 ya:6 ra:2 mh:2
Powerups: Q:1 P:0 R:0
      RL: Took:9 Killed:4 Dropped:7 Xfer:1
      LG: Took:4 Killed:5 Dropped:2
  Damage: Tkn:8136 Gvn:6222 EWep:1993 Tm:58 Self:310 ToDie:119
    Time: Quad:30
 Streaks: Frags:4 QuadRun:3
  SpawnFrags: 2
__________
_ samon:
  44 (-17) 2 41.9%
Wp: lg24.7% (24/97) rl47.5% gl50.0% sg46.3% ssg54.1%
RL skill: ad:79.4 dh:8
Armr&mhs: ga:0 ya:9 ra:6 mh:6
Powerups: Q:2 P:1 R:1
      RL: Took:11 Killed:4 Dropped:4 Xfer:2
      LG: Took:9 Killed:7 Dropped:3
  Damage: Tkn:8693 Gvn:7439 EWep:2451 Tm:219 Self:242 ToDie:142
    Time: Quad:54
 Streaks: Frags:7 QuadRun:3
  SpawnFrags: 3

______________________________________
[=s=] vs [thug] match statistics:
______________________________________

weapons, powerups, armors&mhs, damage
______________________________________
[=s=]: Wp: lg38% rl36 gl4 sg44% ssg41%
Powerups: Q:9 P:3 R:2
Armr&mhs: ga:0 ya:30 ra:18 mh:34
      RL: Took:32 Killed:28 Dropped:10 Xfer:2
      LG: Took:26 Killed:18 Dropped:8
  Damage: Tkn:26014 Gvn:31185 EWep:9344 Tm:647
    Time: Quad:206
[thug]: Wp: lg30% rl20 gl9 sg45% ssg43%
Powerups: Q:11 P:1 R:2
Armr&mhs: ga:0 ya:23 ra:30 mh:30
      RL: Took:33 Killed:26 Dropped:19 Xfer:4
      LG: Took:22 Killed:21 Dropped:8
  Damage: Tkn:31185 Gvn:26014 EWep:10067 Tm:568
    Time: Quad:295
______________________________________
[dm3] top scorers:
______________________________________
      Frags: goblin [59]
     Deaths: fl4m3r [68]
Friendkills: lethalwiz [3]
 Efficiency: goblin [60.8%]
 FragStreak: goblin [13]
    QuadRun: goblin [6]
             btk [6]
  RL Killer: goblin [12]
Boomsticker: rio [53.8%]
   Survivor: btk [239]
Annihilator: goblin [10105]

______________________________________

Team scores: frags . percentage
______________________________________
[=s=]: 193 . 55.6%
[thug]: 154 . 44.4%
______________________________________
Spectator [ServeMe] left the game
samon: ggs
rio: gg
Spectator [ServeMe] entered the game
btk: ggs!
]log 14
