Server starts recording (memory): 4on4_s_vs_puls[dm3]220112-2037.mvd
eikooren: should we ping down?
]/demo_setspeed 30000
baresi: gl!
andeh: glglgl
matchdate: 2022-01-12 20:37:12 UTC
trigger "onmatchstart" has no matching alias
The match has begun!
no weapon
(andeh): >&cd37and:&cfff took &cf60rl&cfff [rl]
(Timon): &cf00>tim: lost&cfff &cf00[&cfffrl&cf00]&cfff 1
(andeh): >&cd37and:&cfff 0/73 &cf60rl&cfff&cf60:3&cfff [rl] 
(rio): >&cf11rio __ team pent&r __
(rio): >&cf11rio __ team pent&r __
(rio): >&cf11rio __ team pent&r __
(lethalwiz): >&c599lwz:&cfff &cf00lost&cfff [quad] 3
(lethalwiz): >&c599lwz:&cfff &cf00lost&cfff [quad] 3
(rio): >&c957rio&r took &c0ffmega&cfff [pent]
(rio): >&c957rio&r &cf00pent&cfff
(rio): >&c957rio&r &cf00pent&cfff
(rio): >&c957rio&r &cf00pent&cfff
(goblin): >&c599gob:&cfff took &ce00ra&cfff [ra]
(andeh): >&cd37and:&cfff &cf00lost&cfff [window] 1
(andeh): >&cd37and:&cfff &cf00lost&cfff [window] 1
(goblin): >&c599gob:&cfff &c931r&cfff200/100 sg [sng-tele] c:12 
(rio): >&c957rio&r &cf00p&cfff &c991y&cfff&cfff147&r/&cfff197&r &c299gl&cfff [bridge-low] &rneed weapon
(lethalwiz): >&c599lwz:&cfff 0/-12 [bridge-stairs] 
(andeh): >&cd37and:&cfff &cf00lost&cfff [ra-tunnel] 1
(andeh): >&cd37and:&cfff &cf00lost&cfff [ra-tunnel] 1
(rio): >&c957rio&r &cf00p&cfff &cf660&r/&cfff191&r &c299gl&cfff [bridge-high] &r
(goblin): >&c599gob:&cfff &c931r&cfff200/200 sng [sng-mega] c:12 
(rio): >&c957rio&r &cf00p&cfff &c991y&cfff&cfff150&r/&cfff186&r &c299gl&cfff [bridge-low] &rneed weapon
rio: &c138*&r8)
rio: &c910*&r8)
(lethalwiz): >&c599lwz:&cfff &cf00lost&cfff [ra] 3
(lethalwiz): >&c599lwz:&cfff &cf00lost&cfff [ra] 3
Protection is almost burned out
(goblin): >&c599gob:&cfff 0/96 sng [ring] c:12 
(andeh): >&cd37and:&cfff 0/100 [window] 
(rio): >&c957rio&r &cf00p&cfff &c991y&cfff&cfff150&r/&cfff180&r &cf31rl&cfff&cf31:8&r [rl] &r
(andeh): >&cd37and:&cfff took &cf60lg&cfff [water-lg]
(andeh): >&cd37and:&cfff took &cf60lg&cfff [water-lg]
(andeh): >&cd37and:&cfff took &cf60lg&cfff [water-lg]
(rio): >&c957rio&r &c991y&cfff&cfff112&r/&cfff148&r &cf31rl&cfff&cf31:9&r [ya] &r
(goblin): >&c599gob:&cfff 0/100 [sng-tele] 
(andeh): >&cd37and:&cfff 0/44 &cf60lg&cfff&cf60:15&cfff [bridge-high] 
(goblin): >&c599gob:&cfff took &cf2apack&cfff [ra-low]
(rio): >&c957rio&r took &cff0ya&cfff [ya-box]
(andeh): >&cd37and:&cfff 0/28 &cf60lg&cfff&cf60:15&cfff [window] 
(goblin): >&c599gob:&cfff 0/200 [bridge-low] 
(andeh): >&cd37and:&cfff &cf00dropped&cfff &cf60lg&cfff [window] 1
(andeh): >&cd37and:&cfff &cf00dropped&cfff &cf60lg&cfff [window] 1
(goblin): >&c599gob:&cfff took &c299gl&cfff [water-gl]
(andeh): >&cd37and:&cfff &cf00dropped&cfff &cf60lg&cfff [window] 1
(goblin): >&c599gob:&cfff 0/200 &c299gl&cfff [water-gl] rox:5 
(goblin): >&c599gob:&cfff 0/197 &c299gl&cfff [bridge-low] rox:5 
(goblin): >&c599gob:&cfff 0/195 &c299gl&cfff [rl] rox:4 
(goblin): >&c599gob:&cfff andeh at [bridge-low]
(goblin): >&c599gob:&cfff 0/193 &c299gl&cfff [rl] rox:4 c:8 
[19] minutes remaining
Team [=s=] leads by 2 frags
(rio): >&cf00rio lost &cf55[&cf99ya-quad&cf55]&r &cf55dropped rl-pack&r
(rio): >&cf00rio lost &cf55[&cf99ya-quad&cf55]&r &cf55dropped rl-pack&r
(rio): >&cf00rio lost &cf55[&cf99ya-quad&cf55]&r &cf55dropped rl-pack&r
(lethalwiz): >&c599lwz:&cfff 0/100 [quad] &c05fquad&cfff
(goblin): >&c599gob:&cfff &cf00dropped&cfff &cf31rl&cfff [bridge-high] 3
(goblin): >&c599gob:&cfff &cf00dropped&cfff &cf31rl&cfff [bridge-high] 3
(goblin): >&c599gob:&cfff took &cf2apack&cfff [bridge-high]
(andeh): >&cd37and:&cfff &cf00lost&cfff [hill] 2
(goblin): >&c599gob:&cfff 0/92 &cf31rl&cfff&cf31:5&cfff [ya] 
(goblin): >&c599gob:&cfff 0/68 &cf31rl&cfff&cf31:5&cfff [ya] 
(goblin): >&c599gob:&cfff 0/20 &cf31rl&cfff&cf31:9&cfff [ya] 
(goblin): >&c599gob:&cfff andeh at [ya]
(lethalwiz): >&c599lwz:&cfff 0/40 &cf60rl&cfff&cf31:13&cfff [quad] &c05fquad&cfff
(lethalwiz): >&c599lwz:&cfff 0/40 &cf60rl&cfff&cf31:13&cfff [quad] &c05fquad&cfff
(andeh): >&cd37and:&cfff &cf00ra&cfff at [ra]
(andeh): >&cd37and:&cfff &cf00ra&cfff at [ra]
(andeh): >&cd37and:&cfff &cf00ra&cfff at [ra]
(goblin): >&c599gob:&cfff 0/60 &cf31rl&cfff&cf31:9&cfff [ya] 
(goblin): >&c599gob:&cfff 0/60 &cf31rl&cfff&cf31:9&cfff [ya-box] 
(rio): >&c957rio&r &cfff0&r/&cfff100&r sg [lifts-below] &r
(goblin): >&c599gob:&cfff rio at [quad]
Quad Damage is wearing off
(andeh): >&cd37and:&cfff took &cf00ra&cfff [ra]
(goblin): >&c599gob:&cfff &c991y&cfff142/96 &cf31rl&cfff&cf31:9&cfff [sng-lifts] 
(goblin): >&c599gob:&cfff &cf00dropped&cfff &cf31rl&cfff [sng-ledge] 2
(goblin): >&c599gob:&cfff &cf00dropped&cfff &cf31rl&cfff [sng-ledge] 2
(goblin): >&c599gob:&cfff &cf00dropped&cfff &cf31rl&cfff [sng-ledge] 2
(goblin): >&c599gob:&cfff &cf00dropped&cfff &cf31rl&cfff [sng-ledge] 2
(rio): >&c957rio&r &cf660&r/&cf6644&r &cf31rl&cfff&cf31:5&r [window] &rneed armor health
(lethalwiz): >&c599lwz:&cfff 0/64 &cf60rl&cfff&cf31:16&cfff [ya] 
(goblin): >&c599gob:&cfff &cf00lost&cfff [sng-ledge] 2
(goblin): >&c599gob:&cfff &cf00lost&cfff [sng-ledge] 2
(goblin): >&c599gob:&cfff 0/100 [ra-tunnel] 
(lethalwiz): >&c599lwz:&cfff &c991y&cfff150/64 &cf60rl&cfff&cf31:16&cfff [window] 
(goblin): >&c599gob:&cfff &cf00lost&cfff [ra] 1
(goblin): >&c599gob:&cfff &cf00lost&cfff [ra] 1
(goblin): >&c599gob:&cfff &cf00lost&cfff [ra] 1
(rio): >&c957rio&r &cf660&r/&cf6639&r &cf31rl&cfff&cf31:5&r [lifts-below] &rneed armor health
(andeh): >&cd37and:&cfff coming [ra-tunnel]
[18] minutes remaining
Team [=s=] leads by 4 frags
(andeh): >&cd37and:&cfff coming [ra-tunnel]
(lethalwiz): >&c599lwz:&cfff &c991y&cfff113/41 &cf60rl&cfff&cf31:13&cfff [quad] 
(goblin): >&c599gob:&cfff 0/100 [ring] 
(andeh): >&cd37and:&cfff &cf00lost&cfff [ra-low] 1
(goblin): >&c599gob:&cfff 0/100 [ra-low] 
(rio): >&c957rio&r &cf660&r/&cfff79&r &cf31rl&cfff&cf31:5&r [sng-mega] &rneed armor
(goblin): >&c599gob:&cfff 0/200 [hill] 
(rio): >&cf00rio lost &cf55[&cf99ra-low&cf55]&r &cf55dropped rl-pack&r
(rio): >&cf00rio lost &cf55[&cf99ra-low&cf55]&r &cf55dropped rl-pack&r
(goblin): >&c599gob:&cfff took &c0ffmega&cfff [hill]
(goblin): >&c599gob:&cfff took &c29flg&cfff [water-lg]
(rio): >&cf00rio lost &cf55[&cf99ra-low&cf55]&r 
(rio): >&cf00rio lost &cf55[&cf99ra-low&cf55]&r 
Quad Damage is wearing off
(andeh): >&cd37and:&cfff 0/100 [rl] 
(andeh): >&cd37and:&cfff 0/100 [rl] 
(goblin): >&c599gob:&cfff 0/209 &c29flg&cfff&c29f:15&cfff [lifts] 
(andeh): >&cd37and:&cfff took &cf60rl&cfff [rl]
(andeh): >&cd37and:&cfff took &cf60rl&cfff [rl]
(rio): >&c957rio&r &cfff0&r/&cfff100&r sg [sng-ledge] &r
(lethalwiz): >&c599lwz:&cfff 0/52 &cf60rl&cfff&cf31:19&cfff [sng-low] 
(andeh): >&cd37and:&cfff &cf00lost&cfff [rl] 3
(goblin): >&c599gob:&cfff 0/190 &c29flg&cfff&c29f:15&cfff [sng] 
(goblin): >&c599gob:&cfff 0/190 &c29flg&cfff&c29f:15&cfff [sng] 
(lethalwiz): >&c599lwz:&cfff 0/-58 &cf60rl&cfff&cf31:18&cfff [sng] 
(lethalwiz): >&c599lwz:&cfff 0/-58 &cf60rl&cfff&cf31:18&cfff [sng] 
(lethalwiz): >&c599lwz:&cfff 0/100 [lifts] 
(eikooren): >eik: &cf00lost&cfff &cf00[&cfffwater.lg&cf00]&cfff 1
(Nidweyr): > &c0aa nid&cfff &cff0150&cfff/60 [rl]
(Timon): >&c2f2tim:&cfff rockets at [ya]
(Timon): >&c2f2tim:&cfff rockets at [ya]
(Timon): &c0b0>tim: safe&cfff &c0b0[&cfffya.box&c0b0]&cfff
(eikooren): >eik: took &c2aalg&cfff [water.lg]
(Nidweyr): > &c0aa nid&cfff &cff0150&cfff/60 [rl]
(eikooren): >eik: took &c2aalg&cfff [water.lg]
(Nidweyr): > &c0aa nid&cfff &cff0150&cfff/60 [rl]
(eikooren): >eik: coming [ra.tunnel]
(Nidweyr): > &c0aa nid&cfff &cff0150&cfff/60 [rl]
[17] minutes remaining
Team [puls] leads by 4 frags
(Timon): &cf00>tim: lost&cfff &cf00[&cfffya&cf00]&cfff 2
(Nidweyr): > &c0aa nid&cfff took &cf60rl&cfff [rl]
(Timon): &cf00>tim: lost&cfff &cf00[&cfffya.entry&cf00]&cfff 2
(Nidweyr): > &c0aa nid&cfff &cff0150&cfff/60 &cf60rl&cfff:5 [rl]
(andeh): >&cd37and:&cfff &c0b0team&cfff &c05fquad&cfff
(andeh): >&cd37and:&cfff &c0b0team&cfff &c05fquad&cfff
(lethalwiz): >&c599lwz:&cfff &c991y&cfff150/114 &cf60rl&cfff&cf31:12&cfff [quad] 
(lethalwiz): >&c599lwz:&cfff &c991y&cfff150/114 &cf60rl&cfff&cf31:12&cfff [quad] 
(goblin): >&c599gob:&cfff &ce00ra&cfff at [ra]
(goblin): >&c599gob:&cfff &ce00ra&cfff at [ra]
(andeh): >&cd37and:&cfff 0/44 sg [ring] r:5 &c05fquad&cfff
(goblin): >&c599gob:&cfff 0/100 &c29flg&cfff&c29f:8&cfff [ra] 
(goblin): >&c599gob:&cfff rio at [ra-low]
(lethalwiz): >&c599lwz:&cfff &c991y&cfff150/106 &cf60rl&cfff&cf31:11&cfff [ra-low] 
(andeh): >&cd37and:&cfff 0/44 sg [ra-low] r:5 &c05fquad&cfff
(andeh): >&cd37and:&cfff 0/44 sg [ra-low] r:5 &c05fquad&cfff
(goblin): >&c599gob:&cfff took &ce00ra&cfff [ra]
(goblin): >&c599gob:&cfff took &ce00ra&cfff [ra]
(rio): >&c957rio&r &cfff0&r/&cfff100&r sg [ya-entry] &r
(lethalwiz): >&c599lwz:&cfff &c991y&cfff135/100 &cf60rl&cfff&cf31:9&cfff [ya] 
(lethalwiz): >&c599lwz:&cfff &c991y&cfff135/100 &cf60rl&cfff&cf31:14&cfff [ya] 
(goblin): >&c599gob:&cfff &c931r&cfff200/100 &c29flg&cfff&c29f:8&cfff [sng-tele] 
(andeh): >&cd37and:&cfff 0/100 [water] 
(rio): >&c957rio&r &cfff0&r/&cfff100&r sg [bridge-stairs] &r
(rio): >&c957rio&r &cfff0&r/&cfff100&r sg [bridge-high] &r
(goblin): >&c599gob:&cfff &ce00ra&cfff at [ra]
(rio): >&c957rio&r took &cff0ya&cfff [ya-box]
(goblin): >&c599gob:&cfff &c931r&cfff89/77 &c29flg&cfff&c29f:41&cfff [ra-low] 
(lethalwiz): >&c599lwz:&cfff &c931r&cfff200/138 &cf60rl&cfff&cf31:13&cfff [ra] 
[16] minutes remaining
Team [=s=] leads by 2 frags
(andeh): >&cd37and:&cfff &cf00lost&cfff [sng-lifts] 2
(andeh): >&cd37and:&cfff &cf00lost&cfff [sng-lifts] 2
(andeh): >&cd37and:&cfff &cf00lost&cfff [sng-lifts] 2
(andeh): >&cd37and:&cfff &cf00lost&cfff [sng-lifts] 2
(andeh): >&cd37and:&cfff &cf00lost&cfff [sng-lifts] 2
(lethalwiz): >&c599lwz:&cfff 0/-25 &cf60rl&cfff&cf31:15&cfff [ring] 
(Nidweyr): > &c0aa nid&cfff 0/32 &cf60rl&cfff:18 &c399lg&cfff:24 [ra-tunnel]
(goblin): >&c599gob:&cfff 0/100 [quad] &c05fquad&cfff
(rio): >&c957rio&r &c991y&cfff&cf6618&r/&cf6614&r &cf31rl&cfff&cf31:5&r [bridge-stairs] &rneed armor health
(rio): >&c957rio&r &c991y&cfff&cf6618&r/&cf6614&r &cf31rl&cfff&cf31:5&r [bridge-high] &rneed armor health
(andeh): >&cd37and:&cfff &cf00lost&cfff [ra] 2
(andeh): >&cd37and:&cfff &cf00lost&cfff [ra] 2
(andeh): >&cd37and:&cfff &cf00lost&cfff [ra] 2
(andeh): >&cd37and:&cfff &cf00lost&cfff [ra] 2
(andeh): >&cd37and:&cfff 0/100 [water] 
(lethalwiz): >&c599lwz:&cfff 0/-21 ssg [ya] c:6 
(andeh): >&cd37and:&cfff took &cf60lg&cfff [water-lg]
(andeh): >&cd37and:&cfff took &cf60lg&cfff [water-lg]
(goblin): >&c599gob:&cfff &cf00lost&cfff [sng-tele] 2
(rio): >&c957rio&r &c991y&cfff&cfff107&r/&cf6629&r &cf31rl&cfff&cf31:7&r [window] &rneed health
(goblin): >&c599gob:&cfff 0/100 &cf31rl&cfff&cf31:5&cfff [bridge-stairs] 
(goblin): >&c599gob:&cfff 0/100 &cf31rl&cfff&cf31:5&cfff [ya] 
(goblin): >&c599gob:&cfff &c991y&cfff150/100 &cf31rl&cfff&cf31:5&cfff [ya-box] 
(rio): >&c957rio&r &c991y&cfff&cf6627&r/&cfff80&r &cf31rl&cfff&cf31:5&r [lifts] &rneed armor
(andeh): >&cd37and:&cfff &cf00lost&cfff [window] 1
(andeh): >&cd37and:&cfff &cf00lost&cfff [window] 1
(rio): >&c957rio&r &c991y&cfff&cf6627&r/&cfff80&r &cf31rl&cfff&cf31:15&r [sng] &rneed armor
(andeh): >&cd37and:&cfff 0/200 [water] 
(andeh): >&cd37and:&cfff 0/200 [water] 
[15] minutes remaining
Team [=s=] leads by 1 frag
(rio): > &c1ff>&r &cf2apack&cfff &c777at&r [pent]
(lethalwiz): >&c599lwz:&cfff 0/-8 &cf60rl&cfff&cf31:5&cfff [bridge-high] 
(rio): >&c957rio&r &c991y&cfff&cf666&r/&cfff249&r &cf31rl&cfff&cf31:13&r [pent] &rneed armor
(rio): >&c957rio&r &c991y&cfff&cf666&r/&cfff246&r &cf31rl&cfff&cf31:13&r [pent] &rneed armor
(andeh): >&cd37and:&cfff 0/155 [lifts] 
(andeh): >&cd37and:&cfff 0/155 [lifts] 
(andeh): >&cd37and:&cfff 0/153 [lifts-below] 
(lethalwiz): >&c599lwz:&cfff &cf00ra&cfff at [ra]
(lethalwiz): >&c599lwz:&cfff &cf00ra&cfff at [ra]
(rio): >&c957rio&r &c991y&cfff&cf666&r/&cfff235&r &cf31rl&cfff&cf31:13&r [lifts] &rneed armor
(rio): >&c957rio&r &c991y&cfff&cf666&r/&cfff235&r &cf31rl&cfff&cf31:13&r [lifts] &rneed armor
(andeh): >&cd37and:&cfff &cf00lost&cfff [window] 3
(goblin): >&c599gob:&cfff &c931r&cfff200/56 &cf31rl&cfff&cf31:74&cfff &c29flg&cfff&c29f:25&cfff [sng-tele] &cf00pent&cfff
Protection is almost burned out
(rio): >&c957rio&r &c991y&cfff&cf666&r/&cfff209&r &cf31rl&cfff&cf31:18&r [ra] &rneed armor
(andeh): >&cd37and:&cfff 0/100 ng [ya-entry] 
(lethalwiz): >&c599lwz:&cfff 0/-6 sng [water] 
(andeh): >&cd37and:&cfff &cf00lost&cfff [water] 3
(goblin): >&c599gob:&cfff &c931r&cfff196/81 &cf31rl&cfff&cf31:72&cfff &c29flg&cfff&c29f:25&cfff [lifts] 
(goblin): >&c599gob:&cfff &cf2apack&cfff at [bridge-high]
(goblin): >&c599gob:&cfff &cf2apack&cfff at [bridge-high]
[14] minutes remaining
Team [=s=] leads by 5 frags
(goblin): >&c599gob:&cfff &cf31rox&cfff at [ring]
(goblin): >&c599gob:&cfff &c931r&cfff196/81 &cf31rl&cfff&cf31:70&cfff &c29flg&cfff&c29f:25&cfff [quad] 
(andeh): >&cd37and:&cfff 0/20 &cf60rl&cfff&cf60:1&cfff [ya-entry] 
(andeh): >&cd37and:&cfff 0/20 &cf60rl&cfff&cf60:1&cfff [ya-entry] 
(lethalwiz): >&c599lwz:&cfff &cf00lost&cfff [ya-quad] 3
(lethalwiz): >&c599lwz:&cfff &cf00lost&cfff [ya-quad] 3
(goblin): >&c599gob:&cfff &cf31rox&cfff at [quad]
(andeh): >&cd37and:&cfff coming [ra-tunnel]
(goblin): >&c599gob:&cfff &c0b0team&cfff &c05fquad&cfff
(goblin): >&c599gob:&cfff &c0b0team&cfff &c05fquad&cfff
(rio): >&c957rio&r &c931r&cfff&cf6656&r/&cfff100&r &cf31rl&cfff&cf31:4&r &c29flg&cfff&c29f:15&r [ra] &rneed armor
(lethalwiz): >&c599lwz:&cfff &cf00lost&cfff [ya] 3
(goblin): >&c599gob:&cfff 0/113 &cf31rl&cfff&cf31:66&cfff &c29flg&cfff&c29f:3&cfff [ya-box] &c05fquad&cfff
(rio): >&c957rio&r &c931r&cfff&cfff164&r/&cfff92&r &cf31rl&cfff&cf31:8&r &c29flg&cfff&c29f:27&r [sng-mega] &r
Quad Damage is wearing off
(goblin): >&c599gob:&cfff &c931r&cfff200/100 &cf31rl&cfff&cf31:81&cfff &c29flg&cfff&c29f:6&cfff [ra] &c05fquad&cfff
(andeh): >&cd37and:&cfff took &cf2apack&cfff [rl]
(andeh): >&cd37and:&cfff took &cf2apack&cfff [rl]
(andeh): >&cd37and:&cfff &cf00lost&cfff [rl] 2
(andeh): >&cd37and:&cfff &cf00lost&cfff [rl] 2
(lethalwiz): >&c599lwz:&cfff &c991y&cfff139/13 ssg [lifts] 
(lethalwiz): >&c599lwz:&cfff &c991y&cfff139/13 ssg [lifts] 
(andeh): >&cd37and:&cfff 0/100 sg [ya-box] r:5 
(lethalwiz): >&c599lwz:&cfff &c991y&cfff139/13 ssg [lifts] 
(andeh): >&cd37and:&cfff 0/100 sg [ya-box] r:5 
(andeh): >&cd37and:&cfff 0/100 sg [ya-box] r:5 
[13] minutes remaining
Team [=s=] leads by 15 frags
(andeh): >&cd37and:&cfff took &cff0ya&cfff [ya-box]
(goblin): >&c599gob:&cfff rio at [quad]
(rio): >&c957rio&r &c931r&cfff&cfff103&r/&cfff238&r &cf31rl&cfff&cf31:13&r &c29flg&cfff&c29f:22&r [quad] &r
(goblin): >&c599gob:&cfff &c931r&cfff139/87 &cf31rl&cfff&cf31:83&cfff &c29flg&cfff&c29f:25&cfff [quad] 
(andeh): >&cd37and:&cfff &c991y&cfff7/11 &cf60rl&cfff&cf60:8&cfff &cf60lg&cfff&cf60:17&cfff [rl] 
(andeh): >&cd37and:&cfff &c991y&cfff7/11 &cf60rl&cfff&cf60:8&cfff &cf60lg&cfff&cf60:17&cfff [rl] 
(andeh): >&cd37and:&cfff 0/6 &cf60rl&cfff&cf60:8&cfff &cf60lg&cfff&cf60:17&cfff [rl] 
(andeh): >&cd37and:&cfff &cf00lost&cfff [bridge-low] 1
(andeh): >&cd37and:&cfff &cf00lost&cfff [bridge-low] 1
(andeh): >&cd37and:&cfff &cf00lost&cfff [bridge-low] 1
(andeh): >&cd37and:&cfff &c05fquad&cfff at [quad]
(goblin): >&c599gob:&cfff 0/100 [ra-low] 
(goblin): >&c599gob:&cfff &c05fquaded&cfff rio at [ra]
(rio): >&c957rio&r &c00fq&cfff &c931r&cfff&cfff200&r/&cfff168&r &cf31rl&cfff&cf31:9&r &c29flg&cfff&c29f:22&r [quad] &r
Quad Damage is wearing off
(lethalwiz): >&c599lwz:&cfff &c991y&cfff41/42 &cf60rl&cfff&cf31:3&cfff [bridge-high] 
(goblin): >&c599gob:&cfff andeh at [water]
(goblin): >&c599gob:&cfff 0/73 ssg [water-lg] rox:9 c:17 
(andeh): >&cd37and:&cfff you take [water]
(rio): >&cf00rio lost &cf55[&cf99ra&cf55]&r &cf55dropped rl-pack&r
(rio): >&cf00rio lost &cf55[&cf99ra&cf55]&r &cf55dropped rl-pack&r
(lethalwiz): >&c599lwz:&cfff &c991y&cfff109/108 &cf60rl&cfff&cf31:2&cfff [pent] 
(rio): >&cf00rio lost &cf55[&cf99ra&cf55]&r &cf55dropped rl-pack&r
(rio): >&cf00rio lost &cf55[&cf99ra&cf55]&r &cf55dropped rl-pack&r
(rio): >&cf00rio lost &cf55[&cf99ra&cf55]&r &cf55dropped rl-pack&r
(lethalwiz): >&c599lwz:&cfff &c991y&cfff109/107 &cf60rl&cfff&cf31:2&cfff [lifts] 
(andeh): >&cd37and:&cfff coming [ra-tunnel]
(andeh): >&cd37and:&cfff coming [ra-tunnel]
(rio): >&c957rio&r &cfff0&r/&cfff4&r sg [ra-low] &r
(lethalwiz): >&c599lwz:&cfff &c991y&cfff109/106 &cf60rl&cfff&cf31:2&cfff [lifts] 
[12] minutes remaining
Team [=s=] leads by 26 frags
(goblin): >&c599gob:&cfff &c991y&cfff150/100 ssg [ya-box] 
(rio): >&cf00rio lost &cf55[&cf99sng-tele&cf55]&r 
(goblin): >&c599gob:&cfff lethalwiz at [quad]
(goblin): >&c599gob:&cfff &c991y&cfff150/100 ssg [quad] 
(andeh): >&cd37and:&cfff 0/100 [ya-box] 
(lethalwiz): >&c599lwz:&cfff &cf00lost&cfff [ya] 2
(lethalwiz): >&c599lwz:&cfff get &cf00pent&cfff
(andeh): >&cd37and:&cfff 0/100 [window] 
no weapon
(Nidweyr): > &c0aa nid&cfff 0/84 &c77fgl&r:10 [water] &cf13r&cfff:10
(eikooren): >eik: &c0b0safe&cfff &c0b0[&cfffra&c0b0]&cfff &c2aalg&cfff
(Timon): &cf00>tim: lost&cfff &cf00[&cfffhill&cf00]&cfff 3
(Nidweyr): > &c0aa nid&cfff took &c0ffmega&cfff [pent]
(Nidweyr): > &c0aa nid&cfff 0/184 &c77fgl&r:10 [water-tunnel] &cf13r&cfff:10
(Timon): >&c2f2tim:&cfff 0/100 ng [ra.low] 
(Timon): >&c2f2tim:&cfff 0/100 ng [ra.rox] 
(Nidweyr): > &c0aa nid&cfff &c0b0baresi&cfff take [ra]
(eikooren): >eik: took rox [ra.rox]
(Timon): &cf00>tim: lost&cfff &cf00[&cfffya&cf00]&cfff 4
(Nidweyr): > &c0aa nid&cfff 0/100 [ra]
(eikooren): >eik: &cf00lost&cfff &cf00[&cfffya.box&cf00]&cfff 2
(rio): >&cf00rio lost &cf55[&cf99ra-entry&cf55]&r 
[11] minutes remaining
Team [=s=] leads by 19 frags
(lethalwiz): >&c599lwz:&cfff &c991y&cfff150/105 &cf60rl&cfff&cf31:25&cfff &cf60lg&cfff&c29f:38&cfff [lifts] 
(andeh): >&cd37and:&cfff 0/100 [rl] 
(goblin): >&c599gob:&cfff 0/100 [sng-tele] 
(lethalwiz): >&c599lwz:&cfff 0/-10 &cf60rl&cfff&cf31:22&cfff &cf60lg&cfff&c29f:26&cfff [hill] 
(Timon): >&c2f2tim:&cfff 0/15 &c2aalg&cfff:35 [ra.tunnel] 
(Timon): >&c2f2tim:&cfff &cf30coming&cfff [ra.tunnel]
(Timon): &c0b0>tim: safe&cfff &c0b0[&cfffra.tunnel&c0b0]&cfff
(Timon): &c0b0>tim: safe&cfff &c0b0[&cfffsng.tele&c0b0]&cfff
(Timon): >&c2f2tim:&cfff 0/80 &c2aalg&cfff:47 [sng.low] 
(Timon): &c0b0>tim: safe&cfff &c0b0[&cfffsng.mega&c0b0]&cfff
(Nidweyr): > &c0aa nid&cfff &cf00lost&cfff &cf00[&cfffra&cf00]&cfff 2
(eikooren): >eik: &cff069&cfff/53 ssg:36 [rl]
(baresi): >&ce26brs:&cfff 0/64 &cf13rl&cfff:66 [ya] &c2aac&cfff:31 &c05fquad&cfff&cf000&cfff 
(Timon): >&c2f2tim:&cfff 0/80 &c2aalg&cfff:47 [ring] 
no weapon
(goblin): >&c599gob:&cfff took &c29flg&cfff [water-lg]
(andeh): >&cd37and:&cfff took &c0ffmega&cfff [sng-mega]
(andeh): >&cd37and:&cfff took &c0ffmega&cfff [sng-mega]
(rio): >&c957rio&r &cfff0&r/&cfff88&r sg [quad] &r
(goblin): >&c599gob:&cfff 0/186 &c29flg&cfff&c29f:27&cfff [pent] 
(rio): >&cf00rio lost &cf55[&cf99ya-up&cf55]&r 
(rio): > &c05fquad&cfff &c00fover&r
(goblin): >&c599gob:&cfff 0/250 &c29flg&cfff&c29f:27&cfff [pent] 
(goblin): >&c599gob:&cfff 0/249 &c29flg&cfff&c29f:27&cfff [pent] 
[10] minutes remaining
Team [=s=] leads by 12 frags
(goblin): >&c599gob:&cfff 0/226 &c29flg&cfff&c29f:27&cfff [lifts] 
(andeh): >&cd37and:&cfff &cf00lost&cfff [ring] 1
(goblin): >&c599gob:&cfff 0/214 &cf31rl&cfff&cf31:11&cfff &c29flg&cfff&c29f:19&cfff [pent] &cf00pent&cfff
(goblin): >&c599gob:&cfff 0/214 &cf31rl&cfff&cf31:11&cfff &c29flg&cfff&c29f:19&cfff [pent] &cf00pent&cfff
(andeh): >&cd37and:&cfff took &cf60lg&cfff [water-lg]
(andeh): >&cd37and:&cfff took &cf60lg&cfff [water-lg]
(andeh): >&cd37and:&cfff took &cf60lg&cfff [water-lg]
(lethalwiz): >&c599lwz:&cfff 0/100 [quad] &cff0ring&cfff
(andeh): >&cd37and:&cfff took &cf60rl&cfff [rl]
(lethalwiz): >&c599lwz:&cfff 0/100 [quad] &c05fquad&cfff/&cff0ring&cfff
(rio): >&c957rio&r &cf660&r/&cfff88&r &cf31rl&cfff&cf31:38&r [ra] &rneed armor
(rio): >&c957rio&r took &ce00ra&cfff [ra]
(andeh): >&cd37and:&cfff &c991y&cfff125/62 &cf60rl&cfff&cf60:3&cfff [rl] 
(andeh): >&cd37and:&cfff &c991y&cfff125/62 &cf60rl&cfff&cf60:3&cfff [rl] 
(andeh): >&cd37and:&cfff &c991y&cfff125/62 &cf60rl&cfff&cf60:3&cfff [rl] 
(rio): >&c957rio&r &c931r&cfff&cfff200&r/&cfff88&r &cf31rl&cfff&cf31:38&r [ra] &r
(andeh): >&cd37and:&cfff &c991y&cfff125/62 &cf60rl&cfff&cf60:3&cfff [bridge-high] 
Protection is almost burned out
(lethalwiz): >&c599lwz:&cfff ssg at [ya]
(lethalwiz): >&c599lwz:&cfff ssg at [ya]
(lethalwiz): >&c599lwz:&cfff ssg at [ya]
(andeh): >&cd37and:&cfff &c991y&cfff125/77 &cf60rl&cfff&cf60:8&cfff [ya] 
(andeh): >&cd37and:&cfff &c0b0safe&cfff [ya]
(andeh): >&cd37and:&cfff &c0b0safe&cfff [ya-up]
(goblin): >&c599gob:&cfff 0/146 &cf31rl&cfff&cf31:3&cfff &c29flg&cfff&c29f:16&cfff [ra-entry] 
(goblin): >&c599gob:&cfff rio at [ra]
(andeh): >&cd37and:&cfff &c991y&cfff125/77 &cf60rl&cfff&cf60:6&cfff [ya-quad] 
(goblin): >&c599gob:&cfff took &ce00ra&cfff [ra]
(goblin): >&c599gob:&cfff &c931r&cfff200/126 &cf31rl&cfff&cf31:3&cfff &c29flg&cfff&c29f:16&cfff [ra] 
(lethalwiz): >&c599lwz:&cfff &cf00lost&cfff [bridge-low] 2
(lethalwiz): >&c599lwz:&cfff &cf00lost&cfff [bridge-low] 2
(andeh): >&cd37and:&cfff &c0b0safe&cfff [ya]
(andeh): >&cd37and:&cfff &c0b0safe&cfff [ya]
(lethalwiz): >&c599lwz:&cfff 0/-4 &cf60rl&cfff&cf31:4&cfff [rl] 
(goblin): >&c599gob:&cfff &cf2apack&cfff at [sng-ledge]
(goblin): >&c599gob:&cfff &cf2apack&cfff at [sng-ledge]
(goblin): >&c599gob:&cfff &cf2apack&cfff at [sng-low]
(goblin): >&c599gob:&cfff &cf2apack&cfff at [sng-low]
(lethalwiz): >&c599lwz:&cfff 0/-8 [rl] 
[9] minutes remaining
Team [=s=] leads by 22 frags
(lethalwiz): >&c599lwz:&cfff 0/100 &cf60rl&cfff&cf31:64&cfff [sng-low] 
(lethalwiz): >&c599lwz:&cfff 0/100 &cf60rl&cfff&cf31:64&cfff [sng-low] 
(lethalwiz): >&c599lwz:&cfff 0/100 &cf60rl&cfff&cf31:64&cfff [sng-low] 
(lethalwiz): >&c599lwz:&cfff 0/92 &cf60rl&cfff&cf31:62&cfff [sng-tele] 
(andeh): >&cd37and:&cfff &c991y&cfff130/62 &cf60rl&cfff&cf60:10&cfff [ya-quad] 
(eikooren): >eik: 0/100 &c2aalg&cfff:15 [ra.tunnel]
(andeh): >&cd37and:&cfff &c991y&cfff35/1 &cf60rl&cfff&cf60:7&cfff [hill] 
(lethalwiz): >&c599lwz:&cfff &c931r&cfff200/92 &cf60rl&cfff&cf31:62&cfff [ra] 
(lethalwiz): >&c599lwz:&cfff &c931r&cfff200/92 &cf60rl&cfff&cf31:62&cfff [ra-low] 
(andeh): >&cd37and:&cfff &cf00lost&cfff [bridge-low] 1
(andeh): >&cd37and:&cfff &cf00lost&cfff [bridge-low] 1
(andeh): >&cd37and:&cfff &cf00lost&cfff [bridge-low] 1
(goblin): >&c599gob:&cfff 0/170 &cf31rl&cfff&cf31:16&cfff &c29flg&cfff&c29f:4&cfff [sng-mega] 
(andeh): >&cd37and:&cfff 0/100 [ra] 
(rio): >&c957rio&r &c931r&cfff&cf6628&r/&cfff139&r &cf31rl&cfff&cf31:14&r &c29flg&cfff&c29f:46&r [ra-tunnel] &rneed armor
(rio): >&c957rio&r &c931r&cfff&cf6628&r/&cfff139&r &cf31rl&cfff&cf31:14&r &c29flg&cfff&c29f:46&r [ra-tunnel] &rneed armor
(andeh): >&cd37and:&cfff &cf00lost&cfff [ya-quad] 2
(goblin): >&c599gob:&cfff 0/136 &cf31rl&cfff&cf31:20&cfff &c29flg&cfff&c29f:13&cfff [ra-entry] 
(rio): >&c957rio&r took &ce00ra&cfff [ra]
(lethalwiz): >&c599lwz:&cfff 0/-22 &cf60rl&cfff&cf31:49&cfff [bridge-low] 
(goblin): >&c599gob:&cfff 0/126 &cf31rl&cfff&cf31:18&cfff &c29flg&cfff&c29f:10&cfff [ring] 
(goblin): >&c599gob:&cfff 0/123 &cf31rl&cfff&cf31:16&cfff &c29flg&cfff&c29f:10&cfff [ra-entry] 
(andeh): >&cd37and:&cfff &cf00lost&cfff [rl] 2
(andeh): >&cd37and:&cfff &cf00lost&cfff [rl] 2
(andeh): >&cd37and:&cfff 0/41 [bridge-high] 
(rio): >&c957rio&r &c931r&cfff&cfff200&r/&cfff100&r &cf31rl&cfff&cf31:11&r &c29flg&cfff&c29f:46&r [sng-ledge] &r
[8] minutes remaining
Team [=s=] leads by 30 frags
(andeh): >&cd37and:&cfff 0/81 [ya-box] 
(goblin): >&c599gob:&cfff took &ce00ra&cfff [ra]
(goblin): >&c599gob:&cfff took &ce00ra&cfff [ra]
(goblin): >&c599gob:&cfff &cf2apack&cfff at [quad]
(goblin): >&c599gob:&cfff &cf2apack&cfff at [quad]
(andeh): >&cd37and:&cfff &c991y&cfff150/81 [rl] 
(andeh): >&cd37and:&cfff &c991y&cfff150/81 [rl] 
(andeh): >&cd37and:&cfff &c991y&cfff150/81 [rl] 
(andeh): >&cd37and:&cfff &c991y&cfff90/45 [rl] 
(andeh): >&cd37and:&cfff took &cf60rl&cfff [rl]
(andeh): >&cd37and:&cfff took &cf60rl&cfff [rl]
(Timon): &c0b0>tim: safe&cfff &c0b0[&cfffsng.mega&c0b0]&cfff
(Nidweyr): > &c0aa nid&cfff 0/58 &c77fgl&r:13 [sng] &cf13r&cfff:13
(baresi): >&ce26brs:&cfff &cf00lost&cfff &cf00[&cfffrl&cf00]&cfff &cf001&cfff
(Timon): &cf00>tim: dropped&cfff &c2aalg&cfff &cf00[&cfffra.low&cf00]&cfff 1
no weapon
(rio): >&cf00rio lost &cf55[&cf99ra-rox&cf55]&r 
(rio): >&cf00rio lost &cf55[&cf99ra-rox&cf55]&r 
(goblin): >&c599gob:&cfff 0/100 [lifts-below] 
(lethalwiz): >&c599lwz:&cfff &cf00lost&cfff [rl] 2
(andeh): >&cd37and:&cfff &c991y&cfff40/55 &cf60rl&cfff&cf60:35&cfff &cf60lg&cfff&cf60:12&cfff [ya-entry] 
(andeh): >&cd37and:&cfff took &cff0ya&cfff [ya-box]
(goblin): >&c599gob:&cfff 0/3 [water] 
(goblin): >&c599gob:&cfff rio at [water-lg]
(rio): >&c957rio&r &cfff0&r/&cfff100&r sg [water-lg] &r
(rio): > &c1ff>&r cells &c777at&r [water]
(rio): >&c957rio&r took &c29flg&cfff [water-lg]
(goblin): >&c599gob:&cfff 0/100 [ya-box] 
[7] minutes remaining
Team [=s=] leads by 38 frags
(goblin): >&c599gob:&cfff 0/100 sg [water] rox:5 
(goblin): >&c599gob:&cfff took &c299gl&cfff [water-gl]
(goblin): >&c599gob:&cfff 0/100 &c299gl&cfff [water-gl] rox:10 
(andeh): >&cd37and:&cfff &c991y&cfff37/14 &cf60rl&cfff&cf60:35&cfff &cf60lg&cfff&cf60:3&cfff [quad] 
(lethalwiz): >&c599lwz:&cfff &cf00lost&cfff [bridge-low] 2
(lethalwiz): >&c599lwz:&cfff &cf00lost&cfff [bridge-low] 2
(andeh): >&cd37and:&cfff &cf00lost&cfff [quad] 3
(andeh): >&cd37and:&cfff &cf00lost&cfff [quad] 3
(andeh): >&cd37and:&cfff &cf00lost&cfff [quad] 3
(andeh): >&cd37and:&cfff &cf00lost&cfff [quad] 3
(andeh): >&cd37and:&cfff &cf00lost&cfff [quad] 3
(andeh): >&cd37and:&cfff &cf00lost&cfff [quad] 3
no weapon
no weapon
(Timon): &cf00>tim: lost&cfff &cf00[&cfffquad&cf00]&cfff 2
no weapon
(baresi): >&ce26brs:&cfff &cf00lost&cfff &cf00[&cfffquad&cf00]&cfff &cf002&cfff
(Nidweyr): > &c0aa nid&cfff took &cf60rl&cfff [rl]
(Nidweyr): > &c0aa nid&cfff 0/61 &cf60rl&cfff:9 [rl]
(goblin): >&c599gob:&cfff rio at [ra-low]
(andeh): >&cd37and:&cfff &cf00lost&cfff [bridge-low] 2
(rio): >&c957rio&r &c931r&cfff&cf6642&r/&cfff69&r &c29flg&cfff&c29f:61&r [ra] &rneed armor
(rio): >&c957rio&r took &ce00ra&cfff [ra]
(lethalwiz): >&c599lwz:&cfff &cf00lost&cfff [ya-entry] 3
(goblin): >&c599gob:&cfff 0/95 sng [bridge-low] c:12 
(goblin): >&c599gob:&cfff lethalwiz at [rl]
[6] minutes remaining
Team [=s=] leads by 38 frags
(goblin): >&c599gob:&cfff 0/15 &cf31rl&cfff&cf31:3&cfff [ya] 
(andeh): >&cd37and:&cfff 0/2 ng [ya-quad] 
(rio): >&c957rio&r &c931r&cfff&cf6648&r/&cfff129&r &c29flg&cfff&c29f:40&r [ring] &rneed armor
(rio): > &c1ff>&r &cf2apack&cfff &c777at&r [ra-entry]
(goblin): >&c599gob:&cfff &c991y&cfff123/38 &cf31rl&cfff&cf31:5&cfff [window] 
(goblin): >&c599gob:&cfff &c991y&cfff97/22 &cf31rl&cfff&cf31:3&cfff [sng-lifts] 
(goblin): >&c599gob:&cfff &c991y&cfff97/22 &cf31rl&cfff&cf31:3&cfff [sng-lifts] 
(lethalwiz): >&c599lwz:&cfff &cf00lost&cfff [hill] 4
(goblin): >&c599gob:&cfff &c991y&cfff97/62 &cf31rl&cfff&cf31:13&cfff [sng] 
(rio): >&c957rio&r &c00fq&cfff &c931r&cfff&cfff196&r/&cf6634&r &c29flg&cfff&c29f:28&r [quad] &rneed health
(goblin): >&c599gob:&cfff &c991y&cfff97/87 &cf31rl&cfff&cf31:13&cfff [sng-tele] 
(lethalwiz): >&c599lwz:&cfff &cf00lost&cfff [ya-box] 1
(lethalwiz): >&c599lwz:&cfff &cf00lost&cfff [ya-box] 1
(lethalwiz): >&c599lwz:&cfff &cf00lost&cfff [ya-box] 1
(lethalwiz): >&c599lwz:&cfff &cf00lost&cfff [ya-box] 1
(lethalwiz): >&c599lwz:&cfff &cf00lost&cfff [ya-box] 2
(goblin): >&c599gob:&cfff &c991y&cfff97/87 &cf31rl&cfff&cf31:13&cfff [ra] 
(rio): >&c957rio&r &c00fq&cfff &c931r&cfff&cfff196&r/&cfff74&r &c29flg&cfff&c29f:40&r [ya-quad] &r
(andeh): >&cd37and:&cfff 0/28 [water] 
(goblin): >&c599gob:&cfff &c0b0safe&cfff [ra]
(goblin): >&c599gob:&cfff &c0b0safe&cfff [ra]
(goblin): >&c599gob:&cfff took &ce00ra&cfff [ra]
(goblin): >&c599gob:&cfff &c931r&cfff200/87 &cf31rl&cfff&cf31:13&cfff [ra] 
(lethalwiz): >&c599lwz:&cfff 0/100 [ra-tunnel] 
(andeh): >&cd37and:&cfff &cf00lost&cfff [water] 4
(andeh): >&cd37and:&cfff &cf00lost&cfff [water] 4
(andeh): >&cd37and:&cfff &cf00lost&cfff [water] 4
(goblin): >&c599gob:&cfff &c931r&cfff200/87 &cf31rl&cfff&cf31:13&cfff [ra-low] 
Quad Damage is wearing off
[5] minutes remaining
Team [=s=] leads by 43 frags
baresi: hahaah
baresi: so lucky
(goblin): >&c599gob:&cfff &c931r&cfff169/79 &cf31rl&cfff&cf31:14&cfff [ring] 
(lethalwiz): >&c599lwz:&cfff &c931r&cfff196/99 [ring] &cff0ring&cfff
(rio): >&c957rio&r &cf00p&cfff &cf660&r/&cf6635&r &cf31rl&cfff&cf31:98&r &c29flg&cfff&c29f:21&r [window] &rneed armor health
(andeh): >&cd37and:&cfff 0/100 [ring] 
(lethalwiz): >&c599lwz:&cfff &c0ffmega&cfff at [hill]
(lethalwiz): >&c599lwz:&cfff &c0ffmega&cfff at [hill]
(lethalwiz): >&c599lwz:&cfff &c0ffmega&cfff at [hill]
(andeh): >&cd37and:&cfff 0/100 ssg [ya-box] 
(andeh): >&cd37and:&cfff 0/100 ssg [ya-box] 
(goblin): >&c599gob:&cfff &c931r&cfff139/73 &cf31rl&cfff&cf31:9&cfff [ra] 
(andeh): >&cd37and:&cfff 0/100 ssg [ya] 
(andeh): >&cd37and:&cfff 0/100 ssg [ya] 
(goblin): >&c599gob:&cfff &c931r&cfff139/73 &cf31rl&cfff&cf31:14&cfff [ra-rox] 
(andeh): >&cd37and:&cfff 0/43 ssg [ya] r:5 
(andeh): >&cd37and:&cfff 0/43 ssg [ya] r:5 
(lethalwiz): >&c599lwz:&cfff &cf00lost&cfff [rl] 2
(lethalwiz): >&c599lwz:&cfff &cf00lost&cfff [rl] 2
Protection is almost burned out
(andeh): >&cd37and:&cfff took &cff0ya&cfff [ya-box]
(andeh): >&cd37and:&cfff took &cff0ya&cfff [ya-box]
(rio): >&c957rio&r &c00fq&cfff &c931r&cfff&cfff200&r/&cf6635&r &cf31rl&cfff&cf31:95&r &c29flg&cfff&c29f:15&r [ra] &rneed health
(lethalwiz): >&c599lwz:&cfff 0/100 &cf60rl&cfff&cf31:13&cfff [ra] 
(lethalwiz): >&c599lwz:&cfff 0/100 &cf60rl&cfff&cf31:13&cfff [ra] 
Quad Damage is wearing off
(andeh): >&cd37and:&cfff &cf00lost&cfff [water] 1
(andeh): >&cd37and:&cfff &cf00lost&cfff [water] 1
(lethalwiz): >&c599lwz:&cfff &c931r&cfff200/100 &cf60rl&cfff&cf31:11&cfff [ra] 
(lethalwiz): >&c599lwz:&cfff &c931r&cfff200/100 &cf60rl&cfff&cf31:11&cfff [ra-low] 
[4] minutes remaining
Team [=s=] leads by 52 frags
(goblin): >&c599gob:&cfff took &cf31rl&cfff [rl]
(goblin): >&c599gob:&cfff took &cf31rl&cfff [rl]
(goblin): >&c599gob:&cfff took &cf31rl&cfff [rl]
(lethalwiz): >&c599lwz:&cfff &c931r&cfff200/100 &cf60rl&cfff&cf31:16&cfff [ra-rox] 
(rio): >&c957rio&r &c931r&cfff&cfff180&r/&cfff96&r &cf31rl&cfff&cf31:92&r &c29flg&cfff&c29f:24&r [sng] &r
(lethalwiz): >&c599lwz:&cfff &c931r&cfff200/100 &cf60rl&cfff&cf31:16&cfff [ra-low] 
(rio): >&c957rio&r &c931r&cfff&cfff180&r/&cfff196&r &cf31rl&cfff&cf31:92&r &c29flg&cfff&c29f:24&r [sng-tele] &r
(rio): >&c957rio&r &c931r&cfff&cfff180&r/&cfff196&r &cf31rl&cfff&cf31:92&r &c29flg&cfff&c29f:24&r [sng-tele] &r
(andeh): >&cd37and:&cfff &cf00lost&cfff [ya-box] 1
(andeh): >&cd37and:&cfff &cf00lost&cfff [ya-box] 1
(lethalwiz): >&c599lwz:&cfff &c931r&cfff200/100 &cf60rl&cfff&cf31:21&cfff [quad] 
(lethalwiz): >&c599lwz:&cfff &c931r&cfff200/100 &cf60rl&cfff&cf31:21&cfff [quad] 
(lethalwiz): >&c599lwz:&cfff &c931r&cfff200/100 &cf60rl&cfff&cf31:21&cfff [quad] 
(rio): >&c957rio&r &c931r&cfff&cfff127&r/&cfff178&r &cf31rl&cfff&cf31:90&r &c29flg&cfff&c29f:36&r [ring] &r
(rio): >&c957rio&r &c931r&cfff&cfff127&r/&cfff177&r &cf31rl&cfff&cf31:90&r &c29flg&cfff&c29f:36&r [ring] &r
(rio): >&c957rio&r &c931r&cfff&cfff127&r/&cfff176&r &cf31rl&cfff&cf31:90&r &c29flg&cfff&c29f:36&r [quad] &r
(goblin): >&c599gob:&cfff 0/100 [sng-tele] 
(andeh): >&cd37and:&cfff &cf00lost&cfff [water-lg] 3
(andeh): >&cd37and:&cfff &cf00lost&cfff [water-lg] 3
(andeh): >&cd37and:&cfff &cf00lost&cfff [water-lg] 3
(goblin): >&c599gob:&cfff 0/100 ssg [ya-box] 
(goblin): >&c599gob:&cfff took &cff0ya&cfff [ya-box]
(goblin): >&c599gob:&cfff &c991y&cfff150/100 ssg [bridge-high] 
(rio): >&c957rio&r &c00fq&cfff &c931r&cfff&cfff91&r/&cfff160&r &cf31rl&cfff&cf31:90&r &c29flg&cfff&c29f:31&r [ring] &r
(rio): >&c957rio&r took &cf2apack&cfff [quad]
(rio): >&c957rio&r took &cf2apack&cfff [quad]
(rio): >&c957rio&r took &cf2apack&cfff [quad]
(rio): >&c957rio&r &c00fq&cfff &c931r&cfff&cfff91&r/&cfff158&r &cf31rl&cfff&cf31:90&r &c29flg&cfff&c29f:31&r [ring] &r
(lethalwiz): >&c599lwz:&cfff &c931r&cfff200/197 &cf60rl&cfff&cf31:18&cfff [bridge-high] 
(goblin): >&c599gob:&cfff took &c29flg&cfff [water-lg]
(goblin): >&c599gob:&cfff &c991y&cfff150/100 &c29flg&cfff&c29f:50&cfff [hill] 
(rio): >&c957rio&r took &ce00ra&cfff [ra]
(rio): >&c957rio&r &c00fq&cfff &c931r&cfff&cfff196&r/&cfff137&r &cf31rl&cfff&cf31:89&r &c29flg&cfff&c29f:25&r [ring] &r
(lethalwiz): >&c599lwz:&cfff &c931r&cfff200/185 &cf60rl&cfff&cf31:17&cfff [ya] 
(andeh): >&cd37and:&cfff &cf00lost&cfff [water-lg] 1
(andeh): >&cd37and:&cfff 0/100 [ra-tunnel] 
Quad Damage is wearing off
(goblin): >&c599gob:&cfff &c991y&cfff108/83 &c29flg&cfff&c29f:45&cfff [ra] 
(goblin): >&c599gob:&cfff &c991y&cfff108/83 &c29flg&cfff&c29f:45&cfff [ra] 
(lethalwiz): >&c599lwz:&cfff &c991y&cfff150/146 &cf60rl&cfff&cf31:14&cfff [ya-box] 
(rio): >&c957rio&r &c931r&cfff&cfff88&r/&cfff100&r &cf31rl&cfff&cf31:87&r &c29flg&cfff&c29f:17&r [quad] &r
(andeh): >&cd37and:&cfff took &cf2apack&cfff [ya-entry]
(andeh): >&cd37and:&cfff took &cf2apack&cfff [ya-entry]
(goblin): >&c599gob:&cfff took &ce00ra&cfff [ra]
(goblin): >&c599gob:&cfff rio at [ra]
(andeh): >&cd37and:&cfff 0/10 &cf60rl&cfff&cf60:3&cfff [window] 
[3] minutes remaining
Team [=s=] leads by 64 frags
(andeh): >&cd37and:&cfff 0/50 &cf60rl&cfff&cf60:8&cfff [ra-entry] 
(andeh): >&cd37and:&cfff 0/50 &cf60rl&cfff&cf60:8&cfff [ra] 
(andeh): >&cd37and:&cfff 0/50 &cf60rl&cfff&cf60:8&cfff [ra] 
(goblin): >&c599gob:&cfff &c931r&cfff155/91 &c29flg&cfff&c29f:39&cfff [ring] 
(goblin): >&c599gob:&cfff rio at [quad]
(andeh): >&cd37and:&cfff took &cf00ra&cfff [ra]
(lethalwiz): >&c599lwz:&cfff &c991y&cfff122/91 &cf60rl&cfff&cf31:7&cfff [ya] 
(lethalwiz): >&c599lwz:&cfff &c991y&cfff122/91 &cf60rl&cfff&cf31:7&cfff [ya] 
(goblin): >&c599gob:&cfff &c931r&cfff124/86 &c29flg&cfff&c29f:36&cfff [quad] &c05fquad&cfff
(goblin): >&c599gob:&cfff &c0b0team&cfff &c05fquad&cfff
(goblin): >&c599gob:&cfff &c0b0team&cfff &c05fquad&cfff
(lethalwiz): >&c599lwz:&cfff &c991y&cfff122/91 &cf60rl&cfff&cf31:6&cfff [ya] 
(lethalwiz): >&c599lwz:&cfff &cf2apack&cfff at [ya]
(lethalwiz): >&c599lwz:&cfff &cf2apack&cfff at [ya]
(andeh): >&cd37and:&cfff &c931r&cfff1/66 &cf60rl&cfff&cf60:6&cfff [ra-low] 
(goblin): >&c599gob:&cfff 0/32 &cf31rl&cfff&cf31:41&cfff &c29flg&cfff&c29f:37&cfff [water-tunnel] &c05fquad&cfff
(goblin): >&c599gob:&cfff 0/32 &cf31rl&cfff&cf31:41&cfff &c29flg&cfff&c29f:37&cfff [water-tunnel] &c05fquad&cfff
(lethalwiz): >&c599lwz:&cfff &c991y&cfff64/46 &cf60rl&cfff&cf31:3&cfff [ra-tunnel] 
(goblin): >&c599gob:&cfff 0/132 &cf31rl&cfff&cf31:40&cfff &c29flg&cfff&c29f:37&cfff [pent] &c05fquad&cfff
(andeh): >&cd37and:&cfff &c931r&cfff193/2 &cf60rl&cfff&cf60:9&cfff &cf60lg&cfff&cf60:15&cfff [ra] 
(andeh): >&cd37and:&cfff &c931r&cfff193/2 &cf60rl&cfff&cf60:9&cfff &cf60lg&cfff&cf60:15&cfff [ra-rox] 
(rio): >&c957rio&r &c931r&cfff&cf6668&r/&cfff100&r &cf31rl&cfff&cf31:84&r &c29flg&cfff&c29f:17&r [ya-box] &rneed armor
(rio): >&c957rio&r &c931r&cfff&cf6668&r/&cfff100&r &cf31rl&cfff&cf31:84&r &c29flg&cfff&c29f:17&r [ya-box] &rneed armor
(goblin): >&c599gob:&cfff 0/132 &cf31rl&cfff&cf31:40&cfff &c29flg&cfff&c29f:37&cfff [lifts] &c05fquad&cfff
(lethalwiz): >&c599lwz:&cfff 0/-15 &cf60rl&cfff&cf31:2&cfff [sng-tele] 
(goblin): >&c599gob:&cfff 0/132 &cf31rl&cfff&cf31:40&cfff &c29flg&cfff&c29f:37&cfff [lifts] &c05fquad&cfff
(andeh): >&cd37and:&cfff &cf00lost&cfff [sng-tele] 2
(lethalwiz): >&c599lwz:&cfff 0/100 [sng-tele] 
eikooren: ((:
Quad Damage is wearing off
(lethalwiz): >&c599lwz:&cfff &cf00lost&cfff [ring] 1
(goblin): >&c599gob:&cfff 0/129 &cf31rl&cfff&cf31:40&cfff &c29flg&cfff&c29f:37&cfff [lifts] &c05fquad&cfff
[2] minutes remaining
Team [=s=] leads by 79 frags
(rio): >&cf00rio lost &cf55[&cf99ya-box&cf55]&r &cf55dropped rl-pack&r
(rio): >&cf00rio lost &cf55[&cf99ya-box&cf55]&r &cf55dropped rl-pack&r
(rio): >&cf00rio lost &cf55[&cf99ya-box&cf55]&r &cf55dropped rl-pack&r
(andeh): >&cd37and:&cfff 0/100 [bridge-high] 
(goblin): >&c599gob:&cfff 0/37 &cf31rl&cfff&cf31:39&cfff &c29flg&cfff&c29f:37&cfff [sng-tele] 
(goblin): >&c599gob:&cfff 0/37 &cf31rl&cfff&cf31:39&cfff &c29flg&cfff&c29f:37&cfff [sng-tele] 
(andeh): >&cd37and:&cfff &cf00lost&cfff [ya] 1
(andeh): >&cd37and:&cfff &cf00lost&cfff [ya] 1
(andeh): >&cd37and:&cfff &cf00lost&cfff [ya] 1
(rio): >&c957rio&r &cfff0&r/&cfff100&r sg [bridge-high] &r
(lethalwiz): >&c599lwz:&cfff &cf00lost&cfff [ya-box] 1
(goblin): >&c599gob:&cfff 0/37 &cf31rl&cfff&cf31:39&cfff &c29flg&cfff&c29f:37&cfff [sng-lifts] 
(rio): >&c957rio&r took &cff0ya&cfff [ya-box]
(lethalwiz): >&c599lwz:&cfff &cf00lost&cfff [ya-box] 0
(goblin): >&c599gob:&cfff 0/177 &cf31rl&cfff&cf31:39&cfff &c29flg&cfff&c29f:34&cfff [sng-mega] 
(andeh): >&cd37and:&cfff &c05fquad&cfff at [quad]
(andeh): >&cd37and:&cfff &c05fquad&cfff at [quad]
(eikooren): >eik: &c0b0team&cfff quad [quad]
(baresi): >&ce26brs:&cfff took &cf00ra&cfff [ra]
(Nidweyr): > &c0aa nid&cfff 0/100 [ya]
(Timon): &c0b0>tim: safe&cfff &c0b0[&cfffra.low&c0b0]&cfff
(Nidweyr): > &c0aa nid&cfff 0/100 [ya]
(Nidweyr): > &c0aa nid&cfff &c0b0safe&cfff &c0b0[&cfffya&c0b0]&cfff 
(Timon): >&c2f2tim:&cfff 0/58 &c2aalg&cfff:53 [ra] 
(eikooren): >eik: quad over &cf00DROPPED &cf13rl&cfff &cf00[&cfffbridge.low&cf00]&cfff 1
(eikooren): >eik: coming [hill]
(eikooren): >eik: &cf00lost&cfff &cf00[&cfffhill&cf00]&cfff 2
[1] minute remaining
Team [=s=] leads by 66 frags
(eikooren): >eik: 0/96 [ra.low]
(Timon): &c0b0>tim: safe&cfff &c0b0[&cfffquad&c0b0]&cfff
(Timon): >&c2f2tim:&cfff &ce00146&cfff/47 &c2aalg&cfff:34 [ra.tunnel] 
(Timon): &c0b0>tim: safe&cfff &c0b0[&cfffsng.tele&c0b0]&cfff
(eikooren): >eik: &cf00lost&cfff &cf00[&cfffra.low&cf00]&cfff 1
(Timon): >&c2f2tim:&cfff &ce003&cfff/37 &cf13rl&cfff:59 &c2aalg&cfff:5 [window] 
(Timon): &c0b0>tim: safe&cfff &c0b0[&cfffwindow&c0b0]&cfff
(Timon): >&c2f2tim:&cfff &cf00enemy&cfff at [window]
(eikooren): >eik: &c0b0safe&cfff &c0b0[&cfffra.low&c0b0]&cfff 
(Timon): >&c2f2tim:&cfff 0/35 &cf13rl&cfff:57 &c2aalg&cfff:5 [pent] 
[30] seconds
(eikooren): >eik: &c0b0safe&cfff &c0b0[&cfffra.low&c0b0]&cfff 
baresi: ?
[15] seconds
(eikooren): >eik: &cf00lost&cfff &cf00[&cfffra.rox&cf00]&cfff 2
(Timon): >&c2f2tim:&cfff 0/35 &cf13rl&cfff:44 &c2aalg&cfff:5 [lifts] 
[10] seconds
[9] seconds
(Nidweyr): > &c0aa nid&cfff &cf00lost&cfff &cf00[&cfffrl&cf00]&cfff 2
[8] seconds
[7] seconds
[6] seconds
(Timon): &c0b0>tim: safe&cfff &c0b0[&cffflifts&c0b0]&cfff
[5] seconds
[4] seconds
(Nidweyr): > &c0aa nid&cfff &cf00lost&cfff &cf00[&cfffbridge-high&cf00]&cfff 3
[3] seconds
[2] seconds
[1] second
The match is over
trigger "onmatchover" has no matching alias

Player statistics:
______________________________________
Frags (rank) friendkills . efficiency
Team [=s=]:
__________
_ rio:
  61 (31) 4 67.0%
Wp: lg33.9% (63/186) rl41.7% gl33.3% sg45.3% ssg42.3%
RL skill: ad:85.5 dh:7
Armr&mhs: ga:0 ya:8 ra:13 mh:11
Powerups: Q:4 P:2 R:0
      RL: Took:6 Killed:8 Dropped:4 Xfer:1
      LG: Took:5 Killed:7 Dropped:0
  Damage: Tkn:6987 Gvn:8023 EWep:2407 Tm:438 Self:303 ToDie:232
    Time: Quad:120
 Streaks: Frags:27 QuadRun:4
  SpawnFrags: 2
__________
_ lethalwiz:
  46 (0) 3 50.0%
Wp: lg28.6% (6/21) rl52.1% gl33.3% sg44.3% ssg27.1%
RL skill: ad:98.3 dh:10
Armr&mhs: ga:0 ya:12 ra:5 mh:8
Powerups: Q:4 P:0 R:2
      RL: Took:8 Killed:5 Dropped:4 Xfer:1
      LG: Took:3 Killed:5 Dropped:2
  Damage: Tkn:7010 Gvn:6992 EWep:1561 Tm:403 Self:765 ToDie:152
    Time: Quad:91
 Streaks: Frags:9 QuadRun:2
  SpawnFrags: 5
__________
_ andeh:
  37 (-32) 1 34.9%
Wp: lg34.0% (16/47) rl70.5% sg52.2% ssg58.7%
RL skill: ad:70.6 dh:2
Armr&mhs: ga:0 ya:7 ra:4 mh:3
Powerups: Q:1 P:0 R:0
      RL: Took:11 Killed:3 Dropped:1 Xfer:1
      LG: Took:8 Killed:5 Dropped:3
  Damage: Tkn:8345 Gvn:7294 EWep:2066 Tm:68 Self:181 ToDie:120
    Time: Quad:18
 Streaks: Frags:7 QuadRun:0
  SpawnFrags: 2
__________
_ goblin:
  72 (40) 1 69.2%
Wp: lg40.2% (74/184) rl63.5% gl18.2% sg38.2% ssg45.7%
RL skill: ad:83.2 dh:6
Armr&mhs: ga:0 ya:7 ra:8 mh:13
Powerups: Q:4 P:2 R:0
      RL: Took:9 Killed:8 Dropped:4 Xfer:2
      LG: Took:4 Killed:5 Dropped:2
  Damage: Tkn:6498 Gvn:8704 EWep:2249 Tm:151 Self:238 ToDie:203
    Time: Quad:77
 Streaks: Frags:17 QuadRun:4
  SpawnFrags: 5

Team [puls]:
__________
_ eikooren:
  30 (-42) 2 29.4%
Wp: lg44.5% (61/137) rl72.7% sg35.0% ssg25.7%
RL skill: ad:89.1 dh:3
Armr&mhs: ga:0 ya:3 ra:3 mh:4
Powerups: Q:1 P:0 R:0
      RL: Took:9 Killed:6 Dropped:5 Xfer:2
      LG: Took:9 Killed:2 Dropped:6
  Damage: Tkn:8337 Gvn:6705 EWep:2699 Tm:274 Self:195 ToDie:115
    Time: Quad:13
 Streaks: Frags:3 QuadRun:2
  SpawnFrags: 1
__________
_ baresi:
  44 (-14) 1 43.1%
Wp: lg63.0% (34/54) rl64.9% sg35.9% ssg39.0%
RL skill: ad:93.2 dh:13
Armr&mhs: ga:0 ya:3 ra:7 mh:3
Powerups: Q:2 P:0 R:1
      RL: Took:11 Killed:11 Dropped:6 Xfer:3
      LG: Took:6 Killed:7 Dropped:3
  Damage: Tkn:7304 Gvn:7657 EWep:3178 Tm:343 Self:285 ToDie:125
    Time: Quad:24
 Streaks: Frags:11 QuadRun:3
  SpawnFrags: 3
__________
_ Timon:
  43 (-11) 1 44.3%
Wp: lg41.9% (93/222) rl27.5% gl23.1% sg41.9% ssg53.1%
RL skill: ad:74.5 dh:3
Armr&mhs: ga:0 ya:5 ra:4 mh:10
Powerups: Q:1 P:0 R:0
      RL: Took:6 Killed:10 Dropped:1
      LG: Took:8 Killed:4 Dropped:4
  Damage: Tkn:7490 Gvn:6782 EWep:3023 Tm:364 Self:164 ToDie:138
    Time: Quad:3
 Streaks: Frags:5 QuadRun:1
  SpawnFrags: 1
__________
_ Nidweyr:
  33 (-27) 4 35.5%
Wp: lg33.3% (10/30) rl71.8% gl19.4% sg49.6% ssg36.0%
RL skill: ad:79.2 dh:7
Armr&mhs: ga:0 ya:6 ra:2 mh:10
Powerups: Q:3 P:0 R:1
      RL: Took:4 Killed:5 Dropped:2
      LG: Took:3 Killed:3 Dropped:0
  Damage: Tkn:7882 Gvn:7696 EWep:2721 Tm:501 Self:159 ToDie:131
    Time: Quad:24
 Streaks: Frags:9 QuadRun:2
  SpawnFrags: 0

______________________________________
[=s=] vs [puls] match statistics:
______________________________________

weapons, powerups, armors&mhs, damage
______________________________________
[=s=]: Wp: lg36% rl25 gl2 sg46% ssg38%
Powerups: Q:13 P:4 R:2
Armr&mhs: ga:0 ya:34 ra:30 mh:35
      RL: Took:34 Killed:24 Dropped:13 Xfer:5
      LG: Took:20 Killed:22 Dropped:7
  Damage: Tkn:28840 Gvn:31013 EWep:8283 Tm:1060
    Time: Quad:308
[puls]: Wp: lg45% rl26 gl6 sg40% ssg37%
Powerups: Q:7 P:0 R:2
Armr&mhs: ga:0 ya:17 ra:16 mh:27
      RL: Took:30 Killed:32 Dropped:14 Xfer:5
      LG: Took:26 Killed:16 Dropped:13
  Damage: Tkn:31013 Gvn:28840 EWep:11621 Tm:1482
    Time: Quad:65
______________________________________
[dm3] top scorers:
______________________________________
      Frags: goblin [72]
     Deaths: eikooren [72]
Friendkills: rio [4]
             Nidweyr [4]
 Efficiency: goblin [69.2%]
 FragStreak: rio [27]
    QuadRun: rio [4]
             goblin [4]
  RL Killer: baresi [11]
Boomsticker: andeh [52.2%]
   Survivor: rio [232]
Annihilator: goblin [8704]

______________________________________

Team scores: frags . percentage
______________________________________
[=s=]: 216 . 59.0%
[puls]: 150 . 41.0%
______________________________________
Statistics stored (matchtag not recognised)
baresi: ggs
Nidweyr: ggs
Timon: ggs
andeh: ggs
]log 3
