Playing demo from 5.mvd


_____________________________________

_The Abandoned Base
splif is ready [+er+]
All players ready
Timer started
QiZmo: timer lag point disabled
Server starts recording (memory): 4on4_+er+_vs_s_[dm3]220120-2206.mvd
matchdate: 2022-01-20 22:06:42 UTC
trigger "onmatchstart" has no matching alias
The match has begun!
(zigg): >zig: 0/100 [sng.tele]
(splif): >spl: __ 0/100 &cf13rl&cfff:5 [rl]
Satan's power deflects splif's telefrag
(hangtime): >&c599han&cfff: 0/38 &c2aass&cfff:100 [ya-box] &cf13r&cfff:6
[19] minutes remaining
Team [=s=] leads by 12 frags
(hangtime): >&c599han&cfff took &cff0ya&cfff [ya-box]
(zigg): >zig: 1 enemy at [ring]
(Wimdowlicker): >wim: &cf00lost&cfff &cf00[&cfffquad&cf00]&cfff 1
(goblin): >&c599gob:&cfff &c931r&cfff196/65 sg [ra] rox:19 c:24 
(goblin): >&c599gob:&cfff you take [ra]
(goblin): >&c599gob:&cfff you take [ra]
(goblin): >&c599gob:&cfff you take [ra]
(rio): >&cfffrio &caaa[&c666hill&caaa] took&r &c0ffmega&cfff
(rio): >&cfa1rio &cfa6[&cfa9ra-tunnel&cfa6] coming&r &cfa60/196&r &c29flg&cfff
(rio): >&cfa1rio &cfa6[&cfa9ra-tunnel&cfa6] coming&r &cfa60/196&r &c29flg&cfff
(rio): >&cfa1rio &cfa6[&cfa9ra-tunnel&cfa6] coming&r &cfa60/196&r &c29flg&cfff
(andeh): >&cd37and:&cfff &cf00lost&cfff [bridge-low] 1
(goblin): >&c599gob:&cfff &c931r&cfff96/70 sg [sng-tele] rox:19 c:24 
(goblin): >&c599gob:&cfff &c931r&cfff46/60 sg [rl] rox:19 c:24 
(rio): >  &c353rio&r [ra] &cfff0&r/&cfff189&r &c29flg&cfff&c29f:30&r &caaaarmor
(rio): >&cfffrio &caaa[&c666ra&caaa] took&r &ce00ra&cfff
(andeh): >&cd37and:&cfff &cf00lost&cfff [rl] 2
(goblin): >&c599gob:&cfff 0/100 [ring] 
(goblin): >&c599gob:&cfff rio at [ya-quad]
(andeh): >&cd37and:&cfff &cf00lost&cfff [water] 3
(andeh): >&cd37and:&cfff &cf00lost&cfff [water] 3
(andeh): >&cd37and:&cfff &cf00lost&cfff [bridge-low] 4
(andeh): >&cd37and:&cfff &cf00lost&cfff [bridge-low] 4
(mOlle): >&c59cmol:&cfff coming [ra-tunnel]
(mOlle): >&c59cmol:&cfff coming [ra-tunnel]
(rio): >  &c353rio&r [ra] &c931r&cfff&cfff110&r/&cfff144&r &c29flg&cfff&c29f:18&r &caaa
[18] minutes remaining
Team [=s=] leads by 13 frags
(andeh): >&cd37and:&cfff &cf00lost&cfff [quad] 3
(andeh): >&cd37and:&cfff &cf00lost&cfff [quad] 3
(andeh): >&cd37and:&cfff &cf00lost&cfff [quad] 3
(zigg): >zig: took &cf13rl&cfff [rl]
(Wimdowlicker): >wim: &cf00lost&cfff &cf00[&cfffquad&cf00]&cfff 2
(Wimdowlicker): >wim: 0/100 sg [lifts] 
(hangtime): >&c599han&cfff: 0/84 [quad] &cf13r&cfff:37 &c2aac&cfff:24
(zigg): >zig: &cf00lost&cfff &cf00[&cfffbridge.high&cf00]&cfff 2
(zigg): >zig: &cf00lost&cfff &cf00[&cfffbridge.high&cf00]&cfff 2
(goblin): >&c599gob:&cfff took &c29flg&cfff [water-lg]
(goblin): >&c599gob:&cfff took &c29flg&cfff [water-lg]
(andeh): >&cd37and:&cfff &cf00lost&cfff [ra-low] 1
(goblin): >&c599gob:&cfff 0/63 &c29flg&cfff&c29f:15&cfff [pent] 
(goblin): >&c599gob:&cfff 0/163 &c29flg&cfff&c29f:15&cfff [pent] 
(rio): >  &c353rio&r [sng-ledge] &cf660&r/&cfff100&r &c29flg&cfff&c29f:20&r &caaaarmor
(andeh): >&cd37and:&cfff 0/24 [ra-entry] 
(mOlle): >&c1ff>&r &c0ffmega&cfff &c777at&r [hill]
(mOlle): >&c1ff>&r &c0ffmega&cfff &c777at&r [hill]
(mOlle): >&c1ff>&r &c0ffmega&cfff &c777at&r [hill]
(mOlle): >&c1ff>&r &c0ffmega&cfff &c777at&r [hill]
(mOlle): >&c1ff>&r &c0ffmega&cfff &c777at&r [hill]
(andeh): >&cd37and:&cfff &cf00lost&cfff [bridge-low] 3
(andeh): >&cd37and:&cfff &cf00lost&cfff [bridge-low] 3
(mOlle): >&c59cmol:&cfff 0/200 [hill] 
(goblin): >&c599gob:&cfff rio at [sng-mega]
(goblin): >&c599gob:&cfff 0/152 &c29flg&cfff&c29f:15&cfff [sng-mega] 
(goblin): >&c599gob:&cfff took &ce00ra&cfff [ra]
(goblin): >&c599gob:&cfff &c931r&cfff200/143 &c29flg&cfff&c29f:15&cfff [ra] 
(andeh): >&cd37and:&cfff 0/10 [water-lg] 
(mOlle): >&c59cmol:&cfff &cf00lost&cfff [ya] 1
(goblin): >&c599gob:&cfff &c931r&cfff200/139 &c29flg&cfff&c29f:15&cfff [sng-tele] 
(mOlle): >&c1ff>&r &cfffenemy&cfff &c777at&r [ya-quad]
(mOlle): >&c1ff>&r &cfffenemy&cfff &c777at&r [ya-quad]
(goblin): >&c599gob:&cfff &cf2apack&cfff at [quad]
(goblin): >&c599gob:&cfff &cf2apack&cfff at [quad]
[17] minutes remaining
Team [=s=] leads by 13 frags
(andeh): >&cd37and:&cfff took &cf2apack&cfff [quad]
(andeh): >&cd37and:&cfff took &cf2apack&cfff [quad]
(andeh): >&cd37and:&cfff took &cf2apack&cfff [quad]
(zigg): >zig: &cf00lost&cfff &cf00[&cfffquad&cf00]&cfff 3
(zigg): >zig: &cf00lost&cfff &cf00[&cfffquad&cf00]&cfff 3
(zigg): >zig: &cf00lost&cfff &cf00[&cfffquad&cf00]&cfff 3
(Wimdowlicker): >wim: 0/76 sng [bridge.low] &cf13r&cfff:45 &c2aac&cfff:45 
(hangtime): >&c599han&cfff took &cff0ya&cfff [ya-box]
(andeh): >&cd37and:&cfff 0/200 &cf60rl&cfff&cf60:8&cfff [ra-tunnel] 
(andeh): >&cd37and:&cfff 0/200 &cf60rl&cfff&cf60:8&cfff [ra-tunnel] 
(andeh): >&cd37and:&cfff 0/200 &cf60rl&cfff&cf60:8&cfff [ra-tunnel] 
(goblin): >&c599gob:&cfff took &ce00ra&cfff [ra]
(andeh): >&cd37and:&cfff 0/193 &cf60rl&cfff&cf60:13&cfff [ring] 
(goblin): >&c599gob:&cfff &c931r&cfff200/93 &c29flg&cfff&c29f:4&cfff [ra-low] &c05fquad&cfff
(andeh): >&cd37and:&cfff 0/193 &cf60rl&cfff&cf60:13&cfff [ring] 
(andeh): >&cd37and:&cfff 0/185 &cf60rl&cfff&cf60:18&cfff [ra] 
(zigg): >zig: took &cf2apack&cfff [water.lg]
(hangtime): >&c599han&cfff &cf00lost&cfff [rl] 2
(Wimdowlicker): >wim: 0/76 &cf13rl&cfff:42 [sng.ledge] &c2aac&cfff:45 
(Wimdowlicker): >wim: 0/76 &cf13rl&cfff:42 [sng.mega] &c2aac&cfff:45 
(zigg): >zig: &cf00lost&cfff &cf00[&cfffbridge.low&cf00]&cfff 1
(zigg): >zig: &cf00lost&cfff &cf00[&cfffbridge.low&cf00]&cfff 1
(zigg): >zig: &cf00lost&cfff &cf00[&cfffbridge.low&cf00]&cfff 1
(zigg): >zig: &cf00lost&cfff &cf00[&cfffbridge.low&cf00]&cfff 1
(hangtime): >&c599han&cfff &cf00lost&cfff [bridge-high] 1
(hangtime): >&c599han&cfff: 0/100 [rl]
(Wimdowlicker): >wim: 0/100 &cf13rl&cfff:39 [ya.quad] &c2aac&cfff:45 
(hangtime): >&c599han&cfff took &c29flg&cfff [water-lg]
(Wimdowlicker): >wim: 0/72 &cf13rl&cfff:35 [ya.up] &c2aac&cfff:45 
(hangtime): >&c599han&cfff: 0/100 &c29flg&cfff:21 [bridge-low]
(Wimdowlicker): >wim: 0/72 &cf13rl&cfff:32 [ya.up] &c2aac&cfff:45 
(splif): >spl: __ 0/100 [ra-low]
(hangtime): >&c599han&cfff: 0/100 &c29flg&cfff:21 [bridge-high]
(Wimdowlicker): >wim: 0/72 &cf13rl&cfff:30 [ya.up] &c2aac&cfff:45 
(hangtime): >&c599han&cfff: 0/100 &c29flg&cfff:21 [ya-entry]
[16] minutes remaining
Team [=s=] leads by 21 frags
(Wimdowlicker): >wim: 0/36 &cf13rl&cfff:32 [ya.box] &c2aac&cfff:45 
(zigg): >zig: &cf00lost&cfff &cf00[&cfffquad&cf00]&cfff 2
(zigg): >zig: &cf00lost&cfff &cf00[&cfffquad&cf00]&cfff 2
(Wimdowlicker): >wim: 0/36 &cf13rl&cfff:32 [ya.box] &c2aac&cfff:45 
(goblin): >&c599gob:&cfff &c991y&cfff95/44 &cf31rl&cfff&cf31:7&cfff [ra-low] 
(goblin): >&c599gob:&cfff &c991y&cfff95/44 &cf31rl&cfff&cf31:7&cfff [ra-low] 
(rio): >  &c353rio&r [sng] &c931r&cfff&cfff167&r/&cfff98&r &c29flg&cfff&c29f:19&r &caaa
(andeh): >&cd37and:&cfff &c931r&cfff34/97 &cf60rl&cfff&cf60:12&cfff &cf60lg&cfff&cf60:10&cfff [ya-box] &c05fquad&cfff
(rio): >&cfffrio &caaa[&c666sng-mega&caaa] took&r &c0ffmega&cfff
(goblin): >&c599gob:&cfff took &ce00ra&cfff [ra]
(goblin): >&c599gob:&cfff took &ce00ra&cfff [ra]
(andeh): >&cd37and:&cfff &c931r&cfff34/97 &cf60rl&cfff&cf60:12&cfff &cf60lg&cfff&cf60:7&cfff [window] &c05fquad&cfff
(goblin): >&c599gob:&cfff &c931r&cfff147/30 &cf31rl&cfff&cf31:10&cfff [sng-tele] 
(andeh): >&cd37and:&cfff &c931r&cfff34/97 &cf60rl&cfff&cf60:16&cfff &cf60lg&cfff&cf60:7&cfff [ra-entry] &c05fquad&cfff
(rio): >  &c353rio&r [ya-quad] &c931r&cfff&cfff167&r/&cfff193&r &c29flg&cfff&c29f:19&r &caaa
(goblin): >&c599gob:&cfff &c931r&cfff147/55 &cf31rl&cfff&cf31:10&cfff [sng-tele] 
(andeh): >&cd37and:&cfff &c931r&cfff34/97 &cf60rl&cfff&cf60:16&cfff &cf60lg&cfff&cf60:7&cfff [ra] &c05fquad&cfff
(goblin): >&c599gob:&cfff &c931r&cfff147/95 &cf31rl&cfff&cf31:10&cfff [sng-low] 
(andeh): >&cd37and:&cfff &c0b0safe&cfff [ra]
(andeh): >&cd37and:&cfff &c931r&cfff34/97 &cf60rl&cfff&cf60:16&cfff &cf60lg&cfff&cf60:7&cfff [ra] &c05fquad&cfff
Quad Damage is wearing off
(goblin): >&c599gob:&cfff &c931r&cfff147/95 &cf31rl&cfff&cf31:10&cfff [sng-tele] 
(goblin): >&c599gob:&cfff &c931r&cfff147/95 &cf31rl&cfff&cf31:10&cfff [ra-entry] 
(mOlle): >&c59cmol:&cfff &cf00lost&cfff [lifts] 1
(mOlle): >&c59cmol:&cfff &cf00lost&cfff [lifts] 1
(mOlle): >&c59cmol:&cfff &cf00lost&cfff [lifts] 1
(mOlle): >&c59cmol:&cfff &cf00lost&cfff [lifts] 1
(mOlle): >&c59cmol:&cfff &cf00lost&cfff [lifts] 1
(andeh): >&cd37and:&cfff took &cf00ra&cfff [ra]
(andeh): >&cd37and:&cfff &c931r&cfff200/97 &cf60rl&cfff&cf60:16&cfff &cf60lg&cfff&cf60:7&cfff [ra] 
[15] minutes remaining
Team [=s=] leads by 27 frags
(rio): >&cf00rio &cf55[&cf99pent&cf55] lost&r 
(rio): >&cf00rio &cf55[&cf99pent&cf55] lost&r 
(splif): >spl: __ 0/44 &c2aalg&cfff:0 [pent]
(hangtime): >&c599han&cfff took &cf39pack&cfff [pent]
(splif): >spl: __ 0/44 &c2aalg&cfff:0 [pent]
(zigg): >zig: 0/100 ssg:28 [ya.box]
(Wimdowlicker): >wim: 0/43 &cf13rl&cfff:30 [window] &c2aac&cfff:47 &cf00pent&cfff
(hangtime): >&c599han&cfff: 0/58 [water-tunnel] &cf13r&cfff:22 &c2aac&cfff:40
(Wimdowlicker): >wim: 0/43 &cf13rl&cfff:28 [quad] &c2aac&cfff:47 &c05fquad&cfff/&cf00pent&cfff
(splif): >spl: __ 0/44 &c2aalg&cfff:0 [lifts]
(Wimdowlicker): >wim: 0/43 &cf13rl&cfff:33 [quad] &c2aac&cfff:47 &c05fquad&cfff/&cf00pent&cfff
(zigg): >zig: &cf00lost&cfff &cf00[&cfffya.box&cf00]&cfff 1
(zigg): >zig: &cf00lost&cfff &cf00[&cfffya.box&cf00]&cfff 1
(hangtime): >&c599han&cfff &cf00lost&cfff [water] 1
(zigg): >zig: &cf00lost&cfff &cf00[&cfffya.box&cf00]&cfff 1
(hangtime): >&c599han&cfff &cf00lost&cfff [water] 1
(zigg): >zig: &cf00lost&cfff &cf00[&cfffya.box&cf00]&cfff 1
(splif): >spl: __ 0/44 &c2aalg&cfff:0 [lifts]
(hangtime): >&c599han&cfff &cf00lost&cfff [water] 1
(Wimdowlicker): >wim: 0/43 &cf13rl&cfff:30 [ra.tunnel] &c2aac&cfff:47 &c05fquad&cfff/&cf00pent&cfff
(Wimdowlicker): >wim: &c05fquad&cfff over
(splif): >spl: __ 0/84 &c2aalg&cfff:0 [sng-lifts]
(Wimdowlicker): >wim: &ce00200&cfff/43 &cf13rl&cfff:29 [ra] &c2aac&cfff:47 &c05fquad&cfff/&cf00pent&cfff
(hangtime): >&c599han&cfff took &c0ffmega&cfff [pent]
(zigg): >zig: &cf00lost&cfff &cf00[&cfffrl&cf00]&cfff 2
(zigg): >zig: &cf00lost&cfff &cf00[&cfffrl&cf00]&cfff 2
(hangtime): >&c599han&cfff: 0/200 [pent] &cf13r&cfff:26 &c2aac&cfff:40
(hangtime): >&c599han&cfff &c0b0safe&cfff [water-tunnel] &c2aasg&cfff
Protection is almost burned out
(zigg): >zig: 0/100 [bridge.high]
Quad Damage is wearing off
(zigg): >zig: &cf00lost&cfff &cf00[&cfffrl&cf00]&cfff 2
(zigg): >zig: &cf00lost&cfff &cf00[&cfffrl&cf00]&cfff 2
(hangtime): >&c599han&cfff took &c299gl&cfff [water-gl]
(Wimdowlicker): >wim: 0/38 &cf13rl&cfff:50 &c2aalg&cfff:62 [hill] 
(Wimdowlicker): >wim: 0/38 &cf13rl&cfff:50 &c2aalg&cfff:62 [hill] 
(splif): >spl: __ &cf00ra&cfff at [ra]
(splif): >spl: __ &cf00ra&cfff at [ra]
(hangtime): >&c599han&cfff &cf00lost&cfff [hill] 2
(Wimdowlicker): >wim: coming [ra.tunnel]
(splif): >spl: __ 0/65 &c2aalg&cfff:0 [ra]
(Wimdowlicker): >wim: coming [ra.tunnel]
(Wimdowlicker): >wim: 0/38 &cf13rl&cfff:50 &c2aalg&cfff:62 [ra.tunnel] 
(Wimdowlicker): >wim: 0/38 &cf13rl&cfff:50 &c2aalg&cfff:62 [ra.low] 
(Wimdowlicker): >wim: 0/38 &cf13rl&cfff:50 &c2aalg&cfff:62 [ra.low] 
(splif): >spl: __ 0/65 &c2aalg&cfff:0 [ra]
(splif): >spl: __ 0/25 &c2aalg&cfff:0 [sng-tele]
(hangtime): >&c599han&cfff took &cf39pack&cfff [rl]
(Wimdowlicker): >wim: &ce00180&cfff/34 &cf13rl&cfff:49 &c2aalg&cfff:55 [ra] 
(Wimdowlicker): >wim: &c0b0safe&cfff &c0b0[&cfffra&c0b0]&cfff &ce00180&cfff / &cf13rl&cfff
(hangtime): >&c599han&cfff: 0/84 &cf31rl&cfff:1 [bridge-low]
(hangtime): >&c599han&cfff: 0/84 &cf31rl&cfff:1 [bridge-stairs]
[14] minutes remaining
Team [=s=] leads by 14 frags
(hangtime): >&c599han&cfff: 0/99 &cf31rl&cfff:6 [ya]
(hangtime): >&c599han&cfff: 0/99 &cf31rl&cfff:6 [ya]
(Wimdowlicker): >wim: &ce00180&cfff/99 &cf13rl&cfff:49 &c2aalg&cfff:55 [ring] 
(hangtime): >&c599han&cfff: 0/99 &cf31rl&cfff:6 [ya-up]
(splif): >spl: __ 0/12 [quad]
(zigg): >zig: &cf00lost&cfff &cf00[&cfffrl&cf00]&cfff 1
(zigg): >zig: &cf00lost&cfff &cf00[&cfffrl&cf00]&cfff 1
(zigg): >zig: &cf00lost&cfff &cf00[&cfffrl&cf00]&cfff 1
(zigg): >zig: 0/100 ssg:30 [ya.box]
(hangtime): > &c599han&cfff __ &cf00enemy&cfff at [hill]
(hangtime): >&c599han&cfff: 0/99 &cf31rl&cfff:8 [quad]
(Wimdowlicker): >wim: &ce00146&cfff/92 &cf13rl&cfff:47 &c2aalg&cfff:40 [ra.tunnel] &c05fquad&cfff
(Wimdowlicker): >wim: coming [ra.tunnel]
(Wimdowlicker): >wim: coming [ra.tunnel]
(zigg): >zig: 0/100 ssg:50 [sng.ledge]
(hangtime): >&c599han&cfff: 0/99 &cf31rl&cfff:5 [ra]
(zigg): >zig: &c0a0mega&cfff at [sng.mega] 0
(zigg): >zig: &c0a0mega&cfff at [sng.mega] 0
(Wimdowlicker): >wim: &ce00126&cfff/100 &cf13rl&cfff:46 &c2aalg&cfff:43 [sng.tele] &c05fquad&cfff
(zigg): >zig: &c0a0mega&cfff at [sng.mega] 1
(zigg): >zig: &c0a0mega&cfff at [sng.mega] 1
(zigg): >zig: &c0a0mega&cfff at [sng.mega] 1
(Wimdowlicker): >wim: &ce00126&cfff/100 &cf13rl&cfff:46 &c2aalg&cfff:43 [ya.quad] &c05fquad&cfff
(hangtime): >&c599han&cfff &c0b0safe&cfff [ra] &cf31rl&cfff
(zigg): >zig: took &c0a0mega&cfff [sng.mega]
(hangtime): >&c599han&cfff: 0/99 &cf31rl&cfff:5 [ra]
(zigg): >zig: 0/200 sng:30 [ra.rox]
(hangtime): >&c599han&cfff took &cf00ra&cfff [ra]
(Wimdowlicker): >wim: 0/70 &cf13rl&cfff:40 &c2aalg&cfff:40 [ya] &c05fquad&cfff
(splif): >spl: __ &c0a0mega&cfff at [hill]
Quad Damage is wearing off
(Wimdowlicker): >wim: &cf2apack&cfff at [ya.entry]
(zigg): >zig: 0/193 sng:30 [ya.entry]
(Wimdowlicker): >wim: 0/70 &cf13rl&cfff:37 &c2aalg&cfff:40 [ya] 
(hangtime): >&c599han&cfff &cf00dropped&cfff &cf31rl&cfff [ra-rox] 1
(hangtime): >&c599han&cfff &cf00dropped&cfff &cf31rl&cfff [ra-rox] 1
(hangtime): >&c599han&cfff &cf00dropped&cfff &cf31rl&cfff [ra-rox] 1
(hangtime): >&c599han&cfff took &cf31rl&cfff [rl]
(hangtime): >&c599han&cfff took &cf31rl&cfff [rl]
(Wimdowlicker): >wim: 0/70 &cf13rl&cfff:31 &c2aalg&cfff:40 [ya.box] 
(Wimdowlicker): >wim: 0/70 &cf13rl&cfff:31 &c2aalg&cfff:40 [ya.box] 
(Wimdowlicker): >wim: &cff0150&cfff/70 &cf13rl&cfff:31 &c2aalg&cfff:40 [ya.box] 
(zigg): >zig: &cf00lost&cfff &cf00[&cfffhill&cf00]&cfff 3
(zigg): >zig: &cf00lost&cfff &cf00[&cfffhill&cf00]&cfff 3
(zigg): >zig: &cf00lost&cfff &cf00[&cfffhill&cf00]&cfff 3
(Wimdowlicker): >wim: &cff0150&cfff/95 &cf13rl&cfff:31 &c2aalg&cfff:40 [ya.quad] 
(hangtime): >&c599han&cfff: 0/92 &cf31rl&cfff:5 [ya-quad]
[13] minutes remaining
Team [=s=] leads by 14 frags
(hangtime): >&c599han&cfff: 0/92 &cf31rl&cfff:10 [quad]
(hangtime): >&c599han&cfff &cff0help&cfff [quad] 0e
(splif): >spl: __ 0/68 gl:11 [water-gl]
(hangtime): > &c599han&cfff __ &cf31rox&cfff at [ring]
(zigg): >zig: 0/100 [ra.entry] &cf13r&cfff:5
(Wimdowlicker): >wim: &cff0150&cfff/95 &cf13rl&cfff:25 &c2aalg&cfff:40 [quad] 
(zigg): >zig: &cf00lost&cfff &cf00[&cfffra&cf00]&cfff 1
(zigg): >zig: &cf00lost&cfff &cf00[&cfffra&cf00]&cfff 1
(hangtime): > &c599han&cfff __ &cf31rox&cfff at [ring]
(zigg): >zig: 1 enemy at [ra]
(zigg): >zig: &cf2apack&cfff at [ra.tunnel] 1
(zigg): >zig: &cf2apack&cfff at [ra.tunnel] 1
(zigg): >zig: &cf00lost&cfff &cf00[&cfffra.tunnel&cf00]&cfff 1
(zigg): >zig: &cf00lost&cfff &cf00[&cfffra.tunnel&cf00]&cfff 1
(zigg): >zig: &cf00lost&cfff &cf00[&cfffra.tunnel&cf00]&cfff 1
(zigg): >zig: &cf00lost&cfff &cf00[&cfffra.tunnel&cf00]&cfff 1
(zigg): >zig: &cf00lost&cfff &cf00[&cfffra.tunnel&cf00]&cfff 1
(hangtime): >&c599han&cfff &cf00lost&cfff [ra-entry] 2
(hangtime): >&c599han&cfff &cf00lost&cfff [ra-entry] 2
(splif): >spl: __ 0/200 sng:30 [sng-mega]
(zigg): >zig: &cff0150&cfff/100 &cf13rl&cfff:4 [ya.box]
(hangtime): >&c599han&cfff &cf00lost&cfff [ra-low] 1
(splif): >spl: __ 0/193 sng:30 [ya-box]
(splif): >spl: __ 0/192 sng:30 [ya-box]
(zigg): >zig: &cff0117&cfff/79 &cf13rl&cfff:7 [ra.entry]
(splif): >spl: __ 0/122 sng:30 [ya-entry]
(hangtime): >&c599han&cfff &cf00lost&cfff [rl] 2
Quad Damage is wearing off
(zigg): >zig: took &cf00ra&cfff [ra]
(splif): >spl: __ 0/93 sng:10 [ya-box]
(Wimdowlicker): >wim: &cff024&cfff/21 &cf13rl&cfff:38 &c2aalg&cfff:23 [ya.entry] 
(zigg): >zig: &ce00200&cfff/58 &cf13rl&cfff:9 [ra.rox] &c2aac&cfff:7
(Wimdowlicker): >wim: &cff024&cfff/36 &cf13rl&cfff:37 &c2aalg&cfff:23 [ya] 
(hangtime): >&c599han&cfff took &c29flg&cfff [water-lg]
(Wimdowlicker): >wim: &cff0150&cfff/36 &cf13rl&cfff:37 &c2aalg&cfff:23 [ya] 
(Wimdowlicker): >wim: &c0b0safe&cfff &c0b0[&cfffya&c0b0]&cfff &cff0150&cfff / &cf13rl&cfff
(Wimdowlicker): >wim: &cff0150&cfff/36 &cf13rl&cfff:37 &c2aalg&cfff:23 [ya] 
(Wimdowlicker): >wim: &cff0130&cfff/24 &cf13rl&cfff:35 &c2aalg&cfff:23 [ya.box] 
(splif): >spl: __ 0/100 [ra-tunnel]
(Wimdowlicker): >wim: &cff0130&cfff/24 &cf13rl&cfff:35 &c2aalg&cfff:23 [window] 
(zigg): >zig: &ce00146&cfff/73 &cf13rl&cfff:3 [ra] &c2aac&cfff:7
(hangtime): >&c599han&cfff &cf00lost&cfff [ra-tunnel] 2
(zigg): >zig: replace [ra]
(zigg): >zig: replace [ra]
(splif): >spl: __ 0/28 [ra-low]
(zigg): >zig: &ce00146&cfff/73 &cf13rl&cfff:1 [ra.rox] &c2aac&cfff:7
[12] minutes remaining
Team [=s=] leads by 3 frags
(hangtime): >&c599han&cfff: 0/53 [ra-low]
(Wimdowlicker): >wim: &cff082&cfff/36 &cf13rl&cfff:31 &c2aalg&cfff:20 [sng] 
(hangtime): >&c599han&cfff &cff0help&cfff [quad] 0e
(hangtime): > &c599han&cfff __ &cf31rox&cfff at [ring]
(Wimdowlicker): >wim: &cff082&cfff/76 &cf13rl&cfff:31 &c2aalg&cfff:20 [sng.mega] 
(hangtime): >&c599han&cfff: 0/53 [quad]
(hangtime): >&c599han&cfff &cff0help&cfff [quad] 0e
(hangtime): >&c599han&cfff &cff0help&cfff [quad] 0e
(Wimdowlicker): >wim: &cff082&cfff/76 &cf13rl&cfff:31 &c2aalg&cfff:20 [ring] 
(hangtime): >&c599han&cfff: 0/53 [quad]
(andeh): >&cd37and:&cfff took &cf00ra&cfff [ra]
(Wimdowlicker): >wim: &cff056&cfff/61 &cf13rl&cfff:28 &c2aalg&cfff:14 [ra.tunnel] &c05fquad&cfff
(zigg): >zig: &ce00101&cfff/87 &cf13rl&cfff:10 [ring] &c2aac&cfff:19
(hangtime): >&c599han&cfff: 0/100 [ra-low]
(splif): >spl: __ 0/95 [hill]
(splif): >spl: __ {&cf2apack&cfff} at [ring]
(Wimdowlicker): >wim: &cff056&cfff/61 &cf13rl&cfff:28 &c2aalg&cfff:14 [ra] &c05fquad&cfff
(splif): >spl: __ 0/95 [hill]
(hangtime): > &c599han&cfff __ &c0ffmega&cfff at [hill]
(Wimdowlicker): >wim: &cff056&cfff/61 &cf13rl&cfff:28 &c2aalg&cfff:14 [ra] &c05fquad&cfff
(hangtime): >&c599han&cfff took &c0ffmega&cfff [hill]
(zigg): >zig: &c0b0safe&cfff &c0b0[&cfffring&c0b0]&cfff &ce0084&cfff/&cf13rl&cfff
(Wimdowlicker): >wim: &cff056&cfff/61 &cf13rl&cfff:28 &c2aalg&cfff:14 [ra] &c05fquad&cfff
(Wimdowlicker): >wim: &cff056&cfff/61 &cf13rl&cfff:28 &c2aalg&cfff:14 [ra] &c05fquad&cfff
(zigg): >zig: &ce0084&cfff/84 &cf13rl&cfff:14 [ya.quad] &c2aac&cfff:19
(Wimdowlicker): >wim: &ce00200&cfff/61 &cf13rl&cfff:28 &c2aalg&cfff:14 [ra] &c05fquad&cfff
(splif): >spl: __ nme at [ring]
(hangtime): >&c599han&cfff &cf00lost&cfff [bridge-low] 1
Quad Damage is wearing off
(zigg): >zig: &ce0084&cfff/84 &cf13rl&cfff:13 [ra] &c2aac&cfff:19
(splif): >spl: __ 0/68 [bridge-stairs]
(Wimdowlicker): >wim: &ce0043&cfff/24 &cf13rl&cfff:26 &c2aalg&cfff:13 [bridge.high] &c05fquad&cfff
(Wimdowlicker): >wim: &cf00enemy&cfff at [hill]
(Wimdowlicker): >wim: &ce0033&cfff/22 &cf13rl&cfff:26 &c2aalg&cfff:11 [hill] 
(Wimdowlicker): >wim: &ce0033&cfff/22 &cf13rl&cfff:26 &c2aalg&cfff:11 [hill] 
(zigg): >zig: waiting [ra]
(Wimdowlicker): >wim: &ce0033&cfff/22 &cf13rl&cfff:26 &c2aalg&cfff:11 [ra.tunnel] 
(Wimdowlicker): >wim: &ce0033&cfff/22 &cf13rl&cfff:26 &c2aalg&cfff:11 [ra.tunnel] 
(Wimdowlicker): >wim: &ce0033&cfff/22 &cf13rl&cfff:26 &c2aalg&cfff:2 [ra.low] 
(splif): >spl: __ 0/68 &cf13rl&cfff:15 [bridge-high]
(zigg): >zig: &ce0068&cfff/80 &cf13rl&cfff:10 [ra] &c2aac&cfff:19
(Wimdowlicker): >wim: &cf00lost&cfff &cf00[&cfffsng.tele&cf00]&cfff 1
(Wimdowlicker): >wim: &cf00lost&cfff &cf00[&cfffsng.tele&cf00]&cfff 1
(Wimdowlicker): >wim: &cf00lost&cfff &cf00[&cfffsng.tele&cf00]&cfff 1
(zigg): >zig: took &cf00ra&cfff [ra]
(hangtime): >&c599han&cfff &cf00lost&cfff [water] 2
(Wimdowlicker): >wim: &cf00lost&cfff &cf00[&cfffsng.tele&cf00]&cfff 1
(Wimdowlicker): >wim: &cf00lost&cfff &cf00[&cfffsng.tele&cf00]&cfff 1
(Wimdowlicker): >wim: &cf00lost&cfff &cf00[&cfffsng.tele&cf00]&cfff 1
(Wimdowlicker): >wim: 0/76 sg [ra.low] 
[11] minutes remaining
Team [+er+] leads by 4 frags
(hangtime): >&c599han&cfff &cf00lost&cfff [bridge-low] 2
(zigg): >zig: &ce004&cfff/31 &cf13rl&cfff:4 [ra.low] &c2aac&cfff:19
(Wimdowlicker): >wim: 0/100 sg [sng.mega] 
(hangtime): >&c599han&cfff: 0/100 [ra-low]
(Wimdowlicker): >wim: 0/100 sng [sng] 
(hangtime): >&c599han&cfff: 0/100 [quad]
(goblin): >&c599gob:&cfff &c991y&cfff138/148 &c29flg&cfff&c29f:27&cfff [quad] &c05fquad&cfff
(goblin): >&c599gob:&cfff &c991y&cfff138/147 &c29flg&cfff&c29f:27&cfff [quad] &c05fquad&cfff
(andeh): >&cd37and:&cfff &cf00lost&cfff [sng-lifts] 2
(rio): >  &c353rio&r [ya] &cf660&r/&cfff92&r &cf31rl&cfff&cf31:5&r &caaaarmor
(rio): >&cfffrio &caaa[&c666ya-box&caaa] took&r &cff0ya&cfff
(andeh): >&cd37and:&cfff 0/28 ssg [ra] r:5 c:19 
(mOlle): >&c1ff>&r rox &c777at&r [quad]
(andeh): >&cd37and:&cfff 0/28 ssg [ra-low] r:5 c:19 
(Wimdowlicker): >wim: 0/196 sng [rl] &c2aac&cfff:12 
(Wimdowlicker): >wim: 0/194 sng [rl] &c2aac&cfff:12 
(hangtime): >&c599han&cfff: 0/100 &c29flg&cfff:36 [ra-low] &cf13r&cfff:16
(Wimdowlicker): >wim: 0/191 sng [rl] &c2aac&cfff:12 
(splif): >spl: __ 0/28 &cf13rl&cfff:4 [sng-low]
(hangtime): >&c599han&cfff &cf00dropped&cfff &c29flg&cfff [ra-entry] 1
(zigg): >zig: 0/27 [ya]
(Wimdowlicker): >wim: 0/186 &cf13rl&cfff:5 [rl] &c2aac&cfff:12 
(zigg): >zig: &cf00lost&cfff &cf00[&cfffwindow&cf00]&cfff 1
(zigg): >zig: &cf00lost&cfff &cf00[&cfffwindow&cf00]&cfff 1
(zigg): >zig: &cf00lost&cfff &cf00[&cfffwindow&cf00]&cfff 1
(Wimdowlicker): >wim: 0/139 &cf13rl&cfff:5 [hill] &c2aac&cfff:12 
(splif): >spl: __ 0/12 &cf13rl&cfff:2 [sng-low]
(hangtime): >&c599han&cfff get &cf00pent&cfff
(Wimdowlicker): >wim: 0/138 &cf13rl&cfff:4 [hill] &c2aac&cfff:12 
no weapon
(andeh): >&cd37and:&cfff &cf00lost&cfff [water] 2
(andeh): >&cd37and:&cfff 0/100 [ya-box] 
(andeh): >&cd37and:&cfff 0/100 [ya-box] 
(goblin): >&c599gob:&cfff 0/100 sng [window] rox:2 
[10] minutes remaining
Team [+er+] leads by 1 frag
(zigg): >zig: &cf00lost&cfff &cf00[&cfffpent&cf00]&cfff 3
(zigg): >zig: &cf00lost&cfff &cf00[&cfffpent&cf00]&cfff 3
(goblin): >&c599gob:&cfff &cf00pented&cfff mOlle at [pent]
(goblin): >&c599gob:&cfff 0/3 sng [pent] rox:2 
(mOlle): >&c59cmol:&cfff &c991y&cfff94/139 &c29flg&cfff&cf60:0&cfff [pent] &cf00pent&cfff
(mOlle): >&c59cmol:&cfff &c991y&cfff94/139 &c29flg&cfff&cf60:0&cfff [pent] &cf00pent&cfff
(andeh): >&cd37and:&cfff &c0b0team&cfff &cff0ring&cfff
(andeh): >&cd37and:&cfff &c0b0team&cfff &cff0ring&cfff
(andeh): >&cd37and:&cfff &c0b0team&cfff &cff0ring&cfff
(andeh): >&cd37and:&cfff &c0b0team&cfff &cff0ring&cfff
(andeh): >&cd37and:&cfff &c0b0team&cfff &cff0ring&cfff
(andeh): >&cd37and:&cfff &c0b0team&cfff &cff0ring&cfff
(goblin): >&c599gob:&cfff 0/3 sng [lifts] rox:2 
(rio): >  &c353rio&r [sng] &c931r&cfff&cfff174&r/&cfff147&r &cf31rl&cfff&cf31:15&r &c29flg&cfff&c29f:24&r &caaa
(andeh): >&cd37and:&cfff 0/67 [water] &cff0ring&cfff
(andeh): >&cd37and:&cfff took &cf60lg&cfff [water-lg]
(andeh): >&cd37and:&cfff took &cf60lg&cfff [water-lg]
(andeh): >&cd37and:&cfff took &cf60lg&cfff [water-lg]
(andeh): >&cd37and:&cfff took &cf60lg&cfff [water-lg]
Protection is almost burned out
(andeh): >&cd37and:&cfff 0/67 &cf60lg&cfff&cf60:15&cfff [water-lg] &cff0ring&cfff
(goblin): >&c599gob:&cfff &ce00ra&cfff at [ra]
(goblin): >&c599gob:&cfff &ce00ra&cfff at [ra]
(goblin): >&c599gob:&cfff 0/100 [ra] 
(goblin): >&c599gob:&cfff rio at [ra]
(andeh): >&cd37and:&cfff &cf00lost&cfff [rl] 4
(goblin): >&c599gob:&cfff took &ce00ra&cfff [ra]
(goblin): >&c599gob:&cfff took &ce00ra&cfff [ra]
(goblin): >&c599gob:&cfff took &ce00ra&cfff [ra]
(goblin): >&c599gob:&cfff &c931r&cfff200/100 sng [lifts-below] 
(goblin): >&c599gob:&cfff rio at [ring]
(andeh): >&cd37and:&cfff &cf00lost&cfff [ya] 1
[9] minutes remaining
Team [+er+] leads by 1 frag
(mOlle): >&c59cmol:&cfff &cf00lost&cfff [pent] 2
(goblin): >&c599gob:&cfff &c931r&cfff71/93 sng [bridge-low] 
(Wimdowlicker): >wim: 0/38 &cf13rl&cfff:1 [sng.lifts] 
(andeh): >&cd37and:&cfff 0/95 &cf60lg&cfff&cf60:15&cfff [bridge-low] 
(rio): >  &c353rio&r &c00fq&cfff [window] &cf660&r/&cfff67&r &cf31rl&cfff&cf31:24&r &c29flg&cfff&c29f:0&r &caaaneed armor
(goblin): >&c599gob:&cfff 0/63 &cf31rl&cfff&cf31:5&cfff [bridge-high] 
(goblin): >&c599gob:&cfff 0/78 &cf31rl&cfff&cf31:9&cfff [ya-up] 
(rio): >  &c353rio&r &c00fq&cfff [pent] &cf660&r/&cf6649&r &cf31rl&cfff&cf31:19&r &c29flg&cfff&c29f:0&r &caaaneed armor health
(rio): >  &c353rio&r &c00fq&cfff [pent] &cf660&r/&cfff149&r &cf31rl&cfff&cf31:19&r &c29flg&cfff&c29f:0&r &caaaarmor
(rio): >&cfa1rio &cfa6[&cfa9lifts&cfa6] coming&r &cfa60/148&r &cf31rl&cfff&c29fg&r
(rio): >  &c353rio&r &c05fquad&cfff
(rio): >&cfa1rio &cfa6[&cfa9lifts&cfa6] coming&r &cfa60/148&r &cf31rl&cfff&c29fg&r
(rio): >&cfa1rio &cfa6[&cfa9lifts&cfa6] coming&r &cfa60/148&r &cf31rl&cfff&c29fg&r
(goblin): >&c599gob:&cfff 0/51 &cf31rl&cfff&cf31:8&cfff [bridge-stairs] 
Quad Damage is wearing off
(goblin): >&c599gob:&cfff 0/76 &cf31rl&cfff&cf31:8&cfff [ya-box] 
(mOlle): >&c59cmol:&cfff &c931r&cfff14/37 &cf31rl&cfff&cf60:0&cfff [ra] 
(goblin): >&c599gob:&cfff &cf00dropped&cfff &cf31rl&cfff [ya] 1
(goblin): >&c599gob:&cfff &cf00dropped&cfff &cf31rl&cfff [ya] 1
(goblin): >&c599gob:&cfff &cf00dropped&cfff &cf31rl&cfff [ya] 1
(andeh): >&cd37and:&cfff &cf00lost&cfff [ya-entry] 1
(andeh): >&cd37and:&cfff &cf00lost&cfff [ya-entry] 1
(andeh): >&cd37and:&cfff &cf00lost&cfff [ya-entry] 1
[8] minutes remaining
Team [=s=] leads by 8 frags
(goblin): >&c599gob:&cfff 0/24 [ring] 
(andeh): >&cd37and:&cfff 0/87 [water-rox] 
(rio): >  &c353rio&r [quad] &c931r&cfff&cfff200&r/&cfff96&r &cf31rl&cfff&cf31:15&r &c29flg&cfff&c29f:0&r &caaa
(andeh): >&cd37and:&cfff took &cf60lg&cfff [water-lg]
(andeh): >&cd37and:&cfff took &cf60lg&cfff [water-lg]
(andeh): >&cd37and:&cfff 0/87 &cf60lg&cfff&cf60:21&cfff [bridge-low] 
(goblin): >&c599gob:&cfff &cf00lost&cfff [window] 3
(goblin): >&c599gob:&cfff &cf00lost&cfff [window] 3
(goblin): >&c599gob:&cfff &cf00lost&cfff [window] 3
(goblin): >&c599gob:&cfff &cf00lost&cfff [window] 3
(goblin): >&c599gob:&cfff &cf00lost&cfff [window] 3
(andeh): >&cd37and:&cfff 0/71 &cf60lg&cfff&cf60:10&cfff [bridge-low] 
(andeh): >&cd37and:&cfff 0/71 &cf60lg&cfff&cf60:10&cfff [bridge-high] 
(andeh): >&cd37and:&cfff 0/71 &cf60lg&cfff&cf60:10&cfff [bridge-high] 
(andeh): >&cd37and:&cfff 0/71 &cf60lg&cfff&cf60:10&cfff [bridge-high] 
(rio): >  &c353rio&r &c00fq&cfff [ring] &c931r&cfff&cfff123&r/&cfff80&r &cf31rl&cfff&cf31:15&r &c29flg&cfff&c29f:0&r &caaa
(andeh): >&cd37and:&cfff 0/59 &cf60lg&cfff&cf60:10&cfff [window-quad] 
(andeh): >&cd37and:&cfff took &c0ffmega&cfff [hill]
(andeh): >&cd37and:&cfff coming [hill]
(andeh): >&cd37and:&cfff coming [ra-tunnel]
(andeh): >&cd37and:&cfff coming [ra-tunnel]
(andeh): >&cd37and:&cfff 0/139 &cf60lg&cfff&cf60:10&cfff [ra-tunnel] 
(goblin): >&c599gob:&cfff &cf00lost&cfff [sng-lifts] 1
(goblin): >&c599gob:&cfff &cf00lost&cfff [sng-lifts] 1
(goblin): >&c599gob:&cfff &cf00lost&cfff [sng-lifts] 1
(andeh): >&cd37and:&cfff 0/136 &cf60lg&cfff&cf60:10&cfff [ra] 
Quad Damage is wearing off
(andeh): >&cd37and:&cfff 0/135 &cf60lg&cfff&cf60:10&cfff [ra] 
(andeh): >&cd37and:&cfff took &cf00ra&cfff [ra]
(mOlle): >&c59cmol:&cfff &c931r&cfff151/99 &cf31rl&cfff&cf60:18&cfff [ring] 
(mOlle): >&c59cmol:&cfff &c931r&cfff151/99 &cf31rl&cfff&cf60:18&cfff [ring] 
(rio): >  &c353rio&r [sng-ledge] &c931r&cfff&cfff107&r/&cfff76&r &cf31rl&cfff&cf31:8&r &c29flg&cfff&c29f:0&r &caaa
(goblin): >&c599gob:&cfff took &c29flg&cfff [water-lg]
(andeh): >&cd37and:&cfff 0/45 &cf60lg&cfff&cf60:4&cfff [ra] 
(andeh): >&cd37and:&cfff &cf00lost&cfff [ra] 1
(andeh): >&cd37and:&cfff &cf00lost&cfff [ra] 1
(andeh): >&cd37and:&cfff &cf00lost&cfff [ra] 1
(andeh): >&cd37and:&cfff &cf00lost&cfff [ra] 1
[7] minutes remaining
Team [=s=] leads by 12 frags
(rio): >  &c353rio&r [ring] &c931r&cfff&cfff107&r/&cfff170&r &cf31rl&cfff&cf31:17&r &c29flg&cfff&c29f:0&r &caaa
(andeh): >&cd37and:&cfff &cf00lost&cfff [sng-tele] 2
(andeh): >&cd37and:&cfff &cf00lost&cfff [sng-tele] 2
(splif): >spl: __ 0/47 &cf13rl&cfff:6 [sng-ledge]
(Wimdowlicker): >wim: 0/28 &cf13rl&cfff:3 [ya.box] &c2aac&cfff:12 
(andeh): >&cd37and:&cfff 0/100 [bridge-low] 
(andeh): >&cd37and:&cfff 0/100 [bridge-high] 
(andeh): >&cd37and:&cfff 0/100 [ya-box] 
(rio): >&cfa1rio &cfa6[&cfa9ra-tunnel&cfa6] coming&r &c931r&cfff&cfa683/247&r &cf31rl&cfff&c29fg&r
(goblin): >&c599gob:&cfff took &cf31rl&cfff [rl]
(goblin): >&c599gob:&cfff 0/100 &cf31rl&cfff&cf31:5&cfff [bridge-low] 
(rio): >  &c353rio&r &c05fquad&cfff
(rio): >  &c353rio&r &c05fquad&cfff
(andeh): >&cd37and:&cfff 0/100 [ya] 
(goblin): >&c599gob:&cfff 0/100 &cf31rl&cfff&cf31:5&cfff [ya-box] 
(andeh): >&cd37and:&cfff 0/33 [water] 
(andeh): >&cd37and:&cfff took &cf60lg&cfff [water-lg]
(andeh): >&cd37and:&cfff took &cf60lg&cfff [water-lg]
(andeh): >&cd37and:&cfff took &cf60lg&cfff [water-lg]
(andeh): >&cd37and:&cfff 0/33 &cf60lg&cfff&cf60:63&cfff [water] 
(andeh): >&cd37and:&cfff coming [hill]
(mOlle): >&c59cmol:&cfff &c931r&cfff53/77 &cf31rl&cfff&cf60:8&cfff [ra] 
(andeh): >&cd37and:&cfff coming [hill]
(andeh): >&cd37and:&cfff coming [ra-tunnel]
(goblin): >&c599gob:&cfff 0/83 &cf31rl&cfff&cf31:8&cfff [ya-box] 
(andeh): >&cd37and:&cfff coming [ra-tunnel]
(andeh): >&cd37and:&cfff coming [ra-tunnel]
(andeh): >&cd37and:&cfff coming [ra-tunnel]
(andeh): >&cd37and:&cfff coming [ra-tunnel]
(andeh): >&cd37and:&cfff coming [ra-tunnel]
(andeh): >&cd37and:&cfff coming [ra-tunnel]
(andeh): >&cd37and:&cfff coming [ra-tunnel]
(andeh): >&cd37and:&cfff coming [ra-tunnel]
(goblin): >&c599gob:&cfff took &cff0ya&cfff [ya-box]
(goblin): >&c599gob:&cfff took &cff0ya&cfff [ya-box]
Quad Damage is wearing off
(goblin): >&c599gob:&cfff &c0b0safe&cfff [bridge-high]
(rio): >  &c353rio&r [ra] &cf660&r/&cfff92&r &cf31rl&cfff&cf31:8&r &c29flg&cfff&c29f:21&r &caaaneed armor
(andeh): >&cd37and:&cfff 0/58 &cf60lg&cfff&cf60:75&cfff [ring] 
(rio): >  &c353rio&r [ra] &cf660&r/&cfff92&r &cf31rl&cfff&cf31:8&r &c29flg&cfff&c29f:21&r &caaaneed armor
(andeh): >&cd37and:&cfff 0/58 &cf60lg&cfff&cf60:75&cfff [ra] 
(andeh): >&cd37and:&cfff took &cf00ra&cfff [ra]
(goblin): >&c599gob:&cfff &c991y&cfff115/87 &cf31rl&cfff&cf31:6&cfff [ya-box] 
[6] minutes remaining
Team [=s=] leads by 21 frags
(goblin): >&c599gob:&cfff &c991y&cfff107/83 &cf31rl&cfff&cf31:3&cfff [ya-box] 
(rio): >  &c353rio&r [ra] &cf660&r/&cfff92&r &cf31rl&cfff&cf31:8&r &c29flg&cfff&c29f:21&r &caaaarmor
(goblin): >&c599gob:&cfff &c991y&cfff150/98 &cf31rl&cfff&cf31:6&cfff [ya-up] 
(Wimdowlicker): >wim: &cff010&cfff/159 &cf13rl&cfff:12 [ring] &c2aac&cfff:12 
(hangtime): >&c599han&cfff: &c05fquad&cfff &ce00196&cfff/99 &c29flg&cfff:78 [hill] &cf13r&cfff:19
(hangtime): >&c599han&cfff: &c05fquad&cfff &ce00196&cfff/99 &c29flg&cfff:78 [ra-tunnel] &cf13r&cfff:19
(hangtime): >&c599han&cfff: &c05fquad&cfff &ce00196&cfff/99 &c29flg&cfff:78 [ra-tunnel] &cf13r&cfff:19
(zigg): >zig: 0/57 &cf13rl&cfff:8 [ra.entry]
(Wimdowlicker): >wim: &cff010&cfff/157 &cf13rl&cfff:12 [ring] &c2aac&cfff:12 
(zigg): >zig: &cf00DROPPED &cf13rl&cfff &cf00[&cfffra.entry&cf00]&cfff 3
(zigg): >zig: &cf00DROPPED &cf13rl&cfff &cf00[&cfffra.entry&cf00]&cfff 3
(zigg): >zig: &cf00DROPPED &cf13rl&cfff &cf00[&cfffra.entry&cf00]&cfff 3
(zigg): >zig: &cf00DROPPED &cf13rl&cfff &cf00[&cfffra.entry&cf00]&cfff 3
(Wimdowlicker): >wim: 0/141 &cf13rl&cfff:12 [ya.quad] &c2aac&cfff:12 
(splif): >spl: __ 0/100 [ra-rox]
(Wimdowlicker): >wim: &cf00lost&cfff &cf00[&cfffya&cf00]&cfff 1
(andeh): >&cd37and:&cfff 0/58 &cf60rl&cfff&cf60:1&cfff [ra] 
(andeh): >&cd37and:&cfff 0/58 &cf60rl&cfff&cf60:1&cfff [ra] 
(andeh): >&cd37and:&cfff 0/58 &cf60rl&cfff&cf60:1&cfff [ra] 
(rio): >  &c353rio&r [ra-low] &cf660&r/&cfff100&r sg &caaa
(andeh): >&cd37and:&cfff 0/58 &cf60rl&cfff&cf60:1&cfff [ra] 
(andeh): >&cd37and:&cfff &c931r&cfff200/58 &cf60rl&cfff&cf60:1&cfff [ra] 
(andeh): >&cd37and:&cfff took &cf00ra&cfff [ra]
(andeh): >&cd37and:&cfff &c931r&cfff196/57 &cf60rl&cfff&cf60:1&cfff [sng-tele] 
(goblin): >&c599gob:&cfff 0/100 [ring] 
(andeh): >&cd37and:&cfff &c931r&cfff196/82 &cf60rl&cfff&cf60:1&cfff [sng-ledge] 
(goblin): >&c599gob:&cfff 0/100 sg [ya-up] rox:7 c:12 
(andeh): >&cd37and:&cfff &c931r&cfff196/182 &cf60rl&cfff&cf60:11&cfff [sng-tele] 
(mOlle): >&c59cmol:&cfff &cf00lost&cfff [ya-box] 1
(goblin): >&c599gob:&cfff 0/195 sg [pent] rox:7 c:12 
(rio): >  &c353rio&r [sng-lifts] &cfff0&r/&cfff56&r sg &caaa
(goblin): >&c599gob:&cfff 0/14 sg [lifts] rox:7 c:12 
[5] minutes remaining
Team [=s=] leads by 25 frags
(goblin): >&c599gob:&cfff 0/14 sg [lifts] rox:7 c:12 
(andeh): >&cd37and:&cfff 0/147 &cf60rl&cfff&cf60:8&cfff [window] &cf00pent&cfff
(goblin): >&c599gob:&cfff 0/100 [ring] 
(andeh): >&cd37and:&cfff 0/142 &cf60rl&cfff&cf60:6&cfff [ring] &cf00pent&cfff
(goblin): >&c599gob:&cfff &ce00ra&cfff at [ra]
(goblin): >&c599gob:&cfff 0/100 [ra] 
(goblin): >&c599gob:&cfff 0/100 [ra] 
(goblin): >&c599gob:&cfff took &ce00ra&cfff [ra]
(goblin): >&c599gob:&cfff took &ce00ra&cfff [ra]
(goblin): >&c599gob:&cfff &c931r&cfff200/100 [ra-rox] 
(rio): >  &c353rio&r [water] &cfff0&r/&cfff61&r sg &caaa
(andeh): >&cd37and:&cfff 0/131 &cf60rl&cfff&cf60:12&cfff [ring] &cf00pent&cfff/&cff0ring&cfff
(andeh): >&cd37and:&cfff 0/128 &cf60rl&cfff&cf60:12&cfff [ra] &cf00pent&cfff/&cff0ring&cfff
(andeh): >&cd37and:&cfff 0/127 &cf60rl&cfff&cf60:12&cfff [ra] &cf00pent&cfff/&cff0ring&cfff
Protection is almost burned out
(andeh): >&cd37and:&cfff 0/123 &cf60rl&cfff&cf60:12&cfff [ra] &cf00pent&cfff/&cff0ring&cfff
(goblin): >&c599gob:&cfff &c931r&cfff200/100 sng [lifts-below] c:12 
(andeh): >&cd37and:&cfff 0/120 &cf60rl&cfff&cf60:12&cfff [ra] &cff0ring&cfff
(andeh): >&cd37and:&cfff 0/119 &cf60rl&cfff&cf60:12&cfff [ra] &cff0ring&cfff
(andeh): >&cd37and:&cfff &c0b0safe&cfff [ra]
(andeh): >&cd37and:&cfff &c0b0safe&cfff [ra]
(andeh): >&cd37and:&cfff &c0b0safe&cfff [ra]
(andeh): >&cd37and:&cfff 0/116 &cf60rl&cfff&cf60:12&cfff [ra] &cff0ring&cfff
(andeh): >&cd37and:&cfff 0/116 &cf60rl&cfff&cf60:12&cfff [ra] &cff0ring&cfff
(goblin): >&c599gob:&cfff &c931r&cfff52/64 sng [bridge-low] c:12 
(mOlle): >&c59cmol:&cfff 0/92 &cf31rl&cfff&cf60:8&cfff [ra-low] 
Ring of Shadows magic is fading
(andeh): >&cd37and:&cfff took &cf00ra&cfff [ra]
(andeh): >&cd37and:&cfff took &cf00ra&cfff [ra]
(rio): >  &c353rio&r [water] &cfff0&r/&cfff-30&r sg &caaa
(andeh): >&cd37and:&cfff &c931r&cfff29/70 &cf60rl&cfff&cf60:4&cfff [ra] 
(mOlle): >&c59cmol:&cfff 0/42 &cf31rl&cfff&cf60:4&cfff [ra] 
(andeh): >&cd37and:&cfff &c931r&cfff29/70 &cf60rl&cfff&cf60:4&cfff [sng-mega] 
[4] minutes remaining
Team [=s=] leads by 26 frags
(rio): >&cfffrio &caaa[&c666ya-box&caaa] took&r &cff0ya&cfff
(andeh): >&cd37and:&cfff &c931r&cfff29/100 &cf60rl&cfff&cf60:4&cfff [sng] 
(andeh): >&cd37and:&cfff took &c0ffmega&cfff [sng-mega]
(rio): >  &c353rio&r [ya] &c991y&cfff&cfff7&r/&cfff10&r sg &caaa
(andeh): >&cd37and:&cfff get &c05fquad&cfff
(rio): >&cf00rio &cf55[&cf99ya&cf55] lost&r 
(andeh): >&cd37and:&cfff get &c05fquad&cfff
(rio): >&cf00rio &cf55[&cf99ya&cf55] lost&r 
(andeh): >&cd37and:&cfff get &c05fquad&cfff
(mOlle): >&c59cmol:&cfff &c931r&cfff200/67 &cf31rl&cfff&cf60:4&cfff [ra-low] 
(hangtime): >&c599han&cfff: 0/56 &c29flg&cfff:100 [pent] &cf13r&cfff:30
(Wimdowlicker): >wim: 0/101 &cf13rl&cfff:6 [pent] 
no weapon
(mOlle): >&c59cmol:&cfff &c931r&cfff200/167 &cf31rl&cfff&cf60:1&cfff [hill] 
(andeh): >&cd37and:&cfff &c931r&cfff29/191 &cf60rl&cfff&cf60:11&cfff [ra] 
(andeh): >&cd37and:&cfff &c931r&cfff29/190 &cf60rl&cfff&cf60:11&cfff [ra] 
(andeh): >&cd37and:&cfff took &cf00ra&cfff [ra]
(goblin): >&c599gob:&cfff 0/70 [ra-entry] 
(andeh): >&cd37and:&cfff &c931r&cfff200/187 &cf60rl&cfff&cf60:11&cfff [ra] 
(andeh): >&cd37and:&cfff &c931r&cfff200/186 &cf60rl&cfff&cf60:11&cfff [ra] 
(andeh): >&cd37and:&cfff &c0b0safe&cfff [ra]
(rio): >  &c353rio&r [hill] &cfff0&r/&cfff95&r sg &caaa
(andeh): >&cd37and:&cfff &c0b0safe&cfff [ring]
(andeh): >&cd37and:&cfff &c931r&cfff200/181 &cf60rl&cfff&cf60:11&cfff [lifts-below] 
(andeh): >&cd37and:&cfff &c931r&cfff200/180 &cf60rl&cfff&cf60:11&cfff [lifts-below] 
(andeh): >&cd37and:&cfff &c931r&cfff200/180 &cf60rl&cfff&cf60:11&cfff [lifts-below] 
(andeh): >&cd37and:&cfff &c931r&cfff176/162 &cf60rl&cfff&cf60:39&cfff &cf60lg&cfff&cf60:100&cfff [ring] 
(andeh): >&cd37and:&cfff &c931r&cfff176/162 &cf60rl&cfff&cf60:39&cfff &cf60lg&cfff&cf60:100&cfff [ring] 
(goblin): >&c599gob:&cfff took &ce00ra&cfff [ra]
(goblin): >&c599gob:&cfff took &ce00ra&cfff [ra]
(mOlle): >&c59cmol:&cfff coming [sng-ledge]
(mOlle): >&c59cmol:&cfff coming [sng-ledge]
(rio): >  &c353rio&r [water] &cfff0&r/&cfff68&r sg &caaa
(goblin): >&c599gob:&cfff &c931r&cfff161/19 [ra-low] 
(goblin): >&c599gob:&cfff andeh at [ra-entry]
(andeh): >&cd37and:&cfff &c931r&cfff127/137 &cf60rl&cfff&cf60:37&cfff &cf60lg&cfff&cf60:96&cfff [ra-low] 
(rio): >&cfffrio &caaa[&c666rl&caaa] took&r &cf31rl&cfff
[3] minutes remaining
Team [=s=] leads by 26 frags
(andeh): >&cd37and:&cfff &cf00dropped&cfff &cf60lg&cfff [quad] 2
(andeh): >&cd37and:&cfff &cf00dropped&cfff &cf60lg&cfff [quad] 2
(andeh): >&cd37and:&cfff &cf00dropped&cfff &cf60lg&cfff [quad] 2
(andeh): >&cd37and:&cfff &cf00dropped&cfff &cf60lg&cfff [quad] 2
(goblin): >&c599gob:&cfff &c931r&cfff161/84 sg [sng-low] c:12 
(andeh): >&cd37and:&cfff &cf00dropped&cfff &cf60lg&cfff [quad] 2
(andeh): >&cd37and:&cfff &cf00dropped&cfff &cf60lg&cfff [quad] 2
(andeh): >&cd37and:&cfff &cf00dropped&cfff &cf60lg&cfff [quad] 2
(andeh): >&cd37and:&cfff &cf00dropped&cfff &cf60lg&cfff [quad] 2
(Wimdowlicker): >wim: &cff0150&cfff/100 &cf13rl&cfff:12 [window] 
(zigg): >zig: &cff048&cfff/8 &cf13rl&cfff:12 [window] &c2aac&cfff:6
(splif): >spl: __ 0/100 [lifts-below]
(hangtime): >&c599han&cfff: 0/13 &c29flg&cfff:78 [quad] &cf13r&cfff:37
(hangtime): >&c599han&cfff: 0/13 &c29flg&cfff:78 [ring] &cf13r&cfff:37
(hangtime): >&c599han&cfff: 0/13 &c29flg&cfff:78 [ring] &cf13r&cfff:37
(Wimdowlicker): >wim: &cff0150&cfff/100 &cf13rl&cfff:21 [quad] 
(zigg): >zig: &cf00lost&cfff &cf00[&cffflifts.below&cf00]&cfff 1
(zigg): >zig: &cf00lost&cfff &cf00[&cffflifts.below&cf00]&cfff 1
(Wimdowlicker): >wim: &cff0122&cfff/83 &cf13rl&cfff:20 [quad] 
(hangtime): >&c599han&cfff: 0/13 &c29flg&cfff:78 [ra] &cf13r&cfff:37
(splif): >spl: __ 0/100 [lifts]
(hangtime): >&c599han&cfff took &cf00ra&cfff [ra]
(Wimdowlicker): >wim: &cf00enemy&cfff at [hill]
(hangtime): >&c599han&cfff: &ce00200&cfff/38 &c29flg&cfff:78 [sng-tele] &cf13r&cfff:37
(Wimdowlicker): >wim: &cf00lost&cfff &cf00[&cfffhill&cf00]&cfff 1
(goblin): >&c599gob:&cfff andeh at [rl]
(andeh): >&cd37and:&cfff &cf00lost&cfff [rl] 2
(andeh): >&cd37and:&cfff &cf00lost&cfff [rl] 2
(rio): >  &c353rio&r [ra] &cfff0&r/&cfff100&r sg &caaa
(andeh): >&cd37and:&cfff &cf00lost&cfff [sng-tele] 2
(andeh): >&cd37and:&cfff &cf00lost&cfff [sng-tele] 2
(andeh): >&cd37and:&cfff &cf00lost&cfff [sng-tele] 2
(goblin): >&c599gob:&cfff took &c0ffmega&cfff [hill]
(goblin): >&c599gob:&cfff 0/104 &cf31rl&cfff&cf31:2&cfff [hill] 
(rio): >&cfffrio &caaa[&c666ra&caaa] took&r &ce00ra&cfff
(goblin): >&c599gob:&cfff 0/84 &cf31rl&cfff&cf31:1&cfff [ra-tunnel] 
(goblin): >&c599gob:&cfff 0/84 &cf31rl&cfff&cf31:1&cfff [ra-tunnel] 
(goblin): >&c599gob:&cfff 0/84 &cf31rl&cfff&cf31:1&cfff [ra-tunnel] 
(goblin): >&c599gob:&cfff 0/84 &cf31rl&cfff&cf31:1&cfff [ra-tunnel] 
(goblin): >&c599gob:&cfff 0/84 &cf31rl&cfff&cf31:1&cfff [ra-tunnel] 
(andeh): >&cd37and:&cfff 0/100 [lifts] 
(goblin): >&c599gob:&cfff 0/84 &cf31rl&cfff&cf31:6&cfff [ra-rox] 
(goblin): >&c599gob:&cfff rio at [ra-low]
(andeh): >&cd37and:&cfff &cf00lost&cfff [ra-low] 1
(andeh): >&cd37and:&cfff &cf00lost&cfff [ra-low] 1
(goblin): >&c599gob:&cfff 0/24 &cf31rl&cfff&cf31:4&cfff [ra-low] 
(andeh): >&cd37and:&cfff &cf00lost&cfff [ra-low] 1
(andeh): >&cd37and:&cfff &cf00lost&cfff [ra-low] 1
(goblin): >&c599gob:&cfff 0/100 [ring] 
(goblin): >&c599gob:&cfff 0/100 sg [ra-low] rox:40 c:25 
(rio): >  &c353rio&r [ya-quad] &cfff0&r/&cfff100&r sg &caaa
(goblin): >&c599gob:&cfff 0/100 sg [ring] rox:40 c:25 
[2] minutes remaining
Team [=s=] leads by 24 frags
(andeh): >&cd37and:&cfff &cf00lost&cfff [rl] 2
(andeh): >&cd37and:&cfff &cf00lost&cfff [rl] 2
(andeh): >&cd37and:&cfff 0/199 [water-lg] 
(goblin): >&c599gob:&cfff 0/36 sg [window] rox:40 c:25 
(andeh): >&cd37and:&cfff 0/194 sg [water-lg] c:6 
(goblin): >&c599gob:&cfff &cf00lost&cfff [quad] 1
(goblin): >&c599gob:&cfff &cf00lost&cfff [quad] 1
(rio): >&cfa1rio &cfa6[&cfa9lifts&cfa6] coming&r &c991y&cfff&cfa6120/10&r 
(rio): >&cfa1rio &cfa6[&cfa9lifts&cfa6] coming&r &c991y&cfff&cfa6120/10&r 
(rio): >&cfa1rio &cfa6[&cfa9lifts&cfa6] coming&r &c991y&cfff&cfa6120/10&r 
(andeh): >&cd37and:&cfff took &cf60lg&cfff [water-lg]
(splif): >spl: __ [q] 0/23 sng:112 [window-quad]
(hangtime): >&c599han&cfff: &cff0150&cfff/89 &c2aass&cfff:45 [ya] &cf13r&cfff:5
(splif): >spl: __ [q] 0/23 sng:112 [window]
(Wimdowlicker): >wim: &cff017&cfff/100 &c2aalg&cfff:52 [ra.low] &cf13r&cfff:31 
(Wimdowlicker): >wim: &c0b0safe&cfff &c0b0[&cfffra&c0b0]&cfff &cff017&cfff / &c2aalg&cfff
(Wimdowlicker): >wim: &cff017&cfff/100 &c2aalg&cfff:52 [ra] &cf13r&cfff:31 
(splif): >spl: __ [q] 0/23 sng:112 [ya]
(Wimdowlicker): >wim: &ce00200&cfff/100 &c2aalg&cfff:52 [ra] &cf13r&cfff:31 
(Wimdowlicker): >wim: &ce00200&cfff/100 &c2aalg&cfff:48 [ra] &cf13r&cfff:35 
(Wimdowlicker): >wim: &c0b0safe&cfff &c0b0[&cfffra&c0b0]&cfff &ce00200&cfff / &c2aalg&cfff
(hangtime): >&c599han&cfff &cf00lost&cfff [rl] 1
(zigg): >zig: 0/82 [bridge.low] &cf13r&cfff:10
no weapon
(mOlle): >&c59cmol:&cfff 0/22 &cf31rl&cfff&cf60:10&cfff [ra-tunnel] 
(mOlle): >&c59cmol:&cfff 0/22 &cf31rl&cfff&cf60:10&cfff [ra-tunnel] 
(mOlle): >&c59cmol:&cfff 0/-8 &cf31rl&cfff&cf60:10&cfff [ra-tunnel] 
(andeh): >&cd37and:&cfff 0/91 &cf60rl&cfff&cf60:10&cfff &cf60lg&cfff&cf60:17&cfff [rl] 
(mOlle): >&c1ff>&r &cfffenemy&cfff &c777at&r [ra-tunnel]
(mOlle): >&c1ff>&r &cfffenemy&cfff &c777at&r [ra-tunnel]
(mOlle): >&c1ff>&r &cfffenemy&cfff &c777at&r [ra-tunnel]
(andeh): >&cd37and:&cfff 0/91 &cf60rl&cfff&cf60:10&cfff &cf60lg&cfff&cf60:17&cfff [rl] 
(mOlle): >&c1ff>&r &cfffenemy&cfff &c777at&r [ra-tunnel]
(andeh): >&cd37and:&cfff 0/91 &cf60rl&cfff&cf60:10&cfff &cf60lg&cfff&cf60:17&cfff [rl] 
(andeh): >&cd37and:&cfff 0/91 &cf60rl&cfff&cf60:10&cfff &cf60lg&cfff&cf60:17&cfff [rl] 
(andeh): >&cd37and:&cfff 0/91 &cf60rl&cfff&cf60:10&cfff &cf60lg&cfff&cf60:17&cfff [rl] 
(rio): >&c1ff>&r &cff0ya&cfff &c777at&r [ya-box]
(andeh): >&cd37and:&cfff 0/83 &cf60rl&cfff&cf60:10&cfff &cf60lg&cfff&cf60:17&cfff [bridge-high] 
(mOlle): >&c1ff>&r &cfffenemy&cfff &c777at&r [sng-tele]
(andeh): >&cd37and:&cfff took &cff0ya&cfff [ya-box]
(andeh): >&cd37and:&cfff &c991y&cfff150/100 &cf60rl&cfff&cf60:10&cfff &cf60lg&cfff&cf60:17&cfff [ya] 
(rio): >  &c353rio&r [water] &cfff0&r/&cfff80&r sg &caaa
(rio): >&cfffrio &caaa[&c666water-lg&caaa] took&r &c29flg&cfff
(goblin): >&c599gob:&cfff 0/100 sng [ring] 
[1] minute remaining
Team [=s=] leads by 23 frags
(goblin): >&c599gob:&cfff andeh at [ya]
(goblin): >&c599gob:&cfff 0/100 [ya-box] 
(goblin): >&c599gob:&cfff took &cff0ya&cfff [ya-box]
(goblin): >&c599gob:&cfff &c991y&cfff150/100 ssg [window] 
(splif): >spl: __ 0/68 rlg:19 [ya]
(splif): >spl: __ 0/68 rlg:19 [ya]
(Wimdowlicker): >wim: &ce0080&cfff/163 &c2aalg&cfff:29 [window] &cf13r&cfff:45 
(splif): >spl: __ 0/68 rlg:19 [ya]
(zigg): >zig: &cf00lost&cfff &cf00[&cfffbridge.high&cf00]&cfff 2
(zigg): >zig: &cf00lost&cfff &cf00[&cfffbridge.high&cf00]&cfff 2
(Wimdowlicker): >wim: &ce0080&cfff/161 &c2aalg&cfff:29 [quad] &cf13r&cfff:45 
(splif): >spl: __ 0/68 rlg:19 [ya-up]
(Wimdowlicker): >wim: &ce0080&cfff/158 &c2aalg&cfff:54 [quad] &cf13r&cfff:85 
(Wimdowlicker): >wim: &ce0080&cfff/158 &c2aalg&cfff:54 [quad] &cf13r&cfff:85 
(splif): >spl: __ 0/83 rlg:19 [ya]
(splif): >spl: __ &cff0y&cfff150/83 rlg:19 [ya-box]
(hangtime): >&c599han&cfff &c0b0safe&cfff [water] &c2aasg&cfff
(Wimdowlicker): >wim: &ce0060&cfff/240 &c2aalg&cfff:35 [rl] &cf13r&cfff:84 &c05fquad&cfff
(hangtime): >&c599han&cfff took &c29flg&cfff [water-lg]
[30] seconds
(Wimdowlicker): >wim: &ce0060&cfff/232 &c2aalg&cfff:35 [bridge.high] &cf13r&cfff:84 &c05fquad&cfff
(Wimdowlicker): >wim: &cf00enemy&cfff at [pent]
(hangtime): >&c599han&cfff: 0/100 &c29flg&cfff:6 [bridge-low] &cf13r&cfff:25
(Wimdowlicker): >wim: &ce0056&cfff/211 &c2aalg&cfff:24 [lifts] &cf13r&cfff:78 &c05fquad&cfff
(splif): >spl: __ &cff0y&cfff150/83 &cf13rl&cfff:23 [sng-lifts]
[15] seconds
(hangtime): >&c599han&cfff: 0/100 &c29flg&cfff:6 [ra-tunnel] &cf13r&cfff:25
Quad Damage is wearing off
[10] seconds
[9] seconds
[8] seconds
[7] seconds
[6] seconds
(hangtime): >&c599han&cfff took &cf00ra&cfff [ra]
(zigg): >zig: took &c0a0mega&cfff [pent]
[5] seconds
(hangtime): >&c599han&cfff: &ce00200&cfff/100 &c29flg&cfff:6 [ra] &cf13r&cfff:25
[4] seconds
[3] seconds
[2] seconds
[1] second
The match is over
trigger "onmatchover" has no matching alias

Player statistics:
______________________________________
Frags (rank) friendkills . efficiency
Team [+er+]:
__________
_ Wimdowlicker:
  62 (42) 3 75.6%
Wp: lg25.7% (52/202) rl45.9% gl13.3% sg46.8% ssg100.0%
RL skill: ad:100.9 dh:9
Armr&mhs: ga:0 ya:9 ra:6 mh:15
Powerups: Q:9 P:1 R:0
      RL: Took:7 Killed:6 Dropped:2 Xfer:1
      LG: Took:2 Killed:5 Dropped:0
  Damage: Tkn:5906 Gvn:9560 EWep:2665 Tm:486 Self:108 ToDie:295
    Time: Quad:171
 Streaks: Frags:32 QuadRun:7
  SpawnFrags: 3
__________
_ splif:
  47 (-18) 1 42.0%
Wp: lg35.1% (34/97) rl63.6% sg28.5% ssg53.0%
RL skill: ad:76.0 dh:7
Armr&mhs: ga:0 ya:7 ra:2 mh:4
Powerups: Q:2 P:0 R:0
      RL: Took:4 Killed:5 Dropped:0
      LG: Took:6 Killed:6 Dropped:0
  Damage: Tkn:8200 Gvn:6716 EWep:2341 Tm:172 Self:117 ToDie:126
    Time: Quad:11
 Streaks: Frags:6 QuadRun:0
  SpawnFrags: 2
__________
_ zigg:
  31 (-43) 1 29.5%
Wp: rl55.9% sg38.6% ssg40.8%
RL skill: ad:75.8 dh:7
Armr&mhs: ga:0 ya:5 ra:3 mh:6
Powerups: Q:0 P:0 R:0
      RL: Took:8 Killed:5 Dropped:2
      LG: Took:2 Killed:4 Dropped:0
  Damage: Tkn:8623 Gvn:6517 EWep:2342 Tm:139 Self:316 ToDie:116
    Time: Quad:0
 Streaks: Frags:8 QuadRun:0
  SpawnFrags: 0
__________
_ hangtime:
  38 (-17) 1 40.9%
Wp: lg28.0% (46/164) rl59.5% gl33.3% sg40.6% ssg33.3%
RL skill: ad:75.2 dh:5
Armr&mhs: ga:0 ya:6 ra:5 mh:5
Powerups: Q:2 P:0 R:0
      RL: Took:6 Killed:8 Dropped:2
      LG: Took:15 Killed:3 Dropped:8
  Damage: Tkn:7152 Gvn:6912 EWep:2717 Tm:248 Self:453 ToDie:130
    Time: Quad:33
 Streaks: Frags:5 QuadRun:3
  SpawnFrags: 4

Team [=s=]:
__________
_ rio:
  46 (8) 2 54.8%
Wp: lg44.8% (73/163) rl34.6% gl12.5% sg50.7% ssg52.7%
RL skill: ad:99.7 dh:4
Armr&mhs: ga:0 ya:7 ra:6 mh:10
Powerups: Q:3 P:1 R:0
      RL: Took:5 Killed:7 Dropped:0
      LG: Took:5 Killed:6 Dropped:1
  Damage: Tkn:6458 Gvn:7031 EWep:2430 Tm:200 Self:160 ToDie:169
    Time: Quad:90
 Streaks: Frags:16 QuadRun:5
  SpawnFrags: 2
__________
_ andeh:
  52 (-8) 0 46.4%
Wp: lg34.5% (40/116) rl53.0% sg51.7% ssg39.1%
RL skill: ad:103.4 dh:6
Armr&mhs: ga:0 ya:6 ra:8 mh:10
Powerups: Q:1 P:1 R:2
      RL: Took:7 Killed:4 Dropped:2
      LG: Took:10 Killed:6 Dropped:3
  Damage: Tkn:8766 Gvn:8373 EWep:2437 Tm:111 Self:412 ToDie:146
    Time: Quad:30
 Streaks: Frags:8 QuadRun:4
  SpawnFrags: 3
__________
_ goblin:
  67 (23) 1 60.4%
Wp: lg37.8% (34/90) rl73.8% sg38.7% ssg31.9%
RL skill: ad:77.6 dh:9
Armr&mhs: ga:0 ya:7 ra:9 mh:6
Powerups: Q:3 P:0 R:1
      RL: Took:8 Killed:11 Dropped:4 Xfer:1
      LG: Took:4 Killed:3 Dropped:0
  Damage: Tkn:7246 Gvn:8310 EWep:2726 Tm:162 Self:254 ToDie:164
    Time: Quad:72
 Streaks: Frags:11 QuadRun:5
  SpawnFrags: 5
__________
_ mOlle:
  32 (-24) 3 36.4%
Wp: lg45.5% (15/33) rl46.4% gl20.0% sg37.7% ssg55.4%
RL skill: ad:78.5 dh:7
Armr&mhs: ga:0 ya:3 ra:5 mh:5
Powerups: Q:0 P:1 R:1
      RL: Took:5 Killed:2 Dropped:1
      LG: Took:3 Killed:2 Dropped:1
  Damage: Tkn:7235 Gvn:6167 EWep:1795 Tm:425 Self:192 ToDie:129
    Time: Quad:0
 Streaks: Frags:9 QuadRun:0
  SpawnFrags: 4

______________________________________
[+er+] vs [=s=] match statistics:
______________________________________

weapons, powerups, armors&mhs, damage
______________________________________
[+er+]: Wp: lg29% rl28 gl4 sg36% ssg42%
Powerups: Q:13 P:1 R:0
Armr&mhs: ga:0 ya:27 ra:16 mh:30
      RL: Took:25 Killed:24 Dropped:6 Xfer:1
      LG: Took:25 Killed:18 Dropped:8
  Damage: Tkn:29881 Gvn:29705 EWep:10065 Tm:1045
    Time: Quad:216
[=s=]: Wp: lg40% rl26 gl2 sg44% ssg44%
Powerups: Q:7 P:3 R:4
Armr&mhs: ga:0 ya:23 ra:28 mh:31
      RL: Took:25 Killed:24 Dropped:7 Xfer:1
      LG: Took:22 Killed:17 Dropped:5
  Damage: Tkn:29705 Gvn:29881 EWep:9388 Tm:898
    Time: Quad:192
______________________________________
[dm3] top scorers:
______________________________________
      Frags: goblin [67]
     Deaths: zigg [74]
Friendkills: Wimdowlicker [3]
             mOlle [3]
 Efficiency: Wimdowlicker [75.6%]
 FragStreak: Wimdowlicker [32]
    QuadRun: Wimdowlicker [7]
  RL Killer: goblin [11]
Boomsticker: andeh [51.7%]
   Survivor: Wimdowlicker [295]
Annihilator: Wimdowlicker [9560]

______________________________________

Team scores: frags . percentage
______________________________________
[+er+]: 178 . 47.5%
[=s=]: 197 . 52.5%
______________________________________
[ServeMe] overflowed
Statistics stored (matchtag not recognised)
splif dropped
rio: ggs
hangtime: ggs
andeh: ggs
mOlle: ggs
zigg: ggs
]log 6
