Playing demo from 6.mvd


_____________________________________

_The Abandoned Base
airman.dc is ready [dc]
All players ready
Timer started
QiZmo: timer lag point disabled
Server starts recording (memory): 4on4_s_vs_dc[dm3]220202-2012.mvd
airman.dc: gl
matchdate: 2022-02-02 20:12:24 UTC
trigger "onmatchstart" has no matching alias
The match has begun!
(lethalwiz): >&c599lwz:&cfff 0/100 sg [sng-tele] c:12 
(lethalwiz): >&c599lwz:&cfff 0/-20 sg [sng-tele] c:12 
(lethalwiz): >&c599lwz:&cfff 0/100 [lifts] 
(rio): >&cfa1rio &cfa6[&cfa9pent&cfa6] coming&r &c991y&cfff&cfa6147/100&r 
(rio): >  &c353rio&r &cf00pent&cfff
(rio): >  &c353rio&r &cf00pent&cfff
(rio): >  &c353rio&r &cf00pent&cfff [pent] &c991y&cfff&cfff147&r/&cfff100&r sg &caaa
(andeh): >  &cd37and&r [lifts] &cfff0&r/&cfff100&r sg &caaa
(rio): >  &c353rio&r &cf00pent&cfff
(rio): >  &c353rio&r &cf00pent&cfff
(lethalwiz): >&c599lwz:&cfff &cf00lost&cfff [ya-up] 2
(lethalwiz): >&c599lwz:&cfff &cf00lost&cfff [ya-up] 2
(lethalwiz): >&c599lwz:&cfff 0/100 [ya] 
(rio): >  &c353rio&r &cf00pent&cfff [bridge-low] &c991y&cfff&cfff147&r/&cfff196&r &c299gl&cfff &caaa
(andeh): >  &cd37and&r [sng-tele] &cfff0&r/&cfff176&r sng &caaa
(goblin): >&c599gob:&cfff &cf00dropped&cfff &cf31rl&cfff [sng-lifts] 1
(goblin): >&c599gob:&cfff &cf00dropped&cfff &cf31rl&cfff [sng-lifts] 1
(goblin): >&c599gob:&cfff &cf00dropped&cfff &cf31rl&cfff [sng-lifts] 1
(lethalwiz): >&c599lwz:&cfff 0/-8 [ra] 
Satan's power deflects lethalwiz's telefrag
(lethalwiz): >&c599lwz:&cfff 0/100 [lifts] 
(andeh): >&cf00and &cf55[&cf99ra-low&cf55] lost&r &cf551&r
(andeh): >&cf00and &cf55[&cf99ra-low&cf55] lost&r &cf551&r
(andeh): >&cf00and &cf55[&cf99ra-low&cf55] lost&r &cf551&r
Protection is almost burned out
(lethalwiz): >&c599lwz:&cfff 0/100 [sng] 
(lethalwiz): >&c599lwz:&cfff 0/100 [sng-mega] 
(lethalwiz): >&c599lwz:&cfff 0/100 [sng-tele] 
(goblin): >&c599gob:&cfff 0/100 sg [sng-tele] c:12 
(lethalwiz): >&c599lwz:&cfff 0/100 [ra-rox] 
(andeh): >  &cd37and&r [ra-low] &cfff0&r/&cfff100&r sg &caaa
(lethalwiz): >&c599lwz:&cfff &cf00lost&cfff [ra-low] 1
(lethalwiz): >&c599lwz:&cfff 0/100 [ra-tunnel] 
(rio): >&cf00rio &cf55[&cf99ya&cf55] lost&r &cf552&r
(rio): >&cf00rio &cf55[&cf99ya&cf55] lost&r &cf552&r
(grl.dc): >&cf0fGRL&cfff &cf00lost&cfff &cf00[&cfffra.rox&cf00]&cfff 3
(grl.dc): >&cf0fGRL&cfff &cf00lost&cfff &cf00[&cfffra.rox&cf00]&cfff 3
[19] minutes remaining
Team [dc] leads by 5 frags
(airman.dc): >&c372 23 &cfff 0/100 sg [sng.tele] 
(pooll.dc): >&ca20poo&cfff  &ce0032&cfff/67 ng [ya.box] &cf13r&cfff:13 &c2aac&cfff:26 
(sniegov.dc): >&cf0fsha&cfff __ &c0b0safe&cfff &c0b0[lifts]&cfff sg:25
(pooll.dc): >&ca20poo&cfff  &cf00lost&cfff &cf00[&cfffya&cf00]&cfff 2
(pooll.dc): >&ca20poo&cfff  &cf00lost&cfff &cf00[&cfffya&cf00]&cfff 2
(pooll.dc): >&ca20poo&cfff  0/100 sg [ra.low] &cf13r&cfff:5 
(grl.dc): >&cf0fGRL&cfff coming [sng.mega]
(grl.dc): >&cf0fGRL&cfff coming [sng.mega]
(pooll.dc): >&ca20poo&cfff  0/100 sg [ra] &cf13r&cfff:5 
(pooll.dc): >&ca20poo&cfff   &cf00ra&cfff at [ra]
(pooll.dc): >&ca20poo&cfff   &cf00ra&cfff at [ra]
(sniegov.dc): >&ce00sni&cfff __ &ce00lost&cfff &ce00[&cfffrl&ce00]&cfff 2 
(sniegov.dc): >&ce00sni&cfff __ &ce00lost&cfff &ce00[&cfffrl&ce00]&cfff 2 
(sniegov.dc): >&ce00sni&cfff __ &ce00lost&cfff &ce00[&cfffrl&ce00]&cfff 2 
(airman.dc): >&c372 23 &cfff 0/100 sg [lifts] 
(airman.dc): >&c372 23 &cfff 0/100 sg [lifts] 
(grl.dc): >&cf0fGRL&cfff coming [ra.low]
(grl.dc): >&cf0fGRL&cfff coming [ra.low]
(pooll.dc): >&ca20poo&cfff  &cf00lost&cfff &cf00[&cfffya.quad&cf00]&cfff 2
(pooll.dc): >&ca20poo&cfff  &cf00lost&cfff &cf00[&cfffra.low&cf00]&cfff 1
(pooll.dc): >&ca20poo&cfff  &cf00lost&cfff &cf00[&cfffra.low&cf00]&cfff 1
(airman.dc): >&c372 23 &cfff 0/40 ssg [ra.tunnel] &cf13r&cfff:18 &c2aac&cfff:26 
(airman.dc): >&c372 23 &cfff 0/40 ssg [ra.tunnel] &cf13r&cfff:18 &c2aac&cfff:26 
(airman.dc): >&c372 23 &cfff 0/40 ssg [ra.tunnel] &cf13r&cfff:18 &c2aac&cfff:26 
(airman.dc): >&c372 23 &cfff 0/40 ssg [ra.tunnel] &cf13r&cfff:18 &c2aac&cfff:26 
(grl.dc): >&cf0fGRL&cfff waiting [ya.box]
(grl.dc): >&cf0fGRL&cfff waiting [ya.box]
(pooll.dc): >&ca20poo&cfff  0/76 sg [bridge.low] 
(grl.dc): >&cf0fGRL&cfff waiting [ya.box]
(grl.dc): >&cf0fGRL&cfff waiting [ya.box]
(sniegov.dc): >&ce00sni&cfff __ &ce00lost&cfff &ce00[&cfffring&ce00]&cfff 2 
(grl.dc): >&cf0fGRL&cfff coming [window]
(grl.dc): >&cf0fGRL&cfff coming [window]
[18] minutes remaining
Team [dc] leads by 1 frag
(airman.dc): >&c372 23 &cfff 0/100 sg [bridge.high] 
(airman.dc): >&c372 23 &cfff 0/100 sg [window] 
(grl.dc): >&cf0fGRL&cfff &cf00lost&cfff &cf00[&cfffquad&cf00]&cfff 4
(grl.dc): >&cf0fGRL&cfff &cf00lost&cfff &cf00[&cfffquad&cf00]&cfff 4
(grl.dc): >&cf0fGRL&cfff &cf00lost&cfff &cf00[&cfffquad&cf00]&cfff 1
(grl.dc): >&cf0fGRL&cfff &cf00lost&cfff &cf00[&cfffquad&cf00]&cfff 1
(airman.dc): >&c372 23 &cfff &cf2apack&cfff at [ya]
(grl.dc): >&cf0fGRL&cfff coming [ra.entry]
(grl.dc): >&cf0fGRL&cfff coming [ra.entry]
(grl.dc): >&cf0fGRL&cfff coming [ra.entry]
(goblin): >&c599gob:&cfff 0/200 sng [sng-mega] 
(goblin): >&c599gob:&cfff 0/200 sng [sng-mega] 
(lethalwiz): >&c599lwz:&cfff: &ce00186&cfff/27 &cf60rl&cfff:20 &cf60lg&cfff:0 [ra]
(andeh): >  &cd37and&r [ya] &cf660&r/&cfff65&r &cf31rl&cfff &caaaneed armor
(lethalwiz): >&c599lwz:&cfff &c931r&cfff186/27 &cf60rl&cfff&cf31:20&cfff &cf60lg&cfff&c29f:0&cfff [ra] 
(andeh): >&cfffand &caaa[&c666ya-box&caaa] took&r &cff0ya&cfff
(andeh): >&c0f0and &c5f5[&c9f9ya-box&c5f5] safe&r &cf31rl&cfff
(andeh): >&c0f0and &c5f5[&c9f9ya-box&c5f5] safe&r &cf31rl&cfff
(goblin): >&c599gob:&cfff 0/134 sng [sng-tele] 
(lethalwiz): >&c599lwz:&cfff &c931r&cfff167/62 &cf60rl&cfff&cf31:22&cfff &cf60lg&cfff&c29f:0&cfff [sng-low] 
(lethalwiz): >&c599lwz:&cfff &c931r&cfff167/62 &cf60rl&cfff&cf31:32&cfff &cf60lg&cfff&c29f:0&cfff [sng-low] 
(lethalwiz): >&c599lwz:&cfff &c931r&cfff167/62 &cf60rl&cfff&cf31:32&cfff &cf60lg&cfff&c29f:0&cfff [sng-low] 
(andeh): >  &cd37and&r [ya-quad] &c991y&cfff&cfff120&r/&cf6647&r &cf31rl&cfff&cf66:4&r &caaaneed health
(goblin): >&c599gob:&cfff 0/5 sng [ra] rox:5 
(goblin): >&c599gob:&cfff 0/5 sng [ra] rox:5 
(goblin): >&c599gob:&cfff 0/5 sng [ra] rox:5 
(rio): >&c1ff>&r   &c777at&r [quad]
(goblin): >&c599gob:&cfff 0/-7 sng [ra] rox:5 
(goblin): >&c599gob:&cfff 0/-7 sng [ra] rox:5 
(andeh): >  &cd37and&r [sng-low] &c991y&cfff&cfff120&r/&cf6647&r &cf31rl&cfff&cf66:4&r &caaaneed health
(goblin): >&c599gob:&cfff 0/100 [ra-low] 
(rio): >  &c353rio&r [ra] &c931r&cfff&cf6666&r/&cfff74&r &c29flg&cfff&c29f:23&r &caaaneed armor
(lethalwiz): >&c599lwz:&cfff &c931r&cfff167/100 &cf60rl&cfff&cf31:31&cfff &cf60lg&cfff&c29f:0&cfff [ra] 
(lethalwiz): >&c599lwz:&cfff &c931r&cfff167/100 &cf60rl&cfff&cf31:31&cfff &cf60lg&cfff&c29f:0&cfff [ra-low] 
(rio): >&cfffrio &caaa[&c666ra&caaa] took&r &ce00ra&cfff
(rio): >  &c353rio&r [ra-rox] &c931r&cfff&cfff200&r/&cfff74&r &c29flg&cfff&c29f:23&r &caaa
(rio): >  &c353rio&r [sng-tele] &c931r&cfff&cfff200&r/&cfff74&r &c29flg&cfff&c29f:23&r &caaa
[17] minutes remaining
Team [=s=] leads by 5 frags
(lethalwiz): >&c599lwz:&cfff &cf00dropped&cfff &cf60rl&cfff [quad] 2
(lethalwiz): >&c599lwz:&cfff &cf00dropped&cfff &cf60rl&cfff [quad] 2
(airman.dc): >&c372 23 &cfff &c05fquad&cfff at [quad]
(grl.dc): >&cf0fGRL&cfff coming [ya.box]
(grl.dc): >&cf0fGRL&cfff coming [ya.box]
(grl.dc): >&cf0fGRL&cfff coming [ya.box]
(rio): >  &c353rio&r [rl] &cf660&r/&cfff100&r &cf31rl&cfff &caaaneed armor
(andeh): >&c0f0and &c5f5[&c9f9ra&c5f5] safe&r &cf31rl&cfff
(andeh): >&cfffand &caaa[&c666ra&caaa] took&r &ce00ra&cfff
(andeh): >&cfffand &caaa[&c666ra&caaa] took&r &ce00ra&cfff
(lethalwiz): >&c599lwz:&cfff 0/100 sg [water-rox] rox:10 c:6 
(goblin): >&c599gob:&cfff &cf00dropped&cfff &c29flg&cfff [ya-quad] 3
(goblin): >&c599gob:&cfff &cf00dropped&cfff &c29flg&cfff [ya-quad] 3
(goblin): >&c599gob:&cfff &cf00dropped&cfff &c29flg&cfff [ya-quad] 3
(andeh): >  &cd37and&r [ra-rox] &c931r&cfff&cfff180&r/&cfff55&r &cf31rl&cfff&cf66:2&r &caaa
(rio): >  &c353rio&r [window] &cf660&r/&cfff100&r &cf31rl&cfff &caaaneed armor
(andeh): >  &cd37and&r [sng-ledge] &c931r&cfff&cfff180&r/&cfff80&r &cf31rl&cfff&cf66:2&r &caaa
(rio): >  &c353rio&r [ya-quad] &cf660&r/&cfff100&r &cf31rl&cfff &caaaneed armor
(lethalwiz): >&c599lwz:&cfff 0/80 &cf60lg&cfff&c29f:27&cfff [water-tunnel] 
(goblin): >&c599gob:&cfff 0/44 [ring] 
(goblin): >&c599gob:&cfff andeh at [ra-low]
(lethalwiz): >&c599lwz:&cfff 0/180 &cf60lg&cfff&c29f:27&cfff [pent] 
(andeh): >  &cd37and&r [ra-low] &c931r&cfff&cfff180&r/&cfff179&r &cf31rl&cfff &caaa
(goblin): >&c599gob:&cfff took &ce00ra&cfff [ra]
(rio): >  &cf31rl&cfff &cfffis&r 8 late
(rio): >  &cf31rl&cfff &cfffis&r 8 late
(rio): >  &cf31rl&cfff &cfffis&r 8 late
(goblin): >&c599gob:&cfff &c931r&cfff200/44 sg [sng-tele] rox:5 
(goblin): >&c599gob:&cfff &c931r&cfff200/44 sg [sng-tele] rox:5 
(andeh): >  &cd37and&r [ring] &c931r&cfff&cfff180&r/&cfff173&r &cf31rl&cfff &caaa
(lethalwiz): >&c599lwz:&cfff 0/136 &cf60lg&cfff&c29f:13&cfff [pent] 
(goblin): >&c599gob:&cfff &c931r&cfff200/69 sg [sng-tele] rox:5 
(lethalwiz): >&c599lwz:&cfff 0/134 &cf60lg&cfff&c29f:13&cfff [lifts] 
(lethalwiz): >&c599lwz:&cfff 0/133 &cf60lg&cfff&c29f:13&cfff [lifts] 
(lethalwiz): >&c599lwz:&cfff 0/132 &cf60lg&cfff&c29f:13&cfff [lifts] 
(lethalwiz): >&c599lwz:&cfff 0/131 &cf60lg&cfff&c29f:13&cfff [lifts] 
(lethalwiz): >&c599lwz:&cfff 0/131 &cf60lg&cfff&c29f:13&cfff [lifts] 
(goblin): >&c599gob:&cfff &c931r&cfff156/100 sg [window] rox:5 
(lethalwiz): >&c599lwz:&cfff 0/125 &cf60lg&cfff&c29f:13&cfff [ra-entry] 
(rio): >&c1ff>&r   &c777at&r [ra]
(lethalwiz): >&c599lwz:&cfff: 0/116 &cf60lg&cfff:0 [ra] &cf13r&cfff:11
[16] minutes remaining
Team [=s=] leads by 10 frags
(lethalwiz): >&c599lwz:&cfff 0/114 &cf60lg&cfff&c29f:0&cfff [ra] 
(lethalwiz): >&c599lwz:&cfff 0/114 &cf60lg&cfff&c29f:0&cfff [ra] 
(goblin): >&c599gob:&cfff 0/100 [sng-tele] 
(andeh): >  &cd37and&r [quad] &c931r&cfff&cfff121&r/&cfff139&r &cf31rl&cfff &caaa
(andeh): >  &cd37and&r [quad] &c931r&cfff&cfff121&r/&cfff139&r &cf31rl&cfff &caaa
(andeh): >&c0f0and &c5f5[&c9f9quad&c5f5] safe&r &cf31rl&cfff
(andeh): >  &c05fand&r __ &c05fteam quad typ&r __
(andeh): >  &c05fand&r __ &c05fteam quad typ&r __
(rio): >  &c353rio&r [ring] &c931r&cfff&cfff168&r/&cfff92&r &cf31rl&cfff &caaa
(goblin): >&c599gob:&cfff 0/25 ssg [ya] 
(goblin): >&c599gob:&cfff &c991y&cfff150/50 ssg [window] 
(goblin): >&c599gob:&cfff &c991y&cfff150/50 ssg [window] 
(rio): >&c0f0rio &c5f5[&c9f9ra&c5f5] safe&r &cf31rl&cfff
(rio): >&c0f0rio &c5f5[&c9f9ra&c5f5] safe&r &cf31rl&cfff
(lethalwiz): >&c599lwz:&cfff &c931r&cfff200/100 &cf60lg&cfff&c29f:0&cfff [ra] 
(andeh): >  &cd37and&r &c05fquad&cfff [window] &c931r&cfff&cf6667&r/&cfff106&r &cf31rl&cfff &caaaneed armor
(andeh): >  &cd37and&r &c05fquad&cfff [ra-entry] &c931r&cfff&cf6667&r/&cfff101&r &cf31rl&cfff &caaaneed armor
Quad Damage is wearing off
(andeh): >&cfffand &caaa[&c666ra&caaa] took&r &ce00ra&cfff
(lethalwiz): >&c599lwz:&cfff &c931r&cfff200/100 &cf60lg&cfff&c29f:12&cfff [lifts-below] 
(andeh): >  &cd37and&r [quad] &c931r&cfff&cfff200&r/&cfff100&r &cf31rl&cfff &caaa
(goblin): >&c599gob:&cfff 0/100 [bridge-low] 
(rio): >  &c353rio&r [pent] &c931r&cfff&cfff134&r/&cfff99&r &cf31rl&cfff &c29flg&cfff&cf66:0&r &caaa
(goblin): >&c599gob:&cfff 0/4 sg [water-lg] rox:10 c:12 
(goblin): >&c599gob:&cfff 0/4 sg [water-lg] rox:10 c:12 
(andeh): >  &cd37and&r [quad] &cf660&r/&cf6610&r &cf31rl&cfff &caaaneed armor health
(rio): >&c1ff>&r   &c777at&r [pent]
(lethalwiz): >&c599lwz:&cfff &c931r&cfff16/54 &cf60rl&cfff&cf31:11&cfff &cf60lg&cfff&c29f:15&cfff [pent] 
(goblin): >&c599gob:&cfff 0/4 sg [pent] rox:10 c:12 
[15] minutes remaining
Team [=s=] leads by 17 frags
(andeh): >&cf00and &cf55[&cf99ring&cf55] lost&r &cf551&r
(andeh): >&cf00and &cf55[&cf99ring&cf55] lost&r &cf551&r
(andeh): >&cf00and &cf55[&cf99ring&cf55] lost&r &cf551&r
(goblin): >&c599gob:&cfff 0/4 ssg [pent] rox:12 c:12 
(andeh): >  &cd37and&r [ra] &cfff0&r/&cfff60&r sg &caaa
(lethalwiz): >&c599lwz:&cfff 0/30 &cf60rl&cfff&cf31:6&cfff &cf60lg&cfff&c29f:15&cfff [lifts] 
(andeh): >&cfffand &caaa[&c666ra&caaa] took&r &ce00ra&cfff
(rio): >  &c353rio&r &c05fq&cfff&cf00pent&cfff [ra-tunnel] &cf660&r/&cfff183&r &cf31rl&cfff&cf66:0&r &c29flg&cfff&cf66:0&r &caaaneed armor
(andeh): >  &cd37and&r [ya-quad] &c931r&cfff&cfff196&r/&cfff4&r sg &caaa
(goblin): >&c599gob:&cfff took &cf31rl&cfff [rl]
(goblin): >&c599gob:&cfff took &cf31rl&cfff [rl]
(lethalwiz): >&c599lwz:&cfff 0/-20 &cf60rl&cfff&cf31:5&cfff &cf60lg&cfff&c29f:15&cfff [sng-ledge] 
(lethalwiz): >&c599lwz:&cfff 0/-20 &cf60rl&cfff&cf31:5&cfff &cf60lg&cfff&c29f:15&cfff [sng-ledge] 
(lethalwiz): >&c599lwz:&cfff 0/-20 &cf60rl&cfff&cf31:5&cfff &cf60lg&cfff&c29f:15&cfff [sng-ledge] 
(goblin): >&c599gob:&cfff 0/4 &cf31rl&cfff&cf31:17&cfff [water-tunnel] 
(goblin): >&c599gob:&cfff 0/4 &cf31rl&cfff&cf31:17&cfff [water-tunnel] 
(goblin): >&c599gob:&cfff 0/4 &cf31rl&cfff&cf31:17&cfff [water-tunnel] 
(andeh): >  &cd37and&r [water] &c931r&cfff&cfff196&r/&cfff44&r sg &caaa
(lethalwiz): >&c599lwz:&cfff &cf00lost&cfff [sng-ledge] 1
(lethalwiz): >&c599lwz:&cfff &cf00lost&cfff [sng-ledge] 1
(goblin): >&c599gob:&cfff &cf00enemy&cfff at [lifts]
(lethalwiz): >&c599lwz:&cfff &cf00lost&cfff [sng-ledge] 1
(goblin): >&c599gob:&cfff &cf00enemy&cfff at [lifts]
(goblin): >&c599gob:&cfff &cf00enemy&cfff at [lifts]
(andeh): >  &cd37and&r [water] &c931r&cfff&cfff196&r/&cfff44&r sg &caaa
(lethalwiz): >&c599lwz:&cfff &cf00lost&cfff [sng-tele] 1
(rio): >  &c353rio&r &c05fq&cfff&cf00pent&cfff [ra] &cf660&r/&cfff169&r &cf31rl&cfff &c29flg&cfff&cf66:0&r &caaaneed armor
(lethalwiz): >&c599lwz:&cfff &cf00lost&cfff [sng-tele] 1
Protection is almost burned out
(andeh): >&cfffand &caaa[&c666water-lg&caaa] took&r &c29flg&cfff
(andeh): >&cfffand &caaa[&c666water-lg&caaa] took&r &c29flg&cfff
(goblin): >&c599gob:&cfff 0/4 &cf31rl&cfff&cf31:17&cfff [lifts] 
(goblin): >&c599gob:&cfff 0/4 &cf31rl&cfff&cf31:17&cfff [lifts] 
(lethalwiz): >&c599lwz:&cfff 0/100 [ra-tunnel] 
Quad Damage is wearing off
(andeh): >  &cd37and&r [hill] &c931r&cfff&cfff196&r/&cf6644&r &c29flg&cfff&c29f:27&r &caaaneed health
(goblin): >&c599gob:&cfff 0/4 &cf31rl&cfff&cf31:17&cfff [ring] 
(andeh): >  &cd37and&r [ra-tunnel] &c931r&cfff&cfff196&r/&cf6644&r &c29flg&cfff&c29f:27&r &caaaneed health
(andeh): >&cfa1and &cfa6[&cfa9ra-tunnel&cfa6] coming&r &c931r&cfff&cfa6196/44&r &c29flg&cfff
(andeh): >&cfa1and &cfa6[&cfa9ra-tunnel&cfa6] coming&r &c931r&cfff&cfa6196/44&r &c29flg&cfff
(lethalwiz): >&c599lwz:&cfff &cf00lost&cfff [sng-ledge] 1
(goblin): >&c599gob:&cfff andeh at [ra-low]
(rio): >  &c353rio&r [sng-ledge] &c931r&cfff&cfff104&r/&cfff128&r &cf31rl&cfff &c29flg&cfff&c29f:10&r &caaa
(lethalwiz): >&c599lwz:&cfff &cf00lost&cfff [rl] 2
(lethalwiz): >&c599lwz:&cfff &cf00lost&cfff [rl] 2
(rio): >&c0f0rio weapon killed! &c5f5[&c9f9sng-ledge&c5f5]&r \&c0ff0&cfff/
(rio): >&c0f0rio weapon killed! &c5f5[&c9f9sng-ledge&c5f5]&r \&c0ff0&cfff/
(lethalwiz): >&c599lwz:&cfff &cf00lost&cfff [ya] 3
(lethalwiz): >&c599lwz:&cfff &cf00lost&cfff [ya] 3
(goblin): >&c599gob:&cfff &c931r&cfff200/4 &cf31rl&cfff&cf31:17&cfff [ra] 
[14] minutes remaining
Team [=s=] leads by 17 frags
(goblin): >&c599gob:&cfff &c931r&cfff200/4 &cf31rl&cfff&cf31:17&cfff [sng-tele] 
(andeh): >  &cd37and&r [sng-lifts] &c931r&cfff&cfff161&r/&cf6637&r &c29flg&cfff&c29f:13&r &caaaneed health
(goblin): >&c599gob:&cfff &c931r&cfff200/4 &cf31rl&cfff&cf31:15&cfff [ra-rox] 
(goblin): >&c599gob:&cfff &c931r&cfff200/4 &cf31rl&cfff&cf31:15&cfff [ra-rox] 
(rio): >  &c353rio&r [quad] &c931r&cfff&cf661&r/&cfff180&r &cf31rl&cfff &c29flg&cfff&c29f:10&r &caaaneed armor
(lethalwiz): >&c599lwz:&cfff &cf00lost&cfff [rl] 2
(lethalwiz): >&c599lwz:&cfff &cf00lost&cfff [rl] 2
(goblin): >&c599gob:&cfff &c931r&cfff200/4 &cf31rl&cfff&cf31:15&cfff [sng-tele] 
(lethalwiz): >&c599lwz:&cfff 0/100 [hill] 
(andeh): >  &c05fand&r __ &c05fteam quad typ&r __
(goblin): >&c599gob:&cfff &c931r&cfff200/69 &cf31rl&cfff&cf31:15&cfff [sng-tele] 
(lethalwiz): >&c599lwz:&cfff &cf00lost&cfff [bridge-low] 2
(andeh): >&cfffand &caaa[&c666window-quad&caaa] took&r {&r__&cf2aPACK&r__&
(lethalwiz): >&c599lwz:&cfff &cf00lost&cfff [bridge-low] 2
(andeh): >  &cd37and&r &c05fquad&cfff [quad] &c931r&cfff&cf6657&r/&cfff51&r &cf31rl&cfff &c29flg&cfff&c29f:10&r &caaaneed armor
(rio): >&c1ff>&r   &c777at&r [ya]
(rio): >&c1ff>&r &r__&cf2aPACK&r__&r &c777at&r [ya-box]
(andeh): >  &cd37and&r &c05fquad&cfff [ring] &c931r&cfff&cf664&r/&cf6640&r &cf31rl&cfff &c29flg&cfff&c29f:8&r &caaaneed armor health
(andeh): >&cfa1and &cfa6[&cfa9ra-entry&cfa6] coming&r &c931r&cfff&cfa64/40&r &cf31rl&cfff
(goblin): >&c599gob:&cfff &c931r&cfff187/66 &cf31rl&cfff&cf31:12&cfff [sng-tele] 
(andeh): >  &cd37and&r &c05fquad&cfff [ra] &c931r&cfff&cf664&r/&cf6640&r &cf31rl&cfff &c29flg&cfff&c29f:20&r &caaaneed armor health
(rio): >  &c353rio&r [ya-quad] &cf660&r/&cfff100&r &cf31rl&cfff &c29flg&cfff&c29f:10&r &caaaneed armor
(andeh): >&cfffand &caaa[&c666ra&caaa] took&r &ce00ra&cfff
(lethalwiz): >&c599lwz:&cfff &cf00lost&cfff [bridge-low] 1
(lethalwiz): >&c599lwz:&cfff &cf00lost&cfff [bridge-low] 1
(rio): >&c0f0rio &c5f5[&c9f9ra&c5f5] safe&r &cf31rl&cfff
(lethalwiz): >&c599lwz:&cfff 0/100 [lifts] 
(rio): >&c0f0rio &c5f5[&c9f9ra&c5f5] safe&r &cf31rl&cfff
(goblin): >&c599gob:&cfff &c931r&cfff123/94 &cf31rl&cfff&cf31:5&cfff [sng-tele] 
Quad Damage is wearing off
(lethalwiz): >&c599lwz:&cfff &c0ffmega&cfff at [sng-mega]
(lethalwiz): >&c599lwz:&cfff &c0ffmega&cfff at [sng-mega]
(rio): >&c0f0rio &c5f5[&c9f9ra&c5f5] safe&r &cf31rl&cfff
(rio): >&c0f0rio &c5f5[&c9f9ra&c5f5] safe&r &cf31rl&cfff
(rio): >&c1ff>&r   &c777at&r [ra]
(rio): >&cfffrio &caaa[&c666ra&caaa] took&r &ce00ra&cfff
(goblin): >&c599gob:&cfff 0/23 &cf31rl&cfff&cf31:0&cfff &c29flg&cfff&c29f:12&cfff [ra-low] 
(goblin): >&c599gob:&cfff 0/23 &cf31rl&cfff&cf31:0&cfff &c29flg&cfff&c29f:12&cfff [ra-low] 
(andeh): >  &cd37and&r [ring] &c931r&cfff&cfff70&r/&cfff51&r &cf31rl&cfff &c29flg&cfff&c29f:29&r &caaa
(goblin): >&c599gob:&cfff 0/23 &cf31rl&cfff&cf31:5&cfff &c29flg&cfff&c29f:12&cfff [ra-rox] 
(rio): >  &c353rio&r [quad] &c931r&cfff&cfff122&r/&cfff80&r &cf31rl&cfff &c29flg&cfff&c29f:10&r &caaa
(goblin): >&c599gob:&cfff 0/23 &cf31rl&cfff&cf31:5&cfff &c29flg&cfff&c29f:12&cfff [sng-tele] 
(rio): >  &c353rio&r [quad] &c931r&cfff&cf6659&r/&cfff64&r &cf31rl&cfff &c29flg&cfff&cf66:0&r &caaaneed armor
(rio): >&c1ff>&r   &c777at&r [quad]
[13] minutes remaining
Team [=s=] leads by 30 frags
(andeh): >  &cd37and&r [lifts-below] &c931r&cfff&cf665&r/&cf6636&r &cf31rl&cfff &c29flg&cfff&c29f:18&r &caaaneed armor health
(rio): >  &c05fquad&cfff &cfffis at [11/49]&r 11 late
(rio): >  &c05fquad&cfff &cfffis at [11/49]&r 11 late
(rio): >  &c05fquad&cfff &cfffis at [11/49]&r 11 late
(rio): >  &c05fquad&cfff &cfffis at [11/49]&r 11 late
(goblin): >&c599gob:&cfff 0/48 &cf31rl&cfff&cf31:5&cfff &c29flg&cfff&c29f:12&cfff [ra] 
(goblin): >&c599gob:&cfff 0/48 &cf31rl&cfff&cf31:5&cfff &c29flg&cfff&c29f:12&cfff [ra] 
(andeh): >  &cd37and&r [sng-ledge] &c931r&cfff&cf665&r/&cfff76&r &cf31rl&cfff &c29flg&cfff&c29f:18&r &caaaneed armor
(goblin): >&c599gob:&cfff 0/48 &cf31rl&cfff&cf31:5&cfff &c29flg&cfff&c29f:12&cfff [ra] 
(lethalwiz): >&c599lwz:&cfff &cf00lost&cfff [hill] 3
(airman.dc): >&c372 23 &cfff 0/24 &cf13rl&cfff:59 &c2aalg&cfff:10 [ya.box] &c05fquad&cfff
(airman.dc): >&c372 23 &cfff 0/24 &cf13rl&cfff:59 &c2aalg&cfff:10 [ya.box] &c05fquad&cfff
(airman.dc): >&c372 23 &cfff &cf00dropped&cfff &c2aalg&cfff &cf40[&cfffra.low&cf40]&cfff 1
(sniegov.dc): >&cf0fsha&cfff __ &c0b0safe&cfff &c0b0[rl]&cfff &cf60rl&cfff:5
(grl.dc): >&cf0fGRL&cfff coming [lifts]
(grl.dc): >&cf0fGRL&cfff coming [lifts]
(grl.dc): >&cf0fGRL&cfff coming [lifts]
(airman.dc): >&c372 23 &cfff 0/24 &cf13rl&cfff:59 &c2aalg&cfff:6 [ya.box] &c05fquad&cfff
(airman.dc): >&c372 23 &cfff 0/24 &cf13rl&cfff:59 &c2aalg&cfff:6 [ya.box] &c05fquad&cfff
(airman.dc): >&c372 23 &cfff 0/24 &cf13rl&cfff:59 &c2aalg&cfff:6 [ya.box] &c05fquad&cfff
(airman.dc): >&c372 23 &cfff 0/24 &cf13rl&cfff:59 &c2aalg&cfff:6 [ya.box] &c05fquad&cfff
(sniegov.dc): >&cf0fsha&cfff __ &c0b0safe&cfff &c0b0[water]&cfff &cf60rl&cfff:4
(sniegov.dc): >&cf0fsha&cfff    &cff0need armor cells [bridge.high]
(sniegov.dc): >&cf0fsha&cfff    &cff0need armor cells [ya.entry]
(sniegov.dc): >&cf0fsha&cfff __ &c0b0safe&cfff &c0b0[ya.box]&cfff &cf60rl&cfff:18
(sniegov.dc): >&cf0fsha&cfff __ &c0b0safe&cfff &c0b0[ya.box]&cfff &cf60rl&cfff:18
(airman.dc): >&c372 23 &cfff &cff0150&cfff/24 &cf13rl&cfff:64 &c2aalg&cfff:6 [ra.tunnel] &c05fquad&cfff
(airman.dc): >&c372 23 &cfff &cff0150&cfff/24 &cf13rl&cfff:64 &c2aalg&cfff:6 [ra.tunnel] &c05fquad&cfff
(sniegov.dc): >&cf0fsha&cfff __ &c0b0safe&cfff &c0b0[ya.box]&cfff &cf60rl&cfff:18
(sniegov.dc): >&cf0fsha&cfff __ &c0b0safe&cfff &c0b0[ya.box]&cfff &cf60rl&cfff:18
Quad Damage is wearing off
(grl.dc): >&cf0fGRL&cfff coming [lifts]
(grl.dc): >&cf0fGRL&cfff coming [lifts]
(grl.dc): >&cf0fGRL&cfff coming [lifts]
(grl.dc): >&cf0fGRL&cfff coming [lifts]
(grl.dc): >&cf0fGRL&cfff coming [lifts]
(pooll.dc): >&ca20poo&cfff  &cf00lost&cfff &cf00[&cfffsng.low&cf00]&cfff 1
(pooll.dc): >&ca20poo&cfff  &cf00lost&cfff &cf00[&cfffsng.low&cf00]&cfff 1
(airman.dc): >&c372 23 &cfff &cff096&cfff/13 &cf13rl&cfff:61 &c2aalg&cfff:11 [ra.tunnel] 
(pooll.dc): >&ca20poo&cfff  &cf60coming&cfff [ra.tunnel]
(pooll.dc): >&ca20poo&cfff  &cf60coming&cfff [ra.tunnel]
(rio): >&c1ff>&r   &c777at&r [rl]
(lethalwiz): >&c599lwz:&cfff &cf00lost&cfff [water] 0
(goblin): >&c599gob:&cfff &c931r&cfff157/145 &cf31rl&cfff&cf31:0&cfff &c29flg&cfff&c29f:0&cfff [ra] 
(andeh): >  &cd37and&r [ra] &c931r&cfff&cfff108&r/&cfff77&r &cf31rl&cfff &c29flg&cfff&c29f:14&r &caaa
[12] minutes remaining
Team [=s=] leads by 28 frags
(andeh): >&cfffand &caaa[&c666ra&caaa] took&r &ce00ra&cfff
(lethalwiz): >&c599lwz:&cfff &cf00lost&cfff [ya-box] 1
(lethalwiz): >&c599lwz:&cfff &cf00lost&cfff [ya-box] 1
(rio): >  &c05fquad&cfff &cfffis at [13/47]&r 13 late
(rio): >  &c05fquad&cfff &cfffis at [13/47]&r 13 late
(rio): >  &c05fquad&cfff &cfffis at [13/47]&r 13 late
(rio): >  &c353rio&r [rl] &cf660&r/&cfff100&r &cf31rl&cfff&cf66:4&r &c29flg&cfff&c29f:21&r &caaaneed armor
(goblin): >&c599gob:&cfff &cf2apack&cfff at [quad]
(goblin): >&c599gob:&cfff &cf2apack&cfff at [quad]
(grl.dc): >&cf0fGRL&cfff coming [window]
(grl.dc): >&cf0fGRL&cfff coming [window]
(grl.dc): >&cf0fGRL&cfff coming [window]
(lethalwiz): >&c599lwz:&cfff 0/-96 &cf60rl&cfff&cf31:76&cfff [window-quad] &c05fquad&cfff
(andeh): >&cf00and &cf55[&cf99quad&cf55] lost&r &cf552&r
(andeh): >&cf00and &cf55[&cf99quad&cf55] lost&r &cf552&r
(rio): >  &cf31rl&cfff &cfffis&r 7 late
(rio): >  &cf31rl&cfff &cfffis&r 7 late
(rio): >  &cf31rl&cfff &cfffis&r 7 late
(rio): >  &cf31rl&cfff &cfffis&r 7 late
(rio): >  &cf31rl&cfff &cfffis&r 7 late
(andeh): >&cf00and &cf55[&cf99ra&cf55] lost&r &cf552&r
(andeh): >&cf00and &cf55[&cf99ra&cf55] lost&r &cf552&r
(andeh): >&cf00and &cf55[&cf99ra&cf55] lost&r &cf552&r
(andeh): >&cf00and &cf55[&cf99ra&cf55] lost&r &cf552&r
(andeh): >&cf00and &cf55[&cf99ra&cf55] lost&r &cf552&r
(rio): >  &cf31rl&cfff &cfffis&r 7 late
(rio): >  &cf31rl&cfff &cfffis&r 7 late
(rio): >  &cf31rl&cfff &cfffis&r 7 late
(rio): >  &cf31rl&cfff &cfffis&r 7 late
(rio): >  &cf31rl&cfff &cfffis&r 7 late
(rio): >  &cf31rl&cfff &cfffis&r 7 late
(rio): >  &cf31rl&cfff &cfffis&r 7 late
(rio): >  &cf31rl&cfff &cfffis&r 7 late
(rio): >  &cf31rl&cfff &cfffis&r 7 late
(rio): >  &cf31rl&cfff &cfffis&r 7 late
(rio): >  &cf31rl&cfff &cfffis&r 7 late
(rio): >  &cf31rl&cfff &cfffis&r 7 late
(lethalwiz): >&c599lwz:&cfff &cf00lost&cfff [rl] 1
(goblin): >&c599gob:&cfff 0/100 [sng-tele] 
(andeh): >&cf00and &cf55[&cf99rl&cf55] lost&r &cf551&r
(andeh): >&cf00and &cf55[&cf99rl&cf55] lost&r &cf551&r
(andeh): >&cf00and &cf55[&cf99rl&cf55] lost&r &cf551&r
(rio): >&cf00rio &cf55[&cf99ra-entry&cf55] lost&r &cf552&r
(grl.dc): >&cf0fGRL&cfff &cf00lost&cfff &cf00[&cfffra.low&cf00]&cfff 1
(grl.dc): >&cf0fGRL&cfff &cf00lost&cfff &cf00[&cfffra.low&cf00]&cfff 1
(sniegov.dc): >&cf0fsha&cfff __ &c0b0safe&cfff &c0b0[ya]&cfff ssg:91
(grl.dc): >&cf0fGRL&cfff coming [sng.tele]
(grl.dc): >&cf0fGRL&cfff coming [sng.tele]
(grl.dc): >&cf0fGRL&cfff coming [sng.tele]
(pooll.dc): >&ca20poo&cfff  &ce00200&cfff/115 &cf13rl&cfff:11 [ra.low] &c2aac&cfff:6 
(sniegov.dc): >&cf0fsha&cfff __ &c0b0safe&cfff &c0b0[ya]&cfff ssg:91
(airman.dc): >&c372 23 &cfff &cff055&cfff/59 &cf13rl&cfff:1 [ya] &c2aac&cfff:6 
(grl.dc): >&cf0fGRL&cfff &cf00lost&cfff &cf00[&cfffrl&cf00]&cfff 1
(pooll.dc): >&ca20poo&cfff  &ce00189&cfff/100 &cf13rl&cfff:3 [sng.tele] &c2aac&cfff:6 
(pooll.dc): >&ca20poo&cfff  &ce00189&cfff/100 &cf13rl&cfff:3 [sng.mega] &c2aac&cfff:6 
[11] minutes remaining
Team [=s=] leads by 22 frags
(sniegov.dc): >&cf0fsha&cfff    &cf60coming&cfff [window]
(pooll.dc): >&ca20poo&cfff  &cf60coming&cfff [sng.low]
(pooll.dc): >&ca20poo&cfff  &cf60coming&cfff [sng.low]
(pooll.dc): >&ca20poo&cfff  &ce00189&cfff/100 &cf13rl&cfff:13 [sng.low] &c2aac&cfff:6 
(sniegov.dc): >&cf0fsha&cfff __ &c0b0safe&cfff &c0b0[window]&cfff ssg:96
(sniegov.dc): >&cf0fsha&cfff __ &c0b0safe&cfff &c0b0[window.quad]&cfff ssg:96
(airman.dc): >&c372 23 &cfff &cf2apack&cfff at [quad]
(grl.dc): >&cf0fGRL&cfff coming [window]
(airman.dc): >&c372 23 &cfff &cf2apack&cfff at [quad]
(grl.dc): >&cf0fGRL&cfff coming [window]
(grl.dc): >&cf0fGRL&cfff coming [window]
(sniegov.dc): >&ce00sni&cfff __ &ce00lost&cfff &ce00[&cfffhill&ce00]&cfff 3 
(pooll.dc): >&ca20poo&cfff  &cf60coming&cfff [ya.up]
(sniegov.dc): >&cf0fsha&cfff __ &c0b0safe&cfff &c0b0[ya.box]&cfff ssg:55
(sniegov.dc): >&cf0fsha&cfff __ &c0b0safe&cfff &c0b0[ya.box]&cfff ssg:55
(grl.dc): >&cf0fGRL&cfff 0/100 &cf13rl&cfff:84 [ra] &c2aac&cfff:33
(grl.dc): >&cf0fGRL&cfff 0/100 &cf13rl&cfff:84 [ra] &c2aac&cfff:33
(sniegov.dc): >&ce00sni&cfff __ &ce00lost&cfff &ce00[&cfffwindow&ce00]&cfff 2 
(sniegov.dc): >&ce00sni&cfff __ &ce00lost&cfff &ce00[&cfffwindow&ce00]&cfff 2 
(sniegov.dc): >&ce00sni&cfff __ &ce00lost&cfff &ce00[&cfffwindow&ce00]&cfff 2 
Quad Damage is wearing off
(pooll.dc): >&ca20poo&cfff  &ce00105&cfff/100 &cf13rl&cfff:12 [ra.rox] &c2aac&cfff:6 
(airman.dc): >&c372 23 &cfff &cff0150&cfff/100 &cf13rl&cfff:21 [ra] &c2aac&cfff:39 
(airman.dc): >&c372 23 &cfff &cff0150&cfff/100 &cf13rl&cfff:21 [ra] &c2aac&cfff:39 
(sniegov.dc): >&cf0fsha&cfff 0/80 [bridge.low] gl &cf13r&cfff:11
(airman.dc): >&c372 23 &cfff &cff0150&cfff/100 &cf13rl&cfff:21 [ra] &c2aac&cfff:39 
(airman.dc): >&c372 23 &cfff &cff0150&cfff/100 &cf13rl&cfff:21 [ra] &c2aac&cfff:39 
(sniegov.dc): >&ce00sni&cfff __ &ce00lost&cfff &ce00[&cfffwater.tunnel&ce00]&cfff 1 
(sniegov.dc): >&ce00sni&cfff __ &ce00lost&cfff &ce00[&cfffwater.tunnel&ce00]&cfff 1 
[10] minutes remaining
Team [=s=] leads by 16 frags
(grl.dc): >&cf0fGRL&cfff 0/58 &cf13rl&cfff:80 [lifts.below] &c2aac&cfff:33
(grl.dc): >&cf0fGRL&cfff 0/58 &cf13rl&cfff:80 [lifts.below] &c2aac&cfff:33
(airman.dc): >&c372 23 &cfff &cf2apack&cfff at [window]
(andeh): >&cf00and &cf55[&cf99window&cf55] lost&r &c55f(dropped lg-pack:3)&r
(andeh): >&cf00and &cf55[&cf99window&cf55] lost&r &c55f(dropped lg-pack:3)&r
(airman.dc): >&c372 23 &cfff &cf2apack&cfff at [pent]
(pooll.dc): >&ca20poo&cfff   &cf2apack&cfff at [pent]
(pooll.dc): >&ca20poo&cfff   &cf2apack&cfff at [pent]
(airman.dc): >&c372 23 &cfff &cf2apack&cfff at [pent]
(sniegov.dc): >&cf0fsha&cfff __ &c0b0safe&cfff &c0b0[pent]&cfff &cf60rl&cfff:16
(pooll.dc): >&ca20poo&cfff took &cf13rl&cfff [rl]
(pooll.dc): >&ca20poo&cfff  0/100 &cf13rl&cfff:5 [bridge.low] 
(sniegov.dc): >&cf0fsha&cfff __ TEAM &ce00pent&cfff __
(sniegov.dc): >&cf0fsha&cfff __ TEAM &ce00pent&cfff __
(sniegov.dc): >    __ need armor health
[09:49] remaining
Team [=s=] = 91
Team [dc] = 78
(pooll.dc): >&ca20poo&cfff  &cff0150&cfff/100 &cf13rl&cfff:5 [window] 
(airman.dc): >&c372 23 &cfff &ce00131&cfff/184 &cf13rl&cfff:13 &c2aalg&cfff:42 [lifts] 
(airman.dc): >&c372 23 &cfff &ce00131&cfff/184 &cf13rl&cfff:13 &c2aalg&cfff:42 [lifts] 
(airman.dc): >&c372 23 &cfff &ce00131&cfff/183 &cf13rl&cfff:13 &c2aalg&cfff:42 [lifts] 
(airman.dc): >&c372 23 &cfff &ce00131&cfff/182 &cf13rl&cfff:13 &c2aalg&cfff:42 [lifts] 
(airman.dc): >&c372 23 &cfff &ce00131&cfff/182 &cf13rl&cfff:13 &c2aalg&cfff:42 [lifts] 
(grl.dc): >&cf0fGRL&cfff &c0b0safe&cfff &c0b0[&cfffra.low&c0b0]&cfff &ce00200&cfff/&cf13rl&cfff
[09:32] remaining
Team [=s=] = 91
Team [dc] = 81
(pooll.dc): >&ca20poo&cfff  &cff0150&cfff/200 &cf13rl&cfff:14 [sng.ledge] 
(sniegov.dc): >&cf0fsha&cfff __ &c0b0safe&cfff &c0b0[ra]&cfff &cf60rl&cfff:11
Protection is almost burned out
(airman.dc): >&c372 23 &cfff &cf00dropped&cfff &c2aalg&cfff &cf40[&cfffhill&cf40]&cfff 3
(sniegov.dc): >&cf0fsha&cfff __ &c0b0safe&cfff &c0b0[ra.rox]&cfff &cf60rl&cfff:11
(sniegov.dc): >&cf0fsha&cfff __ &c0b0safe&cfff &c0b0[ra.rox]&cfff &cf60rl&cfff:11
(pooll.dc): >&ca20poo&cfff  &cff0147&cfff/186 &cf13rl&cfff:14 [quad] 
(airman.dc): >&c372 23 &cfff &cf00dropped&cfff &c2aalg&cfff &cf40[&cfffhill&cf40]&cfff 3
(airman.dc): >&c372 23 &cfff &cff0help&cfff &cff0[&cfffrl&cff0]&cfff
(airman.dc): >&c372 23 &cfff &cf00dropped&cfff &c2aalg&cfff &cf40[&cfffhill&cf40]&cfff 3
(airman.dc): >&c372 23 &cfff &cff0help&cfff &cff0[&cfffrl&cff0]&cfff
(airman.dc): >&c372 23 &cfff &cf00lost&cfff &cf00[&cfffhill&cf00]&cfff 2
(airman.dc): >&c372 23 &cfff need armor [bridge.high]
(sniegov.dc): >&ce00sni&cfff __ &ce00lost&cfff &ce00[&cfffsng.ledge&ce00]&cfff 1 
(sniegov.dc): >&ce00sni&cfff __ &ce00lost&cfff &ce00[&cfffsng.ledge&ce00]&cfff 1 
(sniegov.dc): >&ce00sni&cfff __ &ce00lost&cfff &ce00[&cfffsng.ledge&ce00]&cfff 1 
(grl.dc): >&cf0fGRL&cfff &c0b0safe&cfff &c0b0[&cfffra&c0b0]&cfff &ce00105&cfff/&cf13rl&cfff
(grl.dc): >&cf0fGRL&cfff &c0b0safe&cfff &c0b0[&cfffra&c0b0]&cfff &ce00105&cfff/&cf13rl&cfff
(grl.dc): >&cf0fGRL&cfff &cf00ra&cfff at [ra] 0
(grl.dc): >&cf0fGRL&cfff &cf00ra&cfff at [ra] 0
(grl.dc): >&cf0fGRL&cfff &cf00ra&cfff at [ra] 0
(sniegov.dc): >&ce00sni&cfff __ &ce00lost&cfff &ce00[&cfffsng.ledge&ce00]&cfff 2 
(sniegov.dc): >&ce00sni&cfff __ &ce00lost&cfff &ce00[&cfffsng.ledge&ce00]&cfff 2 
(sniegov.dc): >&ce00sni&cfff __ &ce00lost&cfff &ce00[&cfffsng.ledge&ce00]&cfff 2 
(grl.dc): >&cf0fGRL&cfff &c0b0safe&cfff &c0b0[&cfffra&c0b0]&cfff &ce00200&cfff/&cf13rl&cfff
[9] minutes remaining
Team [=s=] leads by 2 frags
(grl.dc): >&cf0fGRL&cfff &c0b0safe&cfff &c0b0[&cfffra&c0b0]&cfff &ce00200&cfff/&cf13rl&cfff
(pooll.dc): >&ca20poo&cfff  &cff0139&cfff/165 &cf13rl&cfff:7 [sng.ledge] 
(airman.dc): >&c372 23 &cfff &cff0150&cfff/100 &cf13rl&cfff:11 &c2aalg&cfff:0 [sng.ledge] 
(airman.dc): >&c372 23 &cfff &cff0150&cfff/100 &cf13rl&cfff:11 &c2aalg&cfff:0 [sng.ledge] 
(airman.dc): >&c372 23 &cfff &cff0150&cfff/100 &cf13rl&cfff:11 &c2aalg&cfff:0 [sng.mega] 
(pooll.dc): >&ca20poo&cfff  &c0b0safe&cfff &c0b0[&cfffquad&c0b0]&cfff &cff0139&cfff / &cf13rl&cfff
(pooll.dc): >&ca20poo&cfff  &c0b0safe&cfff &c0b0[&cfffquad&c0b0]&cfff &cff0139&cfff / &cf13rl&cfff
(pooll.dc): >&ca20poo&cfff  &c0b0safe&cfff &c0b0[&cfffquad&c0b0]&cfff &cff0139&cfff / &cf13rl&cfff
(sniegov.dc): >&ce00sni&cfff __ &ce00lost&cfff &ce00[&cfffya.box&ce00]&cfff 1 
(sniegov.dc): >&ce00sni&cfff __ &ce00lost&cfff &ce00[&cfffya.box&ce00]&cfff 1 
(pooll.dc): >&ca20poo&cfff   rox at [ring]
(sniegov.dc): >&cf0fsha&cfff 0/142 [bridge.low] sg &c2aac&cfff:21
(pooll.dc): >&ca20poo&cfff  &c0b0team&cfff &c05fquad&cfff
(pooll.dc): >&ca20poo&cfff  &c0b0team&cfff &c05fquad&cfff
(grl.dc): >&cf0fGRL&cfff &cf00lost&cfff &cf00[&cfffra&cf00]&cfff 2
(grl.dc): >&cf0fGRL&cfff &cf00lost&cfff &cf00[&cfffra&cf00]&cfff 2
(airman.dc): >&c372 23 &cfff &cff0130&cfff/88 &cf13rl&cfff:3 &c2aalg&cfff:0 [ra.tunnel] 
(sniegov.dc): >&cf0fsha&cfff 0/137 [water] sg &c2aac&cfff:27
(airman.dc): >&c372 23 &cfff &cf00dropped&cfff &c2aalg&cfff &cf40[&cfffhill&cf40]&cfff 1
(sniegov.dc): >&cf0fsha&cfff 0/135 [water.lg] &c399lg&cfff:42 
(grl.dc): >&cf0fGRL&cfff &cf00DROPPED &cf13rl&cfff &cf00[&cfffrl&cf00]&cfff 2
(grl.dc): >&cf0fGRL&cfff &cf00DROPPED &cf13rl&cfff &cf00[&cfffrl&cf00]&cfff 2
(grl.dc): >&cf0fGRL&cfff &cf00DROPPED &cf13rl&cfff &cf00[&cfffrl&cf00]&cfff 2
(airman.dc): >&c372 23 &cfff &cff096&cfff/91 &cf13rl&cfff:80 &c2aalg&cfff:9 [hill] 
(airman.dc): >&c372 23 &cfff &cff096&cfff/91 &cf13rl&cfff:80 &c2aalg&cfff:9 [hill] 
Quad Damage is wearing off
(pooll.dc): >&ca20poo&cfff  0/48 &cf13rl&cfff:15 [ra] 
(pooll.dc): >&ca20poo&cfff  0/48 &cf13rl&cfff:15 [ra] 
(pooll.dc): >&ca20poo&cfff  0/48 &cf13rl&cfff:14 [ra] 
(pooll.dc): >&ca20poo&cfff  0/48 &cf13rl&cfff:14 [ra] 
(sniegov.dc): >&cf0fsha&cfff __ &cff0help&cfff &cff0[water]&cfff 1
(pooll.dc): >&ca20poo&cfff took &cf00ra&cfff [ra]
(sniegov.dc): >&cf0fsha&cfff &cff072&cfff/54 [water] &c399lg&cfff:21 
(airman.dc): >&c372 23 &cfff &cff041&cfff/57 &cf13rl&cfff:68 &c2aalg&cfff:9 [ra.tunnel] 
(airman.dc): >&c372 23 &cfff &cff041&cfff/57 &cf13rl&cfff:68 &c2aalg&cfff:9 [ra.tunnel] 
(airman.dc): >&c372 23 &cfff &cff041&cfff/57 &cf13rl&cfff:68 &c2aalg&cfff:9 [ra.tunnel] 
[8] minutes remaining
Team [dc] leads by 16 frags
(pooll.dc): >&ca20poo&cfff  &ce00200&cfff/73 &cf13rl&cfff:14 [sng.lifts] 
(pooll.dc): >&ca20poo&cfff  &cf60coming&cfff [sng.lifts]
(airman.dc): >&c372 23 &cfff &cff041&cfff/82 &cf13rl&cfff:68 &c2aalg&cfff:12 [ra] 
(airman.dc): >&c372 23 &cfff &cff041&cfff/82 &cf13rl&cfff:68 &c2aalg&cfff:12 [ra] 
(airman.dc): >&c372 23 &cfff &cff041&cfff/82 &cf13rl&cfff:68 &c2aalg&cfff:12 [ra] 
(airman.dc): >&c372 23 &cfff &cff041&cfff/82 &cf13rl&cfff:68 &c2aalg&cfff:12 [ra] 
(airman.dc): >&c372 23 &cfff &cff041&cfff/82 &cf13rl&cfff:68 &c2aalg&cfff:12 [ra] 
(grl.dc): >&cf0fGRL&cfff &cf00lost&cfff &cf00[&cfffya.box&cf00]&cfff 1
(grl.dc): >&cf0fGRL&cfff &cf00lost&cfff &cf00[&cfffya.box&cf00]&cfff 1
(grl.dc): >&cf0fGRL&cfff coming [ring]
(grl.dc): >&cf0fGRL&cfff coming [ring]
(grl.dc): >&cf0fGRL&cfff coming [ring]
(sniegov.dc): >&cf0fsha&cfff &cff0147&cfff/59 [water] &c399lg&cfff:6 
(sniegov.dc): >&cf0fsha&cfff &cff0147&cfff/59 [rl] &c399lg&cfff:6 
(pooll.dc): >&ca20poo&cfff  &ce0066&cfff/58 &cf13rl&cfff:5 [window] &c05fquad&cfff
(sniegov.dc): >&cf0fsha&cfff __ &cff0help&cfff &cff0[rl]&cfff 1
(pooll.dc): >&ca20poo&cfff  &ce0066&cfff/58 &cf13rl&cfff:4 [window] &c05fquad&cfff
(airman.dc): >&c372 23 &cfff &ce00160&cfff/74 &cf13rl&cfff:69 &c2aalg&cfff:0 [hill] 
(airman.dc): >&c372 23 &cfff &ce00136&cfff/69 &cf13rl&cfff:73 &c2aalg&cfff:0 [ra.tunnel] 
(airman.dc): >&c372 23 &cfff &ce00136&cfff/69 &cf13rl&cfff:73 &c2aalg&cfff:0 [ra.tunnel] 
(airman.dc): >&c372 23 &cfff coming [ra.tunnel]
(sniegov.dc): >&ce00sni&cfff __ &ce00lost&cfff &ce00[&cfffrl&ce00]&cfff 1 
(sniegov.dc): >&ce00sni&cfff __ &ce00lost&cfff &ce00[&cfffrl&ce00]&cfff 1 
(sniegov.dc): >&ce00sni&cfff __ &ce00lost&cfff &ce00[&cfffrl&ce00]&cfff 1 
(pooll.dc): >&ca20poo&cfff  &ce0066&cfff/58 &cf13rl&cfff:21 [sng.low] &c05fquad&cfff
Quad Damage is wearing off
(pooll.dc): >&ca20poo&cfff  &ce0066&cfff/98 &cf13rl&cfff:20 [sng.lifts] &c05fquad&cfff
(sniegov.dc): >&ce00sni&cfff __ &ce00lost&cfff &ce00[&cfffbridge.high&ce00]&cfff 1 
(sniegov.dc): >&ce00sni&cfff __ &ce00lost&cfff &ce00[&cfffbridge.high&ce00]&cfff 1 
(sniegov.dc): >&ce00sni&cfff __ &ce00lost&cfff &ce00[&cfffbridge.high&ce00]&cfff 1 
(airman.dc): >&c372 23 &cfff &ce0056&cfff/76 &cf13rl&cfff:65 &c2aalg&cfff:12 [ra] 
(airman.dc): >&c372 23 &cfff &ce0056&cfff/76 &cf13rl&cfff:65 &c2aalg&cfff:12 [ra] 
(airman.dc): >&c372 23 &cfff &ce0056&cfff/76 &cf13rl&cfff:65 &c2aalg&cfff:12 [ra] 
(airman.dc): >&c372 23 &cfff &ce0056&cfff/76 &cf13rl&cfff:65 &c2aalg&cfff:12 [ra] 
(airman.dc): >&c372 23 &cfff &ce0056&cfff/76 &cf13rl&cfff:65 &c2aalg&cfff:12 [ra] 
[7] minutes remaining
Team [dc] leads by 28 frags
(airman.dc): >&c372 23 &cfff &cf2apack&cfff at [hill]
(pooll.dc): >&ca20poo&cfff took &c0a0mega&cfff [hill]
(sniegov.dc): >&ce00sni&cfff __ &ce00lost&cfff &ce00[&cfffbridge.high&ce00]&cfff 2 
(sniegov.dc): >&ce00sni&cfff __ &ce00lost&cfff &ce00[&cfffbridge.high&ce00]&cfff 2 
(sniegov.dc): >&ce00sni&cfff __ &ce00lost&cfff &ce00[&cfffbridge.high&ce00]&cfff 2 
(pooll.dc): >&ca20poo&cfff  0/152 &cf13rl&cfff:13 [ra.tunnel] 
(sniegov.dc): >&cf0fsha&cfff 0/15 [bridge.low] sg 
(sniegov.dc): >&cf0fsha&cfff 0/15 [water.lg] &c399lg&cfff:15 
(pooll.dc): >&ca20poo&cfff  &cf00lost&cfff &cf00[&cfffquad&cf00]&cfff 4
(pooll.dc): >&ca20poo&cfff  &cf00lost&cfff &cf00[&cfffquad&cf00]&cfff 4
(pooll.dc): >&ca20poo&cfff  &cf00lost&cfff &cf00[&cfffquad&cf00]&cfff 4
(pooll.dc): >&ca20poo&cfff  &cf00lost&cfff &cf00[&cfffquad&cf00]&cfff 4
(pooll.dc): >&ca20poo&cfff  &cf00lost&cfff &cf00[&cfffquad&cf00]&cfff 4
(sniegov.dc): >&cf0fsha&cfff 0/15 [water.rox] &c399lg&cfff:21 
(sniegov.dc): >&cf0fsha&cfff 0/15 [water] &c399lg&cfff:21 
(sniegov.dc): >&cf0fsha&cfff 0/15 [water] &c399lg&cfff:21 
(rio): >&c1ff>&r   &c777at&r [quad]
(andeh): >  &cd37and&r [ring] &cfff0&r/&cfff100&r sg &caaa
(andeh): >&cfa1and &cfa6[&cfa9ra-entry&cfa6] coming&r &cfa60/100&r 
(andeh): >&c1ff>&r &ce00ra&cfff &c777at&r [ra]
(goblin): >&c599gob:&cfff took &cff0ya&cfff [ya-box]
(goblin): >&c599gob:&cfff &c991y&cfff140/36 sg [window] rox:5 c:21 
(rio): >  &c353rio&r [quad] &cfff0&r/&cfff31&r sg &caaa
(lethalwiz): >&c599lwz:&cfff &cf00ra&cfff at [ra]
(lethalwiz): >&c599lwz:&cfff &cf00ra&cfff at [ra]
(goblin): >&c599gob:&cfff &c991y&cfff128/32 sg [ya] rox:5 c:21 
(goblin): >&c599gob:&cfff &c991y&cfff82/6 ssg [ya] rox:5 c:21 
Quad Damage is wearing off
(goblin): >&c599gob:&cfff 0/100 [ring] 
(goblin): >&c599gob:&cfff 0/100 [ring] 
(andeh): >&cfffand &caaa[&c666ra&caaa] took&r &ce00ra&cfff
(goblin): >&c599gob:&cfff 0/95 [bridge-low] 
(rio): >  &c353rio&r [ring] &cfff0&r/&cfff100&r sg &caaa
(goblin): >&c599gob:&cfff 0/95 &c29flg&cfff&c29f:0&cfff [water-lg] 
(goblin): >&c599gob:&cfff 0/95 &c29flg&cfff&c29f:0&cfff [water] 
[6] minutes remaining
Team [dc] leads by 27 frags
(andeh): >  &cd37and&r [ra-low] &c931r&cfff&cfff150&r/&cfff85&r sg &caaa
(lethalwiz): >&c599lwz:&cfff 0/-18 &cf60rl&cfff&cf31:80&cfff &cf60lg&cfff&c29f:21&cfff [ya-box] 
(rio): >  &c353rio&r [window] &cf660&r/&cfff96&r &cf31rl&cfff &caaaneed armor
(rio): >  &c353rio&r [window] &cf660&r/&cfff96&r &cf31rl&cfff &caaaneed armor
(goblin): >&c599gob:&cfff took &cf31rl&cfff [rl]
(goblin): >&c599gob:&cfff took &cf31rl&cfff [rl]
(rio): >  &c353rio&r [ra-tunnel] &cf660&r/&cf6620&r &cf31rl&cfff &caaaneed armor health
(rio): >  &c353rio&r [ra-tunnel] &cf660&r/&cf6620&r &cf31rl&cfff &caaaneed armor health
(goblin): >&c599gob:&cfff 0/100 &cf31rl&cfff&cf31:5&cfff [rl] 
(andeh): >&cfffand &caaa[&c666water-lg&caaa] took&r &c29flg&cfff
(goblin): >&c599gob:&cfff 0/100 &cf31rl&cfff&cf31:5&cfff [bridge-high] 
(goblin): >&c599gob:&cfff 0/100 &cf31rl&cfff&cf31:5&cfff [ya-entry] 
(goblin): >&c599gob:&cfff 0/100 &cf31rl&cfff&cf31:5&cfff [ya-entry] 
(airman.dc): >&c372 23 &cfff &c0a0mega&cfff at [hill]
(airman.dc): >&c372 23 &cfff &c0a0mega&cfff at [hill]
(airman.dc): >&c372 23 &cfff &c0a0mega&cfff at [hill]
(airman.dc): >&c372 23 &cfff &c0a0mega&cfff at [hill]
(pooll.dc): >&ca20poo&cfff took &c0a0mega&cfff [hill]
(airman.dc): >&c372 23 &cfff 0/100 sg [ya] 
(grl.dc): >&cf0fGRL&cfff &cf00lost&cfff &cf00[&cfffra.low&cf00]&cfff 1
(pooll.dc): >&ca20poo&cfff   &cf2apack&cfff at [rl]
(sniegov.dc): >&cf0fsha&cfff    &cf60coming&cfff [bridge.stairs]
(airman.dc): >&c372 23 &cfff 0/100 sg [water.rox] &cf13r&cfff:10 &c2aac&cfff:6 
(sniegov.dc): >&cf0fsha&cfff    &cf60coming&cfff [bridge.stairs]
(airman.dc): >&c372 23 &cfff 0/100 sg [water.rox] &cf13r&cfff:10 &c2aac&cfff:6 
(airman.dc): >&c372 23 &cfff 0/100 sg [water.rox] &cf13r&cfff:10 &c2aac&cfff:6 
(airman.dc): >&c372 23 &cfff 0/100 sg [water.rox] &cf13r&cfff:10 &c2aac&cfff:6 
(airman.dc): >&c372 23 &cfff 0/100 sg [water] &cf13r&cfff:10 &c2aac&cfff:12 
(airman.dc): >&c372 23 &cfff 0/100 sg [water.lg] &cf13r&cfff:10 &c2aac&cfff:12 
(airman.dc): >&c372 23 &cfff 0/100 sg [water.lg] &cf13r&cfff:10 &c2aac&cfff:12 
(airman.dc): >&c372 23 &cfff 0/100 sg [water.lg] &cf13r&cfff:10 &c2aac&cfff:12 
Quad Damage is wearing off
(pooll.dc): >&ca20poo&cfff  0/87 &cf13rl&cfff:9 [rl] &c05fquad&cfff
(pooll.dc): >&ca20poo&cfff  0/87 &cf13rl&cfff:8 [ya] 
(grl.dc): >&cf0fGRL&cfff &cf00lost&cfff &cf00[&cfffya&cf00]&cfff 1
(grl.dc): >&cf0fGRL&cfff &cf00lost&cfff &cf00[&cfffya&cf00]&cfff 1
(sniegov.dc): >&cf0fsha&cfff    &cf60coming&cfff [lifts]
(sniegov.dc): >&cf0fsha&cfff    &cf60coming&cfff [lifts]
(airman.dc): >&c372 23 &cfff &cf00dropped&cfff &c2aalg&cfff &cf40[&cfffya.entry&cf40]&cfff 4
[5] minutes remaining
Team [dc] leads by 18 frags
(pooll.dc): >&ca20poo&cfff  &cf00dropped&cfff &cf13rl&cfff &cf40[&cfffwindow&cf40]&cfff 4
(pooll.dc): >&ca20poo&cfff  &cf00dropped&cfff &cf13rl&cfff &cf40[&cfffwindow&cf40]&cfff 4
(pooll.dc): >&ca20poo&cfff  &cf00dropped&cfff &cf13rl&cfff &cf40[&cfffwindow&cf40]&cfff 4
(pooll.dc): >&ca20poo&cfff  &cf00dropped&cfff &cf13rl&cfff &cf40[&cfffwindow&cf40]&cfff 4
(goblin): >&c599gob:&cfff &cf00pented&cfff rio at [window]
(rio): >  &c353rio&r &cf00pent&cfff [window] &cf660&r/&cfff122&r &cf31rl&cfff &caaaneed armor
(goblin): >&c599gob:&cfff andeh at [lifts]
(lethalwiz): >&c599lwz:&cfff 0/100 [ra-tunnel] 
(andeh): >  &cd37and&r [lifts] &c931r&cfff&cfff136&r/&cfff53&r &c29flg&cfff&c29f:16&r &caaa
(andeh): >  &cd37and&r [lifts] &c931r&cfff&cfff136&r/&cfff53&r &c29flg&cfff&c29f:16&r &caaa
(goblin): >&c599gob:&cfff &c991y&cfff34/109 &cf31rl&cfff&cf31:14&cfff [lifts] 
(rio): >  &c353rio&r &cf00pent&cfff [quad] &cf660&r/&cfff113&r &cf31rl&cfff &caaaneed armor
(rio): >  &c353rio&r &cf00pent&cfff [quad] &cf660&r/&cfff113&r &cf31rl&cfff &caaaneed armor
(goblin): >&c599gob:&cfff &cf00enemy&cfff &c05fquad&cfff
(goblin): >&c599gob:&cfff &cf00enemy&cfff &c05fquad&cfff
(goblin): >&c599gob:&cfff &cf00enemy&cfff &c05fquad&cfff
(rio): >  &c353rio&r &c05fquad&cfff &cf00pent&cfff
(rio): >  &c353rio&r &c05fquad&cfff &cf00pent&cfff
(lethalwiz): >&c599lwz:&cfff &c931r&cfff200/100 [sng-tele] 
(lethalwiz): >&c599lwz:&cfff &c931r&cfff200/100 [ring] &cff0ring&cfff
(goblin): >&c599gob:&cfff &c991y&cfff34/100 &cf31rl&cfff&cf31:14&cfff [sng-tele] 
(andeh): >&cfffand &caaa[&c666sng-tele&caaa] took&r cells
Protection is almost burned out
(rio): >  &c353rio&r &c05fq&cfff&cf00pent&cfff [quad] &cf660&r/&cfff100&r &cf31rl&cfff &caaaneed armor
(goblin): >&c599gob:&cfff &c991y&cfff20/100 &cf31rl&cfff&cf31:12&cfff [ra] 
(goblin): >&c599gob:&cfff &c05fquaded&cfff rio at [ra]
(goblin): >&c599gob:&cfff &c991y&cfff20/100 &cf31rl&cfff&cf31:12&cfff [ra] 
(rio): >&cfffrio &caaa[&c666ra&caaa] took&r &ce00ra&cfff
Quad Damage is wearing off
(lethalwiz): >&c599lwz:&cfff &cf00dropped&cfff &cf60rl&cfff [rl] 2
(lethalwiz): >&c599lwz:&cfff 0/-10 [rl] 
[4] minutes remaining
Team [dc] leads by 10 frags
(goblin): >&c599gob:&cfff took &ce00ra&cfff [ra]
(goblin): >&c599gob:&cfff took &ce00ra&cfff [ra]
(goblin): >&c599gob:&cfff &c931r&cfff200/70 &cf31rl&cfff&cf31:16&cfff &c29flg&cfff&c29f:21&cfff [ra] 
(rio): >  &c353rio&r [quad] &c931r&cfff&cfff120&r/&cfff82&r &cf31rl&cfff &caaa
(goblin): >&c599gob:&cfff rio at [quad]
(goblin): >&c599gob:&cfff &c931r&cfff200/95 &cf31rl&cfff&cf31:16&cfff &c29flg&cfff&c29f:21&cfff [quad] 
(andeh): >&cfffand &caaa[&c666rl&caaa] took&r &cf31rl&cfff
(andeh): >  &cd37and&r [bridge-high] &c931r&cfff&cf6637&r/&cfff76&r &cf31rl&cfff &c29flg&cfff&cf66:0&r &caaaneed armor
(andeh): >  &cd37and&r [bridge-high] &c931r&cfff&cf6637&r/&cfff76&r &cf31rl&cfff &c29flg&cfff&cf66:0&r &caaaneed armor
(lethalwiz): >&c599lwz:&cfff &c991y&cfff69/56 &cf60lg&cfff&c29f:19&cfff [hill] 
(andeh): >&c0f0and &c5f5[&c9f9ya&c5f5] safe&r &cf31rl&cfff
(andeh): >&c0f0and &c5f5[&c9f9ya&c5f5] safe&r &cf31rl&cfff
(rio): >&c1ff>&r &ce00ra&cfff &c777at&r [ra]
(lethalwiz): >&c599lwz:&cfff &c991y&cfff66/55 &cf60lg&cfff&c29f:17&cfff [ra] 
(rio): >&c1ff>&r   &c777at&r [ra]
(rio): >&c0f0rio &c5f5[&c9f9ra&c5f5] safe&r &cf31rl&cfff
(rio): >&c0f0rio &c5f5[&c9f9ra&c5f5] safe&r &cf31rl&cfff
(rio): >  &c353rio&r [ra] &c931r&cfff&cfff116&r/&cfff82&r &cf31rl&cfff &caaa
(andeh): >&c0f0and &c5f5[&c9f9ya&c5f5] safe&r &cf31rl&cfff
(andeh): >&c0f0and &c5f5[&c9f9ya&c5f5] safe&r &cf31rl&cfff
(goblin): >&c599gob:&cfff &c931r&cfff157/86 &cf31rl&cfff&cf31:9&cfff &c29flg&cfff&c29f:7&cfff [bridge-high] &c05fquad&cfff
(andeh): >  &cd37and&r [ya-quad] &c991y&cfff&cfff105&r/&cfff73&r &cf31rl&cfff &c29flg&cfff&cf66:0&r &caaa
Quad Damage is wearing off
(lethalwiz): >&c599lwz:&cfff &cf00enemy&cfff at [sng-tele]
(andeh): >  &cd37and&r [ring] &c991y&cfff&cfff105&r/&cfff73&r &cf31rl&cfff &c29flg&cfff&cf66:0&r &caaa
(goblin): >&c599gob:&cfff &c931r&cfff157/100 &cf31rl&cfff&cf31:9&cfff &c29flg&cfff&c29f:7&cfff [ya] 
(goblin): >&c599gob:&cfff &c931r&cfff157/100 &cf31rl&cfff&cf31:9&cfff &c29flg&cfff&c29f:7&cfff [ya] 
(andeh): >  &cd37and&r [sng-ledge] &c991y&cfff&cfff105&r/&cfff100&r &cf31rl&cfff &c29flg&cfff&cf66:0&r &caaa
(rio): >&cfffrio &caaa[&c666ra&caaa] took&r &ce00ra&cfff
[3] minutes remaining
Team [=s=] leads by 12 frags
(andeh): >  &cd37and&r [ra-low] &c991y&cfff&cf6659&r/&cfff71&r &cf31rl&cfff &c29flg&cfff&cf66:0&r &caaaneed armor
(andeh): >  &cd37and&r [ra-entry] &c991y&cfff&cf6619&r/&cf6648&r &cf31rl&cfff &c29flg&cfff&cf66:0&r &caaaneed armor health
(andeh): >&cfa1and &cfa6[&cfa9ra-low&cfa6] coming&r &c991y&cfff&cfa619/48&r &cf31rl&cfff
(goblin): >&c599gob:&cfff 0/52 &cf31rl&cfff&cf31:5&cfff &c29flg&cfff&c29f:0&cfff [ya-box] 
(andeh): >  &cd37and&r [ra] &c991y&cfff&cf6619&r/&cf6648&r &cf31rl&cfff &c29flg&cfff&cf66:0&r &caaaneed armor health
(andeh): >  &cd37and&r [ra] &c991y&cfff&cf6619&r/&cf6648&r &cf31rl&cfff &c29flg&cfff&cf66:0&r &caaaneed armor health
(lethalwiz): >&c599lwz:&cfff 0/16 &cf60lg&cfff&c29f:9&cfff [ra-tunnel] 
(goblin): >&c599gob:&cfff 0/67 &cf31rl&cfff&cf31:5&cfff &c29flg&cfff&c29f:0&cfff [ya] 
(rio): >&c1ff>&r   &c777at&r [ra]
(andeh): >  &cd37and&r [ra] &c991y&cfff&cf6619&r/&cf6648&r &cf31rl&cfff &c29flg&cfff&cf66:0&r &caaaneed armor health
(goblin): >&c599gob:&cfff 0/92 &cf31rl&cfff&cf31:5&cfff &c29flg&cfff&c29f:0&cfff [ya-box] 
(andeh): >&cfffand &caaa[&c666ra&caaa] took&r &ce00ra&cfff
(goblin): >&c599gob:&cfff &c991y&cfff150/92 &cf31rl&cfff&cf31:5&cfff &c29flg&cfff&c29f:0&cfff [ya-box] 
(rio): >  &c353rio&r &c05fquad&cfff [quad] &c931r&cfff&cfff156&r/&cfff168&r &cf31rl&cfff &caaa
(lethalwiz): >&c599lwz:&cfff 0/16 &cf60lg&cfff&c29f:9&cfff [ra] 
(rio): >  &c353rio&r &c05fquad&cfff [ya-quad] &c931r&cfff&cfff156&r/&cfff168&r &cf31rl&cfff &caaa
(goblin): >&c599gob:&cfff &c991y&cfff150/92 &cf31rl&cfff&cf31:10&cfff &c29flg&cfff&c29f:0&cfff [ra] 
(lethalwiz): >&c599lwz:&cfff 0/16 &cf60lg&cfff&c29f:9&cfff [ra] 
(andeh): >  &cd37and&r [sng-ledge] &c931r&cfff&cfff152&r/&cf6636&r &cf31rl&cfff &c29flg&cfff&c29f:15&r &caaaneed health
(lethalwiz): >&c599lwz:&cfff &c931r&cfff200/16 &cf60lg&cfff&c29f:9&cfff [ra] 
(lethalwiz): >&c599lwz:&cfff &c931r&cfff200/16 &cf60lg&cfff&c29f:9&cfff [ra] 
(goblin): >&c599gob:&cfff &c991y&cfff150/100 &cf31rl&cfff&cf31:14&cfff &c29flg&cfff&c29f:0&cfff [ra-low] 
(lethalwiz): >&c599lwz:&cfff &c931r&cfff200/16 &cf60lg&cfff&c29f:9&cfff [sng-ledge] 
(goblin): >&c599gob:&cfff &c991y&cfff150/100 &cf31rl&cfff&cf31:14&cfff &c29flg&cfff&c29f:0&cfff [ra] 
Quad Damage is wearing off
(andeh): >  &cd37and&r [sng-lifts] &c931r&cfff&cf6664&r/&cfff54&r &cf31rl&cfff &c29flg&cfff&cf66:5&r &caaaneed armor
(lethalwiz): >&c599lwz:&cfff 0/-99 [bridge-low] 
(rio): >&cf00rio &cf55[&cf99ya&cf55] lost&r &cf00(dropped rl-pack)&r
(rio): >&cf00rio &cf55[&cf99ya&cf55] lost&r &cf00(dropped rl-pack)&r
(andeh): >&cfa1and &cfa6[&cfa9ra&cfa6] coming&r &c931r&cfff&cfa617/85&r &cf31rl&cfff
(andeh): >  &cd37and&r [ra] &c931r&cfff&cf6617&r/&cfff85&r &cf31rl&cfff &c29flg&cfff&cf66:5&r &caaaneed armor
[2] minutes remaining
Team [=s=] leads by 21 frags
(andeh): >  &cd37and&r [ra] &c931r&cfff&cf6617&r/&cfff85&r &cf31rl&cfff &c29flg&cfff&cf66:5&r &caaaneed armor
(rio): >  &c353rio&r [ring] &cfff0&r/&cfff100&r sg &caaa
(andeh): >&cfffand &caaa[&c666ra&caaa] took&r &ce00ra&cfff
(rio): >&cfffrio &caaa[&c666ya-box&caaa] took&r &cff0ya&cfff
(lethalwiz): >&c599lwz:&cfff &cf00lost&cfff [ya-up] 2
(rio): >  &c353rio&r [hill] &c991y&cfff&cfff139&r/&cfff94&r sg &caaa
(goblin): >&c599gob:&cfff &c991y&cfff118/92 &cf31rl&cfff&cf31:38&cfff &c29flg&cfff&c29f:9&cfff [lifts-below] 
(airman.dc): >&c372 23 &cfff &cf00dropped&cfff &cf13rl&cfff &cf40[&cfffquad&cf40]&cfff 1
(airman.dc): >&c372 23 &cfff &cf00dropped&cfff &cf13rl&cfff &cf40[&cfffquad&cf40]&cfff 1
(airman.dc): >&c372 23 &cfff &cf00dropped&cfff &cf13rl&cfff &cf40[&cfffquad&cf40]&cfff 1
(airman.dc): >&c372 23 &cfff &cf00dropped&cfff &cf13rl&cfff &cf40[&cfffquad&cf40]&cfff 1
(lethalwiz): >&c599lwz:&cfff 0/95 &cf60lg&cfff&c29f:15&cfff [water-lg] 
(sniegov.dc): >&cf0fsha&cfff __ TEAM &c05Fquad&cfff __
(sniegov.dc): >&cf0fsha&cfff __ TEAM &c05Fquad&cfff __
(sniegov.dc): >    __ need armor health
(pooll.dc): >&ca20poo&cfff  &cf00lost&cfff &cf00[&cfffhill&cf00]&cfff 1
(pooll.dc): >&ca20poo&cfff  &cf00lost&cfff &cf00[&cfffhill&cf00]&cfff 1
(grl.dc): >&cf0fGRL&cfff &cf00lost&cfff &cf00[&cfffra.low&cf00]&cfff 2
(grl.dc): >&cf0fGRL&cfff &cf00lost&cfff &cf00[&cfffra.low&cf00]&cfff 2
(airman.dc): >&c372 23 &cfff rox at [ya]
(pooll.dc): >&ca20poo&cfff  &cf00lost&cfff &cf00[&cfffra.low&cf00]&cfff 1
(airman.dc): >&c372 23 &cfff 0/96 &c2aalg&cfff:54 [ya.box] &cf13r&cfff:46 
(airman.dc): >&c372 23 &cfff 0/96 &c2aalg&cfff:54 [ya.box] &cf13r&cfff:46 
(grl.dc): >&cf0fGRL&cfff &cf00lost&cfff &cf00[&cfffbridge.low&cf00]&cfff 2
(grl.dc): >&cf0fGRL&cfff &cf00lost&cfff &cf00[&cfffbridge.low&cf00]&cfff 2
(airman.dc): >&c372 23 &cfff 0/96 &c2aalg&cfff:54 [ya.box] &cf13r&cfff:46 
(airman.dc): >&c372 23 &cfff 0/96 &c2aalg&cfff:54 [ya.box] &cf13r&cfff:46 
Quad Damage is wearing off
(grl.dc): >&cf0fGRL&cfff &cf00lost&cfff &cf00[&cfffsng&cf00]&cfff 2
(pooll.dc): >&ca20poo&cfff took &c0a0mega&cfff [hill]
(pooll.dc): >&ca20poo&cfff  0/195 sg [hill] 
(sniegov.dc): >&cf0fsha&cfff &cff072&cfff/33 [hill] &cf60rl&cfff:31 &c399lg&cfff:16 
(pooll.dc): >&ca20poo&cfff took &c2aalg&cfff [water.lg]
(airman.dc): >&c372 23 &cfff &cff0138&cfff/88 &c2aalg&cfff:44 [lifts.below] &cf13r&cfff:46 
(sniegov.dc): >&cf0fsha&cfff __ &c0b0safe&cfff &c0b0[ra.tunnel]&cfff &cf60rl&cfff:31
[1] minute remaining
Team [=s=] leads by 26 frags
(pooll.dc): >&ca20poo&cfff  &cf60coming&cfff [ra.tunnel]
(sniegov.dc): >&ce00sni&cfff __ &ce00lost&cfff &ce00[&cfffra.rox&ce00]&cfff 2 
(sniegov.dc): >&ce00sni&cfff __ &ce00lost&cfff &ce00[&cfffra.rox&ce00]&cfff 2 
(sniegov.dc): >&ce00sni&cfff __ &ce00lost&cfff &ce00[&cfffra.rox&ce00]&cfff 2 
(sniegov.dc): >&ce00sni&cfff __ &ce00lost&cfff &ce00[&cfffra.rox&ce00]&cfff 2 
(goblin): >&c599gob:&cfff lethalwiz at [sng-tele]
(andeh): >  &cd37and&r [sng-ledge] &c931r&cfff&cf6638&r/&cfff160&r &cf31rl&cfff &c29flg&cfff&cf66:1&r &caaaneed armor
(goblin): >&c599gob:&cfff 0/100 [sng-tele] 
(rio): >&c1ff>&r &ce00ra&cfff &c777at&r [ra]
(lethalwiz): >&c599lwz:&cfff 0/-1 &cf60rl&cfff&cf31:24&cfff [sng-tele] 
(andeh): >  &cd37and&r [ra-entry] &cf660&r/&cfff145&r &cf31rl&cfff &c29flg&cfff&c29f:39&r &caaaneed armor
(lethalwiz): >&c599lwz:&cfff &cf00lost&cfff [sng-tele] 1
(andeh): >&cfa1and &cfa6[&cfa9ra-low&cfa6] coming&r &cfa60/144&r &cf31rl&cfff
(andeh): >  &cd37and&r [ra] &cf660&r/&cfff143&r &cf31rl&cfff &c29flg&cfff&c29f:39&r &caaaneed armor
(andeh): >&cf00and &cf55[&cf99ra&cf55] lost&r &c55f(dropped lg-pack:38)&r
(andeh): >&cf00and &cf55[&cf99ra&cf55] lost&r &c55f(dropped lg-pack:38)&r
(andeh): >&cf00and &cf55[&cf99ra&cf55] lost&r &c55f(dropped lg-pack:38)&r
(andeh): >&cf00and &cf55[&cf99ra&cf55] lost&r &c55f(dropped lg-pack:38)&r
(goblin): >&c599gob:&cfff 0/100 [ring] 
(lethalwiz): >&c599lwz:&cfff &cf00lost&cfff [ya-box] 1
(rio): >&c1ff>&r &r__&cf2aPACK&r__&r &c777at&r [ra]
(sniegov.dc): >&cf0fsha&cfff 0/100 [water.lg] sg &c2aac&cfff:6
(airman.dc): >&c372 23 &cfff need armor/rl [window.quad]
(sniegov.dc): >&ce00sni&cfff __ &ce00lost&cfff &ce00[&cfffrl&ce00]&cfff 1 
[30] seconds
(airman.dc): >&c372 23 &cfff &cff0ya&cfff at [ya.box]
(airman.dc): >&c372 23 &cfff &cff0ya&cfff at [ya.box]
(airman.dc): >&c372 23 &cfff &cff0ya&cfff at [ya.box]
(airman.dc): >&c372 23 &cfff &cff0ya&cfff at [ya.box]
(airman.dc): >&c372 23 &cfff &cff0ya&cfff at [ya.box]
(airman.dc): >&c372 23 &cfff &cff0ya&cfff at [ya.box]
(pooll.dc): >&ca20poo&cfff  &cf00lost&cfff &cf00[&cfffra.low&cf00]&cfff 1
(pooll.dc): >&ca20poo&cfff  &cf00lost&cfff &cf00[&cfffra.low&cf00]&cfff 1
(airman.dc): >&c372 23 &cfff need armor/rl [bridge.low]
[15] seconds
(sniegov.dc): >&ce00sni&cfff __ &ce00lost&cfff &ce00[&cfffrl&ce00]&cfff 1 
[10] seconds
[9] seconds
(grl.dc): >&cf0fGRL&cfff quad over &cf00[&cfffring&cf00]&cfff 2
(grl.dc): >&cf0fGRL&cfff quad over &cf00[&cfffring&cf00]&cfff 2
[8] seconds
(sniegov.dc): >&cf0fsha&cfff    &cf60coming&cfff [ya.entry]
[7] seconds
[6] seconds
(rio): >  &c353rio&r [ya-quad] &cfff0&r/&cfff100&r sg &caaa
[5] seconds
[4] seconds
[3] seconds
[2] seconds
[1] second
The match is over
trigger "onmatchover" has no matching alias

____________________
:
___________________Frags (rank) friendkills . efficiency
Team [=s=]:
__________
_ andeh:
  55 (15) 1 57.9%
Wp: lg37.6% (73/194) rl63.0% gl75.0% sg49.6% ssg21.4%
RL skill: ad:83.0 dh:6
Armr&mhs: ga:0 ya:2 ra:15 mh:4
Powerups: Q:2 P:0 R:0
      RL: Took:5 Killed:9 Dropped:1 Xfer:1
  Damage: Tkn:7043 Gvn:8122 EWep:2471 Tm:217 Self:319 ToDie:176
    Time: Quad:60
 Streaks: Frags:19 QuadRun:2
  SpawnFrags: 3
__________
_ rio:
  42 (9) 2 56.0%
Wp: lg36.0% (40/111) rl33.8% sg38.3% ssg67.0%
RL skill: ad:88.5 dh:10
Armr&mhs: ga:0 ya:3 ra:9 mh:11
Powerups: Q:4 P:3 R:0
      RL: Took:7 Killed:10 Dropped:2
  Damage: Tkn:5330 Gvn:5864 EWep:2175 Tm:293 Self:688 ToDie:161
    Time: Quad:91
 Streaks: Frags:11 QuadRun:2
  SpawnFrags: 3
__________
_ goblin:
  44 (-12) 1 44.0%
Wp: lg42.0% (50/119) rl63.9% sg33.2% ssg36.3%
RL skill: ad:82.4 dh:12
Armr&mhs: ga:0 ya:6 ra:6 mh:6
Powerups: Q:1 P:0 R:0
      RL: Took:7 Killed:2 Dropped:2 Xfer:1
  Damage: Tkn:7925 Gvn:8385 EWep:2628 Tm:351 Self:308 ToDie:141
    Time: Quad:30
 Streaks: Frags:15 QuadRun:4
  SpawnFrags: 8
__________
_ lethalwiz:
  42 (-17) 3 41.6%
Wp: lg37.4% (49/131) rl60.6% gl20.7% sg39.1% ssg44.5%
RL skill: ad:97.2 dh:12
Armr&mhs: ga:0 ya:7 ra:7 mh:12
Powerups: Q:2 P:0 R:1
      RL: Took:8 Killed:4 Dropped:6 Xfer:1
  Damage: Tkn:8305 Gvn:7073 EWep:1760 Tm:287 Self:421 ToDie:140
    Time: Quad:30
 Streaks: Frags:10 QuadRun:1
  SpawnFrags: 2

Team [dc]:
__________
_ pooll.dc:
  38 (-20) 1 39.6%
Wp: lg33.7% (29/86) rl44.2% sg36.7% ssg30.4%
RL skill: ad:107.8 dh:6
Armr&mhs: ga:0 ya:2 ra:3 mh:10
Powerups: Q:4 P:0 R:0
      RL: Took:4 Killed:5 Dropped:3 Xfer:2
  Damage: Tkn:7259 Gvn:7383 EWep:2888 Tm:356 Self:175 ToDie:125
    Time: Quad:120
 Streaks: Frags:13 QuadRun:6
  SpawnFrags: 3
__________
_ sniegov.dc:
  40 (-18) 2 40.8%
Wp: lg38.5% (35/91) rl56.2% sg45.1% ssg42.6%
RL skill: ad:86.3 dh:9
Armr&mhs: ga:0 ya:15 ra:1 mh:6
Powerups: Q:2 P:1 R:0
      RL: Took:10 Killed:5 Dropped:6 Xfer:1
  Damage: Tkn:8088 Gvn:6871 EWep:2082 Tm:200 Self:245 ToDie:139
    Time: Quad:30
 Streaks: Frags:8 QuadRun:2
  SpawnFrags: 3
__________
_ airman.dc:
  48 (-1) 3 49.5%
Wp: lg30.4% (55/181) rl44.9% gl11.1% sg40.4% ssg28.4%
RL skill: ad:80.6 dh:12
Armr&mhs: ga:0 ya:11 ra:3 mh:2
Powerups: Q:4 P:0 R:1
      RL: Took:8 Killed:5 Dropped:3
  Damage: Tkn:6675 Gvn:7591 EWep:2421 Tm:316 Self:237 ToDie:136
    Time: Quad:76
 Streaks: Frags:24 QuadRun:4
  SpawnFrags: 7
__________
_ grl.dc:
  30 (-21) 4 37.0%
Wp: lg50.0% (14/28) rl60.0% sg38.1% ssg49.2%
RL skill: ad:82.3 dh:10
Armr&mhs: ga:0 ya:7 ra:5 mh:8
Powerups: Q:1 P:0 R:2
      RL: Took:12 Killed:8 Dropped:5 Xfer:1
  Damage: Tkn:7422 Gvn:6758 EWep:2703 Tm:223 Self:532 ToDie:145
    Time: Quad:26
 Streaks: Frags:8 QuadRun:2
  SpawnFrags: 2

___________________[=s=] vs [dc] match statistics:
___________________
weapons, powerups, armors&mhs, damage
___________________[=s=]: Wp: lg38% rl40 gl6 sg39% ssg45%
Powerups: Q:9 P:3 R:1
Armr&mhs: ga:0 ya:18 ra:37 mh:33
      RL: Took:27 Killed:25 Dropped:11 Xfer:3
  Damage: Tkn:28603 Gvn:29444 EWep:9034 Tm:1148
    Time: Quad:211
[dc]: Wp: lg34% rl37 gl1 sg40% ssg37%
Powerups: Q:11 P:1 R:3
Armr&mhs: ga:0 ya:35 ra:12 mh:26
      RL: Took:34 Killed:23 Dropped:17 Xfer:4
  Damage: Tkn:29444 Gvn:28603 EWep:10094 Tm:1095
    Time: Quad:252
___________________[dm3] top scorers:
______________________________________
      Frags: andeh [55]
     Deaths: lethalwiz [59]
Friendkills: grl.dc [4]
 Efficiency: andeh [57.9%]
 FragStreak: airman.dc [24]
    QuadRun: pooll.dc [6]
  RL Killer: rio [10]
Boomsticker: andeh [49.6%]
   Survivor: andeh [176]
Annihilator: goblin [8385]

______________________________________

____________________
: Team scores
___________________[=s=]: 183 . 54.0%
[dc]: 156 . 46.0%
___________________grl.dc: gg
rio: gg
]log 7
