trl.........axe: lt!
matchdate: 2022-03-02 21:07:59 CET
trigger "onmatchstart" has no matching alias
The match has begun!
(lethalwiz): >&c599lwz:&cfff 0/100 [gl-quad] 
(goblin): >&cfa1gob &cfa6[&cfa9quad&cfa6] coming&r &cfa60/100&r 
]/demo_setspeed 1000
(goblin): >  &c05fgob&r __ &c05fteam quad typ&r __
(goblin): >  &c05fgob&r __ &c05fteam quad typ&r __
(lethalwiz): >&c599lwz:&cfff 0/100 [quad] 
(goblin): >  &ca33gob&r &c05fquad&cfff [ya] &cf660&r/&cf6645&r sg &caaa
(lethalwiz): >&c599lwz:&cfff 0/-1 [ya] 
(lethalwiz): >&c599lwz:&cfff 0/-1 [ya] 
(lethalwiz): >&c599lwz:&cfff 0/100 [start-water] 
(lethalwiz): >&c599lwz:&cfff 0/100 [start-water] 
(lethalwiz): >&c599lwz:&cfff 0/100 [start-water] 
(lethalwiz): >&c599lwz:&cfff 0/100 [start-water] 
(goblin): >  &ca33gob&r [mega-sng] &cfff0&r/&cfff100&r sng &caaa
(lethalwiz): >&c599lwz:&cfff 0/100 &cf60rl&cfff&cf31:3&cfff [rl] 
]/demo_setspeed 10000
(lethalwiz): >&c599lwz:&cfff &c991y&cfff150/170 &cf60rl&cfff&cf31:6&cfff [gl-stairs] 
(mOlle): >  &c59cmol&r [rl] &cfff0&r/&cfff100&r sg &caaa
(mOlle): >  &c59cmol&r [rl] &cfff0&r/&cfff100&r sg &caaa
(lethalwiz): >&c599lwz:&cfff &c991y&cfff71/117 &cf60rl&cfff&cf31:13&cfff [gl-quad] 
[19] minutes remaining
Team [=s=] leads by 7 frags
(andeh): >&cf00and &cf00[&cf55rl&cf00] lost&r &cf552&r
(andeh): >&cf00and &cf00[&cf55rl&cf00] lost&r &cf552&r
(andeh): >&cf00and &cf00[&cf55rl&cf00] lost&r &cf552&r
(lethalwiz): >&c599lwz:&cfff &c991y&cfff43/95 &cf60rl&cfff&cf31:9&cfff [quad-box] &c05fquad&cfff
(goblin): >  &ca33gob&r [gl-stairs] &cfff0&r/&cfff100&r &c299gl&cfff &caaa
(andeh): >  &cd37and&r [ya-water] &c991y&cfff&cfff150&r/&cfff100&r sng &caaa
(goblin): >  &ca33gob&r [ya] &cfff0&r/&cfff100&r &c299gl&cfff &caaa
(goblin): >  &ca33gob&r [ya] &cfff0&r/&cfff100&r &c299gl&cfff &caaa
(mOlle): >  &c59cmol&r [rl] &cfff0&r/&cfff100&r sg &caaa
(andeh): >  &cd37and&r [rl] &c991y&cfff&cfff44&r/&cfff38&r sng &caaa
(goblin): >  &ca33gob&r [gl-stairs] &cfff0&r/&cfff100&r &c299gl&cfff &caaa
(andeh): >&cd37and:&cfff you take [water-rl]
Quad Damage is wearing off
(goblin): >&cfffgob &caaa[&c666ya&caaa] took&r &cff0ya&cfff
(goblin): >&cfffgob &caaa[&c666ya&caaa] took&r &cff0ya&cfff
(goblin): >  &ca33gob&r [ya] &c991y&cfff&cfff150&r/&cfff100&r &c299gl&cfff &caaa
(lethalwiz): >&c599lwz:&cfff 0/52 &cf60rl&cfff&cf31:5&cfff [water-spikes] 
(goblin): >  &ca33gob&r [gl-stairs] &c991y&cfff&cfff150&r/&cfff100&r &c299gl&cfff &caaa
(mOlle): >  &c59cmol&r [ya-water] &cf660&r/&cfff100&r &cf31rl&cfff &caaaneed armor
(andeh): >&cf00and &cf00[&cf55gl-stairs&cf00] lost&r &cf552&r
(andeh): >&cf00and &cf00[&cf55gl-stairs&cf00] lost&r &cf552&r
(andeh): >&cf00and &cf00[&cf55gl-stairs&cf00] lost&r &cf552&r
(andeh): >&cf00and &cf00[&cf55gl-stairs&cf00] lost&r &cf552&r
(goblin): >  &ca33gob&r [water-rl] &c991y&cfff&cfff121&r/&cfff89&r &c299gl&cfff &caaa
(goblin): >  &ca33gob&r [water-rl] &c991y&cfff&cfff121&r/&cfff89&r &c299gl&cfff &caaa
(mOlle): >&cf0fmol &cf5f[&cfffya&cf5f] dropped&r &cf0frl-pack&r
(mOlle): >&cf0fmol &cf5f[&cfffya&cf5f] dropped&r &cf0frl-pack&r
(pre.........axe): > &c666 pre&cfff [cross] g&cf6642&cfff/100 &cf60rl&cfff 
(pre.........axe): > &c666 pre&cfff [quad-stairs] g&cf6642&cfff/100 &cf60rl&cfff 
[18] minutes remaining
Team [=s=] leads by 17 frags
(pre.........axe): > &c666 pre&cfff [quad] g&cf6642&cfff/100 &cf60rl&cfff 
(nas.........axe): >&cf00  nas lost [quad] 1
(lethalwiz): >&c599lwz:&cfff 0/100 sg [ya] rox:11 
(lethalwiz): >&c599lwz:&cfff 0/100 sg [ya] rox:11 
(lethalwiz): >&c599lwz:&cfff 0/100 sg [ya] rox:11 
(lethalwiz): >&c599lwz:&cfff 0/100 sg [ya] rox:11 
(goblin): >  &ca33gob&r [gl] &c991y&cfff&cf6663&r/&cfff100&r &cf31rl&cfff &caaaneed armor
(lethalwiz): >&c599lwz:&cfff 0/100 sg [ya] rox:11 
(goblin): >  &ca33gob&r [ya] &c991y&cfff&cf6663&r/&cfff100&r &cf31rl&cfff &caaaneed armor
(goblin): >  &ca33gob&r [ya] &c991y&cfff&cf6663&r/&cfff100&r &cf31rl&cfff &caaaneed armor
(goblin): >  &ca33gob&r [ya] &c991y&cfff&cf6663&r/&cfff100&r &cf31rl&cfff &caaaneed armor
(goblin): >  &ca33gob&r [ya] &c991y&cfff&cf6663&r/&cfff100&r &cf31rl&cfff &caaaneed armor
(goblin): >  &ca33gob&r [ya] &c991y&cfff&cf6663&r/&cfff100&r &cf31rl&cfff &caaaneed armor
(goblin): >  &ca33gob&r [ya] &c991y&cfff&cf6663&r/&cfff100&r &cf31rl&cfff &caaaneed armor
(andeh): >  &cd37and&r [mega-sng] &cfff0&r/&cfff100&r sg &caaa
(andeh): >&c1ff>&r rox &c777at&r [mega-rox]
(andeh): >&c1ff>&r rox &c777at&r [mega-rox]
(andeh): >&c1ff>&r &c0ffmega&cfff &c777at&r [mega]
(andeh): >&c1ff>&r &c0ffmega&cfff &c777at&r [mega]
(andeh): >  &cd37and&r [mega] &cfff0&r/&cfff100&r sng &caaa
(andeh): >  &cd37and&r [mega] &cfff0&r/&cfff100&r sng &caaa
(goblin): >  &ca33gob&r [gl] &cf660&r/&cf6641&r &cf31rl&cfff &caaaneed armor
(trl.........axe): >&cf00  trl lost [rl] 1
(goblin): >&cfffgob &caaa[&c666ya&caaa] took&r &cff0ya&cfff
(mOlle): >  &c59cmol&r [gl-quad] &cf660&r/&cfff98&r &cf31rl&cfff &caaaneed armor
(lethalwiz): >&c599lwz:&cfff 0/73 gl [ya] rox:16 
(lethalwiz): >&c599lwz:&cfff &cf2apack&cfff at [gl]
(lethalwiz): >&c599lwz:&cfff &cf00lost&cfff [gl] 1
(lethalwiz): >&c599lwz:&cfff 0/100 [cross] 
(andeh): >  &cd37and&r [gl-stairs] &cfff0&r/&cfff100&r ssg &caaa
(andeh): >&cf00and &cf00[&cf55gl&cf00] lost&r &cf551&r
(andeh): >&cf00and &cf00[&cf55gl&cf00] lost&r &cf551&r
[17] minutes remaining
Team [=s=] leads by 26 frags
(lethalwiz): >&c599lwz:&cfff &cf00lost&cfff [gl] 2
(lethalwiz): >&c599lwz:&cfff &cf00lost&cfff [gl] 2
(nas.........axe): > &c3cc nas&cfff quaded tim.........axe take [ya]
(trl.........axe): > &c000 trl&cfff [spikes] 0/100 sg 
(trl.........axe): > &cf60 trl coming [spikes]&cfff 
(trl.........axe): > &cf60 trl coming [spikes]&cfff 
Quad Damage is wearing off
(goblin): >  &ca33gob&r [ya-water] &cfff0&r/&cfff28&r &c299gl&cfff &caaa
(goblin): >  &ca33gob&r [ga] &cfff0&r/&cfff78&r &c299gl&cfff &caaa
(andeh): >  &cd37and&r [gl-stairs] &c693g&cfff&cfff100&r/&cfff140&r &cf31rl&cfff &caaa
(goblin): >  &ca33gob&r [door] &cfff0&r/&cfff78&r &c299gl&cfff &caaa
(lethalwiz): >&c599lwz:&cfff &cf00lost&cfff [gl-quad] 1
[16] minutes remaining
Team [=s=] leads by 21 frags
(andeh): >&cfffand &caaa[&c666ya&caaa] took&r &cff0ya&cfff
(lethalwiz): >&c599lwz:&cfff 0/42 sng [gl-stairs] 
(mOlle): >  &c59cmol&r &c05fquad&cfff [quad] &cf660&r/&cfff64&r &c299gl&cfff &caaa
(mOlle): >  &c59cmol&r &c05fquad&cfff [quad] &cf660&r/&cfff64&r &c299gl&cfff &caaa
(goblin): >&cf00gob &cf00[&cf55mega-sng&cf00] lost&r &cf552&r
(goblin): >&cf00gob &cf00[&cf55mega-sng&cf00] lost&r &cf552&r
(goblin): >&cf00gob &cf00[&cf55mega-sng&cf00] lost&r &cf552&r
(lethalwiz): >&c599lwz:&cfff 0/100 [start-rl] 
(lethalwiz): >&c599lwz:&cfff 0/100 [start-rl] 
(goblin): >  &ca33gob&r [water-rl] &cfff0&r/&cfff92&r sg &caaa
(lethalwiz): >&c599lwz:&cfff 0/-1 [rl] 
(mOlle): >&cfa1mol &cfa6[&cfa9water-ga&cfa6] coming&r &c991y&cfff&cfa6150/79&r 
(mOlle): >&cfa1mol &cfa6[&cfa9water-ga&cfa6] coming&r &c991y&cfff&cfa6150/79&r 
(andeh): >  &cd37and&r [gl] &c991y&cfff&cf6661&r/&cfff91&r &cf31rl&cfff &caaaneed armor
(goblin): >&cfffgob &caaa[&c666rl&caaa] took&r &cf31rl&cfff
(goblin): >&cfffgob &caaa[&c666rl&caaa] took&r &cf31rl&cfff
Quad Damage is wearing off
(lethalwiz): >&c599lwz:&cfff &cf00lost&cfff [cross] 2
(lethalwiz): >&c599lwz:&cfff &cf00lost&cfff [cross] 2
(lethalwiz): >&c599lwz:&cfff 0/100 [ya] 
(mOlle): >  &c59cmol&r [water-ga] &c991y&cfff&cfff92&r/&cf6645&r &cf31rl&cfff&cf66:4&r &caaaneed hth
(mOlle): >  &c59cmol&r [water-ga] &c991y&cfff&cfff92&r/&cf6645&r &cf31rl&cfff&cf66:4&r &caaaneed hth
(mOlle): >  &c59cmol&r [water-ga] &c991y&cfff&cfff92&r/&cf6645&r &cf31rl&cfff&cf66:4&r &caaaneed hth
(andeh): >  &cd37and&r [ya] &c991y&cfff&cf6624&r/&cfff83&r &cf31rl&cfff &caaaneed armor
(mOlle): >&cf00mol &cf00[&cf55ssg&cf00] lost&r &cf552&r
(mOlle): >&cf00mol &cf00[&cf55ssg&cf00] lost&r &cf552&r
(andeh): >&cfffand &caaa[&c666ya&caaa] took&r &cff0ya&cfff
(andeh): >&cfffand &caaa[&c666ya&caaa] took&r &cff0ya&cfff
(goblin): >  &ca33gob&r [gl-stairs] &c693g&cfff&cfff91&r/&cfff100&r sng &caaa
(mOlle): >  &c59cmol&r [rl] &cfff0&r/&cfff100&r sg &caaa
(mOlle): >  &c59cmol&r [rl] &cfff0&r/&cfff100&r sg &caaa
(andeh): >&cf0fand &cf5f[&cfffgl&cf5f] dropped&r &cf0frl-pack&r
(andeh): >&cf0fand &cf5f[&cfffgl&cf5f] dropped&r &cf0frl-pack&r
(andeh): >&cf0fand &cf5f[&cfffgl&cf5f] dropped&r &cf0frl-pack&r
(pre.........axe): > &c666 pre&cfff [start-water] 0/82 sng 
[15] minutes remaining
Team [=s=] leads by 24 frags
(trl.........axe): > &c000 trl&cfff [ya] 0/100 sg 
(tim.........axe): > &cf93 tim&cfff [ya] &cf660&cfff/&cf6625&cfff &cf60rl&cfff 
(mOlle): >  &c59cmol&r [quad] &cf660&r/&cf6648&r &cf31rl&cfff &caaaneed armor hth
(mOlle): >  &c59cmol&r [quad] &cf660&r/&cf6648&r &cf31rl&cfff &caaaneed armor hth
(mOlle): >  &c59cmol&r [quad] &cf660&r/&cf6648&r &cf31rl&cfff &caaaneed armor hth
(lethalwiz): >&c599lwz:&cfff &cf00lost&cfff [mega-low] 2
(lethalwiz): >&c599lwz:&cfff &cf00lost&cfff [mega-low] 2
(tim.........axe): >&cf00  tim lost [ya] 3
(tim.........axe): > &cf60 tim coming [spikes]&cfff 
(trl.........axe): > &c000 trl&cfff [ssg] 0/33 ssg 
(tim.........axe): > &cf60 tim coming [spikes]&cfff 
(nas.........axe): >&cf00  nas lost [gl] 1
(lethalwiz): >&c599lwz:&cfff &c991y&cfff140/60 &cf60rl&cfff&cf31:12&cfff [gl-rox] 
[14] minutes remaining
Team [=s=] leads by 25 frags
(andeh): >&cf00and &cf00[&cf55quad-stairs&cf00] lost&r &cf552&r
(mOlle): >  &c59cmol&r [ya] &c991y&cfff&cf6653&r/&cfff100&r &cf31rl&cfff &caaaneed armor
(goblin): >&cf00gob &cf00[&cf55rl&cf00] lost&r &cf551&r
(lethalwiz): >&c599lwz:&cfff 0/100 [rl] 
(lethalwiz): >&c599lwz:&cfff 0/100 [rl] 
(lethalwiz): >&c599lwz:&cfff 0/-76 [start-rl] 
(lethalwiz): >&c599lwz:&cfff 0/100 [ya] 
(lethalwiz): >&c599lwz:&cfff 0/100 [ya] 
(goblin): >  &ca33gob&r [gl-sng] &cfff0&r/&cfff100&r sng &caaa
(goblin): >&c1ff>&r &cf2aPACK&r &c777at&r [gl-stairs]
(goblin): >  &ca33gob&r [rl] &cfff0&r/&cfff100&r sng &caaa
(goblin): >&c1ff>&r &cf31rl&cfff &c777at&r [rl]
(goblin): >  &ca33gob&r [rl] &cfff0&r/&cfff77&r sng &caaa
(andeh): >&cfffand &caaa[&c666rl&caaa] took&r &cf31rl&cfff
(andeh): >&cfffand &caaa[&c666rl&caaa] took&r &cf31rl&cfff
(lethalwiz): >&c599lwz:&cfff &cf00enemy&cfff at [gl]
(lethalwiz): >&c599lwz:&cfff &cf2apack&cfff at [gl]
(lethalwiz): >&c599lwz:&cfff &cf00lost&cfff [gl] 2
(mOlle): >&cfa1mol &cfa6[&cfa9ssg-spikes&cfa6] coming&r &c991y&cfff&cfa658/90&r rl
(mOlle): >&cfa1mol &cfa6[&cfa9ssg-spikes&cfa6] coming&r &c991y&cfff&cfa658/90&r rl
(mOlle): >&cfa1mol &cfa6[&cfa9ssg-spikes&cfa6] coming&r &c991y&cfff&cfa658/90&r rl
(andeh): >  &cd37and&r [mega] &cf660&r/&cfff100&r &cf31rl&cfff &caaaneed armor
(lethalwiz): >&c599lwz:&cfff &cf00lost&cfff [gl] 2
(andeh): >&cfffand &caaa[&c666mega&caaa] took&r &c0ffmega&cfff
(andeh): >&cfffand &caaa[&c666mega&caaa] took&r &c0ffmega&cfff
(mOlle): >&cfa1mol &cfa6[&cfa9ya&cfa6] coming&r &c991y&cfff&cfa6150/87&r rl
(mOlle): >&cfa1mol &cfa6[&cfa9gl-stairs&cfa6] coming&r &c991y&cfff&cfa6150/87&r rl
[13] minutes remaining
Team [=s=] leads by 32 frags
(andeh): >&c0f0and &c0f0[&c5f5quad&c0f0] safe&r &c9f9rl&r
(andeh): >&c0f0and &c0f0[&c5f5quad&c0f0] safe&r &c9f9rl&r
(mOlle): >&cfa1mol &cfa6[&cfa9gl-quad&cfa6] coming&r &c991y&cfff&cfa6150/100&r rl
(goblin): >  &ca33gob&r [quad-stairs] &cfff0&r/&cfff100&r sg &caaa
(andeh): >  &cd37and&r [quad] &cf660&r/&cfff127&r &cf31rl&cfff&cf66:3&r &caaaneed armor
(andeh): >  &cd37and&r [quad] &cf660&r/&cfff127&r &cf31rl&cfff&cf66:3&r &caaaneed armor
(lethalwiz): >&c599lwz:&cfff &cf00lost&cfff [rl] 2
(goblin): >  &ca33gob&r [door] &cfff0&r/&cfff100&r sg &caaa
(lethalwiz): >&c599lwz:&cfff &cf00lost&cfff [rl] 2
(andeh): >  &c05fand&r __ &c05fteam quad typ&r __
(andeh): >  &c05fand&r __ &c05fteam quad typ&r __
(goblin): >  &ca33gob&r [ga] &c693g&cfff&cfff100&r/&cfff100&r sg &caaa
(lethalwiz): >&c599lwz:&cfff &cf00lost&cfff [cross-water] 1
(andeh): >&cfffand &caaa[&c666ya&caaa] took&r &cff0ya&cfff
(lethalwiz): >&c599lwz:&cfff &cf00lost&cfff [cross] 2
(goblin): >  &ca33gob&r [rl] &cfff0&r/&cfff100&r sg &caaa
Quad Damage is wearing off
(andeh): >&c0f0and &c0f0[&c5f5mega&c0f0] safe&r &c9f9rl&r
(lethalwiz): >&c599lwz:&cfff &c693g&cfff40/-38 sng [rl] 
(lethalwiz): >&c599lwz:&cfff &c693g&cfff40/-38 sng [rl] 
(andeh): >&cfffand &caaa[&c666mega&caaa] took&r &c0ffmega&cfff
(lethalwiz): >&c599lwz:&cfff 0/72 [ya] 
(lethalwiz): >&c599lwz:&cfff 0/72 [ya] 
(andeh): >&cf00and &cf00[&cf55mega-low&cf00] lost&r &cf551&r
(andeh): >&cf00and &cf00[&cf55mega-low&cf00] lost&r &cf551&r
(trl.........axe): > &c000 trl&cfff [mega-low] 0/100 sg 
[12] minutes remaining
Team [=s=] leads by 47 frags
(nas.........axe): >&cf00  nas lost [quad] 3
not enough ammo
(andeh): >  &cd37and&r [water-rl] &cfff0&r/&cfff100&r sg &caaa
(goblin): >&c1ff>&r &c0ffmega&cfff &c777at&r [mega]
(goblin): >&c1ff>&r &c0ffmega&cfff &c777at&r [mega]
(goblin): >&c1ff>&r &c0ffmega&cfff &c777at&r [mega]
(goblin): >&c1ff>&r &c0ffmega&cfff &c777at&r [mega]
(goblin): >&c1ff>&r &c0ffmega&cfff &c777at&r [mega]
(goblin): >&c1ff>&r &c0ffmega&cfff &c777at&r [mega]
(mOlle): >&cfa1mol &cfa6[&cfa9quad-stairs&cfa6] coming&r &c991y&cfff&cfa653/97&r rl
(goblin): >&cfffgob &caaa[&c666mega&caaa] took&r &c0ffmega&cfff
(andeh): >&cfffand &caaa[&c666rl&caaa] took&r &cf31rl&cfff
(andeh): >&cfffand &caaa[&c666rl&caaa] took&r &cf31rl&cfff
(andeh): >&cfffand &caaa[&c666rl&caaa] took&r &cf31rl&cfff
(andeh): >  &cd37and&r [cross-water] &cf660&r/&cfff100&r &cf31rl&cfff &caaaneed armor
(andeh): >  &cd37and&r [cross-water] &cf660&r/&cfff100&r &cf31rl&cfff &caaaneed armor
(andeh): >  &cd37and&r [cross-water] &cf660&r/&cfff100&r &cf31rl&cfff &caaaneed armor
(goblin): >  &ca33gob&r [rl] &cfff0&r/&cfff100&r ng &caaa
(andeh): >&cfa1and &cfa6[&cfa9gl&cfa6] coming&r &cfa60/24&r rl
(andeh): >  &cd37and&r [gl] &cf660&r/&cf6624&r &cf31rl&cfff &caaaneed armor health
(lethalwiz): >&c599lwz:&cfff &cf00lost&cfff [rl] 2
(lethalwiz): >&c599lwz:&cfff &cf00lost&cfff [rl] 2
Quad Damage is wearing off
(andeh): >&cfffand &caaa[&c666ya&caaa] took&r &cff0ya&cfff
(andeh): >&cfffand &caaa[&c666ya&caaa] took&r &cff0ya&cfff
(goblin): >  &ca33gob&r [water-rl] &cfff0&r/&cfff76&r ssg &caaa
(mOlle): >  &c59cmol&r [ya] &cf660&r/&cfff53&r &cf31rl&cfff &caaaneed armor
(goblin): >  &ca33gob&r [ya] &cfff0&r/&cfff100&r sg &caaa
(lethalwiz): >&c599lwz:&cfff &cf00lost&cfff [door] 1
[11] minutes remaining
Team [=s=] leads by 49 frags
(andeh): >  &cd37and&r [gl] &c991y&cfff&cfff75&r/&cfff66&r &cf31rl&cfff &caaa
(pre.........axe): > &c666 pre&cfff [quad-stairs] g&cf6632&cfff/102 &cf60rl&cfff&cf66:3&cfff 
(goblin): >  &ca33gob&r [ssg] &cfff0&r/&cfff100&r ssg &caaa
(lethalwiz): >&c599lwz:&cfff 0/-18 [ya] 
(lethalwiz): >&c599lwz:&cfff &cf00lost&cfff [cross] 1
(andeh): >&c0f0and &c0f0[&c5f5ya&c0f0] safe&r &c9f9rl&r
(andeh): >&c0f0and &c0f0[&c5f5ya&c0f0] safe&r &c9f9rl&r
(goblin): >  &ca33gob&r [quad] &c693g&cfff&cfff100&r/&cfff100&r ssg &caaa
(goblin): >  &ca33gob&r [quad] &c693g&cfff&cfff100&r/&cfff100&r ssg &caaa
(mOlle): >  &c59cmol&r [ga] &cfff0&r/&cfff100&r sg &caaa
(andeh): >&c1ff>&r &cf2aPACK&r &c777at&r [ya-water]
(andeh): >&cd37and:&cfff you take [ya]
(andeh): >&c1ff>&r &cf2aPACK&r &c777at&r [ya-water]
(andeh): >  &cd37and&r [ya] &c991y&cfff&cfff103&r/&cf6628&r &cf31rl&cfff &caaaneed health
(andeh): >&c1ff>&r &cf2aPACK&r &c777at&r [ya-water]
(andeh): >&c1ff>&r &cf2aPACK&r &c777at&r [ya-water]
(andeh): >&c1ff>&r &cf2aPACK&r &c777at&r [ya-water]
(goblin): >&cfa1gob &cfa6[&cfa9ya&cfa6] coming&r &cfa60/100&r 
(andeh): >&c1ff>&r &cf2aPACK&r &c777at&r [ya-water]
(andeh): >&c1ff>&r &cf2aPACK&r &c777at&r [ya-water]
(andeh): >&c1ff>&r &cf2aPACK&r &c777at&r [ya-water]
(goblin): >  &ca33gob&r [gl-sng] &cf660&r/&cfff100&r &cf31rl&cfff &caaaneed armor
(goblin): >  &ca33gob&r [gl-sng] &cf660&r/&cfff100&r &cf31rl&cfff &caaaneed armor
(andeh): >&c1ff>&r &cf2aPACK&r &c777at&r [gl]
(mOlle): >&cfa1mol &cfa6[&cfa9ya&cfa6] coming&r &cfa60/100&r 
(goblin): >  &ca33gob&r [ya-water] &cf660&r/&cfff100&r &cf31rl&cfff &caaaneed armor
[10] minutes remaining
Team [=s=] leads by 58 frags
(goblin): >  &ca33gob&r [ya-water] &cf660&r/&cfff100&r &cf31rl&cfff &caaaneed armor
(goblin): >  &ca33gob&r [ya] &cf660&r/&cf6649&r &cf31rl&cfff &caaaneed armor
(goblin): >&cf00gob &cf00[&cf55gl&cf00] lost&r &cf551&r
(goblin): >&cf00gob &cf00[&cf55gl&cf00] lost&r &cf551&r
(nas.........axe): >&cf00  nas lost [gl] 1
(tim.........axe): > &cf93 tim&cfff [ya] &cf660&cfff/&cf6624&cfff &cf60rl&cfff 
(tim.........axe): > &cf93 tim&cfff [rl] 0/100 sg 
(nas.........axe): >&cf00  nas lost [ya-top] 2
(trl.........axe): >&cf00  trl lost [mega-low] 2
(goblin): >  &ca33gob&r [gl] &cfff0&r/&cfff100&r &c299gl&cfff &caaa
(andeh): >  &cd37and&r [water-rl] &cfff0&r/&cfff91&r sg &caaa
(andeh): >&cf00and &cf00[&cf55rl&cf00] lost&r &cf551&r
(andeh): >&cf00and &cf00[&cf55rl&cf00] lost&r &cf551&r
(lethalwiz): >&c599lwz:&cfff &c693g&cfff51/-7 &cf60rl&cfff&cf31:30&cfff [water-lift] 
(pre.........axe): > &c666 pre&cfff [150] 0/100 sg 
[9] minutes remaining
Team [=s=] leads by 61 frags
(trl.........axe): > &c000 trl&cfff [start-rl] &cf660&cfff/53 &cf60rl&cfff 
(nas.........axe): >&cf00  nas lost [quad] 3
(andeh): >  &cd37and&r &c05fquad&cfff [gl-stairs] &cf660&r/&cfff122&r sng &caaa
(andeh): >&cfffand &caaa[&c666ya&caaa] took&r &cff0ya&cfff
(andeh): >&cfffand &caaa[&c666ya&caaa] took&r &cff0ya&cfff
(lethalwiz): >&c599lwz:&cfff &c693g&cfff49/-4 [rl] 
(lethalwiz): >&c599lwz:&cfff 0/-31 [cross] 
Quad Damage is wearing off
(lethalwiz): >&c599lwz:&cfff &cff0ya&cfff at [ya]
(andeh): >  &cd37and&r [gl] &cfff0&r/&cfff13&r sng &caaa
[8] minutes remaining
Team [=s=] leads by 62 frags
(mOlle): >&c1ff>&r &cfffenemy&cfff &c777at&r [ssg]
(mOlle): >&c1ff>&r &cfffenemy&cfff &c777at&r [ssg]
(lethalwiz): >&c599lwz:&cfff &cf00lost&cfff [cross-water] 1
(lethalwiz): >&c599lwz:&cfff 0/100 [cross] 
(lethalwiz): >&c599lwz:&cfff 0/-99 [quad] 
(andeh): >  &cd37and&r [quad] &cfff0&r/&cfff100&r sng &caaa
(andeh): >  &cd37and&r [quad] &cfff0&r/&cfff100&r sng &caaa
(goblin): >  &c05fgob&r __ &c05fteam quad typ&r __
(goblin): >  &c05fgob&r __ &c05fteam quad typ&r __
(lethalwiz): >&c599lwz:&cfff &cf00lost&cfff [bridge] 1
(goblin): >  &ca33gob&r &c05fquad&cfff [ya] &cf660&r/&cfff100&r sg &caaa
(andeh): >&cf00and &cf00[&cf55gl&cf00] lost&r &cf551&r
(andeh): >  &cd37and&r [gl-quad] &cfff0&r/&cfff100&r sg &caaa
(tim.........axe): > &cf93 tim&cfff [mega] 0/100 sg 
(trl.........axe): > &c000 trl&cfff took &c0a0mega&cfff [mega]
[7] minutes remaining
Team [=s=] leads by 52 frags
(trl.........axe): >&cf00  trl lost [cross] 1
(andeh): >&cfa1and &cfa6[&cfa9spikes&cfa6] coming&r &cfa60/100&r rl
(lethalwiz): >&c599lwz:&cfff &cf00dropped&cfff &cf60rl&cfff [mega-sng] 1
(lethalwiz): >&c599lwz:&cfff &cf00dropped&cfff &cf60rl&cfff [mega-sng] 1
(andeh): >&cfffand &caaa[&c666ya&caaa] took&r &cff0ya&cfff
(andeh): >&cfffand &caaa[&c666ya&caaa] took&r &cff0ya&cfff
(andeh): >&cfffand &caaa[&c666ya&caaa] took&r &cff0ya&cfff
(andeh): >&c0f0and &c0f0[&c5f5gl&c0f0] safe&r &c9f9rl&r
(andeh): >&c0f0and &c0f0[&c5f5gl&c0f0] safe&r &c9f9rl&r
(goblin): >  &ca33gob&r [rl] &c991y&cfff&cfff150&r/&cfff100&r sng &caaa
(mOlle): >&cfa1mol &cfa6[&cfa9spikes&cfa6] coming&r &cfa60/100&r 
(goblin): >&c0f0gob &c0f0[&c5f5rl&c0f0] safe&r &c9f9&r
(goblin): >&c0f0gob &c0f0[&c5f5rl&c0f0] safe&r &c9f9&r
(goblin): >&cfffgob &caaa[&c666rl&caaa] took&r &cf31rl&cfff
(goblin): >&cfffgob &caaa[&c666rl&caaa] took&r &cf31rl&cfff
(goblin): >&cfffgob &caaa[&c666rl&caaa] took&r &cf31rl&cfff
(goblin): >  &ca33gob&r [cross-water] &c991y&cfff&cfff133&r/&cfff100&r &cf31rl&cfff &caaa
[6] minutes remaining
Team [=s=] leads by 54 frags
(lethalwiz): >&c599lwz:&cfff &c693g&cfff100/100 sng [water-rl] rox:11 
(mOlle): >&c1ff>&r &cf2aPACK&r &c777at&r [quad-stairs]
(lethalwiz): >&c599lwz:&cfff &cff0help&cfff [rl]
(andeh): >  &cd37and&r [quad] &c991y&cfff&cf6666&r/&cf6640&r &cf31rl&cfff&cf66:1&r &caaaneed armor health
(andeh): >  &cd37and&r [quad] &c991y&cfff&cf6666&r/&cf6640&r &cf31rl&cfff&cf66:1&r &caaaneed armor health
(goblin): >&c1ff>&r &cf2aPACK&r &c777at&r [quad]
(andeh): >&c0f0and &c0f0[&c5f5ya&c0f0] safe&r &c9f9rl&r
(andeh): >&c0f0and &c0f0[&c5f5ya&c0f0] safe&r &c9f9rl&r
(andeh): >  &cd37and&r [gl-stairs] &c991y&cfff&cfff150&r/&cfff80&r &cf31rl&cfff &caaa
(andeh): >&c0f0and &c0f0[&c5f5gl&c0f0] safe&r &c9f9rl&r
(andeh): >  &cd37and&r [quad] &c991y&cfff&cf6654&r/&cfff63&r &cf31rl&cfff &caaaneed armor
[5] minutes remaining
Team [=s=] leads by 63 frags
(andeh): >&c0f0and &c0f0[&c5f5ya&c0f0] safe&r &c9f9rl&r
(andeh): >&c0f0and &c0f0[&c5f5ya&c0f0] safe&r &c9f9rl&r
(andeh): >&cfffand &caaa[&c666ya&caaa] took&r &cff0ya&cfff
(andeh): >&cfffand &caaa[&c666ya&caaa] took&r &cff0ya&cfff
(andeh): >  &cd37and&r [ya] &c991y&cfff&cf6663&r/&cf6642&r &cf31rl&cfff &caaaneed armor health
(andeh): >  &cd37and&r [ya] &c991y&cfff&cf6663&r/&cf6642&r &cf31rl&cfff &caaaneed armor health
(goblin): >  &ca33gob&r [cross-water] &c693g&cfff&cfff76&r/&cfff52&r &cf31rl&cfff &caaa
(andeh): >&c1ff>&r &cff0ya&cfff &c777at&r [ya]
(andeh): >&c1ff>&r &cff0ya&cfff &c777at&r [ya]
(andeh): >&c1ff>&r &cff0ya&cfff &c777at&r [ya]
(mOlle): >&c0f0mol &c0f0[&c5f5quad&c0f0] safe&r &c9f9&r
(goblin): >  &ca33gob&r [water-lift] &c693g&cfff&cfff76&r/&cfff52&r &cf31rl&cfff &caaa
(lethalwiz): >&c599lwz:&cfff &c991y&cfff150/97 &cf60rl&cfff&cf31:11&cfff [ya] 
(andeh): >  &cd37and&r [water-ga] &cfff0&r/&cfff100&r sg &caaa
(goblin): >  &ca33gob&r [water-spikes] &c693g&cfff&cfff76&r/&cfff77&r &cf31rl&cfff &caaa
(goblin): >  &ca33gob&r [ya-water] &c693g&cfff&cfff76&r/&cfff77&r &cf31rl&cfff &caaa
(lethalwiz): >&c599lwz:&cfff &cf2apack&cfff at [gl]
(lethalwiz): >&c599lwz:&cfff &cf2apack&cfff at [gl]
(lethalwiz): >&c599lwz:&cfff &cf2apack&cfff at [gl]
(lethalwiz): >&c599lwz:&cfff &cf2apack&cfff at [gl]
(andeh): >&cfa1and &cfa6[&cfa9cross&cfa6] coming&r &cfa60/100&r 
(andeh): >&cfa1and &cfa6[&cfa9quad-stairs&cfa6] coming&r &cfa60/100&r 
(andeh): >&cfa1and &cfa6[&cfa9quad-stairs&cfa6] coming&r &cfa60/100&r 
(lethalwiz): >&c599lwz:&cfff &c991y&cfff19/10 &cf60rl&cfff&cf31:6&cfff [ya-tele] 
(andeh): >&cf00and &cf00[&cf55gl&cf00] lost&r &cf552&r
(lethalwiz): >&c599lwz:&cfff &c991y&cfff19/60 &cf60rl&cfff&cf31:6&cfff [cross] 
(andeh): >  &cd37and&r [quad-box] &cfff0&r/&cfff100&r sg &caaa
(lethalwiz): >&c599lwz:&cfff &c991y&cfff19/100 &cf60rl&cfff&cf31:6&cfff [mega] 
[4] minutes remaining
Team [=s=] leads by 71 frags
(lethalwiz): >&c599lwz:&cfff &cf2apack&cfff at [cross]
(lethalwiz): >&c599lwz:&cfff &cf2apack&cfff at [cross]
(lethalwiz): >&c599lwz:&cfff &cf2apack&cfff at [cross]
(goblin): >  &ca33gob&r [mega-low] &c693g&cfff&cf6660&r/&cf6613&r &cf31rl&cfff &caaaneed armor
(mOlle): >&cf00mol &cf00[&cf55gl&cf00] lost&r &cf553&r
(goblin): >  &ca33gob&r [cross] &c693g&cfff&cf6660&r/&cfff113&r &cf31rl&cfff &caaaneed armor
(goblin): >  &ca33gob&r [quad-stairs] &c693g&cfff&cf6660&r/&cfff112&r &cf31rl&cfff &caaaneed armor
(andeh): >&cf00and &cf00[&cf55quad-box&cf00] lost&r &cf553&r
(andeh): >&cf00and &cf00[&cf55quad-box&cf00] lost&r &cf553&r
(andeh): >&cf00and &cf00[&cf55quad-box&cf00] lost&r &cf553&r
not enough ammo
(lethalwiz): >&c599lwz:&cfff 0/100 [quad] 
(goblin): >  &ca33gob&r [quad] &c693g&cfff&cf6660&r/&cfff108&r &cf31rl&cfff &caaaneed armor
no weapon
(goblin): >  &ca33gob&r &c05fquad&cfff [quad] &c693g&cfff&cf6655&r/&cfff96&r &cf31rl&cfff &caaaneed armor
(goblin): >  &ca33gob&r &c05fquad&cfff [quad] &c693g&cfff&cf6655&r/&cfff96&r &cf31rl&cfff &caaaneed armor
(andeh): >  &cd37and&r [ya] &cfff0&r/&cfff100&r ssg &caaa
(andeh): >&c0f0and &c0f0[&c5f5ya&c0f0] safe&r &c9f9&r
(goblin): >  &ca33gob&r &c05fquad&cfff [ya] &c991y&cfff&cfff150&r/&cfff96&r &cf31rl&cfff &caaa
(andeh): >&cf00and &cf00[&cf55spikes&cf00] lost&r &cf552&r
(lethalwiz): >&c599lwz:&cfff gl at [gl]
(lethalwiz): >&c599lwz:&cfff gl at [gl]
(lethalwiz): >&c599lwz:&cfff gl at [gl]
(lethalwiz): >&c599lwz:&cfff 0/63 &cf60rl&cfff&cf31:5&cfff [gl-stairs] 
Quad Damage is wearing off
(lethalwiz): >&c599lwz:&cfff &cf2apack&cfff at [ya]
(mOlle): >&cfa1mol &cfa6[&cfa9ssg-spikes&cfa6] coming&r &cfa60/38&r rl
(andeh): >&cf00and &cf00[&cf55rl&cf00] lost&r &cf551&r
not enough ammo
[3] minutes remaining
Team [=s=] leads by 84 frags
(mOlle): >  &c59cmol&r [gl] &c991y&cfff&cfff150&r/&cf663&r &cf31rl&cfff&cf66:0&r &caaaneed hth
(mOlle): >  &c59cmol&r [gl] &c991y&cfff&cfff150&r/&cf663&r &cf31rl&cfff&cf66:0&r &caaaneed hth
(mOlle): >  &c59cmol&r [gl] &c991y&cfff&cfff150&r/&cf663&r &cf31rl&cfff&cf66:0&r &caaaneed hth
(mOlle): >  &c59cmol&r [gl] &c991y&cfff&cfff150&r/&cf663&r &cf31rl&cfff&cf66:0&r &caaaneed hth
(mOlle): >  &c59cmol&r [gl] &c991y&cfff&cfff150&r/&cf663&r &cf31rl&cfff&cf66:0&r &caaaneed hth
(andeh): >  &cd37and&r [quad] &cfff0&r/&cfff80&r sg &caaa
(goblin): >  &ca33gob&r [bridge] &cfff0&r/&cfff64&r sng &caaa
(andeh): >&cf00and &cf00[&cf55quad-stairs&cf00] lost&r &cf552&r
(goblin): >  &ca33gob&r [ssg] &cfff0&r/&cfff100&r ssg &caaa
(andeh): >&cfa1and &cfa6[&cfa9gl&cfa6] coming&r &cfa60/100&r 
(mOlle): >  &c59cmol&r [gl-rox] &c991y&cfff&cfff150&r/&cf6633&r &cf31rl&cfff&cf66:0&r &caaaneed hth
(mOlle): >  &c59cmol&r [gl-rox] &c991y&cfff&cfff150&r/&cf6633&r &cf31rl&cfff&cf66:0&r &caaaneed hth
(mOlle): >  &c59cmol&r [gl-rox] &c991y&cfff&cfff150&r/&cf6633&r &cf31rl&cfff&cf66:0&r &caaaneed hth
(goblin): >&cf00gob &cf00[&cf55water-rl&cf00] lost&r &cf551&r
(goblin): >&cf00gob &cf00[&cf55water-rl&cf00] lost&r &cf551&r
Quad Damage is wearing off
(andeh): >  &cd37and&r [start-rl] &cfff0&r/&cfff100&r sg &caaa
(andeh): >&cfffand &caaa[&c666rl&caaa] took&r &cf31rl&cfff
(andeh): >&cfffand &caaa[&c666rl&caaa] took&r &cf31rl&cfff
(goblin): >  &ca33gob&r [ya] &cfff0&r/&cfff100&r sng &caaa
[2] minutes remaining
Team [=s=] leads by 88 frags
(goblin): >&cfffgob &caaa[&c666ya&caaa] took&r &cff0ya&cfff
(goblin): >  &ca33gob&r [ya] &c991y&cfff&cfff150&r/&cfff100&r sng &caaa
(lethalwiz): >&c599lwz:&cfff &cf00lost&cfff [quad-stairs] 3
(goblin): >&c0f0gob &c0f0[&c5f5water-rl&c0f0] safe&r &c9f9&r
(goblin): >&c0f0gob &c0f0[&c5f5water-rl&c0f0] safe&r &c9f9&r
(goblin): >  &ca33gob&r [water-rl] &c991y&cfff&cfff150&r/&cfff100&r sng &caaa
(andeh): >&cf00and &cf00[&cf55mega-low&cf00] lost&r &cf552&r
no weapon
(nas.........axe): > &c3cc nas&cfff team &c05fquad&cfff
no weapon
no weapon
(tim.........axe): > &cf60 tim coming [crossing]&cfff 
no weapon
no weapon
no weapon
no weapon
no weapon
no weapon
no weapon
(tim.........axe): > &cf60 tim coming [spikes]&cfff 
(trl.........axe): > &c000 trl&cfff [ya] 0/100 sg 
Quad Damage is wearing off
(andeh): >  &cd37and&r [rl] &cfff0&r/&cfff100&r ssg &caaa
(andeh): >&cfffand &caaa[&c666rl&caaa] took&r &cf31rl&cfff
[1] minute remaining
Team [=s=] leads by 90 frags
(goblin): >  &ca33gob&r [rl] &cfff0&r/&cfff100&r sg &caaa
(mOlle): >  &c59cmol&r [door] &c991y&cfff&cfff118&r/&cf6648&r &cf31rl&cfff &caaaneed hth
(lethalwiz): >&c599lwz:&cfff &cf00lost&cfff [quad] 1
(lethalwiz): >&c599lwz:&cfff &cf00lost&cfff [quad] 1
[30] seconds
]/demo_setspeed 100
(nas.........axe): >&cf00  nas lost [quad-stairs] 2
[15] seconds
[10] seconds
[9] seconds
[8] seconds
[7] seconds
[6] seconds
[5] seconds
[4] seconds
[3] seconds
[2] seconds
(lethalwiz): >&c599lwz:&cfff &cf00enemy&cfff at [gl]
[1] second
The match is over
trigger "onmatchover" has no matching alias

____________________
:
___________________Frags (rank) friendkills . efficiency
Team [=s=]:
__________
_ andeh:
  86 (39) 6 64.7%
Wp: rl82.3% gl10.0% sg51.1% ssg42.9%
RL skill: ad:83.6 dh:27
Armr&mhs: ga:4 ya:12 ra:0 mh:7
Powerups: Q:2 P:0 R:0
      RL: Took:9 Killed:8 Dropped:1
  Damage: Tkn:7194 Gvn:11007 EWep:1382 Tm:635 Self:431 ToDie:153
    Time: Quad:60
 Streaks: Frags:22 QuadRun:5
  SpawnFrags: 11
__________
_ mOlle:
  85 (32) 1 61.6%
Wp: rl75.3% gl44.4% sg46.1% ssg56.2%
RL skill: ad:94.5 dh:17
Armr&mhs: ga:1 ya:12 ra:0 mh:2
Powerups: Q:4 P:0 R:0
      RL: Took:7 Killed:8 Dropped:2
  Damage: Tkn:7578 Gvn:10926 EWep:1578 Tm:191 Self:408 ToDie:142
    Time: Quad:88
 Streaks: Frags:28 QuadRun:6
  SpawnFrags: 11
__________
_ goblin:
  33 (-34) 5 33.0%
Wp: rl74.1% gl22.9% sg36.4% ssg42.3%
RL skill: ad:93.9 dh:3
Armr&mhs: ga:6 ya:6 ra:0 mh:3
Powerups: Q:3 P:0 R:0
      RL: Took:5 Killed:3 Dropped:3 Xfer:1
  Damage: Tkn:8279 Gvn:6927 EWep:870 Tm:715 Self:387 ToDie:123
    Time: Quad:54
 Streaks: Frags:8 QuadRun:2
  SpawnFrags: 2
__________
_ lethalwiz:
  76 (17) 6 56.3%
Wp: rl71.0% gl44.0% sg45.3% ssg26.8%
RL skill: ad:92.9 dh:17
Armr&mhs: ga:7 ya:11 ra:0 mh:2
Powerups: Q:4 P:0 R:0
      RL: Took:9 Killed:7 Dropped:6 Xfer:1
  Damage: Tkn:8600 Gvn:10976 EWep:1663 Tm:497 Self:854 ToDie:145
    Time: Quad:68
 Streaks: Frags:14 QuadRun:7
  SpawnFrags: 5

Team [oeks]:
__________
_ nas.........axe:
  51 (-18) 2 42.5%
Wp: rl81.1% gl30.4% sg40.7% ssg57.1%
RL skill: ad:83.7 dh:8
Armr&mhs: ga:7 ya:3 ra:0 mh:3
Powerups: Q:1 P:0 R:0
      RL: Took:5 Killed:4 Dropped:4 Xfer:3
  Damage: Tkn:8789 Gvn:7432 EWep:1304 Tm:374 Self:257 ToDie:127
    Time: Quad:27
 Streaks: Frags:9 QuadRun:2
  SpawnFrags: 3
__________
_ tim.........axe:
  52 (-56) 6 32.5%
Wp: rl80.9% gl58.3% sg48.6% ssg25.7%
RL skill: ad:75.6 dh:5
Armr&mhs: ga:4 ya:6 ra:0 mh:4
Powerups: Q:1 P:0 R:0
      RL: Took:7 Killed:8 Dropped:5 Xfer:2
  Damage: Tkn:12797 Gvn:9797 EWep:3133 Tm:324 Self:118 ToDie:118
    Time: Quad:30
 Streaks: Frags:9 QuadRun:7
  SpawnFrags: 0
__________
_ pre.........axe:
  49 (-8) 3 46.2%
Wp: rl70.3% gl40.0% sg33.3% ssg28.1%
RL skill: ad:81.4 dh:11
Armr&mhs: ga:5 ya:4 ra:0 mh:6
Powerups: Q:2 P:0 R:0
      RL: Took:13 Killed:6 Dropped:5 Xfer:2
  Damage: Tkn:7808 Gvn:7808 EWep:1409 Tm:422 Self:477 ToDie:136
    Time: Quad:32
 Streaks: Frags:9 QuadRun:3
  SpawnFrags: 3
__________
_ trl.........axe:
  31 (-58) 3 25.8%
Wp: rl63.2% gl33.3% sg28.4% ssg35.7%
RL skill: ad:77.2 dh:4
Armr&mhs: ga:12 ya:0 ra:0 mh:3
Powerups: Q:3 P:0 R:0
      RL: Took:8 Killed:4 Dropped:4
  Damage: Tkn:10442 Gvn:6614 EWep:1729 Tm:438 Self:283 ToDie:117
    Time: Quad:37
 Streaks: Frags:7 QuadRun:2
  SpawnFrags: 3

___________________[=s=] vs [oeks] match statistics:
___________________
weapons, powerups, armors&mhs, damage
___________________[=s=]: Wp: rl64 gl19 sg44% ssg44%
Powerups: Q:13 P:0 R:0
Armr&mhs: ga:18 ya:41 ra:0 mh:14
      RL: Took:30 Killed:26 Dropped:12 Xfer:2
  Damage: Tkn:31651 Gvn:39836 EWep:5493 Tm:2038
    Time: Quad:271
[oeks]: Wp: rl28 gl12 sg38% ssg39%
Powerups: Q:7 P:0 R:0
Armr&mhs: ga:28 ya:13 ra:0 mh:16
      RL: Took:33 Killed:22 Dropped:18 Xfer:7
  Damage: Tkn:39836 Gvn:31651 EWep:7575 Tm:1558
    Time: Quad:127
___________________[e1m2] top scorers:
______________________________________
      Frags: andeh [86]
     Deaths: tim.........axe [108]
Friendkills: andeh [6]
             lethalwiz [6]
             tim.........axe [6]
 Efficiency: andeh [64.7%]
 FragStreak: mOlle [28]
    QuadRun: lethalwiz [7]
             tim.........axe [7]
  RL Killer: andeh [8]
             mOlle [8]
             tim.........axe [8]
Boomsticker: andeh [51.1%]
   Survivor: andeh [153]
Annihilator: andeh [11007]

______________________________________

____________________
: Team scores
___________________[=s=]: 280 . 60.5%
[oeks]: 183 . 39.5%
___________________Statistics stored (matchtag not recognised)
nas.........axe: gg
trl.........axe: gg
]/quit 
Shutting down SDL audio.
